Loading plugins phase: Elapsed time ==> 0s.662ms
<CYPRESSTAG name="CyDsfit arguments...">
cydsfit arguments: -.fdsnotice -.fdswarpdepfile=warp_dependencies.txt -.fdselabdepfile=elab_dependencies.txt -.fdsbldfile=generated_files.txt -.fdsreffile=referenced_files.txt -p D:\Users\jagumiel\Documents\PSoC Creator\PSoC-101\PSoC-101\Lesson11.cydsn\Lesson11.cyprj -d CY8C4245AXI-483 -s D:\Users\jagumiel\Documents\PSoC Creator\PSoC-101\PSoC-101\Lesson11.cydsn\Generated_Source\PSoC4 -- -yv2 -q10 -ygs -o2 -v3 -.fftcfgtype=LE
</CYPRESSTAG>
<CYPRESSTAG name="Design elaboration results...">
</CYPRESSTAG>
Elaboration phase: Elapsed time ==> 1s.776ms
<CYPRESSTAG name="HDL generation results...">
</CYPRESSTAG>
HDL generation phase: Elapsed time ==> 0s.054ms
<CYPRESSTAG name="Synthesis results...">

     | | | | | | |
   _________________
  -|               |-
  -|               |-
  -|               |-
  -|    CYPRESS    |-
  -|               |-
  -|               |-   Warp Verilog Synthesis Compiler: Version 6.3 IR 41
  -|               |-   Copyright (C) 1991-2001 Cypress Semiconductor
   |_______________|
     | | | | | | |

======================================================================
Compiling:  Lesson11.v
Program  :   C:\Program Files (x86)\Cypress\PSoC Creator\4.2\PSoC Creator\warp\bin\warp.exe
Options  :    -yv2 -q10 -ygs -o2 -v3 -.fftcfgtype=LE -ya -.fftprj=D:\Users\jagumiel\Documents\PSoC Creator\PSoC-101\PSoC-101\Lesson11.cydsn\Lesson11.cyprj -dcpsoc3 Lesson11.v -verilog
======================================================================

======================================================================
Compiling:  Lesson11.v
Program  :   C:\Program Files (x86)\Cypress\PSoC Creator\4.2\PSoC Creator\warp\bin\warp.exe
Options  :    -yv2 -q10 -ygs -o2 -v3 -.fftcfgtype=LE -ya -.fftprj=D:\Users\jagumiel\Documents\PSoC Creator\PSoC-101\PSoC-101\Lesson11.cydsn\Lesson11.cyprj -dcpsoc3 Lesson11.v -verilog
======================================================================

======================================================================
Compiling:  Lesson11.v
Program  :   vlogfe
Options  :    -yv2 -q10 -ygs -o2 -v3 -.fftcfgtype=LE -ya -.fftprj=D:\Users\jagumiel\Documents\PSoC Creator\PSoC-101\PSoC-101\Lesson11.cydsn\Lesson11.cyprj -dcpsoc3 -verilog Lesson11.v
======================================================================

vlogfe V6.3 IR 41:  Verilog parser
Mon Jul 06 12:06:26 2020


======================================================================
Compiling:  Lesson11.v
Program  :   vpp
Options  :    -yv2 -q10 Lesson11.v
======================================================================

vpp V6.3 IR 41:  Verilog Pre-Processor
Mon Jul 06 12:06:26 2020

Flattening file 'C:\Program Files (x86)\Cypress\PSoC Creator\4.2\PSoC Creator\psoc\content\CyPrimitives\cyprimitives.cylib\cy_virtualmux_v1_0\cy_virtualmux_v1_0.v'
Flattening file 'C:\Program Files (x86)\Cypress\PSoC Creator\4.2\PSoC Creator\psoc\content\CyPrimitives\cyprimitives.cylib\ZeroTerminal\ZeroTerminal.v'
Flattening file 'C:\Program Files (x86)\Cypress\PSoC Creator\4.2\PSoC Creator\psoc\content\CyPrimitives\cyprimitives.cylib\or_v1_0\or_v1_0.v'

vpp:  No errors.

Library 'work' => directory 'lcpsoc3'
General_symbol_table
General_symbol_table
Linking 'C:\Program Files (x86)\Cypress\PSoC Creator\4.2\PSoC Creator\warp\lib\common\std.vhd'.
Linking 'C:\Program Files (x86)\Cypress\PSoC Creator\4.2\PSoC Creator\warp\lib\common\cypress.vhd'.
Linking 'C:\Program Files (x86)\Cypress\PSoC Creator\4.2\PSoC Creator\warp\lib\common\work\cypress.vif'.
Linking 'C:\Program Files (x86)\Cypress\PSoC Creator\4.2\PSoC Creator\warp\lib\ieee\work\stdlogic.vif'.
Linking 'C:\Program Files (x86)\Cypress\PSoC Creator\4.2\PSoC Creator\warp\lib\common\stdlogic\lpmpkg.vif'.
Linking 'C:\Program Files (x86)\Cypress\PSoC Creator\4.2\PSoC Creator\warp\lib\common\stdlogic\rtlpkg.vif'.
Linking 'C:\Program Files (x86)\Cypress\PSoC Creator\4.2\PSoC Creator\warp\lib\common\stdlogic\mod_cnst.vif'.
Linking 'C:\Program Files (x86)\Cypress\PSoC Creator\4.2\PSoC Creator\warp\lib\common\stdlogic\mod_mthv.vif'.
Linking 'C:\Program Files (x86)\Cypress\PSoC Creator\4.2\PSoC Creator\warp\lib\common\stdlogic\mod_genv.vif'.
Using control file 'Lesson11.ctl'.

vlogfe:  No errors.


======================================================================
Compiling:  Lesson11.v
Program  :   tovif
Options  :    -yv2 -q10 -ygs -o2 -v3 -.fftcfgtype=LE -ya -.fftprj=D:\Users\jagumiel\Documents\PSoC Creator\PSoC-101\PSoC-101\Lesson11.cydsn\Lesson11.cyprj -dcpsoc3 -verilog Lesson11.v
======================================================================

tovif V6.3 IR 41:  High-level synthesis
Mon Jul 06 12:06:26 2020

Linking 'C:\Program Files (x86)\Cypress\PSoC Creator\4.2\PSoC Creator\warp\lib\common\std.vhd'.
Linking 'C:\Program Files (x86)\Cypress\PSoC Creator\4.2\PSoC Creator\warp\lib\common\cypress.vhd'.
Linking 'C:\Program Files (x86)\Cypress\PSoC Creator\4.2\PSoC Creator\warp\lib\common\work\cypress.vif'.
Linking 'C:\Program Files (x86)\Cypress\PSoC Creator\4.2\PSoC Creator\warp\lib\ieee\work\stdlogic.vif'.
Linking 'C:\Program Files (x86)\Cypress\PSoC Creator\4.2\PSoC Creator\warp\lib\common\stdlogic\lpmpkg.vif'.
Linking 'C:\Program Files (x86)\Cypress\PSoC Creator\4.2\PSoC Creator\warp\lib\common\stdlogic\rtlpkg.vif'.
Linking 'C:\Program Files (x86)\Cypress\PSoC Creator\4.2\PSoC Creator\warp\lib\common\stdlogic\mod_cnst.vif'.
Linking 'C:\Program Files (x86)\Cypress\PSoC Creator\4.2\PSoC Creator\warp\lib\common\stdlogic\mod_mthv.vif'.
Linking 'C:\Program Files (x86)\Cypress\PSoC Creator\4.2\PSoC Creator\warp\lib\common\stdlogic\mod_genv.vif'.
Linking 'D:\Users\jagumiel\Documents\PSoC Creator\PSoC-101\PSoC-101\Lesson11.cydsn\codegentemp\Lesson11.ctl'.
Linking 'C:\Program Files (x86)\Cypress\PSoC Creator\4.2\PSoC Creator\psoc\content\CyPrimitives\cyprimitives.cylib\cy_virtualmux_v1_0\cy_virtualmux_v1_0.v'.
Linking 'D:\Users\jagumiel\Documents\PSoC Creator\PSoC-101\PSoC-101\Lesson11.cydsn\codegentemp\Lesson11.v'.
Linking 'C:\Program Files (x86)\Cypress\PSoC Creator\4.2\PSoC Creator\psoc\content\CyPrimitives\cyprimitives.cylib\ZeroTerminal\ZeroTerminal.v'.
Linking 'C:\Program Files (x86)\Cypress\PSoC Creator\4.2\PSoC Creator\psoc\content\CyPrimitives\cyprimitives.cylib\or_v1_0\or_v1_0.v'.

tovif:  No errors.


======================================================================
Compiling:  Lesson11.v
Program  :   topld
Options  :    -yv2 -q10 -ygs -o2 -v3 -.fftcfgtype=LE -ya -.fftprj=D:\Users\jagumiel\Documents\PSoC Creator\PSoC-101\PSoC-101\Lesson11.cydsn\Lesson11.cyprj -dcpsoc3 -verilog Lesson11.v
======================================================================

topld V6.3 IR 41:  Synthesis and optimization
Mon Jul 06 12:06:27 2020

Linking 'C:\Program Files (x86)\Cypress\PSoC Creator\4.2\PSoC Creator\warp\lib\common\std.vhd'.
Linking 'C:\Program Files (x86)\Cypress\PSoC Creator\4.2\PSoC Creator\warp\lib\common\cypress.vhd'.
Linking 'C:\Program Files (x86)\Cypress\PSoC Creator\4.2\PSoC Creator\warp\lib\common\work\cypress.vif'.
Linking 'C:\Program Files (x86)\Cypress\PSoC Creator\4.2\PSoC Creator\warp\lib\ieee\work\stdlogic.vif'.
Linking 'C:\Program Files (x86)\Cypress\PSoC Creator\4.2\PSoC Creator\warp\lib\common\stdlogic\lpmpkg.vif'.
Linking 'C:\Program Files (x86)\Cypress\PSoC Creator\4.2\PSoC Creator\warp\lib\common\stdlogic\rtlpkg.vif'.
Linking 'C:\Program Files (x86)\Cypress\PSoC Creator\4.2\PSoC Creator\warp\lib\common\stdlogic\mod_cnst.vif'.
Linking 'C:\Program Files (x86)\Cypress\PSoC Creator\4.2\PSoC Creator\warp\lib\common\stdlogic\mod_mthv.vif'.
Linking 'C:\Program Files (x86)\Cypress\PSoC Creator\4.2\PSoC Creator\warp\lib\common\stdlogic\mod_genv.vif'.
Linking 'D:\Users\jagumiel\Documents\PSoC Creator\PSoC-101\PSoC-101\Lesson11.cydsn\codegentemp\Lesson11.ctl'.
Linking 'C:\Program Files (x86)\Cypress\PSoC Creator\4.2\PSoC Creator\psoc\content\CyPrimitives\cyprimitives.cylib\cy_virtualmux_v1_0\cy_virtualmux_v1_0.v'.
Linking 'D:\Users\jagumiel\Documents\PSoC Creator\PSoC-101\PSoC-101\Lesson11.cydsn\codegentemp\Lesson11.v'.
Linking 'C:\Program Files (x86)\Cypress\PSoC Creator\4.2\PSoC Creator\psoc\content\CyPrimitives\cyprimitives.cylib\ZeroTerminal\ZeroTerminal.v'.
Linking 'C:\Program Files (x86)\Cypress\PSoC Creator\4.2\PSoC Creator\psoc\content\CyPrimitives\cyprimitives.cylib\or_v1_0\or_v1_0.v'.
Linking 'C:\Program Files (x86)\Cypress\PSoC Creator\4.2\PSoC Creator\warp\lib\lcpsoc3\stdlogic\cpsoc3.vif'.

----------------------------------------------------------
Detecting unused logic.
----------------------------------------------------------
    User names
	\I2C:Net_1257\
	\I2C:uncfg_rx_irq\
	\I2C:Net_1099\
	\I2C:Net_1258\
	Net_174
	Net_183
	Net_184
	Net_185
	Net_186
	Net_187
	Net_188
	Net_189
	Net_191
	Net_194


Deleted 14 User equations/components.
Deleted 0 Synthesized equations/components.

------------------------------------------------------
Alias Detection
------------------------------------------------------
Aliasing one to tmpOE__Pin_Green_net_0
Aliasing tmpOE__Pin_Red_net_0 to tmpOE__Pin_Green_net_0
Aliasing tmpOE__Pin_Blue_net_0 to tmpOE__Pin_Green_net_0
Aliasing tmpOE__Pin_SW2_net_0 to tmpOE__Pin_Green_net_0
Aliasing \PWM:Net_75\ to zero
Aliasing \PWM:Net_69\ to tmpOE__Pin_Green_net_0
Aliasing \PWM:Net_66\ to zero
Aliasing \PWM:Net_82\ to zero
Aliasing \PWM:Net_72\ to zero
Aliasing \I2C:select_s_wire\ to zero
Aliasing \I2C:rx_wire\ to zero
Aliasing \I2C:sclk_s_wire\ to zero
Aliasing \I2C:mosi_s_wire\ to zero
Aliasing \I2C:miso_m_wire\ to zero
Aliasing \I2C:tmpOE__sda_net_0\ to tmpOE__Pin_Green_net_0
Aliasing \I2C:tmpOE__scl_net_0\ to tmpOE__Pin_Green_net_0
Aliasing \I2C:cts_wire\ to zero
Removing Lhs of wire one[7] = tmpOE__Pin_Green_net_0[1]
Removing Lhs of wire tmpOE__Pin_Red_net_0[10] = tmpOE__Pin_Green_net_0[1]
Removing Lhs of wire tmpOE__Pin_Blue_net_0[18] = tmpOE__Pin_Green_net_0[1]
Removing Lhs of wire tmpOE__Pin_SW2_net_0[40] = tmpOE__Pin_Green_net_0[1]
Removing Lhs of wire \PWM:Net_81\[52] = Net_150[50]
Removing Lhs of wire \PWM:Net_75\[53] = zero[2]
Removing Lhs of wire \PWM:Net_69\[54] = tmpOE__Pin_Green_net_0[1]
Removing Lhs of wire \PWM:Net_66\[55] = zero[2]
Removing Lhs of wire \PWM:Net_82\[56] = zero[2]
Removing Lhs of wire \PWM:Net_72\[57] = zero[2]
Removing Lhs of wire \I2C:select_s_wire\[65] = zero[2]
Removing Lhs of wire \I2C:rx_wire\[66] = zero[2]
Removing Lhs of wire \I2C:Net_1170\[69] = \I2C:Net_847\[64]
Removing Lhs of wire \I2C:sclk_s_wire\[70] = zero[2]
Removing Lhs of wire \I2C:mosi_s_wire\[71] = zero[2]
Removing Lhs of wire \I2C:miso_m_wire\[72] = zero[2]
Removing Lhs of wire \I2C:tmpOE__sda_net_0\[74] = tmpOE__Pin_Green_net_0[1]
Removing Lhs of wire \I2C:tmpOE__scl_net_0\[80] = tmpOE__Pin_Green_net_0[1]
Removing Lhs of wire \I2C:cts_wire\[89] = zero[2]

------------------------------------------------------
Aliased 0 equations, 19 wires.
------------------------------------------------------

----------------------------------------------------------
Circuit simplification
----------------------------------------------------------

Substituting virtuals - pass 1:


----------------------------------------------------------
Circuit simplification results:

	Expanded 0 signals.
	Turned 0 signals into soft nodes.
	Maximum default expansion cost was set at 3.
----------------------------------------------------------

topld:  No errors.

CYPRESS_DIR    : C:\Program Files (x86)\Cypress\PSoC Creator\4.2\PSoC Creator\warp
Warp Program   : C:\Program Files (x86)\Cypress\PSoC Creator\4.2\PSoC Creator\warp\bin\warp.exe
Warp Arguments : -yv2 -q10 -ygs -o2 -v3 -.fftcfgtype=LE -ya "-.fftprj=D:\Users\jagumiel\Documents\PSoC Creator\PSoC-101\PSoC-101\Lesson11.cydsn\Lesson11.cyprj" -dcpsoc3 Lesson11.v -verilog
</CYPRESSTAG>
Warp synthesis phase: Elapsed time ==> 1s.085ms
<CYPRESSTAG name="Fitter results...">
<CYPRESSTAG name="Fitter startup details...">
cyp3fit: V4.2.0.641, Family: PSoC3, Started at: Monday, 06 July 2020 12:06:27
Options: -yv2 -q10 -ygs -o2 -v3 -.fftcfgtype=LE -ya -.fftprj=D:\Users\jagumiel\Documents\PSoC Creator\PSoC-101\PSoC-101\Lesson11.cydsn\Lesson11.cyprj -d CY8C4245AXI-483 Lesson11.v -verilog
</CYPRESSTAG>
<CYPRESSTAG name="Design parsing">
Design parsing phase: Elapsed time ==> 0s.008ms
</CYPRESSTAG>
<CYPRESSTAG name="Tech Mapping">
<CYPRESSTAG name="Initial Mapping" icon="FILE_RPT_TECHM">

Removing unused cells resulting from optimization
Done removing unused cells.
<CYPRESSTAG name="Global Clock Selection" icon="FILE_RPT_TECHM">
    Fixed Function Clock 2: Automatic-assigning  clock 'I2C_SCBCLK'. Signal=\I2C:Net_847_ff2\
    Fixed Function Clock 8: Automatic-assigning  clock 'Clock_1'. Signal=Net_150_ff8
<CYPRESSTAG name="UDB Clock/Enable Remapping Results">
</CYPRESSTAG>
</CYPRESSTAG>

Removing unused cells resulting from optimization
Done removing unused cells.
<CYPRESSTAG name="Duplicate Macrocell detection">
</CYPRESSTAG>
</CYPRESSTAG>
<CYPRESSTAG name="Duplicate Macrocell detection">
</CYPRESSTAG>
<CYPRESSTAG name="Design Equations" icon="FILE_RPT_EQUATION">

------------------------------------------------------------
Design Equations
------------------------------------------------------------
    <CYPRESSTAG name="Pin listing">

    ------------------------------------------------------------
    Pin listing
    ------------------------------------------------------------

    Pin : Name = Pin_Green(0)
        Attributes:
            In Group/Port: True
            In Sync Option: AUTO
            Out Sync Option: NOSYNC
            Interrupt generated: False
            Interrupt mode: NONE
            Drive mode: CMOS_OUT
            VTrip: EITHER
            Slew: FAST
            Input Sync needed: False
            Output Sync needed: False
            SC shield enabled: False
            POR State: ANY
            LCD Mode: COMMON
            Register Mode: RegComb
            CaSense Mode: NEITHER
            Treat as pin: True
            Is OE Registered: False
            Uses Analog: False
            Can contain Digital: True
            Is SIO: False
            SIO Output Buf: NONREGULATED
            SIO Input Buf: SINGLE_ENDED
            SIO HiFreq: LOW
            SIO Hyst: DISABLED
            SIO Vtrip: MULTIPLIER_0_5
            SIO Multiplier Index: 0
            SIO RefSel: VCC_IO
            Required Capabilities: DIGITAL
            Initial Value: 1
            IO Voltage: 0
        PORT MAP (
            pa_out => Pin_Green(0)__PA ,
            annotation => Net_8 ,
            pad => Pin_Green(0)_PAD );
        Properties:
        {
        }

    Pin : Name = Pin_Red(0)
        Attributes:
            In Group/Port: True
            In Sync Option: AUTO
            Out Sync Option: NOSYNC
            Interrupt generated: False
            Interrupt mode: NONE
            Drive mode: CMOS_OUT
            VTrip: EITHER
            Slew: FAST
            Input Sync needed: False
            Output Sync needed: False
            SC shield enabled: False
            POR State: ANY
            LCD Mode: COMMON
            Register Mode: RegComb
            CaSense Mode: NEITHER
            Treat as pin: True
            Is OE Registered: False
            Uses Analog: False
            Can contain Digital: True
            Is SIO: False
            SIO Output Buf: NONREGULATED
            SIO Input Buf: SINGLE_ENDED
            SIO HiFreq: LOW
            SIO Hyst: DISABLED
            SIO Vtrip: MULTIPLIER_0_5
            SIO Multiplier Index: 0
            SIO RefSel: VCC_IO
            Required Capabilities: DIGITAL
            Initial Value: 1
            IO Voltage: 0
        PORT MAP (
            pa_out => Pin_Red(0)__PA ,
            pin_input => Net_152 ,
            annotation => Net_3 ,
            pad => Pin_Red(0)_PAD );
        Properties:
        {
        }

    Pin : Name = Pin_Blue(0)
        Attributes:
            In Group/Port: True
            In Sync Option: AUTO
            Out Sync Option: NOSYNC
            Interrupt generated: False
            Interrupt mode: NONE
            Drive mode: CMOS_OUT
            VTrip: EITHER
            Slew: FAST
            Input Sync needed: False
            Output Sync needed: False
            SC shield enabled: False
            POR State: ANY
            LCD Mode: COMMON
            Register Mode: RegComb
            CaSense Mode: NEITHER
            Treat as pin: True
            Is OE Registered: False
            Uses Analog: False
            Can contain Digital: True
            Is SIO: False
            SIO Output Buf: NONREGULATED
            SIO Input Buf: SINGLE_ENDED
            SIO HiFreq: LOW
            SIO Hyst: DISABLED
            SIO Vtrip: MULTIPLIER_0_5
            SIO Multiplier Index: 0
            SIO RefSel: VCC_IO
            Required Capabilities: DIGITAL
            Initial Value: 1
            IO Voltage: 0
        PORT MAP (
            pa_out => Pin_Blue(0)__PA ,
            annotation => Net_9 ,
            pad => Pin_Blue(0)_PAD );
        Properties:
        {
        }

    Pin : Name = Pin_SW2(0)
        Attributes:
            In Group/Port: True
            In Sync Option: SYNC
            Out Sync Option: AUTO
            Interrupt generated: False
            Interrupt mode: NONE
            Drive mode: RES_PULL_UP
            VTrip: CMOS
            Slew: FAST
            Input Sync needed: True
            Output Sync needed: False
            SC shield enabled: False
            POR State: ANY
            LCD Mode: COMMON
            Register Mode: RegComb
            CaSense Mode: NEITHER
            Treat as pin: True
            Is OE Registered: False
            Uses Analog: False
            Can contain Digital: True
            Is SIO: False
            SIO Output Buf: NONREGULATED
            SIO Input Buf: SINGLE_ENDED
            SIO HiFreq: LOW
            SIO Hyst: DISABLED
            SIO Vtrip: MULTIPLIER_0_5
            SIO Multiplier Index: 0
            SIO RefSel: VCC_IO
            Required Capabilities: DIGITAL, ROUTABLE
            Initial Value: 1
            IO Voltage: 0
        PORT MAP (
            pa_out => Pin_SW2(0)__PA ,
            annotation => Net_26 ,
            pad => Pin_SW2(0)_PAD );
        Properties:
        {
        }

    Pin : Name = \I2C:sda(0)\
        Attributes:
            In Group/Port: True
            In Sync Option: NOSYNC
            Out Sync Option: NOSYNC
            Interrupt generated: False
            Interrupt mode: NONE
            Drive mode: OPEN_DRAIN_LO
            VTrip: CMOS
            Slew: FAST
            Input Sync needed: False
            Output Sync needed: False
            SC shield enabled: False
            POR State: ANY
            LCD Mode: COMMON
            Register Mode: RegComb
            CaSense Mode: NEITHER
            Treat as pin: True
            Is OE Registered: False
            Uses Analog: False
            Can contain Digital: True
            Is SIO: False
            SIO Output Buf: NONREGULATED
            SIO Input Buf: SINGLE_ENDED
            SIO HiFreq: LOW
            SIO Hyst: DISABLED
            SIO Vtrip: MULTIPLIER_0_5
            SIO Multiplier Index: 0
            SIO RefSel: VCC_IO
            Required Capabilities: DIGITAL
            Initial Value: 1
            IO Voltage: 0
        PORT MAP (
            pa_out => \I2C:sda(0)\__PA ,
            fb => Net_193 ,
            pad => \I2C:sda(0)_PAD\ );
        Properties:
        {
        }

    Pin : Name = \I2C:scl(0)\
        Attributes:
            In Group/Port: True
            In Sync Option: NOSYNC
            Out Sync Option: NOSYNC
            Interrupt generated: False
            Interrupt mode: NONE
            Drive mode: OPEN_DRAIN_LO
            VTrip: CMOS
            Slew: FAST
            Input Sync needed: False
            Output Sync needed: False
            SC shield enabled: False
            POR State: ANY
            LCD Mode: COMMON
            Register Mode: RegComb
            CaSense Mode: NEITHER
            Treat as pin: True
            Is OE Registered: False
            Uses Analog: False
            Can contain Digital: True
            Is SIO: False
            SIO Output Buf: NONREGULATED
            SIO Input Buf: SINGLE_ENDED
            SIO HiFreq: LOW
            SIO Hyst: DISABLED
            SIO Vtrip: MULTIPLIER_0_5
            SIO Multiplier Index: 0
            SIO RefSel: VCC_IO
            Required Capabilities: DIGITAL
            Initial Value: 1
            IO Voltage: 0
        PORT MAP (
            pa_out => \I2C:scl(0)\__PA ,
            fb => Net_192 ,
            pad => \I2C:scl(0)_PAD\ );
        Properties:
        {
        }
    </CYPRESSTAG>
    <CYPRESSTAG name="Macrocell listing" icon="FILE_RPT_EQUATION">
    </CYPRESSTAG>
    <CYPRESSTAG name="Datapath listing">
    </CYPRESSTAG>
    <CYPRESSTAG name="Status register listing">
    </CYPRESSTAG>
    <CYPRESSTAG name="StatusI register listing">
    </CYPRESSTAG>
    <CYPRESSTAG name="Sync listing">
    </CYPRESSTAG>
    <CYPRESSTAG name="Control register listing">
    </CYPRESSTAG>
    <CYPRESSTAG name="Count7 listing">
    </CYPRESSTAG>
    <CYPRESSTAG name="DRQ listing">
    </CYPRESSTAG>
    <CYPRESSTAG name="Interrupt listing">

    ------------------------------------------------------------
    Interrupt listing
    ------------------------------------------------------------

    interrupt: Name =\I2C:SCB_IRQ\
        PORT MAP (
            interrupt => Net_175 );
        Properties:
        {
            int_type = "10"
            is_nmi = 0
        }
    </CYPRESSTAG>
</CYPRESSTAG>
<CYPRESSTAG name="Technology mapping summary" expanded>

------------------------------------------------------------
Technology mapping summary
------------------------------------------------------------

Resource Type                 : Used : Free :  Max :  % Used
============================================================
Digital Clocks                :    0 :    4 :    4 :  0.00 %
Interrupts                    :    1 :   31 :   32 :  3.13 %
IO                            :    8 :   28 :   36 : 22.22 %
Segment LCD                   :    0 :    1 :    1 :  0.00 %
CapSense                      :    0 :    1 :    1 :  0.00 %
Die Temp                      :    0 :    1 :    1 :  0.00 %
Serial Communication (SCB)    :    1 :    1 :    2 : 50.00 %
Timer/Counter/PWM             :    1 :    3 :    4 : 25.00 %
UDB                           :      :      :      :        
  Macrocells                  :    0 :   32 :   32 :  0.00 %
  Unique P-terms              :    0 :   64 :   64 :  0.00 %
  Total P-terms               :    0 :      :      :        
  Datapath Cells              :    0 :    4 :    4 :  0.00 %
  Status Cells                :    0 :    4 :    4 :  0.00 %
  Control Cells               :    0 :    4 :    4 :  0.00 %
Comparator/Opamp              :    0 :    2 :    2 :  0.00 %
LP Comparator                 :    0 :    2 :    2 :  0.00 %
SAR ADC                       :    0 :    1 :    1 :  0.00 %
DAC                           :      :      :      :        
  7-bit IDAC                  :    0 :    1 :    1 :  0.00 %
  8-bit IDAC                  :    0 :    1 :    1 :  0.00 %
</CYPRESSTAG>
Technology Mapping: Elapsed time ==> 0s.014ms
Tech Mapping phase: Elapsed time ==> 0s.040ms
</CYPRESSTAG>
<CYPRESSTAG name="Analog Placement">
<CYPRESSTAG name="FFB & IO Pre Placement">
<CYPRESSTAG name="Placement" icon="FILE_RPT_PLACEMENT">

Cell                                : Block                              
=========================================================================
Pin_Green(0)                        : [IOP=(0)][IoId=(2)]                
Pin_Red(0)                          : [IOP=(1)][IoId=(6)]                
Pin_Blue(0)                         : [IOP=(0)][IoId=(3)]                
Pin_SW2(0)                          : [IOP=(0)][IoId=(7)]                
\I2C:sda(0)\                        : [IOP=(3)][IoId=(1)]                
\I2C:scl(0)\                        : [IOP=(3)][IoId=(0)]                
ClockGenBlock                       : CLK_GEN_[FFB(CLK_GEN,0)]           
\I2C:SCB\                           : SCB_[FFB(SCB,1)]                   
\PWM:cy_m0s8_tcpwm_1\               : TCPWM_[FFB(TCPWM,0)]               

</CYPRESSTAG>
</CYPRESSTAG>
<CYPRESSTAG name="Real Analog Placement">
Elapsed time ==> 0.1186683s
</CYPRESSTAG>
Analog Placement phase: Elapsed time ==> 0s.265ms
</CYPRESSTAG>
<CYPRESSTAG name="Analog Routing">
<CYPRESSTAG name="Analog Routing">
Route success=True, Iterations=1 Elapsed=0.0006893 secs
</CYPRESSTAG>
Analog Routing phase: Elapsed time ==> 0s.001ms
</CYPRESSTAG>
<CYPRESSTAG name="Analog Code Generation">
============ Analog Final Answer Routes ============
Dump of CyAnalogRoutingResultsDB
Map of net to items {
}
Map of item to net {
}
Mux Info {
}
Analog Code Generation phase: Elapsed time ==> 0s.027ms
</CYPRESSTAG>
<CYPRESSTAG name="Digital Placement">
<CYPRESSTAG name="Detailed placement messages">
I2659: No Constrained paths were found. The placer will run in non-timing driven mode.
I2076: Total run-time: 0.3 sec.

</CYPRESSTAG>
<CYPRESSTAG name="PLD Packing">
<CYPRESSTAG name="PLD Packing Summary">
No PLDs were packed.
</CYPRESSTAG>
PLD Packing: Elapsed time ==> 0s.000ms
</CYPRESSTAG>
<CYPRESSTAG name="Partitioning">
<CYPRESSTAG name="Initial Partitioning Summary">
Initial Partitioning Summary not displayed at this verbose level.</CYPRESSTAG>
<CYPRESSTAG name="Final Partitioning Summary">
Final Partitioning Summary not displayed at this verbose level.</CYPRESSTAG>
Partitioning: Elapsed time ==> 0s.007ms
</CYPRESSTAG>
<CYPRESSTAG name="Final Placement Summary">

------------------------------------------------------------
Final Placement Summary
------------------------------------------------------------

       Resource Type :      Count : Avg Inputs : Avg Outputs
    ========================================================
                 UDB :          0 :       0.00 :       0.00
<CYPRESSTAG name="Final Placement Details">
<CYPRESSTAG name="Component Details">

------------------------------------------------------------
Component Placement Details
------------------------------------------------------------
UDB [UDB=(0,0)] is empty.
UDB [UDB=(0,1)] is empty.
UDB [UDB=(1,0)] is empty.
UDB [UDB=(1,1)] is empty.
Intr container @ [IntrContainer=(0)]: 
  Intr@ [IntrContainer=(0)][IntrId=(11)] 
    interrupt: Name =\I2C:SCB_IRQ\
        PORT MAP (
            interrupt => Net_175 );
        Properties:
        {
            int_type = "10"
            is_nmi = 0
        }
Port 0 contains the following IO cells:
[IoId=2]: 
Pin : Name = Pin_Green(0)
    Attributes:
        In Group/Port: True
        In Sync Option: AUTO
        Out Sync Option: NOSYNC
        Interrupt generated: False
        Interrupt mode: NONE
        Drive mode: CMOS_OUT
        VTrip: EITHER
        Slew: FAST
        Input Sync needed: False
        Output Sync needed: False
        SC shield enabled: False
        POR State: ANY
        LCD Mode: COMMON
        Register Mode: RegComb
        CaSense Mode: NEITHER
        Treat as pin: True
        Is OE Registered: False
        Uses Analog: False
        Can contain Digital: True
        Is SIO: False
        SIO Output Buf: NONREGULATED
        SIO Input Buf: SINGLE_ENDED
        SIO HiFreq: LOW
        SIO Hyst: DISABLED
        SIO Vtrip: MULTIPLIER_0_5
        SIO Multiplier Index: 0
        SIO RefSel: VCC_IO
        Required Capabilities: DIGITAL
        Initial Value: 1
        IO Voltage: 0
    PORT MAP (
        pa_out => Pin_Green(0)__PA ,
        annotation => Net_8 ,
        pad => Pin_Green(0)_PAD );
    Properties:
    {
    }

[IoId=3]: 
Pin : Name = Pin_Blue(0)
    Attributes:
        In Group/Port: True
        In Sync Option: AUTO
        Out Sync Option: NOSYNC
        Interrupt generated: False
        Interrupt mode: NONE
        Drive mode: CMOS_OUT
        VTrip: EITHER
        Slew: FAST
        Input Sync needed: False
        Output Sync needed: False
        SC shield enabled: False
        POR State: ANY
        LCD Mode: COMMON
        Register Mode: RegComb
        CaSense Mode: NEITHER
        Treat as pin: True
        Is OE Registered: False
        Uses Analog: False
        Can contain Digital: True
        Is SIO: False
        SIO Output Buf: NONREGULATED
        SIO Input Buf: SINGLE_ENDED
        SIO HiFreq: LOW
        SIO Hyst: DISABLED
        SIO Vtrip: MULTIPLIER_0_5
        SIO Multiplier Index: 0
        SIO RefSel: VCC_IO
        Required Capabilities: DIGITAL
        Initial Value: 1
        IO Voltage: 0
    PORT MAP (
        pa_out => Pin_Blue(0)__PA ,
        annotation => Net_9 ,
        pad => Pin_Blue(0)_PAD );
    Properties:
    {
    }

[IoId=7]: 
Pin : Name = Pin_SW2(0)
    Attributes:
        In Group/Port: True
        In Sync Option: SYNC
        Out Sync Option: AUTO
        Interrupt generated: False
        Interrupt mode: NONE
        Drive mode: RES_PULL_UP
        VTrip: CMOS
        Slew: FAST
        Input Sync needed: True
        Output Sync needed: False
        SC shield enabled: False
        POR State: ANY
        LCD Mode: COMMON
        Register Mode: RegComb
        CaSense Mode: NEITHER
        Treat as pin: True
        Is OE Registered: False
        Uses Analog: False
        Can contain Digital: True
        Is SIO: False
        SIO Output Buf: NONREGULATED
        SIO Input Buf: SINGLE_ENDED
        SIO HiFreq: LOW
        SIO Hyst: DISABLED
        SIO Vtrip: MULTIPLIER_0_5
        SIO Multiplier Index: 0
        SIO RefSel: VCC_IO
        Required Capabilities: DIGITAL, ROUTABLE
        Initial Value: 1
        IO Voltage: 0
    PORT MAP (
        pa_out => Pin_SW2(0)__PA ,
        annotation => Net_26 ,
        pad => Pin_SW2(0)_PAD );
    Properties:
    {
    }

Port 1 contains the following IO cells:
[IoId=6]: 
Pin : Name = Pin_Red(0)
    Attributes:
        In Group/Port: True
        In Sync Option: AUTO
        Out Sync Option: NOSYNC
        Interrupt generated: False
        Interrupt mode: NONE
        Drive mode: CMOS_OUT
        VTrip: EITHER
        Slew: FAST
        Input Sync needed: False
        Output Sync needed: False
        SC shield enabled: False
        POR State: ANY
        LCD Mode: COMMON
        Register Mode: RegComb
        CaSense Mode: NEITHER
        Treat as pin: True
        Is OE Registered: False
        Uses Analog: False
        Can contain Digital: True
        Is SIO: False
        SIO Output Buf: NONREGULATED
        SIO Input Buf: SINGLE_ENDED
        SIO HiFreq: LOW
        SIO Hyst: DISABLED
        SIO Vtrip: MULTIPLIER_0_5
        SIO Multiplier Index: 0
        SIO RefSel: VCC_IO
        Required Capabilities: DIGITAL
        Initial Value: 1
        IO Voltage: 0
    PORT MAP (
        pa_out => Pin_Red(0)__PA ,
        pin_input => Net_152 ,
        annotation => Net_3 ,
        pad => Pin_Red(0)_PAD );
    Properties:
    {
    }

Port 2 contains the following IO cells:
Port 3 contains the following IO cells:
[IoId=0]: 
Pin : Name = \I2C:scl(0)\
    Attributes:
        In Group/Port: True
        In Sync Option: NOSYNC
        Out Sync Option: NOSYNC
        Interrupt generated: False
        Interrupt mode: NONE
        Drive mode: OPEN_DRAIN_LO
        VTrip: CMOS
        Slew: FAST
        Input Sync needed: False
        Output Sync needed: False
        SC shield enabled: False
        POR State: ANY
        LCD Mode: COMMON
        Register Mode: RegComb
        CaSense Mode: NEITHER
        Treat as pin: True
        Is OE Registered: False
        Uses Analog: False
        Can contain Digital: True
        Is SIO: False
        SIO Output Buf: NONREGULATED
        SIO Input Buf: SINGLE_ENDED
        SIO HiFreq: LOW
        SIO Hyst: DISABLED
        SIO Vtrip: MULTIPLIER_0_5
        SIO Multiplier Index: 0
        SIO RefSel: VCC_IO
        Required Capabilities: DIGITAL
        Initial Value: 1
        IO Voltage: 0
    PORT MAP (
        pa_out => \I2C:scl(0)\__PA ,
        fb => Net_192 ,
        pad => \I2C:scl(0)_PAD\ );
    Properties:
    {
    }

[IoId=1]: 
Pin : Name = \I2C:sda(0)\
    Attributes:
        In Group/Port: True
        In Sync Option: NOSYNC
        Out Sync Option: NOSYNC
        Interrupt generated: False
        Interrupt mode: NONE
        Drive mode: OPEN_DRAIN_LO
        VTrip: CMOS
        Slew: FAST
        Input Sync needed: False
        Output Sync needed: False
        SC shield enabled: False
        POR State: ANY
        LCD Mode: COMMON
        Register Mode: RegComb
        CaSense Mode: NEITHER
        Treat as pin: True
        Is OE Registered: False
        Uses Analog: False
        Can contain Digital: True
        Is SIO: False
        SIO Output Buf: NONREGULATED
        SIO Input Buf: SINGLE_ENDED
        SIO HiFreq: LOW
        SIO Hyst: DISABLED
        SIO Vtrip: MULTIPLIER_0_5
        SIO Multiplier Index: 0
        SIO RefSel: VCC_IO
        Required Capabilities: DIGITAL
        Initial Value: 1
        IO Voltage: 0
    PORT MAP (
        pa_out => \I2C:sda(0)\__PA ,
        fb => Net_193 ,
        pad => \I2C:sda(0)_PAD\ );
    Properties:
    {
    }

Port 4 contains the following IO cells:
ARM group 0: empty
Clock group 0: 
    Clock Block @ F(Clock,0): 
    m0s8clockblockcell: Name =ClockBlock
        PORT MAP (
            hfclk => ClockBlock_HFClk ,
            imo => ClockBlock_IMO ,
            ext => ClockBlock_ExtClk ,
            sysclk => ClockBlock_SysClk ,
            ilo => ClockBlock_ILO ,
            lfclk => ClockBlock_LFClk ,
            dsi_in_0 => ClockBlock_Routed1 ,
            ff_div_2 => \I2C:Net_847_ff2\ ,
            ff_div_8 => Net_150_ff8 );
        Properties:
        {
        }
LCD group 0: empty
PICU group 0: empty
LPCOMP group 0: empty
SCB group 0: 
    SCB Block @ F(SCB,1): 
    m0s8scbcell: Name =\I2C:SCB\
        PORT MAP (
            clock => \I2C:Net_847_ff2\ ,
            interrupt => Net_175 ,
            uart_tx => \I2C:tx_wire\ ,
            uart_rts => \I2C:rts_wire\ ,
            mosi_m => \I2C:mosi_m_wire\ ,
            select_m_3 => \I2C:select_m_wire_3\ ,
            select_m_2 => \I2C:select_m_wire_2\ ,
            select_m_1 => \I2C:select_m_wire_1\ ,
            select_m_0 => \I2C:select_m_wire_0\ ,
            sclk_m => \I2C:sclk_m_wire\ ,
            miso_s => \I2C:miso_s_wire\ ,
            i2c_scl => Net_192 ,
            i2c_sda => Net_193 ,
            tr_tx_req => Net_178 ,
            tr_rx_req => Net_177 );
        Properties:
        {
            cy_registers = ""
            scb_mode = 0
        }
CSD group 0: empty
CSIDAC8 group 0: empty
CSIDAC7 group 0: empty
TCPWM group 0: 
    Tcpwm Block @ F(TCPWM,0): 
    m0s8tcpwmcell: Name =\PWM:cy_m0s8_tcpwm_1\
        PORT MAP (
            clock => Net_150_ff8 ,
            capture => zero ,
            count => tmpOE__Pin_Green_net_0 ,
            reload => zero ,
            stop => zero ,
            start => zero ,
            tr_underflow => Net_154 ,
            tr_overflow => Net_153 ,
            tr_compare_match => Net_147 ,
            line => Net_152 ,
            line_compl => Net_171 ,
            interrupt => Net_144 );
        Properties:
        {
            cy_registers = ""
        }
OA group 0: empty
TEMP group 0: empty
SARADC group 0: empty
CLK_GEN group 0: 
    M0S8 Clock Gen Block @ F(CLK_GEN,0): 
    m0s8clockgenblockcell: Name =ClockGenBlock
        PORT MAP (
             );
        Properties:
        {
        }
LPCOMPBLOCK group 0: empty
PASSBLOCK group 0: empty
WCO group 0: empty
SRSS group 0: empty
CPUSS group 0: empty
EXCO group 0: empty
</CYPRESSTAG>
<CYPRESSTAG name="Port Configuration Details">

------------------------------------------------------------
Port Configuration report
------------------------------------------------------------
     |     |       | Interrupt |                  |              | 
Port | Pin | Fixed |      Type |       Drive Mode |         Name | Connections
-----+-----+-------+-----------+------------------+--------------+------------
   0 |   2 |     * |      NONE |         CMOS_OUT | Pin_Green(0) | 
     |   3 |     * |      NONE |         CMOS_OUT |  Pin_Blue(0) | 
     |   7 |     * |      NONE |      RES_PULL_UP |   Pin_SW2(0) | 
-----+-----+-------+-----------+------------------+--------------+------------
   1 |   6 |     * |      NONE |         CMOS_OUT |   Pin_Red(0) | In(Net_152)
-----+-----+-------+-----------+------------------+--------------+------------
   3 |   0 |     * |      NONE |    OPEN_DRAIN_LO | \I2C:scl(0)\ | FB(Net_192)
     |   1 |     * |      NONE |    OPEN_DRAIN_LO | \I2C:sda(0)\ | FB(Net_193)
------------------------------------------------------------------------------
</CYPRESSTAG>
</CYPRESSTAG>
</CYPRESSTAG>
Digital component placer commit/Report: Elapsed time ==> 0s.007ms
Digital Placement phase: Elapsed time ==> 1s.368ms
</CYPRESSTAG>
<CYPRESSTAG name="Digital Routing">
"C:\Program Files (x86)\Cypress\PSoC Creator\4.2\PSoC Creator\bin/sjrouter.exe" --xml-path "C:\Program Files (x86)\Cypress\PSoC Creator\4.2\PSoC Creator\dev\psoc4/psoc4a/route_arch-rrg.cydata" --vh2-path "Lesson11_r.vh2" --pcf-path "Lesson11.pco" --des-name "Lesson11" --dsf-path "Lesson11.dsf" --sdc-path "Lesson11.sdc" --lib-path "Lesson11_r.lib"
Routing successful.
Digital Routing phase: Elapsed time ==> 1s.044ms
</CYPRESSTAG>
<CYPRESSTAG name="Bitstream Generation">
Bitstream Generation phase: Elapsed time ==> 0s.154ms
</CYPRESSTAG>
<CYPRESSTAG name="Bitstream Verification">
Bitstream Verification phase: Elapsed time ==> 0s.022ms
</CYPRESSTAG>
<CYPRESSTAG name="Static timing analysis">
Timing report is in Lesson11_timing.html.
Static timing analysis phase: Elapsed time ==> 1s.390ms
</CYPRESSTAG>
<CYPRESSTAG name="Data reporting">
Data reporting phase: Elapsed time ==> 0s.000ms
</CYPRESSTAG>
<CYPRESSTAG name="Database update...">
Design database save phase: Elapsed time ==> 0s.155ms
</CYPRESSTAG>
cydsfit: Elapsed time ==> 4s.538ms
</CYPRESSTAG>
Fitter phase: Elapsed time ==> 4s.539ms
API generation phase: Elapsed time ==> 1s.863ms
Dependency generation phase: Elapsed time ==> 0s.026ms
Cleanup phase: Elapsed time ==> 0s.003ms
