ARM GAS  C:\Users\jagumiel\AppData\Local\Temp\ccbO0Hru.s 			page 1


   1              		.syntax unified
   2              		.cpu cortex-m0
   3              		.fpu softvfp
   4              		.eabi_attribute 20, 1
   5              		.eabi_attribute 21, 1
   6              		.eabi_attribute 23, 3
   7              		.eabi_attribute 24, 1
   8              		.eabi_attribute 25, 1
   9              		.eabi_attribute 26, 1
  10              		.eabi_attribute 30, 1
  11              		.eabi_attribute 34, 0
  12              		.eabi_attribute 18, 4
  13              		.thumb
  14              		.syntax unified
  15              		.file	"cyfitter_cfg.c"
  16              		.text
  17              	.Ltext0:
  18              		.cfi_sections	.debug_frame
  19              		.section	.text.cfg_write_bytes32,"ax",%progbits
  20              		.align	2
  21              		.code	16
  22              		.thumb_func
  23              		.type	cfg_write_bytes32, %function
  24              	cfg_write_bytes32:
  25              	.LFB3:
  26              		.file 1 "Generated_Source\\PSoC4\\cyfitter_cfg.c"
   1:Generated_Source\PSoC4/cyfitter_cfg.c **** 
   2:Generated_Source\PSoC4/cyfitter_cfg.c **** /*******************************************************************************
   3:Generated_Source\PSoC4/cyfitter_cfg.c **** * File Name: cyfitter_cfg.c
   4:Generated_Source\PSoC4/cyfitter_cfg.c **** * 
   5:Generated_Source\PSoC4/cyfitter_cfg.c **** * PSoC Creator  4.2
   6:Generated_Source\PSoC4/cyfitter_cfg.c **** *
   7:Generated_Source\PSoC4/cyfitter_cfg.c **** * Description:
   8:Generated_Source\PSoC4/cyfitter_cfg.c **** * This file contains device initialization code.
   9:Generated_Source\PSoC4/cyfitter_cfg.c **** * Except for the user defined sections in CyClockStartupError(), this file should not be modified.
  10:Generated_Source\PSoC4/cyfitter_cfg.c **** * This file is automatically generated by PSoC Creator.
  11:Generated_Source\PSoC4/cyfitter_cfg.c **** *
  12:Generated_Source\PSoC4/cyfitter_cfg.c **** ********************************************************************************
  13:Generated_Source\PSoC4/cyfitter_cfg.c **** * Copyright (c) 2007-2018 Cypress Semiconductor.  All rights reserved.
  14:Generated_Source\PSoC4/cyfitter_cfg.c **** * You may use this file only in accordance with the license, terms, conditions, 
  15:Generated_Source\PSoC4/cyfitter_cfg.c **** * disclaimers, and limitations in the end user license agreement accompanying 
  16:Generated_Source\PSoC4/cyfitter_cfg.c **** * the software package with which this file was provided.
  17:Generated_Source\PSoC4/cyfitter_cfg.c **** ********************************************************************************/
  18:Generated_Source\PSoC4/cyfitter_cfg.c **** 
  19:Generated_Source\PSoC4/cyfitter_cfg.c **** #include <string.h>
  20:Generated_Source\PSoC4/cyfitter_cfg.c **** #include "cytypes.h"
  21:Generated_Source\PSoC4/cyfitter_cfg.c **** #include "cydevice_trm.h"
  22:Generated_Source\PSoC4/cyfitter_cfg.c **** #include "cyfitter.h"
  23:Generated_Source\PSoC4/cyfitter_cfg.c **** #include "CyLib.h"
  24:Generated_Source\PSoC4/cyfitter_cfg.c **** #include "CyLFClk.h"
  25:Generated_Source\PSoC4/cyfitter_cfg.c **** #include "cyfitter_cfg.h"
  26:Generated_Source\PSoC4/cyfitter_cfg.c **** #include "cyapicallbacks.h"
  27:Generated_Source\PSoC4/cyfitter_cfg.c **** 
  28:Generated_Source\PSoC4/cyfitter_cfg.c **** 
  29:Generated_Source\PSoC4/cyfitter_cfg.c **** #if defined(__GNUC__) || defined(__ARMCC_VERSION)
  30:Generated_Source\PSoC4/cyfitter_cfg.c ****     #define CYPACKED 
  31:Generated_Source\PSoC4/cyfitter_cfg.c ****     #define CYPACKED_ATTR __attribute__ ((packed))
ARM GAS  C:\Users\jagumiel\AppData\Local\Temp\ccbO0Hru.s 			page 2


  32:Generated_Source\PSoC4/cyfitter_cfg.c ****     #define CYALIGNED __attribute__ ((aligned))
  33:Generated_Source\PSoC4/cyfitter_cfg.c ****     #define CY_CFG_UNUSED __attribute__ ((unused))
  34:Generated_Source\PSoC4/cyfitter_cfg.c ****     #ifndef CY_CFG_SECTION
  35:Generated_Source\PSoC4/cyfitter_cfg.c ****         #define CY_CFG_SECTION __attribute__ ((section(".psocinit")))
  36:Generated_Source\PSoC4/cyfitter_cfg.c ****     #endif
  37:Generated_Source\PSoC4/cyfitter_cfg.c ****     
  38:Generated_Source\PSoC4/cyfitter_cfg.c ****     #if defined(__ARMCC_VERSION)
  39:Generated_Source\PSoC4/cyfitter_cfg.c ****         #define CY_CFG_MEMORY_BARRIER() __memory_changed()
  40:Generated_Source\PSoC4/cyfitter_cfg.c ****     #else
  41:Generated_Source\PSoC4/cyfitter_cfg.c ****         #define CY_CFG_MEMORY_BARRIER() __sync_synchronize()
  42:Generated_Source\PSoC4/cyfitter_cfg.c ****     #endif
  43:Generated_Source\PSoC4/cyfitter_cfg.c ****     
  44:Generated_Source\PSoC4/cyfitter_cfg.c **** #elif defined(__ICCARM__)
  45:Generated_Source\PSoC4/cyfitter_cfg.c ****     #include <intrinsics.h>
  46:Generated_Source\PSoC4/cyfitter_cfg.c **** 
  47:Generated_Source\PSoC4/cyfitter_cfg.c ****     #define CYPACKED __packed
  48:Generated_Source\PSoC4/cyfitter_cfg.c ****     #define CYPACKED_ATTR 
  49:Generated_Source\PSoC4/cyfitter_cfg.c ****     #define CYALIGNED _Pragma("data_alignment=4")
  50:Generated_Source\PSoC4/cyfitter_cfg.c ****     #define CY_CFG_UNUSED _Pragma("diag_suppress=Pe177")
  51:Generated_Source\PSoC4/cyfitter_cfg.c ****     #define CY_CFG_SECTION _Pragma("location=\".psocinit\"")
  52:Generated_Source\PSoC4/cyfitter_cfg.c ****     
  53:Generated_Source\PSoC4/cyfitter_cfg.c ****     #define CY_CFG_MEMORY_BARRIER() __DMB()
  54:Generated_Source\PSoC4/cyfitter_cfg.c ****     
  55:Generated_Source\PSoC4/cyfitter_cfg.c **** #else
  56:Generated_Source\PSoC4/cyfitter_cfg.c ****     #error Unsupported toolchain
  57:Generated_Source\PSoC4/cyfitter_cfg.c **** #endif
  58:Generated_Source\PSoC4/cyfitter_cfg.c **** 
  59:Generated_Source\PSoC4/cyfitter_cfg.c **** #ifndef CYCODE
  60:Generated_Source\PSoC4/cyfitter_cfg.c ****     #define CYCODE
  61:Generated_Source\PSoC4/cyfitter_cfg.c **** #endif
  62:Generated_Source\PSoC4/cyfitter_cfg.c **** #ifndef CYDATA
  63:Generated_Source\PSoC4/cyfitter_cfg.c ****     #define CYDATA
  64:Generated_Source\PSoC4/cyfitter_cfg.c **** #endif
  65:Generated_Source\PSoC4/cyfitter_cfg.c **** #ifndef CYFAR
  66:Generated_Source\PSoC4/cyfitter_cfg.c ****     #define CYFAR
  67:Generated_Source\PSoC4/cyfitter_cfg.c **** #endif
  68:Generated_Source\PSoC4/cyfitter_cfg.c **** #ifndef CYXDATA
  69:Generated_Source\PSoC4/cyfitter_cfg.c ****     #define CYXDATA
  70:Generated_Source\PSoC4/cyfitter_cfg.c **** #endif
  71:Generated_Source\PSoC4/cyfitter_cfg.c **** 
  72:Generated_Source\PSoC4/cyfitter_cfg.c **** 
  73:Generated_Source\PSoC4/cyfitter_cfg.c **** CY_CFG_UNUSED
  74:Generated_Source\PSoC4/cyfitter_cfg.c **** static void CYMEMZERO(void *s, size_t n);
  75:Generated_Source\PSoC4/cyfitter_cfg.c **** CY_CFG_UNUSED
  76:Generated_Source\PSoC4/cyfitter_cfg.c **** static void CYMEMZERO(void *s, size_t n)
  77:Generated_Source\PSoC4/cyfitter_cfg.c **** {
  78:Generated_Source\PSoC4/cyfitter_cfg.c **** 	(void)memset(s, 0, n);
  79:Generated_Source\PSoC4/cyfitter_cfg.c **** }
  80:Generated_Source\PSoC4/cyfitter_cfg.c **** CY_CFG_UNUSED
  81:Generated_Source\PSoC4/cyfitter_cfg.c **** static void CYCONFIGCPY(void *dest, const void *src, size_t n);
  82:Generated_Source\PSoC4/cyfitter_cfg.c **** CY_CFG_UNUSED
  83:Generated_Source\PSoC4/cyfitter_cfg.c **** static void CYCONFIGCPY(void *dest, const void *src, size_t n)
  84:Generated_Source\PSoC4/cyfitter_cfg.c **** {
  85:Generated_Source\PSoC4/cyfitter_cfg.c **** 	(void)memcpy(dest, src, n);
  86:Generated_Source\PSoC4/cyfitter_cfg.c **** }
  87:Generated_Source\PSoC4/cyfitter_cfg.c **** CY_CFG_UNUSED
  88:Generated_Source\PSoC4/cyfitter_cfg.c **** static void CYCONFIGCPYCODE(void *dest, const void *src, size_t n);
ARM GAS  C:\Users\jagumiel\AppData\Local\Temp\ccbO0Hru.s 			page 3


  89:Generated_Source\PSoC4/cyfitter_cfg.c **** CY_CFG_UNUSED
  90:Generated_Source\PSoC4/cyfitter_cfg.c **** static void CYCONFIGCPYCODE(void *dest, const void *src, size_t n)
  91:Generated_Source\PSoC4/cyfitter_cfg.c **** {
  92:Generated_Source\PSoC4/cyfitter_cfg.c **** 	(void)memcpy(dest, src, n);
  93:Generated_Source\PSoC4/cyfitter_cfg.c **** }
  94:Generated_Source\PSoC4/cyfitter_cfg.c **** 
  95:Generated_Source\PSoC4/cyfitter_cfg.c **** 
  96:Generated_Source\PSoC4/cyfitter_cfg.c **** 
  97:Generated_Source\PSoC4/cyfitter_cfg.c **** 
  98:Generated_Source\PSoC4/cyfitter_cfg.c **** /* Clock startup error codes                                                   */
  99:Generated_Source\PSoC4/cyfitter_cfg.c **** #define CYCLOCKSTART_NO_ERROR    0u
 100:Generated_Source\PSoC4/cyfitter_cfg.c **** #define CYCLOCKSTART_XTAL_ERROR  1u
 101:Generated_Source\PSoC4/cyfitter_cfg.c **** #define CYCLOCKSTART_32KHZ_ERROR 2u
 102:Generated_Source\PSoC4/cyfitter_cfg.c **** #define CYCLOCKSTART_PLL_ERROR   3u
 103:Generated_Source\PSoC4/cyfitter_cfg.c **** #define CYCLOCKSTART_FLL_ERROR   4u
 104:Generated_Source\PSoC4/cyfitter_cfg.c **** #define CYCLOCKSTART_WCO_ERROR   5u
 105:Generated_Source\PSoC4/cyfitter_cfg.c **** 
 106:Generated_Source\PSoC4/cyfitter_cfg.c **** 
 107:Generated_Source\PSoC4/cyfitter_cfg.c **** #ifdef CY_NEED_CYCLOCKSTARTUPERROR
 108:Generated_Source\PSoC4/cyfitter_cfg.c **** /*******************************************************************************
 109:Generated_Source\PSoC4/cyfitter_cfg.c **** * Function Name: CyClockStartupError
 110:Generated_Source\PSoC4/cyfitter_cfg.c **** ********************************************************************************
 111:Generated_Source\PSoC4/cyfitter_cfg.c **** * Summary:
 112:Generated_Source\PSoC4/cyfitter_cfg.c **** *  If an error is encountered during clock configuration (crystal startup error,
 113:Generated_Source\PSoC4/cyfitter_cfg.c **** *  PLL lock error, etc.), the system will end up here.  Unless reimplemented by
 114:Generated_Source\PSoC4/cyfitter_cfg.c **** *  the customer, this function will stop in an infinite loop.
 115:Generated_Source\PSoC4/cyfitter_cfg.c **** *
 116:Generated_Source\PSoC4/cyfitter_cfg.c **** * Parameters:
 117:Generated_Source\PSoC4/cyfitter_cfg.c **** *   void
 118:Generated_Source\PSoC4/cyfitter_cfg.c **** *
 119:Generated_Source\PSoC4/cyfitter_cfg.c **** * Return:
 120:Generated_Source\PSoC4/cyfitter_cfg.c **** *   void
 121:Generated_Source\PSoC4/cyfitter_cfg.c **** *
 122:Generated_Source\PSoC4/cyfitter_cfg.c **** *******************************************************************************/
 123:Generated_Source\PSoC4/cyfitter_cfg.c **** CY_CFG_UNUSED
 124:Generated_Source\PSoC4/cyfitter_cfg.c **** static void CyClockStartupError(uint8 errorCode);
 125:Generated_Source\PSoC4/cyfitter_cfg.c **** CY_CFG_UNUSED
 126:Generated_Source\PSoC4/cyfitter_cfg.c **** static void CyClockStartupError(uint8 errorCode)
 127:Generated_Source\PSoC4/cyfitter_cfg.c **** {
 128:Generated_Source\PSoC4/cyfitter_cfg.c ****     /* To remove the compiler warning if errorCode not used.                */
 129:Generated_Source\PSoC4/cyfitter_cfg.c ****     errorCode = errorCode;
 130:Generated_Source\PSoC4/cyfitter_cfg.c **** 
 131:Generated_Source\PSoC4/cyfitter_cfg.c ****     /* If we have a clock startup error (bad MHz crystal, PLL lock, etc.),  */
 132:Generated_Source\PSoC4/cyfitter_cfg.c ****     /* we will end up here to allow the customer to implement something to  */
 133:Generated_Source\PSoC4/cyfitter_cfg.c ****     /* deal with the clock condition.                                       */
 134:Generated_Source\PSoC4/cyfitter_cfg.c **** 
 135:Generated_Source\PSoC4/cyfitter_cfg.c **** #ifdef CY_CFG_CLOCK_STARTUP_ERROR_CALLBACK
 136:Generated_Source\PSoC4/cyfitter_cfg.c ****     CY_CFG_Clock_Startup_ErrorCallback();
 137:Generated_Source\PSoC4/cyfitter_cfg.c **** #else
 138:Generated_Source\PSoC4/cyfitter_cfg.c ****     /*  If not using CY_CFG_CLOCK_STARTUP_ERROR_CALLBACK, place your clock startup code here. */
 139:Generated_Source\PSoC4/cyfitter_cfg.c ****     /* `#START CyClockStartupError` */
 140:Generated_Source\PSoC4/cyfitter_cfg.c **** 
 141:Generated_Source\PSoC4/cyfitter_cfg.c **** 
 142:Generated_Source\PSoC4/cyfitter_cfg.c **** 
 143:Generated_Source\PSoC4/cyfitter_cfg.c ****     /* `#END` */
 144:Generated_Source\PSoC4/cyfitter_cfg.c **** 
 145:Generated_Source\PSoC4/cyfitter_cfg.c ****     while(1) {}
ARM GAS  C:\Users\jagumiel\AppData\Local\Temp\ccbO0Hru.s 			page 4


 146:Generated_Source\PSoC4/cyfitter_cfg.c **** #endif /* CY_CFG_CLOCK_STARTUP_ERROR_CALLBACK */
 147:Generated_Source\PSoC4/cyfitter_cfg.c **** }
 148:Generated_Source\PSoC4/cyfitter_cfg.c **** #endif
 149:Generated_Source\PSoC4/cyfitter_cfg.c **** 
 150:Generated_Source\PSoC4/cyfitter_cfg.c **** #define CY_CFG_BASE_ADDR_COUNT 3u
 151:Generated_Source\PSoC4/cyfitter_cfg.c **** CYPACKED typedef struct
 152:Generated_Source\PSoC4/cyfitter_cfg.c **** {
 153:Generated_Source\PSoC4/cyfitter_cfg.c **** 	uint8 offset;
 154:Generated_Source\PSoC4/cyfitter_cfg.c **** 	uint8 value;
 155:Generated_Source\PSoC4/cyfitter_cfg.c **** } CYPACKED_ATTR cy_cfg_addrvalue_t;
 156:Generated_Source\PSoC4/cyfitter_cfg.c **** 
 157:Generated_Source\PSoC4/cyfitter_cfg.c **** 
 158:Generated_Source\PSoC4/cyfitter_cfg.c **** 
 159:Generated_Source\PSoC4/cyfitter_cfg.c **** /*******************************************************************************
 160:Generated_Source\PSoC4/cyfitter_cfg.c **** * Function Name: cfg_write_bytes32
 161:Generated_Source\PSoC4/cyfitter_cfg.c **** ********************************************************************************
 162:Generated_Source\PSoC4/cyfitter_cfg.c **** * Summary:
 163:Generated_Source\PSoC4/cyfitter_cfg.c **** *  This function is used for setting up the chip configuration areas that
 164:Generated_Source\PSoC4/cyfitter_cfg.c **** *  contain relatively sparse data.
 165:Generated_Source\PSoC4/cyfitter_cfg.c **** *
 166:Generated_Source\PSoC4/cyfitter_cfg.c **** * Parameters:
 167:Generated_Source\PSoC4/cyfitter_cfg.c **** *   void
 168:Generated_Source\PSoC4/cyfitter_cfg.c **** *
 169:Generated_Source\PSoC4/cyfitter_cfg.c **** * Return:
 170:Generated_Source\PSoC4/cyfitter_cfg.c **** *   void
 171:Generated_Source\PSoC4/cyfitter_cfg.c **** *
 172:Generated_Source\PSoC4/cyfitter_cfg.c **** *******************************************************************************/
 173:Generated_Source\PSoC4/cyfitter_cfg.c **** static void cfg_write_bytes32(const uint32 addr_table[], const cy_cfg_addrvalue_t data_table[]);
 174:Generated_Source\PSoC4/cyfitter_cfg.c **** static void cfg_write_bytes32(const uint32 addr_table[], const cy_cfg_addrvalue_t data_table[])
 175:Generated_Source\PSoC4/cyfitter_cfg.c **** {
  27              		.loc 1 175 0
  28              		.cfi_startproc
  29              		@ args = 0, pretend = 0, frame = 0
  30              		@ frame_needed = 0, uses_anonymous_args = 0
  31              	.LVL0:
  32 0000 F0B5     		push	{r4, r5, r6, r7, lr}
  33              		.cfi_def_cfa_offset 20
  34              		.cfi_offset 4, -20
  35              		.cfi_offset 5, -16
  36              		.cfi_offset 6, -12
  37              		.cfi_offset 7, -8
  38              		.cfi_offset 14, -4
  39              	.LVL1:
 176:Generated_Source\PSoC4/cyfitter_cfg.c **** 	/* For 32-bit little-endian architectures */
 177:Generated_Source\PSoC4/cyfitter_cfg.c **** 	uint32 i, j = 0u;
  40              		.loc 1 177 0
  41 0002 0025     		movs	r5, #0
 178:Generated_Source\PSoC4/cyfitter_cfg.c **** 	for (i = 0u; i < CY_CFG_BASE_ADDR_COUNT; i++)
  42              		.loc 1 178 0
  43 0004 0027     		movs	r7, #0
  44 0006 11E0     		b	.L2
  45              	.LVL2:
  46              	.L5:
  47              	.LBB2:
 179:Generated_Source\PSoC4/cyfitter_cfg.c **** 	{
 180:Generated_Source\PSoC4/cyfitter_cfg.c **** 		uint32 baseAddr = addr_table[i];
  48              		.loc 1 180 0
ARM GAS  C:\Users\jagumiel\AppData\Local\Temp\ccbO0Hru.s 			page 5


  49 0008 BB00     		lsls	r3, r7, #2
  50 000a C658     		ldr	r6, [r0, r3]
  51              	.LVL3:
 181:Generated_Source\PSoC4/cyfitter_cfg.c **** 		uint8 count = (uint8)baseAddr;
  52              		.loc 1 181 0
  53 000c F3B2     		uxtb	r3, r6
  54              	.LVL4:
 182:Generated_Source\PSoC4/cyfitter_cfg.c **** 		baseAddr &= 0xFFFFFF00u;
  55              		.loc 1 182 0
  56 000e FF22     		movs	r2, #255
  57 0010 9643     		bics	r6, r2
  58              	.LVL5:
 183:Generated_Source\PSoC4/cyfitter_cfg.c **** 		while (count != 0u)
  59              		.loc 1 183 0
  60 0012 08E0     		b	.L3
  61              	.L4:
 184:Generated_Source\PSoC4/cyfitter_cfg.c **** 		{
 185:Generated_Source\PSoC4/cyfitter_cfg.c **** 			CY_SET_REG8((void *)(baseAddr + data_table[j].offset), data_table[j].value);
  62              		.loc 1 185 0
  63 0014 6A00     		lsls	r2, r5, #1
  64 0016 8A18     		adds	r2, r1, r2
  65 0018 1478     		ldrb	r4, [r2]
  66 001a A419     		adds	r4, r4, r6
  67 001c 5278     		ldrb	r2, [r2, #1]
  68 001e 2270     		strb	r2, [r4]
 186:Generated_Source\PSoC4/cyfitter_cfg.c **** 			j++;
  69              		.loc 1 186 0
  70 0020 0135     		adds	r5, r5, #1
  71              	.LVL6:
 187:Generated_Source\PSoC4/cyfitter_cfg.c **** 			count--;
  72              		.loc 1 187 0
  73 0022 013B     		subs	r3, r3, #1
  74              	.LVL7:
  75 0024 DBB2     		uxtb	r3, r3
  76              	.LVL8:
  77              	.L3:
 183:Generated_Source\PSoC4/cyfitter_cfg.c **** 		{
  78              		.loc 1 183 0
  79 0026 002B     		cmp	r3, #0
  80 0028 F4D1     		bne	.L4
  81              	.LBE2:
 178:Generated_Source\PSoC4/cyfitter_cfg.c **** 	{
  82              		.loc 1 178 0 discriminator 2
  83 002a 0137     		adds	r7, r7, #1
  84              	.LVL9:
  85              	.L2:
 178:Generated_Source\PSoC4/cyfitter_cfg.c **** 	{
  86              		.loc 1 178 0 is_stmt 0 discriminator 1
  87 002c 022F     		cmp	r7, #2
  88 002e EBD9     		bls	.L5
 188:Generated_Source\PSoC4/cyfitter_cfg.c **** 		}
 189:Generated_Source\PSoC4/cyfitter_cfg.c **** 	}
 190:Generated_Source\PSoC4/cyfitter_cfg.c **** }
  89              		.loc 1 190 0 is_stmt 1
  90              		@ sp needed
  91              	.LVL10:
  92              	.LVL11:
ARM GAS  C:\Users\jagumiel\AppData\Local\Temp\ccbO0Hru.s 			page 6


  93 0030 F0BD     		pop	{r4, r5, r6, r7, pc}
  94              		.cfi_endproc
  95              	.LFE3:
  96              		.size	cfg_write_bytes32, .-cfg_write_bytes32
  97 0032 C046     		.section	.text.CYMEMZERO,"ax",%progbits
  98              		.align	2
  99              		.code	16
 100              		.thumb_func
 101              		.type	CYMEMZERO, %function
 102              	CYMEMZERO:
 103              	.LFB0:
  77:Generated_Source\PSoC4/cyfitter_cfg.c **** 	(void)memset(s, 0, n);
 104              		.loc 1 77 0
 105              		.cfi_startproc
 106              		@ args = 0, pretend = 0, frame = 0
 107              		@ frame_needed = 0, uses_anonymous_args = 0
 108              	.LVL12:
 109 0000 10B5     		push	{r4, lr}
 110              		.cfi_def_cfa_offset 8
 111              		.cfi_offset 4, -8
 112              		.cfi_offset 14, -4
 113 0002 0A00     		movs	r2, r1
  78:Generated_Source\PSoC4/cyfitter_cfg.c **** }
 114              		.loc 1 78 0
 115 0004 0021     		movs	r1, #0
 116              	.LVL13:
 117 0006 FFF7FEFF 		bl	memset
 118              	.LVL14:
  79:Generated_Source\PSoC4/cyfitter_cfg.c **** CY_CFG_UNUSED
 119              		.loc 1 79 0
 120              		@ sp needed
 121 000a 10BD     		pop	{r4, pc}
 122              		.cfi_endproc
 123              	.LFE0:
 124              		.size	CYMEMZERO, .-CYMEMZERO
 125              		.section	.psocinit,"ax",%progbits
 126              		.align	2
 127              		.code	16
 128              		.thumb_func
 129              		.type	ClockSetup, %function
 130              	ClockSetup:
 131              	.LFB4:
 191:Generated_Source\PSoC4/cyfitter_cfg.c **** 
 192:Generated_Source\PSoC4/cyfitter_cfg.c **** 
 193:Generated_Source\PSoC4/cyfitter_cfg.c **** /*******************************************************************************
 194:Generated_Source\PSoC4/cyfitter_cfg.c **** * Function Name: ClockSetup
 195:Generated_Source\PSoC4/cyfitter_cfg.c **** ********************************************************************************
 196:Generated_Source\PSoC4/cyfitter_cfg.c **** *
 197:Generated_Source\PSoC4/cyfitter_cfg.c **** * Summary:
 198:Generated_Source\PSoC4/cyfitter_cfg.c **** *   Performs the initialization of all of the clocks in the device based on the
 199:Generated_Source\PSoC4/cyfitter_cfg.c **** *   settings in the Clock tab of the DWR.  This includes enabling the requested
 200:Generated_Source\PSoC4/cyfitter_cfg.c **** *   clocks and setting the necessary dividers to produce the desired frequency. 
 201:Generated_Source\PSoC4/cyfitter_cfg.c **** *
 202:Generated_Source\PSoC4/cyfitter_cfg.c **** * Parameters:
 203:Generated_Source\PSoC4/cyfitter_cfg.c **** *   void
 204:Generated_Source\PSoC4/cyfitter_cfg.c **** *
 205:Generated_Source\PSoC4/cyfitter_cfg.c **** * Return:
ARM GAS  C:\Users\jagumiel\AppData\Local\Temp\ccbO0Hru.s 			page 7


 206:Generated_Source\PSoC4/cyfitter_cfg.c **** *   void
 207:Generated_Source\PSoC4/cyfitter_cfg.c **** *
 208:Generated_Source\PSoC4/cyfitter_cfg.c **** *******************************************************************************/
 209:Generated_Source\PSoC4/cyfitter_cfg.c **** static void ClockSetup(void);
 210:Generated_Source\PSoC4/cyfitter_cfg.c **** CY_CFG_SECTION
 211:Generated_Source\PSoC4/cyfitter_cfg.c **** static void ClockSetup(void)
 212:Generated_Source\PSoC4/cyfitter_cfg.c **** {
 132              		.loc 1 212 0
 133              		.cfi_startproc
 134              		@ args = 0, pretend = 0, frame = 0
 135              		@ frame_needed = 0, uses_anonymous_args = 0
 136 0000 70B5     		push	{r4, r5, r6, lr}
 137              		.cfi_def_cfa_offset 16
 138              		.cfi_offset 4, -16
 139              		.cfi_offset 5, -12
 140              		.cfi_offset 6, -8
 141              		.cfi_offset 14, -4
 213:Generated_Source\PSoC4/cyfitter_cfg.c **** 	/* Enable HALF_EN before trimming for the flash accelerator. */
 214:Generated_Source\PSoC4/cyfitter_cfg.c **** 	CY_SET_REG32((void CYXDATA *)(CYREG_CLK_SELECT), (CY_GET_REG32((void *)CYREG_CLK_SELECT) | 0x00040
 142              		.loc 1 214 0
 143 0002 134C     		ldr	r4, .L8
 144 0004 2368     		ldr	r3, [r4]
 145 0006 8022     		movs	r2, #128
 146 0008 D202     		lsls	r2, r2, #11
 147 000a 1343     		orrs	r3, r2
 148 000c 2360     		str	r3, [r4]
 215:Generated_Source\PSoC4/cyfitter_cfg.c **** 
 216:Generated_Source\PSoC4/cyfitter_cfg.c **** 	/* Setup and trim IMO based on desired frequency. */
 217:Generated_Source\PSoC4/cyfitter_cfg.c **** 	CySysClkWriteImoFreq(24u);
 149              		.loc 1 217 0
 150 000e 1820     		movs	r0, #24
 151 0010 FFF7FEFF 		bl	CySysClkWriteImoFreq
 152              	.LVL15:
 218:Generated_Source\PSoC4/cyfitter_cfg.c **** 
 219:Generated_Source\PSoC4/cyfitter_cfg.c **** 	/* Disable HALF_EN since it is not required at this IMO frequency. */
 220:Generated_Source\PSoC4/cyfitter_cfg.c **** 	CY_SET_REG32((void CYXDATA *)(CYREG_CLK_SELECT), (CY_GET_REG32((void *)CYREG_CLK_SELECT) & 0xFFFBF
 153              		.loc 1 220 0
 154 0014 2268     		ldr	r2, [r4]
 155 0016 0F4B     		ldr	r3, .L8+4
 156 0018 1340     		ands	r3, r2
 157 001a 2360     		str	r3, [r4]
 221:Generated_Source\PSoC4/cyfitter_cfg.c **** 	/* CYDEV_CLK_ILO_CONFIG Starting address: CYDEV_CLK_ILO_CONFIG */
 222:Generated_Source\PSoC4/cyfitter_cfg.c **** 	CY_SET_REG32((void *)(CYREG_CLK_ILO_CONFIG), 0x80000006u);
 158              		.loc 1 222 0
 159 001c 0E4A     		ldr	r2, .L8+8
 160 001e 0F4B     		ldr	r3, .L8+12
 161 0020 1A60     		str	r2, [r3]
 223:Generated_Source\PSoC4/cyfitter_cfg.c **** 
 224:Generated_Source\PSoC4/cyfitter_cfg.c **** 
 225:Generated_Source\PSoC4/cyfitter_cfg.c **** 	/* CYDEV_CLK_SELECT00 Starting address: CYDEV_CLK_SELECT00 */
 226:Generated_Source\PSoC4/cyfitter_cfg.c **** 	CY_SET_REG32((void *)(CYREG_CLK_SELECT08), 0x00000010u);
 162              		.loc 1 226 0
 163 0022 1022     		movs	r2, #16
 164 0024 0E4B     		ldr	r3, .L8+16
 165 0026 1A60     		str	r2, [r3]
 227:Generated_Source\PSoC4/cyfitter_cfg.c **** 
 228:Generated_Source\PSoC4/cyfitter_cfg.c **** 	/* CYDEV_CLK_IMO_CONFIG Starting address: CYDEV_CLK_IMO_CONFIG */
ARM GAS  C:\Users\jagumiel\AppData\Local\Temp\ccbO0Hru.s 			page 8


 229:Generated_Source\PSoC4/cyfitter_cfg.c **** 	CY_SET_REG32((void *)(CYREG_CLK_IMO_CONFIG), 0x80000000u);
 166              		.loc 1 229 0
 167 0028 8022     		movs	r2, #128
 168 002a 1206     		lsls	r2, r2, #24
 169 002c 0D4B     		ldr	r3, .L8+20
 170 002e 1A60     		str	r2, [r3]
 230:Generated_Source\PSoC4/cyfitter_cfg.c **** 
 231:Generated_Source\PSoC4/cyfitter_cfg.c **** 	/* CYDEV_CLK_SELECT Starting address: CYDEV_CLK_SELECT */
 232:Generated_Source\PSoC4/cyfitter_cfg.c **** 	CY_SET_REG32((void *)(CYREG_CLK_SELECT), 0x00000000u);
 171              		.loc 1 232 0
 172 0030 0025     		movs	r5, #0
 173 0032 2560     		str	r5, [r4]
 233:Generated_Source\PSoC4/cyfitter_cfg.c **** 
 234:Generated_Source\PSoC4/cyfitter_cfg.c **** 	/* CYDEV_CLK_DIVIDER_A00 Starting address: CYDEV_CLK_DIVIDER_A00 */
 235:Generated_Source\PSoC4/cyfitter_cfg.c **** 	CY_SET_REG32((void *)(CYREG_CLK_DIVIDER_A00), 0x80000001u);
 174              		.loc 1 235 0
 175 0034 0C4A     		ldr	r2, .L8+24
 176 0036 0D4B     		ldr	r3, .L8+28
 177 0038 1A60     		str	r2, [r3]
 236:Generated_Source\PSoC4/cyfitter_cfg.c **** 
 237:Generated_Source\PSoC4/cyfitter_cfg.c **** 	(void)CyIntSetVector(9u, &CySysWdtIsr);
 178              		.loc 1 237 0
 179 003a 0D49     		ldr	r1, .L8+32
 180 003c 0920     		movs	r0, #9
 181 003e FFF7FEFF 		bl	CyIntSetVector
 182              	.LVL16:
 238:Generated_Source\PSoC4/cyfitter_cfg.c **** 	CyIntEnable(9u);
 183              		.loc 1 238 0
 184 0042 0920     		movs	r0, #9
 185 0044 FFF7FEFF 		bl	CyIntEnable
 186              	.LVL17:
 239:Generated_Source\PSoC4/cyfitter_cfg.c **** 	CY_SET_REG32((void *)(CYREG_WDT_CONFIG), 0x00000000u);
 187              		.loc 1 239 0
 188 0048 0A4B     		ldr	r3, .L8+36
 189 004a 1D60     		str	r5, [r3]
 240:Generated_Source\PSoC4/cyfitter_cfg.c **** }
 190              		.loc 1 240 0
 191              		@ sp needed
 192 004c 70BD     		pop	{r4, r5, r6, pc}
 193              	.L9:
 194 004e C046     		.align	2
 195              	.L8:
 196 0050 00010B40 		.word	1074462976
 197 0054 FFFFFBFF 		.word	-262145
 198 0058 06000080 		.word	-2147483642
 199 005c 04010B40 		.word	1074462980
 200 0060 20020240 		.word	1073873440
 201 0064 08010B40 		.word	1074462984
 202 0068 01000080 		.word	-2147483647
 203 006c 00000240 		.word	1073872896
 204 0070 00000000 		.word	CySysWdtIsr
 205 0074 0C020B40 		.word	1074463244
 206              		.cfi_endproc
 207              	.LFE4:
 208              		.size	ClockSetup, .-ClockSetup
 209              		.align	2
 210              		.global	cyfitter_cfg
ARM GAS  C:\Users\jagumiel\AppData\Local\Temp\ccbO0Hru.s 			page 9


 211              		.code	16
 212              		.thumb_func
 213              		.type	cyfitter_cfg, %function
 214              	cyfitter_cfg:
 215              	.LFB6:
 241:Generated_Source\PSoC4/cyfitter_cfg.c **** 
 242:Generated_Source\PSoC4/cyfitter_cfg.c **** 
 243:Generated_Source\PSoC4/cyfitter_cfg.c **** /* Analog API Functions */
 244:Generated_Source\PSoC4/cyfitter_cfg.c **** 
 245:Generated_Source\PSoC4/cyfitter_cfg.c **** 
 246:Generated_Source\PSoC4/cyfitter_cfg.c **** /*******************************************************************************
 247:Generated_Source\PSoC4/cyfitter_cfg.c **** * Function Name: AnalogSetDefault
 248:Generated_Source\PSoC4/cyfitter_cfg.c **** ********************************************************************************
 249:Generated_Source\PSoC4/cyfitter_cfg.c **** *
 250:Generated_Source\PSoC4/cyfitter_cfg.c **** * Summary:
 251:Generated_Source\PSoC4/cyfitter_cfg.c **** *  Sets up the analog portions of the chip to default values based on chip
 252:Generated_Source\PSoC4/cyfitter_cfg.c **** *  configuration options from the project.
 253:Generated_Source\PSoC4/cyfitter_cfg.c **** *
 254:Generated_Source\PSoC4/cyfitter_cfg.c **** * Parameters:
 255:Generated_Source\PSoC4/cyfitter_cfg.c **** *  void
 256:Generated_Source\PSoC4/cyfitter_cfg.c **** *
 257:Generated_Source\PSoC4/cyfitter_cfg.c **** * Return:
 258:Generated_Source\PSoC4/cyfitter_cfg.c **** *  void
 259:Generated_Source\PSoC4/cyfitter_cfg.c **** *
 260:Generated_Source\PSoC4/cyfitter_cfg.c **** *******************************************************************************/
 261:Generated_Source\PSoC4/cyfitter_cfg.c **** static void AnalogSetDefault(void);
 262:Generated_Source\PSoC4/cyfitter_cfg.c **** static void AnalogSetDefault(void)
 263:Generated_Source\PSoC4/cyfitter_cfg.c **** {
 264:Generated_Source\PSoC4/cyfitter_cfg.c **** }
 265:Generated_Source\PSoC4/cyfitter_cfg.c **** 
 266:Generated_Source\PSoC4/cyfitter_cfg.c **** 
 267:Generated_Source\PSoC4/cyfitter_cfg.c **** 
 268:Generated_Source\PSoC4/cyfitter_cfg.c **** 
 269:Generated_Source\PSoC4/cyfitter_cfg.c **** /*******************************************************************************
 270:Generated_Source\PSoC4/cyfitter_cfg.c **** * Function Name: cyfitter_cfg
 271:Generated_Source\PSoC4/cyfitter_cfg.c **** ********************************************************************************
 272:Generated_Source\PSoC4/cyfitter_cfg.c **** * Summary:
 273:Generated_Source\PSoC4/cyfitter_cfg.c **** *  This function is called by the start-up code for the selected device. It
 274:Generated_Source\PSoC4/cyfitter_cfg.c **** *  performs all of the necessary device configuration based on the design
 275:Generated_Source\PSoC4/cyfitter_cfg.c **** *  settings.  This includes settings from the Design Wide Resources (DWR) such
 276:Generated_Source\PSoC4/cyfitter_cfg.c **** *  as Clocks and Pins as well as any component configuration that is necessary.
 277:Generated_Source\PSoC4/cyfitter_cfg.c **** *
 278:Generated_Source\PSoC4/cyfitter_cfg.c **** * Parameters:
 279:Generated_Source\PSoC4/cyfitter_cfg.c **** *   void
 280:Generated_Source\PSoC4/cyfitter_cfg.c **** *
 281:Generated_Source\PSoC4/cyfitter_cfg.c **** * Return:
 282:Generated_Source\PSoC4/cyfitter_cfg.c **** *   void
 283:Generated_Source\PSoC4/cyfitter_cfg.c **** *
 284:Generated_Source\PSoC4/cyfitter_cfg.c **** *******************************************************************************/
 285:Generated_Source\PSoC4/cyfitter_cfg.c **** CY_CFG_SECTION
 286:Generated_Source\PSoC4/cyfitter_cfg.c **** void cyfitter_cfg(void)
 287:Generated_Source\PSoC4/cyfitter_cfg.c **** {
 216              		.loc 1 287 0
 217              		.cfi_startproc
 218              		@ args = 0, pretend = 0, frame = 0
 219              		@ frame_needed = 0, uses_anonymous_args = 0
 220 0078 10B5     		push	{r4, lr}
ARM GAS  C:\Users\jagumiel\AppData\Local\Temp\ccbO0Hru.s 			page 10


 221              		.cfi_def_cfa_offset 8
 222              		.cfi_offset 4, -8
 223              		.cfi_offset 14, -4
 288:Generated_Source\PSoC4/cyfitter_cfg.c **** 	/* Disable interrupts by default. Let user enable if/when they want. */
 289:Generated_Source\PSoC4/cyfitter_cfg.c **** 	CyGlobalIntDisable;
 224              		.loc 1 289 0
 225              		.syntax divided
 226              	@ 289 "Generated_Source\PSoC4\cyfitter_cfg.c" 1
 227 007a 72B6     		CPSID   i
 228              	@ 0 "" 2
 229              	.LVL18:
 230              		.thumb
 231              		.syntax unified
 232              	.LBB3:
 290:Generated_Source\PSoC4/cyfitter_cfg.c **** 
 291:Generated_Source\PSoC4/cyfitter_cfg.c **** 	{
 292:Generated_Source\PSoC4/cyfitter_cfg.c **** 		static const uint32 CYCODE cy_cfg_addr_table[] = {
 293:Generated_Source\PSoC4/cyfitter_cfg.c **** 			0x400F4002u, /* Base address: 0x400F4000 Count: 2 */
 294:Generated_Source\PSoC4/cyfitter_cfg.c **** 			0x400F4103u, /* Base address: 0x400F4100 Count: 3 */
 295:Generated_Source\PSoC4/cyfitter_cfg.c **** 			0x400F6002u, /* Base address: 0x400F6000 Count: 2 */
 296:Generated_Source\PSoC4/cyfitter_cfg.c **** 		};
 297:Generated_Source\PSoC4/cyfitter_cfg.c **** 
 298:Generated_Source\PSoC4/cyfitter_cfg.c **** 		static const cy_cfg_addrvalue_t CYCODE cy_cfg_data_table[] = {
 299:Generated_Source\PSoC4/cyfitter_cfg.c **** 			{0x0Eu, 0x08u},
 300:Generated_Source\PSoC4/cyfitter_cfg.c **** 			{0xC2u, 0x80u},
 301:Generated_Source\PSoC4/cyfitter_cfg.c **** 			{0x4Au, 0x04u},
 302:Generated_Source\PSoC4/cyfitter_cfg.c **** 			{0xA2u, 0x04u},
 303:Generated_Source\PSoC4/cyfitter_cfg.c **** 			{0xD2u, 0x10u},
 304:Generated_Source\PSoC4/cyfitter_cfg.c **** 			{0x02u, 0x01u},
 305:Generated_Source\PSoC4/cyfitter_cfg.c **** 			{0x11u, 0x01u},
 306:Generated_Source\PSoC4/cyfitter_cfg.c **** 		};
 307:Generated_Source\PSoC4/cyfitter_cfg.c **** 
 308:Generated_Source\PSoC4/cyfitter_cfg.c **** 
 309:Generated_Source\PSoC4/cyfitter_cfg.c **** 
 310:Generated_Source\PSoC4/cyfitter_cfg.c **** 		CYPACKED typedef struct {
 311:Generated_Source\PSoC4/cyfitter_cfg.c **** 			void CYFAR *address;
 312:Generated_Source\PSoC4/cyfitter_cfg.c **** 			uint16 size;
 313:Generated_Source\PSoC4/cyfitter_cfg.c **** 		} CYPACKED_ATTR cfg_memset_t;
 314:Generated_Source\PSoC4/cyfitter_cfg.c **** 
 315:Generated_Source\PSoC4/cyfitter_cfg.c **** 		static const cfg_memset_t CYCODE cfg_memset_list[] = {
 316:Generated_Source\PSoC4/cyfitter_cfg.c **** 			/* address, size */
 317:Generated_Source\PSoC4/cyfitter_cfg.c **** 			{(void CYFAR *)(CYDEV_UDB_P0_U0_BASE), 1024u},
 318:Generated_Source\PSoC4/cyfitter_cfg.c **** 			{(void CYFAR *)(CYDEV_UDB_DSI0_BASE), 1024u},
 319:Generated_Source\PSoC4/cyfitter_cfg.c **** 		};
 320:Generated_Source\PSoC4/cyfitter_cfg.c **** 
 321:Generated_Source\PSoC4/cyfitter_cfg.c **** 		uint8 CYDATA i;
 322:Generated_Source\PSoC4/cyfitter_cfg.c **** 
 323:Generated_Source\PSoC4/cyfitter_cfg.c **** 		/* Zero out critical memory blocks before beginning configuration */
 324:Generated_Source\PSoC4/cyfitter_cfg.c **** 		for (i = 0u; i < (sizeof(cfg_memset_list)/sizeof(cfg_memset_list[0])); i++)
 233              		.loc 1 324 0
 234 007c 0024     		movs	r4, #0
 235 007e 0FE0     		b	.L11
 236              	.LVL19:
 237              	.L12:
 238              	.LBB4:
 325:Generated_Source\PSoC4/cyfitter_cfg.c **** 		{
 326:Generated_Source\PSoC4/cyfitter_cfg.c **** 			const cfg_memset_t CYCODE * CYDATA ms = &cfg_memset_list[i];
ARM GAS  C:\Users\jagumiel\AppData\Local\Temp\ccbO0Hru.s 			page 11


 327:Generated_Source\PSoC4/cyfitter_cfg.c **** 			CYMEMZERO(ms->address, (size_t)(uint32)(ms->size));
 239              		.loc 1 327 0 discriminator 3
 240 0080 2248     		ldr	r0, .L13
 241 0082 6200     		lsls	r2, r4, #1
 242 0084 1319     		adds	r3, r2, r4
 243 0086 5900     		lsls	r1, r3, #1
 244 0088 0B00     		movs	r3, r1
 245 008a 4118     		adds	r1, r0, r1
 246 008c 8988     		ldrh	r1, [r1, #4]
 247 008e 1A5A     		ldrh	r2, [r3, r0]
 248 0090 C318     		adds	r3, r0, r3
 249 0092 5888     		ldrh	r0, [r3, #2]
 250 0094 0004     		lsls	r0, r0, #16
 251 0096 1043     		orrs	r0, r2
 252 0098 FFF7FEFF 		bl	CYMEMZERO
 253              	.LVL20:
 254              	.LBE4:
 324:Generated_Source\PSoC4/cyfitter_cfg.c **** 		{
 255              		.loc 1 324 0 discriminator 3
 256 009c 0134     		adds	r4, r4, #1
 257              	.LVL21:
 258 009e E4B2     		uxtb	r4, r4
 259              	.LVL22:
 260              	.L11:
 324:Generated_Source\PSoC4/cyfitter_cfg.c **** 		{
 261              		.loc 1 324 0 is_stmt 0 discriminator 1
 262 00a0 012C     		cmp	r4, #1
 263 00a2 EDD9     		bls	.L12
 328:Generated_Source\PSoC4/cyfitter_cfg.c **** 		}
 329:Generated_Source\PSoC4/cyfitter_cfg.c **** 
 330:Generated_Source\PSoC4/cyfitter_cfg.c **** 		cfg_write_bytes32(cy_cfg_addr_table, cy_cfg_data_table);
 264              		.loc 1 330 0 is_stmt 1
 265 00a4 1948     		ldr	r0, .L13
 266 00a6 0100     		movs	r1, r0
 267 00a8 0C31     		adds	r1, r1, #12
 268 00aa 1C30     		adds	r0, r0, #28
 269 00ac FFF7FEFF 		bl	cfg_write_bytes32
 270              	.LVL23:
 331:Generated_Source\PSoC4/cyfitter_cfg.c **** 
 332:Generated_Source\PSoC4/cyfitter_cfg.c **** 		/* HSIOM Starting address: CYDEV_HSIOM_BASE */
 333:Generated_Source\PSoC4/cyfitter_cfg.c **** 		CY_SET_REG32((void *)(CYREG_HSIOM_PORT_SEL3), 0x0000EE00u);
 271              		.loc 1 333 0
 272 00b0 EE22     		movs	r2, #238
 273 00b2 1202     		lsls	r2, r2, #8
 274 00b4 164B     		ldr	r3, .L13+4
 275 00b6 1A60     		str	r2, [r3]
 334:Generated_Source\PSoC4/cyfitter_cfg.c **** 
 335:Generated_Source\PSoC4/cyfitter_cfg.c **** 		/* UDB_PA_0 Starting address: CYDEV_UDB_PA0_BASE */
 336:Generated_Source\PSoC4/cyfitter_cfg.c **** 		CY_SET_REG32((void *)(CYDEV_UDB_PA0_BASE), 0x00990004u);
 276              		.loc 1 336 0
 277 00b8 164A     		ldr	r2, .L13+8
 278 00ba 174B     		ldr	r3, .L13+12
 279 00bc 1A60     		str	r2, [r3]
 337:Generated_Source\PSoC4/cyfitter_cfg.c **** 		CY_SET_REG32((void *)(CYREG_UDB_PA0_CFG4), 0x80000000u);
 280              		.loc 1 337 0
 281 00be 8022     		movs	r2, #128
 282 00c0 1206     		lsls	r2, r2, #24
ARM GAS  C:\Users\jagumiel\AppData\Local\Temp\ccbO0Hru.s 			page 12


 283 00c2 164B     		ldr	r3, .L13+16
 284 00c4 1A60     		str	r2, [r3]
 338:Generated_Source\PSoC4/cyfitter_cfg.c **** 
 339:Generated_Source\PSoC4/cyfitter_cfg.c **** 		/* UDB_PA_1 Starting address: CYDEV_UDB_PA1_BASE */
 340:Generated_Source\PSoC4/cyfitter_cfg.c **** 		CY_SET_REG32((void *)(CYDEV_UDB_PA1_BASE), 0x00990000u);
 285              		.loc 1 340 0
 286 00c6 9923     		movs	r3, #153
 287 00c8 1B04     		lsls	r3, r3, #16
 288 00ca 154A     		ldr	r2, .L13+20
 289 00cc 1360     		str	r3, [r2]
 341:Generated_Source\PSoC4/cyfitter_cfg.c **** 
 342:Generated_Source\PSoC4/cyfitter_cfg.c **** 		/* UDB_PA_3 Starting address: CYDEV_UDB_PA3_BASE */
 343:Generated_Source\PSoC4/cyfitter_cfg.c **** 		CY_SET_REG32((void *)(CYDEV_UDB_PA3_BASE), 0x00990000u);
 290              		.loc 1 343 0
 291 00ce 154A     		ldr	r2, .L13+24
 292 00d0 1360     		str	r3, [r2]
 344:Generated_Source\PSoC4/cyfitter_cfg.c **** 
 345:Generated_Source\PSoC4/cyfitter_cfg.c **** 		/* TCPWM_CNT0 Starting address: CYDEV_TCPWM_CNT0_TR_CTRL0 */
 346:Generated_Source\PSoC4/cyfitter_cfg.c **** 		CY_SET_REG32((void *)(CYREG_TCPWM_CNT0_TR_CTRL0), 0x000000E0u);
 293              		.loc 1 346 0
 294 00d2 E022     		movs	r2, #224
 295 00d4 144B     		ldr	r3, .L13+28
 296 00d6 1A60     		str	r2, [r3]
 347:Generated_Source\PSoC4/cyfitter_cfg.c **** 
 348:Generated_Source\PSoC4/cyfitter_cfg.c **** 		/* Enable digital routing */
 349:Generated_Source\PSoC4/cyfitter_cfg.c **** 		CY_SET_XTND_REG8((void *)CYREG_UDB_UDBIF_BANK_CTL, (uint8)(CY_GET_XTND_REG8((void *)CYREG_UDB_UDB
 297              		.loc 1 349 0
 298 00d8 144A     		ldr	r2, .L13+32
 299 00da 1178     		ldrb	r1, [r2]
 300 00dc 0623     		movs	r3, #6
 301 00de 0B43     		orrs	r3, r1
 302 00e0 DBB2     		uxtb	r3, r3
 303 00e2 1370     		strb	r3, [r2]
 304              	.LBE3:
 350:Generated_Source\PSoC4/cyfitter_cfg.c **** 	}
 351:Generated_Source\PSoC4/cyfitter_cfg.c **** 
 352:Generated_Source\PSoC4/cyfitter_cfg.c **** 	/* Perform second pass device configuration. These items must be configured in specific order afte
 353:Generated_Source\PSoC4/cyfitter_cfg.c **** 	/* IOPINS0_0 Starting address: CYDEV_PRT0_BASE */
 354:Generated_Source\PSoC4/cyfitter_cfg.c **** 	CY_SET_REG32((void *)(CYDEV_PRT0_BASE), 0x0000008Cu);
 305              		.loc 1 354 0
 306 00e4 8C22     		movs	r2, #140
 307 00e6 124B     		ldr	r3, .L13+36
 308 00e8 1A60     		str	r2, [r3]
 355:Generated_Source\PSoC4/cyfitter_cfg.c **** 	CY_SET_REG32((void *)(CYREG_PRT0_PC), 0x00400D80u);
 309              		.loc 1 355 0
 310 00ea 124A     		ldr	r2, .L13+40
 311 00ec 124B     		ldr	r3, .L13+44
 312 00ee 1A60     		str	r2, [r3]
 356:Generated_Source\PSoC4/cyfitter_cfg.c **** 
 357:Generated_Source\PSoC4/cyfitter_cfg.c **** 	/* IOPINS0_1 Starting address: CYDEV_PRT1_BASE */
 358:Generated_Source\PSoC4/cyfitter_cfg.c **** 	CY_SET_REG32((void *)(CYDEV_PRT1_BASE), 0x00000040u);
 313              		.loc 1 358 0
 314 00f0 4022     		movs	r2, #64
 315 00f2 124B     		ldr	r3, .L13+48
 316 00f4 1A60     		str	r2, [r3]
 359:Generated_Source\PSoC4/cyfitter_cfg.c **** 	CY_SET_REG32((void *)(CYREG_PRT1_PC), 0x00180000u);
 317              		.loc 1 359 0
ARM GAS  C:\Users\jagumiel\AppData\Local\Temp\ccbO0Hru.s 			page 13


 318 00f6 C022     		movs	r2, #192
 319 00f8 5203     		lsls	r2, r2, #13
 320 00fa 114B     		ldr	r3, .L13+52
 321 00fc 1A60     		str	r2, [r3]
 360:Generated_Source\PSoC4/cyfitter_cfg.c **** 
 361:Generated_Source\PSoC4/cyfitter_cfg.c **** 	/* IOPINS0_3 Starting address: CYDEV_PRT3_BASE */
 362:Generated_Source\PSoC4/cyfitter_cfg.c **** 	CY_SET_REG32((void *)(CYREG_PRT3_PC), 0x00000D80u);
 322              		.loc 1 362 0
 323 00fe D822     		movs	r2, #216
 324 0100 1201     		lsls	r2, r2, #4
 325 0102 104B     		ldr	r3, .L13+56
 326 0104 1A60     		str	r2, [r3]
 363:Generated_Source\PSoC4/cyfitter_cfg.c **** 
 364:Generated_Source\PSoC4/cyfitter_cfg.c **** 
 365:Generated_Source\PSoC4/cyfitter_cfg.c **** 	/* Setup clocks based on selections from Clock DWR */
 366:Generated_Source\PSoC4/cyfitter_cfg.c **** 	ClockSetup();
 327              		.loc 1 366 0
 328 0106 FFF77BFF 		bl	ClockSetup
 329              	.LVL24:
 367:Generated_Source\PSoC4/cyfitter_cfg.c **** 
 368:Generated_Source\PSoC4/cyfitter_cfg.c **** 	/* Perform basic analog initialization to defaults */
 369:Generated_Source\PSoC4/cyfitter_cfg.c **** 	AnalogSetDefault();
 370:Generated_Source\PSoC4/cyfitter_cfg.c **** 
 371:Generated_Source\PSoC4/cyfitter_cfg.c **** }
 330              		.loc 1 371 0
 331              		@ sp needed
 332              	.LVL25:
 333 010a 10BD     		pop	{r4, pc}
 334              	.L14:
 335              		.align	2
 336              	.L13:
 337 010c 00000000 		.word	.LANCHOR0
 338 0110 0C000140 		.word	1073807372
 339 0114 04009900 		.word	10027012
 340 0118 00500F40 		.word	1074745344
 341 011c 04500F40 		.word	1074745348
 342 0120 10500F40 		.word	1074745360
 343 0124 30500F40 		.word	1074745392
 344 0128 20010540 		.word	1074069792
 345 012c 00700F40 		.word	1074753536
 346 0130 00000440 		.word	1074003968
 347 0134 800D4000 		.word	4197760
 348 0138 08000440 		.word	1074003976
 349 013c 00010440 		.word	1074004224
 350 0140 08010440 		.word	1074004232
 351 0144 08030440 		.word	1074004744
 352              		.cfi_endproc
 353              	.LFE6:
 354              		.size	cyfitter_cfg, .-cyfitter_cfg
 355              		.section	.rodata
 356              		.align	2
 357              		.set	.LANCHOR0,. + 0
 358              		.type	cfg_memset_list.4870, %object
 359              		.size	cfg_memset_list.4870, 12
 360              	cfg_memset_list.4870:
 361 0000 00300F40 		.word	1074737152
 362 0004 0004     		.short	1024
ARM GAS  C:\Users\jagumiel\AppData\Local\Temp\ccbO0Hru.s 			page 14


 363 0006 00400F40 		.4byte	1074741248
 364 000a 0004     		.short	1024
 365              		.type	cy_cfg_data_table.4865, %object
 366              		.size	cy_cfg_data_table.4865, 14
 367              	cy_cfg_data_table.4865:
 368 000c 0E       		.byte	14
 369 000d 08       		.byte	8
 370 000e C2       		.byte	-62
 371 000f 80       		.byte	-128
 372 0010 4A       		.byte	74
 373 0011 04       		.byte	4
 374 0012 A2       		.byte	-94
 375 0013 04       		.byte	4
 376 0014 D2       		.byte	-46
 377 0015 10       		.byte	16
 378 0016 02       		.byte	2
 379 0017 01       		.byte	1
 380 0018 11       		.byte	17
 381 0019 01       		.byte	1
 382 001a 0000     		.space	2
 383              		.type	cy_cfg_addr_table.4864, %object
 384              		.size	cy_cfg_addr_table.4864, 12
 385              	cy_cfg_addr_table.4864:
 386 001c 02400F40 		.word	1074741250
 387 0020 03410F40 		.word	1074741507
 388 0024 02600F40 		.word	1074749442
 389              		.text
 390              	.Letext0:
 391              		.file 2 "c:\\program files (x86)\\cypress\\psoc creator\\4.2\\psoc creator\\import\\gnu\\arm\\5.4.
 392              		.file 3 "Generated_Source\\PSoC4\\cytypes.h"
 393              		.file 4 "Generated_Source\\PSoC4\\CyLib.h"
 394              		.section	.debug_info,"",%progbits
 395              	.Ldebug_info0:
 396 0000 9C030000 		.4byte	0x39c
 397 0004 0400     		.2byte	0x4
 398 0006 00000000 		.4byte	.Ldebug_abbrev0
 399 000a 04       		.byte	0x4
 400 000b 01       		.uleb128 0x1
 401 000c 79010000 		.4byte	.LASF39
 402 0010 0C       		.byte	0xc
 403 0011 A6020000 		.4byte	.LASF40
 404 0015 30010000 		.4byte	.LASF41
 405 0019 00000000 		.4byte	.Ldebug_ranges0+0
 406 001d 00000000 		.4byte	0
 407 0021 00000000 		.4byte	.Ldebug_line0
 408 0025 02       		.uleb128 0x2
 409 0026 04       		.byte	0x4
 410 0027 05       		.byte	0x5
 411 0028 696E7400 		.ascii	"int\000"
 412 002c 03       		.uleb128 0x3
 413 002d 06000000 		.4byte	.LASF12
 414 0031 02       		.byte	0x2
 415 0032 D8       		.byte	0xd8
 416 0033 37000000 		.4byte	0x37
 417 0037 04       		.uleb128 0x4
 418 0038 04       		.byte	0x4
 419 0039 07       		.byte	0x7
ARM GAS  C:\Users\jagumiel\AppData\Local\Temp\ccbO0Hru.s 			page 15


 420 003a F7000000 		.4byte	.LASF0
 421 003e 04       		.uleb128 0x4
 422 003f 08       		.byte	0x8
 423 0040 05       		.byte	0x5
 424 0041 39020000 		.4byte	.LASF1
 425 0045 04       		.uleb128 0x4
 426 0046 08       		.byte	0x8
 427 0047 04       		.byte	0x4
 428 0048 8E020000 		.4byte	.LASF2
 429 004c 04       		.uleb128 0x4
 430 004d 01       		.byte	0x1
 431 004e 06       		.byte	0x6
 432 004f 9A020000 		.4byte	.LASF3
 433 0053 04       		.uleb128 0x4
 434 0054 01       		.byte	0x1
 435 0055 08       		.byte	0x8
 436 0056 99000000 		.4byte	.LASF4
 437 005a 04       		.uleb128 0x4
 438 005b 02       		.byte	0x2
 439 005c 05       		.byte	0x5
 440 005d 66020000 		.4byte	.LASF5
 441 0061 04       		.uleb128 0x4
 442 0062 02       		.byte	0x2
 443 0063 07       		.byte	0x7
 444 0064 26020000 		.4byte	.LASF6
 445 0068 04       		.uleb128 0x4
 446 0069 04       		.byte	0x4
 447 006a 05       		.byte	0x5
 448 006b 85020000 		.4byte	.LASF7
 449 006f 04       		.uleb128 0x4
 450 0070 04       		.byte	0x4
 451 0071 07       		.byte	0x7
 452 0072 77000000 		.4byte	.LASF8
 453 0076 04       		.uleb128 0x4
 454 0077 08       		.byte	0x8
 455 0078 07       		.byte	0x7
 456 0079 19010000 		.4byte	.LASF9
 457 007d 04       		.uleb128 0x4
 458 007e 04       		.byte	0x4
 459 007f 07       		.byte	0x7
 460 0080 1D020000 		.4byte	.LASF10
 461 0084 05       		.uleb128 0x5
 462 0085 04       		.byte	0x4
 463 0086 04       		.uleb128 0x4
 464 0087 01       		.byte	0x1
 465 0088 08       		.byte	0x8
 466 0089 47020000 		.4byte	.LASF11
 467 008d 06       		.uleb128 0x6
 468 008e 89000000 		.4byte	.LASF13
 469 0092 03       		.byte	0x3
 470 0093 E401     		.2byte	0x1e4
 471 0095 53000000 		.4byte	0x53
 472 0099 06       		.uleb128 0x6
 473 009a DE000000 		.4byte	.LASF14
 474 009e 03       		.byte	0x3
 475 009f E501     		.2byte	0x1e5
 476 00a1 61000000 		.4byte	0x61
ARM GAS  C:\Users\jagumiel\AppData\Local\Temp\ccbO0Hru.s 			page 16


 477 00a5 06       		.uleb128 0x6
 478 00a6 F0000000 		.4byte	.LASF15
 479 00aa 03       		.byte	0x3
 480 00ab E601     		.2byte	0x1e6
 481 00ad 6F000000 		.4byte	0x6f
 482 00b1 04       		.uleb128 0x4
 483 00b2 04       		.byte	0x4
 484 00b3 04       		.byte	0x4
 485 00b4 57000000 		.4byte	.LASF16
 486 00b8 04       		.uleb128 0x4
 487 00b9 08       		.byte	0x8
 488 00ba 04       		.byte	0x4
 489 00bb AE000000 		.4byte	.LASF17
 490 00bf 06       		.uleb128 0x6
 491 00c0 72000000 		.4byte	.LASF18
 492 00c4 03       		.byte	0x3
 493 00c5 8E02     		.2byte	0x28e
 494 00c7 CB000000 		.4byte	0xcb
 495 00cb 07       		.uleb128 0x7
 496 00cc 8D000000 		.4byte	0x8d
 497 00d0 06       		.uleb128 0x6
 498 00d1 00000000 		.4byte	.LASF19
 499 00d5 03       		.byte	0x3
 500 00d6 9002     		.2byte	0x290
 501 00d8 DC000000 		.4byte	0xdc
 502 00dc 07       		.uleb128 0x7
 503 00dd A5000000 		.4byte	0xa5
 504 00e1 08       		.uleb128 0x8
 505 00e2 02       		.byte	0x2
 506 00e3 01       		.byte	0x1
 507 00e4 97       		.byte	0x97
 508 00e5 02010000 		.4byte	0x102
 509 00e9 09       		.uleb128 0x9
 510 00ea 5F020000 		.4byte	.LASF20
 511 00ee 01       		.byte	0x1
 512 00ef 99       		.byte	0x99
 513 00f0 8D000000 		.4byte	0x8d
 514 00f4 00       		.byte	0
 515 00f5 09       		.uleb128 0x9
 516 00f6 1C000000 		.4byte	.LASF21
 517 00fa 01       		.byte	0x1
 518 00fb 9A       		.byte	0x9a
 519 00fc 8D000000 		.4byte	0x8d
 520 0100 01       		.byte	0x1
 521 0101 00       		.byte	0
 522 0102 03       		.uleb128 0x3
 523 0103 4C020000 		.4byte	.LASF22
 524 0107 01       		.byte	0x1
 525 0108 9B       		.byte	0x9b
 526 0109 E1000000 		.4byte	0xe1
 527 010d 0A       		.uleb128 0xa
 528 010e B5000000 		.4byte	.LASF27
 529 0112 01       		.byte	0x1
 530 0113 AE       		.byte	0xae
 531 0114 00000000 		.4byte	.LFB3
 532 0118 32000000 		.4byte	.LFE3-.LFB3
 533 011c 01       		.uleb128 0x1
ARM GAS  C:\Users\jagumiel\AppData\Local\Temp\ccbO0Hru.s 			page 17


 534 011d 9C       		.byte	0x9c
 535 011e 7F010000 		.4byte	0x17f
 536 0122 0B       		.uleb128 0xb
 537 0123 D3000000 		.4byte	.LASF23
 538 0127 01       		.byte	0x1
 539 0128 AE       		.byte	0xae
 540 0129 7F010000 		.4byte	0x17f
 541 012d 01       		.uleb128 0x1
 542 012e 50       		.byte	0x50
 543 012f 0B       		.uleb128 0xb
 544 0130 E5000000 		.4byte	.LASF24
 545 0134 01       		.byte	0x1
 546 0135 AE       		.byte	0xae
 547 0136 8A010000 		.4byte	0x18a
 548 013a 01       		.uleb128 0x1
 549 013b 51       		.byte	0x51
 550 013c 0C       		.uleb128 0xc
 551 013d 6900     		.ascii	"i\000"
 552 013f 01       		.byte	0x1
 553 0140 B1       		.byte	0xb1
 554 0141 A5000000 		.4byte	0xa5
 555 0145 00000000 		.4byte	.LLST0
 556 0149 0C       		.uleb128 0xc
 557 014a 6A00     		.ascii	"j\000"
 558 014c 01       		.byte	0x1
 559 014d B1       		.byte	0xb1
 560 014e A5000000 		.4byte	0xa5
 561 0152 1F000000 		.4byte	.LLST1
 562 0156 0D       		.uleb128 0xd
 563 0157 08000000 		.4byte	.LBB2
 564 015b 22000000 		.4byte	.LBE2-.LBB2
 565 015f 0E       		.uleb128 0xe
 566 0160 14020000 		.4byte	.LASF25
 567 0164 01       		.byte	0x1
 568 0165 B4       		.byte	0xb4
 569 0166 A5000000 		.4byte	0xa5
 570 016a 3E000000 		.4byte	.LLST2
 571 016e 0E       		.uleb128 0xe
 572 016f 22000000 		.4byte	.LASF26
 573 0173 01       		.byte	0x1
 574 0174 B5       		.byte	0xb5
 575 0175 8D000000 		.4byte	0x8d
 576 0179 51000000 		.4byte	.LLST3
 577 017d 00       		.byte	0
 578 017e 00       		.byte	0
 579 017f 0F       		.uleb128 0xf
 580 0180 04       		.byte	0x4
 581 0181 85010000 		.4byte	0x185
 582 0185 10       		.uleb128 0x10
 583 0186 A5000000 		.4byte	0xa5
 584 018a 0F       		.uleb128 0xf
 585 018b 04       		.byte	0x4
 586 018c 90010000 		.4byte	0x190
 587 0190 10       		.uleb128 0x10
 588 0191 02010000 		.4byte	0x102
 589 0195 0A       		.uleb128 0xa
 590 0196 8F000000 		.4byte	.LASF28
ARM GAS  C:\Users\jagumiel\AppData\Local\Temp\ccbO0Hru.s 			page 18


 591 019a 01       		.byte	0x1
 592 019b 4C       		.byte	0x4c
 593 019c 00000000 		.4byte	.LFB0
 594 01a0 0C000000 		.4byte	.LFE0-.LFB0
 595 01a4 01       		.uleb128 0x1
 596 01a5 9C       		.byte	0x9c
 597 01a6 E2010000 		.4byte	0x1e2
 598 01aa 11       		.uleb128 0x11
 599 01ab 7300     		.ascii	"s\000"
 600 01ad 01       		.byte	0x1
 601 01ae 4C       		.byte	0x4c
 602 01af 84000000 		.4byte	0x84
 603 01b3 6F000000 		.4byte	.LLST4
 604 01b7 11       		.uleb128 0x11
 605 01b8 6E00     		.ascii	"n\000"
 606 01ba 01       		.byte	0x1
 607 01bb 4C       		.byte	0x4c
 608 01bc 2C000000 		.4byte	0x2c
 609 01c0 90000000 		.4byte	.LLST5
 610 01c4 12       		.uleb128 0x12
 611 01c5 0A000000 		.4byte	.LVL14
 612 01c9 75030000 		.4byte	0x375
 613 01cd 13       		.uleb128 0x13
 614 01ce 01       		.uleb128 0x1
 615 01cf 50       		.byte	0x50
 616 01d0 03       		.uleb128 0x3
 617 01d1 F3       		.byte	0xf3
 618 01d2 01       		.uleb128 0x1
 619 01d3 50       		.byte	0x50
 620 01d4 13       		.uleb128 0x13
 621 01d5 01       		.uleb128 0x1
 622 01d6 51       		.byte	0x51
 623 01d7 01       		.uleb128 0x1
 624 01d8 30       		.byte	0x30
 625 01d9 13       		.uleb128 0x13
 626 01da 01       		.uleb128 0x1
 627 01db 52       		.byte	0x52
 628 01dc 03       		.uleb128 0x3
 629 01dd F3       		.byte	0xf3
 630 01de 01       		.uleb128 0x1
 631 01df 51       		.byte	0x51
 632 01e0 00       		.byte	0
 633 01e1 00       		.byte	0
 634 01e2 0A       		.uleb128 0xa
 635 01e3 28000000 		.4byte	.LASF29
 636 01e7 01       		.byte	0x1
 637 01e8 D3       		.byte	0xd3
 638 01e9 00000000 		.4byte	.LFB4
 639 01ed 78000000 		.4byte	.LFE4-.LFB4
 640 01f1 01       		.uleb128 0x1
 641 01f2 9C       		.byte	0x9c
 642 01f3 2D020000 		.4byte	0x22d
 643 01f7 14       		.uleb128 0x14
 644 01f8 14000000 		.4byte	.LVL15
 645 01fc 7E030000 		.4byte	0x37e
 646 0200 0A020000 		.4byte	0x20a
 647 0204 13       		.uleb128 0x13
ARM GAS  C:\Users\jagumiel\AppData\Local\Temp\ccbO0Hru.s 			page 19


 648 0205 01       		.uleb128 0x1
 649 0206 50       		.byte	0x50
 650 0207 01       		.uleb128 0x1
 651 0208 48       		.byte	0x48
 652 0209 00       		.byte	0
 653 020a 14       		.uleb128 0x14
 654 020b 42000000 		.4byte	.LVL16
 655 020f 89030000 		.4byte	0x389
 656 0213 1D020000 		.4byte	0x21d
 657 0217 13       		.uleb128 0x13
 658 0218 01       		.uleb128 0x1
 659 0219 50       		.byte	0x50
 660 021a 01       		.uleb128 0x1
 661 021b 39       		.byte	0x39
 662 021c 00       		.byte	0
 663 021d 12       		.uleb128 0x12
 664 021e 48000000 		.4byte	.LVL17
 665 0222 94030000 		.4byte	0x394
 666 0226 13       		.uleb128 0x13
 667 0227 01       		.uleb128 0x1
 668 0228 50       		.byte	0x50
 669 0229 01       		.uleb128 0x1
 670 022a 39       		.byte	0x39
 671 022b 00       		.byte	0
 672 022c 00       		.byte	0
 673 022d 15       		.uleb128 0x15
 674 022e 04010000 		.4byte	.LASF42
 675 0232 01       		.byte	0x1
 676 0233 1E01     		.2byte	0x11e
 677 0235 78000000 		.4byte	.LFB6
 678 0239 D0000000 		.4byte	.LFE6-.LFB6
 679 023d 01       		.uleb128 0x1
 680 023e 9C       		.byte	0x9c
 681 023f 4B030000 		.4byte	0x34b
 682 0243 16       		.uleb128 0x16
 683 0244 7C000000 		.4byte	.LBB3
 684 0248 68000000 		.4byte	.LBE3-.LBB3
 685 024c 41030000 		.4byte	0x341
 686 0250 17       		.uleb128 0x17
 687 0251 33000000 		.4byte	.LASF30
 688 0255 01       		.byte	0x1
 689 0256 2401     		.2byte	0x124
 690 0258 5B030000 		.4byte	0x35b
 691 025c 05       		.uleb128 0x5
 692 025d 03       		.byte	0x3
 693 025e 1C000000 		.4byte	cy_cfg_addr_table.4864
 694 0262 17       		.uleb128 0x17
 695 0263 45000000 		.4byte	.LASF31
 696 0267 01       		.byte	0x1
 697 0268 2A01     		.2byte	0x12a
 698 026a 70030000 		.4byte	0x370
 699 026e 05       		.uleb128 0x5
 700 026f 03       		.byte	0x3
 701 0270 0C000000 		.4byte	cy_cfg_data_table.4865
 702 0274 18       		.uleb128 0x18
 703 0275 06       		.byte	0x6
 704 0276 01       		.byte	0x1
ARM GAS  C:\Users\jagumiel\AppData\Local\Temp\ccbO0Hru.s 			page 20


 705 0277 3601     		.2byte	0x136
 706 0279 98020000 		.4byte	0x298
 707 027d 19       		.uleb128 0x19
 708 027e 11010000 		.4byte	.LASF32
 709 0282 01       		.byte	0x1
 710 0283 3701     		.2byte	0x137
 711 0285 84000000 		.4byte	0x84
 712 0289 00       		.byte	0
 713 028a 19       		.uleb128 0x19
 714 028b 6D000000 		.4byte	.LASF33
 715 028f 01       		.byte	0x1
 716 0290 3801     		.2byte	0x138
 717 0292 99000000 		.4byte	0x99
 718 0296 04       		.byte	0x4
 719 0297 00       		.byte	0
 720 0298 06       		.uleb128 0x6
 721 0299 07020000 		.4byte	.LASF34
 722 029d 01       		.byte	0x1
 723 029e 3901     		.2byte	0x139
 724 02a0 74020000 		.4byte	0x274
 725 02a4 1A       		.uleb128 0x1a
 726 02a5 B4020000 		.4byte	0x2b4
 727 02a9 B4020000 		.4byte	0x2b4
 728 02ad 1B       		.uleb128 0x1b
 729 02ae 7D000000 		.4byte	0x7d
 730 02b2 01       		.byte	0x1
 731 02b3 00       		.byte	0
 732 02b4 10       		.uleb128 0x10
 733 02b5 98020000 		.4byte	0x298
 734 02b9 17       		.uleb128 0x17
 735 02ba 5D000000 		.4byte	.LASF35
 736 02be 01       		.byte	0x1
 737 02bf 3B01     		.2byte	0x13b
 738 02c1 CB020000 		.4byte	0x2cb
 739 02c5 05       		.uleb128 0x5
 740 02c6 03       		.byte	0x3
 741 02c7 00000000 		.4byte	cfg_memset_list.4870
 742 02cb 10       		.uleb128 0x10
 743 02cc A4020000 		.4byte	0x2a4
 744 02d0 1C       		.uleb128 0x1c
 745 02d1 6900     		.ascii	"i\000"
 746 02d3 01       		.byte	0x1
 747 02d4 4101     		.2byte	0x141
 748 02d6 8D000000 		.4byte	0x8d
 749 02da BC000000 		.4byte	.LLST6
 750 02de 16       		.uleb128 0x16
 751 02df 80000000 		.4byte	.LBB4
 752 02e3 1C000000 		.4byte	.LBE4-.LBB4
 753 02e7 24030000 		.4byte	0x324
 754 02eb 1C       		.uleb128 0x1c
 755 02ec 6D7300   		.ascii	"ms\000"
 756 02ef 01       		.byte	0x1
 757 02f0 4601     		.2byte	0x146
 758 02f2 FA020000 		.4byte	0x2fa
 759 02f6 E6000000 		.4byte	.LLST7
 760 02fa 0F       		.uleb128 0xf
 761 02fb 04       		.byte	0x4
ARM GAS  C:\Users\jagumiel\AppData\Local\Temp\ccbO0Hru.s 			page 21


 762 02fc B4020000 		.4byte	0x2b4
 763 0300 12       		.uleb128 0x12
 764 0301 9C000000 		.4byte	.LVL20
 765 0305 95010000 		.4byte	0x195
 766 0309 13       		.uleb128 0x13
 767 030a 01       		.uleb128 0x1
 768 030b 51       		.byte	0x51
 769 030c 15       		.uleb128 0x15
 770 030d 74       		.byte	0x74
 771 030e 00       		.sleb128 0
 772 030f 31       		.byte	0x31
 773 0310 24       		.byte	0x24
 774 0311 74       		.byte	0x74
 775 0312 00       		.sleb128 0
 776 0313 22       		.byte	0x22
 777 0314 31       		.byte	0x31
 778 0315 24       		.byte	0x24
 779 0316 03       		.byte	0x3
 780 0317 04000000 		.4byte	.LANCHOR0+4
 781 031b 22       		.byte	0x22
 782 031c 94       		.byte	0x94
 783 031d 02       		.byte	0x2
 784 031e 0A       		.byte	0xa
 785 031f FFFF     		.2byte	0xffff
 786 0321 1A       		.byte	0x1a
 787 0322 00       		.byte	0
 788 0323 00       		.byte	0
 789 0324 12       		.uleb128 0x12
 790 0325 B0000000 		.4byte	.LVL23
 791 0329 0D010000 		.4byte	0x10d
 792 032d 13       		.uleb128 0x13
 793 032e 01       		.uleb128 0x1
 794 032f 50       		.byte	0x50
 795 0330 05       		.uleb128 0x5
 796 0331 03       		.byte	0x3
 797 0332 1C000000 		.4byte	.LANCHOR0+28
 798 0336 13       		.uleb128 0x13
 799 0337 01       		.uleb128 0x1
 800 0338 51       		.byte	0x51
 801 0339 05       		.uleb128 0x5
 802 033a 03       		.byte	0x3
 803 033b 0C000000 		.4byte	.LANCHOR0+12
 804 033f 00       		.byte	0
 805 0340 00       		.byte	0
 806 0341 1D       		.uleb128 0x1d
 807 0342 0A010000 		.4byte	.LVL24
 808 0346 E2010000 		.4byte	0x1e2
 809 034a 00       		.byte	0
 810 034b 1A       		.uleb128 0x1a
 811 034c 85010000 		.4byte	0x185
 812 0350 5B030000 		.4byte	0x35b
 813 0354 1B       		.uleb128 0x1b
 814 0355 7D000000 		.4byte	0x7d
 815 0359 02       		.byte	0x2
 816 035a 00       		.byte	0
 817 035b 10       		.uleb128 0x10
 818 035c 4B030000 		.4byte	0x34b
ARM GAS  C:\Users\jagumiel\AppData\Local\Temp\ccbO0Hru.s 			page 22


 819 0360 1A       		.uleb128 0x1a
 820 0361 90010000 		.4byte	0x190
 821 0365 70030000 		.4byte	0x370
 822 0369 1B       		.uleb128 0x1b
 823 036a 7D000000 		.4byte	0x7d
 824 036e 06       		.byte	0x6
 825 036f 00       		.byte	0
 826 0370 10       		.uleb128 0x10
 827 0371 60030000 		.4byte	0x360
 828 0375 1E       		.uleb128 0x1e
 829 0376 A7000000 		.4byte	.LASF43
 830 037a A7000000 		.4byte	.LASF43
 831 037e 1F       		.uleb128 0x1f
 832 037f 70020000 		.4byte	.LASF36
 833 0383 70020000 		.4byte	.LASF36
 834 0387 04       		.byte	0x4
 835 0388 6C       		.byte	0x6c
 836 0389 1F       		.uleb128 0x1f
 837 038a 0D000000 		.4byte	.LASF37
 838 038e 0D000000 		.4byte	.LASF37
 839 0392 04       		.byte	0x4
 840 0393 BD       		.byte	0xbd
 841 0394 1F       		.uleb128 0x1f
 842 0395 C7000000 		.4byte	.LASF38
 843 0399 C7000000 		.4byte	.LASF38
 844 039d 04       		.byte	0x4
 845 039e C3       		.byte	0xc3
 846 039f 00       		.byte	0
 847              		.section	.debug_abbrev,"",%progbits
 848              	.Ldebug_abbrev0:
 849 0000 01       		.uleb128 0x1
 850 0001 11       		.uleb128 0x11
 851 0002 01       		.byte	0x1
 852 0003 25       		.uleb128 0x25
 853 0004 0E       		.uleb128 0xe
 854 0005 13       		.uleb128 0x13
 855 0006 0B       		.uleb128 0xb
 856 0007 03       		.uleb128 0x3
 857 0008 0E       		.uleb128 0xe
 858 0009 1B       		.uleb128 0x1b
 859 000a 0E       		.uleb128 0xe
 860 000b 55       		.uleb128 0x55
 861 000c 17       		.uleb128 0x17
 862 000d 11       		.uleb128 0x11
 863 000e 01       		.uleb128 0x1
 864 000f 10       		.uleb128 0x10
 865 0010 17       		.uleb128 0x17
 866 0011 00       		.byte	0
 867 0012 00       		.byte	0
 868 0013 02       		.uleb128 0x2
 869 0014 24       		.uleb128 0x24
 870 0015 00       		.byte	0
 871 0016 0B       		.uleb128 0xb
 872 0017 0B       		.uleb128 0xb
 873 0018 3E       		.uleb128 0x3e
 874 0019 0B       		.uleb128 0xb
 875 001a 03       		.uleb128 0x3
ARM GAS  C:\Users\jagumiel\AppData\Local\Temp\ccbO0Hru.s 			page 23


 876 001b 08       		.uleb128 0x8
 877 001c 00       		.byte	0
 878 001d 00       		.byte	0
 879 001e 03       		.uleb128 0x3
 880 001f 16       		.uleb128 0x16
 881 0020 00       		.byte	0
 882 0021 03       		.uleb128 0x3
 883 0022 0E       		.uleb128 0xe
 884 0023 3A       		.uleb128 0x3a
 885 0024 0B       		.uleb128 0xb
 886 0025 3B       		.uleb128 0x3b
 887 0026 0B       		.uleb128 0xb
 888 0027 49       		.uleb128 0x49
 889 0028 13       		.uleb128 0x13
 890 0029 00       		.byte	0
 891 002a 00       		.byte	0
 892 002b 04       		.uleb128 0x4
 893 002c 24       		.uleb128 0x24
 894 002d 00       		.byte	0
 895 002e 0B       		.uleb128 0xb
 896 002f 0B       		.uleb128 0xb
 897 0030 3E       		.uleb128 0x3e
 898 0031 0B       		.uleb128 0xb
 899 0032 03       		.uleb128 0x3
 900 0033 0E       		.uleb128 0xe
 901 0034 00       		.byte	0
 902 0035 00       		.byte	0
 903 0036 05       		.uleb128 0x5
 904 0037 0F       		.uleb128 0xf
 905 0038 00       		.byte	0
 906 0039 0B       		.uleb128 0xb
 907 003a 0B       		.uleb128 0xb
 908 003b 00       		.byte	0
 909 003c 00       		.byte	0
 910 003d 06       		.uleb128 0x6
 911 003e 16       		.uleb128 0x16
 912 003f 00       		.byte	0
 913 0040 03       		.uleb128 0x3
 914 0041 0E       		.uleb128 0xe
 915 0042 3A       		.uleb128 0x3a
 916 0043 0B       		.uleb128 0xb
 917 0044 3B       		.uleb128 0x3b
 918 0045 05       		.uleb128 0x5
 919 0046 49       		.uleb128 0x49
 920 0047 13       		.uleb128 0x13
 921 0048 00       		.byte	0
 922 0049 00       		.byte	0
 923 004a 07       		.uleb128 0x7
 924 004b 35       		.uleb128 0x35
 925 004c 00       		.byte	0
 926 004d 49       		.uleb128 0x49
 927 004e 13       		.uleb128 0x13
 928 004f 00       		.byte	0
 929 0050 00       		.byte	0
 930 0051 08       		.uleb128 0x8
 931 0052 13       		.uleb128 0x13
 932 0053 01       		.byte	0x1
ARM GAS  C:\Users\jagumiel\AppData\Local\Temp\ccbO0Hru.s 			page 24


 933 0054 0B       		.uleb128 0xb
 934 0055 0B       		.uleb128 0xb
 935 0056 3A       		.uleb128 0x3a
 936 0057 0B       		.uleb128 0xb
 937 0058 3B       		.uleb128 0x3b
 938 0059 0B       		.uleb128 0xb
 939 005a 01       		.uleb128 0x1
 940 005b 13       		.uleb128 0x13
 941 005c 00       		.byte	0
 942 005d 00       		.byte	0
 943 005e 09       		.uleb128 0x9
 944 005f 0D       		.uleb128 0xd
 945 0060 00       		.byte	0
 946 0061 03       		.uleb128 0x3
 947 0062 0E       		.uleb128 0xe
 948 0063 3A       		.uleb128 0x3a
 949 0064 0B       		.uleb128 0xb
 950 0065 3B       		.uleb128 0x3b
 951 0066 0B       		.uleb128 0xb
 952 0067 49       		.uleb128 0x49
 953 0068 13       		.uleb128 0x13
 954 0069 38       		.uleb128 0x38
 955 006a 0B       		.uleb128 0xb
 956 006b 00       		.byte	0
 957 006c 00       		.byte	0
 958 006d 0A       		.uleb128 0xa
 959 006e 2E       		.uleb128 0x2e
 960 006f 01       		.byte	0x1
 961 0070 03       		.uleb128 0x3
 962 0071 0E       		.uleb128 0xe
 963 0072 3A       		.uleb128 0x3a
 964 0073 0B       		.uleb128 0xb
 965 0074 3B       		.uleb128 0x3b
 966 0075 0B       		.uleb128 0xb
 967 0076 27       		.uleb128 0x27
 968 0077 19       		.uleb128 0x19
 969 0078 11       		.uleb128 0x11
 970 0079 01       		.uleb128 0x1
 971 007a 12       		.uleb128 0x12
 972 007b 06       		.uleb128 0x6
 973 007c 40       		.uleb128 0x40
 974 007d 18       		.uleb128 0x18
 975 007e 9742     		.uleb128 0x2117
 976 0080 19       		.uleb128 0x19
 977 0081 01       		.uleb128 0x1
 978 0082 13       		.uleb128 0x13
 979 0083 00       		.byte	0
 980 0084 00       		.byte	0
 981 0085 0B       		.uleb128 0xb
 982 0086 05       		.uleb128 0x5
 983 0087 00       		.byte	0
 984 0088 03       		.uleb128 0x3
 985 0089 0E       		.uleb128 0xe
 986 008a 3A       		.uleb128 0x3a
 987 008b 0B       		.uleb128 0xb
 988 008c 3B       		.uleb128 0x3b
 989 008d 0B       		.uleb128 0xb
ARM GAS  C:\Users\jagumiel\AppData\Local\Temp\ccbO0Hru.s 			page 25


 990 008e 49       		.uleb128 0x49
 991 008f 13       		.uleb128 0x13
 992 0090 02       		.uleb128 0x2
 993 0091 18       		.uleb128 0x18
 994 0092 00       		.byte	0
 995 0093 00       		.byte	0
 996 0094 0C       		.uleb128 0xc
 997 0095 34       		.uleb128 0x34
 998 0096 00       		.byte	0
 999 0097 03       		.uleb128 0x3
 1000 0098 08       		.uleb128 0x8
 1001 0099 3A       		.uleb128 0x3a
 1002 009a 0B       		.uleb128 0xb
 1003 009b 3B       		.uleb128 0x3b
 1004 009c 0B       		.uleb128 0xb
 1005 009d 49       		.uleb128 0x49
 1006 009e 13       		.uleb128 0x13
 1007 009f 02       		.uleb128 0x2
 1008 00a0 17       		.uleb128 0x17
 1009 00a1 00       		.byte	0
 1010 00a2 00       		.byte	0
 1011 00a3 0D       		.uleb128 0xd
 1012 00a4 0B       		.uleb128 0xb
 1013 00a5 01       		.byte	0x1
 1014 00a6 11       		.uleb128 0x11
 1015 00a7 01       		.uleb128 0x1
 1016 00a8 12       		.uleb128 0x12
 1017 00a9 06       		.uleb128 0x6
 1018 00aa 00       		.byte	0
 1019 00ab 00       		.byte	0
 1020 00ac 0E       		.uleb128 0xe
 1021 00ad 34       		.uleb128 0x34
 1022 00ae 00       		.byte	0
 1023 00af 03       		.uleb128 0x3
 1024 00b0 0E       		.uleb128 0xe
 1025 00b1 3A       		.uleb128 0x3a
 1026 00b2 0B       		.uleb128 0xb
 1027 00b3 3B       		.uleb128 0x3b
 1028 00b4 0B       		.uleb128 0xb
 1029 00b5 49       		.uleb128 0x49
 1030 00b6 13       		.uleb128 0x13
 1031 00b7 02       		.uleb128 0x2
 1032 00b8 17       		.uleb128 0x17
 1033 00b9 00       		.byte	0
 1034 00ba 00       		.byte	0
 1035 00bb 0F       		.uleb128 0xf
 1036 00bc 0F       		.uleb128 0xf
 1037 00bd 00       		.byte	0
 1038 00be 0B       		.uleb128 0xb
 1039 00bf 0B       		.uleb128 0xb
 1040 00c0 49       		.uleb128 0x49
 1041 00c1 13       		.uleb128 0x13
 1042 00c2 00       		.byte	0
 1043 00c3 00       		.byte	0
 1044 00c4 10       		.uleb128 0x10
 1045 00c5 26       		.uleb128 0x26
 1046 00c6 00       		.byte	0
ARM GAS  C:\Users\jagumiel\AppData\Local\Temp\ccbO0Hru.s 			page 26


 1047 00c7 49       		.uleb128 0x49
 1048 00c8 13       		.uleb128 0x13
 1049 00c9 00       		.byte	0
 1050 00ca 00       		.byte	0
 1051 00cb 11       		.uleb128 0x11
 1052 00cc 05       		.uleb128 0x5
 1053 00cd 00       		.byte	0
 1054 00ce 03       		.uleb128 0x3
 1055 00cf 08       		.uleb128 0x8
 1056 00d0 3A       		.uleb128 0x3a
 1057 00d1 0B       		.uleb128 0xb
 1058 00d2 3B       		.uleb128 0x3b
 1059 00d3 0B       		.uleb128 0xb
 1060 00d4 49       		.uleb128 0x49
 1061 00d5 13       		.uleb128 0x13
 1062 00d6 02       		.uleb128 0x2
 1063 00d7 17       		.uleb128 0x17
 1064 00d8 00       		.byte	0
 1065 00d9 00       		.byte	0
 1066 00da 12       		.uleb128 0x12
 1067 00db 898201   		.uleb128 0x4109
 1068 00de 01       		.byte	0x1
 1069 00df 11       		.uleb128 0x11
 1070 00e0 01       		.uleb128 0x1
 1071 00e1 31       		.uleb128 0x31
 1072 00e2 13       		.uleb128 0x13
 1073 00e3 00       		.byte	0
 1074 00e4 00       		.byte	0
 1075 00e5 13       		.uleb128 0x13
 1076 00e6 8A8201   		.uleb128 0x410a
 1077 00e9 00       		.byte	0
 1078 00ea 02       		.uleb128 0x2
 1079 00eb 18       		.uleb128 0x18
 1080 00ec 9142     		.uleb128 0x2111
 1081 00ee 18       		.uleb128 0x18
 1082 00ef 00       		.byte	0
 1083 00f0 00       		.byte	0
 1084 00f1 14       		.uleb128 0x14
 1085 00f2 898201   		.uleb128 0x4109
 1086 00f5 01       		.byte	0x1
 1087 00f6 11       		.uleb128 0x11
 1088 00f7 01       		.uleb128 0x1
 1089 00f8 31       		.uleb128 0x31
 1090 00f9 13       		.uleb128 0x13
 1091 00fa 01       		.uleb128 0x1
 1092 00fb 13       		.uleb128 0x13
 1093 00fc 00       		.byte	0
 1094 00fd 00       		.byte	0
 1095 00fe 15       		.uleb128 0x15
 1096 00ff 2E       		.uleb128 0x2e
 1097 0100 01       		.byte	0x1
 1098 0101 3F       		.uleb128 0x3f
 1099 0102 19       		.uleb128 0x19
 1100 0103 03       		.uleb128 0x3
 1101 0104 0E       		.uleb128 0xe
 1102 0105 3A       		.uleb128 0x3a
 1103 0106 0B       		.uleb128 0xb
ARM GAS  C:\Users\jagumiel\AppData\Local\Temp\ccbO0Hru.s 			page 27


 1104 0107 3B       		.uleb128 0x3b
 1105 0108 05       		.uleb128 0x5
 1106 0109 27       		.uleb128 0x27
 1107 010a 19       		.uleb128 0x19
 1108 010b 11       		.uleb128 0x11
 1109 010c 01       		.uleb128 0x1
 1110 010d 12       		.uleb128 0x12
 1111 010e 06       		.uleb128 0x6
 1112 010f 40       		.uleb128 0x40
 1113 0110 18       		.uleb128 0x18
 1114 0111 9742     		.uleb128 0x2117
 1115 0113 19       		.uleb128 0x19
 1116 0114 01       		.uleb128 0x1
 1117 0115 13       		.uleb128 0x13
 1118 0116 00       		.byte	0
 1119 0117 00       		.byte	0
 1120 0118 16       		.uleb128 0x16
 1121 0119 0B       		.uleb128 0xb
 1122 011a 01       		.byte	0x1
 1123 011b 11       		.uleb128 0x11
 1124 011c 01       		.uleb128 0x1
 1125 011d 12       		.uleb128 0x12
 1126 011e 06       		.uleb128 0x6
 1127 011f 01       		.uleb128 0x1
 1128 0120 13       		.uleb128 0x13
 1129 0121 00       		.byte	0
 1130 0122 00       		.byte	0
 1131 0123 17       		.uleb128 0x17
 1132 0124 34       		.uleb128 0x34
 1133 0125 00       		.byte	0
 1134 0126 03       		.uleb128 0x3
 1135 0127 0E       		.uleb128 0xe
 1136 0128 3A       		.uleb128 0x3a
 1137 0129 0B       		.uleb128 0xb
 1138 012a 3B       		.uleb128 0x3b
 1139 012b 05       		.uleb128 0x5
 1140 012c 49       		.uleb128 0x49
 1141 012d 13       		.uleb128 0x13
 1142 012e 02       		.uleb128 0x2
 1143 012f 18       		.uleb128 0x18
 1144 0130 00       		.byte	0
 1145 0131 00       		.byte	0
 1146 0132 18       		.uleb128 0x18
 1147 0133 13       		.uleb128 0x13
 1148 0134 01       		.byte	0x1
 1149 0135 0B       		.uleb128 0xb
 1150 0136 0B       		.uleb128 0xb
 1151 0137 3A       		.uleb128 0x3a
 1152 0138 0B       		.uleb128 0xb
 1153 0139 3B       		.uleb128 0x3b
 1154 013a 05       		.uleb128 0x5
 1155 013b 01       		.uleb128 0x1
 1156 013c 13       		.uleb128 0x13
 1157 013d 00       		.byte	0
 1158 013e 00       		.byte	0
 1159 013f 19       		.uleb128 0x19
 1160 0140 0D       		.uleb128 0xd
ARM GAS  C:\Users\jagumiel\AppData\Local\Temp\ccbO0Hru.s 			page 28


 1161 0141 00       		.byte	0
 1162 0142 03       		.uleb128 0x3
 1163 0143 0E       		.uleb128 0xe
 1164 0144 3A       		.uleb128 0x3a
 1165 0145 0B       		.uleb128 0xb
 1166 0146 3B       		.uleb128 0x3b
 1167 0147 05       		.uleb128 0x5
 1168 0148 49       		.uleb128 0x49
 1169 0149 13       		.uleb128 0x13
 1170 014a 38       		.uleb128 0x38
 1171 014b 0B       		.uleb128 0xb
 1172 014c 00       		.byte	0
 1173 014d 00       		.byte	0
 1174 014e 1A       		.uleb128 0x1a
 1175 014f 01       		.uleb128 0x1
 1176 0150 01       		.byte	0x1
 1177 0151 49       		.uleb128 0x49
 1178 0152 13       		.uleb128 0x13
 1179 0153 01       		.uleb128 0x1
 1180 0154 13       		.uleb128 0x13
 1181 0155 00       		.byte	0
 1182 0156 00       		.byte	0
 1183 0157 1B       		.uleb128 0x1b
 1184 0158 21       		.uleb128 0x21
 1185 0159 00       		.byte	0
 1186 015a 49       		.uleb128 0x49
 1187 015b 13       		.uleb128 0x13
 1188 015c 2F       		.uleb128 0x2f
 1189 015d 0B       		.uleb128 0xb
 1190 015e 00       		.byte	0
 1191 015f 00       		.byte	0
 1192 0160 1C       		.uleb128 0x1c
 1193 0161 34       		.uleb128 0x34
 1194 0162 00       		.byte	0
 1195 0163 03       		.uleb128 0x3
 1196 0164 08       		.uleb128 0x8
 1197 0165 3A       		.uleb128 0x3a
 1198 0166 0B       		.uleb128 0xb
 1199 0167 3B       		.uleb128 0x3b
 1200 0168 05       		.uleb128 0x5
 1201 0169 49       		.uleb128 0x49
 1202 016a 13       		.uleb128 0x13
 1203 016b 02       		.uleb128 0x2
 1204 016c 17       		.uleb128 0x17
 1205 016d 00       		.byte	0
 1206 016e 00       		.byte	0
 1207 016f 1D       		.uleb128 0x1d
 1208 0170 898201   		.uleb128 0x4109
 1209 0173 00       		.byte	0
 1210 0174 11       		.uleb128 0x11
 1211 0175 01       		.uleb128 0x1
 1212 0176 31       		.uleb128 0x31
 1213 0177 13       		.uleb128 0x13
 1214 0178 00       		.byte	0
 1215 0179 00       		.byte	0
 1216 017a 1E       		.uleb128 0x1e
 1217 017b 2E       		.uleb128 0x2e
ARM GAS  C:\Users\jagumiel\AppData\Local\Temp\ccbO0Hru.s 			page 29


 1218 017c 00       		.byte	0
 1219 017d 3F       		.uleb128 0x3f
 1220 017e 19       		.uleb128 0x19
 1221 017f 3C       		.uleb128 0x3c
 1222 0180 19       		.uleb128 0x19
 1223 0181 6E       		.uleb128 0x6e
 1224 0182 0E       		.uleb128 0xe
 1225 0183 03       		.uleb128 0x3
 1226 0184 0E       		.uleb128 0xe
 1227 0185 00       		.byte	0
 1228 0186 00       		.byte	0
 1229 0187 1F       		.uleb128 0x1f
 1230 0188 2E       		.uleb128 0x2e
 1231 0189 00       		.byte	0
 1232 018a 3F       		.uleb128 0x3f
 1233 018b 19       		.uleb128 0x19
 1234 018c 3C       		.uleb128 0x3c
 1235 018d 19       		.uleb128 0x19
 1236 018e 6E       		.uleb128 0x6e
 1237 018f 0E       		.uleb128 0xe
 1238 0190 03       		.uleb128 0x3
 1239 0191 0E       		.uleb128 0xe
 1240 0192 3A       		.uleb128 0x3a
 1241 0193 0B       		.uleb128 0xb
 1242 0194 3B       		.uleb128 0x3b
 1243 0195 0B       		.uleb128 0xb
 1244 0196 00       		.byte	0
 1245 0197 00       		.byte	0
 1246 0198 00       		.byte	0
 1247              		.section	.debug_loc,"",%progbits
 1248              	.Ldebug_loc0:
 1249              	.LLST0:
 1250 0000 02000000 		.4byte	.LVL1
 1251 0004 08000000 		.4byte	.LVL2
 1252 0008 0200     		.2byte	0x2
 1253 000a 30       		.byte	0x30
 1254 000b 9F       		.byte	0x9f
 1255 000c 08000000 		.4byte	.LVL2
 1256 0010 30000000 		.4byte	.LVL11
 1257 0014 0100     		.2byte	0x1
 1258 0016 57       		.byte	0x57
 1259 0017 00000000 		.4byte	0
 1260 001b 00000000 		.4byte	0
 1261              	.LLST1:
 1262 001f 02000000 		.4byte	.LVL1
 1263 0023 08000000 		.4byte	.LVL2
 1264 0027 0200     		.2byte	0x2
 1265 0029 30       		.byte	0x30
 1266 002a 9F       		.byte	0x9f
 1267 002b 08000000 		.4byte	.LVL2
 1268 002f 30000000 		.4byte	.LVL10
 1269 0033 0100     		.2byte	0x1
 1270 0035 55       		.byte	0x55
 1271 0036 00000000 		.4byte	0
 1272 003a 00000000 		.4byte	0
 1273              	.LLST2:
 1274 003e 0C000000 		.4byte	.LVL3
ARM GAS  C:\Users\jagumiel\AppData\Local\Temp\ccbO0Hru.s 			page 30


 1275 0042 2C000000 		.4byte	.LVL9
 1276 0046 0100     		.2byte	0x1
 1277 0048 56       		.byte	0x56
 1278 0049 00000000 		.4byte	0
 1279 004d 00000000 		.4byte	0
 1280              	.LLST3:
 1281 0051 0E000000 		.4byte	.LVL4
 1282 0055 24000000 		.4byte	.LVL7
 1283 0059 0100     		.2byte	0x1
 1284 005b 53       		.byte	0x53
 1285 005c 26000000 		.4byte	.LVL8
 1286 0060 2C000000 		.4byte	.LVL9
 1287 0064 0100     		.2byte	0x1
 1288 0066 53       		.byte	0x53
 1289 0067 00000000 		.4byte	0
 1290 006b 00000000 		.4byte	0
 1291              	.LLST4:
 1292 006f 00000000 		.4byte	.LVL12
 1293 0073 09000000 		.4byte	.LVL14-1
 1294 0077 0100     		.2byte	0x1
 1295 0079 50       		.byte	0x50
 1296 007a 09000000 		.4byte	.LVL14-1
 1297 007e 0C000000 		.4byte	.LFE0
 1298 0082 0400     		.2byte	0x4
 1299 0084 F3       		.byte	0xf3
 1300 0085 01       		.uleb128 0x1
 1301 0086 50       		.byte	0x50
 1302 0087 9F       		.byte	0x9f
 1303 0088 00000000 		.4byte	0
 1304 008c 00000000 		.4byte	0
 1305              	.LLST5:
 1306 0090 00000000 		.4byte	.LVL12
 1307 0094 06000000 		.4byte	.LVL13
 1308 0098 0100     		.2byte	0x1
 1309 009a 51       		.byte	0x51
 1310 009b 06000000 		.4byte	.LVL13
 1311 009f 09000000 		.4byte	.LVL14-1
 1312 00a3 0100     		.2byte	0x1
 1313 00a5 52       		.byte	0x52
 1314 00a6 09000000 		.4byte	.LVL14-1
 1315 00aa 0C000000 		.4byte	.LFE0
 1316 00ae 0400     		.2byte	0x4
 1317 00b0 F3       		.byte	0xf3
 1318 00b1 01       		.uleb128 0x1
 1319 00b2 51       		.byte	0x51
 1320 00b3 9F       		.byte	0x9f
 1321 00b4 00000000 		.4byte	0
 1322 00b8 00000000 		.4byte	0
 1323              	.LLST6:
 1324 00bc 7C000000 		.4byte	.LVL18
 1325 00c0 80000000 		.4byte	.LVL19
 1326 00c4 0200     		.2byte	0x2
 1327 00c6 30       		.byte	0x30
 1328 00c7 9F       		.byte	0x9f
 1329 00c8 80000000 		.4byte	.LVL19
 1330 00cc 9E000000 		.4byte	.LVL21
 1331 00d0 0100     		.2byte	0x1
ARM GAS  C:\Users\jagumiel\AppData\Local\Temp\ccbO0Hru.s 			page 31


 1332 00d2 54       		.byte	0x54
 1333 00d3 A0000000 		.4byte	.LVL22
 1334 00d7 0A010000 		.4byte	.LVL25
 1335 00db 0100     		.2byte	0x1
 1336 00dd 54       		.byte	0x54
 1337 00de 00000000 		.4byte	0
 1338 00e2 00000000 		.4byte	0
 1339              	.LLST7:
 1340 00e6 80000000 		.4byte	.LVL19
 1341 00ea 9E000000 		.4byte	.LVL21
 1342 00ee 0B00     		.2byte	0xb
 1343 00f0 74       		.byte	0x74
 1344 00f1 00       		.sleb128 0
 1345 00f2 36       		.byte	0x36
 1346 00f3 1E       		.byte	0x1e
 1347 00f4 03       		.byte	0x3
 1348 00f5 00000000 		.4byte	cfg_memset_list.4870
 1349 00f9 22       		.byte	0x22
 1350 00fa 9F       		.byte	0x9f
 1351 00fb 9E000000 		.4byte	.LVL21
 1352 00ff A0000000 		.4byte	.LVL22
 1353 0103 0B00     		.2byte	0xb
 1354 0105 74       		.byte	0x74
 1355 0106 7F       		.sleb128 -1
 1356 0107 36       		.byte	0x36
 1357 0108 1E       		.byte	0x1e
 1358 0109 03       		.byte	0x3
 1359 010a 00000000 		.4byte	cfg_memset_list.4870
 1360 010e 22       		.byte	0x22
 1361 010f 9F       		.byte	0x9f
 1362 0110 00000000 		.4byte	0
 1363 0114 00000000 		.4byte	0
 1364              		.section	.debug_aranges,"",%progbits
 1365 0000 34000000 		.4byte	0x34
 1366 0004 0200     		.2byte	0x2
 1367 0006 00000000 		.4byte	.Ldebug_info0
 1368 000a 04       		.byte	0x4
 1369 000b 00       		.byte	0
 1370 000c 0000     		.2byte	0
 1371 000e 0000     		.2byte	0
 1372 0010 00000000 		.4byte	.LFB3
 1373 0014 32000000 		.4byte	.LFE3-.LFB3
 1374 0018 00000000 		.4byte	.LFB0
 1375 001c 0C000000 		.4byte	.LFE0-.LFB0
 1376 0020 00000000 		.4byte	.LFB4
 1377 0024 78000000 		.4byte	.LFE4-.LFB4
 1378 0028 78000000 		.4byte	.LFB6
 1379 002c D0000000 		.4byte	.LFE6-.LFB6
 1380 0030 00000000 		.4byte	0
 1381 0034 00000000 		.4byte	0
 1382              		.section	.debug_ranges,"",%progbits
 1383              	.Ldebug_ranges0:
 1384 0000 00000000 		.4byte	.LFB3
 1385 0004 32000000 		.4byte	.LFE3
 1386 0008 00000000 		.4byte	.LFB0
 1387 000c 0C000000 		.4byte	.LFE0
 1388 0010 00000000 		.4byte	.LFB4
ARM GAS  C:\Users\jagumiel\AppData\Local\Temp\ccbO0Hru.s 			page 32


 1389 0014 78000000 		.4byte	.LFE4
 1390 0018 78000000 		.4byte	.LFB6
 1391 001c 48010000 		.4byte	.LFE6
 1392 0020 00000000 		.4byte	0
 1393 0024 00000000 		.4byte	0
 1394              		.section	.debug_line,"",%progbits
 1395              	.Ldebug_line0:
 1396 0000 5B010000 		.section	.debug_str,"MS",%progbits,1
 1396      0200D600 
 1396      00000201 
 1396      FB0E0D00 
 1396      01010101 
 1397              	.LASF19:
 1398 0000 72656733 		.ascii	"reg32\000"
 1398      3200
 1399              	.LASF12:
 1400 0006 73697A65 		.ascii	"size_t\000"
 1400      5F7400
 1401              	.LASF37:
 1402 000d 4379496E 		.ascii	"CyIntSetVector\000"
 1402      74536574 
 1402      56656374 
 1402      6F7200
 1403              	.LASF21:
 1404 001c 76616C75 		.ascii	"value\000"
 1404      6500
 1405              	.LASF26:
 1406 0022 636F756E 		.ascii	"count\000"
 1406      7400
 1407              	.LASF29:
 1408 0028 436C6F63 		.ascii	"ClockSetup\000"
 1408      6B536574 
 1408      757000
 1409              	.LASF30:
 1410 0033 63795F63 		.ascii	"cy_cfg_addr_table\000"
 1410      66675F61 
 1410      6464725F 
 1410      7461626C 
 1410      6500
 1411              	.LASF31:
 1412 0045 63795F63 		.ascii	"cy_cfg_data_table\000"
 1412      66675F64 
 1412      6174615F 
 1412      7461626C 
 1412      6500
 1413              	.LASF16:
 1414 0057 666C6F61 		.ascii	"float\000"
 1414      7400
 1415              	.LASF35:
 1416 005d 6366675F 		.ascii	"cfg_memset_list\000"
 1416      6D656D73 
 1416      65745F6C 
 1416      69737400 
 1417              	.LASF33:
 1418 006d 73697A65 		.ascii	"size\000"
 1418      00
 1419              	.LASF18:
ARM GAS  C:\Users\jagumiel\AppData\Local\Temp\ccbO0Hru.s 			page 33


 1420 0072 72656738 		.ascii	"reg8\000"
 1420      00
 1421              	.LASF8:
 1422 0077 6C6F6E67 		.ascii	"long unsigned int\000"
 1422      20756E73 
 1422      69676E65 
 1422      6420696E 
 1422      7400
 1423              	.LASF13:
 1424 0089 75696E74 		.ascii	"uint8\000"
 1424      3800
 1425              	.LASF28:
 1426 008f 43594D45 		.ascii	"CYMEMZERO\000"
 1426      4D5A4552 
 1426      4F00
 1427              	.LASF4:
 1428 0099 756E7369 		.ascii	"unsigned char\000"
 1428      676E6564 
 1428      20636861 
 1428      7200
 1429              	.LASF43:
 1430 00a7 6D656D73 		.ascii	"memset\000"
 1430      657400
 1431              	.LASF17:
 1432 00ae 646F7562 		.ascii	"double\000"
 1432      6C6500
 1433              	.LASF27:
 1434 00b5 6366675F 		.ascii	"cfg_write_bytes32\000"
 1434      77726974 
 1434      655F6279 
 1434      74657333 
 1434      3200
 1435              	.LASF38:
 1436 00c7 4379496E 		.ascii	"CyIntEnable\000"
 1436      74456E61 
 1436      626C6500 
 1437              	.LASF23:
 1438 00d3 61646472 		.ascii	"addr_table\000"
 1438      5F746162 
 1438      6C6500
 1439              	.LASF14:
 1440 00de 75696E74 		.ascii	"uint16\000"
 1440      313600
 1441              	.LASF24:
 1442 00e5 64617461 		.ascii	"data_table\000"
 1442      5F746162 
 1442      6C6500
 1443              	.LASF15:
 1444 00f0 75696E74 		.ascii	"uint32\000"
 1444      333200
 1445              	.LASF0:
 1446 00f7 756E7369 		.ascii	"unsigned int\000"
 1446      676E6564 
 1446      20696E74 
 1446      00
 1447              	.LASF42:
 1448 0104 63796669 		.ascii	"cyfitter_cfg\000"
ARM GAS  C:\Users\jagumiel\AppData\Local\Temp\ccbO0Hru.s 			page 34


 1448      74746572 
 1448      5F636667 
 1448      00
 1449              	.LASF32:
 1450 0111 61646472 		.ascii	"address\000"
 1450      65737300 
 1451              	.LASF9:
 1452 0119 6C6F6E67 		.ascii	"long long unsigned int\000"
 1452      206C6F6E 
 1452      6720756E 
 1452      7369676E 
 1452      65642069 
 1453              	.LASF41:
 1454 0130 443A5C55 		.ascii	"D:\\Users\\jagumiel\\Documents\\PSoC Creator\\PSoC-"
 1454      73657273 
 1454      5C6A6167 
 1454      756D6965 
 1454      6C5C446F 
 1455 015e 3130315C 		.ascii	"101\\PSoC-101\\Lesson7.cydsn\000"
 1455      50536F43 
 1455      2D313031 
 1455      5C4C6573 
 1455      736F6E37 
 1456              	.LASF39:
 1457 0179 474E5520 		.ascii	"GNU C11 5.4.1 20160609 (release) [ARM/embedded-5-br"
 1457      43313120 
 1457      352E342E 
 1457      31203230 
 1457      31363036 
 1458 01ac 616E6368 		.ascii	"anch revision 237715] -mcpu=cortex-m0 -mthumb -g -O"
 1458      20726576 
 1458      6973696F 
 1458      6E203233 
 1458      37373135 
 1459 01df 67202D66 		.ascii	"g -ffunction-sections -ffat-lto-objects\000"
 1459      66756E63 
 1459      74696F6E 
 1459      2D736563 
 1459      74696F6E 
 1460              	.LASF34:
 1461 0207 6366675F 		.ascii	"cfg_memset_t\000"
 1461      6D656D73 
 1461      65745F74 
 1461      00
 1462              	.LASF25:
 1463 0214 62617365 		.ascii	"baseAddr\000"
 1463      41646472 
 1463      00
 1464              	.LASF10:
 1465 021d 73697A65 		.ascii	"sizetype\000"
 1465      74797065 
 1465      00
 1466              	.LASF6:
 1467 0226 73686F72 		.ascii	"short unsigned int\000"
 1467      7420756E 
 1467      7369676E 
 1467      65642069 
ARM GAS  C:\Users\jagumiel\AppData\Local\Temp\ccbO0Hru.s 			page 35


 1467      6E7400
 1468              	.LASF1:
 1469 0239 6C6F6E67 		.ascii	"long long int\000"
 1469      206C6F6E 
 1469      6720696E 
 1469      7400
 1470              	.LASF11:
 1471 0247 63686172 		.ascii	"char\000"
 1471      00
 1472              	.LASF22:
 1473 024c 63795F63 		.ascii	"cy_cfg_addrvalue_t\000"
 1473      66675F61 
 1473      64647276 
 1473      616C7565 
 1473      5F7400
 1474              	.LASF20:
 1475 025f 6F666673 		.ascii	"offset\000"
 1475      657400
 1476              	.LASF5:
 1477 0266 73686F72 		.ascii	"short int\000"
 1477      7420696E 
 1477      7400
 1478              	.LASF36:
 1479 0270 43795379 		.ascii	"CySysClkWriteImoFreq\000"
 1479      73436C6B 
 1479      57726974 
 1479      65496D6F 
 1479      46726571 
 1480              	.LASF7:
 1481 0285 6C6F6E67 		.ascii	"long int\000"
 1481      20696E74 
 1481      00
 1482              	.LASF2:
 1483 028e 6C6F6E67 		.ascii	"long double\000"
 1483      20646F75 
 1483      626C6500 
 1484              	.LASF3:
 1485 029a 7369676E 		.ascii	"signed char\000"
 1485      65642063 
 1485      68617200 
 1486              	.LASF40:
 1487 02a6 47656E65 		.ascii	"Generated_Source\\PSoC4\\cyfitter_cfg.c\000"
 1487      72617465 
 1487      645F536F 
 1487      75726365 
 1487      5C50536F 
 1488              		.ident	"GCC: (GNU Tools for ARM Embedded Processors) 5.4.1 20160609 (release) [ARM/embedded-5-bran
