ARM GAS  C:\Users\jagumiel\AppData\Local\Temp\ccXSdipu.s 			page 1


   1              		.syntax unified
   2              		.cpu cortex-m0
   3              		.fpu softvfp
   4              		.eabi_attribute 20, 1
   5              		.eabi_attribute 21, 1
   6              		.eabi_attribute 23, 3
   7              		.eabi_attribute 24, 1
   8              		.eabi_attribute 25, 1
   9              		.eabi_attribute 26, 1
  10              		.eabi_attribute 30, 1
  11              		.eabi_attribute 34, 0
  12              		.eabi_attribute 18, 4
  13              		.thumb
  14              		.syntax unified
  15              		.file	"cyfitter_cfg.c"
  16              		.text
  17              	.Ltext0:
  18              		.cfi_sections	.debug_frame
  19              		.section	.text.cfg_write_bytes32,"ax",%progbits
  20              		.align	2
  21              		.code	16
  22              		.thumb_func
  23              		.type	cfg_write_bytes32, %function
  24              	cfg_write_bytes32:
  25              	.LFB3:
  26              		.file 1 "Generated_Source\\PSoC4\\cyfitter_cfg.c"
   1:Generated_Source\PSoC4/cyfitter_cfg.c **** 
   2:Generated_Source\PSoC4/cyfitter_cfg.c **** /*******************************************************************************
   3:Generated_Source\PSoC4/cyfitter_cfg.c **** * File Name: cyfitter_cfg.c
   4:Generated_Source\PSoC4/cyfitter_cfg.c **** * 
   5:Generated_Source\PSoC4/cyfitter_cfg.c **** * PSoC Creator  4.2
   6:Generated_Source\PSoC4/cyfitter_cfg.c **** *
   7:Generated_Source\PSoC4/cyfitter_cfg.c **** * Description:
   8:Generated_Source\PSoC4/cyfitter_cfg.c **** * This file contains device initialization code.
   9:Generated_Source\PSoC4/cyfitter_cfg.c **** * Except for the user defined sections in CyClockStartupError(), this file should not be modified.
  10:Generated_Source\PSoC4/cyfitter_cfg.c **** * This file is automatically generated by PSoC Creator.
  11:Generated_Source\PSoC4/cyfitter_cfg.c **** *
  12:Generated_Source\PSoC4/cyfitter_cfg.c **** ********************************************************************************
  13:Generated_Source\PSoC4/cyfitter_cfg.c **** * Copyright (c) 2007-2018 Cypress Semiconductor.  All rights reserved.
  14:Generated_Source\PSoC4/cyfitter_cfg.c **** * You may use this file only in accordance with the license, terms, conditions, 
  15:Generated_Source\PSoC4/cyfitter_cfg.c **** * disclaimers, and limitations in the end user license agreement accompanying 
  16:Generated_Source\PSoC4/cyfitter_cfg.c **** * the software package with which this file was provided.
  17:Generated_Source\PSoC4/cyfitter_cfg.c **** ********************************************************************************/
  18:Generated_Source\PSoC4/cyfitter_cfg.c **** 
  19:Generated_Source\PSoC4/cyfitter_cfg.c **** #include <string.h>
  20:Generated_Source\PSoC4/cyfitter_cfg.c **** #include "cytypes.h"
  21:Generated_Source\PSoC4/cyfitter_cfg.c **** #include "cydevice_trm.h"
  22:Generated_Source\PSoC4/cyfitter_cfg.c **** #include "cyfitter.h"
  23:Generated_Source\PSoC4/cyfitter_cfg.c **** #include "CyLib.h"
  24:Generated_Source\PSoC4/cyfitter_cfg.c **** #include "CyLFClk.h"
  25:Generated_Source\PSoC4/cyfitter_cfg.c **** #include "cyfitter_cfg.h"
  26:Generated_Source\PSoC4/cyfitter_cfg.c **** #include "cyapicallbacks.h"
  27:Generated_Source\PSoC4/cyfitter_cfg.c **** 
  28:Generated_Source\PSoC4/cyfitter_cfg.c **** 
  29:Generated_Source\PSoC4/cyfitter_cfg.c **** #if defined(__GNUC__) || defined(__ARMCC_VERSION)
  30:Generated_Source\PSoC4/cyfitter_cfg.c ****     #define CYPACKED 
  31:Generated_Source\PSoC4/cyfitter_cfg.c ****     #define CYPACKED_ATTR __attribute__ ((packed))
ARM GAS  C:\Users\jagumiel\AppData\Local\Temp\ccXSdipu.s 			page 2


  32:Generated_Source\PSoC4/cyfitter_cfg.c ****     #define CYALIGNED __attribute__ ((aligned))
  33:Generated_Source\PSoC4/cyfitter_cfg.c ****     #define CY_CFG_UNUSED __attribute__ ((unused))
  34:Generated_Source\PSoC4/cyfitter_cfg.c ****     #ifndef CY_CFG_SECTION
  35:Generated_Source\PSoC4/cyfitter_cfg.c ****         #define CY_CFG_SECTION __attribute__ ((section(".psocinit")))
  36:Generated_Source\PSoC4/cyfitter_cfg.c ****     #endif
  37:Generated_Source\PSoC4/cyfitter_cfg.c ****     
  38:Generated_Source\PSoC4/cyfitter_cfg.c ****     #if defined(__ARMCC_VERSION)
  39:Generated_Source\PSoC4/cyfitter_cfg.c ****         #define CY_CFG_MEMORY_BARRIER() __memory_changed()
  40:Generated_Source\PSoC4/cyfitter_cfg.c ****     #else
  41:Generated_Source\PSoC4/cyfitter_cfg.c ****         #define CY_CFG_MEMORY_BARRIER() __sync_synchronize()
  42:Generated_Source\PSoC4/cyfitter_cfg.c ****     #endif
  43:Generated_Source\PSoC4/cyfitter_cfg.c ****     
  44:Generated_Source\PSoC4/cyfitter_cfg.c **** #elif defined(__ICCARM__)
  45:Generated_Source\PSoC4/cyfitter_cfg.c ****     #include <intrinsics.h>
  46:Generated_Source\PSoC4/cyfitter_cfg.c **** 
  47:Generated_Source\PSoC4/cyfitter_cfg.c ****     #define CYPACKED __packed
  48:Generated_Source\PSoC4/cyfitter_cfg.c ****     #define CYPACKED_ATTR 
  49:Generated_Source\PSoC4/cyfitter_cfg.c ****     #define CYALIGNED _Pragma("data_alignment=4")
  50:Generated_Source\PSoC4/cyfitter_cfg.c ****     #define CY_CFG_UNUSED _Pragma("diag_suppress=Pe177")
  51:Generated_Source\PSoC4/cyfitter_cfg.c ****     #define CY_CFG_SECTION _Pragma("location=\".psocinit\"")
  52:Generated_Source\PSoC4/cyfitter_cfg.c ****     
  53:Generated_Source\PSoC4/cyfitter_cfg.c ****     #define CY_CFG_MEMORY_BARRIER() __DMB()
  54:Generated_Source\PSoC4/cyfitter_cfg.c ****     
  55:Generated_Source\PSoC4/cyfitter_cfg.c **** #else
  56:Generated_Source\PSoC4/cyfitter_cfg.c ****     #error Unsupported toolchain
  57:Generated_Source\PSoC4/cyfitter_cfg.c **** #endif
  58:Generated_Source\PSoC4/cyfitter_cfg.c **** 
  59:Generated_Source\PSoC4/cyfitter_cfg.c **** #ifndef CYCODE
  60:Generated_Source\PSoC4/cyfitter_cfg.c ****     #define CYCODE
  61:Generated_Source\PSoC4/cyfitter_cfg.c **** #endif
  62:Generated_Source\PSoC4/cyfitter_cfg.c **** #ifndef CYDATA
  63:Generated_Source\PSoC4/cyfitter_cfg.c ****     #define CYDATA
  64:Generated_Source\PSoC4/cyfitter_cfg.c **** #endif
  65:Generated_Source\PSoC4/cyfitter_cfg.c **** #ifndef CYFAR
  66:Generated_Source\PSoC4/cyfitter_cfg.c ****     #define CYFAR
  67:Generated_Source\PSoC4/cyfitter_cfg.c **** #endif
  68:Generated_Source\PSoC4/cyfitter_cfg.c **** #ifndef CYXDATA
  69:Generated_Source\PSoC4/cyfitter_cfg.c ****     #define CYXDATA
  70:Generated_Source\PSoC4/cyfitter_cfg.c **** #endif
  71:Generated_Source\PSoC4/cyfitter_cfg.c **** 
  72:Generated_Source\PSoC4/cyfitter_cfg.c **** 
  73:Generated_Source\PSoC4/cyfitter_cfg.c **** CY_CFG_UNUSED
  74:Generated_Source\PSoC4/cyfitter_cfg.c **** static void CYMEMZERO(void *s, size_t n);
  75:Generated_Source\PSoC4/cyfitter_cfg.c **** CY_CFG_UNUSED
  76:Generated_Source\PSoC4/cyfitter_cfg.c **** static void CYMEMZERO(void *s, size_t n)
  77:Generated_Source\PSoC4/cyfitter_cfg.c **** {
  78:Generated_Source\PSoC4/cyfitter_cfg.c **** 	(void)memset(s, 0, n);
  79:Generated_Source\PSoC4/cyfitter_cfg.c **** }
  80:Generated_Source\PSoC4/cyfitter_cfg.c **** CY_CFG_UNUSED
  81:Generated_Source\PSoC4/cyfitter_cfg.c **** static void CYCONFIGCPY(void *dest, const void *src, size_t n);
  82:Generated_Source\PSoC4/cyfitter_cfg.c **** CY_CFG_UNUSED
  83:Generated_Source\PSoC4/cyfitter_cfg.c **** static void CYCONFIGCPY(void *dest, const void *src, size_t n)
  84:Generated_Source\PSoC4/cyfitter_cfg.c **** {
  85:Generated_Source\PSoC4/cyfitter_cfg.c **** 	(void)memcpy(dest, src, n);
  86:Generated_Source\PSoC4/cyfitter_cfg.c **** }
  87:Generated_Source\PSoC4/cyfitter_cfg.c **** CY_CFG_UNUSED
  88:Generated_Source\PSoC4/cyfitter_cfg.c **** static void CYCONFIGCPYCODE(void *dest, const void *src, size_t n);
ARM GAS  C:\Users\jagumiel\AppData\Local\Temp\ccXSdipu.s 			page 3


  89:Generated_Source\PSoC4/cyfitter_cfg.c **** CY_CFG_UNUSED
  90:Generated_Source\PSoC4/cyfitter_cfg.c **** static void CYCONFIGCPYCODE(void *dest, const void *src, size_t n)
  91:Generated_Source\PSoC4/cyfitter_cfg.c **** {
  92:Generated_Source\PSoC4/cyfitter_cfg.c **** 	(void)memcpy(dest, src, n);
  93:Generated_Source\PSoC4/cyfitter_cfg.c **** }
  94:Generated_Source\PSoC4/cyfitter_cfg.c **** 
  95:Generated_Source\PSoC4/cyfitter_cfg.c **** 
  96:Generated_Source\PSoC4/cyfitter_cfg.c **** 
  97:Generated_Source\PSoC4/cyfitter_cfg.c **** 
  98:Generated_Source\PSoC4/cyfitter_cfg.c **** /* Clock startup error codes                                                   */
  99:Generated_Source\PSoC4/cyfitter_cfg.c **** #define CYCLOCKSTART_NO_ERROR    0u
 100:Generated_Source\PSoC4/cyfitter_cfg.c **** #define CYCLOCKSTART_XTAL_ERROR  1u
 101:Generated_Source\PSoC4/cyfitter_cfg.c **** #define CYCLOCKSTART_32KHZ_ERROR 2u
 102:Generated_Source\PSoC4/cyfitter_cfg.c **** #define CYCLOCKSTART_PLL_ERROR   3u
 103:Generated_Source\PSoC4/cyfitter_cfg.c **** #define CYCLOCKSTART_FLL_ERROR   4u
 104:Generated_Source\PSoC4/cyfitter_cfg.c **** #define CYCLOCKSTART_WCO_ERROR   5u
 105:Generated_Source\PSoC4/cyfitter_cfg.c **** 
 106:Generated_Source\PSoC4/cyfitter_cfg.c **** 
 107:Generated_Source\PSoC4/cyfitter_cfg.c **** #ifdef CY_NEED_CYCLOCKSTARTUPERROR
 108:Generated_Source\PSoC4/cyfitter_cfg.c **** /*******************************************************************************
 109:Generated_Source\PSoC4/cyfitter_cfg.c **** * Function Name: CyClockStartupError
 110:Generated_Source\PSoC4/cyfitter_cfg.c **** ********************************************************************************
 111:Generated_Source\PSoC4/cyfitter_cfg.c **** * Summary:
 112:Generated_Source\PSoC4/cyfitter_cfg.c **** *  If an error is encountered during clock configuration (crystal startup error,
 113:Generated_Source\PSoC4/cyfitter_cfg.c **** *  PLL lock error, etc.), the system will end up here.  Unless reimplemented by
 114:Generated_Source\PSoC4/cyfitter_cfg.c **** *  the customer, this function will stop in an infinite loop.
 115:Generated_Source\PSoC4/cyfitter_cfg.c **** *
 116:Generated_Source\PSoC4/cyfitter_cfg.c **** * Parameters:
 117:Generated_Source\PSoC4/cyfitter_cfg.c **** *   void
 118:Generated_Source\PSoC4/cyfitter_cfg.c **** *
 119:Generated_Source\PSoC4/cyfitter_cfg.c **** * Return:
 120:Generated_Source\PSoC4/cyfitter_cfg.c **** *   void
 121:Generated_Source\PSoC4/cyfitter_cfg.c **** *
 122:Generated_Source\PSoC4/cyfitter_cfg.c **** *******************************************************************************/
 123:Generated_Source\PSoC4/cyfitter_cfg.c **** CY_CFG_UNUSED
 124:Generated_Source\PSoC4/cyfitter_cfg.c **** static void CyClockStartupError(uint8 errorCode);
 125:Generated_Source\PSoC4/cyfitter_cfg.c **** CY_CFG_UNUSED
 126:Generated_Source\PSoC4/cyfitter_cfg.c **** static void CyClockStartupError(uint8 errorCode)
 127:Generated_Source\PSoC4/cyfitter_cfg.c **** {
 128:Generated_Source\PSoC4/cyfitter_cfg.c ****     /* To remove the compiler warning if errorCode not used.                */
 129:Generated_Source\PSoC4/cyfitter_cfg.c ****     errorCode = errorCode;
 130:Generated_Source\PSoC4/cyfitter_cfg.c **** 
 131:Generated_Source\PSoC4/cyfitter_cfg.c ****     /* If we have a clock startup error (bad MHz crystal, PLL lock, etc.),  */
 132:Generated_Source\PSoC4/cyfitter_cfg.c ****     /* we will end up here to allow the customer to implement something to  */
 133:Generated_Source\PSoC4/cyfitter_cfg.c ****     /* deal with the clock condition.                                       */
 134:Generated_Source\PSoC4/cyfitter_cfg.c **** 
 135:Generated_Source\PSoC4/cyfitter_cfg.c **** #ifdef CY_CFG_CLOCK_STARTUP_ERROR_CALLBACK
 136:Generated_Source\PSoC4/cyfitter_cfg.c ****     CY_CFG_Clock_Startup_ErrorCallback();
 137:Generated_Source\PSoC4/cyfitter_cfg.c **** #else
 138:Generated_Source\PSoC4/cyfitter_cfg.c ****     /*  If not using CY_CFG_CLOCK_STARTUP_ERROR_CALLBACK, place your clock startup code here. */
 139:Generated_Source\PSoC4/cyfitter_cfg.c ****     /* `#START CyClockStartupError` */
 140:Generated_Source\PSoC4/cyfitter_cfg.c **** 
 141:Generated_Source\PSoC4/cyfitter_cfg.c **** 
 142:Generated_Source\PSoC4/cyfitter_cfg.c **** 
 143:Generated_Source\PSoC4/cyfitter_cfg.c ****     /* `#END` */
 144:Generated_Source\PSoC4/cyfitter_cfg.c **** 
 145:Generated_Source\PSoC4/cyfitter_cfg.c ****     while(1) {}
ARM GAS  C:\Users\jagumiel\AppData\Local\Temp\ccXSdipu.s 			page 4


 146:Generated_Source\PSoC4/cyfitter_cfg.c **** #endif /* CY_CFG_CLOCK_STARTUP_ERROR_CALLBACK */
 147:Generated_Source\PSoC4/cyfitter_cfg.c **** }
 148:Generated_Source\PSoC4/cyfitter_cfg.c **** #endif
 149:Generated_Source\PSoC4/cyfitter_cfg.c **** 
 150:Generated_Source\PSoC4/cyfitter_cfg.c **** #define CY_CFG_BASE_ADDR_COUNT 5u
 151:Generated_Source\PSoC4/cyfitter_cfg.c **** CYPACKED typedef struct
 152:Generated_Source\PSoC4/cyfitter_cfg.c **** {
 153:Generated_Source\PSoC4/cyfitter_cfg.c **** 	uint8 offset;
 154:Generated_Source\PSoC4/cyfitter_cfg.c **** 	uint8 value;
 155:Generated_Source\PSoC4/cyfitter_cfg.c **** } CYPACKED_ATTR cy_cfg_addrvalue_t;
 156:Generated_Source\PSoC4/cyfitter_cfg.c **** 
 157:Generated_Source\PSoC4/cyfitter_cfg.c **** 
 158:Generated_Source\PSoC4/cyfitter_cfg.c **** 
 159:Generated_Source\PSoC4/cyfitter_cfg.c **** /*******************************************************************************
 160:Generated_Source\PSoC4/cyfitter_cfg.c **** * Function Name: cfg_write_bytes32
 161:Generated_Source\PSoC4/cyfitter_cfg.c **** ********************************************************************************
 162:Generated_Source\PSoC4/cyfitter_cfg.c **** * Summary:
 163:Generated_Source\PSoC4/cyfitter_cfg.c **** *  This function is used for setting up the chip configuration areas that
 164:Generated_Source\PSoC4/cyfitter_cfg.c **** *  contain relatively sparse data.
 165:Generated_Source\PSoC4/cyfitter_cfg.c **** *
 166:Generated_Source\PSoC4/cyfitter_cfg.c **** * Parameters:
 167:Generated_Source\PSoC4/cyfitter_cfg.c **** *   void
 168:Generated_Source\PSoC4/cyfitter_cfg.c **** *
 169:Generated_Source\PSoC4/cyfitter_cfg.c **** * Return:
 170:Generated_Source\PSoC4/cyfitter_cfg.c **** *   void
 171:Generated_Source\PSoC4/cyfitter_cfg.c **** *
 172:Generated_Source\PSoC4/cyfitter_cfg.c **** *******************************************************************************/
 173:Generated_Source\PSoC4/cyfitter_cfg.c **** static void cfg_write_bytes32(const uint32 addr_table[], const cy_cfg_addrvalue_t data_table[]);
 174:Generated_Source\PSoC4/cyfitter_cfg.c **** static void cfg_write_bytes32(const uint32 addr_table[], const cy_cfg_addrvalue_t data_table[])
 175:Generated_Source\PSoC4/cyfitter_cfg.c **** {
  27              		.loc 1 175 0
  28              		.cfi_startproc
  29              		@ args = 0, pretend = 0, frame = 0
  30              		@ frame_needed = 0, uses_anonymous_args = 0
  31              	.LVL0:
  32 0000 F0B5     		push	{r4, r5, r6, r7, lr}
  33              		.cfi_def_cfa_offset 20
  34              		.cfi_offset 4, -20
  35              		.cfi_offset 5, -16
  36              		.cfi_offset 6, -12
  37              		.cfi_offset 7, -8
  38              		.cfi_offset 14, -4
  39              	.LVL1:
 176:Generated_Source\PSoC4/cyfitter_cfg.c **** 	/* For 32-bit little-endian architectures */
 177:Generated_Source\PSoC4/cyfitter_cfg.c **** 	uint32 i, j = 0u;
  40              		.loc 1 177 0
  41 0002 0025     		movs	r5, #0
 178:Generated_Source\PSoC4/cyfitter_cfg.c **** 	for (i = 0u; i < CY_CFG_BASE_ADDR_COUNT; i++)
  42              		.loc 1 178 0
  43 0004 0027     		movs	r7, #0
  44 0006 11E0     		b	.L2
  45              	.LVL2:
  46              	.L5:
  47              	.LBB2:
 179:Generated_Source\PSoC4/cyfitter_cfg.c **** 	{
 180:Generated_Source\PSoC4/cyfitter_cfg.c **** 		uint32 baseAddr = addr_table[i];
  48              		.loc 1 180 0
ARM GAS  C:\Users\jagumiel\AppData\Local\Temp\ccXSdipu.s 			page 5


  49 0008 BB00     		lsls	r3, r7, #2
  50 000a C658     		ldr	r6, [r0, r3]
  51              	.LVL3:
 181:Generated_Source\PSoC4/cyfitter_cfg.c **** 		uint8 count = (uint8)baseAddr;
  52              		.loc 1 181 0
  53 000c F3B2     		uxtb	r3, r6
  54              	.LVL4:
 182:Generated_Source\PSoC4/cyfitter_cfg.c **** 		baseAddr &= 0xFFFFFF00u;
  55              		.loc 1 182 0
  56 000e FF22     		movs	r2, #255
  57 0010 9643     		bics	r6, r2
  58              	.LVL5:
 183:Generated_Source\PSoC4/cyfitter_cfg.c **** 		while (count != 0u)
  59              		.loc 1 183 0
  60 0012 08E0     		b	.L3
  61              	.L4:
 184:Generated_Source\PSoC4/cyfitter_cfg.c **** 		{
 185:Generated_Source\PSoC4/cyfitter_cfg.c **** 			CY_SET_REG8((void *)(baseAddr + data_table[j].offset), data_table[j].value);
  62              		.loc 1 185 0
  63 0014 6A00     		lsls	r2, r5, #1
  64 0016 8A18     		adds	r2, r1, r2
  65 0018 1478     		ldrb	r4, [r2]
  66 001a A419     		adds	r4, r4, r6
  67 001c 5278     		ldrb	r2, [r2, #1]
  68 001e 2270     		strb	r2, [r4]
 186:Generated_Source\PSoC4/cyfitter_cfg.c **** 			j++;
  69              		.loc 1 186 0
  70 0020 0135     		adds	r5, r5, #1
  71              	.LVL6:
 187:Generated_Source\PSoC4/cyfitter_cfg.c **** 			count--;
  72              		.loc 1 187 0
  73 0022 013B     		subs	r3, r3, #1
  74              	.LVL7:
  75 0024 DBB2     		uxtb	r3, r3
  76              	.LVL8:
  77              	.L3:
 183:Generated_Source\PSoC4/cyfitter_cfg.c **** 		{
  78              		.loc 1 183 0
  79 0026 002B     		cmp	r3, #0
  80 0028 F4D1     		bne	.L4
  81              	.LBE2:
 178:Generated_Source\PSoC4/cyfitter_cfg.c **** 	{
  82              		.loc 1 178 0 discriminator 2
  83 002a 0137     		adds	r7, r7, #1
  84              	.LVL9:
  85              	.L2:
 178:Generated_Source\PSoC4/cyfitter_cfg.c **** 	{
  86              		.loc 1 178 0 is_stmt 0 discriminator 1
  87 002c 042F     		cmp	r7, #4
  88 002e EBD9     		bls	.L5
 188:Generated_Source\PSoC4/cyfitter_cfg.c **** 		}
 189:Generated_Source\PSoC4/cyfitter_cfg.c **** 	}
 190:Generated_Source\PSoC4/cyfitter_cfg.c **** }
  89              		.loc 1 190 0 is_stmt 1
  90              		@ sp needed
  91              	.LVL10:
  92              	.LVL11:
ARM GAS  C:\Users\jagumiel\AppData\Local\Temp\ccXSdipu.s 			page 6


  93 0030 F0BD     		pop	{r4, r5, r6, r7, pc}
  94              		.cfi_endproc
  95              	.LFE3:
  96              		.size	cfg_write_bytes32, .-cfg_write_bytes32
  97 0032 C046     		.section	.text.CYMEMZERO,"ax",%progbits
  98              		.align	2
  99              		.code	16
 100              		.thumb_func
 101              		.type	CYMEMZERO, %function
 102              	CYMEMZERO:
 103              	.LFB0:
  77:Generated_Source\PSoC4/cyfitter_cfg.c **** 	(void)memset(s, 0, n);
 104              		.loc 1 77 0
 105              		.cfi_startproc
 106              		@ args = 0, pretend = 0, frame = 0
 107              		@ frame_needed = 0, uses_anonymous_args = 0
 108              	.LVL12:
 109 0000 10B5     		push	{r4, lr}
 110              		.cfi_def_cfa_offset 8
 111              		.cfi_offset 4, -8
 112              		.cfi_offset 14, -4
 113 0002 0A00     		movs	r2, r1
  78:Generated_Source\PSoC4/cyfitter_cfg.c **** }
 114              		.loc 1 78 0
 115 0004 0021     		movs	r1, #0
 116              	.LVL13:
 117 0006 FFF7FEFF 		bl	memset
 118              	.LVL14:
  79:Generated_Source\PSoC4/cyfitter_cfg.c **** CY_CFG_UNUSED
 119              		.loc 1 79 0
 120              		@ sp needed
 121 000a 10BD     		pop	{r4, pc}
 122              		.cfi_endproc
 123              	.LFE0:
 124              		.size	CYMEMZERO, .-CYMEMZERO
 125              		.section	.psocinit,"ax",%progbits
 126              		.align	2
 127              		.code	16
 128              		.thumb_func
 129              		.type	ClockSetup, %function
 130              	ClockSetup:
 131              	.LFB4:
 191:Generated_Source\PSoC4/cyfitter_cfg.c **** 
 192:Generated_Source\PSoC4/cyfitter_cfg.c **** 
 193:Generated_Source\PSoC4/cyfitter_cfg.c **** /*******************************************************************************
 194:Generated_Source\PSoC4/cyfitter_cfg.c **** * Function Name: ClockSetup
 195:Generated_Source\PSoC4/cyfitter_cfg.c **** ********************************************************************************
 196:Generated_Source\PSoC4/cyfitter_cfg.c **** *
 197:Generated_Source\PSoC4/cyfitter_cfg.c **** * Summary:
 198:Generated_Source\PSoC4/cyfitter_cfg.c **** *   Performs the initialization of all of the clocks in the device based on the
 199:Generated_Source\PSoC4/cyfitter_cfg.c **** *   settings in the Clock tab of the DWR.  This includes enabling the requested
 200:Generated_Source\PSoC4/cyfitter_cfg.c **** *   clocks and setting the necessary dividers to produce the desired frequency. 
 201:Generated_Source\PSoC4/cyfitter_cfg.c **** *
 202:Generated_Source\PSoC4/cyfitter_cfg.c **** * Parameters:
 203:Generated_Source\PSoC4/cyfitter_cfg.c **** *   void
 204:Generated_Source\PSoC4/cyfitter_cfg.c **** *
 205:Generated_Source\PSoC4/cyfitter_cfg.c **** * Return:
ARM GAS  C:\Users\jagumiel\AppData\Local\Temp\ccXSdipu.s 			page 7


 206:Generated_Source\PSoC4/cyfitter_cfg.c **** *   void
 207:Generated_Source\PSoC4/cyfitter_cfg.c **** *
 208:Generated_Source\PSoC4/cyfitter_cfg.c **** *******************************************************************************/
 209:Generated_Source\PSoC4/cyfitter_cfg.c **** static void ClockSetup(void);
 210:Generated_Source\PSoC4/cyfitter_cfg.c **** CY_CFG_SECTION
 211:Generated_Source\PSoC4/cyfitter_cfg.c **** static void ClockSetup(void)
 212:Generated_Source\PSoC4/cyfitter_cfg.c **** {
 132              		.loc 1 212 0
 133              		.cfi_startproc
 134              		@ args = 0, pretend = 0, frame = 0
 135              		@ frame_needed = 0, uses_anonymous_args = 0
 136 0000 70B5     		push	{r4, r5, r6, lr}
 137              		.cfi_def_cfa_offset 16
 138              		.cfi_offset 4, -16
 139              		.cfi_offset 5, -12
 140              		.cfi_offset 6, -8
 141              		.cfi_offset 14, -4
 213:Generated_Source\PSoC4/cyfitter_cfg.c **** 	/* Enable HALF_EN before trimming for the flash accelerator. */
 214:Generated_Source\PSoC4/cyfitter_cfg.c **** 	CY_SET_REG32((void CYXDATA *)(CYREG_CLK_SELECT), (CY_GET_REG32((void *)CYREG_CLK_SELECT) | 0x00040
 142              		.loc 1 214 0
 143 0002 0F4C     		ldr	r4, .L8
 144 0004 2368     		ldr	r3, [r4]
 145 0006 8022     		movs	r2, #128
 146 0008 D202     		lsls	r2, r2, #11
 147 000a 1343     		orrs	r3, r2
 148 000c 2360     		str	r3, [r4]
 215:Generated_Source\PSoC4/cyfitter_cfg.c **** 
 216:Generated_Source\PSoC4/cyfitter_cfg.c **** 	/* Setup and trim IMO based on desired frequency. */
 217:Generated_Source\PSoC4/cyfitter_cfg.c **** 	CySysClkWriteImoFreq(24u);
 149              		.loc 1 217 0
 150 000e 1820     		movs	r0, #24
 151 0010 FFF7FEFF 		bl	CySysClkWriteImoFreq
 152              	.LVL15:
 218:Generated_Source\PSoC4/cyfitter_cfg.c **** 
 219:Generated_Source\PSoC4/cyfitter_cfg.c **** 	/* Disable HALF_EN since it is not required at this IMO frequency. */
 220:Generated_Source\PSoC4/cyfitter_cfg.c **** 	CY_SET_REG32((void CYXDATA *)(CYREG_CLK_SELECT), (CY_GET_REG32((void *)CYREG_CLK_SELECT) & 0xFFFBF
 153              		.loc 1 220 0
 154 0014 2268     		ldr	r2, [r4]
 155 0016 0B4B     		ldr	r3, .L8+4
 156 0018 1340     		ands	r3, r2
 157 001a 2360     		str	r3, [r4]
 221:Generated_Source\PSoC4/cyfitter_cfg.c **** 	/* CYDEV_CLK_ILO_CONFIG Starting address: CYDEV_CLK_ILO_CONFIG */
 222:Generated_Source\PSoC4/cyfitter_cfg.c **** 	CY_SET_REG32((void *)(CYREG_CLK_ILO_CONFIG), 0x80000006u);
 158              		.loc 1 222 0
 159 001c 0A4A     		ldr	r2, .L8+8
 160 001e 0B4B     		ldr	r3, .L8+12
 161 0020 1A60     		str	r2, [r3]
 223:Generated_Source\PSoC4/cyfitter_cfg.c **** 
 224:Generated_Source\PSoC4/cyfitter_cfg.c **** 
 225:Generated_Source\PSoC4/cyfitter_cfg.c **** 	/* CYDEV_CLK_IMO_CONFIG Starting address: CYDEV_CLK_IMO_CONFIG */
 226:Generated_Source\PSoC4/cyfitter_cfg.c **** 	CY_SET_REG32((void *)(CYREG_CLK_IMO_CONFIG), 0x80000000u);
 162              		.loc 1 226 0
 163 0022 063A     		subs	r2, r2, #6
 164 0024 0A4B     		ldr	r3, .L8+16
 165 0026 1A60     		str	r2, [r3]
 227:Generated_Source\PSoC4/cyfitter_cfg.c **** 
 228:Generated_Source\PSoC4/cyfitter_cfg.c **** 	/* CYDEV_CLK_SELECT Starting address: CYDEV_CLK_SELECT */
ARM GAS  C:\Users\jagumiel\AppData\Local\Temp\ccXSdipu.s 			page 8


 229:Generated_Source\PSoC4/cyfitter_cfg.c **** 	CY_SET_REG32((void *)(CYREG_CLK_SELECT), 0x00000000u);
 166              		.loc 1 229 0
 167 0028 0025     		movs	r5, #0
 168 002a 2560     		str	r5, [r4]
 230:Generated_Source\PSoC4/cyfitter_cfg.c **** 
 231:Generated_Source\PSoC4/cyfitter_cfg.c **** 	(void)CyIntSetVector(9u, &CySysWdtIsr);
 169              		.loc 1 231 0
 170 002c 0949     		ldr	r1, .L8+20
 171 002e 0920     		movs	r0, #9
 172 0030 FFF7FEFF 		bl	CyIntSetVector
 173              	.LVL16:
 232:Generated_Source\PSoC4/cyfitter_cfg.c **** 	CyIntEnable(9u);
 174              		.loc 1 232 0
 175 0034 0920     		movs	r0, #9
 176 0036 FFF7FEFF 		bl	CyIntEnable
 177              	.LVL17:
 233:Generated_Source\PSoC4/cyfitter_cfg.c **** 	CY_SET_REG32((void *)(CYREG_WDT_CONFIG), 0x00000000u);
 178              		.loc 1 233 0
 179 003a 074B     		ldr	r3, .L8+24
 180 003c 1D60     		str	r5, [r3]
 234:Generated_Source\PSoC4/cyfitter_cfg.c **** }
 181              		.loc 1 234 0
 182              		@ sp needed
 183 003e 70BD     		pop	{r4, r5, r6, pc}
 184              	.L9:
 185              		.align	2
 186              	.L8:
 187 0040 00010B40 		.word	1074462976
 188 0044 FFFFFBFF 		.word	-262145
 189 0048 06000080 		.word	-2147483642
 190 004c 04010B40 		.word	1074462980
 191 0050 08010B40 		.word	1074462984
 192 0054 00000000 		.word	CySysWdtIsr
 193 0058 0C020B40 		.word	1074463244
 194              		.cfi_endproc
 195              	.LFE4:
 196              		.size	ClockSetup, .-ClockSetup
 197              		.align	2
 198              		.global	cyfitter_cfg
 199              		.code	16
 200              		.thumb_func
 201              		.type	cyfitter_cfg, %function
 202              	cyfitter_cfg:
 203              	.LFB6:
 235:Generated_Source\PSoC4/cyfitter_cfg.c **** 
 236:Generated_Source\PSoC4/cyfitter_cfg.c **** 
 237:Generated_Source\PSoC4/cyfitter_cfg.c **** /* Analog API Functions */
 238:Generated_Source\PSoC4/cyfitter_cfg.c **** 
 239:Generated_Source\PSoC4/cyfitter_cfg.c **** 
 240:Generated_Source\PSoC4/cyfitter_cfg.c **** /*******************************************************************************
 241:Generated_Source\PSoC4/cyfitter_cfg.c **** * Function Name: AnalogSetDefault
 242:Generated_Source\PSoC4/cyfitter_cfg.c **** ********************************************************************************
 243:Generated_Source\PSoC4/cyfitter_cfg.c **** *
 244:Generated_Source\PSoC4/cyfitter_cfg.c **** * Summary:
 245:Generated_Source\PSoC4/cyfitter_cfg.c **** *  Sets up the analog portions of the chip to default values based on chip
 246:Generated_Source\PSoC4/cyfitter_cfg.c **** *  configuration options from the project.
 247:Generated_Source\PSoC4/cyfitter_cfg.c **** *
ARM GAS  C:\Users\jagumiel\AppData\Local\Temp\ccXSdipu.s 			page 9


 248:Generated_Source\PSoC4/cyfitter_cfg.c **** * Parameters:
 249:Generated_Source\PSoC4/cyfitter_cfg.c **** *  void
 250:Generated_Source\PSoC4/cyfitter_cfg.c **** *
 251:Generated_Source\PSoC4/cyfitter_cfg.c **** * Return:
 252:Generated_Source\PSoC4/cyfitter_cfg.c **** *  void
 253:Generated_Source\PSoC4/cyfitter_cfg.c **** *
 254:Generated_Source\PSoC4/cyfitter_cfg.c **** *******************************************************************************/
 255:Generated_Source\PSoC4/cyfitter_cfg.c **** static void AnalogSetDefault(void);
 256:Generated_Source\PSoC4/cyfitter_cfg.c **** static void AnalogSetDefault(void)
 257:Generated_Source\PSoC4/cyfitter_cfg.c **** {
 258:Generated_Source\PSoC4/cyfitter_cfg.c **** }
 259:Generated_Source\PSoC4/cyfitter_cfg.c **** 
 260:Generated_Source\PSoC4/cyfitter_cfg.c **** 
 261:Generated_Source\PSoC4/cyfitter_cfg.c **** 
 262:Generated_Source\PSoC4/cyfitter_cfg.c **** 
 263:Generated_Source\PSoC4/cyfitter_cfg.c **** /*******************************************************************************
 264:Generated_Source\PSoC4/cyfitter_cfg.c **** * Function Name: cyfitter_cfg
 265:Generated_Source\PSoC4/cyfitter_cfg.c **** ********************************************************************************
 266:Generated_Source\PSoC4/cyfitter_cfg.c **** * Summary:
 267:Generated_Source\PSoC4/cyfitter_cfg.c **** *  This function is called by the start-up code for the selected device. It
 268:Generated_Source\PSoC4/cyfitter_cfg.c **** *  performs all of the necessary device configuration based on the design
 269:Generated_Source\PSoC4/cyfitter_cfg.c **** *  settings.  This includes settings from the Design Wide Resources (DWR) such
 270:Generated_Source\PSoC4/cyfitter_cfg.c **** *  as Clocks and Pins as well as any component configuration that is necessary.
 271:Generated_Source\PSoC4/cyfitter_cfg.c **** *
 272:Generated_Source\PSoC4/cyfitter_cfg.c **** * Parameters:
 273:Generated_Source\PSoC4/cyfitter_cfg.c **** *   void
 274:Generated_Source\PSoC4/cyfitter_cfg.c **** *
 275:Generated_Source\PSoC4/cyfitter_cfg.c **** * Return:
 276:Generated_Source\PSoC4/cyfitter_cfg.c **** *   void
 277:Generated_Source\PSoC4/cyfitter_cfg.c **** *
 278:Generated_Source\PSoC4/cyfitter_cfg.c **** *******************************************************************************/
 279:Generated_Source\PSoC4/cyfitter_cfg.c **** CY_CFG_SECTION
 280:Generated_Source\PSoC4/cyfitter_cfg.c **** void cyfitter_cfg(void)
 281:Generated_Source\PSoC4/cyfitter_cfg.c **** {
 204              		.loc 1 281 0
 205              		.cfi_startproc
 206              		@ args = 0, pretend = 0, frame = 0
 207              		@ frame_needed = 0, uses_anonymous_args = 0
 208 005c 10B5     		push	{r4, lr}
 209              		.cfi_def_cfa_offset 8
 210              		.cfi_offset 4, -8
 211              		.cfi_offset 14, -4
 282:Generated_Source\PSoC4/cyfitter_cfg.c **** 	/* Disable interrupts by default. Let user enable if/when they want. */
 283:Generated_Source\PSoC4/cyfitter_cfg.c **** 	CyGlobalIntDisable;
 212              		.loc 1 283 0
 213              		.syntax divided
 214              	@ 283 "Generated_Source\PSoC4\cyfitter_cfg.c" 1
 215 005e 72B6     		CPSID   i
 216              	@ 0 "" 2
 217              	.LVL18:
 218              		.thumb
 219              		.syntax unified
 220              	.LBB3:
 284:Generated_Source\PSoC4/cyfitter_cfg.c **** 
 285:Generated_Source\PSoC4/cyfitter_cfg.c **** 	{
 286:Generated_Source\PSoC4/cyfitter_cfg.c **** 		static const uint32 CYCODE cy_cfg_addr_table[] = {
 287:Generated_Source\PSoC4/cyfitter_cfg.c **** 			0x400F320Au, /* Base address: 0x400F3200 Count: 10 */
ARM GAS  C:\Users\jagumiel\AppData\Local\Temp\ccXSdipu.s 			page 10


 288:Generated_Source\PSoC4/cyfitter_cfg.c **** 			0x400F330Du, /* Base address: 0x400F3300 Count: 13 */
 289:Generated_Source\PSoC4/cyfitter_cfg.c **** 			0x400F4006u, /* Base address: 0x400F4000 Count: 6 */
 290:Generated_Source\PSoC4/cyfitter_cfg.c **** 			0x400F410Au, /* Base address: 0x400F4100 Count: 10 */
 291:Generated_Source\PSoC4/cyfitter_cfg.c **** 			0x400F6002u, /* Base address: 0x400F6000 Count: 2 */
 292:Generated_Source\PSoC4/cyfitter_cfg.c **** 		};
 293:Generated_Source\PSoC4/cyfitter_cfg.c **** 
 294:Generated_Source\PSoC4/cyfitter_cfg.c **** 		static const cy_cfg_addrvalue_t CYCODE cy_cfg_data_table[] = {
 295:Generated_Source\PSoC4/cyfitter_cfg.c **** 			{0x3Au, 0xC3u},
 296:Generated_Source\PSoC4/cyfitter_cfg.c **** 			{0x3Bu, 0xC0u},
 297:Generated_Source\PSoC4/cyfitter_cfg.c **** 			{0x58u, 0x1Bu},
 298:Generated_Source\PSoC4/cyfitter_cfg.c **** 			{0x59u, 0x08u},
 299:Generated_Source\PSoC4/cyfitter_cfg.c **** 			{0x5Cu, 0x99u},
 300:Generated_Source\PSoC4/cyfitter_cfg.c **** 			{0x5Fu, 0x01u},
 301:Generated_Source\PSoC4/cyfitter_cfg.c **** 			{0xBAu, 0x03u},
 302:Generated_Source\PSoC4/cyfitter_cfg.c **** 			{0xD8u, 0x08u},
 303:Generated_Source\PSoC4/cyfitter_cfg.c **** 			{0xDCu, 0x09u},
 304:Generated_Source\PSoC4/cyfitter_cfg.c **** 			{0xDFu, 0x01u},
 305:Generated_Source\PSoC4/cyfitter_cfg.c **** 			{0x18u, 0x40u},
 306:Generated_Source\PSoC4/cyfitter_cfg.c **** 			{0x1Fu, 0x42u},
 307:Generated_Source\PSoC4/cyfitter_cfg.c **** 			{0x26u, 0x80u},
 308:Generated_Source\PSoC4/cyfitter_cfg.c **** 			{0x7Bu, 0x02u},
 309:Generated_Source\PSoC4/cyfitter_cfg.c **** 			{0x7Cu, 0x40u},
 310:Generated_Source\PSoC4/cyfitter_cfg.c **** 			{0x7Fu, 0x80u},
 311:Generated_Source\PSoC4/cyfitter_cfg.c **** 			{0x87u, 0x40u},
 312:Generated_Source\PSoC4/cyfitter_cfg.c **** 			{0x8Au, 0x80u},
 313:Generated_Source\PSoC4/cyfitter_cfg.c **** 			{0x8Cu, 0x40u},
 314:Generated_Source\PSoC4/cyfitter_cfg.c **** 			{0xA3u, 0x80u},
 315:Generated_Source\PSoC4/cyfitter_cfg.c **** 			{0xAFu, 0x80u},
 316:Generated_Source\PSoC4/cyfitter_cfg.c **** 			{0xDEu, 0x98u},
 317:Generated_Source\PSoC4/cyfitter_cfg.c **** 			{0xE2u, 0xC0u},
 318:Generated_Source\PSoC4/cyfitter_cfg.c **** 			{0x0Fu, 0x02u},
 319:Generated_Source\PSoC4/cyfitter_cfg.c **** 			{0x53u, 0x80u},
 320:Generated_Source\PSoC4/cyfitter_cfg.c **** 			{0x56u, 0x02u},
 321:Generated_Source\PSoC4/cyfitter_cfg.c **** 			{0xC2u, 0x80u},
 322:Generated_Source\PSoC4/cyfitter_cfg.c **** 			{0xD4u, 0x20u},
 323:Generated_Source\PSoC4/cyfitter_cfg.c **** 			{0xD6u, 0x20u},
 324:Generated_Source\PSoC4/cyfitter_cfg.c **** 			{0x63u, 0x10u},
 325:Generated_Source\PSoC4/cyfitter_cfg.c **** 			{0x87u, 0x10u},
 326:Generated_Source\PSoC4/cyfitter_cfg.c **** 			{0x8Bu, 0x80u},
 327:Generated_Source\PSoC4/cyfitter_cfg.c **** 			{0x8Eu, 0x02u},
 328:Generated_Source\PSoC4/cyfitter_cfg.c **** 			{0x9Eu, 0x02u},
 329:Generated_Source\PSoC4/cyfitter_cfg.c **** 			{0xA7u, 0x80u},
 330:Generated_Source\PSoC4/cyfitter_cfg.c **** 			{0xAFu, 0x01u},
 331:Generated_Source\PSoC4/cyfitter_cfg.c **** 			{0xD8u, 0x40u},
 332:Generated_Source\PSoC4/cyfitter_cfg.c **** 			{0xE2u, 0x10u},
 333:Generated_Source\PSoC4/cyfitter_cfg.c **** 			{0xECu, 0x10u},
 334:Generated_Source\PSoC4/cyfitter_cfg.c **** 			{0x02u, 0x01u},
 335:Generated_Source\PSoC4/cyfitter_cfg.c **** 			{0x11u, 0x01u},
 336:Generated_Source\PSoC4/cyfitter_cfg.c **** 		};
 337:Generated_Source\PSoC4/cyfitter_cfg.c **** 
 338:Generated_Source\PSoC4/cyfitter_cfg.c **** 
 339:Generated_Source\PSoC4/cyfitter_cfg.c **** 
 340:Generated_Source\PSoC4/cyfitter_cfg.c **** 		CYPACKED typedef struct {
 341:Generated_Source\PSoC4/cyfitter_cfg.c **** 			void CYFAR *address;
 342:Generated_Source\PSoC4/cyfitter_cfg.c **** 			uint16 size;
 343:Generated_Source\PSoC4/cyfitter_cfg.c **** 		} CYPACKED_ATTR cfg_memset_t;
 344:Generated_Source\PSoC4/cyfitter_cfg.c **** 
ARM GAS  C:\Users\jagumiel\AppData\Local\Temp\ccXSdipu.s 			page 11


 345:Generated_Source\PSoC4/cyfitter_cfg.c **** 		static const cfg_memset_t CYCODE cfg_memset_list[] = {
 346:Generated_Source\PSoC4/cyfitter_cfg.c **** 			/* address, size */
 347:Generated_Source\PSoC4/cyfitter_cfg.c **** 			{(void CYFAR *)(CYDEV_UDB_P0_U0_BASE), 1024u},
 348:Generated_Source\PSoC4/cyfitter_cfg.c **** 			{(void CYFAR *)(CYDEV_UDB_DSI0_BASE), 1024u},
 349:Generated_Source\PSoC4/cyfitter_cfg.c **** 		};
 350:Generated_Source\PSoC4/cyfitter_cfg.c **** 
 351:Generated_Source\PSoC4/cyfitter_cfg.c **** 		uint8 CYDATA i;
 352:Generated_Source\PSoC4/cyfitter_cfg.c **** 
 353:Generated_Source\PSoC4/cyfitter_cfg.c **** 		/* Zero out critical memory blocks before beginning configuration */
 354:Generated_Source\PSoC4/cyfitter_cfg.c **** 		for (i = 0u; i < (sizeof(cfg_memset_list)/sizeof(cfg_memset_list[0])); i++)
 221              		.loc 1 354 0
 222 0060 0024     		movs	r4, #0
 223 0062 0FE0     		b	.L11
 224              	.LVL19:
 225              	.L12:
 226              	.LBB4:
 355:Generated_Source\PSoC4/cyfitter_cfg.c **** 		{
 356:Generated_Source\PSoC4/cyfitter_cfg.c **** 			const cfg_memset_t CYCODE * CYDATA ms = &cfg_memset_list[i];
 357:Generated_Source\PSoC4/cyfitter_cfg.c **** 			CYMEMZERO(ms->address, (size_t)(uint32)(ms->size));
 227              		.loc 1 357 0 discriminator 3
 228 0064 2D48     		ldr	r0, .L13
 229 0066 6200     		lsls	r2, r4, #1
 230 0068 1319     		adds	r3, r2, r4
 231 006a 5900     		lsls	r1, r3, #1
 232 006c 0B00     		movs	r3, r1
 233 006e 4118     		adds	r1, r0, r1
 234 0070 8988     		ldrh	r1, [r1, #4]
 235 0072 1A5A     		ldrh	r2, [r3, r0]
 236 0074 C318     		adds	r3, r0, r3
 237 0076 5888     		ldrh	r0, [r3, #2]
 238 0078 0004     		lsls	r0, r0, #16
 239 007a 1043     		orrs	r0, r2
 240 007c FFF7FEFF 		bl	CYMEMZERO
 241              	.LVL20:
 242              	.LBE4:
 354:Generated_Source\PSoC4/cyfitter_cfg.c **** 		{
 243              		.loc 1 354 0 discriminator 3
 244 0080 0134     		adds	r4, r4, #1
 245              	.LVL21:
 246 0082 E4B2     		uxtb	r4, r4
 247              	.LVL22:
 248              	.L11:
 354:Generated_Source\PSoC4/cyfitter_cfg.c **** 		{
 249              		.loc 1 354 0 is_stmt 0 discriminator 1
 250 0084 012C     		cmp	r4, #1
 251 0086 EDD9     		bls	.L12
 358:Generated_Source\PSoC4/cyfitter_cfg.c **** 		}
 359:Generated_Source\PSoC4/cyfitter_cfg.c **** 
 360:Generated_Source\PSoC4/cyfitter_cfg.c **** 		cfg_write_bytes32(cy_cfg_addr_table, cy_cfg_data_table);
 252              		.loc 1 360 0 is_stmt 1
 253 0088 2448     		ldr	r0, .L13
 254 008a 0100     		movs	r1, r0
 255 008c 0C31     		adds	r1, r1, #12
 256 008e 6030     		adds	r0, r0, #96
 257 0090 FFF7FEFF 		bl	cfg_write_bytes32
 258              	.LVL23:
 361:Generated_Source\PSoC4/cyfitter_cfg.c **** 
ARM GAS  C:\Users\jagumiel\AppData\Local\Temp\ccXSdipu.s 			page 12


 362:Generated_Source\PSoC4/cyfitter_cfg.c **** 		/* HSIOM Starting address: CYDEV_HSIOM_BASE */
 363:Generated_Source\PSoC4/cyfitter_cfg.c **** 		CY_SET_REG32((void *)(CYDEV_HSIOM_BASE), 0x00003300u);
 259              		.loc 1 363 0
 260 0094 CC22     		movs	r2, #204
 261 0096 9201     		lsls	r2, r2, #6
 262 0098 214B     		ldr	r3, .L13+4
 263 009a 1A60     		str	r2, [r3]
 364:Generated_Source\PSoC4/cyfitter_cfg.c **** 		CY_SET_REG32((void *)(CYREG_HSIOM_PORT_SEL1), 0x03000000u);
 264              		.loc 1 364 0
 265 009c C022     		movs	r2, #192
 266 009e 9204     		lsls	r2, r2, #18
 267 00a0 204B     		ldr	r3, .L13+8
 268 00a2 1A60     		str	r2, [r3]
 365:Generated_Source\PSoC4/cyfitter_cfg.c **** 		CY_SET_REG32((void *)(CYREG_HSIOM_PORT_SEL3), 0x0000EE00u);
 269              		.loc 1 365 0
 270 00a4 EE22     		movs	r2, #238
 271 00a6 1202     		lsls	r2, r2, #8
 272 00a8 1F4B     		ldr	r3, .L13+12
 273 00aa 1A60     		str	r2, [r3]
 366:Generated_Source\PSoC4/cyfitter_cfg.c **** 
 367:Generated_Source\PSoC4/cyfitter_cfg.c **** 		/* UDB_PA_0 Starting address: CYDEV_UDB_PA0_BASE */
 368:Generated_Source\PSoC4/cyfitter_cfg.c **** 		CY_SET_REG32((void *)(CYDEV_UDB_PA0_BASE), 0x00990004u);
 274              		.loc 1 368 0
 275 00ac 1F4A     		ldr	r2, .L13+16
 276 00ae 204B     		ldr	r3, .L13+20
 277 00b0 1A60     		str	r2, [r3]
 369:Generated_Source\PSoC4/cyfitter_cfg.c **** 		CY_SET_REG32((void *)(CYREG_UDB_PA0_CFG4), 0x80000000u);
 278              		.loc 1 369 0
 279 00b2 8022     		movs	r2, #128
 280 00b4 1206     		lsls	r2, r2, #24
 281 00b6 1F4B     		ldr	r3, .L13+24
 282 00b8 1A60     		str	r2, [r3]
 370:Generated_Source\PSoC4/cyfitter_cfg.c **** 		CY_SET_REG32((void *)(CYREG_UDB_PA0_CFG8), 0x00C50000u);
 283              		.loc 1 370 0
 284 00ba C522     		movs	r2, #197
 285 00bc 1204     		lsls	r2, r2, #16
 286 00be 1E4B     		ldr	r3, .L13+28
 287 00c0 1A60     		str	r2, [r3]
 371:Generated_Source\PSoC4/cyfitter_cfg.c **** 
 372:Generated_Source\PSoC4/cyfitter_cfg.c **** 		/* UDB_PA_1 Starting address: CYDEV_UDB_PA1_BASE */
 373:Generated_Source\PSoC4/cyfitter_cfg.c **** 		CY_SET_REG32((void *)(CYDEV_UDB_PA1_BASE), 0x00990000u);
 288              		.loc 1 373 0
 289 00c2 9923     		movs	r3, #153
 290 00c4 1B04     		lsls	r3, r3, #16
 291 00c6 1D4A     		ldr	r2, .L13+32
 292 00c8 1360     		str	r3, [r2]
 374:Generated_Source\PSoC4/cyfitter_cfg.c **** 		CY_SET_REG32((void *)(CYREG_UDB_PA1_CFG8), 0x20000000u);
 293              		.loc 1 374 0
 294 00ca 8021     		movs	r1, #128
 295 00cc 8905     		lsls	r1, r1, #22
 296 00ce 1C4A     		ldr	r2, .L13+36
 297 00d0 1160     		str	r1, [r2]
 375:Generated_Source\PSoC4/cyfitter_cfg.c **** 
 376:Generated_Source\PSoC4/cyfitter_cfg.c **** 		/* UDB_PA_3 Starting address: CYDEV_UDB_PA3_BASE */
 377:Generated_Source\PSoC4/cyfitter_cfg.c **** 		CY_SET_REG32((void *)(CYDEV_UDB_PA3_BASE), 0x00990000u);
 298              		.loc 1 377 0
 299 00d2 1C4A     		ldr	r2, .L13+40
ARM GAS  C:\Users\jagumiel\AppData\Local\Temp\ccXSdipu.s 			page 13


 300 00d4 1360     		str	r3, [r2]
 378:Generated_Source\PSoC4/cyfitter_cfg.c **** 
 379:Generated_Source\PSoC4/cyfitter_cfg.c **** 		/* Enable UDB array and digital routing */
 380:Generated_Source\PSoC4/cyfitter_cfg.c **** 		CY_SET_XTND_REG8((void *)CYREG_UDB_UDBIF_WAIT_CFG, (uint8)((CY_GET_XTND_REG8((void *)CYREG_UDB_UD
 301              		.loc 1 380 0
 302 00d6 1C49     		ldr	r1, .L13+44
 303 00d8 0B78     		ldrb	r3, [r1]
 304 00da 3C22     		movs	r2, #60
 305 00dc 9343     		bics	r3, r2
 306 00de 1422     		movs	r2, #20
 307 00e0 1343     		orrs	r3, r2
 308 00e2 DBB2     		uxtb	r3, r3
 309 00e4 0B70     		strb	r3, [r1]
 381:Generated_Source\PSoC4/cyfitter_cfg.c **** 		CY_SET_XTND_REG8((void *)CYREG_UDB_UDBIF_BANK_CTL, (uint8)(CY_GET_XTND_REG8((void *)CYREG_UDB_UDB
 310              		.loc 1 381 0
 311 00e6 194A     		ldr	r2, .L13+48
 312 00e8 1178     		ldrb	r1, [r2]
 313 00ea 1623     		movs	r3, #22
 314 00ec 0B43     		orrs	r3, r1
 315 00ee DBB2     		uxtb	r3, r3
 316 00f0 1370     		strb	r3, [r2]
 317              	.LBE3:
 382:Generated_Source\PSoC4/cyfitter_cfg.c **** 	}
 383:Generated_Source\PSoC4/cyfitter_cfg.c **** 
 384:Generated_Source\PSoC4/cyfitter_cfg.c **** 	/* Perform second pass device configuration. These items must be configured in specific order afte
 385:Generated_Source\PSoC4/cyfitter_cfg.c **** 	/* IOPINS0_0 Starting address: CYDEV_PRT0_BASE */
 386:Generated_Source\PSoC4/cyfitter_cfg.c **** 	CY_SET_REG32((void *)(CYDEV_PRT0_BASE), 0x0000008Cu);
 318              		.loc 1 386 0
 319 00f2 8C22     		movs	r2, #140
 320 00f4 164B     		ldr	r3, .L13+52
 321 00f6 1A60     		str	r2, [r3]
 387:Generated_Source\PSoC4/cyfitter_cfg.c **** 	CY_SET_REG32((void *)(CYREG_PRT0_PC), 0x00400D80u);
 322              		.loc 1 387 0
 323 00f8 164A     		ldr	r2, .L13+56
 324 00fa 174B     		ldr	r3, .L13+60
 325 00fc 1A60     		str	r2, [r3]
 388:Generated_Source\PSoC4/cyfitter_cfg.c **** 
 389:Generated_Source\PSoC4/cyfitter_cfg.c **** 	/* IOPINS0_1 Starting address: CYDEV_PRT1_BASE */
 390:Generated_Source\PSoC4/cyfitter_cfg.c **** 	CY_SET_REG32((void *)(CYDEV_PRT1_BASE), 0x00000040u);
 326              		.loc 1 390 0
 327 00fe 4022     		movs	r2, #64
 328 0100 164B     		ldr	r3, .L13+64
 329 0102 1A60     		str	r2, [r3]
 391:Generated_Source\PSoC4/cyfitter_cfg.c **** 	CY_SET_REG32((void *)(CYREG_PRT1_PC), 0x00180000u);
 330              		.loc 1 391 0
 331 0104 C022     		movs	r2, #192
 332 0106 5203     		lsls	r2, r2, #13
 333 0108 154B     		ldr	r3, .L13+68
 334 010a 1A60     		str	r2, [r3]
 392:Generated_Source\PSoC4/cyfitter_cfg.c **** 
 393:Generated_Source\PSoC4/cyfitter_cfg.c **** 	/* IOPINS0_3 Starting address: CYDEV_PRT3_BASE */
 394:Generated_Source\PSoC4/cyfitter_cfg.c **** 	CY_SET_REG32((void *)(CYREG_PRT3_PC), 0x00000D80u);
 335              		.loc 1 394 0
 336 010c D822     		movs	r2, #216
 337 010e 1201     		lsls	r2, r2, #4
 338 0110 144B     		ldr	r3, .L13+72
 339 0112 1A60     		str	r2, [r3]
ARM GAS  C:\Users\jagumiel\AppData\Local\Temp\ccXSdipu.s 			page 14


 395:Generated_Source\PSoC4/cyfitter_cfg.c **** 
 396:Generated_Source\PSoC4/cyfitter_cfg.c **** 
 397:Generated_Source\PSoC4/cyfitter_cfg.c **** 	/* Setup clocks based on selections from Clock DWR */
 398:Generated_Source\PSoC4/cyfitter_cfg.c **** 	ClockSetup();
 340              		.loc 1 398 0
 341 0114 FFF774FF 		bl	ClockSetup
 342              	.LVL24:
 399:Generated_Source\PSoC4/cyfitter_cfg.c **** 
 400:Generated_Source\PSoC4/cyfitter_cfg.c **** 	/* Perform basic analog initialization to defaults */
 401:Generated_Source\PSoC4/cyfitter_cfg.c **** 	AnalogSetDefault();
 402:Generated_Source\PSoC4/cyfitter_cfg.c **** 
 403:Generated_Source\PSoC4/cyfitter_cfg.c **** }
 343              		.loc 1 403 0
 344              		@ sp needed
 345              	.LVL25:
 346 0118 10BD     		pop	{r4, pc}
 347              	.L14:
 348 011a C046     		.align	2
 349              	.L13:
 350 011c 00000000 		.word	.LANCHOR0
 351 0120 00000140 		.word	1073807360
 352 0124 04000140 		.word	1073807364
 353 0128 0C000140 		.word	1073807372
 354 012c 04009900 		.word	10027012
 355 0130 00500F40 		.word	1074745344
 356 0134 04500F40 		.word	1074745348
 357 0138 08500F40 		.word	1074745352
 358 013c 10500F40 		.word	1074745360
 359 0140 18500F40 		.word	1074745368
 360 0144 30500F40 		.word	1074745392
 361 0148 01700F40 		.word	1074753537
 362 014c 00700F40 		.word	1074753536
 363 0150 00000440 		.word	1074003968
 364 0154 800D4000 		.word	4197760
 365 0158 08000440 		.word	1074003976
 366 015c 00010440 		.word	1074004224
 367 0160 08010440 		.word	1074004232
 368 0164 08030440 		.word	1074004744
 369              		.cfi_endproc
 370              	.LFE6:
 371              		.size	cyfitter_cfg, .-cyfitter_cfg
 372              		.section	.rodata
 373              		.align	2
 374              		.set	.LANCHOR0,. + 0
 375              		.type	cfg_memset_list.4870, %object
 376              		.size	cfg_memset_list.4870, 12
 377              	cfg_memset_list.4870:
 378 0000 00300F40 		.word	1074737152
 379 0004 0004     		.short	1024
 380 0006 00400F40 		.4byte	1074741248
 381 000a 0004     		.short	1024
 382              		.type	cy_cfg_data_table.4865, %object
 383              		.size	cy_cfg_data_table.4865, 82
 384              	cy_cfg_data_table.4865:
 385 000c 3A       		.byte	58
 386 000d C3       		.byte	-61
 387 000e 3B       		.byte	59
ARM GAS  C:\Users\jagumiel\AppData\Local\Temp\ccXSdipu.s 			page 15


 388 000f C0       		.byte	-64
 389 0010 58       		.byte	88
 390 0011 1B       		.byte	27
 391 0012 59       		.byte	89
 392 0013 08       		.byte	8
 393 0014 5C       		.byte	92
 394 0015 99       		.byte	-103
 395 0016 5F       		.byte	95
 396 0017 01       		.byte	1
 397 0018 BA       		.byte	-70
 398 0019 03       		.byte	3
 399 001a D8       		.byte	-40
 400 001b 08       		.byte	8
 401 001c DC       		.byte	-36
 402 001d 09       		.byte	9
 403 001e DF       		.byte	-33
 404 001f 01       		.byte	1
 405 0020 18       		.byte	24
 406 0021 40       		.byte	64
 407 0022 1F       		.byte	31
 408 0023 42       		.byte	66
 409 0024 26       		.byte	38
 410 0025 80       		.byte	-128
 411 0026 7B       		.byte	123
 412 0027 02       		.byte	2
 413 0028 7C       		.byte	124
 414 0029 40       		.byte	64
 415 002a 7F       		.byte	127
 416 002b 80       		.byte	-128
 417 002c 87       		.byte	-121
 418 002d 40       		.byte	64
 419 002e 8A       		.byte	-118
 420 002f 80       		.byte	-128
 421 0030 8C       		.byte	-116
 422 0031 40       		.byte	64
 423 0032 A3       		.byte	-93
 424 0033 80       		.byte	-128
 425 0034 AF       		.byte	-81
 426 0035 80       		.byte	-128
 427 0036 DE       		.byte	-34
 428 0037 98       		.byte	-104
 429 0038 E2       		.byte	-30
 430 0039 C0       		.byte	-64
 431 003a 0F       		.byte	15
 432 003b 02       		.byte	2
 433 003c 53       		.byte	83
 434 003d 80       		.byte	-128
 435 003e 56       		.byte	86
 436 003f 02       		.byte	2
 437 0040 C2       		.byte	-62
 438 0041 80       		.byte	-128
 439 0042 D4       		.byte	-44
 440 0043 20       		.byte	32
 441 0044 D6       		.byte	-42
 442 0045 20       		.byte	32
 443 0046 63       		.byte	99
 444 0047 10       		.byte	16
ARM GAS  C:\Users\jagumiel\AppData\Local\Temp\ccXSdipu.s 			page 16


 445 0048 87       		.byte	-121
 446 0049 10       		.byte	16
 447 004a 8B       		.byte	-117
 448 004b 80       		.byte	-128
 449 004c 8E       		.byte	-114
 450 004d 02       		.byte	2
 451 004e 9E       		.byte	-98
 452 004f 02       		.byte	2
 453 0050 A7       		.byte	-89
 454 0051 80       		.byte	-128
 455 0052 AF       		.byte	-81
 456 0053 01       		.byte	1
 457 0054 D8       		.byte	-40
 458 0055 40       		.byte	64
 459 0056 E2       		.byte	-30
 460 0057 10       		.byte	16
 461 0058 EC       		.byte	-20
 462 0059 10       		.byte	16
 463 005a 02       		.byte	2
 464 005b 01       		.byte	1
 465 005c 11       		.byte	17
 466 005d 01       		.byte	1
 467 005e 0000     		.space	2
 468              		.type	cy_cfg_addr_table.4864, %object
 469              		.size	cy_cfg_addr_table.4864, 20
 470              	cy_cfg_addr_table.4864:
 471 0060 0A320F40 		.word	1074737674
 472 0064 0D330F40 		.word	1074737933
 473 0068 06400F40 		.word	1074741254
 474 006c 0A410F40 		.word	1074741514
 475 0070 02600F40 		.word	1074749442
 476              		.text
 477              	.Letext0:
 478              		.file 2 "c:\\program files (x86)\\cypress\\psoc creator\\4.2\\psoc creator\\import\\gnu\\arm\\5.4.
 479              		.file 3 "Generated_Source\\PSoC4\\cytypes.h"
 480              		.file 4 "Generated_Source\\PSoC4\\CyLib.h"
 481              		.section	.debug_info,"",%progbits
 482              	.Ldebug_info0:
 483 0000 9C030000 		.4byte	0x39c
 484 0004 0400     		.2byte	0x4
 485 0006 00000000 		.4byte	.Ldebug_abbrev0
 486 000a 04       		.byte	0x4
 487 000b 01       		.uleb128 0x1
 488 000c 79010000 		.4byte	.LASF39
 489 0010 0C       		.byte	0xc
 490 0011 A6020000 		.4byte	.LASF40
 491 0015 57000000 		.4byte	.LASF41
 492 0019 00000000 		.4byte	.Ldebug_ranges0+0
 493 001d 00000000 		.4byte	0
 494 0021 00000000 		.4byte	.Ldebug_line0
 495 0025 02       		.uleb128 0x2
 496 0026 04       		.byte	0x4
 497 0027 05       		.byte	0x5
 498 0028 696E7400 		.ascii	"int\000"
 499 002c 03       		.uleb128 0x3
 500 002d 06000000 		.4byte	.LASF12
 501 0031 02       		.byte	0x2
ARM GAS  C:\Users\jagumiel\AppData\Local\Temp\ccXSdipu.s 			page 17


 502 0032 D8       		.byte	0xd8
 503 0033 37000000 		.4byte	0x37
 504 0037 04       		.uleb128 0x4
 505 0038 04       		.byte	0x4
 506 0039 07       		.byte	0x7
 507 003a 40010000 		.4byte	.LASF0
 508 003e 04       		.uleb128 0x4
 509 003f 08       		.byte	0x8
 510 0040 05       		.byte	0x5
 511 0041 39020000 		.4byte	.LASF1
 512 0045 04       		.uleb128 0x4
 513 0046 08       		.byte	0x8
 514 0047 04       		.byte	0x4
 515 0048 8E020000 		.4byte	.LASF2
 516 004c 04       		.uleb128 0x4
 517 004d 01       		.byte	0x1
 518 004e 06       		.byte	0x6
 519 004f 9A020000 		.4byte	.LASF3
 520 0053 04       		.uleb128 0x4
 521 0054 01       		.byte	0x1
 522 0055 08       		.byte	0x8
 523 0056 E2000000 		.4byte	.LASF4
 524 005a 04       		.uleb128 0x4
 525 005b 02       		.byte	0x2
 526 005c 05       		.byte	0x5
 527 005d 66020000 		.4byte	.LASF5
 528 0061 04       		.uleb128 0x4
 529 0062 02       		.byte	0x2
 530 0063 07       		.byte	0x7
 531 0064 26020000 		.4byte	.LASF6
 532 0068 04       		.uleb128 0x4
 533 0069 04       		.byte	0x4
 534 006a 05       		.byte	0x5
 535 006b 85020000 		.4byte	.LASF7
 536 006f 04       		.uleb128 0x4
 537 0070 04       		.byte	0x4
 538 0071 07       		.byte	0x7
 539 0072 C0000000 		.4byte	.LASF8
 540 0076 04       		.uleb128 0x4
 541 0077 08       		.byte	0x8
 542 0078 07       		.byte	0x7
 543 0079 62010000 		.4byte	.LASF9
 544 007d 04       		.uleb128 0x4
 545 007e 04       		.byte	0x4
 546 007f 07       		.byte	0x7
 547 0080 1D020000 		.4byte	.LASF10
 548 0084 05       		.uleb128 0x5
 549 0085 04       		.byte	0x4
 550 0086 04       		.uleb128 0x4
 551 0087 01       		.byte	0x1
 552 0088 08       		.byte	0x8
 553 0089 47020000 		.4byte	.LASF11
 554 008d 06       		.uleb128 0x6
 555 008e D2000000 		.4byte	.LASF13
 556 0092 03       		.byte	0x3
 557 0093 E401     		.2byte	0x1e4
 558 0095 53000000 		.4byte	0x53
ARM GAS  C:\Users\jagumiel\AppData\Local\Temp\ccXSdipu.s 			page 18


 559 0099 06       		.uleb128 0x6
 560 009a 27010000 		.4byte	.LASF14
 561 009e 03       		.byte	0x3
 562 009f E501     		.2byte	0x1e5
 563 00a1 61000000 		.4byte	0x61
 564 00a5 06       		.uleb128 0x6
 565 00a6 39010000 		.4byte	.LASF15
 566 00aa 03       		.byte	0x3
 567 00ab E601     		.2byte	0x1e6
 568 00ad 6F000000 		.4byte	0x6f
 569 00b1 04       		.uleb128 0x4
 570 00b2 04       		.byte	0x4
 571 00b3 04       		.byte	0x4
 572 00b4 A0000000 		.4byte	.LASF16
 573 00b8 04       		.uleb128 0x4
 574 00b9 08       		.byte	0x8
 575 00ba 04       		.byte	0x4
 576 00bb F7000000 		.4byte	.LASF17
 577 00bf 06       		.uleb128 0x6
 578 00c0 BB000000 		.4byte	.LASF18
 579 00c4 03       		.byte	0x3
 580 00c5 8E02     		.2byte	0x28e
 581 00c7 CB000000 		.4byte	0xcb
 582 00cb 07       		.uleb128 0x7
 583 00cc 8D000000 		.4byte	0x8d
 584 00d0 06       		.uleb128 0x6
 585 00d1 00000000 		.4byte	.LASF19
 586 00d5 03       		.byte	0x3
 587 00d6 9002     		.2byte	0x290
 588 00d8 DC000000 		.4byte	0xdc
 589 00dc 07       		.uleb128 0x7
 590 00dd A5000000 		.4byte	0xa5
 591 00e1 08       		.uleb128 0x8
 592 00e2 02       		.byte	0x2
 593 00e3 01       		.byte	0x1
 594 00e4 97       		.byte	0x97
 595 00e5 02010000 		.4byte	0x102
 596 00e9 09       		.uleb128 0x9
 597 00ea 5F020000 		.4byte	.LASF20
 598 00ee 01       		.byte	0x1
 599 00ef 99       		.byte	0x99
 600 00f0 8D000000 		.4byte	0x8d
 601 00f4 00       		.byte	0
 602 00f5 09       		.uleb128 0x9
 603 00f6 1C000000 		.4byte	.LASF21
 604 00fa 01       		.byte	0x1
 605 00fb 9A       		.byte	0x9a
 606 00fc 8D000000 		.4byte	0x8d
 607 0100 01       		.byte	0x1
 608 0101 00       		.byte	0
 609 0102 03       		.uleb128 0x3
 610 0103 4C020000 		.4byte	.LASF22
 611 0107 01       		.byte	0x1
 612 0108 9B       		.byte	0x9b
 613 0109 E1000000 		.4byte	0xe1
 614 010d 0A       		.uleb128 0xa
 615 010e FE000000 		.4byte	.LASF27
ARM GAS  C:\Users\jagumiel\AppData\Local\Temp\ccXSdipu.s 			page 19


 616 0112 01       		.byte	0x1
 617 0113 AE       		.byte	0xae
 618 0114 00000000 		.4byte	.LFB3
 619 0118 32000000 		.4byte	.LFE3-.LFB3
 620 011c 01       		.uleb128 0x1
 621 011d 9C       		.byte	0x9c
 622 011e 7F010000 		.4byte	0x17f
 623 0122 0B       		.uleb128 0xb
 624 0123 1C010000 		.4byte	.LASF23
 625 0127 01       		.byte	0x1
 626 0128 AE       		.byte	0xae
 627 0129 7F010000 		.4byte	0x17f
 628 012d 01       		.uleb128 0x1
 629 012e 50       		.byte	0x50
 630 012f 0B       		.uleb128 0xb
 631 0130 2E010000 		.4byte	.LASF24
 632 0134 01       		.byte	0x1
 633 0135 AE       		.byte	0xae
 634 0136 8A010000 		.4byte	0x18a
 635 013a 01       		.uleb128 0x1
 636 013b 51       		.byte	0x51
 637 013c 0C       		.uleb128 0xc
 638 013d 6900     		.ascii	"i\000"
 639 013f 01       		.byte	0x1
 640 0140 B1       		.byte	0xb1
 641 0141 A5000000 		.4byte	0xa5
 642 0145 00000000 		.4byte	.LLST0
 643 0149 0C       		.uleb128 0xc
 644 014a 6A00     		.ascii	"j\000"
 645 014c 01       		.byte	0x1
 646 014d B1       		.byte	0xb1
 647 014e A5000000 		.4byte	0xa5
 648 0152 1F000000 		.4byte	.LLST1
 649 0156 0D       		.uleb128 0xd
 650 0157 08000000 		.4byte	.LBB2
 651 015b 22000000 		.4byte	.LBE2-.LBB2
 652 015f 0E       		.uleb128 0xe
 653 0160 14020000 		.4byte	.LASF25
 654 0164 01       		.byte	0x1
 655 0165 B4       		.byte	0xb4
 656 0166 A5000000 		.4byte	0xa5
 657 016a 3E000000 		.4byte	.LLST2
 658 016e 0E       		.uleb128 0xe
 659 016f 22000000 		.4byte	.LASF26
 660 0173 01       		.byte	0x1
 661 0174 B5       		.byte	0xb5
 662 0175 8D000000 		.4byte	0x8d
 663 0179 51000000 		.4byte	.LLST3
 664 017d 00       		.byte	0
 665 017e 00       		.byte	0
 666 017f 0F       		.uleb128 0xf
 667 0180 04       		.byte	0x4
 668 0181 85010000 		.4byte	0x185
 669 0185 10       		.uleb128 0x10
 670 0186 A5000000 		.4byte	0xa5
 671 018a 0F       		.uleb128 0xf
 672 018b 04       		.byte	0x4
ARM GAS  C:\Users\jagumiel\AppData\Local\Temp\ccXSdipu.s 			page 20


 673 018c 90010000 		.4byte	0x190
 674 0190 10       		.uleb128 0x10
 675 0191 02010000 		.4byte	0x102
 676 0195 0A       		.uleb128 0xa
 677 0196 D8000000 		.4byte	.LASF28
 678 019a 01       		.byte	0x1
 679 019b 4C       		.byte	0x4c
 680 019c 00000000 		.4byte	.LFB0
 681 01a0 0C000000 		.4byte	.LFE0-.LFB0
 682 01a4 01       		.uleb128 0x1
 683 01a5 9C       		.byte	0x9c
 684 01a6 E2010000 		.4byte	0x1e2
 685 01aa 11       		.uleb128 0x11
 686 01ab 7300     		.ascii	"s\000"
 687 01ad 01       		.byte	0x1
 688 01ae 4C       		.byte	0x4c
 689 01af 84000000 		.4byte	0x84
 690 01b3 6F000000 		.4byte	.LLST4
 691 01b7 11       		.uleb128 0x11
 692 01b8 6E00     		.ascii	"n\000"
 693 01ba 01       		.byte	0x1
 694 01bb 4C       		.byte	0x4c
 695 01bc 2C000000 		.4byte	0x2c
 696 01c0 90000000 		.4byte	.LLST5
 697 01c4 12       		.uleb128 0x12
 698 01c5 0A000000 		.4byte	.LVL14
 699 01c9 75030000 		.4byte	0x375
 700 01cd 13       		.uleb128 0x13
 701 01ce 01       		.uleb128 0x1
 702 01cf 50       		.byte	0x50
 703 01d0 03       		.uleb128 0x3
 704 01d1 F3       		.byte	0xf3
 705 01d2 01       		.uleb128 0x1
 706 01d3 50       		.byte	0x50
 707 01d4 13       		.uleb128 0x13
 708 01d5 01       		.uleb128 0x1
 709 01d6 51       		.byte	0x51
 710 01d7 01       		.uleb128 0x1
 711 01d8 30       		.byte	0x30
 712 01d9 13       		.uleb128 0x13
 713 01da 01       		.uleb128 0x1
 714 01db 52       		.byte	0x52
 715 01dc 03       		.uleb128 0x3
 716 01dd F3       		.byte	0xf3
 717 01de 01       		.uleb128 0x1
 718 01df 51       		.byte	0x51
 719 01e0 00       		.byte	0
 720 01e1 00       		.byte	0
 721 01e2 0A       		.uleb128 0xa
 722 01e3 28000000 		.4byte	.LASF29
 723 01e7 01       		.byte	0x1
 724 01e8 D3       		.byte	0xd3
 725 01e9 00000000 		.4byte	.LFB4
 726 01ed 5C000000 		.4byte	.LFE4-.LFB4
 727 01f1 01       		.uleb128 0x1
 728 01f2 9C       		.byte	0x9c
 729 01f3 2D020000 		.4byte	0x22d
ARM GAS  C:\Users\jagumiel\AppData\Local\Temp\ccXSdipu.s 			page 21


 730 01f7 14       		.uleb128 0x14
 731 01f8 14000000 		.4byte	.LVL15
 732 01fc 7E030000 		.4byte	0x37e
 733 0200 0A020000 		.4byte	0x20a
 734 0204 13       		.uleb128 0x13
 735 0205 01       		.uleb128 0x1
 736 0206 50       		.byte	0x50
 737 0207 01       		.uleb128 0x1
 738 0208 48       		.byte	0x48
 739 0209 00       		.byte	0
 740 020a 14       		.uleb128 0x14
 741 020b 34000000 		.4byte	.LVL16
 742 020f 89030000 		.4byte	0x389
 743 0213 1D020000 		.4byte	0x21d
 744 0217 13       		.uleb128 0x13
 745 0218 01       		.uleb128 0x1
 746 0219 50       		.byte	0x50
 747 021a 01       		.uleb128 0x1
 748 021b 39       		.byte	0x39
 749 021c 00       		.byte	0
 750 021d 12       		.uleb128 0x12
 751 021e 3A000000 		.4byte	.LVL17
 752 0222 94030000 		.4byte	0x394
 753 0226 13       		.uleb128 0x13
 754 0227 01       		.uleb128 0x1
 755 0228 50       		.byte	0x50
 756 0229 01       		.uleb128 0x1
 757 022a 39       		.byte	0x39
 758 022b 00       		.byte	0
 759 022c 00       		.byte	0
 760 022d 15       		.uleb128 0x15
 761 022e 4D010000 		.4byte	.LASF42
 762 0232 01       		.byte	0x1
 763 0233 1801     		.2byte	0x118
 764 0235 5C000000 		.4byte	.LFB6
 765 0239 0C010000 		.4byte	.LFE6-.LFB6
 766 023d 01       		.uleb128 0x1
 767 023e 9C       		.byte	0x9c
 768 023f 4B030000 		.4byte	0x34b
 769 0243 16       		.uleb128 0x16
 770 0244 60000000 		.4byte	.LBB3
 771 0248 92000000 		.4byte	.LBE3-.LBB3
 772 024c 41030000 		.4byte	0x341
 773 0250 17       		.uleb128 0x17
 774 0251 33000000 		.4byte	.LASF30
 775 0255 01       		.byte	0x1
 776 0256 1E01     		.2byte	0x11e
 777 0258 5B030000 		.4byte	0x35b
 778 025c 05       		.uleb128 0x5
 779 025d 03       		.byte	0x3
 780 025e 60000000 		.4byte	cy_cfg_addr_table.4864
 781 0262 17       		.uleb128 0x17
 782 0263 45000000 		.4byte	.LASF31
 783 0267 01       		.byte	0x1
 784 0268 2601     		.2byte	0x126
 785 026a 70030000 		.4byte	0x370
 786 026e 05       		.uleb128 0x5
ARM GAS  C:\Users\jagumiel\AppData\Local\Temp\ccXSdipu.s 			page 22


 787 026f 03       		.byte	0x3
 788 0270 0C000000 		.4byte	cy_cfg_data_table.4865
 789 0274 18       		.uleb128 0x18
 790 0275 06       		.byte	0x6
 791 0276 01       		.byte	0x1
 792 0277 5401     		.2byte	0x154
 793 0279 98020000 		.4byte	0x298
 794 027d 19       		.uleb128 0x19
 795 027e 5A010000 		.4byte	.LASF32
 796 0282 01       		.byte	0x1
 797 0283 5501     		.2byte	0x155
 798 0285 84000000 		.4byte	0x84
 799 0289 00       		.byte	0
 800 028a 19       		.uleb128 0x19
 801 028b B6000000 		.4byte	.LASF33
 802 028f 01       		.byte	0x1
 803 0290 5601     		.2byte	0x156
 804 0292 99000000 		.4byte	0x99
 805 0296 04       		.byte	0x4
 806 0297 00       		.byte	0
 807 0298 06       		.uleb128 0x6
 808 0299 07020000 		.4byte	.LASF34
 809 029d 01       		.byte	0x1
 810 029e 5701     		.2byte	0x157
 811 02a0 74020000 		.4byte	0x274
 812 02a4 1A       		.uleb128 0x1a
 813 02a5 B4020000 		.4byte	0x2b4
 814 02a9 B4020000 		.4byte	0x2b4
 815 02ad 1B       		.uleb128 0x1b
 816 02ae 7D000000 		.4byte	0x7d
 817 02b2 01       		.byte	0x1
 818 02b3 00       		.byte	0
 819 02b4 10       		.uleb128 0x10
 820 02b5 98020000 		.4byte	0x298
 821 02b9 17       		.uleb128 0x17
 822 02ba A6000000 		.4byte	.LASF35
 823 02be 01       		.byte	0x1
 824 02bf 5901     		.2byte	0x159
 825 02c1 CB020000 		.4byte	0x2cb
 826 02c5 05       		.uleb128 0x5
 827 02c6 03       		.byte	0x3
 828 02c7 00000000 		.4byte	cfg_memset_list.4870
 829 02cb 10       		.uleb128 0x10
 830 02cc A4020000 		.4byte	0x2a4
 831 02d0 1C       		.uleb128 0x1c
 832 02d1 6900     		.ascii	"i\000"
 833 02d3 01       		.byte	0x1
 834 02d4 5F01     		.2byte	0x15f
 835 02d6 8D000000 		.4byte	0x8d
 836 02da BC000000 		.4byte	.LLST6
 837 02de 16       		.uleb128 0x16
 838 02df 64000000 		.4byte	.LBB4
 839 02e3 1C000000 		.4byte	.LBE4-.LBB4
 840 02e7 24030000 		.4byte	0x324
 841 02eb 1C       		.uleb128 0x1c
 842 02ec 6D7300   		.ascii	"ms\000"
 843 02ef 01       		.byte	0x1
ARM GAS  C:\Users\jagumiel\AppData\Local\Temp\ccXSdipu.s 			page 23


 844 02f0 6401     		.2byte	0x164
 845 02f2 FA020000 		.4byte	0x2fa
 846 02f6 E6000000 		.4byte	.LLST7
 847 02fa 0F       		.uleb128 0xf
 848 02fb 04       		.byte	0x4
 849 02fc B4020000 		.4byte	0x2b4
 850 0300 12       		.uleb128 0x12
 851 0301 80000000 		.4byte	.LVL20
 852 0305 95010000 		.4byte	0x195
 853 0309 13       		.uleb128 0x13
 854 030a 01       		.uleb128 0x1
 855 030b 51       		.byte	0x51
 856 030c 15       		.uleb128 0x15
 857 030d 74       		.byte	0x74
 858 030e 00       		.sleb128 0
 859 030f 31       		.byte	0x31
 860 0310 24       		.byte	0x24
 861 0311 74       		.byte	0x74
 862 0312 00       		.sleb128 0
 863 0313 22       		.byte	0x22
 864 0314 31       		.byte	0x31
 865 0315 24       		.byte	0x24
 866 0316 03       		.byte	0x3
 867 0317 04000000 		.4byte	.LANCHOR0+4
 868 031b 22       		.byte	0x22
 869 031c 94       		.byte	0x94
 870 031d 02       		.byte	0x2
 871 031e 0A       		.byte	0xa
 872 031f FFFF     		.2byte	0xffff
 873 0321 1A       		.byte	0x1a
 874 0322 00       		.byte	0
 875 0323 00       		.byte	0
 876 0324 12       		.uleb128 0x12
 877 0325 94000000 		.4byte	.LVL23
 878 0329 0D010000 		.4byte	0x10d
 879 032d 13       		.uleb128 0x13
 880 032e 01       		.uleb128 0x1
 881 032f 50       		.byte	0x50
 882 0330 05       		.uleb128 0x5
 883 0331 03       		.byte	0x3
 884 0332 60000000 		.4byte	.LANCHOR0+96
 885 0336 13       		.uleb128 0x13
 886 0337 01       		.uleb128 0x1
 887 0338 51       		.byte	0x51
 888 0339 05       		.uleb128 0x5
 889 033a 03       		.byte	0x3
 890 033b 0C000000 		.4byte	.LANCHOR0+12
 891 033f 00       		.byte	0
 892 0340 00       		.byte	0
 893 0341 1D       		.uleb128 0x1d
 894 0342 18010000 		.4byte	.LVL24
 895 0346 E2010000 		.4byte	0x1e2
 896 034a 00       		.byte	0
 897 034b 1A       		.uleb128 0x1a
 898 034c 85010000 		.4byte	0x185
 899 0350 5B030000 		.4byte	0x35b
 900 0354 1B       		.uleb128 0x1b
ARM GAS  C:\Users\jagumiel\AppData\Local\Temp\ccXSdipu.s 			page 24


 901 0355 7D000000 		.4byte	0x7d
 902 0359 04       		.byte	0x4
 903 035a 00       		.byte	0
 904 035b 10       		.uleb128 0x10
 905 035c 4B030000 		.4byte	0x34b
 906 0360 1A       		.uleb128 0x1a
 907 0361 90010000 		.4byte	0x190
 908 0365 70030000 		.4byte	0x370
 909 0369 1B       		.uleb128 0x1b
 910 036a 7D000000 		.4byte	0x7d
 911 036e 28       		.byte	0x28
 912 036f 00       		.byte	0
 913 0370 10       		.uleb128 0x10
 914 0371 60030000 		.4byte	0x360
 915 0375 1E       		.uleb128 0x1e
 916 0376 F0000000 		.4byte	.LASF43
 917 037a F0000000 		.4byte	.LASF43
 918 037e 1F       		.uleb128 0x1f
 919 037f 70020000 		.4byte	.LASF36
 920 0383 70020000 		.4byte	.LASF36
 921 0387 04       		.byte	0x4
 922 0388 6C       		.byte	0x6c
 923 0389 1F       		.uleb128 0x1f
 924 038a 0D000000 		.4byte	.LASF37
 925 038e 0D000000 		.4byte	.LASF37
 926 0392 04       		.byte	0x4
 927 0393 BD       		.byte	0xbd
 928 0394 1F       		.uleb128 0x1f
 929 0395 10010000 		.4byte	.LASF38
 930 0399 10010000 		.4byte	.LASF38
 931 039d 04       		.byte	0x4
 932 039e C3       		.byte	0xc3
 933 039f 00       		.byte	0
 934              		.section	.debug_abbrev,"",%progbits
 935              	.Ldebug_abbrev0:
 936 0000 01       		.uleb128 0x1
 937 0001 11       		.uleb128 0x11
 938 0002 01       		.byte	0x1
 939 0003 25       		.uleb128 0x25
 940 0004 0E       		.uleb128 0xe
 941 0005 13       		.uleb128 0x13
 942 0006 0B       		.uleb128 0xb
 943 0007 03       		.uleb128 0x3
 944 0008 0E       		.uleb128 0xe
 945 0009 1B       		.uleb128 0x1b
 946 000a 0E       		.uleb128 0xe
 947 000b 55       		.uleb128 0x55
 948 000c 17       		.uleb128 0x17
 949 000d 11       		.uleb128 0x11
 950 000e 01       		.uleb128 0x1
 951 000f 10       		.uleb128 0x10
 952 0010 17       		.uleb128 0x17
 953 0011 00       		.byte	0
 954 0012 00       		.byte	0
 955 0013 02       		.uleb128 0x2
 956 0014 24       		.uleb128 0x24
 957 0015 00       		.byte	0
ARM GAS  C:\Users\jagumiel\AppData\Local\Temp\ccXSdipu.s 			page 25


 958 0016 0B       		.uleb128 0xb
 959 0017 0B       		.uleb128 0xb
 960 0018 3E       		.uleb128 0x3e
 961 0019 0B       		.uleb128 0xb
 962 001a 03       		.uleb128 0x3
 963 001b 08       		.uleb128 0x8
 964 001c 00       		.byte	0
 965 001d 00       		.byte	0
 966 001e 03       		.uleb128 0x3
 967 001f 16       		.uleb128 0x16
 968 0020 00       		.byte	0
 969 0021 03       		.uleb128 0x3
 970 0022 0E       		.uleb128 0xe
 971 0023 3A       		.uleb128 0x3a
 972 0024 0B       		.uleb128 0xb
 973 0025 3B       		.uleb128 0x3b
 974 0026 0B       		.uleb128 0xb
 975 0027 49       		.uleb128 0x49
 976 0028 13       		.uleb128 0x13
 977 0029 00       		.byte	0
 978 002a 00       		.byte	0
 979 002b 04       		.uleb128 0x4
 980 002c 24       		.uleb128 0x24
 981 002d 00       		.byte	0
 982 002e 0B       		.uleb128 0xb
 983 002f 0B       		.uleb128 0xb
 984 0030 3E       		.uleb128 0x3e
 985 0031 0B       		.uleb128 0xb
 986 0032 03       		.uleb128 0x3
 987 0033 0E       		.uleb128 0xe
 988 0034 00       		.byte	0
 989 0035 00       		.byte	0
 990 0036 05       		.uleb128 0x5
 991 0037 0F       		.uleb128 0xf
 992 0038 00       		.byte	0
 993 0039 0B       		.uleb128 0xb
 994 003a 0B       		.uleb128 0xb
 995 003b 00       		.byte	0
 996 003c 00       		.byte	0
 997 003d 06       		.uleb128 0x6
 998 003e 16       		.uleb128 0x16
 999 003f 00       		.byte	0
 1000 0040 03       		.uleb128 0x3
 1001 0041 0E       		.uleb128 0xe
 1002 0042 3A       		.uleb128 0x3a
 1003 0043 0B       		.uleb128 0xb
 1004 0044 3B       		.uleb128 0x3b
 1005 0045 05       		.uleb128 0x5
 1006 0046 49       		.uleb128 0x49
 1007 0047 13       		.uleb128 0x13
 1008 0048 00       		.byte	0
 1009 0049 00       		.byte	0
 1010 004a 07       		.uleb128 0x7
 1011 004b 35       		.uleb128 0x35
 1012 004c 00       		.byte	0
 1013 004d 49       		.uleb128 0x49
 1014 004e 13       		.uleb128 0x13
ARM GAS  C:\Users\jagumiel\AppData\Local\Temp\ccXSdipu.s 			page 26


 1015 004f 00       		.byte	0
 1016 0050 00       		.byte	0
 1017 0051 08       		.uleb128 0x8
 1018 0052 13       		.uleb128 0x13
 1019 0053 01       		.byte	0x1
 1020 0054 0B       		.uleb128 0xb
 1021 0055 0B       		.uleb128 0xb
 1022 0056 3A       		.uleb128 0x3a
 1023 0057 0B       		.uleb128 0xb
 1024 0058 3B       		.uleb128 0x3b
 1025 0059 0B       		.uleb128 0xb
 1026 005a 01       		.uleb128 0x1
 1027 005b 13       		.uleb128 0x13
 1028 005c 00       		.byte	0
 1029 005d 00       		.byte	0
 1030 005e 09       		.uleb128 0x9
 1031 005f 0D       		.uleb128 0xd
 1032 0060 00       		.byte	0
 1033 0061 03       		.uleb128 0x3
 1034 0062 0E       		.uleb128 0xe
 1035 0063 3A       		.uleb128 0x3a
 1036 0064 0B       		.uleb128 0xb
 1037 0065 3B       		.uleb128 0x3b
 1038 0066 0B       		.uleb128 0xb
 1039 0067 49       		.uleb128 0x49
 1040 0068 13       		.uleb128 0x13
 1041 0069 38       		.uleb128 0x38
 1042 006a 0B       		.uleb128 0xb
 1043 006b 00       		.byte	0
 1044 006c 00       		.byte	0
 1045 006d 0A       		.uleb128 0xa
 1046 006e 2E       		.uleb128 0x2e
 1047 006f 01       		.byte	0x1
 1048 0070 03       		.uleb128 0x3
 1049 0071 0E       		.uleb128 0xe
 1050 0072 3A       		.uleb128 0x3a
 1051 0073 0B       		.uleb128 0xb
 1052 0074 3B       		.uleb128 0x3b
 1053 0075 0B       		.uleb128 0xb
 1054 0076 27       		.uleb128 0x27
 1055 0077 19       		.uleb128 0x19
 1056 0078 11       		.uleb128 0x11
 1057 0079 01       		.uleb128 0x1
 1058 007a 12       		.uleb128 0x12
 1059 007b 06       		.uleb128 0x6
 1060 007c 40       		.uleb128 0x40
 1061 007d 18       		.uleb128 0x18
 1062 007e 9742     		.uleb128 0x2117
 1063 0080 19       		.uleb128 0x19
 1064 0081 01       		.uleb128 0x1
 1065 0082 13       		.uleb128 0x13
 1066 0083 00       		.byte	0
 1067 0084 00       		.byte	0
 1068 0085 0B       		.uleb128 0xb
 1069 0086 05       		.uleb128 0x5
 1070 0087 00       		.byte	0
 1071 0088 03       		.uleb128 0x3
ARM GAS  C:\Users\jagumiel\AppData\Local\Temp\ccXSdipu.s 			page 27


 1072 0089 0E       		.uleb128 0xe
 1073 008a 3A       		.uleb128 0x3a
 1074 008b 0B       		.uleb128 0xb
 1075 008c 3B       		.uleb128 0x3b
 1076 008d 0B       		.uleb128 0xb
 1077 008e 49       		.uleb128 0x49
 1078 008f 13       		.uleb128 0x13
 1079 0090 02       		.uleb128 0x2
 1080 0091 18       		.uleb128 0x18
 1081 0092 00       		.byte	0
 1082 0093 00       		.byte	0
 1083 0094 0C       		.uleb128 0xc
 1084 0095 34       		.uleb128 0x34
 1085 0096 00       		.byte	0
 1086 0097 03       		.uleb128 0x3
 1087 0098 08       		.uleb128 0x8
 1088 0099 3A       		.uleb128 0x3a
 1089 009a 0B       		.uleb128 0xb
 1090 009b 3B       		.uleb128 0x3b
 1091 009c 0B       		.uleb128 0xb
 1092 009d 49       		.uleb128 0x49
 1093 009e 13       		.uleb128 0x13
 1094 009f 02       		.uleb128 0x2
 1095 00a0 17       		.uleb128 0x17
 1096 00a1 00       		.byte	0
 1097 00a2 00       		.byte	0
 1098 00a3 0D       		.uleb128 0xd
 1099 00a4 0B       		.uleb128 0xb
 1100 00a5 01       		.byte	0x1
 1101 00a6 11       		.uleb128 0x11
 1102 00a7 01       		.uleb128 0x1
 1103 00a8 12       		.uleb128 0x12
 1104 00a9 06       		.uleb128 0x6
 1105 00aa 00       		.byte	0
 1106 00ab 00       		.byte	0
 1107 00ac 0E       		.uleb128 0xe
 1108 00ad 34       		.uleb128 0x34
 1109 00ae 00       		.byte	0
 1110 00af 03       		.uleb128 0x3
 1111 00b0 0E       		.uleb128 0xe
 1112 00b1 3A       		.uleb128 0x3a
 1113 00b2 0B       		.uleb128 0xb
 1114 00b3 3B       		.uleb128 0x3b
 1115 00b4 0B       		.uleb128 0xb
 1116 00b5 49       		.uleb128 0x49
 1117 00b6 13       		.uleb128 0x13
 1118 00b7 02       		.uleb128 0x2
 1119 00b8 17       		.uleb128 0x17
 1120 00b9 00       		.byte	0
 1121 00ba 00       		.byte	0
 1122 00bb 0F       		.uleb128 0xf
 1123 00bc 0F       		.uleb128 0xf
 1124 00bd 00       		.byte	0
 1125 00be 0B       		.uleb128 0xb
 1126 00bf 0B       		.uleb128 0xb
 1127 00c0 49       		.uleb128 0x49
 1128 00c1 13       		.uleb128 0x13
ARM GAS  C:\Users\jagumiel\AppData\Local\Temp\ccXSdipu.s 			page 28


 1129 00c2 00       		.byte	0
 1130 00c3 00       		.byte	0
 1131 00c4 10       		.uleb128 0x10
 1132 00c5 26       		.uleb128 0x26
 1133 00c6 00       		.byte	0
 1134 00c7 49       		.uleb128 0x49
 1135 00c8 13       		.uleb128 0x13
 1136 00c9 00       		.byte	0
 1137 00ca 00       		.byte	0
 1138 00cb 11       		.uleb128 0x11
 1139 00cc 05       		.uleb128 0x5
 1140 00cd 00       		.byte	0
 1141 00ce 03       		.uleb128 0x3
 1142 00cf 08       		.uleb128 0x8
 1143 00d0 3A       		.uleb128 0x3a
 1144 00d1 0B       		.uleb128 0xb
 1145 00d2 3B       		.uleb128 0x3b
 1146 00d3 0B       		.uleb128 0xb
 1147 00d4 49       		.uleb128 0x49
 1148 00d5 13       		.uleb128 0x13
 1149 00d6 02       		.uleb128 0x2
 1150 00d7 17       		.uleb128 0x17
 1151 00d8 00       		.byte	0
 1152 00d9 00       		.byte	0
 1153 00da 12       		.uleb128 0x12
 1154 00db 898201   		.uleb128 0x4109
 1155 00de 01       		.byte	0x1
 1156 00df 11       		.uleb128 0x11
 1157 00e0 01       		.uleb128 0x1
 1158 00e1 31       		.uleb128 0x31
 1159 00e2 13       		.uleb128 0x13
 1160 00e3 00       		.byte	0
 1161 00e4 00       		.byte	0
 1162 00e5 13       		.uleb128 0x13
 1163 00e6 8A8201   		.uleb128 0x410a
 1164 00e9 00       		.byte	0
 1165 00ea 02       		.uleb128 0x2
 1166 00eb 18       		.uleb128 0x18
 1167 00ec 9142     		.uleb128 0x2111
 1168 00ee 18       		.uleb128 0x18
 1169 00ef 00       		.byte	0
 1170 00f0 00       		.byte	0
 1171 00f1 14       		.uleb128 0x14
 1172 00f2 898201   		.uleb128 0x4109
 1173 00f5 01       		.byte	0x1
 1174 00f6 11       		.uleb128 0x11
 1175 00f7 01       		.uleb128 0x1
 1176 00f8 31       		.uleb128 0x31
 1177 00f9 13       		.uleb128 0x13
 1178 00fa 01       		.uleb128 0x1
 1179 00fb 13       		.uleb128 0x13
 1180 00fc 00       		.byte	0
 1181 00fd 00       		.byte	0
 1182 00fe 15       		.uleb128 0x15
 1183 00ff 2E       		.uleb128 0x2e
 1184 0100 01       		.byte	0x1
 1185 0101 3F       		.uleb128 0x3f
ARM GAS  C:\Users\jagumiel\AppData\Local\Temp\ccXSdipu.s 			page 29


 1186 0102 19       		.uleb128 0x19
 1187 0103 03       		.uleb128 0x3
 1188 0104 0E       		.uleb128 0xe
 1189 0105 3A       		.uleb128 0x3a
 1190 0106 0B       		.uleb128 0xb
 1191 0107 3B       		.uleb128 0x3b
 1192 0108 05       		.uleb128 0x5
 1193 0109 27       		.uleb128 0x27
 1194 010a 19       		.uleb128 0x19
 1195 010b 11       		.uleb128 0x11
 1196 010c 01       		.uleb128 0x1
 1197 010d 12       		.uleb128 0x12
 1198 010e 06       		.uleb128 0x6
 1199 010f 40       		.uleb128 0x40
 1200 0110 18       		.uleb128 0x18
 1201 0111 9742     		.uleb128 0x2117
 1202 0113 19       		.uleb128 0x19
 1203 0114 01       		.uleb128 0x1
 1204 0115 13       		.uleb128 0x13
 1205 0116 00       		.byte	0
 1206 0117 00       		.byte	0
 1207 0118 16       		.uleb128 0x16
 1208 0119 0B       		.uleb128 0xb
 1209 011a 01       		.byte	0x1
 1210 011b 11       		.uleb128 0x11
 1211 011c 01       		.uleb128 0x1
 1212 011d 12       		.uleb128 0x12
 1213 011e 06       		.uleb128 0x6
 1214 011f 01       		.uleb128 0x1
 1215 0120 13       		.uleb128 0x13
 1216 0121 00       		.byte	0
 1217 0122 00       		.byte	0
 1218 0123 17       		.uleb128 0x17
 1219 0124 34       		.uleb128 0x34
 1220 0125 00       		.byte	0
 1221 0126 03       		.uleb128 0x3
 1222 0127 0E       		.uleb128 0xe
 1223 0128 3A       		.uleb128 0x3a
 1224 0129 0B       		.uleb128 0xb
 1225 012a 3B       		.uleb128 0x3b
 1226 012b 05       		.uleb128 0x5
 1227 012c 49       		.uleb128 0x49
 1228 012d 13       		.uleb128 0x13
 1229 012e 02       		.uleb128 0x2
 1230 012f 18       		.uleb128 0x18
 1231 0130 00       		.byte	0
 1232 0131 00       		.byte	0
 1233 0132 18       		.uleb128 0x18
 1234 0133 13       		.uleb128 0x13
 1235 0134 01       		.byte	0x1
 1236 0135 0B       		.uleb128 0xb
 1237 0136 0B       		.uleb128 0xb
 1238 0137 3A       		.uleb128 0x3a
 1239 0138 0B       		.uleb128 0xb
 1240 0139 3B       		.uleb128 0x3b
 1241 013a 05       		.uleb128 0x5
 1242 013b 01       		.uleb128 0x1
ARM GAS  C:\Users\jagumiel\AppData\Local\Temp\ccXSdipu.s 			page 30


 1243 013c 13       		.uleb128 0x13
 1244 013d 00       		.byte	0
 1245 013e 00       		.byte	0
 1246 013f 19       		.uleb128 0x19
 1247 0140 0D       		.uleb128 0xd
 1248 0141 00       		.byte	0
 1249 0142 03       		.uleb128 0x3
 1250 0143 0E       		.uleb128 0xe
 1251 0144 3A       		.uleb128 0x3a
 1252 0145 0B       		.uleb128 0xb
 1253 0146 3B       		.uleb128 0x3b
 1254 0147 05       		.uleb128 0x5
 1255 0148 49       		.uleb128 0x49
 1256 0149 13       		.uleb128 0x13
 1257 014a 38       		.uleb128 0x38
 1258 014b 0B       		.uleb128 0xb
 1259 014c 00       		.byte	0
 1260 014d 00       		.byte	0
 1261 014e 1A       		.uleb128 0x1a
 1262 014f 01       		.uleb128 0x1
 1263 0150 01       		.byte	0x1
 1264 0151 49       		.uleb128 0x49
 1265 0152 13       		.uleb128 0x13
 1266 0153 01       		.uleb128 0x1
 1267 0154 13       		.uleb128 0x13
 1268 0155 00       		.byte	0
 1269 0156 00       		.byte	0
 1270 0157 1B       		.uleb128 0x1b
 1271 0158 21       		.uleb128 0x21
 1272 0159 00       		.byte	0
 1273 015a 49       		.uleb128 0x49
 1274 015b 13       		.uleb128 0x13
 1275 015c 2F       		.uleb128 0x2f
 1276 015d 0B       		.uleb128 0xb
 1277 015e 00       		.byte	0
 1278 015f 00       		.byte	0
 1279 0160 1C       		.uleb128 0x1c
 1280 0161 34       		.uleb128 0x34
 1281 0162 00       		.byte	0
 1282 0163 03       		.uleb128 0x3
 1283 0164 08       		.uleb128 0x8
 1284 0165 3A       		.uleb128 0x3a
 1285 0166 0B       		.uleb128 0xb
 1286 0167 3B       		.uleb128 0x3b
 1287 0168 05       		.uleb128 0x5
 1288 0169 49       		.uleb128 0x49
 1289 016a 13       		.uleb128 0x13
 1290 016b 02       		.uleb128 0x2
 1291 016c 17       		.uleb128 0x17
 1292 016d 00       		.byte	0
 1293 016e 00       		.byte	0
 1294 016f 1D       		.uleb128 0x1d
 1295 0170 898201   		.uleb128 0x4109
 1296 0173 00       		.byte	0
 1297 0174 11       		.uleb128 0x11
 1298 0175 01       		.uleb128 0x1
 1299 0176 31       		.uleb128 0x31
ARM GAS  C:\Users\jagumiel\AppData\Local\Temp\ccXSdipu.s 			page 31


 1300 0177 13       		.uleb128 0x13
 1301 0178 00       		.byte	0
 1302 0179 00       		.byte	0
 1303 017a 1E       		.uleb128 0x1e
 1304 017b 2E       		.uleb128 0x2e
 1305 017c 00       		.byte	0
 1306 017d 3F       		.uleb128 0x3f
 1307 017e 19       		.uleb128 0x19
 1308 017f 3C       		.uleb128 0x3c
 1309 0180 19       		.uleb128 0x19
 1310 0181 6E       		.uleb128 0x6e
 1311 0182 0E       		.uleb128 0xe
 1312 0183 03       		.uleb128 0x3
 1313 0184 0E       		.uleb128 0xe
 1314 0185 00       		.byte	0
 1315 0186 00       		.byte	0
 1316 0187 1F       		.uleb128 0x1f
 1317 0188 2E       		.uleb128 0x2e
 1318 0189 00       		.byte	0
 1319 018a 3F       		.uleb128 0x3f
 1320 018b 19       		.uleb128 0x19
 1321 018c 3C       		.uleb128 0x3c
 1322 018d 19       		.uleb128 0x19
 1323 018e 6E       		.uleb128 0x6e
 1324 018f 0E       		.uleb128 0xe
 1325 0190 03       		.uleb128 0x3
 1326 0191 0E       		.uleb128 0xe
 1327 0192 3A       		.uleb128 0x3a
 1328 0193 0B       		.uleb128 0xb
 1329 0194 3B       		.uleb128 0x3b
 1330 0195 0B       		.uleb128 0xb
 1331 0196 00       		.byte	0
 1332 0197 00       		.byte	0
 1333 0198 00       		.byte	0
 1334              		.section	.debug_loc,"",%progbits
 1335              	.Ldebug_loc0:
 1336              	.LLST0:
 1337 0000 02000000 		.4byte	.LVL1
 1338 0004 08000000 		.4byte	.LVL2
 1339 0008 0200     		.2byte	0x2
 1340 000a 30       		.byte	0x30
 1341 000b 9F       		.byte	0x9f
 1342 000c 08000000 		.4byte	.LVL2
 1343 0010 30000000 		.4byte	.LVL11
 1344 0014 0100     		.2byte	0x1
 1345 0016 57       		.byte	0x57
 1346 0017 00000000 		.4byte	0
 1347 001b 00000000 		.4byte	0
 1348              	.LLST1:
 1349 001f 02000000 		.4byte	.LVL1
 1350 0023 08000000 		.4byte	.LVL2
 1351 0027 0200     		.2byte	0x2
 1352 0029 30       		.byte	0x30
 1353 002a 9F       		.byte	0x9f
 1354 002b 08000000 		.4byte	.LVL2
 1355 002f 30000000 		.4byte	.LVL10
 1356 0033 0100     		.2byte	0x1
ARM GAS  C:\Users\jagumiel\AppData\Local\Temp\ccXSdipu.s 			page 32


 1357 0035 55       		.byte	0x55
 1358 0036 00000000 		.4byte	0
 1359 003a 00000000 		.4byte	0
 1360              	.LLST2:
 1361 003e 0C000000 		.4byte	.LVL3
 1362 0042 2C000000 		.4byte	.LVL9
 1363 0046 0100     		.2byte	0x1
 1364 0048 56       		.byte	0x56
 1365 0049 00000000 		.4byte	0
 1366 004d 00000000 		.4byte	0
 1367              	.LLST3:
 1368 0051 0E000000 		.4byte	.LVL4
 1369 0055 24000000 		.4byte	.LVL7
 1370 0059 0100     		.2byte	0x1
 1371 005b 53       		.byte	0x53
 1372 005c 26000000 		.4byte	.LVL8
 1373 0060 2C000000 		.4byte	.LVL9
 1374 0064 0100     		.2byte	0x1
 1375 0066 53       		.byte	0x53
 1376 0067 00000000 		.4byte	0
 1377 006b 00000000 		.4byte	0
 1378              	.LLST4:
 1379 006f 00000000 		.4byte	.LVL12
 1380 0073 09000000 		.4byte	.LVL14-1
 1381 0077 0100     		.2byte	0x1
 1382 0079 50       		.byte	0x50
 1383 007a 09000000 		.4byte	.LVL14-1
 1384 007e 0C000000 		.4byte	.LFE0
 1385 0082 0400     		.2byte	0x4
 1386 0084 F3       		.byte	0xf3
 1387 0085 01       		.uleb128 0x1
 1388 0086 50       		.byte	0x50
 1389 0087 9F       		.byte	0x9f
 1390 0088 00000000 		.4byte	0
 1391 008c 00000000 		.4byte	0
 1392              	.LLST5:
 1393 0090 00000000 		.4byte	.LVL12
 1394 0094 06000000 		.4byte	.LVL13
 1395 0098 0100     		.2byte	0x1
 1396 009a 51       		.byte	0x51
 1397 009b 06000000 		.4byte	.LVL13
 1398 009f 09000000 		.4byte	.LVL14-1
 1399 00a3 0100     		.2byte	0x1
 1400 00a5 52       		.byte	0x52
 1401 00a6 09000000 		.4byte	.LVL14-1
 1402 00aa 0C000000 		.4byte	.LFE0
 1403 00ae 0400     		.2byte	0x4
 1404 00b0 F3       		.byte	0xf3
 1405 00b1 01       		.uleb128 0x1
 1406 00b2 51       		.byte	0x51
 1407 00b3 9F       		.byte	0x9f
 1408 00b4 00000000 		.4byte	0
 1409 00b8 00000000 		.4byte	0
 1410              	.LLST6:
 1411 00bc 60000000 		.4byte	.LVL18
 1412 00c0 64000000 		.4byte	.LVL19
 1413 00c4 0200     		.2byte	0x2
ARM GAS  C:\Users\jagumiel\AppData\Local\Temp\ccXSdipu.s 			page 33


 1414 00c6 30       		.byte	0x30
 1415 00c7 9F       		.byte	0x9f
 1416 00c8 64000000 		.4byte	.LVL19
 1417 00cc 82000000 		.4byte	.LVL21
 1418 00d0 0100     		.2byte	0x1
 1419 00d2 54       		.byte	0x54
 1420 00d3 84000000 		.4byte	.LVL22
 1421 00d7 18010000 		.4byte	.LVL25
 1422 00db 0100     		.2byte	0x1
 1423 00dd 54       		.byte	0x54
 1424 00de 00000000 		.4byte	0
 1425 00e2 00000000 		.4byte	0
 1426              	.LLST7:
 1427 00e6 64000000 		.4byte	.LVL19
 1428 00ea 82000000 		.4byte	.LVL21
 1429 00ee 0B00     		.2byte	0xb
 1430 00f0 74       		.byte	0x74
 1431 00f1 00       		.sleb128 0
 1432 00f2 36       		.byte	0x36
 1433 00f3 1E       		.byte	0x1e
 1434 00f4 03       		.byte	0x3
 1435 00f5 00000000 		.4byte	cfg_memset_list.4870
 1436 00f9 22       		.byte	0x22
 1437 00fa 9F       		.byte	0x9f
 1438 00fb 82000000 		.4byte	.LVL21
 1439 00ff 84000000 		.4byte	.LVL22
 1440 0103 0B00     		.2byte	0xb
 1441 0105 74       		.byte	0x74
 1442 0106 7F       		.sleb128 -1
 1443 0107 36       		.byte	0x36
 1444 0108 1E       		.byte	0x1e
 1445 0109 03       		.byte	0x3
 1446 010a 00000000 		.4byte	cfg_memset_list.4870
 1447 010e 22       		.byte	0x22
 1448 010f 9F       		.byte	0x9f
 1449 0110 00000000 		.4byte	0
 1450 0114 00000000 		.4byte	0
 1451              		.section	.debug_aranges,"",%progbits
 1452 0000 34000000 		.4byte	0x34
 1453 0004 0200     		.2byte	0x2
 1454 0006 00000000 		.4byte	.Ldebug_info0
 1455 000a 04       		.byte	0x4
 1456 000b 00       		.byte	0
 1457 000c 0000     		.2byte	0
 1458 000e 0000     		.2byte	0
 1459 0010 00000000 		.4byte	.LFB3
 1460 0014 32000000 		.4byte	.LFE3-.LFB3
 1461 0018 00000000 		.4byte	.LFB0
 1462 001c 0C000000 		.4byte	.LFE0-.LFB0
 1463 0020 00000000 		.4byte	.LFB4
 1464 0024 5C000000 		.4byte	.LFE4-.LFB4
 1465 0028 5C000000 		.4byte	.LFB6
 1466 002c 0C010000 		.4byte	.LFE6-.LFB6
 1467 0030 00000000 		.4byte	0
 1468 0034 00000000 		.4byte	0
 1469              		.section	.debug_ranges,"",%progbits
 1470              	.Ldebug_ranges0:
ARM GAS  C:\Users\jagumiel\AppData\Local\Temp\ccXSdipu.s 			page 34


 1471 0000 00000000 		.4byte	.LFB3
 1472 0004 32000000 		.4byte	.LFE3
 1473 0008 00000000 		.4byte	.LFB0
 1474 000c 0C000000 		.4byte	.LFE0
 1475 0010 00000000 		.4byte	.LFB4
 1476 0014 5C000000 		.4byte	.LFE4
 1477 0018 5C000000 		.4byte	.LFB6
 1478 001c 68010000 		.4byte	.LFE6
 1479 0020 00000000 		.4byte	0
 1480 0024 00000000 		.4byte	0
 1481              		.section	.debug_line,"",%progbits
 1482              	.Ldebug_line0:
 1483 0000 5D010000 		.section	.debug_str,"MS",%progbits,1
 1483      0200D600 
 1483      00000201 
 1483      FB0E0D00 
 1483      01010101 
 1484              	.LASF19:
 1485 0000 72656733 		.ascii	"reg32\000"
 1485      3200
 1486              	.LASF12:
 1487 0006 73697A65 		.ascii	"size_t\000"
 1487      5F7400
 1488              	.LASF37:
 1489 000d 4379496E 		.ascii	"CyIntSetVector\000"
 1489      74536574 
 1489      56656374 
 1489      6F7200
 1490              	.LASF21:
 1491 001c 76616C75 		.ascii	"value\000"
 1491      6500
 1492              	.LASF26:
 1493 0022 636F756E 		.ascii	"count\000"
 1493      7400
 1494              	.LASF29:
 1495 0028 436C6F63 		.ascii	"ClockSetup\000"
 1495      6B536574 
 1495      757000
 1496              	.LASF30:
 1497 0033 63795F63 		.ascii	"cy_cfg_addr_table\000"
 1497      66675F61 
 1497      6464725F 
 1497      7461626C 
 1497      6500
 1498              	.LASF31:
 1499 0045 63795F63 		.ascii	"cy_cfg_data_table\000"
 1499      66675F64 
 1499      6174615F 
 1499      7461626C 
 1499      6500
 1500              	.LASF41:
 1501 0057 443A5C55 		.ascii	"D:\\Users\\jagumiel\\Documents\\PSoC Creator\\PSoC-"
 1501      73657273 
 1501      5C6A6167 
 1501      756D6965 
 1501      6C5C446F 
 1502 0085 3130315C 		.ascii	"101\\PSoC-101\\Lesson5.cydsn\000"
ARM GAS  C:\Users\jagumiel\AppData\Local\Temp\ccXSdipu.s 			page 35


 1502      50536F43 
 1502      2D313031 
 1502      5C4C6573 
 1502      736F6E35 
 1503              	.LASF16:
 1504 00a0 666C6F61 		.ascii	"float\000"
 1504      7400
 1505              	.LASF35:
 1506 00a6 6366675F 		.ascii	"cfg_memset_list\000"
 1506      6D656D73 
 1506      65745F6C 
 1506      69737400 
 1507              	.LASF33:
 1508 00b6 73697A65 		.ascii	"size\000"
 1508      00
 1509              	.LASF18:
 1510 00bb 72656738 		.ascii	"reg8\000"
 1510      00
 1511              	.LASF8:
 1512 00c0 6C6F6E67 		.ascii	"long unsigned int\000"
 1512      20756E73 
 1512      69676E65 
 1512      6420696E 
 1512      7400
 1513              	.LASF13:
 1514 00d2 75696E74 		.ascii	"uint8\000"
 1514      3800
 1515              	.LASF28:
 1516 00d8 43594D45 		.ascii	"CYMEMZERO\000"
 1516      4D5A4552 
 1516      4F00
 1517              	.LASF4:
 1518 00e2 756E7369 		.ascii	"unsigned char\000"
 1518      676E6564 
 1518      20636861 
 1518      7200
 1519              	.LASF43:
 1520 00f0 6D656D73 		.ascii	"memset\000"
 1520      657400
 1521              	.LASF17:
 1522 00f7 646F7562 		.ascii	"double\000"
 1522      6C6500
 1523              	.LASF27:
 1524 00fe 6366675F 		.ascii	"cfg_write_bytes32\000"
 1524      77726974 
 1524      655F6279 
 1524      74657333 
 1524      3200
 1525              	.LASF38:
 1526 0110 4379496E 		.ascii	"CyIntEnable\000"
 1526      74456E61 
 1526      626C6500 
 1527              	.LASF23:
 1528 011c 61646472 		.ascii	"addr_table\000"
 1528      5F746162 
 1528      6C6500
 1529              	.LASF14:
ARM GAS  C:\Users\jagumiel\AppData\Local\Temp\ccXSdipu.s 			page 36


 1530 0127 75696E74 		.ascii	"uint16\000"
 1530      313600
 1531              	.LASF24:
 1532 012e 64617461 		.ascii	"data_table\000"
 1532      5F746162 
 1532      6C6500
 1533              	.LASF15:
 1534 0139 75696E74 		.ascii	"uint32\000"
 1534      333200
 1535              	.LASF0:
 1536 0140 756E7369 		.ascii	"unsigned int\000"
 1536      676E6564 
 1536      20696E74 
 1536      00
 1537              	.LASF42:
 1538 014d 63796669 		.ascii	"cyfitter_cfg\000"
 1538      74746572 
 1538      5F636667 
 1538      00
 1539              	.LASF32:
 1540 015a 61646472 		.ascii	"address\000"
 1540      65737300 
 1541              	.LASF9:
 1542 0162 6C6F6E67 		.ascii	"long long unsigned int\000"
 1542      206C6F6E 
 1542      6720756E 
 1542      7369676E 
 1542      65642069 
 1543              	.LASF39:
 1544 0179 474E5520 		.ascii	"GNU C11 5.4.1 20160609 (release) [ARM/embedded-5-br"
 1544      43313120 
 1544      352E342E 
 1544      31203230 
 1544      31363036 
 1545 01ac 616E6368 		.ascii	"anch revision 237715] -mcpu=cortex-m0 -mthumb -g -O"
 1545      20726576 
 1545      6973696F 
 1545      6E203233 
 1545      37373135 
 1546 01df 67202D66 		.ascii	"g -ffunction-sections -ffat-lto-objects\000"
 1546      66756E63 
 1546      74696F6E 
 1546      2D736563 
 1546      74696F6E 
 1547              	.LASF34:
 1548 0207 6366675F 		.ascii	"cfg_memset_t\000"
 1548      6D656D73 
 1548      65745F74 
 1548      00
 1549              	.LASF25:
 1550 0214 62617365 		.ascii	"baseAddr\000"
 1550      41646472 
 1550      00
 1551              	.LASF10:
 1552 021d 73697A65 		.ascii	"sizetype\000"
 1552      74797065 
 1552      00
ARM GAS  C:\Users\jagumiel\AppData\Local\Temp\ccXSdipu.s 			page 37


 1553              	.LASF6:
 1554 0226 73686F72 		.ascii	"short unsigned int\000"
 1554      7420756E 
 1554      7369676E 
 1554      65642069 
 1554      6E7400
 1555              	.LASF1:
 1556 0239 6C6F6E67 		.ascii	"long long int\000"
 1556      206C6F6E 
 1556      6720696E 
 1556      7400
 1557              	.LASF11:
 1558 0247 63686172 		.ascii	"char\000"
 1558      00
 1559              	.LASF22:
 1560 024c 63795F63 		.ascii	"cy_cfg_addrvalue_t\000"
 1560      66675F61 
 1560      64647276 
 1560      616C7565 
 1560      5F7400
 1561              	.LASF20:
 1562 025f 6F666673 		.ascii	"offset\000"
 1562      657400
 1563              	.LASF5:
 1564 0266 73686F72 		.ascii	"short int\000"
 1564      7420696E 
 1564      7400
 1565              	.LASF36:
 1566 0270 43795379 		.ascii	"CySysClkWriteImoFreq\000"
 1566      73436C6B 
 1566      57726974 
 1566      65496D6F 
 1566      46726571 
 1567              	.LASF7:
 1568 0285 6C6F6E67 		.ascii	"long int\000"
 1568      20696E74 
 1568      00
 1569              	.LASF2:
 1570 028e 6C6F6E67 		.ascii	"long double\000"
 1570      20646F75 
 1570      626C6500 
 1571              	.LASF3:
 1572 029a 7369676E 		.ascii	"signed char\000"
 1572      65642063 
 1572      68617200 
 1573              	.LASF40:
 1574 02a6 47656E65 		.ascii	"Generated_Source\\PSoC4\\cyfitter_cfg.c\000"
 1574      72617465 
 1574      645F536F 
 1574      75726365 
 1574      5C50536F 
 1575              		.ident	"GCC: (GNU Tools for ARM Embedded Processors) 5.4.1 20160609 (release) [ARM/embedded-5-bran
