ARM GAS  C:\Users\jagumiel\AppData\Local\Temp\ccrsmRDQ.s 			page 1


   1              		.syntax unified
   2              		.cpu cortex-m0
   3              		.fpu softvfp
   4              		.eabi_attribute 20, 1
   5              		.eabi_attribute 21, 1
   6              		.eabi_attribute 23, 3
   7              		.eabi_attribute 24, 1
   8              		.eabi_attribute 25, 1
   9              		.eabi_attribute 26, 1
  10              		.eabi_attribute 30, 1
  11              		.eabi_attribute 34, 0
  12              		.eabi_attribute 18, 4
  13              		.thumb
  14              		.syntax unified
  15              		.file	"cyfitter_cfg.c"
  16              		.text
  17              	.Ltext0:
  18              		.cfi_sections	.debug_frame
  19              		.section	.text.cfg_write_bytes32,"ax",%progbits
  20              		.align	2
  21              		.code	16
  22              		.thumb_func
  23              		.type	cfg_write_bytes32, %function
  24              	cfg_write_bytes32:
  25              	.LFB3:
  26              		.file 1 "Generated_Source\\PSoC4\\cyfitter_cfg.c"
   1:Generated_Source\PSoC4/cyfitter_cfg.c **** 
   2:Generated_Source\PSoC4/cyfitter_cfg.c **** /*******************************************************************************
   3:Generated_Source\PSoC4/cyfitter_cfg.c **** * File Name: cyfitter_cfg.c
   4:Generated_Source\PSoC4/cyfitter_cfg.c **** * 
   5:Generated_Source\PSoC4/cyfitter_cfg.c **** * PSoC Creator  4.2
   6:Generated_Source\PSoC4/cyfitter_cfg.c **** *
   7:Generated_Source\PSoC4/cyfitter_cfg.c **** * Description:
   8:Generated_Source\PSoC4/cyfitter_cfg.c **** * This file contains device initialization code.
   9:Generated_Source\PSoC4/cyfitter_cfg.c **** * Except for the user defined sections in CyClockStartupError(), this file should not be modified.
  10:Generated_Source\PSoC4/cyfitter_cfg.c **** * This file is automatically generated by PSoC Creator.
  11:Generated_Source\PSoC4/cyfitter_cfg.c **** *
  12:Generated_Source\PSoC4/cyfitter_cfg.c **** ********************************************************************************
  13:Generated_Source\PSoC4/cyfitter_cfg.c **** * Copyright (c) 2007-2018 Cypress Semiconductor.  All rights reserved.
  14:Generated_Source\PSoC4/cyfitter_cfg.c **** * You may use this file only in accordance with the license, terms, conditions, 
  15:Generated_Source\PSoC4/cyfitter_cfg.c **** * disclaimers, and limitations in the end user license agreement accompanying 
  16:Generated_Source\PSoC4/cyfitter_cfg.c **** * the software package with which this file was provided.
  17:Generated_Source\PSoC4/cyfitter_cfg.c **** ********************************************************************************/
  18:Generated_Source\PSoC4/cyfitter_cfg.c **** 
  19:Generated_Source\PSoC4/cyfitter_cfg.c **** #include <string.h>
  20:Generated_Source\PSoC4/cyfitter_cfg.c **** #include "cytypes.h"
  21:Generated_Source\PSoC4/cyfitter_cfg.c **** #include "cydevice_trm.h"
  22:Generated_Source\PSoC4/cyfitter_cfg.c **** #include "cyfitter.h"
  23:Generated_Source\PSoC4/cyfitter_cfg.c **** #include "CyLib.h"
  24:Generated_Source\PSoC4/cyfitter_cfg.c **** #include "CyLFClk.h"
  25:Generated_Source\PSoC4/cyfitter_cfg.c **** #include "cyfitter_cfg.h"
  26:Generated_Source\PSoC4/cyfitter_cfg.c **** #include "cyapicallbacks.h"
  27:Generated_Source\PSoC4/cyfitter_cfg.c **** 
  28:Generated_Source\PSoC4/cyfitter_cfg.c **** 
  29:Generated_Source\PSoC4/cyfitter_cfg.c **** #if defined(__GNUC__) || defined(__ARMCC_VERSION)
  30:Generated_Source\PSoC4/cyfitter_cfg.c ****     #define CYPACKED 
  31:Generated_Source\PSoC4/cyfitter_cfg.c ****     #define CYPACKED_ATTR __attribute__ ((packed))
ARM GAS  C:\Users\jagumiel\AppData\Local\Temp\ccrsmRDQ.s 			page 2


  32:Generated_Source\PSoC4/cyfitter_cfg.c ****     #define CYALIGNED __attribute__ ((aligned))
  33:Generated_Source\PSoC4/cyfitter_cfg.c ****     #define CY_CFG_UNUSED __attribute__ ((unused))
  34:Generated_Source\PSoC4/cyfitter_cfg.c ****     #ifndef CY_CFG_SECTION
  35:Generated_Source\PSoC4/cyfitter_cfg.c ****         #define CY_CFG_SECTION __attribute__ ((section(".psocinit")))
  36:Generated_Source\PSoC4/cyfitter_cfg.c ****     #endif
  37:Generated_Source\PSoC4/cyfitter_cfg.c ****     
  38:Generated_Source\PSoC4/cyfitter_cfg.c ****     #if defined(__ARMCC_VERSION)
  39:Generated_Source\PSoC4/cyfitter_cfg.c ****         #define CY_CFG_MEMORY_BARRIER() __memory_changed()
  40:Generated_Source\PSoC4/cyfitter_cfg.c ****     #else
  41:Generated_Source\PSoC4/cyfitter_cfg.c ****         #define CY_CFG_MEMORY_BARRIER() __sync_synchronize()
  42:Generated_Source\PSoC4/cyfitter_cfg.c ****     #endif
  43:Generated_Source\PSoC4/cyfitter_cfg.c ****     
  44:Generated_Source\PSoC4/cyfitter_cfg.c **** #elif defined(__ICCARM__)
  45:Generated_Source\PSoC4/cyfitter_cfg.c ****     #include <intrinsics.h>
  46:Generated_Source\PSoC4/cyfitter_cfg.c **** 
  47:Generated_Source\PSoC4/cyfitter_cfg.c ****     #define CYPACKED __packed
  48:Generated_Source\PSoC4/cyfitter_cfg.c ****     #define CYPACKED_ATTR 
  49:Generated_Source\PSoC4/cyfitter_cfg.c ****     #define CYALIGNED _Pragma("data_alignment=4")
  50:Generated_Source\PSoC4/cyfitter_cfg.c ****     #define CY_CFG_UNUSED _Pragma("diag_suppress=Pe177")
  51:Generated_Source\PSoC4/cyfitter_cfg.c ****     #define CY_CFG_SECTION _Pragma("location=\".psocinit\"")
  52:Generated_Source\PSoC4/cyfitter_cfg.c ****     
  53:Generated_Source\PSoC4/cyfitter_cfg.c ****     #define CY_CFG_MEMORY_BARRIER() __DMB()
  54:Generated_Source\PSoC4/cyfitter_cfg.c ****     
  55:Generated_Source\PSoC4/cyfitter_cfg.c **** #else
  56:Generated_Source\PSoC4/cyfitter_cfg.c ****     #error Unsupported toolchain
  57:Generated_Source\PSoC4/cyfitter_cfg.c **** #endif
  58:Generated_Source\PSoC4/cyfitter_cfg.c **** 
  59:Generated_Source\PSoC4/cyfitter_cfg.c **** #ifndef CYCODE
  60:Generated_Source\PSoC4/cyfitter_cfg.c ****     #define CYCODE
  61:Generated_Source\PSoC4/cyfitter_cfg.c **** #endif
  62:Generated_Source\PSoC4/cyfitter_cfg.c **** #ifndef CYDATA
  63:Generated_Source\PSoC4/cyfitter_cfg.c ****     #define CYDATA
  64:Generated_Source\PSoC4/cyfitter_cfg.c **** #endif
  65:Generated_Source\PSoC4/cyfitter_cfg.c **** #ifndef CYFAR
  66:Generated_Source\PSoC4/cyfitter_cfg.c ****     #define CYFAR
  67:Generated_Source\PSoC4/cyfitter_cfg.c **** #endif
  68:Generated_Source\PSoC4/cyfitter_cfg.c **** #ifndef CYXDATA
  69:Generated_Source\PSoC4/cyfitter_cfg.c ****     #define CYXDATA
  70:Generated_Source\PSoC4/cyfitter_cfg.c **** #endif
  71:Generated_Source\PSoC4/cyfitter_cfg.c **** 
  72:Generated_Source\PSoC4/cyfitter_cfg.c **** 
  73:Generated_Source\PSoC4/cyfitter_cfg.c **** CY_CFG_UNUSED
  74:Generated_Source\PSoC4/cyfitter_cfg.c **** static void CYMEMZERO(void *s, size_t n);
  75:Generated_Source\PSoC4/cyfitter_cfg.c **** CY_CFG_UNUSED
  76:Generated_Source\PSoC4/cyfitter_cfg.c **** static void CYMEMZERO(void *s, size_t n)
  77:Generated_Source\PSoC4/cyfitter_cfg.c **** {
  78:Generated_Source\PSoC4/cyfitter_cfg.c **** 	(void)memset(s, 0, n);
  79:Generated_Source\PSoC4/cyfitter_cfg.c **** }
  80:Generated_Source\PSoC4/cyfitter_cfg.c **** CY_CFG_UNUSED
  81:Generated_Source\PSoC4/cyfitter_cfg.c **** static void CYCONFIGCPY(void *dest, const void *src, size_t n);
  82:Generated_Source\PSoC4/cyfitter_cfg.c **** CY_CFG_UNUSED
  83:Generated_Source\PSoC4/cyfitter_cfg.c **** static void CYCONFIGCPY(void *dest, const void *src, size_t n)
  84:Generated_Source\PSoC4/cyfitter_cfg.c **** {
  85:Generated_Source\PSoC4/cyfitter_cfg.c **** 	(void)memcpy(dest, src, n);
  86:Generated_Source\PSoC4/cyfitter_cfg.c **** }
  87:Generated_Source\PSoC4/cyfitter_cfg.c **** CY_CFG_UNUSED
  88:Generated_Source\PSoC4/cyfitter_cfg.c **** static void CYCONFIGCPYCODE(void *dest, const void *src, size_t n);
ARM GAS  C:\Users\jagumiel\AppData\Local\Temp\ccrsmRDQ.s 			page 3


  89:Generated_Source\PSoC4/cyfitter_cfg.c **** CY_CFG_UNUSED
  90:Generated_Source\PSoC4/cyfitter_cfg.c **** static void CYCONFIGCPYCODE(void *dest, const void *src, size_t n)
  91:Generated_Source\PSoC4/cyfitter_cfg.c **** {
  92:Generated_Source\PSoC4/cyfitter_cfg.c **** 	(void)memcpy(dest, src, n);
  93:Generated_Source\PSoC4/cyfitter_cfg.c **** }
  94:Generated_Source\PSoC4/cyfitter_cfg.c **** 
  95:Generated_Source\PSoC4/cyfitter_cfg.c **** 
  96:Generated_Source\PSoC4/cyfitter_cfg.c **** 
  97:Generated_Source\PSoC4/cyfitter_cfg.c **** 
  98:Generated_Source\PSoC4/cyfitter_cfg.c **** /* Clock startup error codes                                                   */
  99:Generated_Source\PSoC4/cyfitter_cfg.c **** #define CYCLOCKSTART_NO_ERROR    0u
 100:Generated_Source\PSoC4/cyfitter_cfg.c **** #define CYCLOCKSTART_XTAL_ERROR  1u
 101:Generated_Source\PSoC4/cyfitter_cfg.c **** #define CYCLOCKSTART_32KHZ_ERROR 2u
 102:Generated_Source\PSoC4/cyfitter_cfg.c **** #define CYCLOCKSTART_PLL_ERROR   3u
 103:Generated_Source\PSoC4/cyfitter_cfg.c **** #define CYCLOCKSTART_FLL_ERROR   4u
 104:Generated_Source\PSoC4/cyfitter_cfg.c **** #define CYCLOCKSTART_WCO_ERROR   5u
 105:Generated_Source\PSoC4/cyfitter_cfg.c **** 
 106:Generated_Source\PSoC4/cyfitter_cfg.c **** 
 107:Generated_Source\PSoC4/cyfitter_cfg.c **** #ifdef CY_NEED_CYCLOCKSTARTUPERROR
 108:Generated_Source\PSoC4/cyfitter_cfg.c **** /*******************************************************************************
 109:Generated_Source\PSoC4/cyfitter_cfg.c **** * Function Name: CyClockStartupError
 110:Generated_Source\PSoC4/cyfitter_cfg.c **** ********************************************************************************
 111:Generated_Source\PSoC4/cyfitter_cfg.c **** * Summary:
 112:Generated_Source\PSoC4/cyfitter_cfg.c **** *  If an error is encountered during clock configuration (crystal startup error,
 113:Generated_Source\PSoC4/cyfitter_cfg.c **** *  PLL lock error, etc.), the system will end up here.  Unless reimplemented by
 114:Generated_Source\PSoC4/cyfitter_cfg.c **** *  the customer, this function will stop in an infinite loop.
 115:Generated_Source\PSoC4/cyfitter_cfg.c **** *
 116:Generated_Source\PSoC4/cyfitter_cfg.c **** * Parameters:
 117:Generated_Source\PSoC4/cyfitter_cfg.c **** *   void
 118:Generated_Source\PSoC4/cyfitter_cfg.c **** *
 119:Generated_Source\PSoC4/cyfitter_cfg.c **** * Return:
 120:Generated_Source\PSoC4/cyfitter_cfg.c **** *   void
 121:Generated_Source\PSoC4/cyfitter_cfg.c **** *
 122:Generated_Source\PSoC4/cyfitter_cfg.c **** *******************************************************************************/
 123:Generated_Source\PSoC4/cyfitter_cfg.c **** CY_CFG_UNUSED
 124:Generated_Source\PSoC4/cyfitter_cfg.c **** static void CyClockStartupError(uint8 errorCode);
 125:Generated_Source\PSoC4/cyfitter_cfg.c **** CY_CFG_UNUSED
 126:Generated_Source\PSoC4/cyfitter_cfg.c **** static void CyClockStartupError(uint8 errorCode)
 127:Generated_Source\PSoC4/cyfitter_cfg.c **** {
 128:Generated_Source\PSoC4/cyfitter_cfg.c ****     /* To remove the compiler warning if errorCode not used.                */
 129:Generated_Source\PSoC4/cyfitter_cfg.c ****     errorCode = errorCode;
 130:Generated_Source\PSoC4/cyfitter_cfg.c **** 
 131:Generated_Source\PSoC4/cyfitter_cfg.c ****     /* If we have a clock startup error (bad MHz crystal, PLL lock, etc.),  */
 132:Generated_Source\PSoC4/cyfitter_cfg.c ****     /* we will end up here to allow the customer to implement something to  */
 133:Generated_Source\PSoC4/cyfitter_cfg.c ****     /* deal with the clock condition.                                       */
 134:Generated_Source\PSoC4/cyfitter_cfg.c **** 
 135:Generated_Source\PSoC4/cyfitter_cfg.c **** #ifdef CY_CFG_CLOCK_STARTUP_ERROR_CALLBACK
 136:Generated_Source\PSoC4/cyfitter_cfg.c ****     CY_CFG_Clock_Startup_ErrorCallback();
 137:Generated_Source\PSoC4/cyfitter_cfg.c **** #else
 138:Generated_Source\PSoC4/cyfitter_cfg.c ****     /*  If not using CY_CFG_CLOCK_STARTUP_ERROR_CALLBACK, place your clock startup code here. */
 139:Generated_Source\PSoC4/cyfitter_cfg.c ****     /* `#START CyClockStartupError` */
 140:Generated_Source\PSoC4/cyfitter_cfg.c **** 
 141:Generated_Source\PSoC4/cyfitter_cfg.c **** 
 142:Generated_Source\PSoC4/cyfitter_cfg.c **** 
 143:Generated_Source\PSoC4/cyfitter_cfg.c ****     /* `#END` */
 144:Generated_Source\PSoC4/cyfitter_cfg.c **** 
 145:Generated_Source\PSoC4/cyfitter_cfg.c ****     while(1) {}
ARM GAS  C:\Users\jagumiel\AppData\Local\Temp\ccrsmRDQ.s 			page 4


 146:Generated_Source\PSoC4/cyfitter_cfg.c **** #endif /* CY_CFG_CLOCK_STARTUP_ERROR_CALLBACK */
 147:Generated_Source\PSoC4/cyfitter_cfg.c **** }
 148:Generated_Source\PSoC4/cyfitter_cfg.c **** #endif
 149:Generated_Source\PSoC4/cyfitter_cfg.c **** 
 150:Generated_Source\PSoC4/cyfitter_cfg.c **** #define CY_CFG_BASE_ADDR_COUNT 5u
 151:Generated_Source\PSoC4/cyfitter_cfg.c **** CYPACKED typedef struct
 152:Generated_Source\PSoC4/cyfitter_cfg.c **** {
 153:Generated_Source\PSoC4/cyfitter_cfg.c **** 	uint8 offset;
 154:Generated_Source\PSoC4/cyfitter_cfg.c **** 	uint8 value;
 155:Generated_Source\PSoC4/cyfitter_cfg.c **** } CYPACKED_ATTR cy_cfg_addrvalue_t;
 156:Generated_Source\PSoC4/cyfitter_cfg.c **** 
 157:Generated_Source\PSoC4/cyfitter_cfg.c **** 
 158:Generated_Source\PSoC4/cyfitter_cfg.c **** 
 159:Generated_Source\PSoC4/cyfitter_cfg.c **** /*******************************************************************************
 160:Generated_Source\PSoC4/cyfitter_cfg.c **** * Function Name: cfg_write_bytes32
 161:Generated_Source\PSoC4/cyfitter_cfg.c **** ********************************************************************************
 162:Generated_Source\PSoC4/cyfitter_cfg.c **** * Summary:
 163:Generated_Source\PSoC4/cyfitter_cfg.c **** *  This function is used for setting up the chip configuration areas that
 164:Generated_Source\PSoC4/cyfitter_cfg.c **** *  contain relatively sparse data.
 165:Generated_Source\PSoC4/cyfitter_cfg.c **** *
 166:Generated_Source\PSoC4/cyfitter_cfg.c **** * Parameters:
 167:Generated_Source\PSoC4/cyfitter_cfg.c **** *   void
 168:Generated_Source\PSoC4/cyfitter_cfg.c **** *
 169:Generated_Source\PSoC4/cyfitter_cfg.c **** * Return:
 170:Generated_Source\PSoC4/cyfitter_cfg.c **** *   void
 171:Generated_Source\PSoC4/cyfitter_cfg.c **** *
 172:Generated_Source\PSoC4/cyfitter_cfg.c **** *******************************************************************************/
 173:Generated_Source\PSoC4/cyfitter_cfg.c **** static void cfg_write_bytes32(const uint32 addr_table[], const cy_cfg_addrvalue_t data_table[]);
 174:Generated_Source\PSoC4/cyfitter_cfg.c **** static void cfg_write_bytes32(const uint32 addr_table[], const cy_cfg_addrvalue_t data_table[])
 175:Generated_Source\PSoC4/cyfitter_cfg.c **** {
  27              		.loc 1 175 0
  28              		.cfi_startproc
  29              		@ args = 0, pretend = 0, frame = 0
  30              		@ frame_needed = 0, uses_anonymous_args = 0
  31              	.LVL0:
  32 0000 F0B5     		push	{r4, r5, r6, r7, lr}
  33              		.cfi_def_cfa_offset 20
  34              		.cfi_offset 4, -20
  35              		.cfi_offset 5, -16
  36              		.cfi_offset 6, -12
  37              		.cfi_offset 7, -8
  38              		.cfi_offset 14, -4
  39              	.LVL1:
 176:Generated_Source\PSoC4/cyfitter_cfg.c **** 	/* For 32-bit little-endian architectures */
 177:Generated_Source\PSoC4/cyfitter_cfg.c **** 	uint32 i, j = 0u;
  40              		.loc 1 177 0
  41 0002 0025     		movs	r5, #0
 178:Generated_Source\PSoC4/cyfitter_cfg.c **** 	for (i = 0u; i < CY_CFG_BASE_ADDR_COUNT; i++)
  42              		.loc 1 178 0
  43 0004 0027     		movs	r7, #0
  44 0006 11E0     		b	.L2
  45              	.LVL2:
  46              	.L5:
  47              	.LBB2:
 179:Generated_Source\PSoC4/cyfitter_cfg.c **** 	{
 180:Generated_Source\PSoC4/cyfitter_cfg.c **** 		uint32 baseAddr = addr_table[i];
  48              		.loc 1 180 0
ARM GAS  C:\Users\jagumiel\AppData\Local\Temp\ccrsmRDQ.s 			page 5


  49 0008 BB00     		lsls	r3, r7, #2
  50 000a C658     		ldr	r6, [r0, r3]
  51              	.LVL3:
 181:Generated_Source\PSoC4/cyfitter_cfg.c **** 		uint8 count = (uint8)baseAddr;
  52              		.loc 1 181 0
  53 000c F3B2     		uxtb	r3, r6
  54              	.LVL4:
 182:Generated_Source\PSoC4/cyfitter_cfg.c **** 		baseAddr &= 0xFFFFFF00u;
  55              		.loc 1 182 0
  56 000e FF22     		movs	r2, #255
  57 0010 9643     		bics	r6, r2
  58              	.LVL5:
 183:Generated_Source\PSoC4/cyfitter_cfg.c **** 		while (count != 0u)
  59              		.loc 1 183 0
  60 0012 08E0     		b	.L3
  61              	.L4:
 184:Generated_Source\PSoC4/cyfitter_cfg.c **** 		{
 185:Generated_Source\PSoC4/cyfitter_cfg.c **** 			CY_SET_REG8((void *)(baseAddr + data_table[j].offset), data_table[j].value);
  62              		.loc 1 185 0
  63 0014 6A00     		lsls	r2, r5, #1
  64 0016 8A18     		adds	r2, r1, r2
  65 0018 1478     		ldrb	r4, [r2]
  66 001a A419     		adds	r4, r4, r6
  67 001c 5278     		ldrb	r2, [r2, #1]
  68 001e 2270     		strb	r2, [r4]
 186:Generated_Source\PSoC4/cyfitter_cfg.c **** 			j++;
  69              		.loc 1 186 0
  70 0020 0135     		adds	r5, r5, #1
  71              	.LVL6:
 187:Generated_Source\PSoC4/cyfitter_cfg.c **** 			count--;
  72              		.loc 1 187 0
  73 0022 013B     		subs	r3, r3, #1
  74              	.LVL7:
  75 0024 DBB2     		uxtb	r3, r3
  76              	.LVL8:
  77              	.L3:
 183:Generated_Source\PSoC4/cyfitter_cfg.c **** 		{
  78              		.loc 1 183 0
  79 0026 002B     		cmp	r3, #0
  80 0028 F4D1     		bne	.L4
  81              	.LBE2:
 178:Generated_Source\PSoC4/cyfitter_cfg.c **** 	{
  82              		.loc 1 178 0 discriminator 2
  83 002a 0137     		adds	r7, r7, #1
  84              	.LVL9:
  85              	.L2:
 178:Generated_Source\PSoC4/cyfitter_cfg.c **** 	{
  86              		.loc 1 178 0 is_stmt 0 discriminator 1
  87 002c 042F     		cmp	r7, #4
  88 002e EBD9     		bls	.L5
 188:Generated_Source\PSoC4/cyfitter_cfg.c **** 		}
 189:Generated_Source\PSoC4/cyfitter_cfg.c **** 	}
 190:Generated_Source\PSoC4/cyfitter_cfg.c **** }
  89              		.loc 1 190 0 is_stmt 1
  90              		@ sp needed
  91              	.LVL10:
  92              	.LVL11:
ARM GAS  C:\Users\jagumiel\AppData\Local\Temp\ccrsmRDQ.s 			page 6


  93 0030 F0BD     		pop	{r4, r5, r6, r7, pc}
  94              		.cfi_endproc
  95              	.LFE3:
  96              		.size	cfg_write_bytes32, .-cfg_write_bytes32
  97 0032 C046     		.section	.text.CYMEMZERO,"ax",%progbits
  98              		.align	2
  99              		.code	16
 100              		.thumb_func
 101              		.type	CYMEMZERO, %function
 102              	CYMEMZERO:
 103              	.LFB0:
  77:Generated_Source\PSoC4/cyfitter_cfg.c **** 	(void)memset(s, 0, n);
 104              		.loc 1 77 0
 105              		.cfi_startproc
 106              		@ args = 0, pretend = 0, frame = 0
 107              		@ frame_needed = 0, uses_anonymous_args = 0
 108              	.LVL12:
 109 0000 10B5     		push	{r4, lr}
 110              		.cfi_def_cfa_offset 8
 111              		.cfi_offset 4, -8
 112              		.cfi_offset 14, -4
 113 0002 0A00     		movs	r2, r1
  78:Generated_Source\PSoC4/cyfitter_cfg.c **** }
 114              		.loc 1 78 0
 115 0004 0021     		movs	r1, #0
 116              	.LVL13:
 117 0006 FFF7FEFF 		bl	memset
 118              	.LVL14:
  79:Generated_Source\PSoC4/cyfitter_cfg.c **** CY_CFG_UNUSED
 119              		.loc 1 79 0
 120              		@ sp needed
 121 000a 10BD     		pop	{r4, pc}
 122              		.cfi_endproc
 123              	.LFE0:
 124              		.size	CYMEMZERO, .-CYMEMZERO
 125              		.section	.psocinit,"ax",%progbits
 126              		.align	2
 127              		.code	16
 128              		.thumb_func
 129              		.type	ClockSetup, %function
 130              	ClockSetup:
 131              	.LFB4:
 191:Generated_Source\PSoC4/cyfitter_cfg.c **** 
 192:Generated_Source\PSoC4/cyfitter_cfg.c **** 
 193:Generated_Source\PSoC4/cyfitter_cfg.c **** /*******************************************************************************
 194:Generated_Source\PSoC4/cyfitter_cfg.c **** * Function Name: ClockSetup
 195:Generated_Source\PSoC4/cyfitter_cfg.c **** ********************************************************************************
 196:Generated_Source\PSoC4/cyfitter_cfg.c **** *
 197:Generated_Source\PSoC4/cyfitter_cfg.c **** * Summary:
 198:Generated_Source\PSoC4/cyfitter_cfg.c **** *   Performs the initialization of all of the clocks in the device based on the
 199:Generated_Source\PSoC4/cyfitter_cfg.c **** *   settings in the Clock tab of the DWR.  This includes enabling the requested
 200:Generated_Source\PSoC4/cyfitter_cfg.c **** *   clocks and setting the necessary dividers to produce the desired frequency. 
 201:Generated_Source\PSoC4/cyfitter_cfg.c **** *
 202:Generated_Source\PSoC4/cyfitter_cfg.c **** * Parameters:
 203:Generated_Source\PSoC4/cyfitter_cfg.c **** *   void
 204:Generated_Source\PSoC4/cyfitter_cfg.c **** *
 205:Generated_Source\PSoC4/cyfitter_cfg.c **** * Return:
ARM GAS  C:\Users\jagumiel\AppData\Local\Temp\ccrsmRDQ.s 			page 7


 206:Generated_Source\PSoC4/cyfitter_cfg.c **** *   void
 207:Generated_Source\PSoC4/cyfitter_cfg.c **** *
 208:Generated_Source\PSoC4/cyfitter_cfg.c **** *******************************************************************************/
 209:Generated_Source\PSoC4/cyfitter_cfg.c **** static void ClockSetup(void);
 210:Generated_Source\PSoC4/cyfitter_cfg.c **** CY_CFG_SECTION
 211:Generated_Source\PSoC4/cyfitter_cfg.c **** static void ClockSetup(void)
 212:Generated_Source\PSoC4/cyfitter_cfg.c **** {
 132              		.loc 1 212 0
 133              		.cfi_startproc
 134              		@ args = 0, pretend = 0, frame = 0
 135              		@ frame_needed = 0, uses_anonymous_args = 0
 136 0000 70B5     		push	{r4, r5, r6, lr}
 137              		.cfi_def_cfa_offset 16
 138              		.cfi_offset 4, -16
 139              		.cfi_offset 5, -12
 140              		.cfi_offset 6, -8
 141              		.cfi_offset 14, -4
 213:Generated_Source\PSoC4/cyfitter_cfg.c **** 	/* Enable HALF_EN before trimming for the flash accelerator. */
 214:Generated_Source\PSoC4/cyfitter_cfg.c **** 	CY_SET_REG32((void CYXDATA *)(CYREG_CLK_SELECT), (CY_GET_REG32((void *)CYREG_CLK_SELECT) | 0x00040
 142              		.loc 1 214 0
 143 0002 134C     		ldr	r4, .L8
 144 0004 2368     		ldr	r3, [r4]
 145 0006 8022     		movs	r2, #128
 146 0008 D202     		lsls	r2, r2, #11
 147 000a 1343     		orrs	r3, r2
 148 000c 2360     		str	r3, [r4]
 215:Generated_Source\PSoC4/cyfitter_cfg.c **** 
 216:Generated_Source\PSoC4/cyfitter_cfg.c **** 	/* Setup and trim IMO based on desired frequency. */
 217:Generated_Source\PSoC4/cyfitter_cfg.c **** 	CySysClkWriteImoFreq(24u);
 149              		.loc 1 217 0
 150 000e 1820     		movs	r0, #24
 151 0010 FFF7FEFF 		bl	CySysClkWriteImoFreq
 152              	.LVL15:
 218:Generated_Source\PSoC4/cyfitter_cfg.c **** 
 219:Generated_Source\PSoC4/cyfitter_cfg.c **** 	/* Disable HALF_EN since it is not required at this IMO frequency. */
 220:Generated_Source\PSoC4/cyfitter_cfg.c **** 	CY_SET_REG32((void CYXDATA *)(CYREG_CLK_SELECT), (CY_GET_REG32((void *)CYREG_CLK_SELECT) & 0xFFFBF
 153              		.loc 1 220 0
 154 0014 2268     		ldr	r2, [r4]
 155 0016 0F4B     		ldr	r3, .L8+4
 156 0018 1340     		ands	r3, r2
 157 001a 2360     		str	r3, [r4]
 221:Generated_Source\PSoC4/cyfitter_cfg.c **** 	/* CYDEV_CLK_ILO_CONFIG Starting address: CYDEV_CLK_ILO_CONFIG */
 222:Generated_Source\PSoC4/cyfitter_cfg.c **** 	CY_SET_REG32((void *)(CYREG_CLK_ILO_CONFIG), 0x80000006u);
 158              		.loc 1 222 0
 159 001c 0E4A     		ldr	r2, .L8+8
 160 001e 0F4B     		ldr	r3, .L8+12
 161 0020 1A60     		str	r2, [r3]
 223:Generated_Source\PSoC4/cyfitter_cfg.c **** 
 224:Generated_Source\PSoC4/cyfitter_cfg.c **** 
 225:Generated_Source\PSoC4/cyfitter_cfg.c **** 	/* CYDEV_CLK_SELECT00 Starting address: CYDEV_CLK_SELECT00 */
 226:Generated_Source\PSoC4/cyfitter_cfg.c **** 	CY_SET_REG32((void *)(CYREG_CLK_SELECT08), 0x00000010u);
 162              		.loc 1 226 0
 163 0022 1022     		movs	r2, #16
 164 0024 0E4B     		ldr	r3, .L8+16
 165 0026 1A60     		str	r2, [r3]
 227:Generated_Source\PSoC4/cyfitter_cfg.c **** 
 228:Generated_Source\PSoC4/cyfitter_cfg.c **** 	/* CYDEV_CLK_IMO_CONFIG Starting address: CYDEV_CLK_IMO_CONFIG */
ARM GAS  C:\Users\jagumiel\AppData\Local\Temp\ccrsmRDQ.s 			page 8


 229:Generated_Source\PSoC4/cyfitter_cfg.c **** 	CY_SET_REG32((void *)(CYREG_CLK_IMO_CONFIG), 0x80000000u);
 166              		.loc 1 229 0
 167 0028 8022     		movs	r2, #128
 168 002a 1206     		lsls	r2, r2, #24
 169 002c 0D4B     		ldr	r3, .L8+20
 170 002e 1A60     		str	r2, [r3]
 230:Generated_Source\PSoC4/cyfitter_cfg.c **** 
 231:Generated_Source\PSoC4/cyfitter_cfg.c **** 	/* CYDEV_CLK_SELECT Starting address: CYDEV_CLK_SELECT */
 232:Generated_Source\PSoC4/cyfitter_cfg.c **** 	CY_SET_REG32((void *)(CYREG_CLK_SELECT), 0x00000000u);
 171              		.loc 1 232 0
 172 0030 0025     		movs	r5, #0
 173 0032 2560     		str	r5, [r4]
 233:Generated_Source\PSoC4/cyfitter_cfg.c **** 
 234:Generated_Source\PSoC4/cyfitter_cfg.c **** 	/* CYDEV_CLK_DIVIDER_A00 Starting address: CYDEV_CLK_DIVIDER_A00 */
 235:Generated_Source\PSoC4/cyfitter_cfg.c **** 	CY_SET_REG32((void *)(CYREG_CLK_DIVIDER_A00), 0x80000001u);
 174              		.loc 1 235 0
 175 0034 0C4A     		ldr	r2, .L8+24
 176 0036 0D4B     		ldr	r3, .L8+28
 177 0038 1A60     		str	r2, [r3]
 236:Generated_Source\PSoC4/cyfitter_cfg.c **** 
 237:Generated_Source\PSoC4/cyfitter_cfg.c **** 	(void)CyIntSetVector(9u, &CySysWdtIsr);
 178              		.loc 1 237 0
 179 003a 0D49     		ldr	r1, .L8+32
 180 003c 0920     		movs	r0, #9
 181 003e FFF7FEFF 		bl	CyIntSetVector
 182              	.LVL16:
 238:Generated_Source\PSoC4/cyfitter_cfg.c **** 	CyIntEnable(9u);
 183              		.loc 1 238 0
 184 0042 0920     		movs	r0, #9
 185 0044 FFF7FEFF 		bl	CyIntEnable
 186              	.LVL17:
 239:Generated_Source\PSoC4/cyfitter_cfg.c **** 	CY_SET_REG32((void *)(CYREG_WDT_CONFIG), 0x00000000u);
 187              		.loc 1 239 0
 188 0048 0A4B     		ldr	r3, .L8+36
 189 004a 1D60     		str	r5, [r3]
 240:Generated_Source\PSoC4/cyfitter_cfg.c **** }
 190              		.loc 1 240 0
 191              		@ sp needed
 192 004c 70BD     		pop	{r4, r5, r6, pc}
 193              	.L9:
 194 004e C046     		.align	2
 195              	.L8:
 196 0050 00010B40 		.word	1074462976
 197 0054 FFFFFBFF 		.word	-262145
 198 0058 06000080 		.word	-2147483642
 199 005c 04010B40 		.word	1074462980
 200 0060 20020240 		.word	1073873440
 201 0064 08010B40 		.word	1074462984
 202 0068 01000080 		.word	-2147483647
 203 006c 00000240 		.word	1073872896
 204 0070 00000000 		.word	CySysWdtIsr
 205 0074 0C020B40 		.word	1074463244
 206              		.cfi_endproc
 207              	.LFE4:
 208              		.size	ClockSetup, .-ClockSetup
 209              		.align	2
 210              		.global	cyfitter_cfg
ARM GAS  C:\Users\jagumiel\AppData\Local\Temp\ccrsmRDQ.s 			page 9


 211              		.code	16
 212              		.thumb_func
 213              		.type	cyfitter_cfg, %function
 214              	cyfitter_cfg:
 215              	.LFB6:
 241:Generated_Source\PSoC4/cyfitter_cfg.c **** 
 242:Generated_Source\PSoC4/cyfitter_cfg.c **** 
 243:Generated_Source\PSoC4/cyfitter_cfg.c **** /* Analog API Functions */
 244:Generated_Source\PSoC4/cyfitter_cfg.c **** 
 245:Generated_Source\PSoC4/cyfitter_cfg.c **** 
 246:Generated_Source\PSoC4/cyfitter_cfg.c **** /*******************************************************************************
 247:Generated_Source\PSoC4/cyfitter_cfg.c **** * Function Name: AnalogSetDefault
 248:Generated_Source\PSoC4/cyfitter_cfg.c **** ********************************************************************************
 249:Generated_Source\PSoC4/cyfitter_cfg.c **** *
 250:Generated_Source\PSoC4/cyfitter_cfg.c **** * Summary:
 251:Generated_Source\PSoC4/cyfitter_cfg.c **** *  Sets up the analog portions of the chip to default values based on chip
 252:Generated_Source\PSoC4/cyfitter_cfg.c **** *  configuration options from the project.
 253:Generated_Source\PSoC4/cyfitter_cfg.c **** *
 254:Generated_Source\PSoC4/cyfitter_cfg.c **** * Parameters:
 255:Generated_Source\PSoC4/cyfitter_cfg.c **** *  void
 256:Generated_Source\PSoC4/cyfitter_cfg.c **** *
 257:Generated_Source\PSoC4/cyfitter_cfg.c **** * Return:
 258:Generated_Source\PSoC4/cyfitter_cfg.c **** *  void
 259:Generated_Source\PSoC4/cyfitter_cfg.c **** *
 260:Generated_Source\PSoC4/cyfitter_cfg.c **** *******************************************************************************/
 261:Generated_Source\PSoC4/cyfitter_cfg.c **** static void AnalogSetDefault(void);
 262:Generated_Source\PSoC4/cyfitter_cfg.c **** static void AnalogSetDefault(void)
 263:Generated_Source\PSoC4/cyfitter_cfg.c **** {
 264:Generated_Source\PSoC4/cyfitter_cfg.c **** }
 265:Generated_Source\PSoC4/cyfitter_cfg.c **** 
 266:Generated_Source\PSoC4/cyfitter_cfg.c **** 
 267:Generated_Source\PSoC4/cyfitter_cfg.c **** 
 268:Generated_Source\PSoC4/cyfitter_cfg.c **** 
 269:Generated_Source\PSoC4/cyfitter_cfg.c **** /*******************************************************************************
 270:Generated_Source\PSoC4/cyfitter_cfg.c **** * Function Name: cyfitter_cfg
 271:Generated_Source\PSoC4/cyfitter_cfg.c **** ********************************************************************************
 272:Generated_Source\PSoC4/cyfitter_cfg.c **** * Summary:
 273:Generated_Source\PSoC4/cyfitter_cfg.c **** *  This function is called by the start-up code for the selected device. It
 274:Generated_Source\PSoC4/cyfitter_cfg.c **** *  performs all of the necessary device configuration based on the design
 275:Generated_Source\PSoC4/cyfitter_cfg.c **** *  settings.  This includes settings from the Design Wide Resources (DWR) such
 276:Generated_Source\PSoC4/cyfitter_cfg.c **** *  as Clocks and Pins as well as any component configuration that is necessary.
 277:Generated_Source\PSoC4/cyfitter_cfg.c **** *
 278:Generated_Source\PSoC4/cyfitter_cfg.c **** * Parameters:
 279:Generated_Source\PSoC4/cyfitter_cfg.c **** *   void
 280:Generated_Source\PSoC4/cyfitter_cfg.c **** *
 281:Generated_Source\PSoC4/cyfitter_cfg.c **** * Return:
 282:Generated_Source\PSoC4/cyfitter_cfg.c **** *   void
 283:Generated_Source\PSoC4/cyfitter_cfg.c **** *
 284:Generated_Source\PSoC4/cyfitter_cfg.c **** *******************************************************************************/
 285:Generated_Source\PSoC4/cyfitter_cfg.c **** CY_CFG_SECTION
 286:Generated_Source\PSoC4/cyfitter_cfg.c **** void cyfitter_cfg(void)
 287:Generated_Source\PSoC4/cyfitter_cfg.c **** {
 216              		.loc 1 287 0
 217              		.cfi_startproc
 218              		@ args = 0, pretend = 0, frame = 0
 219              		@ frame_needed = 0, uses_anonymous_args = 0
 220 0078 10B5     		push	{r4, lr}
ARM GAS  C:\Users\jagumiel\AppData\Local\Temp\ccrsmRDQ.s 			page 10


 221              		.cfi_def_cfa_offset 8
 222              		.cfi_offset 4, -8
 223              		.cfi_offset 14, -4
 288:Generated_Source\PSoC4/cyfitter_cfg.c **** 	/* Disable interrupts by default. Let user enable if/when they want. */
 289:Generated_Source\PSoC4/cyfitter_cfg.c **** 	CyGlobalIntDisable;
 224              		.loc 1 289 0
 225              		.syntax divided
 226              	@ 289 "Generated_Source\PSoC4\cyfitter_cfg.c" 1
 227 007a 72B6     		CPSID   i
 228              	@ 0 "" 2
 229              	.LVL18:
 230              		.thumb
 231              		.syntax unified
 232              	.LBB3:
 290:Generated_Source\PSoC4/cyfitter_cfg.c **** 
 291:Generated_Source\PSoC4/cyfitter_cfg.c **** 	{
 292:Generated_Source\PSoC4/cyfitter_cfg.c **** 		static const uint32 CYCODE cy_cfg_addr_table[] = {
 293:Generated_Source\PSoC4/cyfitter_cfg.c **** 			0x400F3302u, /* Base address: 0x400F3300 Count: 2 */
 294:Generated_Source\PSoC4/cyfitter_cfg.c **** 			0x400F4002u, /* Base address: 0x400F4000 Count: 2 */
 295:Generated_Source\PSoC4/cyfitter_cfg.c **** 			0x400F4105u, /* Base address: 0x400F4100 Count: 5 */
 296:Generated_Source\PSoC4/cyfitter_cfg.c **** 			0x400F4308u, /* Base address: 0x400F4300 Count: 8 */
 297:Generated_Source\PSoC4/cyfitter_cfg.c **** 			0x400F6002u, /* Base address: 0x400F6000 Count: 2 */
 298:Generated_Source\PSoC4/cyfitter_cfg.c **** 		};
 299:Generated_Source\PSoC4/cyfitter_cfg.c **** 
 300:Generated_Source\PSoC4/cyfitter_cfg.c **** 		static const cy_cfg_addrvalue_t CYCODE cy_cfg_data_table[] = {
 301:Generated_Source\PSoC4/cyfitter_cfg.c **** 			{0xE2u, 0x80u},
 302:Generated_Source\PSoC4/cyfitter_cfg.c **** 			{0xE6u, 0x10u},
 303:Generated_Source\PSoC4/cyfitter_cfg.c **** 			{0x53u, 0x04u},
 304:Generated_Source\PSoC4/cyfitter_cfg.c **** 			{0xD4u, 0x20u},
 305:Generated_Source\PSoC4/cyfitter_cfg.c **** 			{0x62u, 0x04u},
 306:Generated_Source\PSoC4/cyfitter_cfg.c **** 			{0x8Bu, 0x04u},
 307:Generated_Source\PSoC4/cyfitter_cfg.c **** 			{0x8Eu, 0x04u},
 308:Generated_Source\PSoC4/cyfitter_cfg.c **** 			{0x97u, 0x08u},
 309:Generated_Source\PSoC4/cyfitter_cfg.c **** 			{0xD8u, 0x40u},
 310:Generated_Source\PSoC4/cyfitter_cfg.c **** 			{0x18u, 0x80u},
 311:Generated_Source\PSoC4/cyfitter_cfg.c **** 			{0x20u, 0x02u},
 312:Generated_Source\PSoC4/cyfitter_cfg.c **** 			{0x88u, 0x01u},
 313:Generated_Source\PSoC4/cyfitter_cfg.c **** 			{0x8Cu, 0x40u},
 314:Generated_Source\PSoC4/cyfitter_cfg.c **** 			{0xC6u, 0x08u},
 315:Generated_Source\PSoC4/cyfitter_cfg.c **** 			{0xC8u, 0x08u},
 316:Generated_Source\PSoC4/cyfitter_cfg.c **** 			{0xE2u, 0x01u},
 317:Generated_Source\PSoC4/cyfitter_cfg.c **** 			{0xE6u, 0x08u},
 318:Generated_Source\PSoC4/cyfitter_cfg.c **** 			{0x02u, 0x01u},
 319:Generated_Source\PSoC4/cyfitter_cfg.c **** 			{0x11u, 0x01u},
 320:Generated_Source\PSoC4/cyfitter_cfg.c **** 		};
 321:Generated_Source\PSoC4/cyfitter_cfg.c **** 
 322:Generated_Source\PSoC4/cyfitter_cfg.c **** 
 323:Generated_Source\PSoC4/cyfitter_cfg.c **** 
 324:Generated_Source\PSoC4/cyfitter_cfg.c **** 		CYPACKED typedef struct {
 325:Generated_Source\PSoC4/cyfitter_cfg.c **** 			void CYFAR *address;
 326:Generated_Source\PSoC4/cyfitter_cfg.c **** 			uint16 size;
 327:Generated_Source\PSoC4/cyfitter_cfg.c **** 		} CYPACKED_ATTR cfg_memset_t;
 328:Generated_Source\PSoC4/cyfitter_cfg.c **** 
 329:Generated_Source\PSoC4/cyfitter_cfg.c **** 		static const cfg_memset_t CYCODE cfg_memset_list[] = {
 330:Generated_Source\PSoC4/cyfitter_cfg.c **** 			/* address, size */
 331:Generated_Source\PSoC4/cyfitter_cfg.c **** 			{(void CYFAR *)(CYDEV_UDB_P0_U0_BASE), 1024u},
 332:Generated_Source\PSoC4/cyfitter_cfg.c **** 			{(void CYFAR *)(CYDEV_UDB_DSI0_BASE), 1024u},
ARM GAS  C:\Users\jagumiel\AppData\Local\Temp\ccrsmRDQ.s 			page 11


 333:Generated_Source\PSoC4/cyfitter_cfg.c **** 		};
 334:Generated_Source\PSoC4/cyfitter_cfg.c **** 
 335:Generated_Source\PSoC4/cyfitter_cfg.c **** 		uint8 CYDATA i;
 336:Generated_Source\PSoC4/cyfitter_cfg.c **** 
 337:Generated_Source\PSoC4/cyfitter_cfg.c **** 		/* Zero out critical memory blocks before beginning configuration */
 338:Generated_Source\PSoC4/cyfitter_cfg.c **** 		for (i = 0u; i < (sizeof(cfg_memset_list)/sizeof(cfg_memset_list[0])); i++)
 233              		.loc 1 338 0
 234 007c 0024     		movs	r4, #0
 235 007e 0FE0     		b	.L11
 236              	.LVL19:
 237              	.L12:
 238              	.LBB4:
 339:Generated_Source\PSoC4/cyfitter_cfg.c **** 		{
 340:Generated_Source\PSoC4/cyfitter_cfg.c **** 			const cfg_memset_t CYCODE * CYDATA ms = &cfg_memset_list[i];
 341:Generated_Source\PSoC4/cyfitter_cfg.c **** 			CYMEMZERO(ms->address, (size_t)(uint32)(ms->size));
 239              		.loc 1 341 0 discriminator 3
 240 0080 2848     		ldr	r0, .L13
 241 0082 6200     		lsls	r2, r4, #1
 242 0084 1319     		adds	r3, r2, r4
 243 0086 5900     		lsls	r1, r3, #1
 244 0088 0B00     		movs	r3, r1
 245 008a 4118     		adds	r1, r0, r1
 246 008c 8988     		ldrh	r1, [r1, #4]
 247 008e 1A5A     		ldrh	r2, [r3, r0]
 248 0090 C318     		adds	r3, r0, r3
 249 0092 5888     		ldrh	r0, [r3, #2]
 250 0094 0004     		lsls	r0, r0, #16
 251 0096 1043     		orrs	r0, r2
 252 0098 FFF7FEFF 		bl	CYMEMZERO
 253              	.LVL20:
 254              	.LBE4:
 338:Generated_Source\PSoC4/cyfitter_cfg.c **** 		{
 255              		.loc 1 338 0 discriminator 3
 256 009c 0134     		adds	r4, r4, #1
 257              	.LVL21:
 258 009e E4B2     		uxtb	r4, r4
 259              	.LVL22:
 260              	.L11:
 338:Generated_Source\PSoC4/cyfitter_cfg.c **** 		{
 261              		.loc 1 338 0 is_stmt 0 discriminator 1
 262 00a0 012C     		cmp	r4, #1
 263 00a2 EDD9     		bls	.L12
 342:Generated_Source\PSoC4/cyfitter_cfg.c **** 		}
 343:Generated_Source\PSoC4/cyfitter_cfg.c **** 
 344:Generated_Source\PSoC4/cyfitter_cfg.c **** 		cfg_write_bytes32(cy_cfg_addr_table, cy_cfg_data_table);
 264              		.loc 1 344 0 is_stmt 1
 265 00a4 1F48     		ldr	r0, .L13
 266 00a6 0100     		movs	r1, r0
 267 00a8 0C31     		adds	r1, r1, #12
 268 00aa 3430     		adds	r0, r0, #52
 269 00ac FFF7FEFF 		bl	cfg_write_bytes32
 270              	.LVL23:
 345:Generated_Source\PSoC4/cyfitter_cfg.c **** 
 346:Generated_Source\PSoC4/cyfitter_cfg.c **** 		/* HSIOM Starting address: CYDEV_HSIOM_BASE */
 347:Generated_Source\PSoC4/cyfitter_cfg.c **** 		CY_SET_REG32((void *)(CYDEV_HSIOM_BASE), 0x00000300u);
 271              		.loc 1 347 0
 272 00b0 C022     		movs	r2, #192
ARM GAS  C:\Users\jagumiel\AppData\Local\Temp\ccrsmRDQ.s 			page 12


 273 00b2 9200     		lsls	r2, r2, #2
 274 00b4 1C4B     		ldr	r3, .L13+4
 275 00b6 1A60     		str	r2, [r3]
 348:Generated_Source\PSoC4/cyfitter_cfg.c **** 		CY_SET_REG32((void *)(CYREG_HSIOM_PORT_SEL1), 0x03000000u);
 276              		.loc 1 348 0
 277 00b8 C022     		movs	r2, #192
 278 00ba 9204     		lsls	r2, r2, #18
 279 00bc 1B4B     		ldr	r3, .L13+8
 280 00be 1A60     		str	r2, [r3]
 349:Generated_Source\PSoC4/cyfitter_cfg.c **** 		CY_SET_REG32((void *)(CYREG_HSIOM_PORT_SEL3), 0x0000EE00u);
 281              		.loc 1 349 0
 282 00c0 EE22     		movs	r2, #238
 283 00c2 1202     		lsls	r2, r2, #8
 284 00c4 1A4B     		ldr	r3, .L13+12
 285 00c6 1A60     		str	r2, [r3]
 350:Generated_Source\PSoC4/cyfitter_cfg.c **** 
 351:Generated_Source\PSoC4/cyfitter_cfg.c **** 		/* UDB_PA_0 Starting address: CYDEV_UDB_PA0_BASE */
 352:Generated_Source\PSoC4/cyfitter_cfg.c **** 		CY_SET_REG32((void *)(CYDEV_UDB_PA0_BASE), 0x00990000u);
 286              		.loc 1 352 0
 287 00c8 9923     		movs	r3, #153
 288 00ca 1B04     		lsls	r3, r3, #16
 289 00cc 194A     		ldr	r2, .L13+16
 290 00ce 1360     		str	r3, [r2]
 353:Generated_Source\PSoC4/cyfitter_cfg.c **** 		CY_SET_REG32((void *)(CYREG_UDB_PA0_CFG4), 0x80000000u);
 291              		.loc 1 353 0
 292 00d0 8021     		movs	r1, #128
 293 00d2 0906     		lsls	r1, r1, #24
 294 00d4 184A     		ldr	r2, .L13+20
 295 00d6 1160     		str	r1, [r2]
 354:Generated_Source\PSoC4/cyfitter_cfg.c **** 		CY_SET_REG32((void *)(CYREG_UDB_PA0_CFG8), 0x00450000u);
 296              		.loc 1 354 0
 297 00d8 8A21     		movs	r1, #138
 298 00da C903     		lsls	r1, r1, #15
 299 00dc 174A     		ldr	r2, .L13+24
 300 00de 1160     		str	r1, [r2]
 355:Generated_Source\PSoC4/cyfitter_cfg.c **** 
 356:Generated_Source\PSoC4/cyfitter_cfg.c **** 		/* UDB_PA_1 Starting address: CYDEV_UDB_PA1_BASE */
 357:Generated_Source\PSoC4/cyfitter_cfg.c **** 		CY_SET_REG32((void *)(CYDEV_UDB_PA1_BASE), 0x00990000u);
 301              		.loc 1 357 0
 302 00e0 174A     		ldr	r2, .L13+28
 303 00e2 1360     		str	r3, [r2]
 358:Generated_Source\PSoC4/cyfitter_cfg.c **** 		CY_SET_REG32((void *)(CYREG_UDB_PA1_CFG8), 0x20000000u);
 304              		.loc 1 358 0
 305 00e4 8021     		movs	r1, #128
 306 00e6 8905     		lsls	r1, r1, #22
 307 00e8 164A     		ldr	r2, .L13+32
 308 00ea 1160     		str	r1, [r2]
 359:Generated_Source\PSoC4/cyfitter_cfg.c **** 
 360:Generated_Source\PSoC4/cyfitter_cfg.c **** 		/* UDB_PA_3 Starting address: CYDEV_UDB_PA3_BASE */
 361:Generated_Source\PSoC4/cyfitter_cfg.c **** 		CY_SET_REG32((void *)(CYDEV_UDB_PA3_BASE), 0x00990000u);
 309              		.loc 1 361 0
 310 00ec 164A     		ldr	r2, .L13+36
 311 00ee 1360     		str	r3, [r2]
 362:Generated_Source\PSoC4/cyfitter_cfg.c **** 
 363:Generated_Source\PSoC4/cyfitter_cfg.c **** 		/* Enable digital routing */
 364:Generated_Source\PSoC4/cyfitter_cfg.c **** 		CY_SET_XTND_REG8((void *)CYREG_UDB_UDBIF_BANK_CTL, (uint8)(CY_GET_XTND_REG8((void *)CYREG_UDB_UDB
 312              		.loc 1 364 0
ARM GAS  C:\Users\jagumiel\AppData\Local\Temp\ccrsmRDQ.s 			page 13


 313 00f0 164A     		ldr	r2, .L13+40
 314 00f2 1178     		ldrb	r1, [r2]
 315 00f4 0623     		movs	r3, #6
 316 00f6 0B43     		orrs	r3, r1
 317 00f8 DBB2     		uxtb	r3, r3
 318 00fa 1370     		strb	r3, [r2]
 319              	.LBE3:
 365:Generated_Source\PSoC4/cyfitter_cfg.c **** 	}
 366:Generated_Source\PSoC4/cyfitter_cfg.c **** 
 367:Generated_Source\PSoC4/cyfitter_cfg.c **** 	/* Perform second pass device configuration. These items must be configured in specific order afte
 368:Generated_Source\PSoC4/cyfitter_cfg.c **** 	/* IOPINS0_0 Starting address: CYDEV_PRT0_BASE */
 369:Generated_Source\PSoC4/cyfitter_cfg.c **** 	CY_SET_REG32((void *)(CYDEV_PRT0_BASE), 0x0000008Cu);
 320              		.loc 1 369 0
 321 00fc 8C22     		movs	r2, #140
 322 00fe 144B     		ldr	r3, .L13+44
 323 0100 1A60     		str	r2, [r3]
 370:Generated_Source\PSoC4/cyfitter_cfg.c **** 	CY_SET_REG32((void *)(CYREG_PRT0_PC), 0x00400D80u);
 324              		.loc 1 370 0
 325 0102 144A     		ldr	r2, .L13+48
 326 0104 144B     		ldr	r3, .L13+52
 327 0106 1A60     		str	r2, [r3]
 371:Generated_Source\PSoC4/cyfitter_cfg.c **** 
 372:Generated_Source\PSoC4/cyfitter_cfg.c **** 	/* IOPINS0_1 Starting address: CYDEV_PRT1_BASE */
 373:Generated_Source\PSoC4/cyfitter_cfg.c **** 	CY_SET_REG32((void *)(CYDEV_PRT1_BASE), 0x00000040u);
 328              		.loc 1 373 0
 329 0108 4022     		movs	r2, #64
 330 010a 144B     		ldr	r3, .L13+56
 331 010c 1A60     		str	r2, [r3]
 374:Generated_Source\PSoC4/cyfitter_cfg.c **** 	CY_SET_REG32((void *)(CYREG_PRT1_PC), 0x00180000u);
 332              		.loc 1 374 0
 333 010e C022     		movs	r2, #192
 334 0110 5203     		lsls	r2, r2, #13
 335 0112 134B     		ldr	r3, .L13+60
 336 0114 1A60     		str	r2, [r3]
 375:Generated_Source\PSoC4/cyfitter_cfg.c **** 
 376:Generated_Source\PSoC4/cyfitter_cfg.c **** 	/* IOPINS0_3 Starting address: CYDEV_PRT3_BASE */
 377:Generated_Source\PSoC4/cyfitter_cfg.c **** 	CY_SET_REG32((void *)(CYREG_PRT3_PC), 0x00000D80u);
 337              		.loc 1 377 0
 338 0116 D822     		movs	r2, #216
 339 0118 1201     		lsls	r2, r2, #4
 340 011a 124B     		ldr	r3, .L13+64
 341 011c 1A60     		str	r2, [r3]
 378:Generated_Source\PSoC4/cyfitter_cfg.c **** 
 379:Generated_Source\PSoC4/cyfitter_cfg.c **** 
 380:Generated_Source\PSoC4/cyfitter_cfg.c **** 	/* Setup clocks based on selections from Clock DWR */
 381:Generated_Source\PSoC4/cyfitter_cfg.c **** 	ClockSetup();
 342              		.loc 1 381 0
 343 011e FFF76FFF 		bl	ClockSetup
 344              	.LVL24:
 382:Generated_Source\PSoC4/cyfitter_cfg.c **** 
 383:Generated_Source\PSoC4/cyfitter_cfg.c **** 	/* Perform basic analog initialization to defaults */
 384:Generated_Source\PSoC4/cyfitter_cfg.c **** 	AnalogSetDefault();
 385:Generated_Source\PSoC4/cyfitter_cfg.c **** 
 386:Generated_Source\PSoC4/cyfitter_cfg.c **** }
 345              		.loc 1 386 0
 346              		@ sp needed
 347              	.LVL25:
ARM GAS  C:\Users\jagumiel\AppData\Local\Temp\ccrsmRDQ.s 			page 14


 348 0122 10BD     		pop	{r4, pc}
 349              	.L14:
 350              		.align	2
 351              	.L13:
 352 0124 00000000 		.word	.LANCHOR0
 353 0128 00000140 		.word	1073807360
 354 012c 04000140 		.word	1073807364
 355 0130 0C000140 		.word	1073807372
 356 0134 00500F40 		.word	1074745344
 357 0138 04500F40 		.word	1074745348
 358 013c 08500F40 		.word	1074745352
 359 0140 10500F40 		.word	1074745360
 360 0144 18500F40 		.word	1074745368
 361 0148 30500F40 		.word	1074745392
 362 014c 00700F40 		.word	1074753536
 363 0150 00000440 		.word	1074003968
 364 0154 800D4000 		.word	4197760
 365 0158 08000440 		.word	1074003976
 366 015c 00010440 		.word	1074004224
 367 0160 08010440 		.word	1074004232
 368 0164 08030440 		.word	1074004744
 369              		.cfi_endproc
 370              	.LFE6:
 371              		.size	cyfitter_cfg, .-cyfitter_cfg
 372              		.section	.rodata
 373              		.align	2
 374              		.set	.LANCHOR0,. + 0
 375              		.type	cfg_memset_list.4870, %object
 376              		.size	cfg_memset_list.4870, 12
 377              	cfg_memset_list.4870:
 378 0000 00300F40 		.word	1074737152
 379 0004 0004     		.short	1024
 380 0006 00400F40 		.4byte	1074741248
 381 000a 0004     		.short	1024
 382              		.type	cy_cfg_data_table.4865, %object
 383              		.size	cy_cfg_data_table.4865, 38
 384              	cy_cfg_data_table.4865:
 385 000c E2       		.byte	-30
 386 000d 80       		.byte	-128
 387 000e E6       		.byte	-26
 388 000f 10       		.byte	16
 389 0010 53       		.byte	83
 390 0011 04       		.byte	4
 391 0012 D4       		.byte	-44
 392 0013 20       		.byte	32
 393 0014 62       		.byte	98
 394 0015 04       		.byte	4
 395 0016 8B       		.byte	-117
 396 0017 04       		.byte	4
 397 0018 8E       		.byte	-114
 398 0019 04       		.byte	4
 399 001a 97       		.byte	-105
 400 001b 08       		.byte	8
 401 001c D8       		.byte	-40
 402 001d 40       		.byte	64
 403 001e 18       		.byte	24
 404 001f 80       		.byte	-128
ARM GAS  C:\Users\jagumiel\AppData\Local\Temp\ccrsmRDQ.s 			page 15


 405 0020 20       		.byte	32
 406 0021 02       		.byte	2
 407 0022 88       		.byte	-120
 408 0023 01       		.byte	1
 409 0024 8C       		.byte	-116
 410 0025 40       		.byte	64
 411 0026 C6       		.byte	-58
 412 0027 08       		.byte	8
 413 0028 C8       		.byte	-56
 414 0029 08       		.byte	8
 415 002a E2       		.byte	-30
 416 002b 01       		.byte	1
 417 002c E6       		.byte	-26
 418 002d 08       		.byte	8
 419 002e 02       		.byte	2
 420 002f 01       		.byte	1
 421 0030 11       		.byte	17
 422 0031 01       		.byte	1
 423 0032 0000     		.space	2
 424              		.type	cy_cfg_addr_table.4864, %object
 425              		.size	cy_cfg_addr_table.4864, 20
 426              	cy_cfg_addr_table.4864:
 427 0034 02330F40 		.word	1074737922
 428 0038 02400F40 		.word	1074741250
 429 003c 05410F40 		.word	1074741509
 430 0040 08430F40 		.word	1074742024
 431 0044 02600F40 		.word	1074749442
 432              		.text
 433              	.Letext0:
 434              		.file 2 "c:\\program files (x86)\\cypress\\psoc creator\\4.2\\psoc creator\\import\\gnu\\arm\\5.4.
 435              		.file 3 "Generated_Source\\PSoC4\\cytypes.h"
 436              		.file 4 "Generated_Source\\PSoC4\\CyLib.h"
 437              		.section	.debug_info,"",%progbits
 438              	.Ldebug_info0:
 439 0000 9C030000 		.4byte	0x39c
 440 0004 0400     		.2byte	0x4
 441 0006 00000000 		.4byte	.Ldebug_abbrev0
 442 000a 04       		.byte	0x4
 443 000b 01       		.uleb128 0x1
 444 000c 30010000 		.4byte	.LASF39
 445 0010 0C       		.byte	0xc
 446 0011 A6020000 		.4byte	.LASF40
 447 0015 03020000 		.4byte	.LASF41
 448 0019 00000000 		.4byte	.Ldebug_ranges0+0
 449 001d 00000000 		.4byte	0
 450 0021 00000000 		.4byte	.Ldebug_line0
 451 0025 02       		.uleb128 0x2
 452 0026 04       		.byte	0x4
 453 0027 05       		.byte	0x5
 454 0028 696E7400 		.ascii	"int\000"
 455 002c 03       		.uleb128 0x3
 456 002d 06000000 		.4byte	.LASF12
 457 0031 02       		.byte	0x2
 458 0032 D8       		.byte	0xd8
 459 0033 37000000 		.4byte	0x37
 460 0037 04       		.uleb128 0x4
 461 0038 04       		.byte	0x4
ARM GAS  C:\Users\jagumiel\AppData\Local\Temp\ccrsmRDQ.s 			page 16


 462 0039 07       		.byte	0x7
 463 003a F7000000 		.4byte	.LASF0
 464 003e 04       		.uleb128 0x4
 465 003f 08       		.byte	0x8
 466 0040 05       		.byte	0x5
 467 0041 F0010000 		.4byte	.LASF1
 468 0045 04       		.uleb128 0x4
 469 0046 08       		.byte	0x8
 470 0047 04       		.byte	0x4
 471 0048 8E020000 		.4byte	.LASF2
 472 004c 04       		.uleb128 0x4
 473 004d 01       		.byte	0x1
 474 004e 06       		.byte	0x6
 475 004f 9A020000 		.4byte	.LASF3
 476 0053 04       		.uleb128 0x4
 477 0054 01       		.byte	0x1
 478 0055 08       		.byte	0x8
 479 0056 99000000 		.4byte	.LASF4
 480 005a 04       		.uleb128 0x4
 481 005b 02       		.byte	0x2
 482 005c 05       		.byte	0x5
 483 005d 66020000 		.4byte	.LASF5
 484 0061 04       		.uleb128 0x4
 485 0062 02       		.byte	0x2
 486 0063 07       		.byte	0x7
 487 0064 DD010000 		.4byte	.LASF6
 488 0068 04       		.uleb128 0x4
 489 0069 04       		.byte	0x4
 490 006a 05       		.byte	0x5
 491 006b 85020000 		.4byte	.LASF7
 492 006f 04       		.uleb128 0x4
 493 0070 04       		.byte	0x4
 494 0071 07       		.byte	0x7
 495 0072 77000000 		.4byte	.LASF8
 496 0076 04       		.uleb128 0x4
 497 0077 08       		.byte	0x8
 498 0078 07       		.byte	0x7
 499 0079 19010000 		.4byte	.LASF9
 500 007d 04       		.uleb128 0x4
 501 007e 04       		.byte	0x4
 502 007f 07       		.byte	0x7
 503 0080 D4010000 		.4byte	.LASF10
 504 0084 05       		.uleb128 0x5
 505 0085 04       		.byte	0x4
 506 0086 04       		.uleb128 0x4
 507 0087 01       		.byte	0x1
 508 0088 08       		.byte	0x8
 509 0089 FE010000 		.4byte	.LASF11
 510 008d 06       		.uleb128 0x6
 511 008e 89000000 		.4byte	.LASF13
 512 0092 03       		.byte	0x3
 513 0093 E401     		.2byte	0x1e4
 514 0095 53000000 		.4byte	0x53
 515 0099 06       		.uleb128 0x6
 516 009a DE000000 		.4byte	.LASF14
 517 009e 03       		.byte	0x3
 518 009f E501     		.2byte	0x1e5
ARM GAS  C:\Users\jagumiel\AppData\Local\Temp\ccrsmRDQ.s 			page 17


 519 00a1 61000000 		.4byte	0x61
 520 00a5 06       		.uleb128 0x6
 521 00a6 F0000000 		.4byte	.LASF15
 522 00aa 03       		.byte	0x3
 523 00ab E601     		.2byte	0x1e6
 524 00ad 6F000000 		.4byte	0x6f
 525 00b1 04       		.uleb128 0x4
 526 00b2 04       		.byte	0x4
 527 00b3 04       		.byte	0x4
 528 00b4 57000000 		.4byte	.LASF16
 529 00b8 04       		.uleb128 0x4
 530 00b9 08       		.byte	0x8
 531 00ba 04       		.byte	0x4
 532 00bb AE000000 		.4byte	.LASF17
 533 00bf 06       		.uleb128 0x6
 534 00c0 72000000 		.4byte	.LASF18
 535 00c4 03       		.byte	0x3
 536 00c5 8E02     		.2byte	0x28e
 537 00c7 CB000000 		.4byte	0xcb
 538 00cb 07       		.uleb128 0x7
 539 00cc 8D000000 		.4byte	0x8d
 540 00d0 06       		.uleb128 0x6
 541 00d1 00000000 		.4byte	.LASF19
 542 00d5 03       		.byte	0x3
 543 00d6 9002     		.2byte	0x290
 544 00d8 DC000000 		.4byte	0xdc
 545 00dc 07       		.uleb128 0x7
 546 00dd A5000000 		.4byte	0xa5
 547 00e1 08       		.uleb128 0x8
 548 00e2 02       		.byte	0x2
 549 00e3 01       		.byte	0x1
 550 00e4 97       		.byte	0x97
 551 00e5 02010000 		.4byte	0x102
 552 00e9 09       		.uleb128 0x9
 553 00ea 5F020000 		.4byte	.LASF20
 554 00ee 01       		.byte	0x1
 555 00ef 99       		.byte	0x99
 556 00f0 8D000000 		.4byte	0x8d
 557 00f4 00       		.byte	0
 558 00f5 09       		.uleb128 0x9
 559 00f6 1C000000 		.4byte	.LASF21
 560 00fa 01       		.byte	0x1
 561 00fb 9A       		.byte	0x9a
 562 00fc 8D000000 		.4byte	0x8d
 563 0100 01       		.byte	0x1
 564 0101 00       		.byte	0
 565 0102 03       		.uleb128 0x3
 566 0103 4C020000 		.4byte	.LASF22
 567 0107 01       		.byte	0x1
 568 0108 9B       		.byte	0x9b
 569 0109 E1000000 		.4byte	0xe1
 570 010d 0A       		.uleb128 0xa
 571 010e B5000000 		.4byte	.LASF27
 572 0112 01       		.byte	0x1
 573 0113 AE       		.byte	0xae
 574 0114 00000000 		.4byte	.LFB3
 575 0118 32000000 		.4byte	.LFE3-.LFB3
ARM GAS  C:\Users\jagumiel\AppData\Local\Temp\ccrsmRDQ.s 			page 18


 576 011c 01       		.uleb128 0x1
 577 011d 9C       		.byte	0x9c
 578 011e 7F010000 		.4byte	0x17f
 579 0122 0B       		.uleb128 0xb
 580 0123 D3000000 		.4byte	.LASF23
 581 0127 01       		.byte	0x1
 582 0128 AE       		.byte	0xae
 583 0129 7F010000 		.4byte	0x17f
 584 012d 01       		.uleb128 0x1
 585 012e 50       		.byte	0x50
 586 012f 0B       		.uleb128 0xb
 587 0130 E5000000 		.4byte	.LASF24
 588 0134 01       		.byte	0x1
 589 0135 AE       		.byte	0xae
 590 0136 8A010000 		.4byte	0x18a
 591 013a 01       		.uleb128 0x1
 592 013b 51       		.byte	0x51
 593 013c 0C       		.uleb128 0xc
 594 013d 6900     		.ascii	"i\000"
 595 013f 01       		.byte	0x1
 596 0140 B1       		.byte	0xb1
 597 0141 A5000000 		.4byte	0xa5
 598 0145 00000000 		.4byte	.LLST0
 599 0149 0C       		.uleb128 0xc
 600 014a 6A00     		.ascii	"j\000"
 601 014c 01       		.byte	0x1
 602 014d B1       		.byte	0xb1
 603 014e A5000000 		.4byte	0xa5
 604 0152 1F000000 		.4byte	.LLST1
 605 0156 0D       		.uleb128 0xd
 606 0157 08000000 		.4byte	.LBB2
 607 015b 22000000 		.4byte	.LBE2-.LBB2
 608 015f 0E       		.uleb128 0xe
 609 0160 CB010000 		.4byte	.LASF25
 610 0164 01       		.byte	0x1
 611 0165 B4       		.byte	0xb4
 612 0166 A5000000 		.4byte	0xa5
 613 016a 3E000000 		.4byte	.LLST2
 614 016e 0E       		.uleb128 0xe
 615 016f 22000000 		.4byte	.LASF26
 616 0173 01       		.byte	0x1
 617 0174 B5       		.byte	0xb5
 618 0175 8D000000 		.4byte	0x8d
 619 0179 51000000 		.4byte	.LLST3
 620 017d 00       		.byte	0
 621 017e 00       		.byte	0
 622 017f 0F       		.uleb128 0xf
 623 0180 04       		.byte	0x4
 624 0181 85010000 		.4byte	0x185
 625 0185 10       		.uleb128 0x10
 626 0186 A5000000 		.4byte	0xa5
 627 018a 0F       		.uleb128 0xf
 628 018b 04       		.byte	0x4
 629 018c 90010000 		.4byte	0x190
 630 0190 10       		.uleb128 0x10
 631 0191 02010000 		.4byte	0x102
 632 0195 0A       		.uleb128 0xa
ARM GAS  C:\Users\jagumiel\AppData\Local\Temp\ccrsmRDQ.s 			page 19


 633 0196 8F000000 		.4byte	.LASF28
 634 019a 01       		.byte	0x1
 635 019b 4C       		.byte	0x4c
 636 019c 00000000 		.4byte	.LFB0
 637 01a0 0C000000 		.4byte	.LFE0-.LFB0
 638 01a4 01       		.uleb128 0x1
 639 01a5 9C       		.byte	0x9c
 640 01a6 E2010000 		.4byte	0x1e2
 641 01aa 11       		.uleb128 0x11
 642 01ab 7300     		.ascii	"s\000"
 643 01ad 01       		.byte	0x1
 644 01ae 4C       		.byte	0x4c
 645 01af 84000000 		.4byte	0x84
 646 01b3 6F000000 		.4byte	.LLST4
 647 01b7 11       		.uleb128 0x11
 648 01b8 6E00     		.ascii	"n\000"
 649 01ba 01       		.byte	0x1
 650 01bb 4C       		.byte	0x4c
 651 01bc 2C000000 		.4byte	0x2c
 652 01c0 90000000 		.4byte	.LLST5
 653 01c4 12       		.uleb128 0x12
 654 01c5 0A000000 		.4byte	.LVL14
 655 01c9 75030000 		.4byte	0x375
 656 01cd 13       		.uleb128 0x13
 657 01ce 01       		.uleb128 0x1
 658 01cf 50       		.byte	0x50
 659 01d0 03       		.uleb128 0x3
 660 01d1 F3       		.byte	0xf3
 661 01d2 01       		.uleb128 0x1
 662 01d3 50       		.byte	0x50
 663 01d4 13       		.uleb128 0x13
 664 01d5 01       		.uleb128 0x1
 665 01d6 51       		.byte	0x51
 666 01d7 01       		.uleb128 0x1
 667 01d8 30       		.byte	0x30
 668 01d9 13       		.uleb128 0x13
 669 01da 01       		.uleb128 0x1
 670 01db 52       		.byte	0x52
 671 01dc 03       		.uleb128 0x3
 672 01dd F3       		.byte	0xf3
 673 01de 01       		.uleb128 0x1
 674 01df 51       		.byte	0x51
 675 01e0 00       		.byte	0
 676 01e1 00       		.byte	0
 677 01e2 0A       		.uleb128 0xa
 678 01e3 28000000 		.4byte	.LASF29
 679 01e7 01       		.byte	0x1
 680 01e8 D3       		.byte	0xd3
 681 01e9 00000000 		.4byte	.LFB4
 682 01ed 78000000 		.4byte	.LFE4-.LFB4
 683 01f1 01       		.uleb128 0x1
 684 01f2 9C       		.byte	0x9c
 685 01f3 2D020000 		.4byte	0x22d
 686 01f7 14       		.uleb128 0x14
 687 01f8 14000000 		.4byte	.LVL15
 688 01fc 7E030000 		.4byte	0x37e
 689 0200 0A020000 		.4byte	0x20a
ARM GAS  C:\Users\jagumiel\AppData\Local\Temp\ccrsmRDQ.s 			page 20


 690 0204 13       		.uleb128 0x13
 691 0205 01       		.uleb128 0x1
 692 0206 50       		.byte	0x50
 693 0207 01       		.uleb128 0x1
 694 0208 48       		.byte	0x48
 695 0209 00       		.byte	0
 696 020a 14       		.uleb128 0x14
 697 020b 42000000 		.4byte	.LVL16
 698 020f 89030000 		.4byte	0x389
 699 0213 1D020000 		.4byte	0x21d
 700 0217 13       		.uleb128 0x13
 701 0218 01       		.uleb128 0x1
 702 0219 50       		.byte	0x50
 703 021a 01       		.uleb128 0x1
 704 021b 39       		.byte	0x39
 705 021c 00       		.byte	0
 706 021d 12       		.uleb128 0x12
 707 021e 48000000 		.4byte	.LVL17
 708 0222 94030000 		.4byte	0x394
 709 0226 13       		.uleb128 0x13
 710 0227 01       		.uleb128 0x1
 711 0228 50       		.byte	0x50
 712 0229 01       		.uleb128 0x1
 713 022a 39       		.byte	0x39
 714 022b 00       		.byte	0
 715 022c 00       		.byte	0
 716 022d 15       		.uleb128 0x15
 717 022e 04010000 		.4byte	.LASF42
 718 0232 01       		.byte	0x1
 719 0233 1E01     		.2byte	0x11e
 720 0235 78000000 		.4byte	.LFB6
 721 0239 F0000000 		.4byte	.LFE6-.LFB6
 722 023d 01       		.uleb128 0x1
 723 023e 9C       		.byte	0x9c
 724 023f 4B030000 		.4byte	0x34b
 725 0243 16       		.uleb128 0x16
 726 0244 7C000000 		.4byte	.LBB3
 727 0248 80000000 		.4byte	.LBE3-.LBB3
 728 024c 41030000 		.4byte	0x341
 729 0250 17       		.uleb128 0x17
 730 0251 33000000 		.4byte	.LASF30
 731 0255 01       		.byte	0x1
 732 0256 2401     		.2byte	0x124
 733 0258 5B030000 		.4byte	0x35b
 734 025c 05       		.uleb128 0x5
 735 025d 03       		.byte	0x3
 736 025e 34000000 		.4byte	cy_cfg_addr_table.4864
 737 0262 17       		.uleb128 0x17
 738 0263 45000000 		.4byte	.LASF31
 739 0267 01       		.byte	0x1
 740 0268 2C01     		.2byte	0x12c
 741 026a 70030000 		.4byte	0x370
 742 026e 05       		.uleb128 0x5
 743 026f 03       		.byte	0x3
 744 0270 0C000000 		.4byte	cy_cfg_data_table.4865
 745 0274 18       		.uleb128 0x18
 746 0275 06       		.byte	0x6
ARM GAS  C:\Users\jagumiel\AppData\Local\Temp\ccrsmRDQ.s 			page 21


 747 0276 01       		.byte	0x1
 748 0277 4401     		.2byte	0x144
 749 0279 98020000 		.4byte	0x298
 750 027d 19       		.uleb128 0x19
 751 027e 11010000 		.4byte	.LASF32
 752 0282 01       		.byte	0x1
 753 0283 4501     		.2byte	0x145
 754 0285 84000000 		.4byte	0x84
 755 0289 00       		.byte	0
 756 028a 19       		.uleb128 0x19
 757 028b 6D000000 		.4byte	.LASF33
 758 028f 01       		.byte	0x1
 759 0290 4601     		.2byte	0x146
 760 0292 99000000 		.4byte	0x99
 761 0296 04       		.byte	0x4
 762 0297 00       		.byte	0
 763 0298 06       		.uleb128 0x6
 764 0299 BE010000 		.4byte	.LASF34
 765 029d 01       		.byte	0x1
 766 029e 4701     		.2byte	0x147
 767 02a0 74020000 		.4byte	0x274
 768 02a4 1A       		.uleb128 0x1a
 769 02a5 B4020000 		.4byte	0x2b4
 770 02a9 B4020000 		.4byte	0x2b4
 771 02ad 1B       		.uleb128 0x1b
 772 02ae 7D000000 		.4byte	0x7d
 773 02b2 01       		.byte	0x1
 774 02b3 00       		.byte	0
 775 02b4 10       		.uleb128 0x10
 776 02b5 98020000 		.4byte	0x298
 777 02b9 17       		.uleb128 0x17
 778 02ba 5D000000 		.4byte	.LASF35
 779 02be 01       		.byte	0x1
 780 02bf 4901     		.2byte	0x149
 781 02c1 CB020000 		.4byte	0x2cb
 782 02c5 05       		.uleb128 0x5
 783 02c6 03       		.byte	0x3
 784 02c7 00000000 		.4byte	cfg_memset_list.4870
 785 02cb 10       		.uleb128 0x10
 786 02cc A4020000 		.4byte	0x2a4
 787 02d0 1C       		.uleb128 0x1c
 788 02d1 6900     		.ascii	"i\000"
 789 02d3 01       		.byte	0x1
 790 02d4 4F01     		.2byte	0x14f
 791 02d6 8D000000 		.4byte	0x8d
 792 02da BC000000 		.4byte	.LLST6
 793 02de 16       		.uleb128 0x16
 794 02df 80000000 		.4byte	.LBB4
 795 02e3 1C000000 		.4byte	.LBE4-.LBB4
 796 02e7 24030000 		.4byte	0x324
 797 02eb 1C       		.uleb128 0x1c
 798 02ec 6D7300   		.ascii	"ms\000"
 799 02ef 01       		.byte	0x1
 800 02f0 5401     		.2byte	0x154
 801 02f2 FA020000 		.4byte	0x2fa
 802 02f6 E6000000 		.4byte	.LLST7
 803 02fa 0F       		.uleb128 0xf
ARM GAS  C:\Users\jagumiel\AppData\Local\Temp\ccrsmRDQ.s 			page 22


 804 02fb 04       		.byte	0x4
 805 02fc B4020000 		.4byte	0x2b4
 806 0300 12       		.uleb128 0x12
 807 0301 9C000000 		.4byte	.LVL20
 808 0305 95010000 		.4byte	0x195
 809 0309 13       		.uleb128 0x13
 810 030a 01       		.uleb128 0x1
 811 030b 51       		.byte	0x51
 812 030c 15       		.uleb128 0x15
 813 030d 74       		.byte	0x74
 814 030e 00       		.sleb128 0
 815 030f 31       		.byte	0x31
 816 0310 24       		.byte	0x24
 817 0311 74       		.byte	0x74
 818 0312 00       		.sleb128 0
 819 0313 22       		.byte	0x22
 820 0314 31       		.byte	0x31
 821 0315 24       		.byte	0x24
 822 0316 03       		.byte	0x3
 823 0317 04000000 		.4byte	.LANCHOR0+4
 824 031b 22       		.byte	0x22
 825 031c 94       		.byte	0x94
 826 031d 02       		.byte	0x2
 827 031e 0A       		.byte	0xa
 828 031f FFFF     		.2byte	0xffff
 829 0321 1A       		.byte	0x1a
 830 0322 00       		.byte	0
 831 0323 00       		.byte	0
 832 0324 12       		.uleb128 0x12
 833 0325 B0000000 		.4byte	.LVL23
 834 0329 0D010000 		.4byte	0x10d
 835 032d 13       		.uleb128 0x13
 836 032e 01       		.uleb128 0x1
 837 032f 50       		.byte	0x50
 838 0330 05       		.uleb128 0x5
 839 0331 03       		.byte	0x3
 840 0332 34000000 		.4byte	.LANCHOR0+52
 841 0336 13       		.uleb128 0x13
 842 0337 01       		.uleb128 0x1
 843 0338 51       		.byte	0x51
 844 0339 05       		.uleb128 0x5
 845 033a 03       		.byte	0x3
 846 033b 0C000000 		.4byte	.LANCHOR0+12
 847 033f 00       		.byte	0
 848 0340 00       		.byte	0
 849 0341 1D       		.uleb128 0x1d
 850 0342 22010000 		.4byte	.LVL24
 851 0346 E2010000 		.4byte	0x1e2
 852 034a 00       		.byte	0
 853 034b 1A       		.uleb128 0x1a
 854 034c 85010000 		.4byte	0x185
 855 0350 5B030000 		.4byte	0x35b
 856 0354 1B       		.uleb128 0x1b
 857 0355 7D000000 		.4byte	0x7d
 858 0359 04       		.byte	0x4
 859 035a 00       		.byte	0
 860 035b 10       		.uleb128 0x10
ARM GAS  C:\Users\jagumiel\AppData\Local\Temp\ccrsmRDQ.s 			page 23


 861 035c 4B030000 		.4byte	0x34b
 862 0360 1A       		.uleb128 0x1a
 863 0361 90010000 		.4byte	0x190
 864 0365 70030000 		.4byte	0x370
 865 0369 1B       		.uleb128 0x1b
 866 036a 7D000000 		.4byte	0x7d
 867 036e 12       		.byte	0x12
 868 036f 00       		.byte	0
 869 0370 10       		.uleb128 0x10
 870 0371 60030000 		.4byte	0x360
 871 0375 1E       		.uleb128 0x1e
 872 0376 A7000000 		.4byte	.LASF43
 873 037a A7000000 		.4byte	.LASF43
 874 037e 1F       		.uleb128 0x1f
 875 037f 70020000 		.4byte	.LASF36
 876 0383 70020000 		.4byte	.LASF36
 877 0387 04       		.byte	0x4
 878 0388 6C       		.byte	0x6c
 879 0389 1F       		.uleb128 0x1f
 880 038a 0D000000 		.4byte	.LASF37
 881 038e 0D000000 		.4byte	.LASF37
 882 0392 04       		.byte	0x4
 883 0393 BD       		.byte	0xbd
 884 0394 1F       		.uleb128 0x1f
 885 0395 C7000000 		.4byte	.LASF38
 886 0399 C7000000 		.4byte	.LASF38
 887 039d 04       		.byte	0x4
 888 039e C3       		.byte	0xc3
 889 039f 00       		.byte	0
 890              		.section	.debug_abbrev,"",%progbits
 891              	.Ldebug_abbrev0:
 892 0000 01       		.uleb128 0x1
 893 0001 11       		.uleb128 0x11
 894 0002 01       		.byte	0x1
 895 0003 25       		.uleb128 0x25
 896 0004 0E       		.uleb128 0xe
 897 0005 13       		.uleb128 0x13
 898 0006 0B       		.uleb128 0xb
 899 0007 03       		.uleb128 0x3
 900 0008 0E       		.uleb128 0xe
 901 0009 1B       		.uleb128 0x1b
 902 000a 0E       		.uleb128 0xe
 903 000b 55       		.uleb128 0x55
 904 000c 17       		.uleb128 0x17
 905 000d 11       		.uleb128 0x11
 906 000e 01       		.uleb128 0x1
 907 000f 10       		.uleb128 0x10
 908 0010 17       		.uleb128 0x17
 909 0011 00       		.byte	0
 910 0012 00       		.byte	0
 911 0013 02       		.uleb128 0x2
 912 0014 24       		.uleb128 0x24
 913 0015 00       		.byte	0
 914 0016 0B       		.uleb128 0xb
 915 0017 0B       		.uleb128 0xb
 916 0018 3E       		.uleb128 0x3e
 917 0019 0B       		.uleb128 0xb
ARM GAS  C:\Users\jagumiel\AppData\Local\Temp\ccrsmRDQ.s 			page 24


 918 001a 03       		.uleb128 0x3
 919 001b 08       		.uleb128 0x8
 920 001c 00       		.byte	0
 921 001d 00       		.byte	0
 922 001e 03       		.uleb128 0x3
 923 001f 16       		.uleb128 0x16
 924 0020 00       		.byte	0
 925 0021 03       		.uleb128 0x3
 926 0022 0E       		.uleb128 0xe
 927 0023 3A       		.uleb128 0x3a
 928 0024 0B       		.uleb128 0xb
 929 0025 3B       		.uleb128 0x3b
 930 0026 0B       		.uleb128 0xb
 931 0027 49       		.uleb128 0x49
 932 0028 13       		.uleb128 0x13
 933 0029 00       		.byte	0
 934 002a 00       		.byte	0
 935 002b 04       		.uleb128 0x4
 936 002c 24       		.uleb128 0x24
 937 002d 00       		.byte	0
 938 002e 0B       		.uleb128 0xb
 939 002f 0B       		.uleb128 0xb
 940 0030 3E       		.uleb128 0x3e
 941 0031 0B       		.uleb128 0xb
 942 0032 03       		.uleb128 0x3
 943 0033 0E       		.uleb128 0xe
 944 0034 00       		.byte	0
 945 0035 00       		.byte	0
 946 0036 05       		.uleb128 0x5
 947 0037 0F       		.uleb128 0xf
 948 0038 00       		.byte	0
 949 0039 0B       		.uleb128 0xb
 950 003a 0B       		.uleb128 0xb
 951 003b 00       		.byte	0
 952 003c 00       		.byte	0
 953 003d 06       		.uleb128 0x6
 954 003e 16       		.uleb128 0x16
 955 003f 00       		.byte	0
 956 0040 03       		.uleb128 0x3
 957 0041 0E       		.uleb128 0xe
 958 0042 3A       		.uleb128 0x3a
 959 0043 0B       		.uleb128 0xb
 960 0044 3B       		.uleb128 0x3b
 961 0045 05       		.uleb128 0x5
 962 0046 49       		.uleb128 0x49
 963 0047 13       		.uleb128 0x13
 964 0048 00       		.byte	0
 965 0049 00       		.byte	0
 966 004a 07       		.uleb128 0x7
 967 004b 35       		.uleb128 0x35
 968 004c 00       		.byte	0
 969 004d 49       		.uleb128 0x49
 970 004e 13       		.uleb128 0x13
 971 004f 00       		.byte	0
 972 0050 00       		.byte	0
 973 0051 08       		.uleb128 0x8
 974 0052 13       		.uleb128 0x13
ARM GAS  C:\Users\jagumiel\AppData\Local\Temp\ccrsmRDQ.s 			page 25


 975 0053 01       		.byte	0x1
 976 0054 0B       		.uleb128 0xb
 977 0055 0B       		.uleb128 0xb
 978 0056 3A       		.uleb128 0x3a
 979 0057 0B       		.uleb128 0xb
 980 0058 3B       		.uleb128 0x3b
 981 0059 0B       		.uleb128 0xb
 982 005a 01       		.uleb128 0x1
 983 005b 13       		.uleb128 0x13
 984 005c 00       		.byte	0
 985 005d 00       		.byte	0
 986 005e 09       		.uleb128 0x9
 987 005f 0D       		.uleb128 0xd
 988 0060 00       		.byte	0
 989 0061 03       		.uleb128 0x3
 990 0062 0E       		.uleb128 0xe
 991 0063 3A       		.uleb128 0x3a
 992 0064 0B       		.uleb128 0xb
 993 0065 3B       		.uleb128 0x3b
 994 0066 0B       		.uleb128 0xb
 995 0067 49       		.uleb128 0x49
 996 0068 13       		.uleb128 0x13
 997 0069 38       		.uleb128 0x38
 998 006a 0B       		.uleb128 0xb
 999 006b 00       		.byte	0
 1000 006c 00       		.byte	0
 1001 006d 0A       		.uleb128 0xa
 1002 006e 2E       		.uleb128 0x2e
 1003 006f 01       		.byte	0x1
 1004 0070 03       		.uleb128 0x3
 1005 0071 0E       		.uleb128 0xe
 1006 0072 3A       		.uleb128 0x3a
 1007 0073 0B       		.uleb128 0xb
 1008 0074 3B       		.uleb128 0x3b
 1009 0075 0B       		.uleb128 0xb
 1010 0076 27       		.uleb128 0x27
 1011 0077 19       		.uleb128 0x19
 1012 0078 11       		.uleb128 0x11
 1013 0079 01       		.uleb128 0x1
 1014 007a 12       		.uleb128 0x12
 1015 007b 06       		.uleb128 0x6
 1016 007c 40       		.uleb128 0x40
 1017 007d 18       		.uleb128 0x18
 1018 007e 9742     		.uleb128 0x2117
 1019 0080 19       		.uleb128 0x19
 1020 0081 01       		.uleb128 0x1
 1021 0082 13       		.uleb128 0x13
 1022 0083 00       		.byte	0
 1023 0084 00       		.byte	0
 1024 0085 0B       		.uleb128 0xb
 1025 0086 05       		.uleb128 0x5
 1026 0087 00       		.byte	0
 1027 0088 03       		.uleb128 0x3
 1028 0089 0E       		.uleb128 0xe
 1029 008a 3A       		.uleb128 0x3a
 1030 008b 0B       		.uleb128 0xb
 1031 008c 3B       		.uleb128 0x3b
ARM GAS  C:\Users\jagumiel\AppData\Local\Temp\ccrsmRDQ.s 			page 26


 1032 008d 0B       		.uleb128 0xb
 1033 008e 49       		.uleb128 0x49
 1034 008f 13       		.uleb128 0x13
 1035 0090 02       		.uleb128 0x2
 1036 0091 18       		.uleb128 0x18
 1037 0092 00       		.byte	0
 1038 0093 00       		.byte	0
 1039 0094 0C       		.uleb128 0xc
 1040 0095 34       		.uleb128 0x34
 1041 0096 00       		.byte	0
 1042 0097 03       		.uleb128 0x3
 1043 0098 08       		.uleb128 0x8
 1044 0099 3A       		.uleb128 0x3a
 1045 009a 0B       		.uleb128 0xb
 1046 009b 3B       		.uleb128 0x3b
 1047 009c 0B       		.uleb128 0xb
 1048 009d 49       		.uleb128 0x49
 1049 009e 13       		.uleb128 0x13
 1050 009f 02       		.uleb128 0x2
 1051 00a0 17       		.uleb128 0x17
 1052 00a1 00       		.byte	0
 1053 00a2 00       		.byte	0
 1054 00a3 0D       		.uleb128 0xd
 1055 00a4 0B       		.uleb128 0xb
 1056 00a5 01       		.byte	0x1
 1057 00a6 11       		.uleb128 0x11
 1058 00a7 01       		.uleb128 0x1
 1059 00a8 12       		.uleb128 0x12
 1060 00a9 06       		.uleb128 0x6
 1061 00aa 00       		.byte	0
 1062 00ab 00       		.byte	0
 1063 00ac 0E       		.uleb128 0xe
 1064 00ad 34       		.uleb128 0x34
 1065 00ae 00       		.byte	0
 1066 00af 03       		.uleb128 0x3
 1067 00b0 0E       		.uleb128 0xe
 1068 00b1 3A       		.uleb128 0x3a
 1069 00b2 0B       		.uleb128 0xb
 1070 00b3 3B       		.uleb128 0x3b
 1071 00b4 0B       		.uleb128 0xb
 1072 00b5 49       		.uleb128 0x49
 1073 00b6 13       		.uleb128 0x13
 1074 00b7 02       		.uleb128 0x2
 1075 00b8 17       		.uleb128 0x17
 1076 00b9 00       		.byte	0
 1077 00ba 00       		.byte	0
 1078 00bb 0F       		.uleb128 0xf
 1079 00bc 0F       		.uleb128 0xf
 1080 00bd 00       		.byte	0
 1081 00be 0B       		.uleb128 0xb
 1082 00bf 0B       		.uleb128 0xb
 1083 00c0 49       		.uleb128 0x49
 1084 00c1 13       		.uleb128 0x13
 1085 00c2 00       		.byte	0
 1086 00c3 00       		.byte	0
 1087 00c4 10       		.uleb128 0x10
 1088 00c5 26       		.uleb128 0x26
ARM GAS  C:\Users\jagumiel\AppData\Local\Temp\ccrsmRDQ.s 			page 27


 1089 00c6 00       		.byte	0
 1090 00c7 49       		.uleb128 0x49
 1091 00c8 13       		.uleb128 0x13
 1092 00c9 00       		.byte	0
 1093 00ca 00       		.byte	0
 1094 00cb 11       		.uleb128 0x11
 1095 00cc 05       		.uleb128 0x5
 1096 00cd 00       		.byte	0
 1097 00ce 03       		.uleb128 0x3
 1098 00cf 08       		.uleb128 0x8
 1099 00d0 3A       		.uleb128 0x3a
 1100 00d1 0B       		.uleb128 0xb
 1101 00d2 3B       		.uleb128 0x3b
 1102 00d3 0B       		.uleb128 0xb
 1103 00d4 49       		.uleb128 0x49
 1104 00d5 13       		.uleb128 0x13
 1105 00d6 02       		.uleb128 0x2
 1106 00d7 17       		.uleb128 0x17
 1107 00d8 00       		.byte	0
 1108 00d9 00       		.byte	0
 1109 00da 12       		.uleb128 0x12
 1110 00db 898201   		.uleb128 0x4109
 1111 00de 01       		.byte	0x1
 1112 00df 11       		.uleb128 0x11
 1113 00e0 01       		.uleb128 0x1
 1114 00e1 31       		.uleb128 0x31
 1115 00e2 13       		.uleb128 0x13
 1116 00e3 00       		.byte	0
 1117 00e4 00       		.byte	0
 1118 00e5 13       		.uleb128 0x13
 1119 00e6 8A8201   		.uleb128 0x410a
 1120 00e9 00       		.byte	0
 1121 00ea 02       		.uleb128 0x2
 1122 00eb 18       		.uleb128 0x18
 1123 00ec 9142     		.uleb128 0x2111
 1124 00ee 18       		.uleb128 0x18
 1125 00ef 00       		.byte	0
 1126 00f0 00       		.byte	0
 1127 00f1 14       		.uleb128 0x14
 1128 00f2 898201   		.uleb128 0x4109
 1129 00f5 01       		.byte	0x1
 1130 00f6 11       		.uleb128 0x11
 1131 00f7 01       		.uleb128 0x1
 1132 00f8 31       		.uleb128 0x31
 1133 00f9 13       		.uleb128 0x13
 1134 00fa 01       		.uleb128 0x1
 1135 00fb 13       		.uleb128 0x13
 1136 00fc 00       		.byte	0
 1137 00fd 00       		.byte	0
 1138 00fe 15       		.uleb128 0x15
 1139 00ff 2E       		.uleb128 0x2e
 1140 0100 01       		.byte	0x1
 1141 0101 3F       		.uleb128 0x3f
 1142 0102 19       		.uleb128 0x19
 1143 0103 03       		.uleb128 0x3
 1144 0104 0E       		.uleb128 0xe
 1145 0105 3A       		.uleb128 0x3a
ARM GAS  C:\Users\jagumiel\AppData\Local\Temp\ccrsmRDQ.s 			page 28


 1146 0106 0B       		.uleb128 0xb
 1147 0107 3B       		.uleb128 0x3b
 1148 0108 05       		.uleb128 0x5
 1149 0109 27       		.uleb128 0x27
 1150 010a 19       		.uleb128 0x19
 1151 010b 11       		.uleb128 0x11
 1152 010c 01       		.uleb128 0x1
 1153 010d 12       		.uleb128 0x12
 1154 010e 06       		.uleb128 0x6
 1155 010f 40       		.uleb128 0x40
 1156 0110 18       		.uleb128 0x18
 1157 0111 9742     		.uleb128 0x2117
 1158 0113 19       		.uleb128 0x19
 1159 0114 01       		.uleb128 0x1
 1160 0115 13       		.uleb128 0x13
 1161 0116 00       		.byte	0
 1162 0117 00       		.byte	0
 1163 0118 16       		.uleb128 0x16
 1164 0119 0B       		.uleb128 0xb
 1165 011a 01       		.byte	0x1
 1166 011b 11       		.uleb128 0x11
 1167 011c 01       		.uleb128 0x1
 1168 011d 12       		.uleb128 0x12
 1169 011e 06       		.uleb128 0x6
 1170 011f 01       		.uleb128 0x1
 1171 0120 13       		.uleb128 0x13
 1172 0121 00       		.byte	0
 1173 0122 00       		.byte	0
 1174 0123 17       		.uleb128 0x17
 1175 0124 34       		.uleb128 0x34
 1176 0125 00       		.byte	0
 1177 0126 03       		.uleb128 0x3
 1178 0127 0E       		.uleb128 0xe
 1179 0128 3A       		.uleb128 0x3a
 1180 0129 0B       		.uleb128 0xb
 1181 012a 3B       		.uleb128 0x3b
 1182 012b 05       		.uleb128 0x5
 1183 012c 49       		.uleb128 0x49
 1184 012d 13       		.uleb128 0x13
 1185 012e 02       		.uleb128 0x2
 1186 012f 18       		.uleb128 0x18
 1187 0130 00       		.byte	0
 1188 0131 00       		.byte	0
 1189 0132 18       		.uleb128 0x18
 1190 0133 13       		.uleb128 0x13
 1191 0134 01       		.byte	0x1
 1192 0135 0B       		.uleb128 0xb
 1193 0136 0B       		.uleb128 0xb
 1194 0137 3A       		.uleb128 0x3a
 1195 0138 0B       		.uleb128 0xb
 1196 0139 3B       		.uleb128 0x3b
 1197 013a 05       		.uleb128 0x5
 1198 013b 01       		.uleb128 0x1
 1199 013c 13       		.uleb128 0x13
 1200 013d 00       		.byte	0
 1201 013e 00       		.byte	0
 1202 013f 19       		.uleb128 0x19
ARM GAS  C:\Users\jagumiel\AppData\Local\Temp\ccrsmRDQ.s 			page 29


 1203 0140 0D       		.uleb128 0xd
 1204 0141 00       		.byte	0
 1205 0142 03       		.uleb128 0x3
 1206 0143 0E       		.uleb128 0xe
 1207 0144 3A       		.uleb128 0x3a
 1208 0145 0B       		.uleb128 0xb
 1209 0146 3B       		.uleb128 0x3b
 1210 0147 05       		.uleb128 0x5
 1211 0148 49       		.uleb128 0x49
 1212 0149 13       		.uleb128 0x13
 1213 014a 38       		.uleb128 0x38
 1214 014b 0B       		.uleb128 0xb
 1215 014c 00       		.byte	0
 1216 014d 00       		.byte	0
 1217 014e 1A       		.uleb128 0x1a
 1218 014f 01       		.uleb128 0x1
 1219 0150 01       		.byte	0x1
 1220 0151 49       		.uleb128 0x49
 1221 0152 13       		.uleb128 0x13
 1222 0153 01       		.uleb128 0x1
 1223 0154 13       		.uleb128 0x13
 1224 0155 00       		.byte	0
 1225 0156 00       		.byte	0
 1226 0157 1B       		.uleb128 0x1b
 1227 0158 21       		.uleb128 0x21
 1228 0159 00       		.byte	0
 1229 015a 49       		.uleb128 0x49
 1230 015b 13       		.uleb128 0x13
 1231 015c 2F       		.uleb128 0x2f
 1232 015d 0B       		.uleb128 0xb
 1233 015e 00       		.byte	0
 1234 015f 00       		.byte	0
 1235 0160 1C       		.uleb128 0x1c
 1236 0161 34       		.uleb128 0x34
 1237 0162 00       		.byte	0
 1238 0163 03       		.uleb128 0x3
 1239 0164 08       		.uleb128 0x8
 1240 0165 3A       		.uleb128 0x3a
 1241 0166 0B       		.uleb128 0xb
 1242 0167 3B       		.uleb128 0x3b
 1243 0168 05       		.uleb128 0x5
 1244 0169 49       		.uleb128 0x49
 1245 016a 13       		.uleb128 0x13
 1246 016b 02       		.uleb128 0x2
 1247 016c 17       		.uleb128 0x17
 1248 016d 00       		.byte	0
 1249 016e 00       		.byte	0
 1250 016f 1D       		.uleb128 0x1d
 1251 0170 898201   		.uleb128 0x4109
 1252 0173 00       		.byte	0
 1253 0174 11       		.uleb128 0x11
 1254 0175 01       		.uleb128 0x1
 1255 0176 31       		.uleb128 0x31
 1256 0177 13       		.uleb128 0x13
 1257 0178 00       		.byte	0
 1258 0179 00       		.byte	0
 1259 017a 1E       		.uleb128 0x1e
ARM GAS  C:\Users\jagumiel\AppData\Local\Temp\ccrsmRDQ.s 			page 30


 1260 017b 2E       		.uleb128 0x2e
 1261 017c 00       		.byte	0
 1262 017d 3F       		.uleb128 0x3f
 1263 017e 19       		.uleb128 0x19
 1264 017f 3C       		.uleb128 0x3c
 1265 0180 19       		.uleb128 0x19
 1266 0181 6E       		.uleb128 0x6e
 1267 0182 0E       		.uleb128 0xe
 1268 0183 03       		.uleb128 0x3
 1269 0184 0E       		.uleb128 0xe
 1270 0185 00       		.byte	0
 1271 0186 00       		.byte	0
 1272 0187 1F       		.uleb128 0x1f
 1273 0188 2E       		.uleb128 0x2e
 1274 0189 00       		.byte	0
 1275 018a 3F       		.uleb128 0x3f
 1276 018b 19       		.uleb128 0x19
 1277 018c 3C       		.uleb128 0x3c
 1278 018d 19       		.uleb128 0x19
 1279 018e 6E       		.uleb128 0x6e
 1280 018f 0E       		.uleb128 0xe
 1281 0190 03       		.uleb128 0x3
 1282 0191 0E       		.uleb128 0xe
 1283 0192 3A       		.uleb128 0x3a
 1284 0193 0B       		.uleb128 0xb
 1285 0194 3B       		.uleb128 0x3b
 1286 0195 0B       		.uleb128 0xb
 1287 0196 00       		.byte	0
 1288 0197 00       		.byte	0
 1289 0198 00       		.byte	0
 1290              		.section	.debug_loc,"",%progbits
 1291              	.Ldebug_loc0:
 1292              	.LLST0:
 1293 0000 02000000 		.4byte	.LVL1
 1294 0004 08000000 		.4byte	.LVL2
 1295 0008 0200     		.2byte	0x2
 1296 000a 30       		.byte	0x30
 1297 000b 9F       		.byte	0x9f
 1298 000c 08000000 		.4byte	.LVL2
 1299 0010 30000000 		.4byte	.LVL11
 1300 0014 0100     		.2byte	0x1
 1301 0016 57       		.byte	0x57
 1302 0017 00000000 		.4byte	0
 1303 001b 00000000 		.4byte	0
 1304              	.LLST1:
 1305 001f 02000000 		.4byte	.LVL1
 1306 0023 08000000 		.4byte	.LVL2
 1307 0027 0200     		.2byte	0x2
 1308 0029 30       		.byte	0x30
 1309 002a 9F       		.byte	0x9f
 1310 002b 08000000 		.4byte	.LVL2
 1311 002f 30000000 		.4byte	.LVL10
 1312 0033 0100     		.2byte	0x1
 1313 0035 55       		.byte	0x55
 1314 0036 00000000 		.4byte	0
 1315 003a 00000000 		.4byte	0
 1316              	.LLST2:
ARM GAS  C:\Users\jagumiel\AppData\Local\Temp\ccrsmRDQ.s 			page 31


 1317 003e 0C000000 		.4byte	.LVL3
 1318 0042 2C000000 		.4byte	.LVL9
 1319 0046 0100     		.2byte	0x1
 1320 0048 56       		.byte	0x56
 1321 0049 00000000 		.4byte	0
 1322 004d 00000000 		.4byte	0
 1323              	.LLST3:
 1324 0051 0E000000 		.4byte	.LVL4
 1325 0055 24000000 		.4byte	.LVL7
 1326 0059 0100     		.2byte	0x1
 1327 005b 53       		.byte	0x53
 1328 005c 26000000 		.4byte	.LVL8
 1329 0060 2C000000 		.4byte	.LVL9
 1330 0064 0100     		.2byte	0x1
 1331 0066 53       		.byte	0x53
 1332 0067 00000000 		.4byte	0
 1333 006b 00000000 		.4byte	0
 1334              	.LLST4:
 1335 006f 00000000 		.4byte	.LVL12
 1336 0073 09000000 		.4byte	.LVL14-1
 1337 0077 0100     		.2byte	0x1
 1338 0079 50       		.byte	0x50
 1339 007a 09000000 		.4byte	.LVL14-1
 1340 007e 0C000000 		.4byte	.LFE0
 1341 0082 0400     		.2byte	0x4
 1342 0084 F3       		.byte	0xf3
 1343 0085 01       		.uleb128 0x1
 1344 0086 50       		.byte	0x50
 1345 0087 9F       		.byte	0x9f
 1346 0088 00000000 		.4byte	0
 1347 008c 00000000 		.4byte	0
 1348              	.LLST5:
 1349 0090 00000000 		.4byte	.LVL12
 1350 0094 06000000 		.4byte	.LVL13
 1351 0098 0100     		.2byte	0x1
 1352 009a 51       		.byte	0x51
 1353 009b 06000000 		.4byte	.LVL13
 1354 009f 09000000 		.4byte	.LVL14-1
 1355 00a3 0100     		.2byte	0x1
 1356 00a5 52       		.byte	0x52
 1357 00a6 09000000 		.4byte	.LVL14-1
 1358 00aa 0C000000 		.4byte	.LFE0
 1359 00ae 0400     		.2byte	0x4
 1360 00b0 F3       		.byte	0xf3
 1361 00b1 01       		.uleb128 0x1
 1362 00b2 51       		.byte	0x51
 1363 00b3 9F       		.byte	0x9f
 1364 00b4 00000000 		.4byte	0
 1365 00b8 00000000 		.4byte	0
 1366              	.LLST6:
 1367 00bc 7C000000 		.4byte	.LVL18
 1368 00c0 80000000 		.4byte	.LVL19
 1369 00c4 0200     		.2byte	0x2
 1370 00c6 30       		.byte	0x30
 1371 00c7 9F       		.byte	0x9f
 1372 00c8 80000000 		.4byte	.LVL19
 1373 00cc 9E000000 		.4byte	.LVL21
ARM GAS  C:\Users\jagumiel\AppData\Local\Temp\ccrsmRDQ.s 			page 32


 1374 00d0 0100     		.2byte	0x1
 1375 00d2 54       		.byte	0x54
 1376 00d3 A0000000 		.4byte	.LVL22
 1377 00d7 22010000 		.4byte	.LVL25
 1378 00db 0100     		.2byte	0x1
 1379 00dd 54       		.byte	0x54
 1380 00de 00000000 		.4byte	0
 1381 00e2 00000000 		.4byte	0
 1382              	.LLST7:
 1383 00e6 80000000 		.4byte	.LVL19
 1384 00ea 9E000000 		.4byte	.LVL21
 1385 00ee 0B00     		.2byte	0xb
 1386 00f0 74       		.byte	0x74
 1387 00f1 00       		.sleb128 0
 1388 00f2 36       		.byte	0x36
 1389 00f3 1E       		.byte	0x1e
 1390 00f4 03       		.byte	0x3
 1391 00f5 00000000 		.4byte	cfg_memset_list.4870
 1392 00f9 22       		.byte	0x22
 1393 00fa 9F       		.byte	0x9f
 1394 00fb 9E000000 		.4byte	.LVL21
 1395 00ff A0000000 		.4byte	.LVL22
 1396 0103 0B00     		.2byte	0xb
 1397 0105 74       		.byte	0x74
 1398 0106 7F       		.sleb128 -1
 1399 0107 36       		.byte	0x36
 1400 0108 1E       		.byte	0x1e
 1401 0109 03       		.byte	0x3
 1402 010a 00000000 		.4byte	cfg_memset_list.4870
 1403 010e 22       		.byte	0x22
 1404 010f 9F       		.byte	0x9f
 1405 0110 00000000 		.4byte	0
 1406 0114 00000000 		.4byte	0
 1407              		.section	.debug_aranges,"",%progbits
 1408 0000 34000000 		.4byte	0x34
 1409 0004 0200     		.2byte	0x2
 1410 0006 00000000 		.4byte	.Ldebug_info0
 1411 000a 04       		.byte	0x4
 1412 000b 00       		.byte	0
 1413 000c 0000     		.2byte	0
 1414 000e 0000     		.2byte	0
 1415 0010 00000000 		.4byte	.LFB3
 1416 0014 32000000 		.4byte	.LFE3-.LFB3
 1417 0018 00000000 		.4byte	.LFB0
 1418 001c 0C000000 		.4byte	.LFE0-.LFB0
 1419 0020 00000000 		.4byte	.LFB4
 1420 0024 78000000 		.4byte	.LFE4-.LFB4
 1421 0028 78000000 		.4byte	.LFB6
 1422 002c F0000000 		.4byte	.LFE6-.LFB6
 1423 0030 00000000 		.4byte	0
 1424 0034 00000000 		.4byte	0
 1425              		.section	.debug_ranges,"",%progbits
 1426              	.Ldebug_ranges0:
 1427 0000 00000000 		.4byte	.LFB3
 1428 0004 32000000 		.4byte	.LFE3
 1429 0008 00000000 		.4byte	.LFB0
 1430 000c 0C000000 		.4byte	.LFE0
ARM GAS  C:\Users\jagumiel\AppData\Local\Temp\ccrsmRDQ.s 			page 33


 1431 0010 00000000 		.4byte	.LFB4
 1432 0014 78000000 		.4byte	.LFE4
 1433 0018 78000000 		.4byte	.LFB6
 1434 001c 68010000 		.4byte	.LFE6
 1435 0020 00000000 		.4byte	0
 1436 0024 00000000 		.4byte	0
 1437              		.section	.debug_line,"",%progbits
 1438              	.Ldebug_line0:
 1439 0000 5E010000 		.section	.debug_str,"MS",%progbits,1
 1439      0200D600 
 1439      00000201 
 1439      FB0E0D00 
 1439      01010101 
 1440              	.LASF19:
 1441 0000 72656733 		.ascii	"reg32\000"
 1441      3200
 1442              	.LASF12:
 1443 0006 73697A65 		.ascii	"size_t\000"
 1443      5F7400
 1444              	.LASF37:
 1445 000d 4379496E 		.ascii	"CyIntSetVector\000"
 1445      74536574 
 1445      56656374 
 1445      6F7200
 1446              	.LASF21:
 1447 001c 76616C75 		.ascii	"value\000"
 1447      6500
 1448              	.LASF26:
 1449 0022 636F756E 		.ascii	"count\000"
 1449      7400
 1450              	.LASF29:
 1451 0028 436C6F63 		.ascii	"ClockSetup\000"
 1451      6B536574 
 1451      757000
 1452              	.LASF30:
 1453 0033 63795F63 		.ascii	"cy_cfg_addr_table\000"
 1453      66675F61 
 1453      6464725F 
 1453      7461626C 
 1453      6500
 1454              	.LASF31:
 1455 0045 63795F63 		.ascii	"cy_cfg_data_table\000"
 1455      66675F64 
 1455      6174615F 
 1455      7461626C 
 1455      6500
 1456              	.LASF16:
 1457 0057 666C6F61 		.ascii	"float\000"
 1457      7400
 1458              	.LASF35:
 1459 005d 6366675F 		.ascii	"cfg_memset_list\000"
 1459      6D656D73 
 1459      65745F6C 
 1459      69737400 
 1460              	.LASF33:
 1461 006d 73697A65 		.ascii	"size\000"
 1461      00
ARM GAS  C:\Users\jagumiel\AppData\Local\Temp\ccrsmRDQ.s 			page 34


 1462              	.LASF18:
 1463 0072 72656738 		.ascii	"reg8\000"
 1463      00
 1464              	.LASF8:
 1465 0077 6C6F6E67 		.ascii	"long unsigned int\000"
 1465      20756E73 
 1465      69676E65 
 1465      6420696E 
 1465      7400
 1466              	.LASF13:
 1467 0089 75696E74 		.ascii	"uint8\000"
 1467      3800
 1468              	.LASF28:
 1469 008f 43594D45 		.ascii	"CYMEMZERO\000"
 1469      4D5A4552 
 1469      4F00
 1470              	.LASF4:
 1471 0099 756E7369 		.ascii	"unsigned char\000"
 1471      676E6564 
 1471      20636861 
 1471      7200
 1472              	.LASF43:
 1473 00a7 6D656D73 		.ascii	"memset\000"
 1473      657400
 1474              	.LASF17:
 1475 00ae 646F7562 		.ascii	"double\000"
 1475      6C6500
 1476              	.LASF27:
 1477 00b5 6366675F 		.ascii	"cfg_write_bytes32\000"
 1477      77726974 
 1477      655F6279 
 1477      74657333 
 1477      3200
 1478              	.LASF38:
 1479 00c7 4379496E 		.ascii	"CyIntEnable\000"
 1479      74456E61 
 1479      626C6500 
 1480              	.LASF23:
 1481 00d3 61646472 		.ascii	"addr_table\000"
 1481      5F746162 
 1481      6C6500
 1482              	.LASF14:
 1483 00de 75696E74 		.ascii	"uint16\000"
 1483      313600
 1484              	.LASF24:
 1485 00e5 64617461 		.ascii	"data_table\000"
 1485      5F746162 
 1485      6C6500
 1486              	.LASF15:
 1487 00f0 75696E74 		.ascii	"uint32\000"
 1487      333200
 1488              	.LASF0:
 1489 00f7 756E7369 		.ascii	"unsigned int\000"
 1489      676E6564 
 1489      20696E74 
 1489      00
 1490              	.LASF42:
ARM GAS  C:\Users\jagumiel\AppData\Local\Temp\ccrsmRDQ.s 			page 35


 1491 0104 63796669 		.ascii	"cyfitter_cfg\000"
 1491      74746572 
 1491      5F636667 
 1491      00
 1492              	.LASF32:
 1493 0111 61646472 		.ascii	"address\000"
 1493      65737300 
 1494              	.LASF9:
 1495 0119 6C6F6E67 		.ascii	"long long unsigned int\000"
 1495      206C6F6E 
 1495      6720756E 
 1495      7369676E 
 1495      65642069 
 1496              	.LASF39:
 1497 0130 474E5520 		.ascii	"GNU C11 5.4.1 20160609 (release) [ARM/embedded-5-br"
 1497      43313120 
 1497      352E342E 
 1497      31203230 
 1497      31363036 
 1498 0163 616E6368 		.ascii	"anch revision 237715] -mcpu=cortex-m0 -mthumb -g -O"
 1498      20726576 
 1498      6973696F 
 1498      6E203233 
 1498      37373135 
 1499 0196 67202D66 		.ascii	"g -ffunction-sections -ffat-lto-objects\000"
 1499      66756E63 
 1499      74696F6E 
 1499      2D736563 
 1499      74696F6E 
 1500              	.LASF34:
 1501 01be 6366675F 		.ascii	"cfg_memset_t\000"
 1501      6D656D73 
 1501      65745F74 
 1501      00
 1502              	.LASF25:
 1503 01cb 62617365 		.ascii	"baseAddr\000"
 1503      41646472 
 1503      00
 1504              	.LASF10:
 1505 01d4 73697A65 		.ascii	"sizetype\000"
 1505      74797065 
 1505      00
 1506              	.LASF6:
 1507 01dd 73686F72 		.ascii	"short unsigned int\000"
 1507      7420756E 
 1507      7369676E 
 1507      65642069 
 1507      6E7400
 1508              	.LASF1:
 1509 01f0 6C6F6E67 		.ascii	"long long int\000"
 1509      206C6F6E 
 1509      6720696E 
 1509      7400
 1510              	.LASF11:
 1511 01fe 63686172 		.ascii	"char\000"
 1511      00
 1512              	.LASF41:
ARM GAS  C:\Users\jagumiel\AppData\Local\Temp\ccrsmRDQ.s 			page 36


 1513 0203 443A5C55 		.ascii	"D:\\Users\\jagumiel\\Documents\\PSoC Creator\\PSoC-"
 1513      73657273 
 1513      5C6A6167 
 1513      756D6965 
 1513      6C5C446F 
 1514 0231 3130315C 		.ascii	"101\\PSoC-101\\Lesson8.cydsn\000"
 1514      50536F43 
 1514      2D313031 
 1514      5C4C6573 
 1514      736F6E38 
 1515              	.LASF22:
 1516 024c 63795F63 		.ascii	"cy_cfg_addrvalue_t\000"
 1516      66675F61 
 1516      64647276 
 1516      616C7565 
 1516      5F7400
 1517              	.LASF20:
 1518 025f 6F666673 		.ascii	"offset\000"
 1518      657400
 1519              	.LASF5:
 1520 0266 73686F72 		.ascii	"short int\000"
 1520      7420696E 
 1520      7400
 1521              	.LASF36:
 1522 0270 43795379 		.ascii	"CySysClkWriteImoFreq\000"
 1522      73436C6B 
 1522      57726974 
 1522      65496D6F 
 1522      46726571 
 1523              	.LASF7:
 1524 0285 6C6F6E67 		.ascii	"long int\000"
 1524      20696E74 
 1524      00
 1525              	.LASF2:
 1526 028e 6C6F6E67 		.ascii	"long double\000"
 1526      20646F75 
 1526      626C6500 
 1527              	.LASF3:
 1528 029a 7369676E 		.ascii	"signed char\000"
 1528      65642063 
 1528      68617200 
 1529              	.LASF40:
 1530 02a6 47656E65 		.ascii	"Generated_Source\\PSoC4\\cyfitter_cfg.c\000"
 1530      72617465 
 1530      645F536F 
 1530      75726365 
 1530      5C50536F 
 1531              		.ident	"GCC: (GNU Tools for ARM Embedded Processors) 5.4.1 20160609 (release) [ARM/embedded-5-bran
