ARM GAS  C:\Users\jagumiel\AppData\Local\Temp\ccAQgKWm.s 			page 1


   1              		.syntax unified
   2              		.cpu cortex-m0
   3              		.fpu softvfp
   4              		.eabi_attribute 20, 1
   5              		.eabi_attribute 21, 1
   6              		.eabi_attribute 23, 3
   7              		.eabi_attribute 24, 1
   8              		.eabi_attribute 25, 1
   9              		.eabi_attribute 26, 1
  10              		.eabi_attribute 30, 1
  11              		.eabi_attribute 34, 0
  12              		.eabi_attribute 18, 4
  13              		.thumb
  14              		.syntax unified
  15              		.file	"main.c"
  16              		.text
  17              	.Ltext0:
  18              		.cfi_sections	.debug_frame
  19              		.section	.text.main,"ax",%progbits
  20              		.align	2
  21              		.global	main
  22              		.code	16
  23              		.thumb_func
  24              		.type	main, %function
  25              	main:
  26              	.LFB32:
  27              		.file 1 "main.c"
   1:main.c        **** /* ========================================
   2:main.c        ****  *
   3:main.c        ****  * In this lesson there is a counter.
   4:main.c        ****  * It counts down from 2 to 0. So to make
   5:main.c        ****  * the led change it is needed to push the
   6:main.c        ****  * switch 3 times.
   7:main.c        ****  *
   8:main.c        ****  * ========================================
   9:main.c        **** */
  10:main.c        **** #include "project.h"
  11:main.c        **** 
  12:main.c        **** int main(void)
  13:main.c        **** {
  28              		.loc 1 13 0
  29              		.cfi_startproc
  30              		@ args = 0, pretend = 0, frame = 0
  31              		@ frame_needed = 0, uses_anonymous_args = 0
  32 0000 10B5     		push	{r4, lr}
  33              		.cfi_def_cfa_offset 8
  34              		.cfi_offset 4, -8
  35              		.cfi_offset 14, -4
  14:main.c        ****     CyGlobalIntEnable; /* Enable global interrupts. */
  36              		.loc 1 14 0
  37              		.syntax divided
  38              	@ 14 "main.c" 1
  39 0002 62B6     		CPSIE   i
  40              	@ 0 "" 2
  15:main.c        ****     
  16:main.c        ****     PWM_Start();
  41              		.loc 1 16 0
ARM GAS  C:\Users\jagumiel\AppData\Local\Temp\ccAQgKWm.s 			page 2


  42              		.thumb
  43              		.syntax unified
  44 0004 FFF7FEFF 		bl	PWM_Start
  45              	.LVL0:
  17:main.c        ****     int i=0;
  46              		.loc 1 17 0
  47 0008 0024     		movs	r4, #0
  48 000a 00E0     		b	.L2
  49              	.LVL1:
  50              	.L5:
  18:main.c        **** 
  19:main.c        ****     for(;;)
  20:main.c        ****     {
  21:main.c        ****         PWM_WriteCompare(i);
  22:main.c        ****         CyDelay(50);
  23:main.c        ****         i=i+50;
  24:main.c        ****         if(i==9500)
  25:main.c        ****             i=0;
  51              		.loc 1 25 0
  52 000c 0024     		movs	r4, #0
  53              	.LVL2:
  54              	.L2:
  21:main.c        ****         CyDelay(50);
  55              		.loc 1 21 0
  56 000e 2000     		movs	r0, r4
  57 0010 FFF7FEFF 		bl	PWM_WriteCompare
  58              	.LVL3:
  22:main.c        ****         i=i+50;
  59              		.loc 1 22 0
  60 0014 3220     		movs	r0, #50
  61 0016 FFF7FEFF 		bl	CyDelay
  62              	.LVL4:
  23:main.c        ****         if(i==9500)
  63              		.loc 1 23 0
  64 001a 3234     		adds	r4, r4, #50
  65              	.LVL5:
  24:main.c        ****             i=0;
  66              		.loc 1 24 0
  67 001c 014B     		ldr	r3, .L6
  68 001e 9C42     		cmp	r4, r3
  69 0020 F5D1     		bne	.L2
  70 0022 F3E7     		b	.L5
  71              	.L7:
  72              		.align	2
  73              	.L6:
  74 0024 1C250000 		.word	9500
  75              		.cfi_endproc
  76              	.LFE32:
  77              		.size	main, .-main
  78              		.text
  79              	.Letext0:
  80              		.file 2 "Generated_Source\\PSoC4/PWM.h"
  81              		.file 3 "Generated_Source\\PSoC4/CyLib.h"
  82              		.section	.debug_info,"",%progbits
  83              	.Ldebug_info0:
  84 0000 02010000 		.4byte	0x102
  85 0004 0400     		.2byte	0x4
ARM GAS  C:\Users\jagumiel\AppData\Local\Temp\ccAQgKWm.s 			page 3


  86 0006 00000000 		.4byte	.Ldebug_abbrev0
  87 000a 04       		.byte	0x4
  88 000b 01       		.uleb128 0x1
  89 000c 8B000000 		.4byte	.LASF17
  90 0010 0C       		.byte	0xc
  91 0011 1B000000 		.4byte	.LASF18
  92 0015 68010000 		.4byte	.LASF19
  93 0019 00000000 		.4byte	.Ldebug_ranges0+0
  94 001d 00000000 		.4byte	0
  95 0021 00000000 		.4byte	.Ldebug_line0
  96 0025 02       		.uleb128 0x2
  97 0026 01       		.byte	0x1
  98 0027 06       		.byte	0x6
  99 0028 2C010000 		.4byte	.LASF0
 100 002c 02       		.uleb128 0x2
 101 002d 01       		.byte	0x1
 102 002e 08       		.byte	0x8
 103 002f 68000000 		.4byte	.LASF1
 104 0033 02       		.uleb128 0x2
 105 0034 02       		.byte	0x2
 106 0035 05       		.byte	0x5
 107 0036 4D010000 		.4byte	.LASF2
 108 003a 02       		.uleb128 0x2
 109 003b 02       		.byte	0x2
 110 003c 07       		.byte	0x7
 111 003d 19010000 		.4byte	.LASF3
 112 0041 02       		.uleb128 0x2
 113 0042 04       		.byte	0x4
 114 0043 05       		.byte	0x5
 115 0044 7B000000 		.4byte	.LASF4
 116 0048 02       		.uleb128 0x2
 117 0049 04       		.byte	0x4
 118 004a 07       		.byte	0x7
 119 004b 2F000000 		.4byte	.LASF5
 120 004f 02       		.uleb128 0x2
 121 0050 08       		.byte	0x8
 122 0051 05       		.byte	0x5
 123 0052 00000000 		.4byte	.LASF6
 124 0056 02       		.uleb128 0x2
 125 0057 08       		.byte	0x8
 126 0058 07       		.byte	0x7
 127 0059 41000000 		.4byte	.LASF7
 128 005d 03       		.uleb128 0x3
 129 005e 04       		.byte	0x4
 130 005f 05       		.byte	0x5
 131 0060 696E7400 		.ascii	"int\000"
 132 0064 02       		.uleb128 0x2
 133 0065 04       		.byte	0x4
 134 0066 07       		.byte	0x7
 135 0067 0E000000 		.4byte	.LASF8
 136 006b 02       		.uleb128 0x2
 137 006c 04       		.byte	0x4
 138 006d 04       		.byte	0x4
 139 006e 58000000 		.4byte	.LASF9
 140 0072 02       		.uleb128 0x2
 141 0073 08       		.byte	0x8
 142 0074 04       		.byte	0x4
ARM GAS  C:\Users\jagumiel\AppData\Local\Temp\ccAQgKWm.s 			page 4


 143 0075 84000000 		.4byte	.LASF10
 144 0079 02       		.uleb128 0x2
 145 007a 01       		.byte	0x1
 146 007b 08       		.byte	0x8
 147 007c 76000000 		.4byte	.LASF11
 148 0080 02       		.uleb128 0x2
 149 0081 08       		.byte	0x8
 150 0082 04       		.byte	0x4
 151 0083 38010000 		.4byte	.LASF12
 152 0087 02       		.uleb128 0x2
 153 0088 04       		.byte	0x4
 154 0089 07       		.byte	0x7
 155 008a 44010000 		.4byte	.LASF13
 156 008e 04       		.uleb128 0x4
 157 008f 22000000 		.4byte	.LASF20
 158 0093 01       		.byte	0x1
 159 0094 0C       		.byte	0xc
 160 0095 5D000000 		.4byte	0x5d
 161 0099 00000000 		.4byte	.LFB32
 162 009d 28000000 		.4byte	.LFE32-.LFB32
 163 00a1 01       		.uleb128 0x1
 164 00a2 9C       		.byte	0x9c
 165 00a3 E2000000 		.4byte	0xe2
 166 00a7 05       		.uleb128 0x5
 167 00a8 6900     		.ascii	"i\000"
 168 00aa 01       		.byte	0x1
 169 00ab 11       		.byte	0x11
 170 00ac 5D000000 		.4byte	0x5d
 171 00b0 00000000 		.4byte	.LLST0
 172 00b4 06       		.uleb128 0x6
 173 00b5 08000000 		.4byte	.LVL0
 174 00b9 E2000000 		.4byte	0xe2
 175 00bd 07       		.uleb128 0x7
 176 00be 14000000 		.4byte	.LVL3
 177 00c2 EE000000 		.4byte	0xee
 178 00c6 D1000000 		.4byte	0xd1
 179 00ca 08       		.uleb128 0x8
 180 00cb 01       		.uleb128 0x1
 181 00cc 50       		.byte	0x50
 182 00cd 02       		.uleb128 0x2
 183 00ce 74       		.byte	0x74
 184 00cf 00       		.sleb128 0
 185 00d0 00       		.byte	0
 186 00d1 09       		.uleb128 0x9
 187 00d2 1A000000 		.4byte	.LVL4
 188 00d6 FA000000 		.4byte	0xfa
 189 00da 08       		.uleb128 0x8
 190 00db 01       		.uleb128 0x1
 191 00dc 50       		.byte	0x50
 192 00dd 02       		.uleb128 0x2
 193 00de 08       		.byte	0x8
 194 00df 32       		.byte	0x32
 195 00e0 00       		.byte	0
 196 00e1 00       		.byte	0
 197 00e2 0A       		.uleb128 0xa
 198 00e3 5E000000 		.4byte	.LASF14
 199 00e7 5E000000 		.4byte	.LASF14
ARM GAS  C:\Users\jagumiel\AppData\Local\Temp\ccAQgKWm.s 			page 5


 200 00eb 02       		.byte	0x2
 201 00ec 3201     		.2byte	0x132
 202 00ee 0A       		.uleb128 0xa
 203 00ef 57010000 		.4byte	.LASF15
 204 00f3 57010000 		.4byte	.LASF15
 205 00f7 02       		.byte	0x2
 206 00f8 5501     		.2byte	0x155
 207 00fa 0B       		.uleb128 0xb
 208 00fb 27000000 		.4byte	.LASF16
 209 00ff 27000000 		.4byte	.LASF16
 210 0103 03       		.byte	0x3
 211 0104 D9       		.byte	0xd9
 212 0105 00       		.byte	0
 213              		.section	.debug_abbrev,"",%progbits
 214              	.Ldebug_abbrev0:
 215 0000 01       		.uleb128 0x1
 216 0001 11       		.uleb128 0x11
 217 0002 01       		.byte	0x1
 218 0003 25       		.uleb128 0x25
 219 0004 0E       		.uleb128 0xe
 220 0005 13       		.uleb128 0x13
 221 0006 0B       		.uleb128 0xb
 222 0007 03       		.uleb128 0x3
 223 0008 0E       		.uleb128 0xe
 224 0009 1B       		.uleb128 0x1b
 225 000a 0E       		.uleb128 0xe
 226 000b 55       		.uleb128 0x55
 227 000c 17       		.uleb128 0x17
 228 000d 11       		.uleb128 0x11
 229 000e 01       		.uleb128 0x1
 230 000f 10       		.uleb128 0x10
 231 0010 17       		.uleb128 0x17
 232 0011 00       		.byte	0
 233 0012 00       		.byte	0
 234 0013 02       		.uleb128 0x2
 235 0014 24       		.uleb128 0x24
 236 0015 00       		.byte	0
 237 0016 0B       		.uleb128 0xb
 238 0017 0B       		.uleb128 0xb
 239 0018 3E       		.uleb128 0x3e
 240 0019 0B       		.uleb128 0xb
 241 001a 03       		.uleb128 0x3
 242 001b 0E       		.uleb128 0xe
 243 001c 00       		.byte	0
 244 001d 00       		.byte	0
 245 001e 03       		.uleb128 0x3
 246 001f 24       		.uleb128 0x24
 247 0020 00       		.byte	0
 248 0021 0B       		.uleb128 0xb
 249 0022 0B       		.uleb128 0xb
 250 0023 3E       		.uleb128 0x3e
 251 0024 0B       		.uleb128 0xb
 252 0025 03       		.uleb128 0x3
 253 0026 08       		.uleb128 0x8
 254 0027 00       		.byte	0
 255 0028 00       		.byte	0
 256 0029 04       		.uleb128 0x4
ARM GAS  C:\Users\jagumiel\AppData\Local\Temp\ccAQgKWm.s 			page 6


 257 002a 2E       		.uleb128 0x2e
 258 002b 01       		.byte	0x1
 259 002c 3F       		.uleb128 0x3f
 260 002d 19       		.uleb128 0x19
 261 002e 03       		.uleb128 0x3
 262 002f 0E       		.uleb128 0xe
 263 0030 3A       		.uleb128 0x3a
 264 0031 0B       		.uleb128 0xb
 265 0032 3B       		.uleb128 0x3b
 266 0033 0B       		.uleb128 0xb
 267 0034 27       		.uleb128 0x27
 268 0035 19       		.uleb128 0x19
 269 0036 49       		.uleb128 0x49
 270 0037 13       		.uleb128 0x13
 271 0038 8701     		.uleb128 0x87
 272 003a 19       		.uleb128 0x19
 273 003b 11       		.uleb128 0x11
 274 003c 01       		.uleb128 0x1
 275 003d 12       		.uleb128 0x12
 276 003e 06       		.uleb128 0x6
 277 003f 40       		.uleb128 0x40
 278 0040 18       		.uleb128 0x18
 279 0041 9742     		.uleb128 0x2117
 280 0043 19       		.uleb128 0x19
 281 0044 01       		.uleb128 0x1
 282 0045 13       		.uleb128 0x13
 283 0046 00       		.byte	0
 284 0047 00       		.byte	0
 285 0048 05       		.uleb128 0x5
 286 0049 34       		.uleb128 0x34
 287 004a 00       		.byte	0
 288 004b 03       		.uleb128 0x3
 289 004c 08       		.uleb128 0x8
 290 004d 3A       		.uleb128 0x3a
 291 004e 0B       		.uleb128 0xb
 292 004f 3B       		.uleb128 0x3b
 293 0050 0B       		.uleb128 0xb
 294 0051 49       		.uleb128 0x49
 295 0052 13       		.uleb128 0x13
 296 0053 02       		.uleb128 0x2
 297 0054 17       		.uleb128 0x17
 298 0055 00       		.byte	0
 299 0056 00       		.byte	0
 300 0057 06       		.uleb128 0x6
 301 0058 898201   		.uleb128 0x4109
 302 005b 00       		.byte	0
 303 005c 11       		.uleb128 0x11
 304 005d 01       		.uleb128 0x1
 305 005e 31       		.uleb128 0x31
 306 005f 13       		.uleb128 0x13
 307 0060 00       		.byte	0
 308 0061 00       		.byte	0
 309 0062 07       		.uleb128 0x7
 310 0063 898201   		.uleb128 0x4109
 311 0066 01       		.byte	0x1
 312 0067 11       		.uleb128 0x11
 313 0068 01       		.uleb128 0x1
ARM GAS  C:\Users\jagumiel\AppData\Local\Temp\ccAQgKWm.s 			page 7


 314 0069 31       		.uleb128 0x31
 315 006a 13       		.uleb128 0x13
 316 006b 01       		.uleb128 0x1
 317 006c 13       		.uleb128 0x13
 318 006d 00       		.byte	0
 319 006e 00       		.byte	0
 320 006f 08       		.uleb128 0x8
 321 0070 8A8201   		.uleb128 0x410a
 322 0073 00       		.byte	0
 323 0074 02       		.uleb128 0x2
 324 0075 18       		.uleb128 0x18
 325 0076 9142     		.uleb128 0x2111
 326 0078 18       		.uleb128 0x18
 327 0079 00       		.byte	0
 328 007a 00       		.byte	0
 329 007b 09       		.uleb128 0x9
 330 007c 898201   		.uleb128 0x4109
 331 007f 01       		.byte	0x1
 332 0080 11       		.uleb128 0x11
 333 0081 01       		.uleb128 0x1
 334 0082 31       		.uleb128 0x31
 335 0083 13       		.uleb128 0x13
 336 0084 00       		.byte	0
 337 0085 00       		.byte	0
 338 0086 0A       		.uleb128 0xa
 339 0087 2E       		.uleb128 0x2e
 340 0088 00       		.byte	0
 341 0089 3F       		.uleb128 0x3f
 342 008a 19       		.uleb128 0x19
 343 008b 3C       		.uleb128 0x3c
 344 008c 19       		.uleb128 0x19
 345 008d 6E       		.uleb128 0x6e
 346 008e 0E       		.uleb128 0xe
 347 008f 03       		.uleb128 0x3
 348 0090 0E       		.uleb128 0xe
 349 0091 3A       		.uleb128 0x3a
 350 0092 0B       		.uleb128 0xb
 351 0093 3B       		.uleb128 0x3b
 352 0094 05       		.uleb128 0x5
 353 0095 00       		.byte	0
 354 0096 00       		.byte	0
 355 0097 0B       		.uleb128 0xb
 356 0098 2E       		.uleb128 0x2e
 357 0099 00       		.byte	0
 358 009a 3F       		.uleb128 0x3f
 359 009b 19       		.uleb128 0x19
 360 009c 3C       		.uleb128 0x3c
 361 009d 19       		.uleb128 0x19
 362 009e 6E       		.uleb128 0x6e
 363 009f 0E       		.uleb128 0xe
 364 00a0 03       		.uleb128 0x3
 365 00a1 0E       		.uleb128 0xe
 366 00a2 3A       		.uleb128 0x3a
 367 00a3 0B       		.uleb128 0xb
 368 00a4 3B       		.uleb128 0x3b
 369 00a5 0B       		.uleb128 0xb
 370 00a6 00       		.byte	0
ARM GAS  C:\Users\jagumiel\AppData\Local\Temp\ccAQgKWm.s 			page 8


 371 00a7 00       		.byte	0
 372 00a8 00       		.byte	0
 373              		.section	.debug_loc,"",%progbits
 374              	.Ldebug_loc0:
 375              	.LLST0:
 376 0000 08000000 		.4byte	.LVL0
 377 0004 0C000000 		.4byte	.LVL1
 378 0008 0200     		.2byte	0x2
 379 000a 30       		.byte	0x30
 380 000b 9F       		.byte	0x9f
 381 000c 0C000000 		.4byte	.LVL1
 382 0010 28000000 		.4byte	.LFE32
 383 0014 0100     		.2byte	0x1
 384 0016 54       		.byte	0x54
 385 0017 00000000 		.4byte	0
 386 001b 00000000 		.4byte	0
 387              		.section	.debug_aranges,"",%progbits
 388 0000 1C000000 		.4byte	0x1c
 389 0004 0200     		.2byte	0x2
 390 0006 00000000 		.4byte	.Ldebug_info0
 391 000a 04       		.byte	0x4
 392 000b 00       		.byte	0
 393 000c 0000     		.2byte	0
 394 000e 0000     		.2byte	0
 395 0010 00000000 		.4byte	.LFB32
 396 0014 28000000 		.4byte	.LFE32-.LFB32
 397 0018 00000000 		.4byte	0
 398 001c 00000000 		.4byte	0
 399              		.section	.debug_ranges,"",%progbits
 400              	.Ldebug_ranges0:
 401 0000 00000000 		.4byte	.LFB32
 402 0004 28000000 		.4byte	.LFE32
 403 0008 00000000 		.4byte	0
 404 000c 00000000 		.4byte	0
 405              		.section	.debug_line,"",%progbits
 406              	.Ldebug_line0:
 407 0000 65000000 		.section	.debug_str,"MS",%progbits,1
 407      02004800 
 407      00000201 
 407      FB0E0D00 
 407      01010101 
 408              	.LASF6:
 409 0000 6C6F6E67 		.ascii	"long long int\000"
 409      206C6F6E 
 409      6720696E 
 409      7400
 410              	.LASF8:
 411 000e 756E7369 		.ascii	"unsigned int\000"
 411      676E6564 
 411      20696E74 
 411      00
 412              	.LASF18:
 413 001b 6D61696E 		.ascii	"main.c\000"
 413      2E6300
 414              	.LASF20:
 415 0022 6D61696E 		.ascii	"main\000"
 415      00
ARM GAS  C:\Users\jagumiel\AppData\Local\Temp\ccAQgKWm.s 			page 9


 416              	.LASF16:
 417 0027 43794465 		.ascii	"CyDelay\000"
 417      6C617900 
 418              	.LASF5:
 419 002f 6C6F6E67 		.ascii	"long unsigned int\000"
 419      20756E73 
 419      69676E65 
 419      6420696E 
 419      7400
 420              	.LASF7:
 421 0041 6C6F6E67 		.ascii	"long long unsigned int\000"
 421      206C6F6E 
 421      6720756E 
 421      7369676E 
 421      65642069 
 422              	.LASF9:
 423 0058 666C6F61 		.ascii	"float\000"
 423      7400
 424              	.LASF14:
 425 005e 50574D5F 		.ascii	"PWM_Start\000"
 425      53746172 
 425      7400
 426              	.LASF1:
 427 0068 756E7369 		.ascii	"unsigned char\000"
 427      676E6564 
 427      20636861 
 427      7200
 428              	.LASF11:
 429 0076 63686172 		.ascii	"char\000"
 429      00
 430              	.LASF4:
 431 007b 6C6F6E67 		.ascii	"long int\000"
 431      20696E74 
 431      00
 432              	.LASF10:
 433 0084 646F7562 		.ascii	"double\000"
 433      6C6500
 434              	.LASF17:
 435 008b 474E5520 		.ascii	"GNU C11 5.4.1 20160609 (release) [ARM/embedded-5-br"
 435      43313120 
 435      352E342E 
 435      31203230 
 435      31363036 
 436 00be 616E6368 		.ascii	"anch revision 237715] -mcpu=cortex-m0 -mthumb -g -O"
 436      20726576 
 436      6973696F 
 436      6E203233 
 436      37373135 
 437 00f1 67202D66 		.ascii	"g -ffunction-sections -ffat-lto-objects\000"
 437      66756E63 
 437      74696F6E 
 437      2D736563 
 437      74696F6E 
 438              	.LASF3:
 439 0119 73686F72 		.ascii	"short unsigned int\000"
 439      7420756E 
 439      7369676E 
ARM GAS  C:\Users\jagumiel\AppData\Local\Temp\ccAQgKWm.s 			page 10


 439      65642069 
 439      6E7400
 440              	.LASF0:
 441 012c 7369676E 		.ascii	"signed char\000"
 441      65642063 
 441      68617200 
 442              	.LASF12:
 443 0138 6C6F6E67 		.ascii	"long double\000"
 443      20646F75 
 443      626C6500 
 444              	.LASF13:
 445 0144 73697A65 		.ascii	"sizetype\000"
 445      74797065 
 445      00
 446              	.LASF2:
 447 014d 73686F72 		.ascii	"short int\000"
 447      7420696E 
 447      7400
 448              	.LASF15:
 449 0157 50574D5F 		.ascii	"PWM_WriteCompare\000"
 449      57726974 
 449      65436F6D 
 449      70617265 
 449      00
 450              	.LASF19:
 451 0168 443A5C55 		.ascii	"D:\\Users\\jagumiel\\Documents\\PSoC Creator\\PSoC-"
 451      73657273 
 451      5C6A6167 
 451      756D6965 
 451      6C5C446F 
 452 0196 3130315C 		.ascii	"101\\PSoC-101\\Lesson8.cydsn\000"
 452      50536F43 
 452      2D313031 
 452      5C4C6573 
 452      736F6E38 
 453              		.ident	"GCC: (GNU Tools for ARM Embedded Processors) 5.4.1 20160609 (release) [ARM/embedded-5-bran
