ARM GAS  C:\Users\jagumiel\AppData\Local\Temp\ccHvynlZ.s 			page 1


   1              		.syntax unified
   2              		.cpu cortex-m0
   3              		.fpu softvfp
   4              		.eabi_attribute 20, 1
   5              		.eabi_attribute 21, 1
   6              		.eabi_attribute 23, 3
   7              		.eabi_attribute 24, 1
   8              		.eabi_attribute 25, 1
   9              		.eabi_attribute 26, 1
  10              		.eabi_attribute 30, 1
  11              		.eabi_attribute 34, 0
  12              		.eabi_attribute 18, 4
  13              		.thumb
  14              		.syntax unified
  15              		.file	"main.c"
  16              		.text
  17              	.Ltext0:
  18              		.cfi_sections	.debug_frame
  19              		.section	.text.Pin_SW2_Handler,"ax",%progbits
  20              		.align	2
  21              		.global	Pin_SW2_Handler
  22              		.code	16
  23              		.thumb_func
  24              		.type	Pin_SW2_Handler, %function
  25              	Pin_SW2_Handler:
  26              	.LFB32:
  27              		.file 1 "main.c"
   1:main.c        **** /* ========================================
   2:main.c        ****  *
   3:main.c        ****  * Copyright YOUR COMPANY, THE YEAR
   4:main.c        ****  * All Rights Reserved
   5:main.c        ****  * UNPUBLISHED, LICENSED SOFTWARE.
   6:main.c        ****  *
   7:main.c        ****  * CONFIDENTIAL AND PROPRIETARY INFORMATION
   8:main.c        ****  * WHICH IS THE PROPERTY OF your company.
   9:main.c        ****  *
  10:main.c        ****  * ========================================
  11:main.c        **** */
  12:main.c        **** #include "project.h"
  13:main.c        **** 
  14:main.c        **** CY_ISR(Pin_SW2_Handler){
  28              		.loc 1 14 0
  29              		.cfi_startproc
  30              		@ args = 0, pretend = 0, frame = 0
  31              		@ frame_needed = 0, uses_anonymous_args = 0
  32 0000 10B5     		push	{r4, lr}
  33              		.cfi_def_cfa_offset 8
  34              		.cfi_offset 4, -8
  35              		.cfi_offset 14, -4
  15:main.c        ****     Pin_Red_Write(~Pin_Red_Read());
  36              		.loc 1 15 0
  37 0002 FFF7FEFF 		bl	Pin_Red_Read
  38              	.LVL0:
  39 0006 C043     		mvns	r0, r0
  40 0008 C0B2     		uxtb	r0, r0
  41 000a FFF7FEFF 		bl	Pin_Red_Write
  42              	.LVL1:
ARM GAS  C:\Users\jagumiel\AppData\Local\Temp\ccHvynlZ.s 			page 2


  16:main.c        ****     Pin_SW2_ClearInterrupt();
  43              		.loc 1 16 0
  44 000e FFF7FEFF 		bl	Pin_SW2_ClearInterrupt
  45              	.LVL2:
  17:main.c        **** }
  46              		.loc 1 17 0
  47              		@ sp needed
  48 0012 10BD     		pop	{r4, pc}
  49              		.cfi_endproc
  50              	.LFE32:
  51              		.size	Pin_SW2_Handler, .-Pin_SW2_Handler
  52              		.section	.text.main,"ax",%progbits
  53              		.align	2
  54              		.global	main
  55              		.code	16
  56              		.thumb_func
  57              		.type	main, %function
  58              	main:
  59              	.LFB33:
  18:main.c        **** 
  19:main.c        **** int main(void)
  20:main.c        **** {
  60              		.loc 1 20 0
  61              		.cfi_startproc
  62              		@ Volatile: function does not return.
  63              		@ args = 0, pretend = 0, frame = 0
  64              		@ frame_needed = 0, uses_anonymous_args = 0
  65 0000 10B5     		push	{r4, lr}
  66              		.cfi_def_cfa_offset 8
  67              		.cfi_offset 4, -8
  68              		.cfi_offset 14, -4
  21:main.c        ****     CyGlobalIntEnable; /* Enable global interrupts. */
  69              		.loc 1 21 0
  70              		.syntax divided
  71              	@ 21 "main.c" 1
  72 0002 62B6     		CPSIE   i
  73              	@ 0 "" 2
  22:main.c        ****     
  23:main.c        ****     Pin_SW2_Int_StartEx(Pin_SW2_Handler);
  74              		.loc 1 23 0
  75              		.thumb
  76              		.syntax unified
  77 0004 0148     		ldr	r0, .L4
  78 0006 FFF7FEFF 		bl	Pin_SW2_Int_StartEx
  79              	.LVL3:
  80              	.L3:
  81 000a FEE7     		b	.L3
  82              	.L5:
  83              		.align	2
  84              	.L4:
  85 000c 00000000 		.word	Pin_SW2_Handler
  86              		.cfi_endproc
  87              	.LFE33:
  88              		.size	main, .-main
  89              		.text
  90              	.Letext0:
  91              		.file 2 "Generated_Source\\PSoC4/Pin_Red.h"
ARM GAS  C:\Users\jagumiel\AppData\Local\Temp\ccHvynlZ.s 			page 3


  92              		.file 3 "Generated_Source\\PSoC4/Pin_SW2.h"
  93              		.file 4 "Generated_Source\\PSoC4/Pin_SW2_Int.h"
  94              		.section	.debug_info,"",%progbits
  95              	.Ldebug_info0:
  96 0000 15010000 		.4byte	0x115
  97 0004 0400     		.2byte	0x4
  98 0006 00000000 		.4byte	.Ldebug_abbrev0
  99 000a 04       		.byte	0x4
 100 000b 01       		.uleb128 0x1
 101 000c C2000000 		.4byte	.LASF18
 102 0010 0C       		.byte	0xc
 103 0011 2F000000 		.4byte	.LASF19
 104 0015 6F010000 		.4byte	.LASF20
 105 0019 00000000 		.4byte	.Ldebug_ranges0+0
 106 001d 00000000 		.4byte	0
 107 0021 00000000 		.4byte	.Ldebug_line0
 108 0025 02       		.uleb128 0x2
 109 0026 01       		.byte	0x1
 110 0027 06       		.byte	0x6
 111 0028 63010000 		.4byte	.LASF0
 112 002c 02       		.uleb128 0x2
 113 002d 01       		.byte	0x1
 114 002e 08       		.byte	0x8
 115 002f 94000000 		.4byte	.LASF1
 116 0033 02       		.uleb128 0x2
 117 0034 02       		.byte	0x2
 118 0035 05       		.byte	0x5
 119 0036 D1010000 		.4byte	.LASF2
 120 003a 02       		.uleb128 0x2
 121 003b 02       		.byte	0x2
 122 003c 07       		.byte	0x7
 123 003d 50010000 		.4byte	.LASF3
 124 0041 02       		.uleb128 0x2
 125 0042 04       		.byte	0x4
 126 0043 05       		.byte	0x5
 127 0044 B2000000 		.4byte	.LASF4
 128 0048 02       		.uleb128 0x2
 129 0049 04       		.byte	0x4
 130 004a 07       		.byte	0x7
 131 004b 3B000000 		.4byte	.LASF5
 132 004f 02       		.uleb128 0x2
 133 0050 08       		.byte	0x8
 134 0051 05       		.byte	0x5
 135 0052 00000000 		.4byte	.LASF6
 136 0056 02       		.uleb128 0x2
 137 0057 08       		.byte	0x8
 138 0058 07       		.byte	0x7
 139 0059 4D000000 		.4byte	.LASF7
 140 005d 03       		.uleb128 0x3
 141 005e 04       		.byte	0x4
 142 005f 05       		.byte	0x5
 143 0060 696E7400 		.ascii	"int\000"
 144 0064 02       		.uleb128 0x2
 145 0065 04       		.byte	0x4
 146 0066 07       		.byte	0x7
 147 0067 22000000 		.4byte	.LASF8
 148 006b 02       		.uleb128 0x2
ARM GAS  C:\Users\jagumiel\AppData\Local\Temp\ccHvynlZ.s 			page 4


 149 006c 04       		.byte	0x4
 150 006d 04       		.byte	0x4
 151 006e 80000000 		.4byte	.LASF9
 152 0072 02       		.uleb128 0x2
 153 0073 08       		.byte	0x8
 154 0074 04       		.byte	0x4
 155 0075 BB000000 		.4byte	.LASF10
 156 0079 02       		.uleb128 0x2
 157 007a 01       		.byte	0x1
 158 007b 08       		.byte	0x8
 159 007c 7B000000 		.4byte	.LASF11
 160 0080 02       		.uleb128 0x2
 161 0081 08       		.byte	0x8
 162 0082 04       		.byte	0x4
 163 0083 B8010000 		.4byte	.LASF12
 164 0087 02       		.uleb128 0x2
 165 0088 04       		.byte	0x4
 166 0089 07       		.byte	0x7
 167 008a DB010000 		.4byte	.LASF13
 168 008e 04       		.uleb128 0x4
 169 008f A2000000 		.4byte	.LASF21
 170 0093 01       		.byte	0x1
 171 0094 0E       		.byte	0xe
 172 0095 00000000 		.4byte	.LFB32
 173 0099 14000000 		.4byte	.LFE32-.LFB32
 174 009d 01       		.uleb128 0x1
 175 009e 9C       		.byte	0x9c
 176 009f BF000000 		.4byte	0xbf
 177 00a3 05       		.uleb128 0x5
 178 00a4 06000000 		.4byte	.LVL0
 179 00a8 EC000000 		.4byte	0xec
 180 00ac 05       		.uleb128 0x5
 181 00ad 0E000000 		.4byte	.LVL1
 182 00b1 F7000000 		.4byte	0xf7
 183 00b5 05       		.uleb128 0x5
 184 00b6 12000000 		.4byte	.LVL2
 185 00ba 02010000 		.4byte	0x102
 186 00be 00       		.byte	0
 187 00bf 06       		.uleb128 0x6
 188 00c0 36000000 		.4byte	.LASF22
 189 00c4 01       		.byte	0x1
 190 00c5 13       		.byte	0x13
 191 00c6 5D000000 		.4byte	0x5d
 192 00ca 00000000 		.4byte	.LFB33
 193 00ce 10000000 		.4byte	.LFE33-.LFB33
 194 00d2 01       		.uleb128 0x1
 195 00d3 9C       		.byte	0x9c
 196 00d4 EC000000 		.4byte	0xec
 197 00d8 07       		.uleb128 0x7
 198 00d9 0A000000 		.4byte	.LVL3
 199 00dd 0D010000 		.4byte	0x10d
 200 00e1 08       		.uleb128 0x8
 201 00e2 01       		.uleb128 0x1
 202 00e3 50       		.byte	0x50
 203 00e4 05       		.uleb128 0x5
 204 00e5 03       		.byte	0x3
 205 00e6 00000000 		.4byte	Pin_SW2_Handler
ARM GAS  C:\Users\jagumiel\AppData\Local\Temp\ccHvynlZ.s 			page 5


 206 00ea 00       		.byte	0
 207 00eb 00       		.byte	0
 208 00ec 09       		.uleb128 0x9
 209 00ed C4010000 		.4byte	.LASF14
 210 00f1 C4010000 		.4byte	.LASF14
 211 00f5 02       		.byte	0x2
 212 00f6 32       		.byte	0x32
 213 00f7 09       		.uleb128 0x9
 214 00f8 86000000 		.4byte	.LASF15
 215 00fc 86000000 		.4byte	.LASF15
 216 0100 02       		.byte	0x2
 217 0101 33       		.byte	0x33
 218 0102 09       		.uleb128 0x9
 219 0103 64000000 		.4byte	.LASF16
 220 0107 64000000 		.4byte	.LASF16
 221 010b 03       		.byte	0x3
 222 010c 39       		.byte	0x39
 223 010d 09       		.uleb128 0x9
 224 010e 0E000000 		.4byte	.LASF17
 225 0112 0E000000 		.4byte	.LASF17
 226 0116 04       		.byte	0x4
 227 0117 18       		.byte	0x18
 228 0118 00       		.byte	0
 229              		.section	.debug_abbrev,"",%progbits
 230              	.Ldebug_abbrev0:
 231 0000 01       		.uleb128 0x1
 232 0001 11       		.uleb128 0x11
 233 0002 01       		.byte	0x1
 234 0003 25       		.uleb128 0x25
 235 0004 0E       		.uleb128 0xe
 236 0005 13       		.uleb128 0x13
 237 0006 0B       		.uleb128 0xb
 238 0007 03       		.uleb128 0x3
 239 0008 0E       		.uleb128 0xe
 240 0009 1B       		.uleb128 0x1b
 241 000a 0E       		.uleb128 0xe
 242 000b 55       		.uleb128 0x55
 243 000c 17       		.uleb128 0x17
 244 000d 11       		.uleb128 0x11
 245 000e 01       		.uleb128 0x1
 246 000f 10       		.uleb128 0x10
 247 0010 17       		.uleb128 0x17
 248 0011 00       		.byte	0
 249 0012 00       		.byte	0
 250 0013 02       		.uleb128 0x2
 251 0014 24       		.uleb128 0x24
 252 0015 00       		.byte	0
 253 0016 0B       		.uleb128 0xb
 254 0017 0B       		.uleb128 0xb
 255 0018 3E       		.uleb128 0x3e
 256 0019 0B       		.uleb128 0xb
 257 001a 03       		.uleb128 0x3
 258 001b 0E       		.uleb128 0xe
 259 001c 00       		.byte	0
 260 001d 00       		.byte	0
 261 001e 03       		.uleb128 0x3
 262 001f 24       		.uleb128 0x24
ARM GAS  C:\Users\jagumiel\AppData\Local\Temp\ccHvynlZ.s 			page 6


 263 0020 00       		.byte	0
 264 0021 0B       		.uleb128 0xb
 265 0022 0B       		.uleb128 0xb
 266 0023 3E       		.uleb128 0x3e
 267 0024 0B       		.uleb128 0xb
 268 0025 03       		.uleb128 0x3
 269 0026 08       		.uleb128 0x8
 270 0027 00       		.byte	0
 271 0028 00       		.byte	0
 272 0029 04       		.uleb128 0x4
 273 002a 2E       		.uleb128 0x2e
 274 002b 01       		.byte	0x1
 275 002c 3F       		.uleb128 0x3f
 276 002d 19       		.uleb128 0x19
 277 002e 03       		.uleb128 0x3
 278 002f 0E       		.uleb128 0xe
 279 0030 3A       		.uleb128 0x3a
 280 0031 0B       		.uleb128 0xb
 281 0032 3B       		.uleb128 0x3b
 282 0033 0B       		.uleb128 0xb
 283 0034 27       		.uleb128 0x27
 284 0035 19       		.uleb128 0x19
 285 0036 11       		.uleb128 0x11
 286 0037 01       		.uleb128 0x1
 287 0038 12       		.uleb128 0x12
 288 0039 06       		.uleb128 0x6
 289 003a 40       		.uleb128 0x40
 290 003b 18       		.uleb128 0x18
 291 003c 9742     		.uleb128 0x2117
 292 003e 19       		.uleb128 0x19
 293 003f 01       		.uleb128 0x1
 294 0040 13       		.uleb128 0x13
 295 0041 00       		.byte	0
 296 0042 00       		.byte	0
 297 0043 05       		.uleb128 0x5
 298 0044 898201   		.uleb128 0x4109
 299 0047 00       		.byte	0
 300 0048 11       		.uleb128 0x11
 301 0049 01       		.uleb128 0x1
 302 004a 31       		.uleb128 0x31
 303 004b 13       		.uleb128 0x13
 304 004c 00       		.byte	0
 305 004d 00       		.byte	0
 306 004e 06       		.uleb128 0x6
 307 004f 2E       		.uleb128 0x2e
 308 0050 01       		.byte	0x1
 309 0051 3F       		.uleb128 0x3f
 310 0052 19       		.uleb128 0x19
 311 0053 03       		.uleb128 0x3
 312 0054 0E       		.uleb128 0xe
 313 0055 3A       		.uleb128 0x3a
 314 0056 0B       		.uleb128 0xb
 315 0057 3B       		.uleb128 0x3b
 316 0058 0B       		.uleb128 0xb
 317 0059 27       		.uleb128 0x27
 318 005a 19       		.uleb128 0x19
 319 005b 49       		.uleb128 0x49
ARM GAS  C:\Users\jagumiel\AppData\Local\Temp\ccHvynlZ.s 			page 7


 320 005c 13       		.uleb128 0x13
 321 005d 8701     		.uleb128 0x87
 322 005f 19       		.uleb128 0x19
 323 0060 11       		.uleb128 0x11
 324 0061 01       		.uleb128 0x1
 325 0062 12       		.uleb128 0x12
 326 0063 06       		.uleb128 0x6
 327 0064 40       		.uleb128 0x40
 328 0065 18       		.uleb128 0x18
 329 0066 9742     		.uleb128 0x2117
 330 0068 19       		.uleb128 0x19
 331 0069 01       		.uleb128 0x1
 332 006a 13       		.uleb128 0x13
 333 006b 00       		.byte	0
 334 006c 00       		.byte	0
 335 006d 07       		.uleb128 0x7
 336 006e 898201   		.uleb128 0x4109
 337 0071 01       		.byte	0x1
 338 0072 11       		.uleb128 0x11
 339 0073 01       		.uleb128 0x1
 340 0074 31       		.uleb128 0x31
 341 0075 13       		.uleb128 0x13
 342 0076 00       		.byte	0
 343 0077 00       		.byte	0
 344 0078 08       		.uleb128 0x8
 345 0079 8A8201   		.uleb128 0x410a
 346 007c 00       		.byte	0
 347 007d 02       		.uleb128 0x2
 348 007e 18       		.uleb128 0x18
 349 007f 9142     		.uleb128 0x2111
 350 0081 18       		.uleb128 0x18
 351 0082 00       		.byte	0
 352 0083 00       		.byte	0
 353 0084 09       		.uleb128 0x9
 354 0085 2E       		.uleb128 0x2e
 355 0086 00       		.byte	0
 356 0087 3F       		.uleb128 0x3f
 357 0088 19       		.uleb128 0x19
 358 0089 3C       		.uleb128 0x3c
 359 008a 19       		.uleb128 0x19
 360 008b 6E       		.uleb128 0x6e
 361 008c 0E       		.uleb128 0xe
 362 008d 03       		.uleb128 0x3
 363 008e 0E       		.uleb128 0xe
 364 008f 3A       		.uleb128 0x3a
 365 0090 0B       		.uleb128 0xb
 366 0091 3B       		.uleb128 0x3b
 367 0092 0B       		.uleb128 0xb
 368 0093 00       		.byte	0
 369 0094 00       		.byte	0
 370 0095 00       		.byte	0
 371              		.section	.debug_aranges,"",%progbits
 372 0000 24000000 		.4byte	0x24
 373 0004 0200     		.2byte	0x2
 374 0006 00000000 		.4byte	.Ldebug_info0
 375 000a 04       		.byte	0x4
 376 000b 00       		.byte	0
ARM GAS  C:\Users\jagumiel\AppData\Local\Temp\ccHvynlZ.s 			page 8


 377 000c 0000     		.2byte	0
 378 000e 0000     		.2byte	0
 379 0010 00000000 		.4byte	.LFB32
 380 0014 14000000 		.4byte	.LFE32-.LFB32
 381 0018 00000000 		.4byte	.LFB33
 382 001c 10000000 		.4byte	.LFE33-.LFB33
 383 0020 00000000 		.4byte	0
 384 0024 00000000 		.4byte	0
 385              		.section	.debug_ranges,"",%progbits
 386              	.Ldebug_ranges0:
 387 0000 00000000 		.4byte	.LFB32
 388 0004 14000000 		.4byte	.LFE32
 389 0008 00000000 		.4byte	.LFB33
 390 000c 10000000 		.4byte	.LFE33
 391 0010 00000000 		.4byte	0
 392 0014 00000000 		.4byte	0
 393              		.section	.debug_line,"",%progbits
 394              	.Ldebug_line0:
 395 0000 88000000 		.section	.debug_str,"MS",%progbits,1
 395      02005F00 
 395      00000201 
 395      FB0E0D00 
 395      01010101 
 396              	.LASF6:
 397 0000 6C6F6E67 		.ascii	"long long int\000"
 397      206C6F6E 
 397      6720696E 
 397      7400
 398              	.LASF17:
 399 000e 50696E5F 		.ascii	"Pin_SW2_Int_StartEx\000"
 399      5357325F 
 399      496E745F 
 399      53746172 
 399      74457800 
 400              	.LASF8:
 401 0022 756E7369 		.ascii	"unsigned int\000"
 401      676E6564 
 401      20696E74 
 401      00
 402              	.LASF19:
 403 002f 6D61696E 		.ascii	"main.c\000"
 403      2E6300
 404              	.LASF22:
 405 0036 6D61696E 		.ascii	"main\000"
 405      00
 406              	.LASF5:
 407 003b 6C6F6E67 		.ascii	"long unsigned int\000"
 407      20756E73 
 407      69676E65 
 407      6420696E 
 407      7400
 408              	.LASF7:
 409 004d 6C6F6E67 		.ascii	"long long unsigned int\000"
 409      206C6F6E 
 409      6720756E 
 409      7369676E 
 409      65642069 
ARM GAS  C:\Users\jagumiel\AppData\Local\Temp\ccHvynlZ.s 			page 9


 410              	.LASF16:
 411 0064 50696E5F 		.ascii	"Pin_SW2_ClearInterrupt\000"
 411      5357325F 
 411      436C6561 
 411      72496E74 
 411      65727275 
 412              	.LASF11:
 413 007b 63686172 		.ascii	"char\000"
 413      00
 414              	.LASF9:
 415 0080 666C6F61 		.ascii	"float\000"
 415      7400
 416              	.LASF15:
 417 0086 50696E5F 		.ascii	"Pin_Red_Write\000"
 417      5265645F 
 417      57726974 
 417      6500
 418              	.LASF1:
 419 0094 756E7369 		.ascii	"unsigned char\000"
 419      676E6564 
 419      20636861 
 419      7200
 420              	.LASF21:
 421 00a2 50696E5F 		.ascii	"Pin_SW2_Handler\000"
 421      5357325F 
 421      48616E64 
 421      6C657200 
 422              	.LASF4:
 423 00b2 6C6F6E67 		.ascii	"long int\000"
 423      20696E74 
 423      00
 424              	.LASF10:
 425 00bb 646F7562 		.ascii	"double\000"
 425      6C6500
 426              	.LASF18:
 427 00c2 474E5520 		.ascii	"GNU C11 5.4.1 20160609 (release) [ARM/embedded-5-br"
 427      43313120 
 427      352E342E 
 427      31203230 
 427      31363036 
 428 00f5 616E6368 		.ascii	"anch revision 237715] -mcpu=cortex-m0 -mthumb -g -O"
 428      20726576 
 428      6973696F 
 428      6E203233 
 428      37373135 
 429 0128 67202D66 		.ascii	"g -ffunction-sections -ffat-lto-objects\000"
 429      66756E63 
 429      74696F6E 
 429      2D736563 
 429      74696F6E 
 430              	.LASF3:
 431 0150 73686F72 		.ascii	"short unsigned int\000"
 431      7420756E 
 431      7369676E 
 431      65642069 
 431      6E7400
 432              	.LASF0:
ARM GAS  C:\Users\jagumiel\AppData\Local\Temp\ccHvynlZ.s 			page 10


 433 0163 7369676E 		.ascii	"signed char\000"
 433      65642063 
 433      68617200 
 434              	.LASF20:
 435 016f 443A5C55 		.ascii	"D:\\Users\\jagumiel\\Documents\\PSoC Creator\\PSoC-"
 435      73657273 
 435      5C6A6167 
 435      756D6965 
 435      6C5C446F 
 436 019d 3130315C 		.ascii	"101\\PSoC-101\\Lesson3.cydsn\000"
 436      50536F43 
 436      2D313031 
 436      5C4C6573 
 436      736F6E33 
 437              	.LASF12:
 438 01b8 6C6F6E67 		.ascii	"long double\000"
 438      20646F75 
 438      626C6500 
 439              	.LASF14:
 440 01c4 50696E5F 		.ascii	"Pin_Red_Read\000"
 440      5265645F 
 440      52656164 
 440      00
 441              	.LASF2:
 442 01d1 73686F72 		.ascii	"short int\000"
 442      7420696E 
 442      7400
 443              	.LASF13:
 444 01db 73697A65 		.ascii	"sizetype\000"
 444      74797065 
 444      00
 445              		.ident	"GCC: (GNU Tools for ARM Embedded Processors) 5.4.1 20160609 (release) [ARM/embedded-5-bran
