Loading plugins phase: Elapsed time ==> 0s.179ms
<CYPRESSTAG name="CyDsfit arguments...">
cydsfit arguments: -.fdsnotice -.fdswarpdepfile=warp_dependencies.txt -.fdselabdepfile=elab_dependencies.txt -.fdsbldfile=generated_files.txt -.fdsreffile=referenced_files.txt -p D:\Users\jagumiel\Documents\PSoC Creator\PSoC-101\PSoC-101\Lesson6.cydsn\Lesson6.cyprj -d CY8C4245AXI-483 -s D:\Users\jagumiel\Documents\PSoC Creator\PSoC-101\PSoC-101\Lesson6.cydsn\Generated_Source\PSoC4 -- -yv2 -q10 -ygs -o2 -v3 -.fftcfgtype=LE
</CYPRESSTAG>
<CYPRESSTAG name="Design elaboration results...">
</CYPRESSTAG>
Elaboration phase: Elapsed time ==> 0s.499ms
<CYPRESSTAG name="HDL generation results...">
</CYPRESSTAG>
HDL generation phase: Elapsed time ==> 0s.031ms
<CYPRESSTAG name="Synthesis results...">

     | | | | | | |
   _________________
  -|               |-
  -|               |-
  -|               |-
  -|    CYPRESS    |-
  -|               |-
  -|               |-   Warp Verilog Synthesis Compiler: Version 6.3 IR 41
  -|               |-   Copyright (C) 1991-2001 Cypress Semiconductor
   |_______________|
     | | | | | | |

======================================================================
Compiling:  Lesson6.v
Program  :   C:\Program Files (x86)\Cypress\PSoC Creator\4.2\PSoC Creator\warp\bin\warp.exe
Options  :    -yv2 -q10 -ygs -o2 -v3 -.fftcfgtype=LE -ya -.fftprj=D:\Users\jagumiel\Documents\PSoC Creator\PSoC-101\PSoC-101\Lesson6.cydsn\Lesson6.cyprj -dcpsoc3 Lesson6.v -verilog
======================================================================

======================================================================
Compiling:  Lesson6.v
Program  :   C:\Program Files (x86)\Cypress\PSoC Creator\4.2\PSoC Creator\warp\bin\warp.exe
Options  :    -yv2 -q10 -ygs -o2 -v3 -.fftcfgtype=LE -ya -.fftprj=D:\Users\jagumiel\Documents\PSoC Creator\PSoC-101\PSoC-101\Lesson6.cydsn\Lesson6.cyprj -dcpsoc3 Lesson6.v -verilog
======================================================================

======================================================================
Compiling:  Lesson6.v
Program  :   vlogfe
Options  :    -yv2 -q10 -ygs -o2 -v3 -.fftcfgtype=LE -ya -.fftprj=D:\Users\jagumiel\Documents\PSoC Creator\PSoC-101\PSoC-101\Lesson6.cydsn\Lesson6.cyprj -dcpsoc3 -verilog Lesson6.v
======================================================================

vlogfe V6.3 IR 41:  Verilog parser
Mon Jul 06 09:56:05 2020


======================================================================
Compiling:  Lesson6.v
Program  :   vpp
Options  :    -yv2 -q10 Lesson6.v
======================================================================

vpp V6.3 IR 41:  Verilog Pre-Processor
Mon Jul 06 09:56:05 2020

Flattening file 'C:\Program Files (x86)\Cypress\PSoC Creator\4.2\PSoC Creator\psoc\content\CyPrimitives\cyprimitives.cylib\not_v1_0\not_v1_0.v'
Flattening file 'C:\Program Files (x86)\Cypress\PSoC Creator\4.2\PSoC Creator\psoc\content\CyPrimitives\cyprimitives.cylib\cy_constant_v1_0\cy_constant_v1_0.v'
Flattening file 'C:\Program Files (x86)\Cypress\PSoC Creator\4.2\PSoC Creator\psoc\content\CyComponentLibrary\CyComponentLibrary.cylib\BasicCounter_v1_0\BasicCounter_v1_0.v'
Flattening file 'C:\Program Files (x86)\Cypress\PSoC Creator\4.2\PSoC Creator\warp\lib\common\cypress.v'
Flattening file 'C:\Program Files (x86)\Cypress\PSoC Creator\4.2\PSoC Creator\warp\lib\common\cy_psoc3_inc.v'

vpp:  No errors.

Library 'work' => directory 'lcpsoc3'
General_symbol_table
General_symbol_table
Linking 'C:\Program Files (x86)\Cypress\PSoC Creator\4.2\PSoC Creator\warp\lib\common\std.vhd'.
Linking 'C:\Program Files (x86)\Cypress\PSoC Creator\4.2\PSoC Creator\warp\lib\common\cypress.vhd'.
Linking 'C:\Program Files (x86)\Cypress\PSoC Creator\4.2\PSoC Creator\warp\lib\common\work\cypress.vif'.
Linking 'C:\Program Files (x86)\Cypress\PSoC Creator\4.2\PSoC Creator\warp\lib\ieee\work\stdlogic.vif'.
Linking 'C:\Program Files (x86)\Cypress\PSoC Creator\4.2\PSoC Creator\warp\lib\common\stdlogic\lpmpkg.vif'.
Linking 'C:\Program Files (x86)\Cypress\PSoC Creator\4.2\PSoC Creator\warp\lib\common\stdlogic\rtlpkg.vif'.
Linking 'C:\Program Files (x86)\Cypress\PSoC Creator\4.2\PSoC Creator\warp\lib\common\stdlogic\mod_cnst.vif'.
Linking 'C:\Program Files (x86)\Cypress\PSoC Creator\4.2\PSoC Creator\warp\lib\common\stdlogic\mod_mthv.vif'.
Linking 'C:\Program Files (x86)\Cypress\PSoC Creator\4.2\PSoC Creator\warp\lib\common\stdlogic\mod_genv.vif'.
Using control file 'Lesson6.ctl'.
C:\Program Files (x86)\Cypress\PSoC Creator\4.2\PSoC Creator\psoc\content\CyComponentLibrary\CyComponentLibrary.cylib\BasicCounter_v1_0\BasicCounter_v1_0.v (line 59, col 28):  Note: Substituting module 'add_vi_vv' for '+'.

vlogfe:  No errors.


======================================================================
Compiling:  Lesson6.v
Program  :   tovif
Options  :    -yv2 -q10 -ygs -o2 -v3 -.fftcfgtype=LE -ya -.fftprj=D:\Users\jagumiel\Documents\PSoC Creator\PSoC-101\PSoC-101\Lesson6.cydsn\Lesson6.cyprj -dcpsoc3 -verilog Lesson6.v
======================================================================

tovif V6.3 IR 41:  High-level synthesis
Mon Jul 06 09:56:05 2020

Linking 'C:\Program Files (x86)\Cypress\PSoC Creator\4.2\PSoC Creator\warp\lib\common\std.vhd'.
Linking 'C:\Program Files (x86)\Cypress\PSoC Creator\4.2\PSoC Creator\warp\lib\common\cypress.vhd'.
Linking 'C:\Program Files (x86)\Cypress\PSoC Creator\4.2\PSoC Creator\warp\lib\common\work\cypress.vif'.
Linking 'C:\Program Files (x86)\Cypress\PSoC Creator\4.2\PSoC Creator\warp\lib\ieee\work\stdlogic.vif'.
Linking 'C:\Program Files (x86)\Cypress\PSoC Creator\4.2\PSoC Creator\warp\lib\common\stdlogic\lpmpkg.vif'.
Linking 'C:\Program Files (x86)\Cypress\PSoC Creator\4.2\PSoC Creator\warp\lib\common\stdlogic\rtlpkg.vif'.
Linking 'C:\Program Files (x86)\Cypress\PSoC Creator\4.2\PSoC Creator\warp\lib\common\stdlogic\mod_cnst.vif'.
Linking 'C:\Program Files (x86)\Cypress\PSoC Creator\4.2\PSoC Creator\warp\lib\common\stdlogic\mod_mthv.vif'.
Linking 'C:\Program Files (x86)\Cypress\PSoC Creator\4.2\PSoC Creator\warp\lib\common\stdlogic\mod_genv.vif'.
Linking 'D:\Users\jagumiel\Documents\PSoC Creator\PSoC-101\PSoC-101\Lesson6.cydsn\codegentemp\Lesson6.ctl'.
Linking 'C:\Program Files (x86)\Cypress\PSoC Creator\4.2\PSoC Creator\psoc\content\CyPrimitives\cyprimitives.cylib\not_v1_0\not_v1_0.v'.
Linking 'D:\Users\jagumiel\Documents\PSoC Creator\PSoC-101\PSoC-101\Lesson6.cydsn\codegentemp\Lesson6.v'.
Linking 'C:\Program Files (x86)\Cypress\PSoC Creator\4.2\PSoC Creator\psoc\content\CyPrimitives\cyprimitives.cylib\cy_constant_v1_0\cy_constant_v1_0.v'.
Linking 'C:\Program Files (x86)\Cypress\PSoC Creator\4.2\PSoC Creator\psoc\content\CyComponentLibrary\CyComponentLibrary.cylib\BasicCounter_v1_0\BasicCounter_v1_0.v'.
Linking 'C:\Program Files (x86)\Cypress\PSoC Creator\4.2\PSoC Creator\warp\lib\common\cypress.v'.
Linking 'C:\Program Files (x86)\Cypress\PSoC Creator\4.2\PSoC Creator\warp\lib\common\cy_psoc3_inc.v'.
Linking 'C:\Program Files (x86)\Cypress\PSoC Creator\4.2\PSoC Creator\warp\lib\lcpsoc3\stdlogic\mod_cnst.vif'.

tovif:  No errors.


======================================================================
Compiling:  Lesson6.v
Program  :   topld
Options  :    -yv2 -q10 -ygs -o2 -v3 -.fftcfgtype=LE -ya -.fftprj=D:\Users\jagumiel\Documents\PSoC Creator\PSoC-101\PSoC-101\Lesson6.cydsn\Lesson6.cyprj -dcpsoc3 -verilog Lesson6.v
======================================================================

topld V6.3 IR 41:  Synthesis and optimization
Mon Jul 06 09:56:06 2020

Linking 'C:\Program Files (x86)\Cypress\PSoC Creator\4.2\PSoC Creator\warp\lib\common\std.vhd'.
Linking 'C:\Program Files (x86)\Cypress\PSoC Creator\4.2\PSoC Creator\warp\lib\common\cypress.vhd'.
Linking 'C:\Program Files (x86)\Cypress\PSoC Creator\4.2\PSoC Creator\warp\lib\common\work\cypress.vif'.
Linking 'C:\Program Files (x86)\Cypress\PSoC Creator\4.2\PSoC Creator\warp\lib\ieee\work\stdlogic.vif'.
Linking 'C:\Program Files (x86)\Cypress\PSoC Creator\4.2\PSoC Creator\warp\lib\common\stdlogic\lpmpkg.vif'.
Linking 'C:\Program Files (x86)\Cypress\PSoC Creator\4.2\PSoC Creator\warp\lib\common\stdlogic\rtlpkg.vif'.
Linking 'C:\Program Files (x86)\Cypress\PSoC Creator\4.2\PSoC Creator\warp\lib\common\stdlogic\mod_cnst.vif'.
Linking 'C:\Program Files (x86)\Cypress\PSoC Creator\4.2\PSoC Creator\warp\lib\common\stdlogic\mod_mthv.vif'.
Linking 'C:\Program Files (x86)\Cypress\PSoC Creator\4.2\PSoC Creator\warp\lib\common\stdlogic\mod_genv.vif'.
Linking 'D:\Users\jagumiel\Documents\PSoC Creator\PSoC-101\PSoC-101\Lesson6.cydsn\codegentemp\Lesson6.ctl'.
Linking 'C:\Program Files (x86)\Cypress\PSoC Creator\4.2\PSoC Creator\psoc\content\CyPrimitives\cyprimitives.cylib\not_v1_0\not_v1_0.v'.
Linking 'D:\Users\jagumiel\Documents\PSoC Creator\PSoC-101\PSoC-101\Lesson6.cydsn\codegentemp\Lesson6.v'.
Linking 'C:\Program Files (x86)\Cypress\PSoC Creator\4.2\PSoC Creator\psoc\content\CyPrimitives\cyprimitives.cylib\cy_constant_v1_0\cy_constant_v1_0.v'.
Linking 'C:\Program Files (x86)\Cypress\PSoC Creator\4.2\PSoC Creator\psoc\content\CyComponentLibrary\CyComponentLibrary.cylib\BasicCounter_v1_0\BasicCounter_v1_0.v'.
Linking 'C:\Program Files (x86)\Cypress\PSoC Creator\4.2\PSoC Creator\warp\lib\common\cypress.v'.
Linking 'C:\Program Files (x86)\Cypress\PSoC Creator\4.2\PSoC Creator\warp\lib\common\cy_psoc3_inc.v'.
Linking 'C:\Program Files (x86)\Cypress\PSoC Creator\4.2\PSoC Creator\warp\lib\lcpsoc3\stdlogic\mod_cnst.vif'.
Linking 'C:\Program Files (x86)\Cypress\PSoC Creator\4.2\PSoC Creator\warp\lib\lcpsoc3\stdlogic\cpsoc3.vif'.

----------------------------------------------------------
Detecting unused logic.
----------------------------------------------------------
    User names
	\BasicCounter_1:MODULE_1:b_31\
	\BasicCounter_1:MODULE_1:b_30\
	\BasicCounter_1:MODULE_1:b_29\
	\BasicCounter_1:MODULE_1:b_28\
	\BasicCounter_1:MODULE_1:b_27\
	\BasicCounter_1:MODULE_1:b_26\
	\BasicCounter_1:MODULE_1:b_25\
	\BasicCounter_1:MODULE_1:b_24\
	\BasicCounter_1:MODULE_1:b_23\
	\BasicCounter_1:MODULE_1:b_22\
	\BasicCounter_1:MODULE_1:b_21\
	\BasicCounter_1:MODULE_1:b_20\
	\BasicCounter_1:MODULE_1:b_19\
	\BasicCounter_1:MODULE_1:b_18\
	\BasicCounter_1:MODULE_1:b_17\
	\BasicCounter_1:MODULE_1:b_16\
	\BasicCounter_1:MODULE_1:b_15\
	\BasicCounter_1:MODULE_1:b_14\
	\BasicCounter_1:MODULE_1:b_13\
	\BasicCounter_1:MODULE_1:b_12\
	\BasicCounter_1:MODULE_1:b_11\
	\BasicCounter_1:MODULE_1:b_10\
	\BasicCounter_1:MODULE_1:b_9\
	\BasicCounter_1:MODULE_1:b_8\
	\BasicCounter_1:MODULE_1:b_7\
	\BasicCounter_1:MODULE_1:b_6\
	\BasicCounter_1:MODULE_1:b_5\
	\BasicCounter_1:MODULE_1:b_4\
	\BasicCounter_1:MODULE_1:b_3\
	\BasicCounter_1:MODULE_1:b_2\
	\BasicCounter_1:MODULE_1:b_1\
	\BasicCounter_1:MODULE_1:b_0\
	\BasicCounter_1:MODULE_1:g2:a0:a_31\
	\BasicCounter_1:MODULE_1:g2:a0:a_30\
	\BasicCounter_1:MODULE_1:g2:a0:a_29\
	\BasicCounter_1:MODULE_1:g2:a0:a_28\
	\BasicCounter_1:MODULE_1:g2:a0:a_27\
	\BasicCounter_1:MODULE_1:g2:a0:a_26\
	\BasicCounter_1:MODULE_1:g2:a0:a_25\
	\BasicCounter_1:MODULE_1:g2:a0:a_24\
	\BasicCounter_1:MODULE_1:g2:a0:b_31\
	\BasicCounter_1:MODULE_1:g2:a0:b_30\
	\BasicCounter_1:MODULE_1:g2:a0:b_29\
	\BasicCounter_1:MODULE_1:g2:a0:b_28\
	\BasicCounter_1:MODULE_1:g2:a0:b_27\
	\BasicCounter_1:MODULE_1:g2:a0:b_26\
	\BasicCounter_1:MODULE_1:g2:a0:b_25\
	\BasicCounter_1:MODULE_1:g2:a0:b_24\
	\BasicCounter_1:MODULE_1:g2:a0:b_23\
	\BasicCounter_1:MODULE_1:g2:a0:b_22\
	\BasicCounter_1:MODULE_1:g2:a0:b_21\
	\BasicCounter_1:MODULE_1:g2:a0:b_20\
	\BasicCounter_1:MODULE_1:g2:a0:b_19\
	\BasicCounter_1:MODULE_1:g2:a0:b_18\
	\BasicCounter_1:MODULE_1:g2:a0:b_17\
	\BasicCounter_1:MODULE_1:g2:a0:b_16\
	\BasicCounter_1:MODULE_1:g2:a0:b_15\
	\BasicCounter_1:MODULE_1:g2:a0:b_14\
	\BasicCounter_1:MODULE_1:g2:a0:b_13\
	\BasicCounter_1:MODULE_1:g2:a0:b_12\
	\BasicCounter_1:MODULE_1:g2:a0:b_11\
	\BasicCounter_1:MODULE_1:g2:a0:b_10\
	\BasicCounter_1:MODULE_1:g2:a0:b_9\
	\BasicCounter_1:MODULE_1:g2:a0:b_8\
	\BasicCounter_1:MODULE_1:g2:a0:b_7\
	\BasicCounter_1:MODULE_1:g2:a0:b_6\
	\BasicCounter_1:MODULE_1:g2:a0:b_5\
	\BasicCounter_1:MODULE_1:g2:a0:b_4\
	\BasicCounter_1:MODULE_1:g2:a0:b_3\
	\BasicCounter_1:MODULE_1:g2:a0:b_2\
	\BasicCounter_1:MODULE_1:g2:a0:b_1\
	\BasicCounter_1:MODULE_1:g2:a0:b_0\
	\BasicCounter_1:MODULE_1:g2:a0:s_31\
	\BasicCounter_1:MODULE_1:g2:a0:s_30\
	\BasicCounter_1:MODULE_1:g2:a0:s_29\
	\BasicCounter_1:MODULE_1:g2:a0:s_28\
	\BasicCounter_1:MODULE_1:g2:a0:s_27\
	\BasicCounter_1:MODULE_1:g2:a0:s_26\
	\BasicCounter_1:MODULE_1:g2:a0:s_25\
	\BasicCounter_1:MODULE_1:g2:a0:s_24\
	\BasicCounter_1:MODULE_1:g2:a0:s_23\
	\BasicCounter_1:MODULE_1:g2:a0:s_22\
	\BasicCounter_1:MODULE_1:g2:a0:s_21\
	\BasicCounter_1:MODULE_1:g2:a0:s_20\
	\BasicCounter_1:MODULE_1:g2:a0:s_19\
	\BasicCounter_1:MODULE_1:g2:a0:s_18\
	\BasicCounter_1:MODULE_1:g2:a0:s_17\
	\BasicCounter_1:MODULE_1:g2:a0:s_16\
	\BasicCounter_1:MODULE_1:g2:a0:s_15\
	\BasicCounter_1:MODULE_1:g2:a0:s_14\
	\BasicCounter_1:MODULE_1:g2:a0:s_13\
	\BasicCounter_1:MODULE_1:g2:a0:s_12\
	\BasicCounter_1:MODULE_1:g2:a0:s_11\
	\BasicCounter_1:MODULE_1:g2:a0:s_10\
	\BasicCounter_1:MODULE_1:g2:a0:s_9\
	\BasicCounter_1:MODULE_1:g2:a0:s_8\
	\BasicCounter_1:MODULE_1:g2:a0:s_7\
	\BasicCounter_1:MODULE_1:g2:a0:s_6\
	\BasicCounter_1:MODULE_1:g2:a0:s_5\
	\BasicCounter_1:MODULE_1:g2:a0:s_4\
	\BasicCounter_1:MODULE_1:g2:a0:s_3\
	\BasicCounter_1:MODULE_1:g2:a0:g1:z1:s0:g1:u0:c_31\
	\BasicCounter_1:MODULE_1:g2:a0:g1:z1:s0:g1:u0:c_30\
	\BasicCounter_1:MODULE_1:g2:a0:g1:z1:s0:g1:u0:c_29\
	\BasicCounter_1:MODULE_1:g2:a0:g1:z1:s0:g1:u0:c_28\
	\BasicCounter_1:MODULE_1:g2:a0:g1:z1:s0:g1:u0:c_27\
	\BasicCounter_1:MODULE_1:g2:a0:g1:z1:s0:g1:u0:c_26\
	\BasicCounter_1:MODULE_1:g2:a0:g1:z1:s0:g1:u0:c_25\

    Synthesized names
	\BasicCounter_1:add_vi_vv_MODGEN_1_31\
	\BasicCounter_1:add_vi_vv_MODGEN_1_30\
	\BasicCounter_1:add_vi_vv_MODGEN_1_29\
	\BasicCounter_1:add_vi_vv_MODGEN_1_28\
	\BasicCounter_1:add_vi_vv_MODGEN_1_27\
	\BasicCounter_1:add_vi_vv_MODGEN_1_26\
	\BasicCounter_1:add_vi_vv_MODGEN_1_25\
	\BasicCounter_1:add_vi_vv_MODGEN_1_24\
	\BasicCounter_1:add_vi_vv_MODGEN_1_23\
	\BasicCounter_1:add_vi_vv_MODGEN_1_22\
	\BasicCounter_1:add_vi_vv_MODGEN_1_21\
	\BasicCounter_1:add_vi_vv_MODGEN_1_20\
	\BasicCounter_1:add_vi_vv_MODGEN_1_19\
	\BasicCounter_1:add_vi_vv_MODGEN_1_18\
	\BasicCounter_1:add_vi_vv_MODGEN_1_17\
	\BasicCounter_1:add_vi_vv_MODGEN_1_16\
	\BasicCounter_1:add_vi_vv_MODGEN_1_15\
	\BasicCounter_1:add_vi_vv_MODGEN_1_14\
	\BasicCounter_1:add_vi_vv_MODGEN_1_13\
	\BasicCounter_1:add_vi_vv_MODGEN_1_12\
	\BasicCounter_1:add_vi_vv_MODGEN_1_11\
	\BasicCounter_1:add_vi_vv_MODGEN_1_10\
	\BasicCounter_1:add_vi_vv_MODGEN_1_9\
	\BasicCounter_1:add_vi_vv_MODGEN_1_8\
	\BasicCounter_1:add_vi_vv_MODGEN_1_7\
	\BasicCounter_1:add_vi_vv_MODGEN_1_6\
	\BasicCounter_1:add_vi_vv_MODGEN_1_5\
	\BasicCounter_1:add_vi_vv_MODGEN_1_4\
	\BasicCounter_1:add_vi_vv_MODGEN_1_3\

Deleted 108 User equations/components.
Deleted 29 Synthesized equations/components.

------------------------------------------------------
Alias Detection
------------------------------------------------------
Aliasing one to tmpOE__Pin_Green_net_0
Aliasing tmpOE__Pin_Red_net_0 to tmpOE__Pin_Green_net_0
Aliasing tmpOE__Pin_Blue_net_0 to tmpOE__Pin_Green_net_0
Aliasing tmpOE__Pin_SW2_net_0 to tmpOE__Pin_Green_net_0
Aliasing Net_69 to zero
Aliasing Net_75 to tmpOE__Pin_Green_net_0
Aliasing \BasicCounter_1:MODULE_1:g2:a0:a_23\ to zero
Aliasing \BasicCounter_1:MODULE_1:g2:a0:a_22\ to zero
Aliasing \BasicCounter_1:MODULE_1:g2:a0:a_21\ to zero
Aliasing \BasicCounter_1:MODULE_1:g2:a0:a_20\ to zero
Aliasing \BasicCounter_1:MODULE_1:g2:a0:a_19\ to zero
Aliasing \BasicCounter_1:MODULE_1:g2:a0:a_18\ to zero
Aliasing \BasicCounter_1:MODULE_1:g2:a0:a_17\ to zero
Aliasing \BasicCounter_1:MODULE_1:g2:a0:a_16\ to zero
Aliasing \BasicCounter_1:MODULE_1:g2:a0:a_15\ to zero
Aliasing \BasicCounter_1:MODULE_1:g2:a0:a_14\ to zero
Aliasing \BasicCounter_1:MODULE_1:g2:a0:a_13\ to zero
Aliasing \BasicCounter_1:MODULE_1:g2:a0:a_12\ to zero
Aliasing \BasicCounter_1:MODULE_1:g2:a0:a_11\ to zero
Aliasing \BasicCounter_1:MODULE_1:g2:a0:a_10\ to zero
Aliasing \BasicCounter_1:MODULE_1:g2:a0:a_9\ to zero
Aliasing \BasicCounter_1:MODULE_1:g2:a0:a_8\ to zero
Aliasing \BasicCounter_1:MODULE_1:g2:a0:a_7\ to zero
Aliasing \BasicCounter_1:MODULE_1:g2:a0:a_6\ to zero
Aliasing \BasicCounter_1:MODULE_1:g2:a0:a_5\ to zero
Aliasing \BasicCounter_1:MODULE_1:g2:a0:a_4\ to zero
Aliasing \BasicCounter_1:MODULE_1:g2:a0:a_3\ to zero
Aliasing \BasicCounter_1:MODULE_1:g2:a0:g1:z1:s0:g1:u0:b_0\ to tmpOE__Pin_Green_net_0
Removing Lhs of wire one[8] = tmpOE__Pin_Green_net_0[1]
Removing Lhs of wire tmpOE__Pin_Red_net_0[11] = tmpOE__Pin_Green_net_0[1]
Removing Lhs of wire tmpOE__Pin_Blue_net_0[19] = tmpOE__Pin_Green_net_0[1]
Removing Lhs of wire tmpOE__Pin_SW2_net_0[42] = tmpOE__Pin_Green_net_0[1]
Removing Lhs of wire Net_69[52] = zero[7]
Removing Lhs of wire Net_75[53] = tmpOE__Pin_Green_net_0[1]
Removing Lhs of wire \BasicCounter_1:add_vi_vv_MODGEN_1_2\[54] = \BasicCounter_1:MODULE_1:g2:a0:s_2\[214]
Removing Lhs of wire \BasicCounter_1:add_vi_vv_MODGEN_1_1\[55] = \BasicCounter_1:MODULE_1:g2:a0:s_1\[215]
Removing Lhs of wire \BasicCounter_1:add_vi_vv_MODGEN_1_0\[56] = \BasicCounter_1:MODULE_1:g2:a0:s_0\[216]
Removing Lhs of wire \BasicCounter_1:MODULE_1:g2:a0:a_23\[97] = zero[7]
Removing Lhs of wire \BasicCounter_1:MODULE_1:g2:a0:a_22\[98] = zero[7]
Removing Lhs of wire \BasicCounter_1:MODULE_1:g2:a0:a_21\[99] = zero[7]
Removing Lhs of wire \BasicCounter_1:MODULE_1:g2:a0:a_20\[100] = zero[7]
Removing Lhs of wire \BasicCounter_1:MODULE_1:g2:a0:a_19\[101] = zero[7]
Removing Lhs of wire \BasicCounter_1:MODULE_1:g2:a0:a_18\[102] = zero[7]
Removing Lhs of wire \BasicCounter_1:MODULE_1:g2:a0:a_17\[103] = zero[7]
Removing Lhs of wire \BasicCounter_1:MODULE_1:g2:a0:a_16\[104] = zero[7]
Removing Lhs of wire \BasicCounter_1:MODULE_1:g2:a0:a_15\[105] = zero[7]
Removing Lhs of wire \BasicCounter_1:MODULE_1:g2:a0:a_14\[106] = zero[7]
Removing Lhs of wire \BasicCounter_1:MODULE_1:g2:a0:a_13\[107] = zero[7]
Removing Lhs of wire \BasicCounter_1:MODULE_1:g2:a0:a_12\[108] = zero[7]
Removing Lhs of wire \BasicCounter_1:MODULE_1:g2:a0:a_11\[109] = zero[7]
Removing Lhs of wire \BasicCounter_1:MODULE_1:g2:a0:a_10\[110] = zero[7]
Removing Lhs of wire \BasicCounter_1:MODULE_1:g2:a0:a_9\[111] = zero[7]
Removing Lhs of wire \BasicCounter_1:MODULE_1:g2:a0:a_8\[112] = zero[7]
Removing Lhs of wire \BasicCounter_1:MODULE_1:g2:a0:a_7\[113] = zero[7]
Removing Lhs of wire \BasicCounter_1:MODULE_1:g2:a0:a_6\[114] = zero[7]
Removing Lhs of wire \BasicCounter_1:MODULE_1:g2:a0:a_5\[115] = zero[7]
Removing Lhs of wire \BasicCounter_1:MODULE_1:g2:a0:a_4\[116] = zero[7]
Removing Lhs of wire \BasicCounter_1:MODULE_1:g2:a0:a_3\[117] = zero[7]
Removing Lhs of wire \BasicCounter_1:MODULE_1:g2:a0:a_2\[118] = \BasicCounter_1:MODIN1_2\[119]
Removing Lhs of wire \BasicCounter_1:MODIN1_2\[119] = Net_46_2[2]
Removing Lhs of wire \BasicCounter_1:MODULE_1:g2:a0:a_1\[120] = \BasicCounter_1:MODIN1_1\[121]
Removing Lhs of wire \BasicCounter_1:MODIN1_1\[121] = Net_46_1[20]
Removing Lhs of wire \BasicCounter_1:MODULE_1:g2:a0:a_0\[122] = \BasicCounter_1:MODIN1_0\[123]
Removing Lhs of wire \BasicCounter_1:MODIN1_0\[123] = Net_46_0[12]
Removing Lhs of wire \BasicCounter_1:MODULE_1:g2:a0:g1:z1:s0:g1:u0:c_0\[254] = tmpOE__Pin_Green_net_0[1]
Removing Lhs of wire \BasicCounter_1:MODULE_1:g2:a0:g1:z1:s0:g1:u0:b_0\[255] = tmpOE__Pin_Green_net_0[1]

------------------------------------------------------
Aliased 0 equations, 38 wires.
------------------------------------------------------

----------------------------------------------------------
Circuit simplification
----------------------------------------------------------

Substituting virtuals - pass 1:

Note:  Expanding virtual equation for 'tmpOE__Pin_Green_net_0' (cost = 0):
tmpOE__Pin_Green_net_0 <=  ('1') ;

Note:  Expanding virtual equation for 'zero' (cost = 0):
zero <=  ('0') ;

Note:  Expanding virtual equation for '\BasicCounter_1:MODULE_1:g2:a0:g1:z1:s0:g1:u0:c_1\' (cost = 0):
\BasicCounter_1:MODULE_1:g2:a0:g1:z1:s0:g1:u0:c_1\ <= (Net_46_0);

Note:  Expanding virtual equation for '\BasicCounter_1:MODULE_1:g2:a0:s_0\' (cost = 0):
\BasicCounter_1:MODULE_1:g2:a0:s_0\ <= (not Net_46_0);

Note:  Expanding virtual equation for '\BasicCounter_1:MODULE_1:g2:a0:g1:z1:s0:g1:u0:c_17\' (cost = 0):
\BasicCounter_1:MODULE_1:g2:a0:g1:z1:s0:g1:u0:c_17\ <=  ('0') ;

Note:  Expanding virtual equation for '\BasicCounter_1:MODULE_1:g2:a0:g1:z1:s0:g1:u0:c_9\' (cost = 0):
\BasicCounter_1:MODULE_1:g2:a0:g1:z1:s0:g1:u0:c_9\ <=  ('0') ;


Substituting virtuals - pass 2:

Note:  Expanding virtual equation for '\BasicCounter_1:MODULE_1:g2:a0:g1:z1:s0:g1:u0:c_2\' (cost = 4):
\BasicCounter_1:MODULE_1:g2:a0:g1:z1:s0:g1:u0:c_2\ <= ((Net_46_0 and Net_46_1));

Note:  Expanding virtual equation for '\BasicCounter_1:MODULE_1:g2:a0:s_1\' (cost = 2):
\BasicCounter_1:MODULE_1:g2:a0:s_1\ <= ((not Net_46_0 and Net_46_1)
	OR (not Net_46_1 and Net_46_0));

Note:  Expanding virtual equation for '\BasicCounter_1:MODULE_1:g2:a0:g1:z1:s0:g1:u0:c_18\' (cost = 0):
\BasicCounter_1:MODULE_1:g2:a0:g1:z1:s0:g1:u0:c_18\ <=  ('0') ;

Note:  Expanding virtual equation for '\BasicCounter_1:MODULE_1:g2:a0:g1:z1:s0:g1:u0:c_10\' (cost = 0):
\BasicCounter_1:MODULE_1:g2:a0:g1:z1:s0:g1:u0:c_10\ <=  ('0') ;

Note:  Expanding virtual equation for '\BasicCounter_1:MODULE_1:g2:a0:g1:z1:s0:g1:u0:c_3\' (cost = 0):
\BasicCounter_1:MODULE_1:g2:a0:g1:z1:s0:g1:u0:c_3\ <= ((Net_46_2 and Net_46_0 and Net_46_1));


Substituting virtuals - pass 3:

Note:  Expanding virtual equation for '\BasicCounter_1:MODULE_1:g2:a0:s_2\' (cost = 3):
\BasicCounter_1:MODULE_1:g2:a0:s_2\ <= ((not Net_46_0 and Net_46_2)
	OR (not Net_46_1 and Net_46_2)
	OR (not Net_46_2 and Net_46_0 and Net_46_1));

Note:  Expanding virtual equation for '\BasicCounter_1:MODULE_1:g2:a0:g1:z1:s0:g1:u0:c_19\' (cost = 0):
\BasicCounter_1:MODULE_1:g2:a0:g1:z1:s0:g1:u0:c_19\ <=  ('0') ;

Note:  Expanding virtual equation for '\BasicCounter_1:MODULE_1:g2:a0:g1:z1:s0:g1:u0:c_11\' (cost = 0):
\BasicCounter_1:MODULE_1:g2:a0:g1:z1:s0:g1:u0:c_11\ <=  ('0') ;

Note:  Expanding virtual equation for '\BasicCounter_1:MODULE_1:g2:a0:g1:z1:s0:g1:u0:c_4\' (cost = 0):
\BasicCounter_1:MODULE_1:g2:a0:g1:z1:s0:g1:u0:c_4\ <=  ('0') ;


Substituting virtuals - pass 4:

Note:  Expanding virtual equation for '\BasicCounter_1:MODULE_1:g2:a0:g1:z1:s0:g1:u0:c_20\' (cost = 0):
\BasicCounter_1:MODULE_1:g2:a0:g1:z1:s0:g1:u0:c_20\ <=  ('0') ;

Note:  Expanding virtual equation for '\BasicCounter_1:MODULE_1:g2:a0:g1:z1:s0:g1:u0:c_12\' (cost = 0):
\BasicCounter_1:MODULE_1:g2:a0:g1:z1:s0:g1:u0:c_12\ <=  ('0') ;

Note:  Expanding virtual equation for '\BasicCounter_1:MODULE_1:g2:a0:g1:z1:s0:g1:u0:c_5\' (cost = 0):
\BasicCounter_1:MODULE_1:g2:a0:g1:z1:s0:g1:u0:c_5\ <=  ('0') ;


Substituting virtuals - pass 5:

Note:  Expanding virtual equation for '\BasicCounter_1:MODULE_1:g2:a0:g1:z1:s0:g1:u0:c_21\' (cost = 0):
\BasicCounter_1:MODULE_1:g2:a0:g1:z1:s0:g1:u0:c_21\ <=  ('0') ;

Note:  Expanding virtual equation for '\BasicCounter_1:MODULE_1:g2:a0:g1:z1:s0:g1:u0:c_13\' (cost = 0):
\BasicCounter_1:MODULE_1:g2:a0:g1:z1:s0:g1:u0:c_13\ <=  ('0') ;

Note:  Expanding virtual equation for '\BasicCounter_1:MODULE_1:g2:a0:g1:z1:s0:g1:u0:c_6\' (cost = 0):
\BasicCounter_1:MODULE_1:g2:a0:g1:z1:s0:g1:u0:c_6\ <=  ('0') ;


Substituting virtuals - pass 6:

Note:  Expanding virtual equation for '\BasicCounter_1:MODULE_1:g2:a0:g1:z1:s0:g1:u0:c_22\' (cost = 0):
\BasicCounter_1:MODULE_1:g2:a0:g1:z1:s0:g1:u0:c_22\ <=  ('0') ;

Note:  Expanding virtual equation for '\BasicCounter_1:MODULE_1:g2:a0:g1:z1:s0:g1:u0:c_14\' (cost = 0):
\BasicCounter_1:MODULE_1:g2:a0:g1:z1:s0:g1:u0:c_14\ <=  ('0') ;

Note:  Expanding virtual equation for '\BasicCounter_1:MODULE_1:g2:a0:g1:z1:s0:g1:u0:c_7\' (cost = 0):
\BasicCounter_1:MODULE_1:g2:a0:g1:z1:s0:g1:u0:c_7\ <=  ('0') ;


Substituting virtuals - pass 7:

Note:  Expanding virtual equation for '\BasicCounter_1:MODULE_1:g2:a0:g1:z1:s0:g1:u0:c_23\' (cost = 0):
\BasicCounter_1:MODULE_1:g2:a0:g1:z1:s0:g1:u0:c_23\ <=  ('0') ;

Note:  Expanding virtual equation for '\BasicCounter_1:MODULE_1:g2:a0:g1:z1:s0:g1:u0:c_15\' (cost = 0):
\BasicCounter_1:MODULE_1:g2:a0:g1:z1:s0:g1:u0:c_15\ <=  ('0') ;


Substituting virtuals - pass 8:


----------------------------------------------------------
Circuit simplification results:

	Expanded 26 signals.
	Turned 0 signals into soft nodes.
	Maximum default expansion cost was set at 3.
----------------------------------------------------------

------------------------------------------------------
Alias Detection
------------------------------------------------------
Aliasing \BasicCounter_1:MODULE_1:g2:a0:g1:z1:s0:g1:u0:b_24\ to zero
Aliasing \BasicCounter_1:MODULE_1:g2:a0:g1:z1:s0:g1:u0:b_16\ to zero
Aliasing \BasicCounter_1:MODULE_1:g2:a0:g1:z1:s0:g1:u0:b_8\ to zero
Removing Lhs of wire \BasicCounter_1:MODULE_1:g2:a0:g1:z1:s0:g1:u0:b_24\[225] = zero[7]
Removing Lhs of wire \BasicCounter_1:MODULE_1:g2:a0:g1:z1:s0:g1:u0:b_16\[235] = zero[7]
Removing Lhs of wire \BasicCounter_1:MODULE_1:g2:a0:g1:z1:s0:g1:u0:b_8\[245] = zero[7]

------------------------------------------------------
Aliased 0 equations, 3 wires.
------------------------------------------------------

----------------------------------------------------------
Circuit simplification
----------------------------------------------------------

Eliminating unused logic - pass 1:


Eliminating unused logic - pass 2:


Substituting virtuals - pass 1:


----------------------------------------------------------
Circuit simplification results:

	Expanded 0 signals.
	Turned 0 signals into soft nodes.
	Maximum default expansion cost was set at 3.
----------------------------------------------------------

topld:  No errors.

CYPRESS_DIR    : C:\Program Files (x86)\Cypress\PSoC Creator\4.2\PSoC Creator\warp
Warp Program   : C:\Program Files (x86)\Cypress\PSoC Creator\4.2\PSoC Creator\warp\bin\warp.exe
Warp Arguments : -yv2 -q10 -ygs -o2 -v3 -.fftcfgtype=LE -ya "-.fftprj=D:\Users\jagumiel\Documents\PSoC Creator\PSoC-101\PSoC-101\Lesson6.cydsn\Lesson6.cyprj" -dcpsoc3 Lesson6.v -verilog
</CYPRESSTAG>
Warp synthesis phase: Elapsed time ==> 1s.113ms
<CYPRESSTAG name="Fitter results...">
<CYPRESSTAG name="Fitter startup details...">
cyp3fit: V4.2.0.641, Family: PSoC3, Started at: Monday, 06 July 2020 09:56:06
Options: -yv2 -q10 -ygs -o2 -v3 -.fftcfgtype=LE -ya -.fftprj=D:\Users\jagumiel\Documents\PSoC Creator\PSoC-101\PSoC-101\Lesson6.cydsn\Lesson6.cyprj -d CY8C4245AXI-483 Lesson6.v -verilog
</CYPRESSTAG>
<CYPRESSTAG name="Design parsing">
Design parsing phase: Elapsed time ==> 0s.007ms
</CYPRESSTAG>
<CYPRESSTAG name="Tech Mapping">
<CYPRESSTAG name="Initial Mapping" icon="FILE_RPT_TECHM">
    Removed wire end \BasicCounter_1:MODULE_1:g2:a0:g1:z1:s0:g1:u0:c_24\ kept zero
    Removed wire end \BasicCounter_1:MODULE_1:g2:a0:g1:z1:s0:g1:u0:c_16\ kept zero
    Removed wire end \BasicCounter_1:MODULE_1:g2:a0:g1:z1:s0:g1:u0:c_8\ kept zero

Removing unused cells resulting from optimization
Done removing unused cells.
<CYPRESSTAG name="Global Clock Selection" icon="FILE_RPT_TECHM">
<CYPRESSTAG name="UDB Clock/Enable Remapping Results">
</CYPRESSTAG>
<CYPRESSTAG name="UDB Routed Clock Assignment">
    Routed Clock: Pin_SW2(0):iocell.fb
        Effective Clock: HFClk
        Enable Signal: Pin_SW2(0):iocell.fb
</CYPRESSTAG>
</CYPRESSTAG>

Removing unused cells resulting from optimization
Done removing unused cells.
<CYPRESSTAG name="Duplicate Macrocell detection">
</CYPRESSTAG>
</CYPRESSTAG>
<CYPRESSTAG name="Duplicate Macrocell detection">
</CYPRESSTAG>
<CYPRESSTAG name="Design Equations" icon="FILE_RPT_EQUATION">

------------------------------------------------------------
Design Equations
------------------------------------------------------------
    <CYPRESSTAG name="Pin listing">

    ------------------------------------------------------------
    Pin listing
    ------------------------------------------------------------

    Pin : Name = Pin_Green(0)
        Attributes:
            In Group/Port: True
            In Sync Option: AUTO
            Out Sync Option: NOSYNC
            Interrupt generated: False
            Interrupt mode: NONE
            Drive mode: CMOS_OUT
            VTrip: EITHER
            Slew: FAST
            Input Sync needed: False
            Output Sync needed: False
            SC shield enabled: False
            POR State: ANY
            LCD Mode: COMMON
            Register Mode: RegComb
            CaSense Mode: NEITHER
            Treat as pin: True
            Is OE Registered: False
            Uses Analog: False
            Can contain Digital: True
            Is SIO: False
            SIO Output Buf: NONREGULATED
            SIO Input Buf: SINGLE_ENDED
            SIO HiFreq: LOW
            SIO Hyst: DISABLED
            SIO Vtrip: MULTIPLIER_0_5
            SIO Multiplier Index: 0
            SIO RefSel: VCC_IO
            Required Capabilities: DIGITAL, ROUTABLE
            Initial Value: 1
            IO Voltage: 0
        PORT MAP (
            pa_out => Pin_Green(0)__PA ,
            pin_input => Net_46_2 ,
            annotation => Net_8 ,
            pad => Pin_Green(0)_PAD );
        Properties:
        {
        }

    Pin : Name = Pin_Red(0)
        Attributes:
            In Group/Port: True
            In Sync Option: AUTO
            Out Sync Option: NOSYNC
            Interrupt generated: False
            Interrupt mode: NONE
            Drive mode: CMOS_OUT
            VTrip: EITHER
            Slew: FAST
            Input Sync needed: False
            Output Sync needed: False
            SC shield enabled: False
            POR State: ANY
            LCD Mode: COMMON
            Register Mode: RegComb
            CaSense Mode: NEITHER
            Treat as pin: True
            Is OE Registered: False
            Uses Analog: False
            Can contain Digital: True
            Is SIO: False
            SIO Output Buf: NONREGULATED
            SIO Input Buf: SINGLE_ENDED
            SIO HiFreq: LOW
            SIO Hyst: DISABLED
            SIO Vtrip: MULTIPLIER_0_5
            SIO Multiplier Index: 0
            SIO RefSel: VCC_IO
            Required Capabilities: DIGITAL, ROUTABLE
            Initial Value: 1
            IO Voltage: 0
        PORT MAP (
            pa_out => Pin_Red(0)__PA ,
            pin_input => Net_46_0 ,
            annotation => Net_3 ,
            pad => Pin_Red(0)_PAD );
        Properties:
        {
        }

    Pin : Name = Pin_Blue(0)
        Attributes:
            In Group/Port: True
            In Sync Option: AUTO
            Out Sync Option: NOSYNC
            Interrupt generated: False
            Interrupt mode: NONE
            Drive mode: CMOS_OUT
            VTrip: EITHER
            Slew: FAST
            Input Sync needed: False
            Output Sync needed: False
            SC shield enabled: False
            POR State: ANY
            LCD Mode: COMMON
            Register Mode: RegComb
            CaSense Mode: NEITHER
            Treat as pin: True
            Is OE Registered: False
            Uses Analog: False
            Can contain Digital: True
            Is SIO: False
            SIO Output Buf: NONREGULATED
            SIO Input Buf: SINGLE_ENDED
            SIO HiFreq: LOW
            SIO Hyst: DISABLED
            SIO Vtrip: MULTIPLIER_0_5
            SIO Multiplier Index: 0
            SIO RefSel: VCC_IO
            Required Capabilities: DIGITAL, ROUTABLE
            Initial Value: 1
            IO Voltage: 0
        PORT MAP (
            pa_out => Pin_Blue(0)__PA ,
            pin_input => Net_46_1 ,
            annotation => Net_9 ,
            pad => Pin_Blue(0)_PAD );
        Properties:
        {
        }

    Pin : Name = Pin_SW2(0)
        Attributes:
            In Group/Port: True
            In Sync Option: SYNC
            Out Sync Option: AUTO
            Interrupt generated: False
            Interrupt mode: NONE
            Drive mode: RES_PULL_UP
            VTrip: CMOS
            Slew: FAST
            Input Sync needed: True
            Output Sync needed: False
            SC shield enabled: False
            POR State: ANY
            LCD Mode: COMMON
            Register Mode: RegComb
            CaSense Mode: NEITHER
            Treat as pin: True
            Is OE Registered: False
            Uses Analog: False
            Can contain Digital: True
            Is SIO: False
            SIO Output Buf: NONREGULATED
            SIO Input Buf: SINGLE_ENDED
            SIO HiFreq: LOW
            SIO Hyst: DISABLED
            SIO Vtrip: MULTIPLIER_0_5
            SIO Multiplier Index: 0
            SIO RefSel: VCC_IO
            Required Capabilities: DIGITAL, ROUTABLE
            Initial Value: 1
            IO Voltage: 0
        PORT MAP (
            pa_out => Pin_SW2(0)__PA ,
            fb => Net_31 ,
            annotation => Net_26 ,
            pad => Pin_SW2(0)_PAD );
        Properties:
        {
        }
    </CYPRESSTAG>
    <CYPRESSTAG name="Macrocell listing" icon="FILE_RPT_EQUATION">

    ------------------------------------------------------------
    Macrocell listing
    ------------------------------------------------------------

    MacroCell: Name=Net_46_2, Mode=(T-Register)
        Total # of inputs        : 2
        Total # of product terms : 1
        List of special equations: 
            Clock  = (ClockBlock_HFClk) => Global
            Clock Enable: NegEdge(Net_31)
        Main Equation            : 1 pterm
        (
              Net_46_0 * Net_46_1
        );
        Output = Net_46_2 (fanout=1)

    MacroCell: Name=Net_46_0, Mode=(T-Register)
        Total # of inputs        : 0
        Total # of product terms : 0
        List of special equations: 
            Clock  = (ClockBlock_HFClk) => Global
            Clock Enable: NegEdge(Net_31)
        Main Equation            : 0 pterms
        !(
            0
        );
        Output = Net_46_0 (fanout=3)

    MacroCell: Name=Net_46_1, Mode=(T-Register)
        Total # of inputs        : 1
        Total # of product terms : 1
        List of special equations: 
            Clock  = (ClockBlock_HFClk) => Global
            Clock Enable: NegEdge(Net_31)
        Main Equation            : 1 pterm
        (
              Net_46_0
        );
        Output = Net_46_1 (fanout=2)
    </CYPRESSTAG>
    <CYPRESSTAG name="Datapath listing">
    </CYPRESSTAG>
    <CYPRESSTAG name="Status register listing">
    </CYPRESSTAG>
    <CYPRESSTAG name="StatusI register listing">
    </CYPRESSTAG>
    <CYPRESSTAG name="Sync listing">
    </CYPRESSTAG>
    <CYPRESSTAG name="Control register listing">
    </CYPRESSTAG>
    <CYPRESSTAG name="Count7 listing">
    </CYPRESSTAG>
    <CYPRESSTAG name="DRQ listing">
    </CYPRESSTAG>
    <CYPRESSTAG name="Interrupt listing">
    </CYPRESSTAG>
</CYPRESSTAG>
<CYPRESSTAG name="Technology mapping summary" expanded>

------------------------------------------------------------
Technology mapping summary
------------------------------------------------------------

Resource Type                 : Used : Free :  Max :  % Used
============================================================
Digital Clocks                :    0 :    4 :    4 :  0.00 %
Interrupts                    :    0 :   32 :   32 :  0.00 %
IO                            :    6 :   30 :   36 : 16.67 %
Segment LCD                   :    0 :    1 :    1 :  0.00 %
CapSense                      :    0 :    1 :    1 :  0.00 %
Die Temp                      :    0 :    1 :    1 :  0.00 %
Serial Communication (SCB)    :    0 :    2 :    2 :  0.00 %
Timer/Counter/PWM             :    0 :    4 :    4 :  0.00 %
UDB                           :      :      :      :        
  Macrocells                  :    3 :   29 :   32 :  9.38 %
  Unique P-terms              :    2 :   62 :   64 :  3.13 %
  Total P-terms               :    2 :      :      :        
  Datapath Cells              :    0 :    4 :    4 :  0.00 %
  Status Cells                :    0 :    4 :    4 :  0.00 %
  Control Cells               :    0 :    4 :    4 :  0.00 %
Comparator/Opamp              :    0 :    2 :    2 :  0.00 %
LP Comparator                 :    0 :    2 :    2 :  0.00 %
SAR ADC                       :    0 :    1 :    1 :  0.00 %
DAC                           :      :      :      :        
  7-bit IDAC                  :    0 :    1 :    1 :  0.00 %
  8-bit IDAC                  :    0 :    1 :    1 :  0.00 %
</CYPRESSTAG>
Technology Mapping: Elapsed time ==> 0s.133ms
Tech Mapping phase: Elapsed time ==> 0s.159ms
</CYPRESSTAG>
<CYPRESSTAG name="Analog Placement">
<CYPRESSTAG name="FFB & IO Pre Placement">
<CYPRESSTAG name="Placement" icon="FILE_RPT_PLACEMENT">

Cell                                : Block                              
=========================================================================
Pin_Green(0)                        : [IOP=(0)][IoId=(2)]                
Pin_Red(0)                          : [IOP=(1)][IoId=(6)]                
Pin_Blue(0)                         : [IOP=(0)][IoId=(3)]                
Pin_SW2(0)                          : [IOP=(0)][IoId=(7)]                
ClockGenBlock                       : CLK_GEN_[FFB(CLK_GEN,0)]           

</CYPRESSTAG>
</CYPRESSTAG>
<CYPRESSTAG name="Real Analog Placement">
Elapsed time ==> 0.1118367s
</CYPRESSTAG>
Analog Placement phase: Elapsed time ==> 0s.235ms
</CYPRESSTAG>
<CYPRESSTAG name="Analog Routing">
<CYPRESSTAG name="Analog Routing">
Route success=True, Iterations=1 Elapsed=0.0006129 secs
</CYPRESSTAG>
Analog Routing phase: Elapsed time ==> 0s.000ms
</CYPRESSTAG>
<CYPRESSTAG name="Analog Code Generation">
============ Analog Final Answer Routes ============
Dump of CyAnalogRoutingResultsDB
Map of net to items {
}
Map of item to net {
}
Mux Info {
}
Analog Code Generation phase: Elapsed time ==> 0s.015ms
</CYPRESSTAG>
<CYPRESSTAG name="Digital Placement">
<CYPRESSTAG name="Detailed placement messages">
I2076: Total run-time: 0.2 sec.

</CYPRESSTAG>
<CYPRESSTAG name="PLD Packing">
<CYPRESSTAG name="PLD Packing Summary" expanded>

------------------------------------------------------------
PLD Packing Summary
------------------------------------------------------------
            Resource Type : Used : Free :  Max :  % Used
    ====================================================
                     PLDs :    1 :    7 :    8 :  12.50%

<CYPRESSTAG name="PLD Statistics">

        PLD Resource Type :     Average/LAB
    =======================================
                   Inputs :            2.00
                   Pterms :            2.00
               Macrocells :            3.00
</CYPRESSTAG>
<CYPRESSTAG name="Packed PLD Contents">
Packed PLD Contents not displayed at this verbose level.</CYPRESSTAG>
</CYPRESSTAG>
PLD Packing: Elapsed time ==> 0s.000ms
</CYPRESSTAG>
<CYPRESSTAG name="Partitioning">
<CYPRESSTAG name="Initial Partitioning Summary">
Initial Partitioning Summary not displayed at this verbose level.</CYPRESSTAG>
<CYPRESSTAG name="Final Partitioning Summary">
Final Partitioning Summary not displayed at this verbose level.</CYPRESSTAG>
Partitioning: Elapsed time ==> 0s.007ms
</CYPRESSTAG>
<CYPRESSTAG name="Final Placement Summary">

------------------------------------------------------------
Final Placement Summary
------------------------------------------------------------

       Resource Type :      Count : Avg Inputs : Avg Outputs
    ========================================================
                 UDB :          1 :       2.00 :       3.00
<CYPRESSTAG name="Final Placement Details">
<CYPRESSTAG name="Component Details">

------------------------------------------------------------
Component Placement Details
------------------------------------------------------------
UDB [UDB=(0,0)] is empty.
UDB [UDB=(0,1)] is empty.
UDB [UDB=(1,0)] is empty.
UDB [UDB=(1,1)] contents:
LAB@[UDB=(1,1)][LB=0] #macrocells=3, #inputs=2, #pterms=2
{
    [McSlotId=0]:     MacroCell: Name=Net_46_2, Mode=(T-Register) @ [UDB=(1,1)][LB=0][MC=0]
        Total # of inputs        : 2
        Total # of product terms : 1
        List of special equations: 
            Clock  = (ClockBlock_HFClk) => Global
            Clock Enable: NegEdge(Net_31)
        Main Equation            : 1 pterm
        (
              Net_46_0 * Net_46_1
        );
        Output = Net_46_2 (fanout=1)
        Properties               : 
        {
        }

    [McSlotId=1]:     MacroCell: Name=Net_46_1, Mode=(T-Register) @ [UDB=(1,1)][LB=0][MC=1]
        Total # of inputs        : 1
        Total # of product terms : 1
        List of special equations: 
            Clock  = (ClockBlock_HFClk) => Global
            Clock Enable: NegEdge(Net_31)
        Main Equation            : 1 pterm
        (
              Net_46_0
        );
        Output = Net_46_1 (fanout=2)
        Properties               : 
        {
        }

    [McSlotId=2]:     MacroCell: Name=Net_46_0, Mode=(T-Register) @ [UDB=(1,1)][LB=0][MC=2]
        Total # of inputs        : 0
        Total # of product terms : 0
        List of special equations: 
            Clock  = (ClockBlock_HFClk) => Global
            Clock Enable: NegEdge(Net_31)
        Main Equation            : 0 pterms
        !(
            0
        );
        Output = Net_46_0 (fanout=3)
        Properties               : 
        {
        }

    [McSlotId=3]: (empty)
}

Intr container @ [IntrContainer=(0)]: empty
Port 0 contains the following IO cells:
[IoId=2]: 
Pin : Name = Pin_Green(0)
    Attributes:
        In Group/Port: True
        In Sync Option: AUTO
        Out Sync Option: NOSYNC
        Interrupt generated: False
        Interrupt mode: NONE
        Drive mode: CMOS_OUT
        VTrip: EITHER
        Slew: FAST
        Input Sync needed: False
        Output Sync needed: False
        SC shield enabled: False
        POR State: ANY
        LCD Mode: COMMON
        Register Mode: RegComb
        CaSense Mode: NEITHER
        Treat as pin: True
        Is OE Registered: False
        Uses Analog: False
        Can contain Digital: True
        Is SIO: False
        SIO Output Buf: NONREGULATED
        SIO Input Buf: SINGLE_ENDED
        SIO HiFreq: LOW
        SIO Hyst: DISABLED
        SIO Vtrip: MULTIPLIER_0_5
        SIO Multiplier Index: 0
        SIO RefSel: VCC_IO
        Required Capabilities: DIGITAL, ROUTABLE
        Initial Value: 1
        IO Voltage: 0
    PORT MAP (
        pa_out => Pin_Green(0)__PA ,
        pin_input => Net_46_2 ,
        annotation => Net_8 ,
        pad => Pin_Green(0)_PAD );
    Properties:
    {
    }

[IoId=3]: 
Pin : Name = Pin_Blue(0)
    Attributes:
        In Group/Port: True
        In Sync Option: AUTO
        Out Sync Option: NOSYNC
        Interrupt generated: False
        Interrupt mode: NONE
        Drive mode: CMOS_OUT
        VTrip: EITHER
        Slew: FAST
        Input Sync needed: False
        Output Sync needed: False
        SC shield enabled: False
        POR State: ANY
        LCD Mode: COMMON
        Register Mode: RegComb
        CaSense Mode: NEITHER
        Treat as pin: True
        Is OE Registered: False
        Uses Analog: False
        Can contain Digital: True
        Is SIO: False
        SIO Output Buf: NONREGULATED
        SIO Input Buf: SINGLE_ENDED
        SIO HiFreq: LOW
        SIO Hyst: DISABLED
        SIO Vtrip: MULTIPLIER_0_5
        SIO Multiplier Index: 0
        SIO RefSel: VCC_IO
        Required Capabilities: DIGITAL, ROUTABLE
        Initial Value: 1
        IO Voltage: 0
    PORT MAP (
        pa_out => Pin_Blue(0)__PA ,
        pin_input => Net_46_1 ,
        annotation => Net_9 ,
        pad => Pin_Blue(0)_PAD );
    Properties:
    {
    }

[IoId=7]: 
Pin : Name = Pin_SW2(0)
    Attributes:
        In Group/Port: True
        In Sync Option: SYNC
        Out Sync Option: AUTO
        Interrupt generated: False
        Interrupt mode: NONE
        Drive mode: RES_PULL_UP
        VTrip: CMOS
        Slew: FAST
        Input Sync needed: True
        Output Sync needed: False
        SC shield enabled: False
        POR State: ANY
        LCD Mode: COMMON
        Register Mode: RegComb
        CaSense Mode: NEITHER
        Treat as pin: True
        Is OE Registered: False
        Uses Analog: False
        Can contain Digital: True
        Is SIO: False
        SIO Output Buf: NONREGULATED
        SIO Input Buf: SINGLE_ENDED
        SIO HiFreq: LOW
        SIO Hyst: DISABLED
        SIO Vtrip: MULTIPLIER_0_5
        SIO Multiplier Index: 0
        SIO RefSel: VCC_IO
        Required Capabilities: DIGITAL, ROUTABLE
        Initial Value: 1
        IO Voltage: 0
    PORT MAP (
        pa_out => Pin_SW2(0)__PA ,
        fb => Net_31 ,
        annotation => Net_26 ,
        pad => Pin_SW2(0)_PAD );
    Properties:
    {
    }

Port 1 contains the following IO cells:
[IoId=6]: 
Pin : Name = Pin_Red(0)
    Attributes:
        In Group/Port: True
        In Sync Option: AUTO
        Out Sync Option: NOSYNC
        Interrupt generated: False
        Interrupt mode: NONE
        Drive mode: CMOS_OUT
        VTrip: EITHER
        Slew: FAST
        Input Sync needed: False
        Output Sync needed: False
        SC shield enabled: False
        POR State: ANY
        LCD Mode: COMMON
        Register Mode: RegComb
        CaSense Mode: NEITHER
        Treat as pin: True
        Is OE Registered: False
        Uses Analog: False
        Can contain Digital: True
        Is SIO: False
        SIO Output Buf: NONREGULATED
        SIO Input Buf: SINGLE_ENDED
        SIO HiFreq: LOW
        SIO Hyst: DISABLED
        SIO Vtrip: MULTIPLIER_0_5
        SIO Multiplier Index: 0
        SIO RefSel: VCC_IO
        Required Capabilities: DIGITAL, ROUTABLE
        Initial Value: 1
        IO Voltage: 0
    PORT MAP (
        pa_out => Pin_Red(0)__PA ,
        pin_input => Net_46_0 ,
        annotation => Net_3 ,
        pad => Pin_Red(0)_PAD );
    Properties:
    {
    }

Port 2 contains the following IO cells:
Port 3 contains the following IO cells:
Port 4 contains the following IO cells:
ARM group 0: empty
Clock group 0: 
    Clock Block @ F(Clock,0): 
    m0s8clockblockcell: Name =ClockBlock
        PORT MAP (
            hfclk => ClockBlock_HFClk ,
            imo => ClockBlock_IMO ,
            ext => ClockBlock_ExtClk ,
            sysclk => ClockBlock_SysClk ,
            ilo => ClockBlock_ILO ,
            lfclk => ClockBlock_LFClk ,
            dsi_in_0 => ClockBlock_Routed1 );
        Properties:
        {
        }
LCD group 0: empty
PICU group 0: empty
LPCOMP group 0: empty
SCB group 0: empty
CSD group 0: empty
CSIDAC8 group 0: empty
CSIDAC7 group 0: empty
TCPWM group 0: empty
OA group 0: empty
TEMP group 0: empty
SARADC group 0: empty
CLK_GEN group 0: 
    M0S8 Clock Gen Block @ F(CLK_GEN,0): 
    m0s8clockgenblockcell: Name =ClockGenBlock
        PORT MAP (
             );
        Properties:
        {
        }
LPCOMPBLOCK group 0: empty
PASSBLOCK group 0: empty
WCO group 0: empty
SRSS group 0: empty
CPUSS group 0: empty
EXCO group 0: empty
</CYPRESSTAG>
<CYPRESSTAG name="Port Configuration Details">

------------------------------------------------------------
Port Configuration report
------------------------------------------------------------
     |     |       | Interrupt |                  |              | 
Port | Pin | Fixed |      Type |       Drive Mode |         Name | Connections
-----+-----+-------+-----------+------------------+--------------+-------------
   0 |   2 |     * |      NONE |         CMOS_OUT | Pin_Green(0) | In(Net_46_2)
     |   3 |     * |      NONE |         CMOS_OUT |  Pin_Blue(0) | In(Net_46_1)
     |   7 |     * |      NONE |      RES_PULL_UP |   Pin_SW2(0) | FB(Net_31)
-----+-----+-------+-----------+------------------+--------------+-------------
   1 |   6 |     * |      NONE |         CMOS_OUT |   Pin_Red(0) | In(Net_46_0)
-------------------------------------------------------------------------------
</CYPRESSTAG>
</CYPRESSTAG>
</CYPRESSTAG>
Digital component placer commit/Report: Elapsed time ==> 0s.005ms
Digital Placement phase: Elapsed time ==> 0s.598ms
</CYPRESSTAG>
<CYPRESSTAG name="Digital Routing">
"C:\Program Files (x86)\Cypress\PSoC Creator\4.2\PSoC Creator\bin/sjrouter.exe" --xml-path "C:\Program Files (x86)\Cypress\PSoC Creator\4.2\PSoC Creator\dev\psoc4/psoc4a/route_arch-rrg.cydata" --vh2-path "Lesson6_r.vh2" --pcf-path "Lesson6.pco" --des-name "Lesson6" --dsf-path "Lesson6.dsf" --sdc-path "Lesson6.sdc" --lib-path "Lesson6_r.lib"
Routing successful.
Digital Routing phase: Elapsed time ==> 0s.598ms
</CYPRESSTAG>
<CYPRESSTAG name="Bitstream Generation">
Bitstream Generation phase: Elapsed time ==> 0s.143ms
</CYPRESSTAG>
<CYPRESSTAG name="Bitstream Verification">
Bitstream Verification phase: Elapsed time ==> 0s.020ms
</CYPRESSTAG>
<CYPRESSTAG name="Static timing analysis">
Timing report is in Lesson6_timing.html.
Static timing analysis phase: Elapsed time ==> 0s.608ms
</CYPRESSTAG>
<CYPRESSTAG name="Data reporting">
Data reporting phase: Elapsed time ==> 0s.000ms
</CYPRESSTAG>
<CYPRESSTAG name="Database update...">
Design database save phase: Elapsed time ==> 0s.142ms
</CYPRESSTAG>
cydsfit: Elapsed time ==> 2s.581ms
</CYPRESSTAG>
Fitter phase: Elapsed time ==> 2s.582ms
API generation phase: Elapsed time ==> 1s.136ms
Dependency generation phase: Elapsed time ==> 0s.049ms
Cleanup phase: Elapsed time ==> 0s.002ms
