ARM GAS  C:\Users\jagumiel\AppData\Local\Temp\cc4nTJFS.s 			page 1


   1              		.syntax unified
   2              		.cpu cortex-m0
   3              		.fpu softvfp
   4              		.eabi_attribute 20, 1
   5              		.eabi_attribute 21, 1
   6              		.eabi_attribute 23, 3
   7              		.eabi_attribute 24, 1
   8              		.eabi_attribute 25, 1
   9              		.eabi_attribute 26, 1
  10              		.eabi_attribute 30, 1
  11              		.eabi_attribute 34, 0
  12              		.eabi_attribute 18, 4
  13              		.thumb
  14              		.syntax unified
  15              		.file	"main.c"
  16              		.text
  17              	.Ltext0:
  18              		.cfi_sections	.debug_frame
  19              		.section	.text.getResults,"ax",%progbits
  20              		.align	2
  21              		.global	getResults
  22              		.code	16
  23              		.thumb_func
  24              		.type	getResults, %function
  25              	getResults:
  26              	.LFB32:
  27              		.file 1 "main.c"
   1:main.c        **** #include "project.h"
   2:main.c        **** #include <stdlib.h> //Needed for atoi() function.
   3:main.c        **** 
   4:main.c        **** uint8_t red, green, blue = 0;
   5:main.c        **** 
   6:main.c        **** void getResults(char cmd, char ledValue[]){
  28              		.loc 1 6 0
  29              		.cfi_startproc
  30              		@ args = 0, pretend = 0, frame = 8
  31              		@ frame_needed = 0, uses_anonymous_args = 0
  32              	.LVL0:
  33 0000 30B5     		push	{r4, r5, lr}
  34              		.cfi_def_cfa_offset 12
  35              		.cfi_offset 4, -12
  36              		.cfi_offset 5, -8
  37              		.cfi_offset 14, -4
  38 0002 83B0     		sub	sp, sp, #12
  39              		.cfi_def_cfa_offset 24
  40 0004 0D00     		movs	r5, r1
  41              	.LVL1:
   7:main.c        ****     /* Gets the scratch buffer data (string of chars) and places it into color variables (as intege
   8:main.c        ****     char singleValAux[3];
   9:main.c        ****     int i=0;
  10:main.c        ****     if(cmd=='W'){
  42              		.loc 1 10 0
  43 0006 5728     		cmp	r0, #87
  44 0008 08D0     		beq	.L13
  45 000a 0023     		movs	r3, #0
  46 000c 0022     		movs	r2, #0
  47 000e 30E0     		b	.L3
ARM GAS  C:\Users\jagumiel\AppData\Local\Temp\cc4nTJFS.s 			page 2


  48              	.LVL2:
  49              	.L4:
  50              	.LBB2:
  11:main.c        ****         for(int j=0; j<3; j++){
  12:main.c        ****             singleValAux[j]=ledValue[i];
  51              		.loc 1 12 0 discriminator 3
  52 0010 295D     		ldrb	r1, [r5, r4]
  53 0012 01AA     		add	r2, sp, #4
  54 0014 D154     		strb	r1, [r2, r3]
  13:main.c        ****             i++;
  55              		.loc 1 13 0 discriminator 3
  56 0016 0134     		adds	r4, r4, #1
  57              	.LVL3:
  11:main.c        ****         for(int j=0; j<3; j++){
  58              		.loc 1 11 0 discriminator 3
  59 0018 0133     		adds	r3, r3, #1
  60              	.LVL4:
  61 001a 01E0     		b	.L2
  62              	.LVL5:
  63              	.L13:
  64              	.LBE2:
  65 001c 0023     		movs	r3, #0
  66 001e 0024     		movs	r4, #0
  67              	.LVL6:
  68              	.L2:
  69              	.LBB3:
  11:main.c        ****         for(int j=0; j<3; j++){
  70              		.loc 1 11 0 is_stmt 0 discriminator 1
  71 0020 022B     		cmp	r3, #2
  72 0022 F5DD     		ble	.L4
  73              	.LBE3:
  14:main.c        ****         }
  15:main.c        ****         red = atoi(singleValAux);
  74              		.loc 1 15 0 is_stmt 1
  75 0024 01A8     		add	r0, sp, #4
  76              	.LVL7:
  77 0026 FFF7FEFF 		bl	atoi
  78              	.LVL8:
  79 002a 1E4B     		ldr	r3, .L14
  80 002c 1870     		strb	r0, [r3]
  81              	.LVL9:
  82              	.LBB4:
  16:main.c        ****         for(int j=0; j<3; j++){
  83              		.loc 1 16 0
  84 002e 0023     		movs	r3, #0
  85 0030 04E0     		b	.L5
  86              	.LVL10:
  87              	.L6:
  17:main.c        ****             singleValAux[j]=ledValue[i];
  88              		.loc 1 17 0 discriminator 3
  89 0032 295D     		ldrb	r1, [r5, r4]
  90 0034 01AA     		add	r2, sp, #4
  91 0036 D154     		strb	r1, [r2, r3]
  18:main.c        ****             i++;
  92              		.loc 1 18 0 discriminator 3
  93 0038 0134     		adds	r4, r4, #1
  94              	.LVL11:
ARM GAS  C:\Users\jagumiel\AppData\Local\Temp\cc4nTJFS.s 			page 3


  16:main.c        ****         for(int j=0; j<3; j++){
  95              		.loc 1 16 0 discriminator 3
  96 003a 0133     		adds	r3, r3, #1
  97              	.LVL12:
  98              	.L5:
  16:main.c        ****         for(int j=0; j<3; j++){
  99              		.loc 1 16 0 is_stmt 0 discriminator 1
 100 003c 022B     		cmp	r3, #2
 101 003e F8DD     		ble	.L6
 102              	.LBE4:
  19:main.c        ****         }
  20:main.c        ****         green = atoi(singleValAux);
 103              		.loc 1 20 0 is_stmt 1
 104 0040 01A8     		add	r0, sp, #4
 105 0042 FFF7FEFF 		bl	atoi
 106              	.LVL13:
 107 0046 184B     		ldr	r3, .L14+4
 108 0048 1870     		strb	r0, [r3]
 109              	.LVL14:
 110              	.LBB5:
  21:main.c        ****         for(int j=0; j<3; j++){
 111              		.loc 1 21 0
 112 004a 0023     		movs	r3, #0
 113 004c 04E0     		b	.L7
 114              	.LVL15:
 115              	.L8:
  22:main.c        ****             singleValAux[j]=ledValue[i];
 116              		.loc 1 22 0 discriminator 3
 117 004e 295D     		ldrb	r1, [r5, r4]
 118 0050 01AA     		add	r2, sp, #4
 119 0052 D154     		strb	r1, [r2, r3]
  23:main.c        ****             i++;
 120              		.loc 1 23 0 discriminator 3
 121 0054 0134     		adds	r4, r4, #1
 122              	.LVL16:
  21:main.c        ****         for(int j=0; j<3; j++){
 123              		.loc 1 21 0 discriminator 3
 124 0056 0133     		adds	r3, r3, #1
 125              	.LVL17:
 126              	.L7:
  21:main.c        ****         for(int j=0; j<3; j++){
 127              		.loc 1 21 0 is_stmt 0 discriminator 1
 128 0058 022B     		cmp	r3, #2
 129 005a F8DD     		ble	.L8
 130              	.LBE5:
  24:main.c        ****         }
  25:main.c        ****         blue = atoi(singleValAux);
 131              		.loc 1 25 0 is_stmt 1
 132 005c 01A8     		add	r0, sp, #4
 133 005e FFF7FEFF 		bl	atoi
 134              	.LVL18:
 135 0062 124B     		ldr	r3, .L14+8
 136 0064 1870     		strb	r0, [r3]
 137 0066 1BE0     		b	.L1
 138              	.LVL19:
 139              	.L10:
 140              	.LBB6:
ARM GAS  C:\Users\jagumiel\AppData\Local\Temp\cc4nTJFS.s 			page 4


  26:main.c        ****     }else{
  27:main.c        ****         /* Does exactly the same, but in this case, it only sets 1 value instead of the three RGB v
  28:main.c        ****         for(int j=0; j<3; j++){
  29:main.c        ****             singleValAux[j]=ledValue[i];
 141              		.loc 1 29 0 discriminator 3
 142 0068 AC5C     		ldrb	r4, [r5, r2]
 143 006a 01A9     		add	r1, sp, #4
 144 006c CC54     		strb	r4, [r1, r3]
  30:main.c        ****             i++;
 145              		.loc 1 30 0 discriminator 3
 146 006e 0132     		adds	r2, r2, #1
 147              	.LVL20:
  28:main.c        ****             singleValAux[j]=ledValue[i];
 148              		.loc 1 28 0 discriminator 3
 149 0070 0133     		adds	r3, r3, #1
 150              	.LVL21:
 151              	.L3:
  28:main.c        ****             singleValAux[j]=ledValue[i];
 152              		.loc 1 28 0 is_stmt 0 discriminator 1
 153 0072 022B     		cmp	r3, #2
 154 0074 F8DD     		ble	.L10
 155              	.LBE6:
  31:main.c        ****         }
  32:main.c        ****         if(cmd=='R'){
 156              		.loc 1 32 0 is_stmt 1
 157 0076 5228     		cmp	r0, #82
 158 0078 05D1     		bne	.L11
  33:main.c        ****             red = atoi(singleValAux);
 159              		.loc 1 33 0
 160 007a 01A8     		add	r0, sp, #4
 161              	.LVL22:
 162 007c FFF7FEFF 		bl	atoi
 163              	.LVL23:
 164 0080 084B     		ldr	r3, .L14
 165 0082 1870     		strb	r0, [r3]
 166 0084 0CE0     		b	.L1
 167              	.LVL24:
 168              	.L11:
  34:main.c        ****         }else if(cmd=='G'){
 169              		.loc 1 34 0
 170 0086 4728     		cmp	r0, #71
 171 0088 05D1     		bne	.L12
  35:main.c        ****             green = atoi(singleValAux);
 172              		.loc 1 35 0
 173 008a 01A8     		add	r0, sp, #4
 174              	.LVL25:
 175 008c FFF7FEFF 		bl	atoi
 176              	.LVL26:
 177 0090 054B     		ldr	r3, .L14+4
 178 0092 1870     		strb	r0, [r3]
 179 0094 04E0     		b	.L1
 180              	.LVL27:
 181              	.L12:
  36:main.c        ****         }else{
  37:main.c        ****             blue = atoi(singleValAux);
 182              		.loc 1 37 0
 183 0096 01A8     		add	r0, sp, #4
ARM GAS  C:\Users\jagumiel\AppData\Local\Temp\cc4nTJFS.s 			page 5


 184              	.LVL28:
 185 0098 FFF7FEFF 		bl	atoi
 186              	.LVL29:
 187 009c 034B     		ldr	r3, .L14+8
 188 009e 1870     		strb	r0, [r3]
 189              	.L1:
  38:main.c        ****         }
  39:main.c        ****     }
  40:main.c        ****     
  41:main.c        ****     /*Numbers must be comprehended between 0-255. If they are greater than 255 are setted to the ma
  42:main.c        ****     if (red > 255)   red    = 255;
  43:main.c        ****     if (green > 255) green  = 255;
  44:main.c        ****     if (blue > 255)  blue   = 255;
  45:main.c        **** }
 190              		.loc 1 45 0
 191 00a0 03B0     		add	sp, sp, #12
 192              		@ sp needed
 193              	.LVL30:
 194 00a2 30BD     		pop	{r4, r5, pc}
 195              	.L15:
 196              		.align	2
 197              	.L14:
 198 00a4 00000000 		.word	red
 199 00a8 00000000 		.word	green
 200 00ac 00000000 		.word	.LANCHOR0
 201              		.cfi_endproc
 202              	.LFE32:
 203              		.size	getResults, .-getResults
 204              		.section	.text.setLeds,"ax",%progbits
 205              		.align	2
 206              		.global	setLeds
 207              		.code	16
 208              		.thumb_func
 209              		.type	setLeds, %function
 210              	setLeds:
 211              	.LFB33:
  46:main.c        **** 
  47:main.c        **** void setLeds(){
 212              		.loc 1 47 0
 213              		.cfi_startproc
 214              		@ args = 0, pretend = 0, frame = 0
 215              		@ frame_needed = 0, uses_anonymous_args = 0
 216 0000 10B5     		push	{r4, lr}
 217              		.cfi_def_cfa_offset 8
 218              		.cfi_offset 4, -8
 219              		.cfi_offset 14, -4
  48:main.c        ****     PWM_1_WriteCompare(red);
 220              		.loc 1 48 0
 221 0002 064B     		ldr	r3, .L17
 222 0004 1878     		ldrb	r0, [r3]
 223 0006 FFF7FEFF 		bl	PWM_1_WriteCompare
 224              	.LVL31:
  49:main.c        ****     PWM_2_WriteCompare(green);
 225              		.loc 1 49 0
 226 000a 054B     		ldr	r3, .L17+4
 227 000c 1878     		ldrb	r0, [r3]
 228 000e FFF7FEFF 		bl	PWM_2_WriteCompare
ARM GAS  C:\Users\jagumiel\AppData\Local\Temp\cc4nTJFS.s 			page 6


 229              	.LVL32:
  50:main.c        ****     PWM_3_WriteCompare(blue);
 230              		.loc 1 50 0
 231 0012 044B     		ldr	r3, .L17+8
 232 0014 1878     		ldrb	r0, [r3]
 233 0016 FFF7FEFF 		bl	PWM_3_WriteCompare
 234              	.LVL33:
  51:main.c        **** }
 235              		.loc 1 51 0
 236              		@ sp needed
 237 001a 10BD     		pop	{r4, pc}
 238              	.L18:
 239              		.align	2
 240              	.L17:
 241 001c 00000000 		.word	red
 242 0020 00000000 		.word	green
 243 0024 00000000 		.word	.LANCHOR0
 244              		.cfi_endproc
 245              	.LFE33:
 246              		.size	setLeds, .-setLeds
 247              		.section	.text.turnOffLeds,"ax",%progbits
 248              		.align	2
 249              		.global	turnOffLeds
 250              		.code	16
 251              		.thumb_func
 252              		.type	turnOffLeds, %function
 253              	turnOffLeds:
 254              	.LFB34:
  52:main.c        **** 
  53:main.c        **** void turnOffLeds(){
 255              		.loc 1 53 0
 256              		.cfi_startproc
 257              		@ args = 0, pretend = 0, frame = 0
 258              		@ frame_needed = 0, uses_anonymous_args = 0
 259 0000 10B5     		push	{r4, lr}
 260              		.cfi_def_cfa_offset 8
 261              		.cfi_offset 4, -8
 262              		.cfi_offset 14, -4
  54:main.c        ****     PWM_1_WriteCompare(0);
 263              		.loc 1 54 0
 264 0002 0020     		movs	r0, #0
 265 0004 FFF7FEFF 		bl	PWM_1_WriteCompare
 266              	.LVL34:
  55:main.c        ****     PWM_2_WriteCompare(0);
 267              		.loc 1 55 0
 268 0008 0020     		movs	r0, #0
 269 000a FFF7FEFF 		bl	PWM_2_WriteCompare
 270              	.LVL35:
  56:main.c        ****     PWM_3_WriteCompare(0);
 271              		.loc 1 56 0
 272 000e 0020     		movs	r0, #0
 273 0010 FFF7FEFF 		bl	PWM_3_WriteCompare
 274              	.LVL36:
  57:main.c        **** }
 275              		.loc 1 57 0
 276              		@ sp needed
 277 0014 10BD     		pop	{r4, pc}
ARM GAS  C:\Users\jagumiel\AppData\Local\Temp\cc4nTJFS.s 			page 7


 278              		.cfi_endproc
 279              	.LFE34:
 280              		.size	turnOffLeds, .-turnOffLeds
 281 0016 C046     		.section	.text.getData,"ax",%progbits
 282              		.align	2
 283              		.global	getData
 284              		.code	16
 285              		.thumb_func
 286              		.type	getData, %function
 287              	getData:
 288              	.LFB35:
  58:main.c        **** 
  59:main.c        **** _Bool getData(){
 289              		.loc 1 59 0
 290              		.cfi_startproc
 291              		@ args = 0, pretend = 0, frame = 16
 292              		@ frame_needed = 0, uses_anonymous_args = 0
 293 0000 70B5     		push	{r4, r5, r6, lr}
 294              		.cfi_def_cfa_offset 16
 295              		.cfi_offset 4, -16
 296              		.cfi_offset 5, -12
 297              		.cfi_offset 6, -8
 298              		.cfi_offset 14, -4
 299 0002 84B0     		sub	sp, sp, #16
 300              		.cfi_def_cfa_offset 32
  60:main.c        **** 	char charCMD;
  61:main.c        **** 	char charData;
  62:main.c        **** 	char cop;
  63:main.c        **** 	char colorData[9];
  64:main.c        **** 	int8 i;
  65:main.c        **** 	
  66:main.c        **** 	charCMD = UART_UartGetChar();    // this command Gets then clears to 0u
 301              		.loc 1 66 0
 302 0004 FFF7FEFF 		bl	UART_UartGetChar
 303              	.LVL37:
 304 0008 C5B2     		uxtb	r5, r0
 305              	.LVL38:
  67:main.c        **** 	i = 0;
  68:main.c        **** 	
  69:main.c        **** 	if (charCMD == 'W' || charCMD == 'R' || charCMD == 'G' || charCMD == 'B'){
 306              		.loc 1 69 0
 307 000a 572D     		cmp	r5, #87
 308 000c 05D0     		beq	.L21
 309              		.loc 1 69 0 is_stmt 0 discriminator 1
 310 000e 522D     		cmp	r5, #82
 311 0010 03D0     		beq	.L21
 312              		.loc 1 69 0 discriminator 2
 313 0012 472D     		cmp	r5, #71
 314 0014 01D0     		beq	.L21
 315              		.loc 1 69 0 discriminator 3
 316 0016 422D     		cmp	r5, #66
 317 0018 36D1     		bne	.L32
 318              	.L21:
  70:main.c        **** 		if (charCMD == 'W'){
 319              		.loc 1 70 0 is_stmt 1
 320 001a 572D     		cmp	r5, #87
 321 001c 01D1     		bne	.L33
ARM GAS  C:\Users\jagumiel\AppData\Local\Temp\cc4nTJFS.s 			page 8


  71:main.c        **** 			cop = 'M';  //Multiple Data
 322              		.loc 1 71 0
 323 001e 4D26     		movs	r6, #77
 324 0020 00E0     		b	.L23
 325              	.L33:
  72:main.c        **** 		}else{
  73:main.c        **** 			cop = 'S';  //Single Data		
 326              		.loc 1 73 0
 327 0022 5326     		movs	r6, #83
 328              	.L23:
  74:main.c        **** 		}
  75:main.c        **** 		while (cop != 'X'){
  76:main.c        **** 			charData = UART_UartGetChar();
  77:main.c        **** 			if ((charData != 0u)){
  78:main.c        **** 				/* Only digits will be processed. Any other char will be omitted. */
  79:main.c        **** 				if( charData >= '0' && charData <= '9' ){
  80:main.c        **** 					colorData[i] = charData;
  81:main.c        **** 					i++;
  82:main.c        **** 				}
  83:main.c        **** 			}
  84:main.c        **** 			/* If the array is completed, then the introduced value us printed on screen and the leds are se
  85:main.c        **** 			if ((i==9 && cop=='M') ||(i==3 && cop=='S')){
  86:main.c        **** 				UART_UartPutString(colorData);
  87:main.c        **** 				UART_UartPutChar('\r');
  88:main.c        **** 				UART_UartPutChar('\n');
  89:main.c        **** 				getResults(charCMD, colorData);
  90:main.c        **** 				for(int i=0; i<9; i++)
  91:main.c        **** 					colorData[i] = 0u;
  92:main.c        **** 				//setLeds();
  93:main.c        **** 				cop = 'X';//X means Undefined. Breaks loop condition.
 329              		.loc 1 93 0
 330 0024 0024     		movs	r4, #0
 331 0026 2BE0     		b	.L24
 332              	.LVL39:
 333              	.L31:
  76:main.c        **** 			if ((charData != 0u)){
 334              		.loc 1 76 0
 335 0028 FFF7FEFF 		bl	UART_UartGetChar
 336              	.LVL40:
 337 002c C0B2     		uxtb	r0, r0
 338              	.LVL41:
  77:main.c        **** 				/* Only digits will be processed. Any other char will be omitted. */
 339              		.loc 1 77 0
 340 002e 0028     		cmp	r0, #0
 341 0030 08D0     		beq	.L25
  79:main.c        **** 					colorData[i] = charData;
 342              		.loc 1 79 0
 343 0032 0300     		movs	r3, r0
 344 0034 303B     		subs	r3, r3, #48
 345 0036 DBB2     		uxtb	r3, r3
 346 0038 092B     		cmp	r3, #9
 347 003a 03D8     		bhi	.L25
  80:main.c        **** 					i++;
 348              		.loc 1 80 0
 349 003c 01AB     		add	r3, sp, #4
 350 003e 1855     		strb	r0, [r3, r4]
  81:main.c        **** 				}
ARM GAS  C:\Users\jagumiel\AppData\Local\Temp\cc4nTJFS.s 			page 9


 351              		.loc 1 81 0
 352 0040 0134     		adds	r4, r4, #1
 353              	.LVL42:
 354 0042 64B2     		sxtb	r4, r4
 355              	.LVL43:
 356              	.L25:
  85:main.c        **** 				UART_UartPutString(colorData);
 357              		.loc 1 85 0
 358 0044 092C     		cmp	r4, #9
 359 0046 01D1     		bne	.L26
  85:main.c        **** 				UART_UartPutString(colorData);
 360              		.loc 1 85 0 is_stmt 0 discriminator 1
 361 0048 4D2E     		cmp	r6, #77
 362 004a 03D0     		beq	.L27
 363              	.L26:
  85:main.c        **** 				UART_UartPutString(colorData);
 364              		.loc 1 85 0 discriminator 3
 365 004c 032C     		cmp	r4, #3
 366 004e 17D1     		bne	.L24
  85:main.c        **** 				UART_UartPutString(colorData);
 367              		.loc 1 85 0 discriminator 4
 368 0050 532E     		cmp	r6, #83
 369 0052 15D1     		bne	.L24
 370              	.L27:
  86:main.c        **** 				UART_UartPutChar('\r');
 371              		.loc 1 86 0 is_stmt 1
 372 0054 01A8     		add	r0, sp, #4
 373              	.LVL44:
 374 0056 FFF7FEFF 		bl	UART_UartPutString
 375              	.LVL45:
  87:main.c        **** 				UART_UartPutChar('\n');
 376              		.loc 1 87 0
 377 005a 0D20     		movs	r0, #13
 378 005c FFF7FEFF 		bl	UART_SpiUartWriteTxData
 379              	.LVL46:
  88:main.c        **** 				getResults(charCMD, colorData);
 380              		.loc 1 88 0
 381 0060 0A20     		movs	r0, #10
 382 0062 FFF7FEFF 		bl	UART_SpiUartWriteTxData
 383              	.LVL47:
  89:main.c        **** 				for(int i=0; i<9; i++)
 384              		.loc 1 89 0
 385 0066 01A9     		add	r1, sp, #4
 386 0068 2800     		movs	r0, r5
 387 006a FFF7FEFF 		bl	getResults
 388              	.LVL48:
 389              	.LBB7:
  90:main.c        **** 					colorData[i] = 0u;
 390              		.loc 1 90 0
 391 006e 0023     		movs	r3, #0
 392 0070 03E0     		b	.L29
 393              	.LVL49:
 394              	.L30:
  91:main.c        **** 				//setLeds();
 395              		.loc 1 91 0 discriminator 3
 396 0072 0021     		movs	r1, #0
 397 0074 01AA     		add	r2, sp, #4
ARM GAS  C:\Users\jagumiel\AppData\Local\Temp\cc4nTJFS.s 			page 10


 398 0076 D154     		strb	r1, [r2, r3]
  90:main.c        **** 					colorData[i] = 0u;
 399              		.loc 1 90 0 discriminator 3
 400 0078 0133     		adds	r3, r3, #1
 401              	.LVL50:
 402              	.L29:
  90:main.c        **** 					colorData[i] = 0u;
 403              		.loc 1 90 0 is_stmt 0 discriminator 1
 404 007a 082B     		cmp	r3, #8
 405 007c F9DD     		ble	.L30
 406              	.LBE7:
 407              		.loc 1 93 0 is_stmt 1
 408 007e 5826     		movs	r6, #88
 409              	.LVL51:
 410              	.L24:
  75:main.c        **** 			charData = UART_UartGetChar();
 411              		.loc 1 75 0
 412 0080 582E     		cmp	r6, #88
 413 0082 D1D1     		bne	.L31
  94:main.c        **** 			}
  95:main.c        **** 		}
  96:main.c        **** 		return 1;
 414              		.loc 1 96 0
 415 0084 0120     		movs	r0, #1
 416 0086 00E0     		b	.L22
 417              	.LVL52:
 418              	.L32:
  97:main.c        **** 	}
  98:main.c        ****     return 0;
 419              		.loc 1 98 0
 420 0088 0020     		movs	r0, #0
 421              	.LVL53:
 422              	.L22:
  99:main.c        **** }
 423              		.loc 1 99 0
 424 008a 04B0     		add	sp, sp, #16
 425              		@ sp needed
 426              	.LVL54:
 427 008c 70BD     		pop	{r4, r5, r6, pc}
 428              		.cfi_endproc
 429              	.LFE35:
 430              		.size	getData, .-getData
 431 008e C046     		.section	.text.main,"ax",%progbits
 432              		.align	2
 433              		.global	main
 434              		.code	16
 435              		.thumb_func
 436              		.type	main, %function
 437              	main:
 438              	.LFB36:
 100:main.c        **** 
 101:main.c        **** int main(){
 439              		.loc 1 101 0
 440              		.cfi_startproc
 441              		@ Volatile: function does not return.
 442              		@ args = 0, pretend = 0, frame = 0
 443              		@ frame_needed = 0, uses_anonymous_args = 0
ARM GAS  C:\Users\jagumiel\AppData\Local\Temp\cc4nTJFS.s 			page 11


 444 0000 10B5     		push	{r4, lr}
 445              		.cfi_def_cfa_offset 8
 446              		.cfi_offset 4, -8
 447              		.cfi_offset 14, -4
 102:main.c        ****     
 103:main.c        ****     /*Initialization*/
 104:main.c        ****     UART_Start();
 448              		.loc 1 104 0
 449 0002 FFF7FEFF 		bl	UART_Start
 450              	.LVL55:
 105:main.c        ****     
 106:main.c        ****     PWM_1_Start();
 451              		.loc 1 106 0
 452 0006 FFF7FEFF 		bl	PWM_1_Start
 453              	.LVL56:
 107:main.c        ****     PWM_2_Start();
 454              		.loc 1 107 0
 455 000a FFF7FEFF 		bl	PWM_2_Start
 456              	.LVL57:
 108:main.c        ****     PWM_3_Start();
 457              		.loc 1 108 0
 458 000e FFF7FEFF 		bl	PWM_3_Start
 459              	.LVL58:
 109:main.c        ****     
 110:main.c        ****     turnOffLeds();
 460              		.loc 1 110 0
 461 0012 FFF7FEFF 		bl	turnOffLeds
 462              	.LVL59:
 111:main.c        ****     /****************/
 112:main.c        ****     
 113:main.c        ****     UART_UartPutString("Introduce the values for the RGB colors using this pattern: Wrrrgggbbb.\n\r
 463              		.loc 1 113 0
 464 0016 0648     		ldr	r0, .L37
 465 0018 FFF7FEFF 		bl	UART_UartPutString
 466              	.LVL60:
 114:main.c        ****     UART_UartPutString("It is also possible to change just one value using the following pattern: (
 467              		.loc 1 114 0
 468 001c 0548     		ldr	r0, .L37+4
 469 001e FFF7FEFF 		bl	UART_UartPutString
 470              	.LVL61:
 471              	.L35:
 115:main.c        **** 
 116:main.c        ****     for (;;){
 117:main.c        ****         if(getData()==1){
 472              		.loc 1 117 0
 473 0022 FFF7FEFF 		bl	getData
 474              	.LVL62:
 475 0026 0028     		cmp	r0, #0
 476 0028 FBD0     		beq	.L35
 118:main.c        ****             setLeds();
 477              		.loc 1 118 0
 478 002a FFF7FEFF 		bl	setLeds
 479              	.LVL63:
 480 002e F8E7     		b	.L35
 481              	.L38:
 482              		.align	2
 483              	.L37:
ARM GAS  C:\Users\jagumiel\AppData\Local\Temp\cc4nTJFS.s 			page 12


 484 0030 00000000 		.word	.LC6
 485 0034 60000000 		.word	.LC8
 486              		.cfi_endproc
 487              	.LFE36:
 488              		.size	main, .-main
 489              		.global	blue
 490              		.comm	green,1,1
 491              		.comm	red,1,1
 492              		.section	.rodata.str1.4,"aMS",%progbits,1
 493              		.align	2
 494              	.LC6:
 495 0000 496E7472 		.ascii	"Introduce the values for the RGB colors using this "
 495      6F647563 
 495      65207468 
 495      65207661 
 495      6C756573 
 496 0033 70617474 		.ascii	"pattern: Wrrrgggbbb.\012\015 Example: W255090030\012"
 496      65726E3A 
 496      20577272 
 496      72676767 
 496      6262622E 
 497 005e 0D00     		.ascii	"\015\000"
 498              	.LC8:
 499 0060 49742069 		.ascii	"It is also possible to change just one value using "
 499      7320616C 
 499      736F2070 
 499      6F737369 
 499      626C6520 
 500 0093 74686520 		.ascii	"the following pattern: (R/G/B)xxx.\012\015 Example:"
 500      666F6C6C 
 500      6F77696E 
 500      67207061 
 500      74746572 
 501 00c0 20523132 		.ascii	" R124\012\015\000"
 501      340A0D00 
 502              		.bss
 503              		.set	.LANCHOR0,. + 0
 504              		.type	blue, %object
 505              		.size	blue, 1
 506              	blue:
 507 0000 00       		.space	1
 508              		.text
 509              	.Letext0:
 510              		.file 2 "c:\\program files (x86)\\cypress\\psoc creator\\4.2\\psoc creator\\import\\gnu\\arm\\5.4.
 511              		.file 3 "c:\\program files (x86)\\cypress\\psoc creator\\4.2\\psoc creator\\import\\gnu\\arm\\5.4.
 512              		.file 4 "Generated_Source\\PSoC4/cytypes.h"
 513              		.file 5 "c:\\program files (x86)\\cypress\\psoc creator\\4.2\\psoc creator\\import\\gnu\\arm\\5.4.
 514              		.file 6 "Generated_Source\\PSoC4/PWM_1.h"
 515              		.file 7 "Generated_Source\\PSoC4/PWM_2.h"
 516              		.file 8 "Generated_Source\\PSoC4/PWM_3.h"
 517              		.file 9 "Generated_Source\\PSoC4/UART_SPI_UART.h"
 518              		.file 10 "Generated_Source\\PSoC4/UART.h"
 519              		.section	.debug_info,"",%progbits
 520              	.Ldebug_info0:
 521 0000 A2040000 		.4byte	0x4a2
 522 0004 0400     		.2byte	0x4
 523 0006 00000000 		.4byte	.Ldebug_abbrev0
ARM GAS  C:\Users\jagumiel\AppData\Local\Temp\cc4nTJFS.s 			page 13


 524 000a 04       		.byte	0x4
 525 000b 01       		.uleb128 0x1
 526 000c AD010000 		.4byte	.LASF41
 527 0010 0C       		.byte	0xc
 528 0011 65020000 		.4byte	.LASF42
 529 0015 25000000 		.4byte	.LASF43
 530 0019 18000000 		.4byte	.Ldebug_ranges0+0x18
 531 001d 00000000 		.4byte	0
 532 0021 00000000 		.4byte	.Ldebug_line0
 533 0025 02       		.uleb128 0x2
 534 0026 01       		.byte	0x1
 535 0027 06       		.byte	0x6
 536 0028 D5000000 		.4byte	.LASF0
 537 002c 03       		.uleb128 0x3
 538 002d 13000000 		.4byte	.LASF9
 539 0031 02       		.byte	0x2
 540 0032 1D       		.byte	0x1d
 541 0033 37000000 		.4byte	0x37
 542 0037 02       		.uleb128 0x2
 543 0038 01       		.byte	0x1
 544 0039 08       		.byte	0x8
 545 003a 21010000 		.4byte	.LASF1
 546 003e 02       		.uleb128 0x2
 547 003f 02       		.byte	0x2
 548 0040 05       		.byte	0x5
 549 0041 71020000 		.4byte	.LASF2
 550 0045 02       		.uleb128 0x2
 551 0046 02       		.byte	0x2
 552 0047 07       		.byte	0x7
 553 0048 A8020000 		.4byte	.LASF3
 554 004c 02       		.uleb128 0x2
 555 004d 04       		.byte	0x4
 556 004e 05       		.byte	0x5
 557 004f 80020000 		.4byte	.LASF4
 558 0053 02       		.uleb128 0x2
 559 0054 04       		.byte	0x4
 560 0055 07       		.byte	0x7
 561 0056 F2000000 		.4byte	.LASF5
 562 005a 02       		.uleb128 0x2
 563 005b 08       		.byte	0x8
 564 005c 05       		.byte	0x5
 565 005d 57020000 		.4byte	.LASF6
 566 0061 02       		.uleb128 0x2
 567 0062 08       		.byte	0x8
 568 0063 07       		.byte	0x7
 569 0064 89010000 		.4byte	.LASF7
 570 0068 04       		.uleb128 0x4
 571 0069 04       		.byte	0x4
 572 006a 05       		.byte	0x5
 573 006b 696E7400 		.ascii	"int\000"
 574 006f 02       		.uleb128 0x2
 575 0070 04       		.byte	0x4
 576 0071 07       		.byte	0x7
 577 0072 7C010000 		.4byte	.LASF8
 578 0076 03       		.uleb128 0x3
 579 0077 A0010000 		.4byte	.LASF10
 580 007b 03       		.byte	0x3
ARM GAS  C:\Users\jagumiel\AppData\Local\Temp\cc4nTJFS.s 			page 14


 581 007c 18       		.byte	0x18
 582 007d 2C000000 		.4byte	0x2c
 583 0081 05       		.uleb128 0x5
 584 0082 69010000 		.4byte	.LASF11
 585 0086 04       		.byte	0x4
 586 0087 E601     		.2byte	0x1e6
 587 0089 53000000 		.4byte	0x53
 588 008d 05       		.uleb128 0x5
 589 008e 64010000 		.4byte	.LASF12
 590 0092 04       		.byte	0x4
 591 0093 E701     		.2byte	0x1e7
 592 0095 25000000 		.4byte	0x25
 593 0099 02       		.uleb128 0x2
 594 009a 04       		.byte	0x4
 595 009b 04       		.byte	0x4
 596 009c CF000000 		.4byte	.LASF13
 597 00a0 02       		.uleb128 0x2
 598 00a1 08       		.byte	0x8
 599 00a2 04       		.byte	0x4
 600 00a3 3B010000 		.4byte	.LASF14
 601 00a7 02       		.uleb128 0x2
 602 00a8 01       		.byte	0x1
 603 00a9 08       		.byte	0x8
 604 00aa 6C020000 		.4byte	.LASF15
 605 00ae 02       		.uleb128 0x2
 606 00af 08       		.byte	0x8
 607 00b0 04       		.byte	0x4
 608 00b1 89020000 		.4byte	.LASF16
 609 00b5 02       		.uleb128 0x2
 610 00b6 04       		.byte	0x4
 611 00b7 07       		.byte	0x7
 612 00b8 3B020000 		.4byte	.LASF17
 613 00bc 06       		.uleb128 0x6
 614 00bd 04       		.byte	0x4
 615 00be A7000000 		.4byte	0xa7
 616 00c2 07       		.uleb128 0x7
 617 00c3 00000000 		.4byte	.LASF22
 618 00c7 01       		.byte	0x1
 619 00c8 06       		.byte	0x6
 620 00c9 00000000 		.4byte	.LFB32
 621 00cd B0000000 		.4byte	.LFE32-.LFB32
 622 00d1 01       		.uleb128 0x1
 623 00d2 9C       		.byte	0x9c
 624 00d3 ED010000 		.4byte	0x1ed
 625 00d7 08       		.uleb128 0x8
 626 00d8 636D6400 		.ascii	"cmd\000"
 627 00dc 01       		.byte	0x1
 628 00dd 06       		.byte	0x6
 629 00de A7000000 		.4byte	0xa7
 630 00e2 00000000 		.4byte	.LLST0
 631 00e6 09       		.uleb128 0x9
 632 00e7 A0000000 		.4byte	.LASF18
 633 00eb 01       		.byte	0x1
 634 00ec 06       		.byte	0x6
 635 00ed BC000000 		.4byte	0xbc
 636 00f1 6C000000 		.4byte	.LLST1
 637 00f5 0A       		.uleb128 0xa
ARM GAS  C:\Users\jagumiel\AppData\Local\Temp\cc4nTJFS.s 			page 15


 638 00f6 BB020000 		.4byte	.LASF19
 639 00fa 01       		.byte	0x1
 640 00fb 08       		.byte	0x8
 641 00fc ED010000 		.4byte	0x1ed
 642 0100 02       		.uleb128 0x2
 643 0101 91       		.byte	0x91
 644 0102 6C       		.sleb128 -20
 645 0103 0B       		.uleb128 0xb
 646 0104 6900     		.ascii	"i\000"
 647 0106 01       		.byte	0x1
 648 0107 09       		.byte	0x9
 649 0108 68000000 		.4byte	0x68
 650 010c AE000000 		.4byte	.LLST2
 651 0110 0C       		.uleb128 0xc
 652 0111 00000000 		.4byte	.Ldebug_ranges0+0
 653 0115 27010000 		.4byte	0x127
 654 0119 0B       		.uleb128 0xb
 655 011a 6A00     		.ascii	"j\000"
 656 011c 01       		.byte	0x1
 657 011d 0B       		.byte	0xb
 658 011e 68000000 		.4byte	0x68
 659 0122 05010000 		.4byte	.LLST3
 660 0126 00       		.byte	0
 661 0127 0D       		.uleb128 0xd
 662 0128 2E000000 		.4byte	.LBB4
 663 012c 12000000 		.4byte	.LBE4-.LBB4
 664 0130 42010000 		.4byte	0x142
 665 0134 0B       		.uleb128 0xb
 666 0135 6A00     		.ascii	"j\000"
 667 0137 01       		.byte	0x1
 668 0138 10       		.byte	0x10
 669 0139 68000000 		.4byte	0x68
 670 013d 23010000 		.4byte	.LLST4
 671 0141 00       		.byte	0
 672 0142 0D       		.uleb128 0xd
 673 0143 4A000000 		.4byte	.LBB5
 674 0147 12000000 		.4byte	.LBE5-.LBB5
 675 014b 5D010000 		.4byte	0x15d
 676 014f 0B       		.uleb128 0xb
 677 0150 6A00     		.ascii	"j\000"
 678 0152 01       		.byte	0x1
 679 0153 15       		.byte	0x15
 680 0154 68000000 		.4byte	0x68
 681 0158 42010000 		.4byte	.LLST5
 682 015c 00       		.byte	0
 683 015d 0D       		.uleb128 0xd
 684 015e 68000000 		.4byte	.LBB6
 685 0162 0E000000 		.4byte	.LBE6-.LBB6
 686 0166 78010000 		.4byte	0x178
 687 016a 0B       		.uleb128 0xb
 688 016b 6A00     		.ascii	"j\000"
 689 016d 01       		.byte	0x1
 690 016e 1C       		.byte	0x1c
 691 016f 68000000 		.4byte	0x68
 692 0173 61010000 		.4byte	.LLST6
 693 0177 00       		.byte	0
 694 0178 0E       		.uleb128 0xe
ARM GAS  C:\Users\jagumiel\AppData\Local\Temp\cc4nTJFS.s 			page 16


 695 0179 2A000000 		.4byte	.LVL8
 696 017d 29040000 		.4byte	0x429
 697 0181 8C010000 		.4byte	0x18c
 698 0185 0F       		.uleb128 0xf
 699 0186 01       		.uleb128 0x1
 700 0187 50       		.byte	0x50
 701 0188 02       		.uleb128 0x2
 702 0189 91       		.byte	0x91
 703 018a 6C       		.sleb128 -20
 704 018b 00       		.byte	0
 705 018c 0E       		.uleb128 0xe
 706 018d 46000000 		.4byte	.LVL13
 707 0191 29040000 		.4byte	0x429
 708 0195 A0010000 		.4byte	0x1a0
 709 0199 0F       		.uleb128 0xf
 710 019a 01       		.uleb128 0x1
 711 019b 50       		.byte	0x50
 712 019c 02       		.uleb128 0x2
 713 019d 91       		.byte	0x91
 714 019e 6C       		.sleb128 -20
 715 019f 00       		.byte	0
 716 01a0 0E       		.uleb128 0xe
 717 01a1 62000000 		.4byte	.LVL18
 718 01a5 29040000 		.4byte	0x429
 719 01a9 B4010000 		.4byte	0x1b4
 720 01ad 0F       		.uleb128 0xf
 721 01ae 01       		.uleb128 0x1
 722 01af 50       		.byte	0x50
 723 01b0 02       		.uleb128 0x2
 724 01b1 91       		.byte	0x91
 725 01b2 6C       		.sleb128 -20
 726 01b3 00       		.byte	0
 727 01b4 0E       		.uleb128 0xe
 728 01b5 80000000 		.4byte	.LVL23
 729 01b9 29040000 		.4byte	0x429
 730 01bd C8010000 		.4byte	0x1c8
 731 01c1 0F       		.uleb128 0xf
 732 01c2 01       		.uleb128 0x1
 733 01c3 50       		.byte	0x50
 734 01c4 02       		.uleb128 0x2
 735 01c5 91       		.byte	0x91
 736 01c6 6C       		.sleb128 -20
 737 01c7 00       		.byte	0
 738 01c8 0E       		.uleb128 0xe
 739 01c9 90000000 		.4byte	.LVL26
 740 01cd 29040000 		.4byte	0x429
 741 01d1 DC010000 		.4byte	0x1dc
 742 01d5 0F       		.uleb128 0xf
 743 01d6 01       		.uleb128 0x1
 744 01d7 50       		.byte	0x50
 745 01d8 02       		.uleb128 0x2
 746 01d9 91       		.byte	0x91
 747 01da 6C       		.sleb128 -20
 748 01db 00       		.byte	0
 749 01dc 10       		.uleb128 0x10
 750 01dd 9C000000 		.4byte	.LVL29
 751 01e1 29040000 		.4byte	0x429
ARM GAS  C:\Users\jagumiel\AppData\Local\Temp\cc4nTJFS.s 			page 17


 752 01e5 0F       		.uleb128 0xf
 753 01e6 01       		.uleb128 0x1
 754 01e7 50       		.byte	0x50
 755 01e8 02       		.uleb128 0x2
 756 01e9 91       		.byte	0x91
 757 01ea 6C       		.sleb128 -20
 758 01eb 00       		.byte	0
 759 01ec 00       		.byte	0
 760 01ed 11       		.uleb128 0x11
 761 01ee A7000000 		.4byte	0xa7
 762 01f2 FD010000 		.4byte	0x1fd
 763 01f6 12       		.uleb128 0x12
 764 01f7 B5000000 		.4byte	0xb5
 765 01fb 02       		.byte	0x2
 766 01fc 00       		.byte	0
 767 01fd 13       		.uleb128 0x13
 768 01fe 1D000000 		.4byte	.LASF20
 769 0202 01       		.byte	0x1
 770 0203 2F       		.byte	0x2f
 771 0204 00000000 		.4byte	.LFB33
 772 0208 28000000 		.4byte	.LFE33-.LFB33
 773 020c 01       		.uleb128 0x1
 774 020d 9C       		.byte	0x9c
 775 020e 2E020000 		.4byte	0x22e
 776 0212 14       		.uleb128 0x14
 777 0213 0A000000 		.4byte	.LVL31
 778 0217 34040000 		.4byte	0x434
 779 021b 14       		.uleb128 0x14
 780 021c 12000000 		.4byte	.LVL32
 781 0220 3F040000 		.4byte	0x43f
 782 0224 14       		.uleb128 0x14
 783 0225 1A000000 		.4byte	.LVL33
 784 0229 4A040000 		.4byte	0x44a
 785 022d 00       		.byte	0
 786 022e 13       		.uleb128 0x13
 787 022f 2F010000 		.4byte	.LASF21
 788 0233 01       		.byte	0x1
 789 0234 35       		.byte	0x35
 790 0235 00000000 		.4byte	.LFB34
 791 0239 16000000 		.4byte	.LFE34-.LFB34
 792 023d 01       		.uleb128 0x1
 793 023e 9C       		.byte	0x9c
 794 023f 79020000 		.4byte	0x279
 795 0243 0E       		.uleb128 0xe
 796 0244 08000000 		.4byte	.LVL34
 797 0248 34040000 		.4byte	0x434
 798 024c 56020000 		.4byte	0x256
 799 0250 0F       		.uleb128 0xf
 800 0251 01       		.uleb128 0x1
 801 0252 50       		.byte	0x50
 802 0253 01       		.uleb128 0x1
 803 0254 30       		.byte	0x30
 804 0255 00       		.byte	0
 805 0256 0E       		.uleb128 0xe
 806 0257 0E000000 		.4byte	.LVL35
 807 025b 3F040000 		.4byte	0x43f
 808 025f 69020000 		.4byte	0x269
ARM GAS  C:\Users\jagumiel\AppData\Local\Temp\cc4nTJFS.s 			page 18


 809 0263 0F       		.uleb128 0xf
 810 0264 01       		.uleb128 0x1
 811 0265 50       		.byte	0x50
 812 0266 01       		.uleb128 0x1
 813 0267 30       		.byte	0x30
 814 0268 00       		.byte	0
 815 0269 10       		.uleb128 0x10
 816 026a 14000000 		.4byte	.LVL36
 817 026e 4A040000 		.4byte	0x44a
 818 0272 0F       		.uleb128 0xf
 819 0273 01       		.uleb128 0x1
 820 0274 50       		.byte	0x50
 821 0275 01       		.uleb128 0x1
 822 0276 30       		.byte	0x30
 823 0277 00       		.byte	0
 824 0278 00       		.byte	0
 825 0279 15       		.uleb128 0x15
 826 027a 5C010000 		.4byte	.LASF23
 827 027e 01       		.byte	0x1
 828 027f 3B       		.byte	0x3b
 829 0280 58030000 		.4byte	0x358
 830 0284 00000000 		.4byte	.LFB35
 831 0288 8E000000 		.4byte	.LFE35-.LFB35
 832 028c 01       		.uleb128 0x1
 833 028d 9C       		.byte	0x9c
 834 028e 58030000 		.4byte	0x358
 835 0292 16       		.uleb128 0x16
 836 0293 0B000000 		.4byte	.LASF24
 837 0297 01       		.byte	0x1
 838 0298 3C       		.byte	0x3c
 839 0299 A7000000 		.4byte	0xa7
 840 029d 8A010000 		.4byte	.LLST7
 841 02a1 16       		.uleb128 0x16
 842 02a2 53010000 		.4byte	.LASF25
 843 02a6 01       		.byte	0x1
 844 02a7 3D       		.byte	0x3d
 845 02a8 A7000000 		.4byte	0xa7
 846 02ac 9D010000 		.4byte	.LLST8
 847 02b0 0B       		.uleb128 0xb
 848 02b1 636F7000 		.ascii	"cop\000"
 849 02b5 01       		.byte	0x1
 850 02b6 3E       		.byte	0x3e
 851 02b7 A7000000 		.4byte	0xa7
 852 02bb B0010000 		.4byte	.LLST9
 853 02bf 0A       		.uleb128 0xa
 854 02c0 CE020000 		.4byte	.LASF26
 855 02c4 01       		.byte	0x1
 856 02c5 3F       		.byte	0x3f
 857 02c6 5F030000 		.4byte	0x35f
 858 02ca 02       		.uleb128 0x2
 859 02cb 91       		.byte	0x91
 860 02cc 64       		.sleb128 -28
 861 02cd 0B       		.uleb128 0xb
 862 02ce 6900     		.ascii	"i\000"
 863 02d0 01       		.byte	0x1
 864 02d1 40       		.byte	0x40
 865 02d2 8D000000 		.4byte	0x8d
ARM GAS  C:\Users\jagumiel\AppData\Local\Temp\cc4nTJFS.s 			page 19


 866 02d6 C3010000 		.4byte	.LLST10
 867 02da 0D       		.uleb128 0xd
 868 02db 6E000000 		.4byte	.LBB7
 869 02df 10000000 		.4byte	.LBE7-.LBB7
 870 02e3 F5020000 		.4byte	0x2f5
 871 02e7 0B       		.uleb128 0xb
 872 02e8 6900     		.ascii	"i\000"
 873 02ea 01       		.byte	0x1
 874 02eb 5A       		.byte	0x5a
 875 02ec 68000000 		.4byte	0x68
 876 02f0 F9010000 		.4byte	.LLST11
 877 02f4 00       		.byte	0
 878 02f5 14       		.uleb128 0x14
 879 02f6 08000000 		.4byte	.LVL37
 880 02fa 55040000 		.4byte	0x455
 881 02fe 14       		.uleb128 0x14
 882 02ff 2C000000 		.4byte	.LVL40
 883 0303 55040000 		.4byte	0x455
 884 0307 0E       		.uleb128 0xe
 885 0308 5A000000 		.4byte	.LVL45
 886 030c 61040000 		.4byte	0x461
 887 0310 1B030000 		.4byte	0x31b
 888 0314 0F       		.uleb128 0xf
 889 0315 01       		.uleb128 0x1
 890 0316 50       		.byte	0x50
 891 0317 02       		.uleb128 0x2
 892 0318 91       		.byte	0x91
 893 0319 64       		.sleb128 -28
 894 031a 00       		.byte	0
 895 031b 0E       		.uleb128 0xe
 896 031c 60000000 		.4byte	.LVL46
 897 0320 6D040000 		.4byte	0x46d
 898 0324 2E030000 		.4byte	0x32e
 899 0328 0F       		.uleb128 0xf
 900 0329 01       		.uleb128 0x1
 901 032a 50       		.byte	0x50
 902 032b 01       		.uleb128 0x1
 903 032c 3D       		.byte	0x3d
 904 032d 00       		.byte	0
 905 032e 0E       		.uleb128 0xe
 906 032f 66000000 		.4byte	.LVL47
 907 0333 6D040000 		.4byte	0x46d
 908 0337 41030000 		.4byte	0x341
 909 033b 0F       		.uleb128 0xf
 910 033c 01       		.uleb128 0x1
 911 033d 50       		.byte	0x50
 912 033e 01       		.uleb128 0x1
 913 033f 3A       		.byte	0x3a
 914 0340 00       		.byte	0
 915 0341 10       		.uleb128 0x10
 916 0342 6E000000 		.4byte	.LVL48
 917 0346 C2000000 		.4byte	0xc2
 918 034a 0F       		.uleb128 0xf
 919 034b 01       		.uleb128 0x1
 920 034c 50       		.byte	0x50
 921 034d 02       		.uleb128 0x2
 922 034e 75       		.byte	0x75
ARM GAS  C:\Users\jagumiel\AppData\Local\Temp\cc4nTJFS.s 			page 20


 923 034f 00       		.sleb128 0
 924 0350 0F       		.uleb128 0xf
 925 0351 01       		.uleb128 0x1
 926 0352 51       		.byte	0x51
 927 0353 02       		.uleb128 0x2
 928 0354 91       		.byte	0x91
 929 0355 64       		.sleb128 -28
 930 0356 00       		.byte	0
 931 0357 00       		.byte	0
 932 0358 02       		.uleb128 0x2
 933 0359 01       		.byte	0x1
 934 035a 02       		.byte	0x2
 935 035b C8020000 		.4byte	.LASF27
 936 035f 11       		.uleb128 0x11
 937 0360 A7000000 		.4byte	0xa7
 938 0364 6F030000 		.4byte	0x36f
 939 0368 12       		.uleb128 0x12
 940 0369 B5000000 		.4byte	0xb5
 941 036d 08       		.byte	0x8
 942 036e 00       		.byte	0
 943 036f 17       		.uleb128 0x17
 944 0370 4E010000 		.4byte	.LASF44
 945 0374 01       		.byte	0x1
 946 0375 65       		.byte	0x65
 947 0376 68000000 		.4byte	0x68
 948 037a 00000000 		.4byte	.LFB36
 949 037e 38000000 		.4byte	.LFE36-.LFB36
 950 0382 01       		.uleb128 0x1
 951 0383 9C       		.byte	0x9c
 952 0384 F6030000 		.4byte	0x3f6
 953 0388 14       		.uleb128 0x14
 954 0389 06000000 		.4byte	.LVL55
 955 038d 79040000 		.4byte	0x479
 956 0391 14       		.uleb128 0x14
 957 0392 0A000000 		.4byte	.LVL56
 958 0396 84040000 		.4byte	0x484
 959 039a 14       		.uleb128 0x14
 960 039b 0E000000 		.4byte	.LVL57
 961 039f 8F040000 		.4byte	0x48f
 962 03a3 14       		.uleb128 0x14
 963 03a4 12000000 		.4byte	.LVL58
 964 03a8 9A040000 		.4byte	0x49a
 965 03ac 14       		.uleb128 0x14
 966 03ad 16000000 		.4byte	.LVL59
 967 03b1 2E020000 		.4byte	0x22e
 968 03b5 0E       		.uleb128 0xe
 969 03b6 1C000000 		.4byte	.LVL60
 970 03ba 61040000 		.4byte	0x461
 971 03be CC030000 		.4byte	0x3cc
 972 03c2 0F       		.uleb128 0xf
 973 03c3 01       		.uleb128 0x1
 974 03c4 50       		.byte	0x50
 975 03c5 05       		.uleb128 0x5
 976 03c6 03       		.byte	0x3
 977 03c7 00000000 		.4byte	.LC6
 978 03cb 00       		.byte	0
 979 03cc 0E       		.uleb128 0xe
ARM GAS  C:\Users\jagumiel\AppData\Local\Temp\cc4nTJFS.s 			page 21


 980 03cd 22000000 		.4byte	.LVL61
 981 03d1 61040000 		.4byte	0x461
 982 03d5 E3030000 		.4byte	0x3e3
 983 03d9 0F       		.uleb128 0xf
 984 03da 01       		.uleb128 0x1
 985 03db 50       		.byte	0x50
 986 03dc 05       		.uleb128 0x5
 987 03dd 03       		.byte	0x3
 988 03de 60000000 		.4byte	.LC8
 989 03e2 00       		.byte	0
 990 03e3 14       		.uleb128 0x14
 991 03e4 26000000 		.4byte	.LVL62
 992 03e8 79020000 		.4byte	0x279
 993 03ec 14       		.uleb128 0x14
 994 03ed 2E000000 		.4byte	.LVL63
 995 03f1 FD010000 		.4byte	0x1fd
 996 03f5 00       		.byte	0
 997 03f6 18       		.uleb128 0x18
 998 03f7 72656400 		.ascii	"red\000"
 999 03fb 01       		.byte	0x1
 1000 03fc 04       		.byte	0x4
 1001 03fd 76000000 		.4byte	0x76
 1002 0401 05       		.uleb128 0x5
 1003 0402 03       		.byte	0x3
 1004 0403 00000000 		.4byte	red
 1005 0407 19       		.uleb128 0x19
 1006 0408 1B010000 		.4byte	.LASF28
 1007 040c 01       		.byte	0x1
 1008 040d 04       		.byte	0x4
 1009 040e 76000000 		.4byte	0x76
 1010 0412 05       		.uleb128 0x5
 1011 0413 03       		.byte	0x3
 1012 0414 00000000 		.4byte	green
 1013 0418 19       		.uleb128 0x19
 1014 0419 7B020000 		.4byte	.LASF29
 1015 041d 01       		.byte	0x1
 1016 041e 04       		.byte	0x4
 1017 041f 76000000 		.4byte	0x76
 1018 0423 05       		.uleb128 0x5
 1019 0424 03       		.byte	0x3
 1020 0425 00000000 		.4byte	blue
 1021 0429 1A       		.uleb128 0x1a
 1022 042a A8010000 		.4byte	.LASF30
 1023 042e A8010000 		.4byte	.LASF30
 1024 0432 05       		.byte	0x5
 1025 0433 4D       		.byte	0x4d
 1026 0434 1A       		.uleb128 0x1a
 1027 0435 44020000 		.4byte	.LASF31
 1028 0439 44020000 		.4byte	.LASF31
 1029 043d 06       		.byte	0x6
 1030 043e C3       		.byte	0xc3
 1031 043f 1A       		.uleb128 0x1a
 1032 0440 A9000000 		.4byte	.LASF32
 1033 0444 A9000000 		.4byte	.LASF32
 1034 0448 07       		.byte	0x7
 1035 0449 C3       		.byte	0xc3
 1036 044a 1A       		.uleb128 0x1a
ARM GAS  C:\Users\jagumiel\AppData\Local\Temp\cc4nTJFS.s 			page 22


 1037 044b 95020000 		.4byte	.LASF33
 1038 044f 95020000 		.4byte	.LASF33
 1039 0453 08       		.byte	0x8
 1040 0454 C3       		.byte	0xc3
 1041 0455 1B       		.uleb128 0x1b
 1042 0456 E1000000 		.4byte	.LASF34
 1043 045a E1000000 		.4byte	.LASF34
 1044 045e 09       		.byte	0x9
 1045 045f 0F03     		.2byte	0x30f
 1046 0461 1B       		.uleb128 0x1b
 1047 0462 BC000000 		.4byte	.LASF35
 1048 0466 BC000000 		.4byte	.LASF35
 1049 046a 09       		.byte	0x9
 1050 046b 2A03     		.2byte	0x32a
 1051 046d 1B       		.uleb128 0x1b
 1052 046e 88000000 		.4byte	.LASF36
 1053 0472 88000000 		.4byte	.LASF36
 1054 0476 09       		.byte	0x9
 1055 0477 4403     		.2byte	0x344
 1056 0479 1A       		.uleb128 0x1a
 1057 047a 10010000 		.4byte	.LASF37
 1058 047e 10010000 		.4byte	.LASF37
 1059 0482 0A       		.byte	0xa
 1060 0483 72       		.byte	0x72
 1061 0484 1A       		.uleb128 0x1a
 1062 0485 04010000 		.4byte	.LASF38
 1063 0489 04010000 		.4byte	.LASF38
 1064 048d 06       		.byte	0x6
 1065 048e 92       		.byte	0x92
 1066 048f 1A       		.uleb128 0x1a
 1067 0490 42010000 		.4byte	.LASF39
 1068 0494 42010000 		.4byte	.LASF39
 1069 0498 07       		.byte	0x7
 1070 0499 92       		.byte	0x92
 1071 049a 1A       		.uleb128 0x1a
 1072 049b 70010000 		.4byte	.LASF40
 1073 049f 70010000 		.4byte	.LASF40
 1074 04a3 08       		.byte	0x8
 1075 04a4 92       		.byte	0x92
 1076 04a5 00       		.byte	0
 1077              		.section	.debug_abbrev,"",%progbits
 1078              	.Ldebug_abbrev0:
 1079 0000 01       		.uleb128 0x1
 1080 0001 11       		.uleb128 0x11
 1081 0002 01       		.byte	0x1
 1082 0003 25       		.uleb128 0x25
 1083 0004 0E       		.uleb128 0xe
 1084 0005 13       		.uleb128 0x13
 1085 0006 0B       		.uleb128 0xb
 1086 0007 03       		.uleb128 0x3
 1087 0008 0E       		.uleb128 0xe
 1088 0009 1B       		.uleb128 0x1b
 1089 000a 0E       		.uleb128 0xe
 1090 000b 55       		.uleb128 0x55
 1091 000c 17       		.uleb128 0x17
 1092 000d 11       		.uleb128 0x11
 1093 000e 01       		.uleb128 0x1
ARM GAS  C:\Users\jagumiel\AppData\Local\Temp\cc4nTJFS.s 			page 23


 1094 000f 10       		.uleb128 0x10
 1095 0010 17       		.uleb128 0x17
 1096 0011 00       		.byte	0
 1097 0012 00       		.byte	0
 1098 0013 02       		.uleb128 0x2
 1099 0014 24       		.uleb128 0x24
 1100 0015 00       		.byte	0
 1101 0016 0B       		.uleb128 0xb
 1102 0017 0B       		.uleb128 0xb
 1103 0018 3E       		.uleb128 0x3e
 1104 0019 0B       		.uleb128 0xb
 1105 001a 03       		.uleb128 0x3
 1106 001b 0E       		.uleb128 0xe
 1107 001c 00       		.byte	0
 1108 001d 00       		.byte	0
 1109 001e 03       		.uleb128 0x3
 1110 001f 16       		.uleb128 0x16
 1111 0020 00       		.byte	0
 1112 0021 03       		.uleb128 0x3
 1113 0022 0E       		.uleb128 0xe
 1114 0023 3A       		.uleb128 0x3a
 1115 0024 0B       		.uleb128 0xb
 1116 0025 3B       		.uleb128 0x3b
 1117 0026 0B       		.uleb128 0xb
 1118 0027 49       		.uleb128 0x49
 1119 0028 13       		.uleb128 0x13
 1120 0029 00       		.byte	0
 1121 002a 00       		.byte	0
 1122 002b 04       		.uleb128 0x4
 1123 002c 24       		.uleb128 0x24
 1124 002d 00       		.byte	0
 1125 002e 0B       		.uleb128 0xb
 1126 002f 0B       		.uleb128 0xb
 1127 0030 3E       		.uleb128 0x3e
 1128 0031 0B       		.uleb128 0xb
 1129 0032 03       		.uleb128 0x3
 1130 0033 08       		.uleb128 0x8
 1131 0034 00       		.byte	0
 1132 0035 00       		.byte	0
 1133 0036 05       		.uleb128 0x5
 1134 0037 16       		.uleb128 0x16
 1135 0038 00       		.byte	0
 1136 0039 03       		.uleb128 0x3
 1137 003a 0E       		.uleb128 0xe
 1138 003b 3A       		.uleb128 0x3a
 1139 003c 0B       		.uleb128 0xb
 1140 003d 3B       		.uleb128 0x3b
 1141 003e 05       		.uleb128 0x5
 1142 003f 49       		.uleb128 0x49
 1143 0040 13       		.uleb128 0x13
 1144 0041 00       		.byte	0
 1145 0042 00       		.byte	0
 1146 0043 06       		.uleb128 0x6
 1147 0044 0F       		.uleb128 0xf
 1148 0045 00       		.byte	0
 1149 0046 0B       		.uleb128 0xb
 1150 0047 0B       		.uleb128 0xb
ARM GAS  C:\Users\jagumiel\AppData\Local\Temp\cc4nTJFS.s 			page 24


 1151 0048 49       		.uleb128 0x49
 1152 0049 13       		.uleb128 0x13
 1153 004a 00       		.byte	0
 1154 004b 00       		.byte	0
 1155 004c 07       		.uleb128 0x7
 1156 004d 2E       		.uleb128 0x2e
 1157 004e 01       		.byte	0x1
 1158 004f 3F       		.uleb128 0x3f
 1159 0050 19       		.uleb128 0x19
 1160 0051 03       		.uleb128 0x3
 1161 0052 0E       		.uleb128 0xe
 1162 0053 3A       		.uleb128 0x3a
 1163 0054 0B       		.uleb128 0xb
 1164 0055 3B       		.uleb128 0x3b
 1165 0056 0B       		.uleb128 0xb
 1166 0057 27       		.uleb128 0x27
 1167 0058 19       		.uleb128 0x19
 1168 0059 11       		.uleb128 0x11
 1169 005a 01       		.uleb128 0x1
 1170 005b 12       		.uleb128 0x12
 1171 005c 06       		.uleb128 0x6
 1172 005d 40       		.uleb128 0x40
 1173 005e 18       		.uleb128 0x18
 1174 005f 9742     		.uleb128 0x2117
 1175 0061 19       		.uleb128 0x19
 1176 0062 01       		.uleb128 0x1
 1177 0063 13       		.uleb128 0x13
 1178 0064 00       		.byte	0
 1179 0065 00       		.byte	0
 1180 0066 08       		.uleb128 0x8
 1181 0067 05       		.uleb128 0x5
 1182 0068 00       		.byte	0
 1183 0069 03       		.uleb128 0x3
 1184 006a 08       		.uleb128 0x8
 1185 006b 3A       		.uleb128 0x3a
 1186 006c 0B       		.uleb128 0xb
 1187 006d 3B       		.uleb128 0x3b
 1188 006e 0B       		.uleb128 0xb
 1189 006f 49       		.uleb128 0x49
 1190 0070 13       		.uleb128 0x13
 1191 0071 02       		.uleb128 0x2
 1192 0072 17       		.uleb128 0x17
 1193 0073 00       		.byte	0
 1194 0074 00       		.byte	0
 1195 0075 09       		.uleb128 0x9
 1196 0076 05       		.uleb128 0x5
 1197 0077 00       		.byte	0
 1198 0078 03       		.uleb128 0x3
 1199 0079 0E       		.uleb128 0xe
 1200 007a 3A       		.uleb128 0x3a
 1201 007b 0B       		.uleb128 0xb
 1202 007c 3B       		.uleb128 0x3b
 1203 007d 0B       		.uleb128 0xb
 1204 007e 49       		.uleb128 0x49
 1205 007f 13       		.uleb128 0x13
 1206 0080 02       		.uleb128 0x2
 1207 0081 17       		.uleb128 0x17
ARM GAS  C:\Users\jagumiel\AppData\Local\Temp\cc4nTJFS.s 			page 25


 1208 0082 00       		.byte	0
 1209 0083 00       		.byte	0
 1210 0084 0A       		.uleb128 0xa
 1211 0085 34       		.uleb128 0x34
 1212 0086 00       		.byte	0
 1213 0087 03       		.uleb128 0x3
 1214 0088 0E       		.uleb128 0xe
 1215 0089 3A       		.uleb128 0x3a
 1216 008a 0B       		.uleb128 0xb
 1217 008b 3B       		.uleb128 0x3b
 1218 008c 0B       		.uleb128 0xb
 1219 008d 49       		.uleb128 0x49
 1220 008e 13       		.uleb128 0x13
 1221 008f 02       		.uleb128 0x2
 1222 0090 18       		.uleb128 0x18
 1223 0091 00       		.byte	0
 1224 0092 00       		.byte	0
 1225 0093 0B       		.uleb128 0xb
 1226 0094 34       		.uleb128 0x34
 1227 0095 00       		.byte	0
 1228 0096 03       		.uleb128 0x3
 1229 0097 08       		.uleb128 0x8
 1230 0098 3A       		.uleb128 0x3a
 1231 0099 0B       		.uleb128 0xb
 1232 009a 3B       		.uleb128 0x3b
 1233 009b 0B       		.uleb128 0xb
 1234 009c 49       		.uleb128 0x49
 1235 009d 13       		.uleb128 0x13
 1236 009e 02       		.uleb128 0x2
 1237 009f 17       		.uleb128 0x17
 1238 00a0 00       		.byte	0
 1239 00a1 00       		.byte	0
 1240 00a2 0C       		.uleb128 0xc
 1241 00a3 0B       		.uleb128 0xb
 1242 00a4 01       		.byte	0x1
 1243 00a5 55       		.uleb128 0x55
 1244 00a6 17       		.uleb128 0x17
 1245 00a7 01       		.uleb128 0x1
 1246 00a8 13       		.uleb128 0x13
 1247 00a9 00       		.byte	0
 1248 00aa 00       		.byte	0
 1249 00ab 0D       		.uleb128 0xd
 1250 00ac 0B       		.uleb128 0xb
 1251 00ad 01       		.byte	0x1
 1252 00ae 11       		.uleb128 0x11
 1253 00af 01       		.uleb128 0x1
 1254 00b0 12       		.uleb128 0x12
 1255 00b1 06       		.uleb128 0x6
 1256 00b2 01       		.uleb128 0x1
 1257 00b3 13       		.uleb128 0x13
 1258 00b4 00       		.byte	0
 1259 00b5 00       		.byte	0
 1260 00b6 0E       		.uleb128 0xe
 1261 00b7 898201   		.uleb128 0x4109
 1262 00ba 01       		.byte	0x1
 1263 00bb 11       		.uleb128 0x11
 1264 00bc 01       		.uleb128 0x1
ARM GAS  C:\Users\jagumiel\AppData\Local\Temp\cc4nTJFS.s 			page 26


 1265 00bd 31       		.uleb128 0x31
 1266 00be 13       		.uleb128 0x13
 1267 00bf 01       		.uleb128 0x1
 1268 00c0 13       		.uleb128 0x13
 1269 00c1 00       		.byte	0
 1270 00c2 00       		.byte	0
 1271 00c3 0F       		.uleb128 0xf
 1272 00c4 8A8201   		.uleb128 0x410a
 1273 00c7 00       		.byte	0
 1274 00c8 02       		.uleb128 0x2
 1275 00c9 18       		.uleb128 0x18
 1276 00ca 9142     		.uleb128 0x2111
 1277 00cc 18       		.uleb128 0x18
 1278 00cd 00       		.byte	0
 1279 00ce 00       		.byte	0
 1280 00cf 10       		.uleb128 0x10
 1281 00d0 898201   		.uleb128 0x4109
 1282 00d3 01       		.byte	0x1
 1283 00d4 11       		.uleb128 0x11
 1284 00d5 01       		.uleb128 0x1
 1285 00d6 31       		.uleb128 0x31
 1286 00d7 13       		.uleb128 0x13
 1287 00d8 00       		.byte	0
 1288 00d9 00       		.byte	0
 1289 00da 11       		.uleb128 0x11
 1290 00db 01       		.uleb128 0x1
 1291 00dc 01       		.byte	0x1
 1292 00dd 49       		.uleb128 0x49
 1293 00de 13       		.uleb128 0x13
 1294 00df 01       		.uleb128 0x1
 1295 00e0 13       		.uleb128 0x13
 1296 00e1 00       		.byte	0
 1297 00e2 00       		.byte	0
 1298 00e3 12       		.uleb128 0x12
 1299 00e4 21       		.uleb128 0x21
 1300 00e5 00       		.byte	0
 1301 00e6 49       		.uleb128 0x49
 1302 00e7 13       		.uleb128 0x13
 1303 00e8 2F       		.uleb128 0x2f
 1304 00e9 0B       		.uleb128 0xb
 1305 00ea 00       		.byte	0
 1306 00eb 00       		.byte	0
 1307 00ec 13       		.uleb128 0x13
 1308 00ed 2E       		.uleb128 0x2e
 1309 00ee 01       		.byte	0x1
 1310 00ef 3F       		.uleb128 0x3f
 1311 00f0 19       		.uleb128 0x19
 1312 00f1 03       		.uleb128 0x3
 1313 00f2 0E       		.uleb128 0xe
 1314 00f3 3A       		.uleb128 0x3a
 1315 00f4 0B       		.uleb128 0xb
 1316 00f5 3B       		.uleb128 0x3b
 1317 00f6 0B       		.uleb128 0xb
 1318 00f7 11       		.uleb128 0x11
 1319 00f8 01       		.uleb128 0x1
 1320 00f9 12       		.uleb128 0x12
 1321 00fa 06       		.uleb128 0x6
ARM GAS  C:\Users\jagumiel\AppData\Local\Temp\cc4nTJFS.s 			page 27


 1322 00fb 40       		.uleb128 0x40
 1323 00fc 18       		.uleb128 0x18
 1324 00fd 9742     		.uleb128 0x2117
 1325 00ff 19       		.uleb128 0x19
 1326 0100 01       		.uleb128 0x1
 1327 0101 13       		.uleb128 0x13
 1328 0102 00       		.byte	0
 1329 0103 00       		.byte	0
 1330 0104 14       		.uleb128 0x14
 1331 0105 898201   		.uleb128 0x4109
 1332 0108 00       		.byte	0
 1333 0109 11       		.uleb128 0x11
 1334 010a 01       		.uleb128 0x1
 1335 010b 31       		.uleb128 0x31
 1336 010c 13       		.uleb128 0x13
 1337 010d 00       		.byte	0
 1338 010e 00       		.byte	0
 1339 010f 15       		.uleb128 0x15
 1340 0110 2E       		.uleb128 0x2e
 1341 0111 01       		.byte	0x1
 1342 0112 3F       		.uleb128 0x3f
 1343 0113 19       		.uleb128 0x19
 1344 0114 03       		.uleb128 0x3
 1345 0115 0E       		.uleb128 0xe
 1346 0116 3A       		.uleb128 0x3a
 1347 0117 0B       		.uleb128 0xb
 1348 0118 3B       		.uleb128 0x3b
 1349 0119 0B       		.uleb128 0xb
 1350 011a 49       		.uleb128 0x49
 1351 011b 13       		.uleb128 0x13
 1352 011c 11       		.uleb128 0x11
 1353 011d 01       		.uleb128 0x1
 1354 011e 12       		.uleb128 0x12
 1355 011f 06       		.uleb128 0x6
 1356 0120 40       		.uleb128 0x40
 1357 0121 18       		.uleb128 0x18
 1358 0122 9742     		.uleb128 0x2117
 1359 0124 19       		.uleb128 0x19
 1360 0125 01       		.uleb128 0x1
 1361 0126 13       		.uleb128 0x13
 1362 0127 00       		.byte	0
 1363 0128 00       		.byte	0
 1364 0129 16       		.uleb128 0x16
 1365 012a 34       		.uleb128 0x34
 1366 012b 00       		.byte	0
 1367 012c 03       		.uleb128 0x3
 1368 012d 0E       		.uleb128 0xe
 1369 012e 3A       		.uleb128 0x3a
 1370 012f 0B       		.uleb128 0xb
 1371 0130 3B       		.uleb128 0x3b
 1372 0131 0B       		.uleb128 0xb
 1373 0132 49       		.uleb128 0x49
 1374 0133 13       		.uleb128 0x13
 1375 0134 02       		.uleb128 0x2
 1376 0135 17       		.uleb128 0x17
 1377 0136 00       		.byte	0
 1378 0137 00       		.byte	0
ARM GAS  C:\Users\jagumiel\AppData\Local\Temp\cc4nTJFS.s 			page 28


 1379 0138 17       		.uleb128 0x17
 1380 0139 2E       		.uleb128 0x2e
 1381 013a 01       		.byte	0x1
 1382 013b 3F       		.uleb128 0x3f
 1383 013c 19       		.uleb128 0x19
 1384 013d 03       		.uleb128 0x3
 1385 013e 0E       		.uleb128 0xe
 1386 013f 3A       		.uleb128 0x3a
 1387 0140 0B       		.uleb128 0xb
 1388 0141 3B       		.uleb128 0x3b
 1389 0142 0B       		.uleb128 0xb
 1390 0143 49       		.uleb128 0x49
 1391 0144 13       		.uleb128 0x13
 1392 0145 8701     		.uleb128 0x87
 1393 0147 19       		.uleb128 0x19
 1394 0148 11       		.uleb128 0x11
 1395 0149 01       		.uleb128 0x1
 1396 014a 12       		.uleb128 0x12
 1397 014b 06       		.uleb128 0x6
 1398 014c 40       		.uleb128 0x40
 1399 014d 18       		.uleb128 0x18
 1400 014e 9742     		.uleb128 0x2117
 1401 0150 19       		.uleb128 0x19
 1402 0151 01       		.uleb128 0x1
 1403 0152 13       		.uleb128 0x13
 1404 0153 00       		.byte	0
 1405 0154 00       		.byte	0
 1406 0155 18       		.uleb128 0x18
 1407 0156 34       		.uleb128 0x34
 1408 0157 00       		.byte	0
 1409 0158 03       		.uleb128 0x3
 1410 0159 08       		.uleb128 0x8
 1411 015a 3A       		.uleb128 0x3a
 1412 015b 0B       		.uleb128 0xb
 1413 015c 3B       		.uleb128 0x3b
 1414 015d 0B       		.uleb128 0xb
 1415 015e 49       		.uleb128 0x49
 1416 015f 13       		.uleb128 0x13
 1417 0160 3F       		.uleb128 0x3f
 1418 0161 19       		.uleb128 0x19
 1419 0162 02       		.uleb128 0x2
 1420 0163 18       		.uleb128 0x18
 1421 0164 00       		.byte	0
 1422 0165 00       		.byte	0
 1423 0166 19       		.uleb128 0x19
 1424 0167 34       		.uleb128 0x34
 1425 0168 00       		.byte	0
 1426 0169 03       		.uleb128 0x3
 1427 016a 0E       		.uleb128 0xe
 1428 016b 3A       		.uleb128 0x3a
 1429 016c 0B       		.uleb128 0xb
 1430 016d 3B       		.uleb128 0x3b
 1431 016e 0B       		.uleb128 0xb
 1432 016f 49       		.uleb128 0x49
 1433 0170 13       		.uleb128 0x13
 1434 0171 3F       		.uleb128 0x3f
 1435 0172 19       		.uleb128 0x19
ARM GAS  C:\Users\jagumiel\AppData\Local\Temp\cc4nTJFS.s 			page 29


 1436 0173 02       		.uleb128 0x2
 1437 0174 18       		.uleb128 0x18
 1438 0175 00       		.byte	0
 1439 0176 00       		.byte	0
 1440 0177 1A       		.uleb128 0x1a
 1441 0178 2E       		.uleb128 0x2e
 1442 0179 00       		.byte	0
 1443 017a 3F       		.uleb128 0x3f
 1444 017b 19       		.uleb128 0x19
 1445 017c 3C       		.uleb128 0x3c
 1446 017d 19       		.uleb128 0x19
 1447 017e 6E       		.uleb128 0x6e
 1448 017f 0E       		.uleb128 0xe
 1449 0180 03       		.uleb128 0x3
 1450 0181 0E       		.uleb128 0xe
 1451 0182 3A       		.uleb128 0x3a
 1452 0183 0B       		.uleb128 0xb
 1453 0184 3B       		.uleb128 0x3b
 1454 0185 0B       		.uleb128 0xb
 1455 0186 00       		.byte	0
 1456 0187 00       		.byte	0
 1457 0188 1B       		.uleb128 0x1b
 1458 0189 2E       		.uleb128 0x2e
 1459 018a 00       		.byte	0
 1460 018b 3F       		.uleb128 0x3f
 1461 018c 19       		.uleb128 0x19
 1462 018d 3C       		.uleb128 0x3c
 1463 018e 19       		.uleb128 0x19
 1464 018f 6E       		.uleb128 0x6e
 1465 0190 0E       		.uleb128 0xe
 1466 0191 03       		.uleb128 0x3
 1467 0192 0E       		.uleb128 0xe
 1468 0193 3A       		.uleb128 0x3a
 1469 0194 0B       		.uleb128 0xb
 1470 0195 3B       		.uleb128 0x3b
 1471 0196 05       		.uleb128 0x5
 1472 0197 00       		.byte	0
 1473 0198 00       		.byte	0
 1474 0199 00       		.byte	0
 1475              		.section	.debug_loc,"",%progbits
 1476              	.Ldebug_loc0:
 1477              	.LLST0:
 1478 0000 00000000 		.4byte	.LVL0
 1479 0004 26000000 		.4byte	.LVL7
 1480 0008 0100     		.2byte	0x1
 1481 000a 50       		.byte	0x50
 1482 000b 26000000 		.4byte	.LVL7
 1483 000f 68000000 		.4byte	.LVL19
 1484 0013 0400     		.2byte	0x4
 1485 0015 F3       		.byte	0xf3
 1486 0016 01       		.uleb128 0x1
 1487 0017 50       		.byte	0x50
 1488 0018 9F       		.byte	0x9f
 1489 0019 68000000 		.4byte	.LVL19
 1490 001d 7C000000 		.4byte	.LVL22
 1491 0021 0100     		.2byte	0x1
 1492 0023 50       		.byte	0x50
ARM GAS  C:\Users\jagumiel\AppData\Local\Temp\cc4nTJFS.s 			page 30


 1493 0024 7C000000 		.4byte	.LVL22
 1494 0028 86000000 		.4byte	.LVL24
 1495 002c 0400     		.2byte	0x4
 1496 002e F3       		.byte	0xf3
 1497 002f 01       		.uleb128 0x1
 1498 0030 50       		.byte	0x50
 1499 0031 9F       		.byte	0x9f
 1500 0032 86000000 		.4byte	.LVL24
 1501 0036 8C000000 		.4byte	.LVL25
 1502 003a 0100     		.2byte	0x1
 1503 003c 50       		.byte	0x50
 1504 003d 8C000000 		.4byte	.LVL25
 1505 0041 96000000 		.4byte	.LVL27
 1506 0045 0400     		.2byte	0x4
 1507 0047 F3       		.byte	0xf3
 1508 0048 01       		.uleb128 0x1
 1509 0049 50       		.byte	0x50
 1510 004a 9F       		.byte	0x9f
 1511 004b 96000000 		.4byte	.LVL27
 1512 004f 98000000 		.4byte	.LVL28
 1513 0053 0100     		.2byte	0x1
 1514 0055 50       		.byte	0x50
 1515 0056 98000000 		.4byte	.LVL28
 1516 005a B0000000 		.4byte	.LFE32
 1517 005e 0400     		.2byte	0x4
 1518 0060 F3       		.byte	0xf3
 1519 0061 01       		.uleb128 0x1
 1520 0062 50       		.byte	0x50
 1521 0063 9F       		.byte	0x9f
 1522 0064 00000000 		.4byte	0
 1523 0068 00000000 		.4byte	0
 1524              	.LLST1:
 1525 006c 00000000 		.4byte	.LVL0
 1526 0070 10000000 		.4byte	.LVL2
 1527 0074 0100     		.2byte	0x1
 1528 0076 51       		.byte	0x51
 1529 0077 10000000 		.4byte	.LVL2
 1530 007b 1C000000 		.4byte	.LVL5
 1531 007f 0100     		.2byte	0x1
 1532 0081 55       		.byte	0x55
 1533 0082 1C000000 		.4byte	.LVL5
 1534 0086 20000000 		.4byte	.LVL6
 1535 008a 0100     		.2byte	0x1
 1536 008c 51       		.byte	0x51
 1537 008d 20000000 		.4byte	.LVL6
 1538 0091 A2000000 		.4byte	.LVL30
 1539 0095 0100     		.2byte	0x1
 1540 0097 55       		.byte	0x55
 1541 0098 A2000000 		.4byte	.LVL30
 1542 009c B0000000 		.4byte	.LFE32
 1543 00a0 0400     		.2byte	0x4
 1544 00a2 F3       		.byte	0xf3
 1545 00a3 01       		.uleb128 0x1
 1546 00a4 51       		.byte	0x51
 1547 00a5 9F       		.byte	0x9f
 1548 00a6 00000000 		.4byte	0
 1549 00aa 00000000 		.4byte	0
ARM GAS  C:\Users\jagumiel\AppData\Local\Temp\cc4nTJFS.s 			page 31


 1550              	.LLST2:
 1551 00ae 06000000 		.4byte	.LVL1
 1552 00b2 10000000 		.4byte	.LVL2
 1553 00b6 0200     		.2byte	0x2
 1554 00b8 30       		.byte	0x30
 1555 00b9 9F       		.byte	0x9f
 1556 00ba 10000000 		.4byte	.LVL2
 1557 00be 1C000000 		.4byte	.LVL5
 1558 00c2 0100     		.2byte	0x1
 1559 00c4 54       		.byte	0x54
 1560 00c5 1C000000 		.4byte	.LVL5
 1561 00c9 20000000 		.4byte	.LVL6
 1562 00cd 0200     		.2byte	0x2
 1563 00cf 30       		.byte	0x30
 1564 00d0 9F       		.byte	0x9f
 1565 00d1 20000000 		.4byte	.LVL6
 1566 00d5 68000000 		.4byte	.LVL19
 1567 00d9 0100     		.2byte	0x1
 1568 00db 54       		.byte	0x54
 1569 00dc 68000000 		.4byte	.LVL19
 1570 00e0 7F000000 		.4byte	.LVL23-1
 1571 00e4 0100     		.2byte	0x1
 1572 00e6 52       		.byte	0x52
 1573 00e7 86000000 		.4byte	.LVL24
 1574 00eb 8F000000 		.4byte	.LVL26-1
 1575 00ef 0100     		.2byte	0x1
 1576 00f1 52       		.byte	0x52
 1577 00f2 96000000 		.4byte	.LVL27
 1578 00f6 9B000000 		.4byte	.LVL29-1
 1579 00fa 0100     		.2byte	0x1
 1580 00fc 52       		.byte	0x52
 1581 00fd 00000000 		.4byte	0
 1582 0101 00000000 		.4byte	0
 1583              	.LLST3:
 1584 0105 10000000 		.4byte	.LVL2
 1585 0109 1C000000 		.4byte	.LVL5
 1586 010d 0100     		.2byte	0x1
 1587 010f 53       		.byte	0x53
 1588 0110 20000000 		.4byte	.LVL6
 1589 0114 29000000 		.4byte	.LVL8-1
 1590 0118 0100     		.2byte	0x1
 1591 011a 53       		.byte	0x53
 1592 011b 00000000 		.4byte	0
 1593 011f 00000000 		.4byte	0
 1594              	.LLST4:
 1595 0123 2E000000 		.4byte	.LVL9
 1596 0127 32000000 		.4byte	.LVL10
 1597 012b 0200     		.2byte	0x2
 1598 012d 30       		.byte	0x30
 1599 012e 9F       		.byte	0x9f
 1600 012f 32000000 		.4byte	.LVL10
 1601 0133 45000000 		.4byte	.LVL13-1
 1602 0137 0100     		.2byte	0x1
 1603 0139 53       		.byte	0x53
 1604 013a 00000000 		.4byte	0
 1605 013e 00000000 		.4byte	0
 1606              	.LLST5:
ARM GAS  C:\Users\jagumiel\AppData\Local\Temp\cc4nTJFS.s 			page 32


 1607 0142 4A000000 		.4byte	.LVL14
 1608 0146 4E000000 		.4byte	.LVL15
 1609 014a 0200     		.2byte	0x2
 1610 014c 30       		.byte	0x30
 1611 014d 9F       		.byte	0x9f
 1612 014e 4E000000 		.4byte	.LVL15
 1613 0152 61000000 		.4byte	.LVL18-1
 1614 0156 0100     		.2byte	0x1
 1615 0158 53       		.byte	0x53
 1616 0159 00000000 		.4byte	0
 1617 015d 00000000 		.4byte	0
 1618              	.LLST6:
 1619 0161 68000000 		.4byte	.LVL19
 1620 0165 7F000000 		.4byte	.LVL23-1
 1621 0169 0100     		.2byte	0x1
 1622 016b 53       		.byte	0x53
 1623 016c 86000000 		.4byte	.LVL24
 1624 0170 8F000000 		.4byte	.LVL26-1
 1625 0174 0100     		.2byte	0x1
 1626 0176 53       		.byte	0x53
 1627 0177 96000000 		.4byte	.LVL27
 1628 017b 9B000000 		.4byte	.LVL29-1
 1629 017f 0100     		.2byte	0x1
 1630 0181 53       		.byte	0x53
 1631 0182 00000000 		.4byte	0
 1632 0186 00000000 		.4byte	0
 1633              	.LLST7:
 1634 018a 0A000000 		.4byte	.LVL38
 1635 018e 8C000000 		.4byte	.LVL54
 1636 0192 0100     		.2byte	0x1
 1637 0194 55       		.byte	0x55
 1638 0195 00000000 		.4byte	0
 1639 0199 00000000 		.4byte	0
 1640              	.LLST8:
 1641 019d 2E000000 		.4byte	.LVL41
 1642 01a1 56000000 		.4byte	.LVL44
 1643 01a5 0100     		.2byte	0x1
 1644 01a7 50       		.byte	0x50
 1645 01a8 00000000 		.4byte	0
 1646 01ac 00000000 		.4byte	0
 1647              	.LLST9:
 1648 01b0 28000000 		.4byte	.LVL39
 1649 01b4 88000000 		.4byte	.LVL52
 1650 01b8 0100     		.2byte	0x1
 1651 01ba 56       		.byte	0x56
 1652 01bb 00000000 		.4byte	0
 1653 01bf 00000000 		.4byte	0
 1654              	.LLST10:
 1655 01c3 0A000000 		.4byte	.LVL38
 1656 01c7 28000000 		.4byte	.LVL39
 1657 01cb 0200     		.2byte	0x2
 1658 01cd 30       		.byte	0x30
 1659 01ce 9F       		.byte	0x9f
 1660 01cf 28000000 		.4byte	.LVL39
 1661 01d3 42000000 		.4byte	.LVL42
 1662 01d7 0100     		.2byte	0x1
 1663 01d9 54       		.byte	0x54
ARM GAS  C:\Users\jagumiel\AppData\Local\Temp\cc4nTJFS.s 			page 33


 1664 01da 44000000 		.4byte	.LVL43
 1665 01de 88000000 		.4byte	.LVL52
 1666 01e2 0100     		.2byte	0x1
 1667 01e4 54       		.byte	0x54
 1668 01e5 88000000 		.4byte	.LVL52
 1669 01e9 8A000000 		.4byte	.LVL53
 1670 01ed 0200     		.2byte	0x2
 1671 01ef 30       		.byte	0x30
 1672 01f0 9F       		.byte	0x9f
 1673 01f1 00000000 		.4byte	0
 1674 01f5 00000000 		.4byte	0
 1675              	.LLST11:
 1676 01f9 6E000000 		.4byte	.LVL48
 1677 01fd 72000000 		.4byte	.LVL49
 1678 0201 0200     		.2byte	0x2
 1679 0203 30       		.byte	0x30
 1680 0204 9F       		.byte	0x9f
 1681 0205 72000000 		.4byte	.LVL49
 1682 0209 80000000 		.4byte	.LVL51
 1683 020d 0100     		.2byte	0x1
 1684 020f 53       		.byte	0x53
 1685 0210 00000000 		.4byte	0
 1686 0214 00000000 		.4byte	0
 1687              		.section	.debug_aranges,"",%progbits
 1688 0000 3C000000 		.4byte	0x3c
 1689 0004 0200     		.2byte	0x2
 1690 0006 00000000 		.4byte	.Ldebug_info0
 1691 000a 04       		.byte	0x4
 1692 000b 00       		.byte	0
 1693 000c 0000     		.2byte	0
 1694 000e 0000     		.2byte	0
 1695 0010 00000000 		.4byte	.LFB32
 1696 0014 B0000000 		.4byte	.LFE32-.LFB32
 1697 0018 00000000 		.4byte	.LFB33
 1698 001c 28000000 		.4byte	.LFE33-.LFB33
 1699 0020 00000000 		.4byte	.LFB34
 1700 0024 16000000 		.4byte	.LFE34-.LFB34
 1701 0028 00000000 		.4byte	.LFB35
 1702 002c 8E000000 		.4byte	.LFE35-.LFB35
 1703 0030 00000000 		.4byte	.LFB36
 1704 0034 38000000 		.4byte	.LFE36-.LFB36
 1705 0038 00000000 		.4byte	0
 1706 003c 00000000 		.4byte	0
 1707              		.section	.debug_ranges,"",%progbits
 1708              	.Ldebug_ranges0:
 1709 0000 10000000 		.4byte	.LBB2
 1710 0004 1C000000 		.4byte	.LBE2
 1711 0008 20000000 		.4byte	.LBB3
 1712 000c 24000000 		.4byte	.LBE3
 1713 0010 00000000 		.4byte	0
 1714 0014 00000000 		.4byte	0
 1715 0018 00000000 		.4byte	.LFB32
 1716 001c B0000000 		.4byte	.LFE32
 1717 0020 00000000 		.4byte	.LFB33
 1718 0024 28000000 		.4byte	.LFE33
 1719 0028 00000000 		.4byte	.LFB34
 1720 002c 16000000 		.4byte	.LFE34
ARM GAS  C:\Users\jagumiel\AppData\Local\Temp\cc4nTJFS.s 			page 34


 1721 0030 00000000 		.4byte	.LFB35
 1722 0034 8E000000 		.4byte	.LFE35
 1723 0038 00000000 		.4byte	.LFB36
 1724 003c 38000000 		.4byte	.LFE36
 1725 0040 00000000 		.4byte	0
 1726 0044 00000000 		.4byte	0
 1727              		.section	.debug_line,"",%progbits
 1728              	.Ldebug_line0:
 1729 0000 06030000 		.section	.debug_str,"MS",%progbits,1
 1729      0200F001 
 1729      00000201 
 1729      FB0E0D00 
 1729      01010101 
 1730              	.LASF22:
 1731 0000 67657452 		.ascii	"getResults\000"
 1731      6573756C 
 1731      747300
 1732              	.LASF24:
 1733 000b 63686172 		.ascii	"charCMD\000"
 1733      434D4400 
 1734              	.LASF9:
 1735 0013 5F5F7569 		.ascii	"__uint8_t\000"
 1735      6E74385F 
 1735      7400
 1736              	.LASF20:
 1737 001d 7365744C 		.ascii	"setLeds\000"
 1737      65647300 
 1738              	.LASF43:
 1739 0025 443A5C55 		.ascii	"D:\\Users\\jagumiel\\Documents\\PSoC Creator\\PSoC-"
 1739      73657273 
 1739      5C6A6167 
 1739      756D6965 
 1739      6C5C446F 
 1740 0053 3130315C 		.ascii	"101\\PSoC-101\\TrainingProjects\\RGB-UART_Control.c"
 1740      50536F43 
 1740      2D313031 
 1740      5C547261 
 1740      696E696E 
 1741 0083 7964736E 		.ascii	"ydsn\000"
 1741      00
 1742              	.LASF36:
 1743 0088 55415254 		.ascii	"UART_SpiUartWriteTxData\000"
 1743      5F537069 
 1743      55617274 
 1743      57726974 
 1743      65547844 
 1744              	.LASF18:
 1745 00a0 6C656456 		.ascii	"ledValue\000"
 1745      616C7565 
 1745      00
 1746              	.LASF32:
 1747 00a9 50574D5F 		.ascii	"PWM_2_WriteCompare\000"
 1747      325F5772 
 1747      69746543 
 1747      6F6D7061 
 1747      726500
 1748              	.LASF35:
ARM GAS  C:\Users\jagumiel\AppData\Local\Temp\cc4nTJFS.s 			page 35


 1749 00bc 55415254 		.ascii	"UART_UartPutString\000"
 1749      5F556172 
 1749      74507574 
 1749      53747269 
 1749      6E6700
 1750              	.LASF13:
 1751 00cf 666C6F61 		.ascii	"float\000"
 1751      7400
 1752              	.LASF0:
 1753 00d5 7369676E 		.ascii	"signed char\000"
 1753      65642063 
 1753      68617200 
 1754              	.LASF34:
 1755 00e1 55415254 		.ascii	"UART_UartGetChar\000"
 1755      5F556172 
 1755      74476574 
 1755      43686172 
 1755      00
 1756              	.LASF5:
 1757 00f2 6C6F6E67 		.ascii	"long unsigned int\000"
 1757      20756E73 
 1757      69676E65 
 1757      6420696E 
 1757      7400
 1758              	.LASF38:
 1759 0104 50574D5F 		.ascii	"PWM_1_Start\000"
 1759      315F5374 
 1759      61727400 
 1760              	.LASF37:
 1761 0110 55415254 		.ascii	"UART_Start\000"
 1761      5F537461 
 1761      727400
 1762              	.LASF28:
 1763 011b 67726565 		.ascii	"green\000"
 1763      6E00
 1764              	.LASF1:
 1765 0121 756E7369 		.ascii	"unsigned char\000"
 1765      676E6564 
 1765      20636861 
 1765      7200
 1766              	.LASF21:
 1767 012f 7475726E 		.ascii	"turnOffLeds\000"
 1767      4F66664C 
 1767      65647300 
 1768              	.LASF14:
 1769 013b 646F7562 		.ascii	"double\000"
 1769      6C6500
 1770              	.LASF39:
 1771 0142 50574D5F 		.ascii	"PWM_2_Start\000"
 1771      325F5374 
 1771      61727400 
 1772              	.LASF44:
 1773 014e 6D61696E 		.ascii	"main\000"
 1773      00
 1774              	.LASF25:
 1775 0153 63686172 		.ascii	"charData\000"
 1775      44617461 
ARM GAS  C:\Users\jagumiel\AppData\Local\Temp\cc4nTJFS.s 			page 36


 1775      00
 1776              	.LASF23:
 1777 015c 67657444 		.ascii	"getData\000"
 1777      61746100 
 1778              	.LASF12:
 1779 0164 696E7438 		.ascii	"int8\000"
 1779      00
 1780              	.LASF11:
 1781 0169 75696E74 		.ascii	"uint32\000"
 1781      333200
 1782              	.LASF40:
 1783 0170 50574D5F 		.ascii	"PWM_3_Start\000"
 1783      335F5374 
 1783      61727400 
 1784              	.LASF8:
 1785 017c 756E7369 		.ascii	"unsigned int\000"
 1785      676E6564 
 1785      20696E74 
 1785      00
 1786              	.LASF7:
 1787 0189 6C6F6E67 		.ascii	"long long unsigned int\000"
 1787      206C6F6E 
 1787      6720756E 
 1787      7369676E 
 1787      65642069 
 1788              	.LASF10:
 1789 01a0 75696E74 		.ascii	"uint8_t\000"
 1789      385F7400 
 1790              	.LASF30:
 1791 01a8 61746F69 		.ascii	"atoi\000"
 1791      00
 1792              	.LASF41:
 1793 01ad 474E5520 		.ascii	"GNU C11 5.4.1 20160609 (release) [ARM/embedded-5-br"
 1793      43313120 
 1793      352E342E 
 1793      31203230 
 1793      31363036 
 1794 01e0 616E6368 		.ascii	"anch revision 237715] -mcpu=cortex-m0 -mthumb -g -O"
 1794      20726576 
 1794      6973696F 
 1794      6E203233 
 1794      37373135 
 1795 0213 67202D66 		.ascii	"g -ffunction-sections -ffat-lto-objects\000"
 1795      66756E63 
 1795      74696F6E 
 1795      2D736563 
 1795      74696F6E 
 1796              	.LASF17:
 1797 023b 73697A65 		.ascii	"sizetype\000"
 1797      74797065 
 1797      00
 1798              	.LASF31:
 1799 0244 50574D5F 		.ascii	"PWM_1_WriteCompare\000"
 1799      315F5772 
 1799      69746543 
 1799      6F6D7061 
 1799      726500
ARM GAS  C:\Users\jagumiel\AppData\Local\Temp\cc4nTJFS.s 			page 37


 1800              	.LASF6:
 1801 0257 6C6F6E67 		.ascii	"long long int\000"
 1801      206C6F6E 
 1801      6720696E 
 1801      7400
 1802              	.LASF42:
 1803 0265 6D61696E 		.ascii	"main.c\000"
 1803      2E6300
 1804              	.LASF15:
 1805 026c 63686172 		.ascii	"char\000"
 1805      00
 1806              	.LASF2:
 1807 0271 73686F72 		.ascii	"short int\000"
 1807      7420696E 
 1807      7400
 1808              	.LASF29:
 1809 027b 626C7565 		.ascii	"blue\000"
 1809      00
 1810              	.LASF4:
 1811 0280 6C6F6E67 		.ascii	"long int\000"
 1811      20696E74 
 1811      00
 1812              	.LASF16:
 1813 0289 6C6F6E67 		.ascii	"long double\000"
 1813      20646F75 
 1813      626C6500 
 1814              	.LASF33:
 1815 0295 50574D5F 		.ascii	"PWM_3_WriteCompare\000"
 1815      335F5772 
 1815      69746543 
 1815      6F6D7061 
 1815      726500
 1816              	.LASF3:
 1817 02a8 73686F72 		.ascii	"short unsigned int\000"
 1817      7420756E 
 1817      7369676E 
 1817      65642069 
 1817      6E7400
 1818              	.LASF19:
 1819 02bb 73696E67 		.ascii	"singleValAux\000"
 1819      6C655661 
 1819      6C417578 
 1819      00
 1820              	.LASF27:
 1821 02c8 5F426F6F 		.ascii	"_Bool\000"
 1821      6C00
 1822              	.LASF26:
 1823 02ce 636F6C6F 		.ascii	"colorData\000"
 1823      72446174 
 1823      6100
 1824              		.ident	"GCC: (GNU Tools for ARM Embedded Processors) 5.4.1 20160609 (release) [ARM/embedded-5-bran
