ARM GAS  C:\Users\jagumiel\AppData\Local\Temp\ccR2B2ft.s 			page 1


   1              		.syntax unified
   2              		.cpu cortex-m0
   3              		.fpu softvfp
   4              		.eabi_attribute 20, 1
   5              		.eabi_attribute 21, 1
   6              		.eabi_attribute 23, 3
   7              		.eabi_attribute 24, 1
   8              		.eabi_attribute 25, 1
   9              		.eabi_attribute 26, 1
  10              		.eabi_attribute 30, 1
  11              		.eabi_attribute 34, 0
  12              		.eabi_attribute 18, 4
  13              		.thumb
  14              		.syntax unified
  15              		.file	"main.c"
  16              		.text
  17              	.Ltext0:
  18              		.cfi_sections	.debug_frame
  19              		.section	.text.main,"ax",%progbits
  20              		.align	2
  21              		.global	main
  22              		.code	16
  23              		.thumb_func
  24              		.type	main, %function
  25              	main:
  26              	.LFB32:
  27              		.file 1 "main.c"
   1:main.c        **** /* ========================================
   2:main.c        ****  *
   3:main.c        ****  * Copyright YOUR COMPANY, THE YEAR
   4:main.c        ****  * All Rights Reserved
   5:main.c        ****  * UNPUBLISHED, LICENSED SOFTWARE.
   6:main.c        ****  *
   7:main.c        ****  * CONFIDENTIAL AND PROPRIETARY INFORMATION
   8:main.c        ****  * WHICH IS THE PROPERTY OF your company.
   9:main.c        ****  *
  10:main.c        ****  * ========================================
  11:main.c        **** */
  12:main.c        **** #include "project.h"
  13:main.c        **** 
  14:main.c        **** int main(void)
  15:main.c        **** {
  28              		.loc 1 15 0
  29              		.cfi_startproc
  30              		@ Volatile: function does not return.
  31              		@ args = 0, pretend = 0, frame = 0
  32              		@ frame_needed = 0, uses_anonymous_args = 0
  33 0000 10B5     		push	{r4, lr}
  34              		.cfi_def_cfa_offset 8
  35              		.cfi_offset 4, -8
  36              		.cfi_offset 14, -4
  16:main.c        ****     CyGlobalIntEnable; /* Enable global interrupts. */
  37              		.loc 1 16 0
  38              		.syntax divided
  39              	@ 16 "main.c" 1
  40 0002 62B6     		CPSIE   i
  41              	@ 0 "" 2
ARM GAS  C:\Users\jagumiel\AppData\Local\Temp\ccR2B2ft.s 			page 2


  42              		.thumb
  43              		.syntax unified
  44              	.L2:
  17:main.c        **** 
  18:main.c        ****     /* Place your initialization/startup code here (e.g. MyInst_Start()) */
  19:main.c        **** 
  20:main.c        ****     for(;;)
  21:main.c        ****     {
  22:main.c        ****         Pin_Red_Write(~Pin_Red_Read());
  45              		.loc 1 22 0 discriminator 1
  46 0004 FFF7FEFF 		bl	Pin_Red_Read
  47              	.LVL0:
  48 0008 C043     		mvns	r0, r0
  49 000a C0B2     		uxtb	r0, r0
  50 000c FFF7FEFF 		bl	Pin_Red_Write
  51              	.LVL1:
  23:main.c        ****         CyDelay(500);
  52              		.loc 1 23 0 discriminator 1
  53 0010 FA20     		movs	r0, #250
  54 0012 4000     		lsls	r0, r0, #1
  55 0014 FFF7FEFF 		bl	CyDelay
  56              	.LVL2:
  57 0018 F4E7     		b	.L2
  58              		.cfi_endproc
  59              	.LFE32:
  60              		.size	main, .-main
  61 001a C046     		.text
  62              	.Letext0:
  63              		.file 2 "Generated_Source\\PSoC4/Pin_Red.h"
  64              		.file 3 "Generated_Source\\PSoC4/CyLib.h"
  65              		.section	.debug_info,"",%progbits
  66              	.Ldebug_info0:
  67 0000 E9000000 		.4byte	0xe9
  68 0004 0400     		.2byte	0x4
  69 0006 00000000 		.4byte	.Ldebug_abbrev0
  70 000a 04       		.byte	0x4
  71 000b 01       		.uleb128 0x1
  72 000c DC000000 		.4byte	.LASF17
  73 0010 0C       		.byte	0xc
  74 0011 1B000000 		.4byte	.LASF18
  75 0015 58000000 		.4byte	.LASF19
  76 0019 00000000 		.4byte	.Ldebug_ranges0+0
  77 001d 00000000 		.4byte	0
  78 0021 00000000 		.4byte	.Ldebug_line0
  79 0025 02       		.uleb128 0x2
  80 0026 01       		.byte	0x1
  81 0027 06       		.byte	0x6
  82 0028 7D010000 		.4byte	.LASF0
  83 002c 02       		.uleb128 0x2
  84 002d 01       		.byte	0x1
  85 002e 08       		.byte	0x8
  86 002f AF000000 		.4byte	.LASF1
  87 0033 02       		.uleb128 0x2
  88 0034 02       		.byte	0x2
  89 0035 05       		.byte	0x5
  90 0036 CB000000 		.4byte	.LASF2
  91 003a 02       		.uleb128 0x2
ARM GAS  C:\Users\jagumiel\AppData\Local\Temp\ccR2B2ft.s 			page 3


  92 003b 02       		.byte	0x2
  93 003c 07       		.byte	0x7
  94 003d 6A010000 		.4byte	.LASF3
  95 0041 02       		.uleb128 0x2
  96 0042 04       		.byte	0x4
  97 0043 05       		.byte	0x5
  98 0044 C2000000 		.4byte	.LASF4
  99 0048 02       		.uleb128 0x2
 100 0049 04       		.byte	0x4
 101 004a 07       		.byte	0x7
 102 004b 2F000000 		.4byte	.LASF5
 103 004f 02       		.uleb128 0x2
 104 0050 08       		.byte	0x8
 105 0051 05       		.byte	0x5
 106 0052 00000000 		.4byte	.LASF6
 107 0056 02       		.uleb128 0x2
 108 0057 08       		.byte	0x8
 109 0058 07       		.byte	0x7
 110 0059 41000000 		.4byte	.LASF7
 111 005d 03       		.uleb128 0x3
 112 005e 04       		.byte	0x4
 113 005f 05       		.byte	0x5
 114 0060 696E7400 		.ascii	"int\000"
 115 0064 02       		.uleb128 0x2
 116 0065 04       		.byte	0x4
 117 0066 07       		.byte	0x7
 118 0067 0E000000 		.4byte	.LASF8
 119 006b 02       		.uleb128 0x2
 120 006c 04       		.byte	0x4
 121 006d 04       		.byte	0x4
 122 006e A2010000 		.4byte	.LASF9
 123 0072 02       		.uleb128 0x2
 124 0073 08       		.byte	0x8
 125 0074 04       		.byte	0x4
 126 0075 D5000000 		.4byte	.LASF10
 127 0079 02       		.uleb128 0x2
 128 007a 01       		.byte	0x1
 129 007b 08       		.byte	0x8
 130 007c BD000000 		.4byte	.LASF11
 131 0080 02       		.uleb128 0x2
 132 0081 08       		.byte	0x8
 133 0082 04       		.byte	0x4
 134 0083 89010000 		.4byte	.LASF12
 135 0087 02       		.uleb128 0x2
 136 0088 04       		.byte	0x4
 137 0089 07       		.byte	0x7
 138 008a A8010000 		.4byte	.LASF13
 139 008e 04       		.uleb128 0x4
 140 008f 22000000 		.4byte	.LASF20
 141 0093 01       		.byte	0x1
 142 0094 0E       		.byte	0xe
 143 0095 5D000000 		.4byte	0x5d
 144 0099 00000000 		.4byte	.LFB32
 145 009d 1A000000 		.4byte	.LFE32-.LFB32
 146 00a1 01       		.uleb128 0x1
 147 00a2 9C       		.byte	0x9c
 148 00a3 CB000000 		.4byte	0xcb
ARM GAS  C:\Users\jagumiel\AppData\Local\Temp\ccR2B2ft.s 			page 4


 149 00a7 05       		.uleb128 0x5
 150 00a8 08000000 		.4byte	.LVL0
 151 00ac CB000000 		.4byte	0xcb
 152 00b0 05       		.uleb128 0x5
 153 00b1 10000000 		.4byte	.LVL1
 154 00b5 D6000000 		.4byte	0xd6
 155 00b9 06       		.uleb128 0x6
 156 00ba 18000000 		.4byte	.LVL2
 157 00be E1000000 		.4byte	0xe1
 158 00c2 07       		.uleb128 0x7
 159 00c3 01       		.uleb128 0x1
 160 00c4 50       		.byte	0x50
 161 00c5 03       		.uleb128 0x3
 162 00c6 0A       		.byte	0xa
 163 00c7 F401     		.2byte	0x1f4
 164 00c9 00       		.byte	0
 165 00ca 00       		.byte	0
 166 00cb 08       		.uleb128 0x8
 167 00cc 95010000 		.4byte	.LASF14
 168 00d0 95010000 		.4byte	.LASF14
 169 00d4 02       		.byte	0x2
 170 00d5 32       		.byte	0x32
 171 00d6 08       		.uleb128 0x8
 172 00d7 A1000000 		.4byte	.LASF15
 173 00db A1000000 		.4byte	.LASF15
 174 00df 02       		.byte	0x2
 175 00e0 33       		.byte	0x33
 176 00e1 08       		.uleb128 0x8
 177 00e2 27000000 		.4byte	.LASF16
 178 00e6 27000000 		.4byte	.LASF16
 179 00ea 03       		.byte	0x3
 180 00eb D9       		.byte	0xd9
 181 00ec 00       		.byte	0
 182              		.section	.debug_abbrev,"",%progbits
 183              	.Ldebug_abbrev0:
 184 0000 01       		.uleb128 0x1
 185 0001 11       		.uleb128 0x11
 186 0002 01       		.byte	0x1
 187 0003 25       		.uleb128 0x25
 188 0004 0E       		.uleb128 0xe
 189 0005 13       		.uleb128 0x13
 190 0006 0B       		.uleb128 0xb
 191 0007 03       		.uleb128 0x3
 192 0008 0E       		.uleb128 0xe
 193 0009 1B       		.uleb128 0x1b
 194 000a 0E       		.uleb128 0xe
 195 000b 55       		.uleb128 0x55
 196 000c 17       		.uleb128 0x17
 197 000d 11       		.uleb128 0x11
 198 000e 01       		.uleb128 0x1
 199 000f 10       		.uleb128 0x10
 200 0010 17       		.uleb128 0x17
 201 0011 00       		.byte	0
 202 0012 00       		.byte	0
 203 0013 02       		.uleb128 0x2
 204 0014 24       		.uleb128 0x24
 205 0015 00       		.byte	0
ARM GAS  C:\Users\jagumiel\AppData\Local\Temp\ccR2B2ft.s 			page 5


 206 0016 0B       		.uleb128 0xb
 207 0017 0B       		.uleb128 0xb
 208 0018 3E       		.uleb128 0x3e
 209 0019 0B       		.uleb128 0xb
 210 001a 03       		.uleb128 0x3
 211 001b 0E       		.uleb128 0xe
 212 001c 00       		.byte	0
 213 001d 00       		.byte	0
 214 001e 03       		.uleb128 0x3
 215 001f 24       		.uleb128 0x24
 216 0020 00       		.byte	0
 217 0021 0B       		.uleb128 0xb
 218 0022 0B       		.uleb128 0xb
 219 0023 3E       		.uleb128 0x3e
 220 0024 0B       		.uleb128 0xb
 221 0025 03       		.uleb128 0x3
 222 0026 08       		.uleb128 0x8
 223 0027 00       		.byte	0
 224 0028 00       		.byte	0
 225 0029 04       		.uleb128 0x4
 226 002a 2E       		.uleb128 0x2e
 227 002b 01       		.byte	0x1
 228 002c 3F       		.uleb128 0x3f
 229 002d 19       		.uleb128 0x19
 230 002e 03       		.uleb128 0x3
 231 002f 0E       		.uleb128 0xe
 232 0030 3A       		.uleb128 0x3a
 233 0031 0B       		.uleb128 0xb
 234 0032 3B       		.uleb128 0x3b
 235 0033 0B       		.uleb128 0xb
 236 0034 27       		.uleb128 0x27
 237 0035 19       		.uleb128 0x19
 238 0036 49       		.uleb128 0x49
 239 0037 13       		.uleb128 0x13
 240 0038 8701     		.uleb128 0x87
 241 003a 19       		.uleb128 0x19
 242 003b 11       		.uleb128 0x11
 243 003c 01       		.uleb128 0x1
 244 003d 12       		.uleb128 0x12
 245 003e 06       		.uleb128 0x6
 246 003f 40       		.uleb128 0x40
 247 0040 18       		.uleb128 0x18
 248 0041 9742     		.uleb128 0x2117
 249 0043 19       		.uleb128 0x19
 250 0044 01       		.uleb128 0x1
 251 0045 13       		.uleb128 0x13
 252 0046 00       		.byte	0
 253 0047 00       		.byte	0
 254 0048 05       		.uleb128 0x5
 255 0049 898201   		.uleb128 0x4109
 256 004c 00       		.byte	0
 257 004d 11       		.uleb128 0x11
 258 004e 01       		.uleb128 0x1
 259 004f 31       		.uleb128 0x31
 260 0050 13       		.uleb128 0x13
 261 0051 00       		.byte	0
 262 0052 00       		.byte	0
ARM GAS  C:\Users\jagumiel\AppData\Local\Temp\ccR2B2ft.s 			page 6


 263 0053 06       		.uleb128 0x6
 264 0054 898201   		.uleb128 0x4109
 265 0057 01       		.byte	0x1
 266 0058 11       		.uleb128 0x11
 267 0059 01       		.uleb128 0x1
 268 005a 31       		.uleb128 0x31
 269 005b 13       		.uleb128 0x13
 270 005c 00       		.byte	0
 271 005d 00       		.byte	0
 272 005e 07       		.uleb128 0x7
 273 005f 8A8201   		.uleb128 0x410a
 274 0062 00       		.byte	0
 275 0063 02       		.uleb128 0x2
 276 0064 18       		.uleb128 0x18
 277 0065 9142     		.uleb128 0x2111
 278 0067 18       		.uleb128 0x18
 279 0068 00       		.byte	0
 280 0069 00       		.byte	0
 281 006a 08       		.uleb128 0x8
 282 006b 2E       		.uleb128 0x2e
 283 006c 00       		.byte	0
 284 006d 3F       		.uleb128 0x3f
 285 006e 19       		.uleb128 0x19
 286 006f 3C       		.uleb128 0x3c
 287 0070 19       		.uleb128 0x19
 288 0071 6E       		.uleb128 0x6e
 289 0072 0E       		.uleb128 0xe
 290 0073 03       		.uleb128 0x3
 291 0074 0E       		.uleb128 0xe
 292 0075 3A       		.uleb128 0x3a
 293 0076 0B       		.uleb128 0xb
 294 0077 3B       		.uleb128 0x3b
 295 0078 0B       		.uleb128 0xb
 296 0079 00       		.byte	0
 297 007a 00       		.byte	0
 298 007b 00       		.byte	0
 299              		.section	.debug_aranges,"",%progbits
 300 0000 1C000000 		.4byte	0x1c
 301 0004 0200     		.2byte	0x2
 302 0006 00000000 		.4byte	.Ldebug_info0
 303 000a 04       		.byte	0x4
 304 000b 00       		.byte	0
 305 000c 0000     		.2byte	0
 306 000e 0000     		.2byte	0
 307 0010 00000000 		.4byte	.LFB32
 308 0014 1A000000 		.4byte	.LFE32-.LFB32
 309 0018 00000000 		.4byte	0
 310 001c 00000000 		.4byte	0
 311              		.section	.debug_ranges,"",%progbits
 312              	.Ldebug_ranges0:
 313 0000 00000000 		.4byte	.LFB32
 314 0004 1A000000 		.4byte	.LFE32
 315 0008 00000000 		.4byte	0
 316 000c 00000000 		.4byte	0
 317              		.section	.debug_line,"",%progbits
 318              	.Ldebug_line0:
 319 0000 6C000000 		.section	.debug_str,"MS",%progbits,1
ARM GAS  C:\Users\jagumiel\AppData\Local\Temp\ccR2B2ft.s 			page 7


 319      02004C00 
 319      00000201 
 319      FB0E0D00 
 319      01010101 
 320              	.LASF6:
 321 0000 6C6F6E67 		.ascii	"long long int\000"
 321      206C6F6E 
 321      6720696E 
 321      7400
 322              	.LASF8:
 323 000e 756E7369 		.ascii	"unsigned int\000"
 323      676E6564 
 323      20696E74 
 323      00
 324              	.LASF18:
 325 001b 6D61696E 		.ascii	"main.c\000"
 325      2E6300
 326              	.LASF20:
 327 0022 6D61696E 		.ascii	"main\000"
 327      00
 328              	.LASF16:
 329 0027 43794465 		.ascii	"CyDelay\000"
 329      6C617900 
 330              	.LASF5:
 331 002f 6C6F6E67 		.ascii	"long unsigned int\000"
 331      20756E73 
 331      69676E65 
 331      6420696E 
 331      7400
 332              	.LASF7:
 333 0041 6C6F6E67 		.ascii	"long long unsigned int\000"
 333      206C6F6E 
 333      6720756E 
 333      7369676E 
 333      65642069 
 334              	.LASF19:
 335 0058 443A5C55 		.ascii	"D:\\Users\\jagumiel\\Documents\\PSoC Creator\\PSoC-"
 335      73657273 
 335      5C6A6167 
 335      756D6965 
 335      6C5C446F 
 336 0086 3130315C 		.ascii	"101\\PSoC-101\\Lesson1.cydsn\000"
 336      50536F43 
 336      2D313031 
 336      5C4C6573 
 336      736F6E31 
 337              	.LASF15:
 338 00a1 50696E5F 		.ascii	"Pin_Red_Write\000"
 338      5265645F 
 338      57726974 
 338      6500
 339              	.LASF1:
 340 00af 756E7369 		.ascii	"unsigned char\000"
 340      676E6564 
 340      20636861 
 340      7200
 341              	.LASF11:
ARM GAS  C:\Users\jagumiel\AppData\Local\Temp\ccR2B2ft.s 			page 8


 342 00bd 63686172 		.ascii	"char\000"
 342      00
 343              	.LASF4:
 344 00c2 6C6F6E67 		.ascii	"long int\000"
 344      20696E74 
 344      00
 345              	.LASF2:
 346 00cb 73686F72 		.ascii	"short int\000"
 346      7420696E 
 346      7400
 347              	.LASF10:
 348 00d5 646F7562 		.ascii	"double\000"
 348      6C6500
 349              	.LASF17:
 350 00dc 474E5520 		.ascii	"GNU C11 5.4.1 20160609 (release) [ARM/embedded-5-br"
 350      43313120 
 350      352E342E 
 350      31203230 
 350      31363036 
 351 010f 616E6368 		.ascii	"anch revision 237715] -mcpu=cortex-m0 -mthumb -g -O"
 351      20726576 
 351      6973696F 
 351      6E203233 
 351      37373135 
 352 0142 67202D66 		.ascii	"g -ffunction-sections -ffat-lto-objects\000"
 352      66756E63 
 352      74696F6E 
 352      2D736563 
 352      74696F6E 
 353              	.LASF3:
 354 016a 73686F72 		.ascii	"short unsigned int\000"
 354      7420756E 
 354      7369676E 
 354      65642069 
 354      6E7400
 355              	.LASF0:
 356 017d 7369676E 		.ascii	"signed char\000"
 356      65642063 
 356      68617200 
 357              	.LASF12:
 358 0189 6C6F6E67 		.ascii	"long double\000"
 358      20646F75 
 358      626C6500 
 359              	.LASF14:
 360 0195 50696E5F 		.ascii	"Pin_Red_Read\000"
 360      5265645F 
 360      52656164 
 360      00
 361              	.LASF9:
 362 01a2 666C6F61 		.ascii	"float\000"
 362      7400
 363              	.LASF13:
 364 01a8 73697A65 		.ascii	"sizetype\000"
 364      74797065 
 364      00
 365              		.ident	"GCC: (GNU Tools for ARM Embedded Processors) 5.4.1 20160609 (release) [ARM/embedded-5-bran
