ARM GAS  C:\Users\jagumiel\AppData\Local\Temp\ccVzh5ym.s 			page 1


   1              		.syntax unified
   2              		.cpu cortex-m0
   3              		.fpu softvfp
   4              		.eabi_attribute 20, 1
   5              		.eabi_attribute 21, 1
   6              		.eabi_attribute 23, 3
   7              		.eabi_attribute 24, 1
   8              		.eabi_attribute 25, 1
   9              		.eabi_attribute 26, 1
  10              		.eabi_attribute 30, 1
  11              		.eabi_attribute 34, 0
  12              		.eabi_attribute 18, 4
  13              		.thumb
  14              		.syntax unified
  15              		.file	"cyfitter_cfg.c"
  16              		.text
  17              	.Ltext0:
  18              		.cfi_sections	.debug_frame
  19              		.section	.text.AnalogSetDefault,"ax",%progbits
  20              		.align	2
  21              		.code	16
  22              		.thumb_func
  23              		.type	AnalogSetDefault, %function
  24              	AnalogSetDefault:
  25              	.LFB6:
  26              		.file 1 "Generated_Source\\PSoC4\\cyfitter_cfg.c"
   1:Generated_Source\PSoC4/cyfitter_cfg.c **** 
   2:Generated_Source\PSoC4/cyfitter_cfg.c **** /*******************************************************************************
   3:Generated_Source\PSoC4/cyfitter_cfg.c **** * File Name: cyfitter_cfg.c
   4:Generated_Source\PSoC4/cyfitter_cfg.c **** * 
   5:Generated_Source\PSoC4/cyfitter_cfg.c **** * PSoC Creator  4.2
   6:Generated_Source\PSoC4/cyfitter_cfg.c **** *
   7:Generated_Source\PSoC4/cyfitter_cfg.c **** * Description:
   8:Generated_Source\PSoC4/cyfitter_cfg.c **** * This file contains device initialization code.
   9:Generated_Source\PSoC4/cyfitter_cfg.c **** * Except for the user defined sections in CyClockStartupError(), this file should not be modified.
  10:Generated_Source\PSoC4/cyfitter_cfg.c **** * This file is automatically generated by PSoC Creator.
  11:Generated_Source\PSoC4/cyfitter_cfg.c **** *
  12:Generated_Source\PSoC4/cyfitter_cfg.c **** ********************************************************************************
  13:Generated_Source\PSoC4/cyfitter_cfg.c **** * Copyright (c) 2007-2018 Cypress Semiconductor.  All rights reserved.
  14:Generated_Source\PSoC4/cyfitter_cfg.c **** * You may use this file only in accordance with the license, terms, conditions, 
  15:Generated_Source\PSoC4/cyfitter_cfg.c **** * disclaimers, and limitations in the end user license agreement accompanying 
  16:Generated_Source\PSoC4/cyfitter_cfg.c **** * the software package with which this file was provided.
  17:Generated_Source\PSoC4/cyfitter_cfg.c **** ********************************************************************************/
  18:Generated_Source\PSoC4/cyfitter_cfg.c **** 
  19:Generated_Source\PSoC4/cyfitter_cfg.c **** #include <string.h>
  20:Generated_Source\PSoC4/cyfitter_cfg.c **** #include "cytypes.h"
  21:Generated_Source\PSoC4/cyfitter_cfg.c **** #include "cydevice_trm.h"
  22:Generated_Source\PSoC4/cyfitter_cfg.c **** #include "cyfitter.h"
  23:Generated_Source\PSoC4/cyfitter_cfg.c **** #include "CyLib.h"
  24:Generated_Source\PSoC4/cyfitter_cfg.c **** #include "CyLFClk.h"
  25:Generated_Source\PSoC4/cyfitter_cfg.c **** #include "cyfitter_cfg.h"
  26:Generated_Source\PSoC4/cyfitter_cfg.c **** #include "cyapicallbacks.h"
  27:Generated_Source\PSoC4/cyfitter_cfg.c **** 
  28:Generated_Source\PSoC4/cyfitter_cfg.c **** 
  29:Generated_Source\PSoC4/cyfitter_cfg.c **** #if defined(__GNUC__) || defined(__ARMCC_VERSION)
  30:Generated_Source\PSoC4/cyfitter_cfg.c ****     #define CYPACKED 
  31:Generated_Source\PSoC4/cyfitter_cfg.c ****     #define CYPACKED_ATTR __attribute__ ((packed))
ARM GAS  C:\Users\jagumiel\AppData\Local\Temp\ccVzh5ym.s 			page 2


  32:Generated_Source\PSoC4/cyfitter_cfg.c ****     #define CYALIGNED __attribute__ ((aligned))
  33:Generated_Source\PSoC4/cyfitter_cfg.c ****     #define CY_CFG_UNUSED __attribute__ ((unused))
  34:Generated_Source\PSoC4/cyfitter_cfg.c ****     #ifndef CY_CFG_SECTION
  35:Generated_Source\PSoC4/cyfitter_cfg.c ****         #define CY_CFG_SECTION __attribute__ ((section(".psocinit")))
  36:Generated_Source\PSoC4/cyfitter_cfg.c ****     #endif
  37:Generated_Source\PSoC4/cyfitter_cfg.c ****     
  38:Generated_Source\PSoC4/cyfitter_cfg.c ****     #if defined(__ARMCC_VERSION)
  39:Generated_Source\PSoC4/cyfitter_cfg.c ****         #define CY_CFG_MEMORY_BARRIER() __memory_changed()
  40:Generated_Source\PSoC4/cyfitter_cfg.c ****     #else
  41:Generated_Source\PSoC4/cyfitter_cfg.c ****         #define CY_CFG_MEMORY_BARRIER() __sync_synchronize()
  42:Generated_Source\PSoC4/cyfitter_cfg.c ****     #endif
  43:Generated_Source\PSoC4/cyfitter_cfg.c ****     
  44:Generated_Source\PSoC4/cyfitter_cfg.c **** #elif defined(__ICCARM__)
  45:Generated_Source\PSoC4/cyfitter_cfg.c ****     #include <intrinsics.h>
  46:Generated_Source\PSoC4/cyfitter_cfg.c **** 
  47:Generated_Source\PSoC4/cyfitter_cfg.c ****     #define CYPACKED __packed
  48:Generated_Source\PSoC4/cyfitter_cfg.c ****     #define CYPACKED_ATTR 
  49:Generated_Source\PSoC4/cyfitter_cfg.c ****     #define CYALIGNED _Pragma("data_alignment=4")
  50:Generated_Source\PSoC4/cyfitter_cfg.c ****     #define CY_CFG_UNUSED _Pragma("diag_suppress=Pe177")
  51:Generated_Source\PSoC4/cyfitter_cfg.c ****     #define CY_CFG_SECTION _Pragma("location=\".psocinit\"")
  52:Generated_Source\PSoC4/cyfitter_cfg.c ****     
  53:Generated_Source\PSoC4/cyfitter_cfg.c ****     #define CY_CFG_MEMORY_BARRIER() __DMB()
  54:Generated_Source\PSoC4/cyfitter_cfg.c ****     
  55:Generated_Source\PSoC4/cyfitter_cfg.c **** #else
  56:Generated_Source\PSoC4/cyfitter_cfg.c ****     #error Unsupported toolchain
  57:Generated_Source\PSoC4/cyfitter_cfg.c **** #endif
  58:Generated_Source\PSoC4/cyfitter_cfg.c **** 
  59:Generated_Source\PSoC4/cyfitter_cfg.c **** #ifndef CYCODE
  60:Generated_Source\PSoC4/cyfitter_cfg.c ****     #define CYCODE
  61:Generated_Source\PSoC4/cyfitter_cfg.c **** #endif
  62:Generated_Source\PSoC4/cyfitter_cfg.c **** #ifndef CYDATA
  63:Generated_Source\PSoC4/cyfitter_cfg.c ****     #define CYDATA
  64:Generated_Source\PSoC4/cyfitter_cfg.c **** #endif
  65:Generated_Source\PSoC4/cyfitter_cfg.c **** #ifndef CYFAR
  66:Generated_Source\PSoC4/cyfitter_cfg.c ****     #define CYFAR
  67:Generated_Source\PSoC4/cyfitter_cfg.c **** #endif
  68:Generated_Source\PSoC4/cyfitter_cfg.c **** #ifndef CYXDATA
  69:Generated_Source\PSoC4/cyfitter_cfg.c ****     #define CYXDATA
  70:Generated_Source\PSoC4/cyfitter_cfg.c **** #endif
  71:Generated_Source\PSoC4/cyfitter_cfg.c **** 
  72:Generated_Source\PSoC4/cyfitter_cfg.c **** 
  73:Generated_Source\PSoC4/cyfitter_cfg.c **** CY_CFG_UNUSED
  74:Generated_Source\PSoC4/cyfitter_cfg.c **** static void CYMEMZERO(void *s, size_t n);
  75:Generated_Source\PSoC4/cyfitter_cfg.c **** CY_CFG_UNUSED
  76:Generated_Source\PSoC4/cyfitter_cfg.c **** static void CYMEMZERO(void *s, size_t n)
  77:Generated_Source\PSoC4/cyfitter_cfg.c **** {
  78:Generated_Source\PSoC4/cyfitter_cfg.c **** 	(void)memset(s, 0, n);
  79:Generated_Source\PSoC4/cyfitter_cfg.c **** }
  80:Generated_Source\PSoC4/cyfitter_cfg.c **** CY_CFG_UNUSED
  81:Generated_Source\PSoC4/cyfitter_cfg.c **** static void CYCONFIGCPY(void *dest, const void *src, size_t n);
  82:Generated_Source\PSoC4/cyfitter_cfg.c **** CY_CFG_UNUSED
  83:Generated_Source\PSoC4/cyfitter_cfg.c **** static void CYCONFIGCPY(void *dest, const void *src, size_t n)
  84:Generated_Source\PSoC4/cyfitter_cfg.c **** {
  85:Generated_Source\PSoC4/cyfitter_cfg.c **** 	(void)memcpy(dest, src, n);
  86:Generated_Source\PSoC4/cyfitter_cfg.c **** }
  87:Generated_Source\PSoC4/cyfitter_cfg.c **** CY_CFG_UNUSED
  88:Generated_Source\PSoC4/cyfitter_cfg.c **** static void CYCONFIGCPYCODE(void *dest, const void *src, size_t n);
ARM GAS  C:\Users\jagumiel\AppData\Local\Temp\ccVzh5ym.s 			page 3


  89:Generated_Source\PSoC4/cyfitter_cfg.c **** CY_CFG_UNUSED
  90:Generated_Source\PSoC4/cyfitter_cfg.c **** static void CYCONFIGCPYCODE(void *dest, const void *src, size_t n)
  91:Generated_Source\PSoC4/cyfitter_cfg.c **** {
  92:Generated_Source\PSoC4/cyfitter_cfg.c **** 	(void)memcpy(dest, src, n);
  93:Generated_Source\PSoC4/cyfitter_cfg.c **** }
  94:Generated_Source\PSoC4/cyfitter_cfg.c **** 
  95:Generated_Source\PSoC4/cyfitter_cfg.c **** 
  96:Generated_Source\PSoC4/cyfitter_cfg.c **** 
  97:Generated_Source\PSoC4/cyfitter_cfg.c **** 
  98:Generated_Source\PSoC4/cyfitter_cfg.c **** /* Clock startup error codes                                                   */
  99:Generated_Source\PSoC4/cyfitter_cfg.c **** #define CYCLOCKSTART_NO_ERROR    0u
 100:Generated_Source\PSoC4/cyfitter_cfg.c **** #define CYCLOCKSTART_XTAL_ERROR  1u
 101:Generated_Source\PSoC4/cyfitter_cfg.c **** #define CYCLOCKSTART_32KHZ_ERROR 2u
 102:Generated_Source\PSoC4/cyfitter_cfg.c **** #define CYCLOCKSTART_PLL_ERROR   3u
 103:Generated_Source\PSoC4/cyfitter_cfg.c **** #define CYCLOCKSTART_FLL_ERROR   4u
 104:Generated_Source\PSoC4/cyfitter_cfg.c **** #define CYCLOCKSTART_WCO_ERROR   5u
 105:Generated_Source\PSoC4/cyfitter_cfg.c **** 
 106:Generated_Source\PSoC4/cyfitter_cfg.c **** 
 107:Generated_Source\PSoC4/cyfitter_cfg.c **** #ifdef CY_NEED_CYCLOCKSTARTUPERROR
 108:Generated_Source\PSoC4/cyfitter_cfg.c **** /*******************************************************************************
 109:Generated_Source\PSoC4/cyfitter_cfg.c **** * Function Name: CyClockStartupError
 110:Generated_Source\PSoC4/cyfitter_cfg.c **** ********************************************************************************
 111:Generated_Source\PSoC4/cyfitter_cfg.c **** * Summary:
 112:Generated_Source\PSoC4/cyfitter_cfg.c **** *  If an error is encountered during clock configuration (crystal startup error,
 113:Generated_Source\PSoC4/cyfitter_cfg.c **** *  PLL lock error, etc.), the system will end up here.  Unless reimplemented by
 114:Generated_Source\PSoC4/cyfitter_cfg.c **** *  the customer, this function will stop in an infinite loop.
 115:Generated_Source\PSoC4/cyfitter_cfg.c **** *
 116:Generated_Source\PSoC4/cyfitter_cfg.c **** * Parameters:
 117:Generated_Source\PSoC4/cyfitter_cfg.c **** *   void
 118:Generated_Source\PSoC4/cyfitter_cfg.c **** *
 119:Generated_Source\PSoC4/cyfitter_cfg.c **** * Return:
 120:Generated_Source\PSoC4/cyfitter_cfg.c **** *   void
 121:Generated_Source\PSoC4/cyfitter_cfg.c **** *
 122:Generated_Source\PSoC4/cyfitter_cfg.c **** *******************************************************************************/
 123:Generated_Source\PSoC4/cyfitter_cfg.c **** CY_CFG_UNUSED
 124:Generated_Source\PSoC4/cyfitter_cfg.c **** static void CyClockStartupError(uint8 errorCode);
 125:Generated_Source\PSoC4/cyfitter_cfg.c **** CY_CFG_UNUSED
 126:Generated_Source\PSoC4/cyfitter_cfg.c **** static void CyClockStartupError(uint8 errorCode)
 127:Generated_Source\PSoC4/cyfitter_cfg.c **** {
 128:Generated_Source\PSoC4/cyfitter_cfg.c ****     /* To remove the compiler warning if errorCode not used.                */
 129:Generated_Source\PSoC4/cyfitter_cfg.c ****     errorCode = errorCode;
 130:Generated_Source\PSoC4/cyfitter_cfg.c **** 
 131:Generated_Source\PSoC4/cyfitter_cfg.c ****     /* If we have a clock startup error (bad MHz crystal, PLL lock, etc.),  */
 132:Generated_Source\PSoC4/cyfitter_cfg.c ****     /* we will end up here to allow the customer to implement something to  */
 133:Generated_Source\PSoC4/cyfitter_cfg.c ****     /* deal with the clock condition.                                       */
 134:Generated_Source\PSoC4/cyfitter_cfg.c **** 
 135:Generated_Source\PSoC4/cyfitter_cfg.c **** #ifdef CY_CFG_CLOCK_STARTUP_ERROR_CALLBACK
 136:Generated_Source\PSoC4/cyfitter_cfg.c ****     CY_CFG_Clock_Startup_ErrorCallback();
 137:Generated_Source\PSoC4/cyfitter_cfg.c **** #else
 138:Generated_Source\PSoC4/cyfitter_cfg.c ****     /*  If not using CY_CFG_CLOCK_STARTUP_ERROR_CALLBACK, place your clock startup code here. */
 139:Generated_Source\PSoC4/cyfitter_cfg.c ****     /* `#START CyClockStartupError` */
 140:Generated_Source\PSoC4/cyfitter_cfg.c **** 
 141:Generated_Source\PSoC4/cyfitter_cfg.c **** 
 142:Generated_Source\PSoC4/cyfitter_cfg.c **** 
 143:Generated_Source\PSoC4/cyfitter_cfg.c ****     /* `#END` */
 144:Generated_Source\PSoC4/cyfitter_cfg.c **** 
 145:Generated_Source\PSoC4/cyfitter_cfg.c ****     while(1) {}
ARM GAS  C:\Users\jagumiel\AppData\Local\Temp\ccVzh5ym.s 			page 4


 146:Generated_Source\PSoC4/cyfitter_cfg.c **** #endif /* CY_CFG_CLOCK_STARTUP_ERROR_CALLBACK */
 147:Generated_Source\PSoC4/cyfitter_cfg.c **** }
 148:Generated_Source\PSoC4/cyfitter_cfg.c **** #endif
 149:Generated_Source\PSoC4/cyfitter_cfg.c **** 
 150:Generated_Source\PSoC4/cyfitter_cfg.c **** 
 151:Generated_Source\PSoC4/cyfitter_cfg.c **** 
 152:Generated_Source\PSoC4/cyfitter_cfg.c **** /*******************************************************************************
 153:Generated_Source\PSoC4/cyfitter_cfg.c **** * Function Name: ClockSetup
 154:Generated_Source\PSoC4/cyfitter_cfg.c **** ********************************************************************************
 155:Generated_Source\PSoC4/cyfitter_cfg.c **** *
 156:Generated_Source\PSoC4/cyfitter_cfg.c **** * Summary:
 157:Generated_Source\PSoC4/cyfitter_cfg.c **** *   Performs the initialization of all of the clocks in the device based on the
 158:Generated_Source\PSoC4/cyfitter_cfg.c **** *   settings in the Clock tab of the DWR.  This includes enabling the requested
 159:Generated_Source\PSoC4/cyfitter_cfg.c **** *   clocks and setting the necessary dividers to produce the desired frequency. 
 160:Generated_Source\PSoC4/cyfitter_cfg.c **** *
 161:Generated_Source\PSoC4/cyfitter_cfg.c **** * Parameters:
 162:Generated_Source\PSoC4/cyfitter_cfg.c **** *   void
 163:Generated_Source\PSoC4/cyfitter_cfg.c **** *
 164:Generated_Source\PSoC4/cyfitter_cfg.c **** * Return:
 165:Generated_Source\PSoC4/cyfitter_cfg.c **** *   void
 166:Generated_Source\PSoC4/cyfitter_cfg.c **** *
 167:Generated_Source\PSoC4/cyfitter_cfg.c **** *******************************************************************************/
 168:Generated_Source\PSoC4/cyfitter_cfg.c **** static void ClockSetup(void);
 169:Generated_Source\PSoC4/cyfitter_cfg.c **** CY_CFG_SECTION
 170:Generated_Source\PSoC4/cyfitter_cfg.c **** static void ClockSetup(void)
 171:Generated_Source\PSoC4/cyfitter_cfg.c **** {
 172:Generated_Source\PSoC4/cyfitter_cfg.c **** 
 173:Generated_Source\PSoC4/cyfitter_cfg.c **** 	/* Set Flash Cycles based on max possible frequency in case a glitch occurs during ClockSetup(). *
 174:Generated_Source\PSoC4/cyfitter_cfg.c **** 	CY_SET_REG32((void CYXDATA *)(CYREG_CPUSS_FLASH_CTL), (0x0012u));
 175:Generated_Source\PSoC4/cyfitter_cfg.c **** 
 176:Generated_Source\PSoC4/cyfitter_cfg.c **** 	/* Start the WCO */
 177:Generated_Source\PSoC4/cyfitter_cfg.c **** 	CySysClkWcoStart();
 178:Generated_Source\PSoC4/cyfitter_cfg.c **** 	CyDelayCycles(12000000u); /* WCO may take up to 500ms to start */
 179:Generated_Source\PSoC4/cyfitter_cfg.c **** 	(void)CySysClkWcoSetPowerMode(CY_SYS_CLK_WCO_LPM);    /* Switch to the low power mode */
 180:Generated_Source\PSoC4/cyfitter_cfg.c **** 
 181:Generated_Source\PSoC4/cyfitter_cfg.c **** 	/* Setup and trim IMO based on desired frequency. */
 182:Generated_Source\PSoC4/cyfitter_cfg.c **** 	CySysClkWriteImoFreq(48u);
 183:Generated_Source\PSoC4/cyfitter_cfg.c **** 	/* CYDEV_CLK_ILO_CONFIG Starting address: CYDEV_CLK_ILO_CONFIG */
 184:Generated_Source\PSoC4/cyfitter_cfg.c **** 	CY_SET_REG32((void *)(CYREG_CLK_ILO_CONFIG), 0x80000006u);
 185:Generated_Source\PSoC4/cyfitter_cfg.c **** 
 186:Generated_Source\PSoC4/cyfitter_cfg.c **** 	/* CYDEV_WDT_CONFIG Starting address: CYDEV_WDT_CONFIG */
 187:Generated_Source\PSoC4/cyfitter_cfg.c **** 	CY_SET_REG32((void *)(CYREG_WDT_CONFIG), 0x40000000u);
 188:Generated_Source\PSoC4/cyfitter_cfg.c **** 
 189:Generated_Source\PSoC4/cyfitter_cfg.c **** 
 190:Generated_Source\PSoC4/cyfitter_cfg.c **** 	/* Enable fast start mode for XO */
 191:Generated_Source\PSoC4/cyfitter_cfg.c **** 	CY_SET_REG32((void*)CYREG_BLE_BLERD_BB_XO, CY_GET_REG32((void*)CYREG_BLE_BLERD_BB_XO) | (uint32)0x
 192:Generated_Source\PSoC4/cyfitter_cfg.c **** 	CY_SET_REG32((void *)(CYREG_BLE_BLERD_BB_XO_CAPTRIM), 0x00003E2Du);
 193:Generated_Source\PSoC4/cyfitter_cfg.c **** 	/*Set XTAL(ECO) divider*/
 194:Generated_Source\PSoC4/cyfitter_cfg.c **** 	CY_SET_REG32((void *)(CYREG_BLE_BLESS_XTAL_CLK_DIV_CONFIG), 0x00000000u);
 195:Generated_Source\PSoC4/cyfitter_cfg.c **** 	/* Disable Crystal Stable Interrupt before enabling ECO */
 196:Generated_Source\PSoC4/cyfitter_cfg.c **** 	CY_SET_REG32((void*)CYREG_BLE_BLESS_LL_DSM_CTRL, CY_GET_REG32((void*)CYREG_BLE_BLESS_LL_DSM_CTRL) 
 197:Generated_Source\PSoC4/cyfitter_cfg.c **** 	/* Start the ECO and do not check status since it is not needed for HFCLK */
 198:Generated_Source\PSoC4/cyfitter_cfg.c **** 	(void)CySysClkEcoStart(2000u);
 199:Generated_Source\PSoC4/cyfitter_cfg.c **** 	CyDelayUs(1500u); /* Wait to stabilize */
 200:Generated_Source\PSoC4/cyfitter_cfg.c **** 
 201:Generated_Source\PSoC4/cyfitter_cfg.c **** 	/* Setup phase aligned clocks */
 202:Generated_Source\PSoC4/cyfitter_cfg.c **** 	CY_SET_REG32((void *)CYREG_PERI_DIV_16_CTL0, 0x00002200u);
ARM GAS  C:\Users\jagumiel\AppData\Local\Temp\ccVzh5ym.s 			page 5


 203:Generated_Source\PSoC4/cyfitter_cfg.c **** 	CY_SET_REG32((void *)CYREG_PERI_DIV_CMD, 0x8000FF40u);
 204:Generated_Source\PSoC4/cyfitter_cfg.c **** 
 205:Generated_Source\PSoC4/cyfitter_cfg.c **** 	/* CYDEV_CLK_IMO_CONFIG Starting address: CYDEV_CLK_IMO_CONFIG */
 206:Generated_Source\PSoC4/cyfitter_cfg.c **** 	CY_SET_REG32((void *)(CYREG_CLK_IMO_CONFIG), 0x80000000u);
 207:Generated_Source\PSoC4/cyfitter_cfg.c **** 
 208:Generated_Source\PSoC4/cyfitter_cfg.c **** 	/* CYDEV_CLK_SELECT Starting address: CYDEV_CLK_SELECT */
 209:Generated_Source\PSoC4/cyfitter_cfg.c **** 	CY_SET_REG32((void *)(CYREG_CLK_SELECT), 0x00040000u);
 210:Generated_Source\PSoC4/cyfitter_cfg.c **** 
 211:Generated_Source\PSoC4/cyfitter_cfg.c **** 	/* CYDEV_PERI_PCLK_CTL2 Starting address: CYDEV_PERI_PCLK_CTL2 */
 212:Generated_Source\PSoC4/cyfitter_cfg.c **** 	CY_SET_REG32((void *)(CYREG_PERI_PCLK_CTL2), 0x00000040u);
 213:Generated_Source\PSoC4/cyfitter_cfg.c **** 
 214:Generated_Source\PSoC4/cyfitter_cfg.c **** 	(void)CyIntSetVector(8u, &CySysWdtIsr);
 215:Generated_Source\PSoC4/cyfitter_cfg.c **** 	CyIntEnable(8u);
 216:Generated_Source\PSoC4/cyfitter_cfg.c **** 	CY_SET_REG32((void *)(CYREG_WDT_CONFIG), 0x40000000u);
 217:Generated_Source\PSoC4/cyfitter_cfg.c **** }
 218:Generated_Source\PSoC4/cyfitter_cfg.c **** 
 219:Generated_Source\PSoC4/cyfitter_cfg.c **** 
 220:Generated_Source\PSoC4/cyfitter_cfg.c **** /* Analog API Functions */
 221:Generated_Source\PSoC4/cyfitter_cfg.c **** 
 222:Generated_Source\PSoC4/cyfitter_cfg.c **** 
 223:Generated_Source\PSoC4/cyfitter_cfg.c **** /*******************************************************************************
 224:Generated_Source\PSoC4/cyfitter_cfg.c **** * Function Name: AnalogSetDefault
 225:Generated_Source\PSoC4/cyfitter_cfg.c **** ********************************************************************************
 226:Generated_Source\PSoC4/cyfitter_cfg.c **** *
 227:Generated_Source\PSoC4/cyfitter_cfg.c **** * Summary:
 228:Generated_Source\PSoC4/cyfitter_cfg.c **** *  Sets up the analog portions of the chip to default values based on chip
 229:Generated_Source\PSoC4/cyfitter_cfg.c **** *  configuration options from the project.
 230:Generated_Source\PSoC4/cyfitter_cfg.c **** *
 231:Generated_Source\PSoC4/cyfitter_cfg.c **** * Parameters:
 232:Generated_Source\PSoC4/cyfitter_cfg.c **** *  void
 233:Generated_Source\PSoC4/cyfitter_cfg.c **** *
 234:Generated_Source\PSoC4/cyfitter_cfg.c **** * Return:
 235:Generated_Source\PSoC4/cyfitter_cfg.c **** *  void
 236:Generated_Source\PSoC4/cyfitter_cfg.c **** *
 237:Generated_Source\PSoC4/cyfitter_cfg.c **** *******************************************************************************/
 238:Generated_Source\PSoC4/cyfitter_cfg.c **** static void AnalogSetDefault(void);
 239:Generated_Source\PSoC4/cyfitter_cfg.c **** static void AnalogSetDefault(void)
 240:Generated_Source\PSoC4/cyfitter_cfg.c **** {
  27              		.loc 1 240 0
  28              		.cfi_startproc
  29              		@ args = 0, pretend = 0, frame = 0
  30              		@ frame_needed = 0, uses_anonymous_args = 0
  31              		@ link register save eliminated.
 241:Generated_Source\PSoC4/cyfitter_cfg.c **** 	CY_SET_XTND_REG32((void CYFAR *)CYREG_CTBM0_DFT_CTRL, 0x00000003u);
  32              		.loc 1 241 0
  33 0000 0323     		movs	r3, #3
  34 0002 044A     		ldr	r2, .L2
  35 0004 1360     		str	r3, [r2]
 242:Generated_Source\PSoC4/cyfitter_cfg.c **** 	CY_SET_XTND_REG32((void CYFAR *)CYREG_CTBM1_DFT_CTRL, 0x00000003u);
  36              		.loc 1 242 0
  37 0006 044A     		ldr	r2, .L2+4
  38 0008 1360     		str	r3, [r2]
 243:Generated_Source\PSoC4/cyfitter_cfg.c **** 	CY_SET_XTND_REG32((void CYFAR *)CYREG_PASS_DSAB_DSAB_CTRL, 0x00000000u);
  39              		.loc 1 243 0
  40 000a 0022     		movs	r2, #0
  41 000c 034B     		ldr	r3, .L2+8
  42 000e 1A60     		str	r2, [r3]
ARM GAS  C:\Users\jagumiel\AppData\Local\Temp\ccVzh5ym.s 			page 6


 244:Generated_Source\PSoC4/cyfitter_cfg.c **** }
  43              		.loc 1 244 0
  44              		@ sp needed
  45 0010 7047     		bx	lr
  46              	.L3:
  47 0012 C046     		.align	2
  48              	.L2:
  49 0014 30003040 		.word	1076887600
  50 0018 30003140 		.word	1076953136
  51 001c 000E3F40 		.word	1077874176
  52              		.cfi_endproc
  53              	.LFE6:
  54              		.size	AnalogSetDefault, .-AnalogSetDefault
  55              		.section	.text.CYMEMZERO,"ax",%progbits
  56              		.align	2
  57              		.code	16
  58              		.thumb_func
  59              		.type	CYMEMZERO, %function
  60              	CYMEMZERO:
  61              	.LFB2:
  77:Generated_Source\PSoC4/cyfitter_cfg.c **** 	(void)memset(s, 0, n);
  62              		.loc 1 77 0
  63              		.cfi_startproc
  64              		@ args = 0, pretend = 0, frame = 0
  65              		@ frame_needed = 0, uses_anonymous_args = 0
  66              	.LVL0:
  67 0000 10B5     		push	{r4, lr}
  68              		.cfi_def_cfa_offset 8
  69              		.cfi_offset 4, -8
  70              		.cfi_offset 14, -4
  71 0002 0A00     		movs	r2, r1
  78:Generated_Source\PSoC4/cyfitter_cfg.c **** }
  72              		.loc 1 78 0
  73 0004 0021     		movs	r1, #0
  74              	.LVL1:
  75 0006 FFF7FEFF 		bl	memset
  76              	.LVL2:
  79:Generated_Source\PSoC4/cyfitter_cfg.c **** CY_CFG_UNUSED
  77              		.loc 1 79 0
  78              		@ sp needed
  79 000a 10BD     		pop	{r4, pc}
  80              		.cfi_endproc
  81              	.LFE2:
  82              		.size	CYMEMZERO, .-CYMEMZERO
  83              		.section	.psocinit,"ax",%progbits
  84              		.align	2
  85              		.code	16
  86              		.thumb_func
  87              		.type	ClockSetup, %function
  88              	ClockSetup:
  89              	.LFB5:
 171:Generated_Source\PSoC4/cyfitter_cfg.c **** 
  90              		.loc 1 171 0
  91              		.cfi_startproc
  92              		@ args = 0, pretend = 0, frame = 0
  93              		@ frame_needed = 0, uses_anonymous_args = 0
  94 0000 70B5     		push	{r4, r5, r6, lr}
ARM GAS  C:\Users\jagumiel\AppData\Local\Temp\ccVzh5ym.s 			page 7


  95              		.cfi_def_cfa_offset 16
  96              		.cfi_offset 4, -16
  97              		.cfi_offset 5, -12
  98              		.cfi_offset 6, -8
  99              		.cfi_offset 14, -4
 174:Generated_Source\PSoC4/cyfitter_cfg.c **** 
 100              		.loc 1 174 0
 101 0002 1222     		movs	r2, #18
 102 0004 224B     		ldr	r3, .L6
 103 0006 1A60     		str	r2, [r3]
 177:Generated_Source\PSoC4/cyfitter_cfg.c **** 	CyDelayCycles(12000000u); /* WCO may take up to 500ms to start */
 104              		.loc 1 177 0
 105 0008 FFF7FEFF 		bl	CySysClkWcoStart
 106              	.LVL3:
 178:Generated_Source\PSoC4/cyfitter_cfg.c **** 	(void)CySysClkWcoSetPowerMode(CY_SYS_CLK_WCO_LPM);    /* Switch to the low power mode */
 107              		.loc 1 178 0
 108 000c 2148     		ldr	r0, .L6+4
 109 000e FFF7FEFF 		bl	CyDelayCycles
 110              	.LVL4:
 179:Generated_Source\PSoC4/cyfitter_cfg.c **** 
 111              		.loc 1 179 0
 112 0012 0120     		movs	r0, #1
 113 0014 FFF7FEFF 		bl	CySysClkWcoSetPowerMode
 114              	.LVL5:
 182:Generated_Source\PSoC4/cyfitter_cfg.c **** 	/* CYDEV_CLK_ILO_CONFIG Starting address: CYDEV_CLK_ILO_CONFIG */
 115              		.loc 1 182 0
 116 0018 3020     		movs	r0, #48
 117 001a FFF7FEFF 		bl	CySysClkWriteImoFreq
 118              	.LVL6:
 184:Generated_Source\PSoC4/cyfitter_cfg.c **** 
 119              		.loc 1 184 0
 120 001e 1E4A     		ldr	r2, .L6+8
 121 0020 1E4B     		ldr	r3, .L6+12
 122 0022 1A60     		str	r2, [r3]
 187:Generated_Source\PSoC4/cyfitter_cfg.c **** 
 123              		.loc 1 187 0
 124 0024 1E4C     		ldr	r4, .L6+16
 125 0026 8025     		movs	r5, #128
 126 0028 ED05     		lsls	r5, r5, #23
 127 002a 2560     		str	r5, [r4]
 191:Generated_Source\PSoC4/cyfitter_cfg.c **** 	CY_SET_REG32((void *)(CYREG_BLE_BLERD_BB_XO_CAPTRIM), 0x00003E2Du);
 128              		.loc 1 191 0
 129 002c 1D4A     		ldr	r2, .L6+20
 130 002e 1168     		ldr	r1, [r2]
 131 0030 0223     		movs	r3, #2
 132 0032 0B43     		orrs	r3, r1
 133 0034 1360     		str	r3, [r2]
 192:Generated_Source\PSoC4/cyfitter_cfg.c **** 	/*Set XTAL(ECO) divider*/
 134              		.loc 1 192 0
 135 0036 1C4A     		ldr	r2, .L6+24
 136 0038 1C4B     		ldr	r3, .L6+28
 137 003a 1A60     		str	r2, [r3]
 194:Generated_Source\PSoC4/cyfitter_cfg.c **** 	/* Disable Crystal Stable Interrupt before enabling ECO */
 138              		.loc 1 194 0
 139 003c 0022     		movs	r2, #0
 140 003e 1C4B     		ldr	r3, .L6+32
 141 0040 1A60     		str	r2, [r3]
ARM GAS  C:\Users\jagumiel\AppData\Local\Temp\ccVzh5ym.s 			page 8


 196:Generated_Source\PSoC4/cyfitter_cfg.c **** 	/* Start the ECO and do not check status since it is not needed for HFCLK */
 142              		.loc 1 196 0
 143 0042 1C4A     		ldr	r2, .L6+36
 144 0044 1368     		ldr	r3, [r2]
 145 0046 0821     		movs	r1, #8
 146 0048 8B43     		bics	r3, r1
 147 004a 1360     		str	r3, [r2]
 198:Generated_Source\PSoC4/cyfitter_cfg.c **** 	CyDelayUs(1500u); /* Wait to stabilize */
 148              		.loc 1 198 0
 149 004c FA20     		movs	r0, #250
 150 004e C000     		lsls	r0, r0, #3
 151 0050 FFF7FEFF 		bl	CySysClkEcoStart
 152              	.LVL7:
 199:Generated_Source\PSoC4/cyfitter_cfg.c **** 
 153              		.loc 1 199 0
 154 0054 1848     		ldr	r0, .L6+40
 155 0056 FFF7FEFF 		bl	CyDelayUs
 156              	.LVL8:
 202:Generated_Source\PSoC4/cyfitter_cfg.c **** 	CY_SET_REG32((void *)CYREG_PERI_DIV_CMD, 0x8000FF40u);
 157              		.loc 1 202 0
 158 005a 8822     		movs	r2, #136
 159 005c 9201     		lsls	r2, r2, #6
 160 005e 174B     		ldr	r3, .L6+44
 161 0060 1A60     		str	r2, [r3]
 203:Generated_Source\PSoC4/cyfitter_cfg.c **** 
 162              		.loc 1 203 0
 163 0062 174A     		ldr	r2, .L6+48
 164 0064 174B     		ldr	r3, .L6+52
 165 0066 1A60     		str	r2, [r3]
 206:Generated_Source\PSoC4/cyfitter_cfg.c **** 
 166              		.loc 1 206 0
 167 0068 8022     		movs	r2, #128
 168 006a 1206     		lsls	r2, r2, #24
 169 006c 164B     		ldr	r3, .L6+56
 170 006e 1A60     		str	r2, [r3]
 209:Generated_Source\PSoC4/cyfitter_cfg.c **** 
 171              		.loc 1 209 0
 172 0070 8022     		movs	r2, #128
 173 0072 D202     		lsls	r2, r2, #11
 174 0074 154B     		ldr	r3, .L6+60
 175 0076 1A60     		str	r2, [r3]
 212:Generated_Source\PSoC4/cyfitter_cfg.c **** 
 176              		.loc 1 212 0
 177 0078 4022     		movs	r2, #64
 178 007a 154B     		ldr	r3, .L6+64
 179 007c 1A60     		str	r2, [r3]
 214:Generated_Source\PSoC4/cyfitter_cfg.c **** 	CyIntEnable(8u);
 180              		.loc 1 214 0
 181 007e 1549     		ldr	r1, .L6+68
 182 0080 0820     		movs	r0, #8
 183 0082 FFF7FEFF 		bl	CyIntSetVector
 184              	.LVL9:
 215:Generated_Source\PSoC4/cyfitter_cfg.c **** 	CY_SET_REG32((void *)(CYREG_WDT_CONFIG), 0x40000000u);
 185              		.loc 1 215 0
 186 0086 0820     		movs	r0, #8
 187 0088 FFF7FEFF 		bl	CyIntEnable
 188              	.LVL10:
ARM GAS  C:\Users\jagumiel\AppData\Local\Temp\ccVzh5ym.s 			page 9


 216:Generated_Source\PSoC4/cyfitter_cfg.c **** }
 189              		.loc 1 216 0
 190 008c 2560     		str	r5, [r4]
 217:Generated_Source\PSoC4/cyfitter_cfg.c **** 
 191              		.loc 1 217 0
 192              		@ sp needed
 193 008e 70BD     		pop	{r4, r5, r6, pc}
 194              	.L7:
 195              		.align	2
 196              	.L6:
 197 0090 30001040 		.word	1074790448
 198 0094 001BB700 		.word	12000000
 199 0098 06000080 		.word	-2147483642
 200 009c 04010B40 		.word	1074462980
 201 00a0 0C020B40 		.word	1074463244
 202 00a4 78002E40 		.word	1076756600
 203 00a8 2D3E0000 		.word	15917
 204 00ac 7C002E40 		.word	1076756604
 205 00b0 64F02E40 		.word	1076818020
 206 00b4 6CF02E40 		.word	1076818028
 207 00b8 DC050000 		.word	1500
 208 00bc 00030140 		.word	1073808128
 209 00c0 40FF0080 		.word	-2147418304
 210 00c4 00000140 		.word	1073807360
 211 00c8 08010B40 		.word	1074462984
 212 00cc 00010B40 		.word	1074462976
 213 00d0 08010140 		.word	1073807624
 214 00d4 00000000 		.word	CySysWdtIsr
 215              		.cfi_endproc
 216              	.LFE5:
 217              		.size	ClockSetup, .-ClockSetup
 218              		.align	2
 219              		.global	cyfitter_cfg
 220              		.code	16
 221              		.thumb_func
 222              		.type	cyfitter_cfg, %function
 223              	cyfitter_cfg:
 224              	.LFB7:
 245:Generated_Source\PSoC4/cyfitter_cfg.c **** 
 246:Generated_Source\PSoC4/cyfitter_cfg.c **** 
 247:Generated_Source\PSoC4/cyfitter_cfg.c **** 
 248:Generated_Source\PSoC4/cyfitter_cfg.c **** 
 249:Generated_Source\PSoC4/cyfitter_cfg.c **** /*******************************************************************************
 250:Generated_Source\PSoC4/cyfitter_cfg.c **** * Function Name: cyfitter_cfg
 251:Generated_Source\PSoC4/cyfitter_cfg.c **** ********************************************************************************
 252:Generated_Source\PSoC4/cyfitter_cfg.c **** * Summary:
 253:Generated_Source\PSoC4/cyfitter_cfg.c **** *  This function is called by the start-up code for the selected device. It
 254:Generated_Source\PSoC4/cyfitter_cfg.c **** *  performs all of the necessary device configuration based on the design
 255:Generated_Source\PSoC4/cyfitter_cfg.c **** *  settings.  This includes settings from the Design Wide Resources (DWR) such
 256:Generated_Source\PSoC4/cyfitter_cfg.c **** *  as Clocks and Pins as well as any component configuration that is necessary.
 257:Generated_Source\PSoC4/cyfitter_cfg.c **** *
 258:Generated_Source\PSoC4/cyfitter_cfg.c **** * Parameters:
 259:Generated_Source\PSoC4/cyfitter_cfg.c **** *   void
 260:Generated_Source\PSoC4/cyfitter_cfg.c **** *
 261:Generated_Source\PSoC4/cyfitter_cfg.c **** * Return:
 262:Generated_Source\PSoC4/cyfitter_cfg.c **** *   void
 263:Generated_Source\PSoC4/cyfitter_cfg.c **** *
ARM GAS  C:\Users\jagumiel\AppData\Local\Temp\ccVzh5ym.s 			page 10


 264:Generated_Source\PSoC4/cyfitter_cfg.c **** *******************************************************************************/
 265:Generated_Source\PSoC4/cyfitter_cfg.c **** CY_CFG_SECTION
 266:Generated_Source\PSoC4/cyfitter_cfg.c **** void cyfitter_cfg(void)
 267:Generated_Source\PSoC4/cyfitter_cfg.c **** {
 225              		.loc 1 267 0
 226              		.cfi_startproc
 227              		@ args = 0, pretend = 0, frame = 0
 228              		@ frame_needed = 0, uses_anonymous_args = 0
 229 00d8 10B5     		push	{r4, lr}
 230              		.cfi_def_cfa_offset 8
 231              		.cfi_offset 4, -8
 232              		.cfi_offset 14, -4
 268:Generated_Source\PSoC4/cyfitter_cfg.c **** 	/* Disable interrupts by default. Let user enable if/when they want. */
 269:Generated_Source\PSoC4/cyfitter_cfg.c **** 	CyGlobalIntDisable;
 233              		.loc 1 269 0
 234              		.syntax divided
 235              	@ 269 "Generated_Source\PSoC4\cyfitter_cfg.c" 1
 236 00da 72B6     		CPSID   i
 237              	@ 0 "" 2
 270:Generated_Source\PSoC4/cyfitter_cfg.c **** 
 271:Generated_Source\PSoC4/cyfitter_cfg.c **** 	CY_SET_REG32((void *)(CYREG_BLE_BLESS_LL_DSM_CTRL), 0x00000000u);
 238              		.loc 1 271 0
 239              		.thumb
 240              		.syntax unified
 241 00dc 0022     		movs	r2, #0
 242 00de 1F4B     		ldr	r3, .L11
 243 00e0 1A60     		str	r2, [r3]
 244              	.LVL11:
 245              	.LBB2:
 272:Generated_Source\PSoC4/cyfitter_cfg.c **** 
 273:Generated_Source\PSoC4/cyfitter_cfg.c **** 	{
 274:Generated_Source\PSoC4/cyfitter_cfg.c **** 
 275:Generated_Source\PSoC4/cyfitter_cfg.c **** 		CYPACKED typedef struct {
 276:Generated_Source\PSoC4/cyfitter_cfg.c **** 			void CYFAR *address;
 277:Generated_Source\PSoC4/cyfitter_cfg.c **** 			uint16 size;
 278:Generated_Source\PSoC4/cyfitter_cfg.c **** 		} CYPACKED_ATTR cfg_memset_t;
 279:Generated_Source\PSoC4/cyfitter_cfg.c **** 
 280:Generated_Source\PSoC4/cyfitter_cfg.c **** 		static const cfg_memset_t CYCODE cfg_memset_list[] = {
 281:Generated_Source\PSoC4/cyfitter_cfg.c **** 			/* address, size */
 282:Generated_Source\PSoC4/cyfitter_cfg.c **** 			{(void CYFAR *)(CYDEV_UDB_P0_U0_BASE), 1024u},
 283:Generated_Source\PSoC4/cyfitter_cfg.c **** 			{(void CYFAR *)(CYDEV_UDB_DSI0_BASE), 1024u},
 284:Generated_Source\PSoC4/cyfitter_cfg.c **** 		};
 285:Generated_Source\PSoC4/cyfitter_cfg.c **** 
 286:Generated_Source\PSoC4/cyfitter_cfg.c **** 		uint8 CYDATA i;
 287:Generated_Source\PSoC4/cyfitter_cfg.c **** 
 288:Generated_Source\PSoC4/cyfitter_cfg.c **** 		/* Zero out critical memory blocks before beginning configuration */
 289:Generated_Source\PSoC4/cyfitter_cfg.c **** 		for (i = 0u; i < (sizeof(cfg_memset_list)/sizeof(cfg_memset_list[0])); i++)
 246              		.loc 1 289 0
 247 00e2 0024     		movs	r4, #0
 248 00e4 0FE0     		b	.L9
 249              	.LVL12:
 250              	.L10:
 251              	.LBB3:
 290:Generated_Source\PSoC4/cyfitter_cfg.c **** 		{
 291:Generated_Source\PSoC4/cyfitter_cfg.c **** 			const cfg_memset_t CYCODE * CYDATA ms = &cfg_memset_list[i];
 292:Generated_Source\PSoC4/cyfitter_cfg.c **** 			CYMEMZERO(ms->address, (size_t)(uint32)(ms->size));
 252              		.loc 1 292 0 discriminator 3
ARM GAS  C:\Users\jagumiel\AppData\Local\Temp\ccVzh5ym.s 			page 11


 253 00e6 1E48     		ldr	r0, .L11+4
 254 00e8 6200     		lsls	r2, r4, #1
 255 00ea 1319     		adds	r3, r2, r4
 256 00ec 5900     		lsls	r1, r3, #1
 257 00ee 0B00     		movs	r3, r1
 258 00f0 4118     		adds	r1, r0, r1
 259 00f2 8988     		ldrh	r1, [r1, #4]
 260 00f4 1A5A     		ldrh	r2, [r3, r0]
 261 00f6 C318     		adds	r3, r0, r3
 262 00f8 5888     		ldrh	r0, [r3, #2]
 263 00fa 0004     		lsls	r0, r0, #16
 264 00fc 1043     		orrs	r0, r2
 265 00fe FFF7FEFF 		bl	CYMEMZERO
 266              	.LVL13:
 267              	.LBE3:
 289:Generated_Source\PSoC4/cyfitter_cfg.c **** 		{
 268              		.loc 1 289 0 discriminator 3
 269 0102 0134     		adds	r4, r4, #1
 270              	.LVL14:
 271 0104 E4B2     		uxtb	r4, r4
 272              	.LVL15:
 273              	.L9:
 289:Generated_Source\PSoC4/cyfitter_cfg.c **** 		{
 274              		.loc 1 289 0 is_stmt 0 discriminator 1
 275 0106 012C     		cmp	r4, #1
 276 0108 EDD9     		bls	.L10
 293:Generated_Source\PSoC4/cyfitter_cfg.c **** 		}
 294:Generated_Source\PSoC4/cyfitter_cfg.c **** 
 295:Generated_Source\PSoC4/cyfitter_cfg.c **** 		/* HSIOM Starting address: CYDEV_HSIOM_BASE */
 296:Generated_Source\PSoC4/cyfitter_cfg.c **** 		CY_SET_REG32((void *)(CYDEV_HSIOM_BASE), 0xEE000000u);
 277              		.loc 1 296 0 is_stmt 1
 278 010a EE22     		movs	r2, #238
 279 010c 1206     		lsls	r2, r2, #24
 280 010e 154B     		ldr	r3, .L11+8
 281 0110 1A60     		str	r2, [r3]
 297:Generated_Source\PSoC4/cyfitter_cfg.c **** 		CY_SET_REG32((void *)(CYREG_HSIOM_PORT_SEL3), 0x00990000u);
 282              		.loc 1 297 0
 283 0112 9923     		movs	r3, #153
 284 0114 1B04     		lsls	r3, r3, #16
 285 0116 144A     		ldr	r2, .L11+12
 286 0118 1360     		str	r3, [r2]
 298:Generated_Source\PSoC4/cyfitter_cfg.c **** 
 299:Generated_Source\PSoC4/cyfitter_cfg.c **** 		/* UDB_PA_0 Starting address: CYDEV_UDB_PA0_BASE */
 300:Generated_Source\PSoC4/cyfitter_cfg.c **** 		CY_SET_REG32((void *)(CYDEV_UDB_PA0_BASE), 0x00990000u);
 287              		.loc 1 300 0
 288 011a 144A     		ldr	r2, .L11+16
 289 011c 1360     		str	r3, [r2]
 301:Generated_Source\PSoC4/cyfitter_cfg.c **** 
 302:Generated_Source\PSoC4/cyfitter_cfg.c **** 		/* UDB_PA_1 Starting address: CYDEV_UDB_PA1_BASE */
 303:Generated_Source\PSoC4/cyfitter_cfg.c **** 		CY_SET_REG32((void *)(CYDEV_UDB_PA1_BASE), 0x00990000u);
 290              		.loc 1 303 0
 291 011e 144A     		ldr	r2, .L11+20
 292 0120 1360     		str	r3, [r2]
 304:Generated_Source\PSoC4/cyfitter_cfg.c **** 
 305:Generated_Source\PSoC4/cyfitter_cfg.c **** 		/* UDB_PA_3 Starting address: CYDEV_UDB_PA3_BASE */
 306:Generated_Source\PSoC4/cyfitter_cfg.c **** 		CY_SET_REG32((void *)(CYDEV_UDB_PA3_BASE), 0x00990000u);
 293              		.loc 1 306 0
ARM GAS  C:\Users\jagumiel\AppData\Local\Temp\ccVzh5ym.s 			page 12


 294 0122 144A     		ldr	r2, .L11+24
 295 0124 1360     		str	r3, [r2]
 307:Generated_Source\PSoC4/cyfitter_cfg.c **** 
 308:Generated_Source\PSoC4/cyfitter_cfg.c **** 		/* Enable digital routing */
 309:Generated_Source\PSoC4/cyfitter_cfg.c **** 		CY_SET_XTND_REG8((void *)CYREG_UDB_UDBIF_BANK_CTL, (uint8)(CY_GET_XTND_REG8((void *)CYREG_UDB_UDB
 296              		.loc 1 309 0
 297 0126 144A     		ldr	r2, .L11+28
 298 0128 1178     		ldrb	r1, [r2]
 299 012a 0623     		movs	r3, #6
 300 012c 0B43     		orrs	r3, r1
 301 012e DBB2     		uxtb	r3, r3
 302 0130 1370     		strb	r3, [r2]
 303              	.LBE2:
 310:Generated_Source\PSoC4/cyfitter_cfg.c **** 	}
 311:Generated_Source\PSoC4/cyfitter_cfg.c **** 
 312:Generated_Source\PSoC4/cyfitter_cfg.c **** 	/* Perform second pass device configuration. These items must be configured in specific order afte
 313:Generated_Source\PSoC4/cyfitter_cfg.c **** 	/* IOPINS0_0 Starting address: CYDEV_GPIO_PRT0_BASE */
 314:Generated_Source\PSoC4/cyfitter_cfg.c **** 	CY_SET_REG32((void *)(CYREG_GPIO_PRT0_PC), 0x00D80000u);
 304              		.loc 1 314 0
 305 0132 D822     		movs	r2, #216
 306 0134 1204     		lsls	r2, r2, #16
 307 0136 114B     		ldr	r3, .L11+32
 308 0138 1A60     		str	r2, [r3]
 315:Generated_Source\PSoC4/cyfitter_cfg.c **** 
 316:Generated_Source\PSoC4/cyfitter_cfg.c **** 	/* IOPINS0_1 Starting address: CYDEV_GPIO_PRT1_BASE */
 317:Generated_Source\PSoC4/cyfitter_cfg.c **** 	CY_SET_REG32((void *)(CYREG_GPIO_PRT1_PC), 0x00000DB6u);
 309              		.loc 1 317 0
 310 013a 114A     		ldr	r2, .L11+36
 311 013c 114B     		ldr	r3, .L11+40
 312 013e 1A60     		str	r2, [r3]
 318:Generated_Source\PSoC4/cyfitter_cfg.c **** 
 319:Generated_Source\PSoC4/cyfitter_cfg.c **** 	/* IOPINS0_3 Starting address: CYDEV_GPIO_PRT3_BASE */
 320:Generated_Source\PSoC4/cyfitter_cfg.c **** 	CY_SET_REG32((void *)(CYDEV_GPIO_PRT3_BASE), 0x00000020u);
 313              		.loc 1 320 0
 314 0140 2023     		movs	r3, #32
 315 0142 114A     		ldr	r2, .L11+44
 316 0144 1360     		str	r3, [r2]
 321:Generated_Source\PSoC4/cyfitter_cfg.c **** 	CY_SET_REG32((void *)(CYREG_GPIO_PRT3_PC), 0x00031000u);
 317              		.loc 1 321 0
 318 0146 C421     		movs	r1, #196
 319 0148 8902     		lsls	r1, r1, #10
 320 014a 104A     		ldr	r2, .L11+48
 321 014c 1160     		str	r1, [r2]
 322:Generated_Source\PSoC4/cyfitter_cfg.c **** 	CY_SET_REG32((void *)(CYREG_GPIO_PRT3_PC2), 0x00000020u);
 322              		.loc 1 322 0
 323 014e 104A     		ldr	r2, .L11+52
 324 0150 1360     		str	r3, [r2]
 323:Generated_Source\PSoC4/cyfitter_cfg.c **** 
 324:Generated_Source\PSoC4/cyfitter_cfg.c **** 
 325:Generated_Source\PSoC4/cyfitter_cfg.c **** 	/* Setup clocks based on selections from Clock DWR */
 326:Generated_Source\PSoC4/cyfitter_cfg.c **** 	ClockSetup();
 325              		.loc 1 326 0
 326 0152 FFF755FF 		bl	ClockSetup
 327              	.LVL16:
 327:Generated_Source\PSoC4/cyfitter_cfg.c **** 
 328:Generated_Source\PSoC4/cyfitter_cfg.c **** 	/* Perform basic analog initialization to defaults */
 329:Generated_Source\PSoC4/cyfitter_cfg.c **** 	AnalogSetDefault();
ARM GAS  C:\Users\jagumiel\AppData\Local\Temp\ccVzh5ym.s 			page 13


 328              		.loc 1 329 0
 329 0156 FFF7FEFF 		bl	AnalogSetDefault
 330              	.LVL17:
 330:Generated_Source\PSoC4/cyfitter_cfg.c **** 
 331:Generated_Source\PSoC4/cyfitter_cfg.c **** }
 331              		.loc 1 331 0
 332              		@ sp needed
 333              	.LVL18:
 334 015a 10BD     		pop	{r4, pc}
 335              	.L12:
 336              		.align	2
 337              	.L11:
 338 015c 6CF02E40 		.word	1076818028
 339 0160 00000000 		.word	.LANCHOR0
 340 0164 00000240 		.word	1073872896
 341 0168 00030240 		.word	1073873664
 342 016c 00500F40 		.word	1074745344
 343 0170 10500F40 		.word	1074745360
 344 0174 30500F40 		.word	1074745392
 345 0178 00700F40 		.word	1074753536
 346 017c 08000440 		.word	1074003976
 347 0180 B60D0000 		.word	3510
 348 0184 08010440 		.word	1074004232
 349 0188 00030440 		.word	1074004736
 350 018c 08030440 		.word	1074004744
 351 0190 18030440 		.word	1074004760
 352              		.cfi_endproc
 353              	.LFE7:
 354              		.size	cyfitter_cfg, .-cyfitter_cfg
 355              		.section	.rodata
 356              		.align	2
 357              		.set	.LANCHOR0,. + 0
 358              		.type	cfg_memset_list.4884, %object
 359              		.size	cfg_memset_list.4884, 12
 360              	cfg_memset_list.4884:
 361 0000 00300F40 		.word	1074737152
 362 0004 0004     		.short	1024
 363 0006 00400F40 		.4byte	1074741248
 364 000a 0004     		.short	1024
 365              		.text
 366              	.Letext0:
 367              		.file 2 "c:\\program files (x86)\\cypress\\psoc creator\\4.2\\psoc creator\\import\\gnu\\arm\\5.4.
 368              		.file 3 "Generated_Source\\PSoC4\\cytypes.h"
 369              		.file 4 "Generated_Source\\PSoC4\\CyLFClk.h"
 370              		.file 5 "Generated_Source\\PSoC4\\CyLib.h"
 371              		.section	.debug_info,"",%progbits
 372              	.Ldebug_info0:
 373 0000 29030000 		.4byte	0x329
 374 0004 0400     		.2byte	0x4
 375 0006 00000000 		.4byte	.Ldebug_abbrev0
 376 000a 04       		.byte	0x4
 377 000b 01       		.uleb128 0x1
 378 000c 99010000 		.4byte	.LASF34
 379 0010 0C       		.byte	0xc
 380 0011 AB020000 		.4byte	.LASF35
 381 0015 C4000000 		.4byte	.LASF36
 382 0019 00000000 		.4byte	.Ldebug_ranges0+0
ARM GAS  C:\Users\jagumiel\AppData\Local\Temp\ccVzh5ym.s 			page 14


 383 001d 00000000 		.4byte	0
 384 0021 00000000 		.4byte	.Ldebug_line0
 385 0025 02       		.uleb128 0x2
 386 0026 04       		.byte	0x4
 387 0027 05       		.byte	0x5
 388 0028 696E7400 		.ascii	"int\000"
 389 002c 03       		.uleb128 0x3
 390 002d 14000000 		.4byte	.LASF12
 391 0031 02       		.byte	0x2
 392 0032 D8       		.byte	0xd8
 393 0033 37000000 		.4byte	0x37
 394 0037 04       		.uleb128 0x4
 395 0038 04       		.byte	0x4
 396 0039 07       		.byte	0x7
 397 003a 60010000 		.4byte	.LASF0
 398 003e 04       		.uleb128 0x4
 399 003f 08       		.byte	0x8
 400 0040 05       		.byte	0x5
 401 0041 3D020000 		.4byte	.LASF1
 402 0045 04       		.uleb128 0x4
 403 0046 08       		.byte	0x8
 404 0047 04       		.byte	0x4
 405 0048 93020000 		.4byte	.LASF2
 406 004c 04       		.uleb128 0x4
 407 004d 01       		.byte	0x1
 408 004e 06       		.byte	0x6
 409 004f 9F020000 		.4byte	.LASF3
 410 0053 04       		.uleb128 0x4
 411 0054 01       		.byte	0x1
 412 0055 08       		.byte	0x8
 413 0056 2A010000 		.4byte	.LASF4
 414 005a 04       		.uleb128 0x4
 415 005b 02       		.byte	0x2
 416 005c 05       		.byte	0x5
 417 005d 6B020000 		.4byte	.LASF5
 418 0061 04       		.uleb128 0x4
 419 0062 02       		.byte	0x2
 420 0063 07       		.byte	0x7
 421 0064 56000000 		.4byte	.LASF6
 422 0068 04       		.uleb128 0x4
 423 0069 04       		.byte	0x4
 424 006a 05       		.byte	0x5
 425 006b 8A020000 		.4byte	.LASF7
 426 006f 04       		.uleb128 0x4
 427 0070 04       		.byte	0x4
 428 0071 07       		.byte	0x7
 429 0072 91000000 		.4byte	.LASF8
 430 0076 04       		.uleb128 0x4
 431 0077 08       		.byte	0x8
 432 0078 07       		.byte	0x7
 433 0079 82010000 		.4byte	.LASF9
 434 007d 04       		.uleb128 0x4
 435 007e 04       		.byte	0x4
 436 007f 07       		.byte	0x7
 437 0080 34020000 		.4byte	.LASF10
 438 0084 05       		.uleb128 0x5
 439 0085 04       		.byte	0x4
ARM GAS  C:\Users\jagumiel\AppData\Local\Temp\ccVzh5ym.s 			page 15


 440 0086 04       		.uleb128 0x4
 441 0087 01       		.byte	0x1
 442 0088 08       		.byte	0x8
 443 0089 55020000 		.4byte	.LASF11
 444 008d 06       		.uleb128 0x6
 445 008e A3000000 		.4byte	.LASF13
 446 0092 03       		.byte	0x3
 447 0093 E401     		.2byte	0x1e4
 448 0095 53000000 		.4byte	0x53
 449 0099 06       		.uleb128 0x6
 450 009a 52010000 		.4byte	.LASF14
 451 009e 03       		.byte	0x3
 452 009f E501     		.2byte	0x1e5
 453 00a1 61000000 		.4byte	0x61
 454 00a5 06       		.uleb128 0x6
 455 00a6 59010000 		.4byte	.LASF15
 456 00aa 03       		.byte	0x3
 457 00ab E601     		.2byte	0x1e6
 458 00ad 6F000000 		.4byte	0x6f
 459 00b1 04       		.uleb128 0x4
 460 00b2 04       		.byte	0x4
 461 00b3 04       		.byte	0x4
 462 00b4 69000000 		.4byte	.LASF16
 463 00b8 04       		.uleb128 0x4
 464 00b9 08       		.byte	0x8
 465 00ba 04       		.byte	0x4
 466 00bb 3F010000 		.4byte	.LASF17
 467 00bf 06       		.uleb128 0x6
 468 00c0 8C000000 		.4byte	.LASF18
 469 00c4 03       		.byte	0x3
 470 00c5 8E02     		.2byte	0x28e
 471 00c7 CB000000 		.4byte	0xcb
 472 00cb 07       		.uleb128 0x7
 473 00cc 8D000000 		.4byte	0x8d
 474 00d0 06       		.uleb128 0x6
 475 00d1 0E000000 		.4byte	.LASF19
 476 00d5 03       		.byte	0x3
 477 00d6 9002     		.2byte	0x290
 478 00d8 DC000000 		.4byte	0xdc
 479 00dc 07       		.uleb128 0x7
 480 00dd A5000000 		.4byte	0xa5
 481 00e1 08       		.uleb128 0x8
 482 00e2 1B000000 		.4byte	.LASF37
 483 00e6 01       		.byte	0x1
 484 00e7 EF       		.byte	0xef
 485 00e8 00000000 		.4byte	.LFB6
 486 00ec 20000000 		.4byte	.LFE6-.LFB6
 487 00f0 01       		.uleb128 0x1
 488 00f1 9C       		.byte	0x9c
 489 00f2 09       		.uleb128 0x9
 490 00f3 BA000000 		.4byte	.LASF20
 491 00f7 01       		.byte	0x1
 492 00f8 4C       		.byte	0x4c
 493 00f9 00000000 		.4byte	.LFB2
 494 00fd 0C000000 		.4byte	.LFE2-.LFB2
 495 0101 01       		.uleb128 0x1
 496 0102 9C       		.byte	0x9c
ARM GAS  C:\Users\jagumiel\AppData\Local\Temp\ccVzh5ym.s 			page 16


 497 0103 3F010000 		.4byte	0x13f
 498 0107 0A       		.uleb128 0xa
 499 0108 7300     		.ascii	"s\000"
 500 010a 01       		.byte	0x1
 501 010b 4C       		.byte	0x4c
 502 010c 84000000 		.4byte	0x84
 503 0110 00000000 		.4byte	.LLST0
 504 0114 0A       		.uleb128 0xa
 505 0115 6E00     		.ascii	"n\000"
 506 0117 01       		.byte	0x1
 507 0118 4C       		.byte	0x4c
 508 0119 2C000000 		.4byte	0x2c
 509 011d 21000000 		.4byte	.LLST1
 510 0121 0B       		.uleb128 0xb
 511 0122 0A000000 		.4byte	.LVL2
 512 0126 CB020000 		.4byte	0x2cb
 513 012a 0C       		.uleb128 0xc
 514 012b 01       		.uleb128 0x1
 515 012c 50       		.byte	0x50
 516 012d 03       		.uleb128 0x3
 517 012e F3       		.byte	0xf3
 518 012f 01       		.uleb128 0x1
 519 0130 50       		.byte	0x50
 520 0131 0C       		.uleb128 0xc
 521 0132 01       		.uleb128 0x1
 522 0133 51       		.byte	0x51
 523 0134 01       		.uleb128 0x1
 524 0135 30       		.byte	0x30
 525 0136 0C       		.uleb128 0xc
 526 0137 01       		.uleb128 0x1
 527 0138 52       		.byte	0x52
 528 0139 03       		.uleb128 0x3
 529 013a F3       		.byte	0xf3
 530 013b 01       		.uleb128 0x1
 531 013c 51       		.byte	0x51
 532 013d 00       		.byte	0
 533 013e 00       		.byte	0
 534 013f 09       		.uleb128 0x9
 535 0140 4B000000 		.4byte	.LASF21
 536 0144 01       		.byte	0x1
 537 0145 AA       		.byte	0xaa
 538 0146 00000000 		.4byte	.LFB5
 539 014a D8000000 		.4byte	.LFE5-.LFB5
 540 014e 01       		.uleb128 0x1
 541 014f 9C       		.byte	0x9c
 542 0150 E8010000 		.4byte	0x1e8
 543 0154 0D       		.uleb128 0xd
 544 0155 0C000000 		.4byte	.LVL3
 545 0159 D4020000 		.4byte	0x2d4
 546 015d 0E       		.uleb128 0xe
 547 015e 12000000 		.4byte	.LVL4
 548 0162 DF020000 		.4byte	0x2df
 549 0166 74010000 		.4byte	0x174
 550 016a 0C       		.uleb128 0xc
 551 016b 01       		.uleb128 0x1
 552 016c 50       		.byte	0x50
 553 016d 05       		.uleb128 0x5
ARM GAS  C:\Users\jagumiel\AppData\Local\Temp\ccVzh5ym.s 			page 17


 554 016e 0C       		.byte	0xc
 555 016f 001BB700 		.4byte	0xb71b00
 556 0173 00       		.byte	0
 557 0174 0E       		.uleb128 0xe
 558 0175 18000000 		.4byte	.LVL5
 559 0179 EA020000 		.4byte	0x2ea
 560 017d 87010000 		.4byte	0x187
 561 0181 0C       		.uleb128 0xc
 562 0182 01       		.uleb128 0x1
 563 0183 50       		.byte	0x50
 564 0184 01       		.uleb128 0x1
 565 0185 31       		.byte	0x31
 566 0186 00       		.byte	0
 567 0187 0E       		.uleb128 0xe
 568 0188 1E000000 		.4byte	.LVL6
 569 018c F5020000 		.4byte	0x2f5
 570 0190 9B010000 		.4byte	0x19b
 571 0194 0C       		.uleb128 0xc
 572 0195 01       		.uleb128 0x1
 573 0196 50       		.byte	0x50
 574 0197 02       		.uleb128 0x2
 575 0198 08       		.byte	0x8
 576 0199 30       		.byte	0x30
 577 019a 00       		.byte	0
 578 019b 0E       		.uleb128 0xe
 579 019c 54000000 		.4byte	.LVL7
 580 01a0 00030000 		.4byte	0x300
 581 01a4 B0010000 		.4byte	0x1b0
 582 01a8 0C       		.uleb128 0xc
 583 01a9 01       		.uleb128 0x1
 584 01aa 50       		.byte	0x50
 585 01ab 03       		.uleb128 0x3
 586 01ac 0A       		.byte	0xa
 587 01ad D007     		.2byte	0x7d0
 588 01af 00       		.byte	0
 589 01b0 0E       		.uleb128 0xe
 590 01b1 5A000000 		.4byte	.LVL8
 591 01b5 0B030000 		.4byte	0x30b
 592 01b9 C5010000 		.4byte	0x1c5
 593 01bd 0C       		.uleb128 0xc
 594 01be 01       		.uleb128 0x1
 595 01bf 50       		.byte	0x50
 596 01c0 03       		.uleb128 0x3
 597 01c1 0A       		.byte	0xa
 598 01c2 DC05     		.2byte	0x5dc
 599 01c4 00       		.byte	0
 600 01c5 0E       		.uleb128 0xe
 601 01c6 86000000 		.4byte	.LVL9
 602 01ca 16030000 		.4byte	0x316
 603 01ce D8010000 		.4byte	0x1d8
 604 01d2 0C       		.uleb128 0xc
 605 01d3 01       		.uleb128 0x1
 606 01d4 50       		.byte	0x50
 607 01d5 01       		.uleb128 0x1
 608 01d6 38       		.byte	0x38
 609 01d7 00       		.byte	0
 610 01d8 0B       		.uleb128 0xb
ARM GAS  C:\Users\jagumiel\AppData\Local\Temp\ccVzh5ym.s 			page 18


 611 01d9 8C000000 		.4byte	.LVL10
 612 01dd 21030000 		.4byte	0x321
 613 01e1 0C       		.uleb128 0xc
 614 01e2 01       		.uleb128 0x1
 615 01e3 50       		.byte	0x50
 616 01e4 01       		.uleb128 0x1
 617 01e5 38       		.byte	0x38
 618 01e6 00       		.byte	0
 619 01e7 00       		.byte	0
 620 01e8 0F       		.uleb128 0xf
 621 01e9 6D010000 		.4byte	.LASF38
 622 01ed 01       		.byte	0x1
 623 01ee 0A01     		.2byte	0x10a
 624 01f0 D8000000 		.4byte	.LFB7
 625 01f4 BC000000 		.4byte	.LFE7-.LFB7
 626 01f8 01       		.uleb128 0x1
 627 01f9 9C       		.byte	0x9c
 628 01fa CB020000 		.4byte	0x2cb
 629 01fe 10       		.uleb128 0x10
 630 01ff E2000000 		.4byte	.LBB2
 631 0203 50000000 		.4byte	.LBE2-.LBB2
 632 0207 B8020000 		.4byte	0x2b8
 633 020b 11       		.uleb128 0x11
 634 020c 06       		.byte	0x6
 635 020d 01       		.byte	0x1
 636 020e 1301     		.2byte	0x113
 637 0210 2F020000 		.4byte	0x22f
 638 0214 12       		.uleb128 0x12
 639 0215 7A010000 		.4byte	.LASF22
 640 0219 01       		.byte	0x1
 641 021a 1401     		.2byte	0x114
 642 021c 84000000 		.4byte	0x84
 643 0220 00       		.byte	0
 644 0221 12       		.uleb128 0x12
 645 0222 6F000000 		.4byte	.LASF23
 646 0226 01       		.byte	0x1
 647 0227 1501     		.2byte	0x115
 648 0229 99000000 		.4byte	0x99
 649 022d 04       		.byte	0x4
 650 022e 00       		.byte	0
 651 022f 06       		.uleb128 0x6
 652 0230 27020000 		.4byte	.LASF24
 653 0234 01       		.byte	0x1
 654 0235 1601     		.2byte	0x116
 655 0237 0B020000 		.4byte	0x20b
 656 023b 13       		.uleb128 0x13
 657 023c 4B020000 		.4byte	0x24b
 658 0240 4B020000 		.4byte	0x24b
 659 0244 14       		.uleb128 0x14
 660 0245 7D000000 		.4byte	0x7d
 661 0249 01       		.byte	0x1
 662 024a 00       		.byte	0
 663 024b 15       		.uleb128 0x15
 664 024c 2F020000 		.4byte	0x22f
 665 0250 16       		.uleb128 0x16
 666 0251 3B000000 		.4byte	.LASF25
 667 0255 01       		.byte	0x1
ARM GAS  C:\Users\jagumiel\AppData\Local\Temp\ccVzh5ym.s 			page 19


 668 0256 1801     		.2byte	0x118
 669 0258 62020000 		.4byte	0x262
 670 025c 05       		.uleb128 0x5
 671 025d 03       		.byte	0x3
 672 025e 00000000 		.4byte	cfg_memset_list.4884
 673 0262 15       		.uleb128 0x15
 674 0263 3B020000 		.4byte	0x23b
 675 0267 17       		.uleb128 0x17
 676 0268 6900     		.ascii	"i\000"
 677 026a 01       		.byte	0x1
 678 026b 1E01     		.2byte	0x11e
 679 026d 8D000000 		.4byte	0x8d
 680 0271 4D000000 		.4byte	.LLST2
 681 0275 18       		.uleb128 0x18
 682 0276 E6000000 		.4byte	.LBB3
 683 027a 1C000000 		.4byte	.LBE3-.LBB3
 684 027e 17       		.uleb128 0x17
 685 027f 6D7300   		.ascii	"ms\000"
 686 0282 01       		.byte	0x1
 687 0283 2301     		.2byte	0x123
 688 0285 8D020000 		.4byte	0x28d
 689 0289 77000000 		.4byte	.LLST3
 690 028d 19       		.uleb128 0x19
 691 028e 04       		.byte	0x4
 692 028f 4B020000 		.4byte	0x24b
 693 0293 0B       		.uleb128 0xb
 694 0294 02010000 		.4byte	.LVL13
 695 0298 F2000000 		.4byte	0xf2
 696 029c 0C       		.uleb128 0xc
 697 029d 01       		.uleb128 0x1
 698 029e 51       		.byte	0x51
 699 029f 15       		.uleb128 0x15
 700 02a0 74       		.byte	0x74
 701 02a1 00       		.sleb128 0
 702 02a2 31       		.byte	0x31
 703 02a3 24       		.byte	0x24
 704 02a4 74       		.byte	0x74
 705 02a5 00       		.sleb128 0
 706 02a6 22       		.byte	0x22
 707 02a7 31       		.byte	0x31
 708 02a8 24       		.byte	0x24
 709 02a9 03       		.byte	0x3
 710 02aa 04000000 		.4byte	.LANCHOR0+4
 711 02ae 22       		.byte	0x22
 712 02af 94       		.byte	0x94
 713 02b0 02       		.byte	0x2
 714 02b1 0A       		.byte	0xa
 715 02b2 FFFF     		.2byte	0xffff
 716 02b4 1A       		.byte	0x1a
 717 02b5 00       		.byte	0
 718 02b6 00       		.byte	0
 719 02b7 00       		.byte	0
 720 02b8 0D       		.uleb128 0xd
 721 02b9 56010000 		.4byte	.LVL16
 722 02bd 3F010000 		.4byte	0x13f
 723 02c1 0D       		.uleb128 0xd
 724 02c2 5A010000 		.4byte	.LVL17
ARM GAS  C:\Users\jagumiel\AppData\Local\Temp\ccVzh5ym.s 			page 20


 725 02c6 E1000000 		.4byte	0xe1
 726 02ca 00       		.byte	0
 727 02cb 1A       		.uleb128 0x1a
 728 02cc 38010000 		.4byte	.LASF39
 729 02d0 38010000 		.4byte	.LASF39
 730 02d4 1B       		.uleb128 0x1b
 731 02d5 A9000000 		.4byte	.LASF26
 732 02d9 A9000000 		.4byte	.LASF26
 733 02dd 04       		.byte	0x4
 734 02de 4E       		.byte	0x4e
 735 02df 1B       		.uleb128 0x1b
 736 02e0 00000000 		.4byte	.LASF27
 737 02e4 00000000 		.4byte	.LASF27
 738 02e8 05       		.byte	0x5
 739 02e9 DC       		.byte	0xdc
 740 02ea 1B       		.uleb128 0x1b
 741 02eb 74000000 		.4byte	.LASF28
 742 02ef 74000000 		.4byte	.LASF28
 743 02f3 04       		.byte	0x4
 744 02f4 50       		.byte	0x50
 745 02f5 1B       		.uleb128 0x1b
 746 02f6 75020000 		.4byte	.LASF29
 747 02fa 75020000 		.4byte	.LASF29
 748 02fe 05       		.byte	0x5
 749 02ff 6C       		.byte	0x6c
 750 0300 1B       		.uleb128 0x1b
 751 0301 5A020000 		.4byte	.LASF30
 752 0305 5A020000 		.4byte	.LASF30
 753 0309 05       		.byte	0x5
 754 030a 84       		.byte	0x84
 755 030b 1B       		.uleb128 0x1b
 756 030c 4B020000 		.4byte	.LASF31
 757 0310 4B020000 		.4byte	.LASF31
 758 0314 05       		.byte	0x5
 759 0315 DA       		.byte	0xda
 760 0316 1B       		.uleb128 0x1b
 761 0317 2C000000 		.4byte	.LASF32
 762 031b 2C000000 		.4byte	.LASF32
 763 031f 05       		.byte	0x5
 764 0320 BD       		.byte	0xbd
 765 0321 1B       		.uleb128 0x1b
 766 0322 46010000 		.4byte	.LASF33
 767 0326 46010000 		.4byte	.LASF33
 768 032a 05       		.byte	0x5
 769 032b C3       		.byte	0xc3
 770 032c 00       		.byte	0
 771              		.section	.debug_abbrev,"",%progbits
 772              	.Ldebug_abbrev0:
 773 0000 01       		.uleb128 0x1
 774 0001 11       		.uleb128 0x11
 775 0002 01       		.byte	0x1
 776 0003 25       		.uleb128 0x25
 777 0004 0E       		.uleb128 0xe
 778 0005 13       		.uleb128 0x13
 779 0006 0B       		.uleb128 0xb
 780 0007 03       		.uleb128 0x3
 781 0008 0E       		.uleb128 0xe
ARM GAS  C:\Users\jagumiel\AppData\Local\Temp\ccVzh5ym.s 			page 21


 782 0009 1B       		.uleb128 0x1b
 783 000a 0E       		.uleb128 0xe
 784 000b 55       		.uleb128 0x55
 785 000c 17       		.uleb128 0x17
 786 000d 11       		.uleb128 0x11
 787 000e 01       		.uleb128 0x1
 788 000f 10       		.uleb128 0x10
 789 0010 17       		.uleb128 0x17
 790 0011 00       		.byte	0
 791 0012 00       		.byte	0
 792 0013 02       		.uleb128 0x2
 793 0014 24       		.uleb128 0x24
 794 0015 00       		.byte	0
 795 0016 0B       		.uleb128 0xb
 796 0017 0B       		.uleb128 0xb
 797 0018 3E       		.uleb128 0x3e
 798 0019 0B       		.uleb128 0xb
 799 001a 03       		.uleb128 0x3
 800 001b 08       		.uleb128 0x8
 801 001c 00       		.byte	0
 802 001d 00       		.byte	0
 803 001e 03       		.uleb128 0x3
 804 001f 16       		.uleb128 0x16
 805 0020 00       		.byte	0
 806 0021 03       		.uleb128 0x3
 807 0022 0E       		.uleb128 0xe
 808 0023 3A       		.uleb128 0x3a
 809 0024 0B       		.uleb128 0xb
 810 0025 3B       		.uleb128 0x3b
 811 0026 0B       		.uleb128 0xb
 812 0027 49       		.uleb128 0x49
 813 0028 13       		.uleb128 0x13
 814 0029 00       		.byte	0
 815 002a 00       		.byte	0
 816 002b 04       		.uleb128 0x4
 817 002c 24       		.uleb128 0x24
 818 002d 00       		.byte	0
 819 002e 0B       		.uleb128 0xb
 820 002f 0B       		.uleb128 0xb
 821 0030 3E       		.uleb128 0x3e
 822 0031 0B       		.uleb128 0xb
 823 0032 03       		.uleb128 0x3
 824 0033 0E       		.uleb128 0xe
 825 0034 00       		.byte	0
 826 0035 00       		.byte	0
 827 0036 05       		.uleb128 0x5
 828 0037 0F       		.uleb128 0xf
 829 0038 00       		.byte	0
 830 0039 0B       		.uleb128 0xb
 831 003a 0B       		.uleb128 0xb
 832 003b 00       		.byte	0
 833 003c 00       		.byte	0
 834 003d 06       		.uleb128 0x6
 835 003e 16       		.uleb128 0x16
 836 003f 00       		.byte	0
 837 0040 03       		.uleb128 0x3
 838 0041 0E       		.uleb128 0xe
ARM GAS  C:\Users\jagumiel\AppData\Local\Temp\ccVzh5ym.s 			page 22


 839 0042 3A       		.uleb128 0x3a
 840 0043 0B       		.uleb128 0xb
 841 0044 3B       		.uleb128 0x3b
 842 0045 05       		.uleb128 0x5
 843 0046 49       		.uleb128 0x49
 844 0047 13       		.uleb128 0x13
 845 0048 00       		.byte	0
 846 0049 00       		.byte	0
 847 004a 07       		.uleb128 0x7
 848 004b 35       		.uleb128 0x35
 849 004c 00       		.byte	0
 850 004d 49       		.uleb128 0x49
 851 004e 13       		.uleb128 0x13
 852 004f 00       		.byte	0
 853 0050 00       		.byte	0
 854 0051 08       		.uleb128 0x8
 855 0052 2E       		.uleb128 0x2e
 856 0053 00       		.byte	0
 857 0054 03       		.uleb128 0x3
 858 0055 0E       		.uleb128 0xe
 859 0056 3A       		.uleb128 0x3a
 860 0057 0B       		.uleb128 0xb
 861 0058 3B       		.uleb128 0x3b
 862 0059 0B       		.uleb128 0xb
 863 005a 27       		.uleb128 0x27
 864 005b 19       		.uleb128 0x19
 865 005c 11       		.uleb128 0x11
 866 005d 01       		.uleb128 0x1
 867 005e 12       		.uleb128 0x12
 868 005f 06       		.uleb128 0x6
 869 0060 40       		.uleb128 0x40
 870 0061 18       		.uleb128 0x18
 871 0062 9742     		.uleb128 0x2117
 872 0064 19       		.uleb128 0x19
 873 0065 00       		.byte	0
 874 0066 00       		.byte	0
 875 0067 09       		.uleb128 0x9
 876 0068 2E       		.uleb128 0x2e
 877 0069 01       		.byte	0x1
 878 006a 03       		.uleb128 0x3
 879 006b 0E       		.uleb128 0xe
 880 006c 3A       		.uleb128 0x3a
 881 006d 0B       		.uleb128 0xb
 882 006e 3B       		.uleb128 0x3b
 883 006f 0B       		.uleb128 0xb
 884 0070 27       		.uleb128 0x27
 885 0071 19       		.uleb128 0x19
 886 0072 11       		.uleb128 0x11
 887 0073 01       		.uleb128 0x1
 888 0074 12       		.uleb128 0x12
 889 0075 06       		.uleb128 0x6
 890 0076 40       		.uleb128 0x40
 891 0077 18       		.uleb128 0x18
 892 0078 9742     		.uleb128 0x2117
 893 007a 19       		.uleb128 0x19
 894 007b 01       		.uleb128 0x1
 895 007c 13       		.uleb128 0x13
ARM GAS  C:\Users\jagumiel\AppData\Local\Temp\ccVzh5ym.s 			page 23


 896 007d 00       		.byte	0
 897 007e 00       		.byte	0
 898 007f 0A       		.uleb128 0xa
 899 0080 05       		.uleb128 0x5
 900 0081 00       		.byte	0
 901 0082 03       		.uleb128 0x3
 902 0083 08       		.uleb128 0x8
 903 0084 3A       		.uleb128 0x3a
 904 0085 0B       		.uleb128 0xb
 905 0086 3B       		.uleb128 0x3b
 906 0087 0B       		.uleb128 0xb
 907 0088 49       		.uleb128 0x49
 908 0089 13       		.uleb128 0x13
 909 008a 02       		.uleb128 0x2
 910 008b 17       		.uleb128 0x17
 911 008c 00       		.byte	0
 912 008d 00       		.byte	0
 913 008e 0B       		.uleb128 0xb
 914 008f 898201   		.uleb128 0x4109
 915 0092 01       		.byte	0x1
 916 0093 11       		.uleb128 0x11
 917 0094 01       		.uleb128 0x1
 918 0095 31       		.uleb128 0x31
 919 0096 13       		.uleb128 0x13
 920 0097 00       		.byte	0
 921 0098 00       		.byte	0
 922 0099 0C       		.uleb128 0xc
 923 009a 8A8201   		.uleb128 0x410a
 924 009d 00       		.byte	0
 925 009e 02       		.uleb128 0x2
 926 009f 18       		.uleb128 0x18
 927 00a0 9142     		.uleb128 0x2111
 928 00a2 18       		.uleb128 0x18
 929 00a3 00       		.byte	0
 930 00a4 00       		.byte	0
 931 00a5 0D       		.uleb128 0xd
 932 00a6 898201   		.uleb128 0x4109
 933 00a9 00       		.byte	0
 934 00aa 11       		.uleb128 0x11
 935 00ab 01       		.uleb128 0x1
 936 00ac 31       		.uleb128 0x31
 937 00ad 13       		.uleb128 0x13
 938 00ae 00       		.byte	0
 939 00af 00       		.byte	0
 940 00b0 0E       		.uleb128 0xe
 941 00b1 898201   		.uleb128 0x4109
 942 00b4 01       		.byte	0x1
 943 00b5 11       		.uleb128 0x11
 944 00b6 01       		.uleb128 0x1
 945 00b7 31       		.uleb128 0x31
 946 00b8 13       		.uleb128 0x13
 947 00b9 01       		.uleb128 0x1
 948 00ba 13       		.uleb128 0x13
 949 00bb 00       		.byte	0
 950 00bc 00       		.byte	0
 951 00bd 0F       		.uleb128 0xf
 952 00be 2E       		.uleb128 0x2e
ARM GAS  C:\Users\jagumiel\AppData\Local\Temp\ccVzh5ym.s 			page 24


 953 00bf 01       		.byte	0x1
 954 00c0 3F       		.uleb128 0x3f
 955 00c1 19       		.uleb128 0x19
 956 00c2 03       		.uleb128 0x3
 957 00c3 0E       		.uleb128 0xe
 958 00c4 3A       		.uleb128 0x3a
 959 00c5 0B       		.uleb128 0xb
 960 00c6 3B       		.uleb128 0x3b
 961 00c7 05       		.uleb128 0x5
 962 00c8 27       		.uleb128 0x27
 963 00c9 19       		.uleb128 0x19
 964 00ca 11       		.uleb128 0x11
 965 00cb 01       		.uleb128 0x1
 966 00cc 12       		.uleb128 0x12
 967 00cd 06       		.uleb128 0x6
 968 00ce 40       		.uleb128 0x40
 969 00cf 18       		.uleb128 0x18
 970 00d0 9742     		.uleb128 0x2117
 971 00d2 19       		.uleb128 0x19
 972 00d3 01       		.uleb128 0x1
 973 00d4 13       		.uleb128 0x13
 974 00d5 00       		.byte	0
 975 00d6 00       		.byte	0
 976 00d7 10       		.uleb128 0x10
 977 00d8 0B       		.uleb128 0xb
 978 00d9 01       		.byte	0x1
 979 00da 11       		.uleb128 0x11
 980 00db 01       		.uleb128 0x1
 981 00dc 12       		.uleb128 0x12
 982 00dd 06       		.uleb128 0x6
 983 00de 01       		.uleb128 0x1
 984 00df 13       		.uleb128 0x13
 985 00e0 00       		.byte	0
 986 00e1 00       		.byte	0
 987 00e2 11       		.uleb128 0x11
 988 00e3 13       		.uleb128 0x13
 989 00e4 01       		.byte	0x1
 990 00e5 0B       		.uleb128 0xb
 991 00e6 0B       		.uleb128 0xb
 992 00e7 3A       		.uleb128 0x3a
 993 00e8 0B       		.uleb128 0xb
 994 00e9 3B       		.uleb128 0x3b
 995 00ea 05       		.uleb128 0x5
 996 00eb 01       		.uleb128 0x1
 997 00ec 13       		.uleb128 0x13
 998 00ed 00       		.byte	0
 999 00ee 00       		.byte	0
 1000 00ef 12       		.uleb128 0x12
 1001 00f0 0D       		.uleb128 0xd
 1002 00f1 00       		.byte	0
 1003 00f2 03       		.uleb128 0x3
 1004 00f3 0E       		.uleb128 0xe
 1005 00f4 3A       		.uleb128 0x3a
 1006 00f5 0B       		.uleb128 0xb
 1007 00f6 3B       		.uleb128 0x3b
 1008 00f7 05       		.uleb128 0x5
 1009 00f8 49       		.uleb128 0x49
ARM GAS  C:\Users\jagumiel\AppData\Local\Temp\ccVzh5ym.s 			page 25


 1010 00f9 13       		.uleb128 0x13
 1011 00fa 38       		.uleb128 0x38
 1012 00fb 0B       		.uleb128 0xb
 1013 00fc 00       		.byte	0
 1014 00fd 00       		.byte	0
 1015 00fe 13       		.uleb128 0x13
 1016 00ff 01       		.uleb128 0x1
 1017 0100 01       		.byte	0x1
 1018 0101 49       		.uleb128 0x49
 1019 0102 13       		.uleb128 0x13
 1020 0103 01       		.uleb128 0x1
 1021 0104 13       		.uleb128 0x13
 1022 0105 00       		.byte	0
 1023 0106 00       		.byte	0
 1024 0107 14       		.uleb128 0x14
 1025 0108 21       		.uleb128 0x21
 1026 0109 00       		.byte	0
 1027 010a 49       		.uleb128 0x49
 1028 010b 13       		.uleb128 0x13
 1029 010c 2F       		.uleb128 0x2f
 1030 010d 0B       		.uleb128 0xb
 1031 010e 00       		.byte	0
 1032 010f 00       		.byte	0
 1033 0110 15       		.uleb128 0x15
 1034 0111 26       		.uleb128 0x26
 1035 0112 00       		.byte	0
 1036 0113 49       		.uleb128 0x49
 1037 0114 13       		.uleb128 0x13
 1038 0115 00       		.byte	0
 1039 0116 00       		.byte	0
 1040 0117 16       		.uleb128 0x16
 1041 0118 34       		.uleb128 0x34
 1042 0119 00       		.byte	0
 1043 011a 03       		.uleb128 0x3
 1044 011b 0E       		.uleb128 0xe
 1045 011c 3A       		.uleb128 0x3a
 1046 011d 0B       		.uleb128 0xb
 1047 011e 3B       		.uleb128 0x3b
 1048 011f 05       		.uleb128 0x5
 1049 0120 49       		.uleb128 0x49
 1050 0121 13       		.uleb128 0x13
 1051 0122 02       		.uleb128 0x2
 1052 0123 18       		.uleb128 0x18
 1053 0124 00       		.byte	0
 1054 0125 00       		.byte	0
 1055 0126 17       		.uleb128 0x17
 1056 0127 34       		.uleb128 0x34
 1057 0128 00       		.byte	0
 1058 0129 03       		.uleb128 0x3
 1059 012a 08       		.uleb128 0x8
 1060 012b 3A       		.uleb128 0x3a
 1061 012c 0B       		.uleb128 0xb
 1062 012d 3B       		.uleb128 0x3b
 1063 012e 05       		.uleb128 0x5
 1064 012f 49       		.uleb128 0x49
 1065 0130 13       		.uleb128 0x13
 1066 0131 02       		.uleb128 0x2
ARM GAS  C:\Users\jagumiel\AppData\Local\Temp\ccVzh5ym.s 			page 26


 1067 0132 17       		.uleb128 0x17
 1068 0133 00       		.byte	0
 1069 0134 00       		.byte	0
 1070 0135 18       		.uleb128 0x18
 1071 0136 0B       		.uleb128 0xb
 1072 0137 01       		.byte	0x1
 1073 0138 11       		.uleb128 0x11
 1074 0139 01       		.uleb128 0x1
 1075 013a 12       		.uleb128 0x12
 1076 013b 06       		.uleb128 0x6
 1077 013c 00       		.byte	0
 1078 013d 00       		.byte	0
 1079 013e 19       		.uleb128 0x19
 1080 013f 0F       		.uleb128 0xf
 1081 0140 00       		.byte	0
 1082 0141 0B       		.uleb128 0xb
 1083 0142 0B       		.uleb128 0xb
 1084 0143 49       		.uleb128 0x49
 1085 0144 13       		.uleb128 0x13
 1086 0145 00       		.byte	0
 1087 0146 00       		.byte	0
 1088 0147 1A       		.uleb128 0x1a
 1089 0148 2E       		.uleb128 0x2e
 1090 0149 00       		.byte	0
 1091 014a 3F       		.uleb128 0x3f
 1092 014b 19       		.uleb128 0x19
 1093 014c 3C       		.uleb128 0x3c
 1094 014d 19       		.uleb128 0x19
 1095 014e 6E       		.uleb128 0x6e
 1096 014f 0E       		.uleb128 0xe
 1097 0150 03       		.uleb128 0x3
 1098 0151 0E       		.uleb128 0xe
 1099 0152 00       		.byte	0
 1100 0153 00       		.byte	0
 1101 0154 1B       		.uleb128 0x1b
 1102 0155 2E       		.uleb128 0x2e
 1103 0156 00       		.byte	0
 1104 0157 3F       		.uleb128 0x3f
 1105 0158 19       		.uleb128 0x19
 1106 0159 3C       		.uleb128 0x3c
 1107 015a 19       		.uleb128 0x19
 1108 015b 6E       		.uleb128 0x6e
 1109 015c 0E       		.uleb128 0xe
 1110 015d 03       		.uleb128 0x3
 1111 015e 0E       		.uleb128 0xe
 1112 015f 3A       		.uleb128 0x3a
 1113 0160 0B       		.uleb128 0xb
 1114 0161 3B       		.uleb128 0x3b
 1115 0162 0B       		.uleb128 0xb
 1116 0163 00       		.byte	0
 1117 0164 00       		.byte	0
 1118 0165 00       		.byte	0
 1119              		.section	.debug_loc,"",%progbits
 1120              	.Ldebug_loc0:
 1121              	.LLST0:
 1122 0000 00000000 		.4byte	.LVL0
 1123 0004 09000000 		.4byte	.LVL2-1
ARM GAS  C:\Users\jagumiel\AppData\Local\Temp\ccVzh5ym.s 			page 27


 1124 0008 0100     		.2byte	0x1
 1125 000a 50       		.byte	0x50
 1126 000b 09000000 		.4byte	.LVL2-1
 1127 000f 0C000000 		.4byte	.LFE2
 1128 0013 0400     		.2byte	0x4
 1129 0015 F3       		.byte	0xf3
 1130 0016 01       		.uleb128 0x1
 1131 0017 50       		.byte	0x50
 1132 0018 9F       		.byte	0x9f
 1133 0019 00000000 		.4byte	0
 1134 001d 00000000 		.4byte	0
 1135              	.LLST1:
 1136 0021 00000000 		.4byte	.LVL0
 1137 0025 06000000 		.4byte	.LVL1
 1138 0029 0100     		.2byte	0x1
 1139 002b 51       		.byte	0x51
 1140 002c 06000000 		.4byte	.LVL1
 1141 0030 09000000 		.4byte	.LVL2-1
 1142 0034 0100     		.2byte	0x1
 1143 0036 52       		.byte	0x52
 1144 0037 09000000 		.4byte	.LVL2-1
 1145 003b 0C000000 		.4byte	.LFE2
 1146 003f 0400     		.2byte	0x4
 1147 0041 F3       		.byte	0xf3
 1148 0042 01       		.uleb128 0x1
 1149 0043 51       		.byte	0x51
 1150 0044 9F       		.byte	0x9f
 1151 0045 00000000 		.4byte	0
 1152 0049 00000000 		.4byte	0
 1153              	.LLST2:
 1154 004d E2000000 		.4byte	.LVL11
 1155 0051 E6000000 		.4byte	.LVL12
 1156 0055 0200     		.2byte	0x2
 1157 0057 30       		.byte	0x30
 1158 0058 9F       		.byte	0x9f
 1159 0059 E6000000 		.4byte	.LVL12
 1160 005d 04010000 		.4byte	.LVL14
 1161 0061 0100     		.2byte	0x1
 1162 0063 54       		.byte	0x54
 1163 0064 06010000 		.4byte	.LVL15
 1164 0068 5A010000 		.4byte	.LVL18
 1165 006c 0100     		.2byte	0x1
 1166 006e 54       		.byte	0x54
 1167 006f 00000000 		.4byte	0
 1168 0073 00000000 		.4byte	0
 1169              	.LLST3:
 1170 0077 E6000000 		.4byte	.LVL12
 1171 007b 04010000 		.4byte	.LVL14
 1172 007f 0B00     		.2byte	0xb
 1173 0081 74       		.byte	0x74
 1174 0082 00       		.sleb128 0
 1175 0083 36       		.byte	0x36
 1176 0084 1E       		.byte	0x1e
 1177 0085 03       		.byte	0x3
 1178 0086 00000000 		.4byte	cfg_memset_list.4884
 1179 008a 22       		.byte	0x22
 1180 008b 9F       		.byte	0x9f
ARM GAS  C:\Users\jagumiel\AppData\Local\Temp\ccVzh5ym.s 			page 28


 1181 008c 04010000 		.4byte	.LVL14
 1182 0090 06010000 		.4byte	.LVL15
 1183 0094 0B00     		.2byte	0xb
 1184 0096 74       		.byte	0x74
 1185 0097 7F       		.sleb128 -1
 1186 0098 36       		.byte	0x36
 1187 0099 1E       		.byte	0x1e
 1188 009a 03       		.byte	0x3
 1189 009b 00000000 		.4byte	cfg_memset_list.4884
 1190 009f 22       		.byte	0x22
 1191 00a0 9F       		.byte	0x9f
 1192 00a1 00000000 		.4byte	0
 1193 00a5 00000000 		.4byte	0
 1194              		.section	.debug_aranges,"",%progbits
 1195 0000 34000000 		.4byte	0x34
 1196 0004 0200     		.2byte	0x2
 1197 0006 00000000 		.4byte	.Ldebug_info0
 1198 000a 04       		.byte	0x4
 1199 000b 00       		.byte	0
 1200 000c 0000     		.2byte	0
 1201 000e 0000     		.2byte	0
 1202 0010 00000000 		.4byte	.LFB6
 1203 0014 20000000 		.4byte	.LFE6-.LFB6
 1204 0018 00000000 		.4byte	.LFB2
 1205 001c 0C000000 		.4byte	.LFE2-.LFB2
 1206 0020 00000000 		.4byte	.LFB5
 1207 0024 D8000000 		.4byte	.LFE5-.LFB5
 1208 0028 D8000000 		.4byte	.LFB7
 1209 002c BC000000 		.4byte	.LFE7-.LFB7
 1210 0030 00000000 		.4byte	0
 1211 0034 00000000 		.4byte	0
 1212              		.section	.debug_ranges,"",%progbits
 1213              	.Ldebug_ranges0:
 1214 0000 00000000 		.4byte	.LFB6
 1215 0004 20000000 		.4byte	.LFE6
 1216 0008 00000000 		.4byte	.LFB2
 1217 000c 0C000000 		.4byte	.LFE2
 1218 0010 00000000 		.4byte	.LFB5
 1219 0014 D8000000 		.4byte	.LFE5
 1220 0018 D8000000 		.4byte	.LFB7
 1221 001c 94010000 		.4byte	.LFE7
 1222 0020 00000000 		.4byte	0
 1223 0024 00000000 		.4byte	0
 1224              		.section	.debug_line,"",%progbits
 1225              	.Ldebug_line0:
 1226 0000 5E010000 		.section	.debug_str,"MS",%progbits,1
 1226      0200E300 
 1226      00000201 
 1226      FB0E0D00 
 1226      01010101 
 1227              	.LASF27:
 1228 0000 43794465 		.ascii	"CyDelayCycles\000"
 1228      6C617943 
 1228      79636C65 
 1228      7300
 1229              	.LASF19:
 1230 000e 72656733 		.ascii	"reg32\000"
ARM GAS  C:\Users\jagumiel\AppData\Local\Temp\ccVzh5ym.s 			page 29


 1230      3200
 1231              	.LASF12:
 1232 0014 73697A65 		.ascii	"size_t\000"
 1232      5F7400
 1233              	.LASF37:
 1234 001b 416E616C 		.ascii	"AnalogSetDefault\000"
 1234      6F675365 
 1234      74446566 
 1234      61756C74 
 1234      00
 1235              	.LASF32:
 1236 002c 4379496E 		.ascii	"CyIntSetVector\000"
 1236      74536574 
 1236      56656374 
 1236      6F7200
 1237              	.LASF25:
 1238 003b 6366675F 		.ascii	"cfg_memset_list\000"
 1238      6D656D73 
 1238      65745F6C 
 1238      69737400 
 1239              	.LASF21:
 1240 004b 436C6F63 		.ascii	"ClockSetup\000"
 1240      6B536574 
 1240      757000
 1241              	.LASF6:
 1242 0056 73686F72 		.ascii	"short unsigned int\000"
 1242      7420756E 
 1242      7369676E 
 1242      65642069 
 1242      6E7400
 1243              	.LASF16:
 1244 0069 666C6F61 		.ascii	"float\000"
 1244      7400
 1245              	.LASF23:
 1246 006f 73697A65 		.ascii	"size\000"
 1246      00
 1247              	.LASF28:
 1248 0074 43795379 		.ascii	"CySysClkWcoSetPowerMode\000"
 1248      73436C6B 
 1248      57636F53 
 1248      6574506F 
 1248      7765724D 
 1249              	.LASF18:
 1250 008c 72656738 		.ascii	"reg8\000"
 1250      00
 1251              	.LASF8:
 1252 0091 6C6F6E67 		.ascii	"long unsigned int\000"
 1252      20756E73 
 1252      69676E65 
 1252      6420696E 
 1252      7400
 1253              	.LASF13:
 1254 00a3 75696E74 		.ascii	"uint8\000"
 1254      3800
 1255              	.LASF26:
 1256 00a9 43795379 		.ascii	"CySysClkWcoStart\000"
 1256      73436C6B 
ARM GAS  C:\Users\jagumiel\AppData\Local\Temp\ccVzh5ym.s 			page 30


 1256      57636F53 
 1256      74617274 
 1256      00
 1257              	.LASF20:
 1258 00ba 43594D45 		.ascii	"CYMEMZERO\000"
 1258      4D5A4552 
 1258      4F00
 1259              	.LASF36:
 1260 00c4 443A5C55 		.ascii	"D:\\Users\\jagumiel\\Documents\\PSoC Creator\\PSoC-"
 1260      73657273 
 1260      5C6A6167 
 1260      756D6965 
 1260      6C5C446F 
 1261 00f2 3130315C 		.ascii	"101\\PSoC-101\\TrainingProjects\\StepperMotorContro"
 1261      50536F43 
 1261      2D313031 
 1261      5C547261 
 1261      696E696E 
 1262 0122 6C2E6379 		.ascii	"l.cydsn\000"
 1262      64736E00 
 1263              	.LASF4:
 1264 012a 756E7369 		.ascii	"unsigned char\000"
 1264      676E6564 
 1264      20636861 
 1264      7200
 1265              	.LASF39:
 1266 0138 6D656D73 		.ascii	"memset\000"
 1266      657400
 1267              	.LASF17:
 1268 013f 646F7562 		.ascii	"double\000"
 1268      6C6500
 1269              	.LASF33:
 1270 0146 4379496E 		.ascii	"CyIntEnable\000"
 1270      74456E61 
 1270      626C6500 
 1271              	.LASF14:
 1272 0152 75696E74 		.ascii	"uint16\000"
 1272      313600
 1273              	.LASF15:
 1274 0159 75696E74 		.ascii	"uint32\000"
 1274      333200
 1275              	.LASF0:
 1276 0160 756E7369 		.ascii	"unsigned int\000"
 1276      676E6564 
 1276      20696E74 
 1276      00
 1277              	.LASF38:
 1278 016d 63796669 		.ascii	"cyfitter_cfg\000"
 1278      74746572 
 1278      5F636667 
 1278      00
 1279              	.LASF22:
 1280 017a 61646472 		.ascii	"address\000"
 1280      65737300 
 1281              	.LASF9:
 1282 0182 6C6F6E67 		.ascii	"long long unsigned int\000"
 1282      206C6F6E 
ARM GAS  C:\Users\jagumiel\AppData\Local\Temp\ccVzh5ym.s 			page 31


 1282      6720756E 
 1282      7369676E 
 1282      65642069 
 1283              	.LASF34:
 1284 0199 474E5520 		.ascii	"GNU C11 5.4.1 20160609 (release) [ARM/embedded-5-br"
 1284      43313120 
 1284      352E342E 
 1284      31203230 
 1284      31363036 
 1285 01cc 616E6368 		.ascii	"anch revision 237715] -mcpu=cortex-m0 -mthumb -g -O"
 1285      20726576 
 1285      6973696F 
 1285      6E203233 
 1285      37373135 
 1286 01ff 67202D66 		.ascii	"g -ffunction-sections -ffat-lto-objects\000"
 1286      66756E63 
 1286      74696F6E 
 1286      2D736563 
 1286      74696F6E 
 1287              	.LASF24:
 1288 0227 6366675F 		.ascii	"cfg_memset_t\000"
 1288      6D656D73 
 1288      65745F74 
 1288      00
 1289              	.LASF10:
 1290 0234 73697A65 		.ascii	"sizetype\000"
 1290      74797065 
 1290      00
 1291              	.LASF1:
 1292 023d 6C6F6E67 		.ascii	"long long int\000"
 1292      206C6F6E 
 1292      6720696E 
 1292      7400
 1293              	.LASF31:
 1294 024b 43794465 		.ascii	"CyDelayUs\000"
 1294      6C617955 
 1294      7300
 1295              	.LASF11:
 1296 0255 63686172 		.ascii	"char\000"
 1296      00
 1297              	.LASF30:
 1298 025a 43795379 		.ascii	"CySysClkEcoStart\000"
 1298      73436C6B 
 1298      45636F53 
 1298      74617274 
 1298      00
 1299              	.LASF5:
 1300 026b 73686F72 		.ascii	"short int\000"
 1300      7420696E 
 1300      7400
 1301              	.LASF29:
 1302 0275 43795379 		.ascii	"CySysClkWriteImoFreq\000"
 1302      73436C6B 
 1302      57726974 
 1302      65496D6F 
 1302      46726571 
 1303              	.LASF7:
ARM GAS  C:\Users\jagumiel\AppData\Local\Temp\ccVzh5ym.s 			page 32


 1304 028a 6C6F6E67 		.ascii	"long int\000"
 1304      20696E74 
 1304      00
 1305              	.LASF2:
 1306 0293 6C6F6E67 		.ascii	"long double\000"
 1306      20646F75 
 1306      626C6500 
 1307              	.LASF3:
 1308 029f 7369676E 		.ascii	"signed char\000"
 1308      65642063 
 1308      68617200 
 1309              	.LASF35:
 1310 02ab 47656E65 		.ascii	"Generated_Source\\PSoC4\\cyfitter_cfg.c\000"
 1310      72617465 
 1310      645F536F 
 1310      75726365 
 1310      5C50536F 
 1311              		.ident	"GCC: (GNU Tools for ARM Embedded Processors) 5.4.1 20160609 (release) [ARM/embedded-5-bran
