ARM GAS  C:\Users\jagumiel\AppData\Local\Temp\ccluCK0A.s 			page 1


   1              		.syntax unified
   2              		.cpu cortex-m0
   3              		.fpu softvfp
   4              		.eabi_attribute 20, 1
   5              		.eabi_attribute 21, 1
   6              		.eabi_attribute 23, 3
   7              		.eabi_attribute 24, 1
   8              		.eabi_attribute 25, 1
   9              		.eabi_attribute 26, 1
  10              		.eabi_attribute 30, 1
  11              		.eabi_attribute 34, 0
  12              		.eabi_attribute 18, 4
  13              		.thumb
  14              		.syntax unified
  15              		.file	"main.c"
  16              		.text
  17              	.Ltext0:
  18              		.cfi_sections	.debug_frame
  19              		.section	.text.setOutput,"ax",%progbits
  20              		.align	2
  21              		.global	setOutput
  22              		.code	16
  23              		.thumb_func
  24              		.type	setOutput, %function
  25              	setOutput:
  26              	.LFB35:
  27              		.file 1 "stepperFunctions.h"
   1:stepperFunctions.h **** #include "project.h"
   2:stepperFunctions.h **** 
   3:stepperFunctions.h **** 
   4:stepperFunctions.h **** static int stepCounter = 0;    // Step Counter
   5:stepperFunctions.h **** int stepsPerRev = 4076; // Needed steps for 360 degrees turn.
   6:stepperFunctions.h **** 
   7:stepperFunctions.h **** //Half-Phase Sequence
   8:stepperFunctions.h **** const int numSteps = 8;
   9:stepperFunctions.h **** const _Bool stepsLookup[8][4] = {{1,0,0,0},{1,1,0,0},{0,1,0,0},{0,1,1,0},{0,0,1,0},{0,0,1,1},{0,0,0
  10:stepperFunctions.h ****  
  11:stepperFunctions.h **** 
  12:stepperFunctions.h **** void setOutput(int step){
  28              		.loc 1 12 0
  29              		.cfi_startproc
  30              		@ args = 0, pretend = 0, frame = 0
  31              		@ frame_needed = 0, uses_anonymous_args = 0
  32              	.LVL0:
  33 0000 70B5     		push	{r4, r5, r6, lr}
  34              		.cfi_def_cfa_offset 16
  35              		.cfi_offset 4, -16
  36              		.cfi_offset 5, -12
  37              		.cfi_offset 6, -8
  38              		.cfi_offset 14, -4
  13:stepperFunctions.h ****     motorPin1_Write(stepsLookup[step][0]);
  39              		.loc 1 13 0
  40 0002 084D     		ldr	r5, .L2
  41 0004 8400     		lsls	r4, r0, #2
  42 0006 605D     		ldrb	r0, [r4, r5]
  43              	.LVL1:
  44 0008 FFF7FEFF 		bl	motorPin1_Write
ARM GAS  C:\Users\jagumiel\AppData\Local\Temp\ccluCK0A.s 			page 2


  45              	.LVL2:
  14:stepperFunctions.h ****     motorPin2_Write(stepsLookup[step][1]);
  46              		.loc 1 14 0
  47 000c 2C19     		adds	r4, r5, r4
  48 000e 6078     		ldrb	r0, [r4, #1]
  49 0010 FFF7FEFF 		bl	motorPin2_Write
  50              	.LVL3:
  15:stepperFunctions.h ****     motorPin3_Write(stepsLookup[step][2]);
  51              		.loc 1 15 0
  52 0014 A078     		ldrb	r0, [r4, #2]
  53 0016 FFF7FEFF 		bl	motorPin3_Write
  54              	.LVL4:
  16:stepperFunctions.h ****     motorPin4_Write(stepsLookup[step][3]);
  55              		.loc 1 16 0
  56 001a E078     		ldrb	r0, [r4, #3]
  57 001c FFF7FEFF 		bl	motorPin4_Write
  58              	.LVL5:
  17:stepperFunctions.h **** }
  59              		.loc 1 17 0
  60              		@ sp needed
  61 0020 70BD     		pop	{r4, r5, r6, pc}
  62              	.L3:
  63 0022 C046     		.align	2
  64              	.L2:
  65 0024 00000000 		.word	.LANCHOR0
  66              		.cfi_endproc
  67              	.LFE35:
  68              		.size	setOutput, .-setOutput
  69              		.section	.text.clockwise,"ax",%progbits
  70              		.align	2
  71              		.global	clockwise
  72              		.code	16
  73              		.thumb_func
  74              		.type	clockwise, %function
  75              	clockwise:
  76              	.LFB36:
  18:stepperFunctions.h **** 
  19:stepperFunctions.h **** void clockwise(){
  77              		.loc 1 19 0
  78              		.cfi_startproc
  79              		@ args = 0, pretend = 0, frame = 0
  80              		@ frame_needed = 0, uses_anonymous_args = 0
  81 0000 10B5     		push	{r4, lr}
  82              		.cfi_def_cfa_offset 8
  83              		.cfi_offset 4, -8
  84              		.cfi_offset 14, -4
  20:stepperFunctions.h ****     stepCounter++;
  85              		.loc 1 20 0
  86 0002 074A     		ldr	r2, .L6
  87 0004 1368     		ldr	r3, [r2]
  88 0006 0133     		adds	r3, r3, #1
  89 0008 1360     		str	r3, [r2]
  21:stepperFunctions.h ****     if (stepCounter >= numSteps){
  90              		.loc 1 21 0
  91 000a 072B     		cmp	r3, #7
  92 000c 02DD     		ble	.L5
  22:stepperFunctions.h ****         stepCounter = 0;
ARM GAS  C:\Users\jagumiel\AppData\Local\Temp\ccluCK0A.s 			page 3


  93              		.loc 1 22 0
  94 000e 0022     		movs	r2, #0
  95 0010 034B     		ldr	r3, .L6
  96 0012 1A60     		str	r2, [r3]
  97              	.L5:
  23:stepperFunctions.h ****     }
  24:stepperFunctions.h ****     setOutput(stepCounter);
  98              		.loc 1 24 0
  99 0014 024B     		ldr	r3, .L6
 100 0016 1868     		ldr	r0, [r3]
 101 0018 FFF7FEFF 		bl	setOutput
 102              	.LVL6:
  25:stepperFunctions.h **** }
 103              		.loc 1 25 0
 104              		@ sp needed
 105 001c 10BD     		pop	{r4, pc}
 106              	.L7:
 107 001e C046     		.align	2
 108              	.L6:
 109 0020 00000000 		.word	.LANCHOR1
 110              		.cfi_endproc
 111              	.LFE36:
 112              		.size	clockwise, .-clockwise
 113              		.section	.text.anticlockwise,"ax",%progbits
 114              		.align	2
 115              		.global	anticlockwise
 116              		.code	16
 117              		.thumb_func
 118              		.type	anticlockwise, %function
 119              	anticlockwise:
 120              	.LFB37:
  26:stepperFunctions.h ****  
  27:stepperFunctions.h **** void anticlockwise(){
 121              		.loc 1 27 0
 122              		.cfi_startproc
 123              		@ args = 0, pretend = 0, frame = 0
 124              		@ frame_needed = 0, uses_anonymous_args = 0
 125 0000 10B5     		push	{r4, lr}
 126              		.cfi_def_cfa_offset 8
 127              		.cfi_offset 4, -8
 128              		.cfi_offset 14, -4
  28:stepperFunctions.h ****     stepCounter--;
 129              		.loc 1 28 0
 130 0002 074A     		ldr	r2, .L10
 131 0004 1368     		ldr	r3, [r2]
 132 0006 013B     		subs	r3, r3, #1
 133 0008 1360     		str	r3, [r2]
  29:stepperFunctions.h ****     if (stepCounter < 0){
 134              		.loc 1 29 0
 135 000a 002B     		cmp	r3, #0
 136 000c 02DA     		bge	.L9
  30:stepperFunctions.h ****         stepCounter = numSteps - 1;
 137              		.loc 1 30 0
 138 000e 0722     		movs	r2, #7
 139 0010 034B     		ldr	r3, .L10
 140 0012 1A60     		str	r2, [r3]
 141              	.L9:
ARM GAS  C:\Users\jagumiel\AppData\Local\Temp\ccluCK0A.s 			page 4


  31:stepperFunctions.h ****     }
  32:stepperFunctions.h ****     setOutput(stepCounter);
 142              		.loc 1 32 0
 143 0014 024B     		ldr	r3, .L10
 144 0016 1868     		ldr	r0, [r3]
 145 0018 FFF7FEFF 		bl	setOutput
 146              	.LVL7:
  33:stepperFunctions.h **** }
 147              		.loc 1 33 0
 148              		@ sp needed
 149 001c 10BD     		pop	{r4, pc}
 150              	.L11:
 151 001e C046     		.align	2
 152              	.L10:
 153 0020 00000000 		.word	.LANCHOR1
 154              		.cfi_endproc
 155              	.LFE37:
 156              		.size	anticlockwise, .-anticlockwise
 157              		.section	.text.printMenu,"ax",%progbits
 158              		.align	2
 159              		.global	printMenu
 160              		.code	16
 161              		.thumb_func
 162              		.type	printMenu, %function
 163              	printMenu:
 164              	.LFB38:
 165              		.file 2 "uartFunctions.h"
   1:uartFunctions.h **** #include "project.h"
   2:uartFunctions.h **** #include <stdlib.h> //Needed for atoi() function.
   3:uartFunctions.h **** 
   4:uartFunctions.h **** int degreePosition = 0;
   5:uartFunctions.h **** int rpmSpeed = 6;
   6:uartFunctions.h **** 
   7:uartFunctions.h **** void printMenu(){
 166              		.loc 2 7 0
 167              		.cfi_startproc
 168              		@ args = 0, pretend = 0, frame = 0
 169              		@ frame_needed = 0, uses_anonymous_args = 0
 170 0000 10B5     		push	{r4, lr}
 171              		.cfi_def_cfa_offset 8
 172              		.cfi_offset 4, -8
 173              		.cfi_offset 14, -4
   8:uartFunctions.h ****     UART_UartPutString("=========Motor Control Terminal=========\n\r");
 174              		.loc 2 8 0
 175 0002 0E48     		ldr	r0, .L13
 176 0004 FFF7FEFF 		bl	UART_UartPutString
 177              	.LVL8:
   9:uartFunctions.h ****     UART_UartPutString("*************** Commands ***************\n\r");
 178              		.loc 2 9 0
 179 0008 0D48     		ldr	r0, .L13+4
 180 000a FFF7FEFF 		bl	UART_UartPutString
 181              	.LVL9:
  10:uartFunctions.h ****     UART_UartPutString("\tSX: \tSets the speed.\n\r");
 182              		.loc 2 10 0
 183 000e 0D48     		ldr	r0, .L13+8
 184 0010 FFF7FEFF 		bl	UART_UartPutString
 185              	.LVL10:
ARM GAS  C:\Users\jagumiel\AppData\Local\Temp\ccluCK0A.s 			page 5


  11:uartFunctions.h ****     UART_UartPutString("\t\tX must be comprehended\n\r");
 186              		.loc 2 11 0
 187 0014 0C4C     		ldr	r4, .L13+12
 188 0016 2000     		movs	r0, r4
 189 0018 FFF7FEFF 		bl	UART_UartPutString
 190              	.LVL11:
  12:uartFunctions.h ****     UART_UartPutString("\t\tbetween 1 and 6 rpms.\n\r");
 191              		.loc 2 12 0
 192 001c 0B48     		ldr	r0, .L13+16
 193 001e FFF7FEFF 		bl	UART_UartPutString
 194              	.LVL12:
  13:uartFunctions.h ****     UART_UartPutString("\n\tMX: \tSets the position.\n\r");
 195              		.loc 2 13 0
 196 0022 0B48     		ldr	r0, .L13+20
 197 0024 FFF7FEFF 		bl	UART_UartPutString
 198              	.LVL13:
  14:uartFunctions.h ****     UART_UartPutString("\t\tX must be comprehended\n\r");
 199              		.loc 2 14 0
 200 0028 2000     		movs	r0, r4
 201 002a FFF7FEFF 		bl	UART_UartPutString
 202              	.LVL14:
  15:uartFunctions.h ****     UART_UartPutString("\t\tbetween 0ยบ and 999ยบ.\n\r");
 203              		.loc 2 15 0
 204 002e 0948     		ldr	r0, .L13+24
 205 0030 FFF7FEFF 		bl	UART_UartPutString
 206              	.LVL15:
  16:uartFunctions.h ****     UART_UartPutString("========================================\n\r");
 207              		.loc 2 16 0
 208 0034 0848     		ldr	r0, .L13+28
 209 0036 FFF7FEFF 		bl	UART_UartPutString
 210              	.LVL16:
  17:uartFunctions.h **** }
 211              		.loc 2 17 0
 212              		@ sp needed
 213 003a 10BD     		pop	{r4, pc}
 214              	.L14:
 215              		.align	2
 216              	.L13:
 217 003c 00000000 		.word	.LC3
 218 0040 2C000000 		.word	.LC5
 219 0044 58000000 		.word	.LC7
 220 0048 70000000 		.word	.LC9
 221 004c 8C000000 		.word	.LC11
 222 0050 A8000000 		.word	.LC13
 223 0054 C4000000 		.word	.LC15
 224 0058 E0000000 		.word	.LC17
 225              		.cfi_endproc
 226              	.LFE38:
 227              		.size	printMenu, .-printMenu
 228              		.section	.text.getData,"ax",%progbits
 229              		.align	2
 230              		.global	getData
 231              		.code	16
 232              		.thumb_func
 233              		.type	getData, %function
 234              	getData:
 235              	.LFB39:
ARM GAS  C:\Users\jagumiel\AppData\Local\Temp\ccluCK0A.s 			page 6


  18:uartFunctions.h **** 
  19:uartFunctions.h **** _Bool getData(){
 236              		.loc 2 19 0
 237              		.cfi_startproc
 238              		@ args = 0, pretend = 0, frame = 8
 239              		@ frame_needed = 0, uses_anonymous_args = 0
 240 0000 30B5     		push	{r4, r5, lr}
 241              		.cfi_def_cfa_offset 12
 242              		.cfi_offset 4, -12
 243              		.cfi_offset 5, -8
 244              		.cfi_offset 14, -4
 245 0002 83B0     		sub	sp, sp, #12
 246              		.cfi_def_cfa_offset 24
  20:uartFunctions.h **** 	char charCMD;
  21:uartFunctions.h **** 	char charData;
  22:uartFunctions.h **** 	char cop;
  23:uartFunctions.h **** 	char arrayData[3];
  24:uartFunctions.h **** 	int i;
  25:uartFunctions.h **** 	
  26:uartFunctions.h **** 	charCMD = UART_UartGetChar();    // this command Gets then clears to 0u
 247              		.loc 2 26 0
 248 0004 FFF7FEFF 		bl	UART_UartGetChar
 249              	.LVL17:
 250 0008 C0B2     		uxtb	r0, r0
 251              	.LVL18:
  27:uartFunctions.h **** 	i = 0;
  28:uartFunctions.h **** 	
  29:uartFunctions.h **** 	if (charCMD == 'M' || charCMD == 'S'){
 252              		.loc 2 29 0
 253 000a 4D28     		cmp	r0, #77
 254 000c 01D0     		beq	.L16
 255              		.loc 2 29 0 is_stmt 0 discriminator 1
 256 000e 5328     		cmp	r0, #83
 257 0010 60D1     		bne	.L31
 258              	.L16:
  30:uartFunctions.h **** 		if (charCMD == 'M'){
 259              		.loc 2 30 0 is_stmt 1
 260 0012 4D28     		cmp	r0, #77
 261 0014 01D1     		bne	.L32
  31:uartFunctions.h **** 			cop = 'M';  //Movement
 262              		.loc 2 31 0
 263 0016 4D25     		movs	r5, #77
 264 0018 00E0     		b	.L18
 265              	.L32:
  32:uartFunctions.h **** 		}else{
  33:uartFunctions.h **** 			cop = 'S';  //Speed		
 266              		.loc 2 33 0
 267 001a 5325     		movs	r5, #83
 268              	.L18:
  34:uartFunctions.h **** 		}
  35:uartFunctions.h **** 		while (cop != 'X'){
  36:uartFunctions.h **** 			charData = UART_UartGetChar();
  37:uartFunctions.h **** 			if ((charData != 0u)){
  38:uartFunctions.h **** 				/* Only digits will be processed. Any other char will be omitted. */
  39:uartFunctions.h **** 				if( charData >= '0' && charData <= '9' ){
  40:uartFunctions.h **** 					arrayData[i] = charData;
  41:uartFunctions.h **** 					i++;
ARM GAS  C:\Users\jagumiel\AppData\Local\Temp\ccluCK0A.s 			page 7


  42:uartFunctions.h **** 				}
  43:uartFunctions.h **** 			}
  44:uartFunctions.h **** 			/* If the array is completed, then the introduced value us printed on screen and the leds are se
  45:uartFunctions.h **** 			if ((i==3 && cop=='M') ||(i==1 && cop=='S')){
  46:uartFunctions.h ****                 if(cop=='M'){
  47:uartFunctions.h ****                     UART_UartPutString("The position is: ");
  48:uartFunctions.h ****     				UART_UartPutString(arrayData);
  49:uartFunctions.h ****     				UART_UartPutChar('\n');
  50:uartFunctions.h ****     				UART_UartPutChar('\r');
  51:uartFunctions.h ****                     degreePosition=atoi(arrayData);
  52:uartFunctions.h ****                 }else if (cop=='S'){
  53:uartFunctions.h ****                     rpmSpeed=atoi(arrayData);
  54:uartFunctions.h ****                     if(rpmSpeed>6){
  55:uartFunctions.h ****                         rpmSpeed=6;
  56:uartFunctions.h ****                         UART_UartPutString("Invalid speed. Setted to 6rpm.\r\n");
  57:uartFunctions.h ****                     }else if(rpmSpeed<1){
  58:uartFunctions.h ****                         rpmSpeed=1;
  59:uartFunctions.h ****                         UART_UartPutString("Invalid speed. Setted to 1rpm.\r\n");
  60:uartFunctions.h ****                     }else{
  61:uartFunctions.h ****                         UART_UartPutString("The speed is: ");
  62:uartFunctions.h ****         				UART_UartPutString(arrayData);
  63:uartFunctions.h ****         				UART_UartPutChar('\n');
  64:uartFunctions.h ****         				UART_UartPutChar('\r');
  65:uartFunctions.h ****                     }
  66:uartFunctions.h ****                 
  67:uartFunctions.h ****                 }
  68:uartFunctions.h **** 				for(int i=0; i<3; i++)
  69:uartFunctions.h **** 					arrayData[i] = 0u;
  70:uartFunctions.h **** 				cop = 'X';//X means Undefined. Breaks loop condition.
 269              		.loc 2 70 0
 270 001c 0024     		movs	r4, #0
 271 001e 55E0     		b	.L19
 272              	.LVL19:
 273              	.L30:
  36:uartFunctions.h **** 			if ((charData != 0u)){
 274              		.loc 2 36 0
 275 0020 FFF7FEFF 		bl	UART_UartGetChar
 276              	.LVL20:
 277 0024 C0B2     		uxtb	r0, r0
 278              	.LVL21:
  37:uartFunctions.h **** 				/* Only digits will be processed. Any other char will be omitted. */
 279              		.loc 2 37 0
 280 0026 0028     		cmp	r0, #0
 281 0028 07D0     		beq	.L20
  39:uartFunctions.h **** 					arrayData[i] = charData;
 282              		.loc 2 39 0
 283 002a 0300     		movs	r3, r0
 284 002c 303B     		subs	r3, r3, #48
 285 002e DBB2     		uxtb	r3, r3
 286 0030 092B     		cmp	r3, #9
 287 0032 02D8     		bhi	.L20
  40:uartFunctions.h **** 					i++;
 288              		.loc 2 40 0
 289 0034 01AB     		add	r3, sp, #4
 290 0036 1855     		strb	r0, [r3, r4]
  41:uartFunctions.h **** 				}
 291              		.loc 2 41 0
ARM GAS  C:\Users\jagumiel\AppData\Local\Temp\ccluCK0A.s 			page 8


 292 0038 0134     		adds	r4, r4, #1
 293              	.LVL22:
 294              	.L20:
  45:uartFunctions.h ****                 if(cop=='M'){
 295              		.loc 2 45 0
 296 003a 032C     		cmp	r4, #3
 297 003c 01D1     		bne	.L21
  45:uartFunctions.h ****                 if(cop=='M'){
 298              		.loc 2 45 0 is_stmt 0 discriminator 1
 299 003e 4D2D     		cmp	r5, #77
 300 0040 03D0     		beq	.L22
 301              	.L21:
  45:uartFunctions.h ****                 if(cop=='M'){
 302              		.loc 2 45 0 discriminator 3
 303 0042 012C     		cmp	r4, #1
 304 0044 42D1     		bne	.L19
  45:uartFunctions.h ****                 if(cop=='M'){
 305              		.loc 2 45 0 discriminator 4
 306 0046 532D     		cmp	r5, #83
 307 0048 40D1     		bne	.L19
 308              	.L22:
  46:uartFunctions.h ****                     UART_UartPutString("The position is: ");
 309              		.loc 2 46 0 is_stmt 1
 310 004a 4D2D     		cmp	r5, #77
 311 004c 11D1     		bne	.L24
  47:uartFunctions.h ****     				UART_UartPutString(arrayData);
 312              		.loc 2 47 0
 313 004e 2348     		ldr	r0, .L33
 314              	.LVL23:
 315 0050 FFF7FEFF 		bl	UART_UartPutString
 316              	.LVL24:
  48:uartFunctions.h ****     				UART_UartPutChar('\n');
 317              		.loc 2 48 0
 318 0054 01A8     		add	r0, sp, #4
 319 0056 FFF7FEFF 		bl	UART_UartPutString
 320              	.LVL25:
  49:uartFunctions.h ****     				UART_UartPutChar('\r');
 321              		.loc 2 49 0
 322 005a 0A20     		movs	r0, #10
 323 005c FFF7FEFF 		bl	UART_SpiUartWriteTxData
 324              	.LVL26:
  50:uartFunctions.h ****                     degreePosition=atoi(arrayData);
 325              		.loc 2 50 0
 326 0060 0D20     		movs	r0, #13
 327 0062 FFF7FEFF 		bl	UART_SpiUartWriteTxData
 328              	.LVL27:
  51:uartFunctions.h ****                 }else if (cop=='S'){
 329              		.loc 2 51 0
 330 0066 01A8     		add	r0, sp, #4
 331 0068 FFF7FEFF 		bl	atoi
 332              	.LVL28:
 333 006c 1C4B     		ldr	r3, .L33+4
 334 006e 5860     		str	r0, [r3, #4]
 335 0070 0DE0     		b	.L25
 336              	.LVL29:
 337              	.L24:
  52:uartFunctions.h ****                     rpmSpeed=atoi(arrayData);
ARM GAS  C:\Users\jagumiel\AppData\Local\Temp\ccluCK0A.s 			page 9


 338              		.loc 2 52 0
 339 0072 532D     		cmp	r5, #83
 340 0074 0BD1     		bne	.L25
  53:uartFunctions.h ****                     if(rpmSpeed>6){
 341              		.loc 2 53 0
 342 0076 01A8     		add	r0, sp, #4
 343              	.LVL30:
 344 0078 FFF7FEFF 		bl	atoi
 345              	.LVL31:
 346 007c 194B     		ldr	r3, .L33+8
 347 007e 1860     		str	r0, [r3]
  54:uartFunctions.h ****                         rpmSpeed=6;
 348              		.loc 2 54 0
 349 0080 0628     		cmp	r0, #6
 350 0082 06DD     		ble	.L26
  55:uartFunctions.h ****                         UART_UartPutString("Invalid speed. Setted to 6rpm.\r\n");
 351              		.loc 2 55 0
 352 0084 0622     		movs	r2, #6
 353 0086 1A60     		str	r2, [r3]
  56:uartFunctions.h ****                     }else if(rpmSpeed<1){
 354              		.loc 2 56 0
 355 0088 1748     		ldr	r0, .L33+12
 356 008a FFF7FEFF 		bl	UART_UartPutString
 357              	.LVL32:
 358              	.L25:
  33:uartFunctions.h **** 		}
 359              		.loc 2 33 0 discriminator 1
 360 008e 0023     		movs	r3, #0
 361 0090 19E0     		b	.L27
 362              	.L26:
  57:uartFunctions.h ****                         rpmSpeed=1;
 363              		.loc 2 57 0
 364 0092 0028     		cmp	r0, #0
 365 0094 06DC     		bgt	.L28
  58:uartFunctions.h ****                         UART_UartPutString("Invalid speed. Setted to 1rpm.\r\n");
 366              		.loc 2 58 0
 367 0096 0122     		movs	r2, #1
 368 0098 124B     		ldr	r3, .L33+8
 369 009a 1A60     		str	r2, [r3]
  59:uartFunctions.h ****                     }else{
 370              		.loc 2 59 0
 371 009c 1348     		ldr	r0, .L33+16
 372 009e FFF7FEFF 		bl	UART_UartPutString
 373              	.LVL33:
 374 00a2 F4E7     		b	.L25
 375              	.L28:
  61:uartFunctions.h ****         				UART_UartPutString(arrayData);
 376              		.loc 2 61 0
 377 00a4 1248     		ldr	r0, .L33+20
 378 00a6 FFF7FEFF 		bl	UART_UartPutString
 379              	.LVL34:
  62:uartFunctions.h ****         				UART_UartPutChar('\n');
 380              		.loc 2 62 0
 381 00aa 01A8     		add	r0, sp, #4
 382 00ac FFF7FEFF 		bl	UART_UartPutString
 383              	.LVL35:
  63:uartFunctions.h ****         				UART_UartPutChar('\r');
ARM GAS  C:\Users\jagumiel\AppData\Local\Temp\ccluCK0A.s 			page 10


 384              		.loc 2 63 0
 385 00b0 0A20     		movs	r0, #10
 386 00b2 FFF7FEFF 		bl	UART_SpiUartWriteTxData
 387              	.LVL36:
  64:uartFunctions.h ****                     }
 388              		.loc 2 64 0
 389 00b6 0D20     		movs	r0, #13
 390 00b8 FFF7FEFF 		bl	UART_SpiUartWriteTxData
 391              	.LVL37:
 392 00bc E7E7     		b	.L25
 393              	.LVL38:
 394              	.L29:
 395              	.LBB2:
  69:uartFunctions.h **** 				cop = 'X';//X means Undefined. Breaks loop condition.
 396              		.loc 2 69 0 discriminator 3
 397 00be 0021     		movs	r1, #0
 398 00c0 01AA     		add	r2, sp, #4
 399 00c2 D154     		strb	r1, [r2, r3]
  68:uartFunctions.h **** 					arrayData[i] = 0u;
 400              		.loc 2 68 0 discriminator 3
 401 00c4 0133     		adds	r3, r3, #1
 402              	.LVL39:
 403              	.L27:
  68:uartFunctions.h **** 					arrayData[i] = 0u;
 404              		.loc 2 68 0 is_stmt 0 discriminator 1
 405 00c6 022B     		cmp	r3, #2
 406 00c8 F9DD     		ble	.L29
 407              	.LBE2:
 408              		.loc 2 70 0 is_stmt 1
 409 00ca 5825     		movs	r5, #88
 410              	.LVL40:
 411              	.L19:
  35:uartFunctions.h **** 			charData = UART_UartGetChar();
 412              		.loc 2 35 0
 413 00cc 582D     		cmp	r5, #88
 414 00ce A7D1     		bne	.L30
  71:uartFunctions.h **** 			}
  72:uartFunctions.h **** 		}
  73:uartFunctions.h **** 		return 1;
 415              		.loc 2 73 0
 416 00d0 0120     		movs	r0, #1
 417 00d2 00E0     		b	.L17
 418              	.LVL41:
 419              	.L31:
  74:uartFunctions.h **** 	}
  75:uartFunctions.h ****     return 0;
 420              		.loc 2 75 0
 421 00d4 0020     		movs	r0, #0
 422              	.LVL42:
 423              	.L17:
  76:uartFunctions.h **** }
 424              		.loc 2 76 0
 425 00d6 03B0     		add	sp, sp, #12
 426              		@ sp needed
 427 00d8 30BD     		pop	{r4, r5, pc}
 428              	.L34:
 429 00da C046     		.align	2
ARM GAS  C:\Users\jagumiel\AppData\Local\Temp\ccluCK0A.s 			page 11


 430              	.L33:
 431 00dc 0C010000 		.word	.LC19
 432 00e0 00000000 		.word	.LANCHOR1
 433 00e4 00000000 		.word	.LANCHOR2
 434 00e8 20010000 		.word	.LC23
 435 00ec 44010000 		.word	.LC25
 436 00f0 68010000 		.word	.LC27
 437              		.cfi_endproc
 438              	.LFE39:
 439              		.size	getData, .-getData
 440              		.global	__aeabi_idiv
 441              		.section	.text.setPosition,"ax",%progbits
 442              		.align	2
 443              		.global	setPosition
 444              		.code	16
 445              		.thumb_func
 446              		.type	setPosition, %function
 447              	setPosition:
 448              	.LFB40:
 449              		.file 3 "main.c"
   1:main.c        **** /* ===========Stepper Motor Test===========
   2:main.c        ****  *
   3:main.c        ****  * This program is used with the 28BYJ-48
   4:main.c        ****  * stepper motor and the ULN2003A driver.
   5:main.c        ****  *
   6:main.c        ****  * It is a demo to control a stepper motor
   7:main.c        ****  * using UART communication. User can give
   8:main.c        ****  * the program a desired angle and rotation
   9:main.c        ****  * speed.
  10:main.c        ****  *
  11:main.c        ****  * ========================================
  12:main.c        **** */
  13:main.c        **** 
  14:main.c        **** #include "stepperFunctions.h"
  15:main.c        **** #include "uartFunctions.h"
  16:main.c        **** 
  17:main.c        **** 
  18:main.c        **** //Var Definition
  19:main.c        **** int motorSpeed=2;       // Variable to set the speed.
  20:main.c        **** int motorPosition=0;    // Which is the motor position.
  21:main.c        **** int desiredPosition=0;  // Which is the position wanted for the motor.
  22:main.c        **** int steps=0;            // How many steps are needed to reach the desired position.
  23:main.c        **** 
  24:main.c        **** void setPosition(int posDegrees){
 450              		.loc 3 24 0
 451              		.cfi_startproc
 452              		@ args = 0, pretend = 0, frame = 0
 453              		@ frame_needed = 0, uses_anonymous_args = 0
 454              	.LVL43:
 455 0000 10B5     		push	{r4, lr}
 456              		.cfi_def_cfa_offset 8
 457              		.cfi_offset 4, -8
 458              		.cfi_offset 14, -4
  25:main.c        ****     desiredPosition=(posDegrees*stepsPerRev)/360;
 459              		.loc 3 25 0
 460 0002 054B     		ldr	r3, .L36
 461 0004 5B68     		ldr	r3, [r3, #4]
ARM GAS  C:\Users\jagumiel\AppData\Local\Temp\ccluCK0A.s 			page 12


 462 0006 5843     		muls	r0, r3
 463              	.LVL44:
 464 0008 B421     		movs	r1, #180
 465 000a 4900     		lsls	r1, r1, #1
 466 000c FFF7FEFF 		bl	__aeabi_idiv
 467              	.LVL45:
 468 0010 024B     		ldr	r3, .L36+4
 469 0012 9860     		str	r0, [r3, #8]
  26:main.c        **** }
 470              		.loc 3 26 0
 471              		@ sp needed
 472 0014 10BD     		pop	{r4, pc}
 473              	.L37:
 474 0016 C046     		.align	2
 475              	.L36:
 476 0018 00000000 		.word	.LANCHOR2
 477 001c 00000000 		.word	.LANCHOR1
 478              		.cfi_endproc
 479              	.LFE40:
 480              		.size	setPosition, .-setPosition
 481              		.section	.text.setSpeed,"ax",%progbits
 482              		.align	2
 483              		.global	setSpeed
 484              		.code	16
 485              		.thumb_func
 486              		.type	setSpeed, %function
 487              	setSpeed:
 488              	.LFB41:
  27:main.c        **** 
  28:main.c        **** void setSpeed(int speedRPMs){
 489              		.loc 3 28 0
 490              		.cfi_startproc
 491              		@ args = 0, pretend = 0, frame = 0
 492              		@ frame_needed = 0, uses_anonymous_args = 0
 493              	.LVL46:
 494 0000 10B5     		push	{r4, lr}
 495              		.cfi_def_cfa_offset 8
 496              		.cfi_offset 4, -8
 497              		.cfi_offset 14, -4
 498 0002 0100     		movs	r1, r0
  29:main.c        ****     motorSpeed=((6*2)/speedRPMs);
 499              		.loc 3 29 0
 500 0004 0C20     		movs	r0, #12
 501              	.LVL47:
 502 0006 FFF7FEFF 		bl	__aeabi_idiv
 503              	.LVL48:
 504 000a 014B     		ldr	r3, .L39
 505 000c 9860     		str	r0, [r3, #8]
  30:main.c        **** }
 506              		.loc 3 30 0
 507              		@ sp needed
 508 000e 10BD     		pop	{r4, pc}
 509              	.L40:
 510              		.align	2
 511              	.L39:
 512 0010 00000000 		.word	.LANCHOR2
 513              		.cfi_endproc
ARM GAS  C:\Users\jagumiel\AppData\Local\Temp\ccluCK0A.s 			page 13


 514              	.LFE41:
 515              		.size	setSpeed, .-setSpeed
 516              		.section	.text.main,"ax",%progbits
 517              		.align	2
 518              		.global	main
 519              		.code	16
 520              		.thumb_func
 521              		.type	main, %function
 522              	main:
 523              	.LFB42:
  31:main.c        ****  
  32:main.c        **** int main(void){
 524              		.loc 3 32 0
 525              		.cfi_startproc
 526              		@ args = 0, pretend = 0, frame = 0
 527              		@ frame_needed = 0, uses_anonymous_args = 0
 528 0000 10B5     		push	{r4, lr}
 529              		.cfi_def_cfa_offset 8
 530              		.cfi_offset 4, -8
 531              		.cfi_offset 14, -4
  33:main.c        ****     CyGlobalIntEnable; /* Enable global interrupts. */
 532              		.loc 3 33 0
 533              		.syntax divided
 534              	@ 33 "main.c" 1
 535 0002 62B6     		CPSIE   i
 536              	@ 0 "" 2
  34:main.c        ****     UART_Start();
 537              		.loc 3 34 0
 538              		.thumb
 539              		.syntax unified
 540 0004 FFF7FEFF 		bl	UART_Start
 541              	.LVL49:
  35:main.c        ****     printMenu();
 542              		.loc 3 35 0
 543 0008 FFF7FEFF 		bl	printMenu
 544              	.LVL50:
 545              	.L48:
  36:main.c        ****     for(;;){
  37:main.c        ****         if(getData()==1){
 546              		.loc 3 37 0
 547 000c FFF7FEFF 		bl	getData
 548              	.LVL51:
 549 0010 0028     		cmp	r0, #0
 550 0012 38D0     		beq	.L42
  38:main.c        ****             setPosition(degreePosition);
 551              		.loc 3 38 0
 552 0014 1E4C     		ldr	r4, .L49
 553 0016 6068     		ldr	r0, [r4, #4]
 554 0018 FFF7FEFF 		bl	setPosition
 555              	.LVL52:
  39:main.c        ****             setSpeed(rpmSpeed);
 556              		.loc 3 39 0
 557 001c 1D4B     		ldr	r3, .L49+4
 558 001e 1868     		ldr	r0, [r3]
 559 0020 FFF7FEFF 		bl	setSpeed
 560              	.LVL53:
  40:main.c        ****             /*Probably the following code could be replaced by an ISR.*/
ARM GAS  C:\Users\jagumiel\AppData\Local\Temp\ccluCK0A.s 			page 14


  41:main.c        ****             if(motorPosition<desiredPosition){
 561              		.loc 3 41 0
 562 0024 E268     		ldr	r2, [r4, #12]
 563 0026 A368     		ldr	r3, [r4, #8]
 564 0028 9A42     		cmp	r2, r3
 565 002a 13DA     		bge	.L43
  42:main.c        ****                 steps=desiredPosition-motorPosition;
 566              		.loc 3 42 0
 567 002c 9B1A     		subs	r3, r3, r2
 568 002e 184A     		ldr	r2, .L49
 569 0030 1361     		str	r3, [r2, #16]
 570              	.LVL54:
 571              	.LBB3:
  43:main.c        ****                 for (int i=0; i<steps; i++){
 572              		.loc 3 43 0
 573 0032 0024     		movs	r4, #0
 574 0034 0AE0     		b	.L44
 575              	.LVL55:
 576              	.L45:
  44:main.c        ****                     clockwise();
 577              		.loc 3 44 0 discriminator 3
 578 0036 FFF7FEFF 		bl	clockwise
 579              	.LVL56:
  45:main.c        ****                     CyDelay(motorSpeed);
 580              		.loc 3 45 0 discriminator 3
 581 003a 164B     		ldr	r3, .L49+4
 582 003c 9868     		ldr	r0, [r3, #8]
 583 003e FFF7FEFF 		bl	CyDelay
 584              	.LVL57:
  46:main.c        ****                     motorPosition++;
 585              		.loc 3 46 0 discriminator 3
 586 0042 134A     		ldr	r2, .L49
 587 0044 D368     		ldr	r3, [r2, #12]
 588 0046 0133     		adds	r3, r3, #1
 589 0048 D360     		str	r3, [r2, #12]
  43:main.c        ****                     clockwise();
 590              		.loc 3 43 0 discriminator 3
 591 004a 0134     		adds	r4, r4, #1
 592              	.LVL58:
 593              	.L44:
  43:main.c        ****                     clockwise();
 594              		.loc 3 43 0 is_stmt 0 discriminator 1
 595 004c 104B     		ldr	r3, .L49
 596 004e 1B69     		ldr	r3, [r3, #16]
 597 0050 9C42     		cmp	r4, r3
 598 0052 F0DB     		blt	.L45
 599              	.LVL59:
 600              	.L43:
 601              	.LBE3:
  47:main.c        ****                 }
  48:main.c        ****             }
  49:main.c        ****             if(motorPosition>desiredPosition){
 602              		.loc 3 49 0 is_stmt 1
 603 0054 0E4A     		ldr	r2, .L49
 604 0056 D368     		ldr	r3, [r2, #12]
 605 0058 9268     		ldr	r2, [r2, #8]
 606 005a 9342     		cmp	r3, r2
ARM GAS  C:\Users\jagumiel\AppData\Local\Temp\ccluCK0A.s 			page 15


 607 005c 13DD     		ble	.L42
  50:main.c        ****                 steps=motorPosition-desiredPosition;
 608              		.loc 3 50 0
 609 005e 9B1A     		subs	r3, r3, r2
 610 0060 0B4A     		ldr	r2, .L49
 611 0062 1361     		str	r3, [r2, #16]
 612              	.LVL60:
 613              	.LBB4:
  51:main.c        ****                 for (int i = 0; i < steps; i++){
 614              		.loc 3 51 0
 615 0064 0024     		movs	r4, #0
 616 0066 0AE0     		b	.L46
 617              	.LVL61:
 618              	.L47:
  52:main.c        ****                     anticlockwise();
 619              		.loc 3 52 0 discriminator 3
 620 0068 FFF7FEFF 		bl	anticlockwise
 621              	.LVL62:
  53:main.c        ****                     CyDelay(motorSpeed);
 622              		.loc 3 53 0 discriminator 3
 623 006c 094B     		ldr	r3, .L49+4
 624 006e 9868     		ldr	r0, [r3, #8]
 625 0070 FFF7FEFF 		bl	CyDelay
 626              	.LVL63:
  54:main.c        ****                     motorPosition--;
 627              		.loc 3 54 0 discriminator 3
 628 0074 064A     		ldr	r2, .L49
 629 0076 D368     		ldr	r3, [r2, #12]
 630 0078 013B     		subs	r3, r3, #1
 631 007a D360     		str	r3, [r2, #12]
  51:main.c        ****                     anticlockwise();
 632              		.loc 3 51 0 discriminator 3
 633 007c 0134     		adds	r4, r4, #1
 634              	.LVL64:
 635              	.L46:
  51:main.c        ****                     anticlockwise();
 636              		.loc 3 51 0 is_stmt 0 discriminator 1
 637 007e 044B     		ldr	r3, .L49
 638 0080 1B69     		ldr	r3, [r3, #16]
 639 0082 9C42     		cmp	r4, r3
 640 0084 F0DB     		blt	.L47
 641              	.LVL65:
 642              	.L42:
 643              	.LBE4:
  55:main.c        ****                 }
  56:main.c        ****             }
  57:main.c        ****         }
  58:main.c        ****         CyDelay(500);
 644              		.loc 3 58 0 is_stmt 1
 645 0086 FA20     		movs	r0, #250
 646 0088 4000     		lsls	r0, r0, #1
 647 008a FFF7FEFF 		bl	CyDelay
 648              	.LVL66:
  59:main.c        ****     }
 649              		.loc 3 59 0
 650 008e BDE7     		b	.L48
 651              	.L50:
ARM GAS  C:\Users\jagumiel\AppData\Local\Temp\ccluCK0A.s 			page 16


 652              		.align	2
 653              	.L49:
 654 0090 00000000 		.word	.LANCHOR1
 655 0094 00000000 		.word	.LANCHOR2
 656              		.cfi_endproc
 657              	.LFE42:
 658              		.size	main, .-main
 659              		.global	steps
 660              		.global	desiredPosition
 661              		.global	motorPosition
 662              		.global	motorSpeed
 663              		.global	rpmSpeed
 664              		.global	degreePosition
 665              		.global	stepsLookup
 666              		.global	numSteps
 667              		.global	stepsPerRev
 668              		.section	.rodata
 669              		.align	2
 670              		.set	.LANCHOR0,. + 0
 671              		.type	stepsLookup, %object
 672              		.size	stepsLookup, 32
 673              	stepsLookup:
 674 0000 01       		.byte	1
 675 0001 00       		.byte	0
 676 0002 00       		.byte	0
 677 0003 00       		.byte	0
 678 0004 01       		.byte	1
 679 0005 01       		.byte	1
 680 0006 00       		.byte	0
 681 0007 00       		.byte	0
 682 0008 00       		.byte	0
 683 0009 01       		.byte	1
 684 000a 00       		.byte	0
 685 000b 00       		.byte	0
 686 000c 00       		.byte	0
 687 000d 01       		.byte	1
 688 000e 01       		.byte	1
 689 000f 00       		.byte	0
 690 0010 00       		.byte	0
 691 0011 00       		.byte	0
 692 0012 01       		.byte	1
 693 0013 00       		.byte	0
 694 0014 00       		.byte	0
 695 0015 00       		.byte	0
 696 0016 01       		.byte	1
 697 0017 01       		.byte	1
 698 0018 00       		.byte	0
 699 0019 00       		.byte	0
 700 001a 00       		.byte	0
 701 001b 01       		.byte	1
 702 001c 01       		.byte	1
 703 001d 00       		.byte	0
 704 001e 00       		.byte	0
 705 001f 01       		.byte	1
 706              		.type	numSteps, %object
 707              		.size	numSteps, 4
 708              	numSteps:
ARM GAS  C:\Users\jagumiel\AppData\Local\Temp\ccluCK0A.s 			page 17


 709 0020 08000000 		.word	8
 710              		.data
 711              		.align	2
 712              		.set	.LANCHOR2,. + 0
 713              		.type	rpmSpeed, %object
 714              		.size	rpmSpeed, 4
 715              	rpmSpeed:
 716 0000 06000000 		.word	6
 717              		.type	stepsPerRev, %object
 718              		.size	stepsPerRev, 4
 719              	stepsPerRev:
 720 0004 EC0F0000 		.word	4076
 721              		.type	motorSpeed, %object
 722              		.size	motorSpeed, 4
 723              	motorSpeed:
 724 0008 02000000 		.word	2
 725              		.section	.rodata.str1.4,"aMS",%progbits,1
 726              		.align	2
 727              	.LC3:
 728 0000 3D3D3D3D 		.ascii	"=========Motor Control Terminal=========\012\015\000"
 728      3D3D3D3D 
 728      3D4D6F74 
 728      6F722043 
 728      6F6E7472 
 729 002b 00       		.space	1
 730              	.LC5:
 731 002c 2A2A2A2A 		.ascii	"*************** Commands ***************\012\015\000"
 731      2A2A2A2A 
 731      2A2A2A2A 
 731      2A2A2A20 
 731      436F6D6D 
 732 0057 00       		.space	1
 733              	.LC7:
 734 0058 0953583A 		.ascii	"\011SX: \011Sets the speed.\012\015\000"
 734      20095365 
 734      74732074 
 734      68652073 
 734      70656564 
 735              	.LC9:
 736 0070 09095820 		.ascii	"\011\011X must be comprehended\012\015\000"
 736      6D757374 
 736      20626520 
 736      636F6D70 
 736      72656865 
 737 008b 00       		.space	1
 738              	.LC11:
 739 008c 09096265 		.ascii	"\011\011between 1 and 6 rpms.\012\015\000"
 739      74776565 
 739      6E203120 
 739      616E6420 
 739      36207270 
 740 00a6 0000     		.space	2
 741              	.LC13:
 742 00a8 0A094D58 		.ascii	"\012\011MX: \011Sets the position.\012\015\000"
 742      3A200953 
 742      65747320 
 742      74686520 
ARM GAS  C:\Users\jagumiel\AppData\Local\Temp\ccluCK0A.s 			page 18


 742      706F7369 
 743              	.LC15:
 744 00c4 09096265 		.ascii	"\011\011between 0\302\272 and 999\302\272.\012\015\000"
 744      74776565 
 744      6E2030C2 
 744      BA20616E 
 744      64203939 
 745 00df 00       		.space	1
 746              	.LC17:
 747 00e0 3D3D3D3D 		.ascii	"========================================\012\015\000"
 747      3D3D3D3D 
 747      3D3D3D3D 
 747      3D3D3D3D 
 747      3D3D3D3D 
 748 010b 00       		.space	1
 749              	.LC19:
 750 010c 54686520 		.ascii	"The position is: \000"
 750      706F7369 
 750      74696F6E 
 750      2069733A 
 750      2000
 751 011e 0000     		.space	2
 752              	.LC23:
 753 0120 496E7661 		.ascii	"Invalid speed. Setted to 6rpm.\015\012\000"
 753      6C696420 
 753      73706565 
 753      642E2053 
 753      65747465 
 754 0141 000000   		.space	3
 755              	.LC25:
 756 0144 496E7661 		.ascii	"Invalid speed. Setted to 1rpm.\015\012\000"
 756      6C696420 
 756      73706565 
 756      642E2053 
 756      65747465 
 757 0165 000000   		.space	3
 758              	.LC27:
 759 0168 54686520 		.ascii	"The speed is: \000"
 759      73706565 
 759      64206973 
 759      3A2000
 760              		.bss
 761              		.align	2
 762              		.set	.LANCHOR1,. + 0
 763              		.type	stepCounter, %object
 764              		.size	stepCounter, 4
 765              	stepCounter:
 766 0000 00000000 		.space	4
 767              		.type	degreePosition, %object
 768              		.size	degreePosition, 4
 769              	degreePosition:
 770 0004 00000000 		.space	4
 771              		.type	desiredPosition, %object
 772              		.size	desiredPosition, 4
 773              	desiredPosition:
 774 0008 00000000 		.space	4
 775              		.type	motorPosition, %object
ARM GAS  C:\Users\jagumiel\AppData\Local\Temp\ccluCK0A.s 			page 19


 776              		.size	motorPosition, 4
 777              	motorPosition:
 778 000c 00000000 		.space	4
 779              		.type	steps, %object
 780              		.size	steps, 4
 781              	steps:
 782 0010 00000000 		.space	4
 783              		.text
 784              	.Letext0:
 785              		.file 4 "Generated_Source\\PSoC4/motorPin1.h"
 786              		.file 5 "Generated_Source\\PSoC4/motorPin2.h"
 787              		.file 6 "Generated_Source\\PSoC4/motorPin3.h"
 788              		.file 7 "Generated_Source\\PSoC4/motorPin4.h"
 789              		.file 8 "Generated_Source\\PSoC4/UART_SPI_UART.h"
 790              		.file 9 "c:\\program files (x86)\\cypress\\psoc creator\\4.2\\psoc creator\\import\\gnu\\arm\\5.4.
 791              		.file 10 "Generated_Source\\PSoC4/CyLib.h"
 792              		.file 11 "Generated_Source\\PSoC4/UART.h"
 793              		.file 12 "Generated_Source\\PSoC4/cytypes.h"
 794              		.section	.debug_info,"",%progbits
 795              	.Ldebug_info0:
 796 0000 02060000 		.4byte	0x602
 797 0004 0400     		.2byte	0x4
 798 0006 00000000 		.4byte	.Ldebug_abbrev0
 799 000a 04       		.byte	0x4
 800 000b 01       		.uleb128 0x1
 801 000c EE010000 		.4byte	.LASF48
 802 0010 0C       		.byte	0xc
 803 0011 D1020000 		.4byte	.LASF49
 804 0015 DE000000 		.4byte	.LASF50
 805 0019 00000000 		.4byte	.Ldebug_ranges0+0
 806 001d 00000000 		.4byte	0
 807 0021 00000000 		.4byte	.Ldebug_line0
 808 0025 02       		.uleb128 0x2
 809 0026 01       		.byte	0x1
 810 0027 06       		.byte	0x6
 811 0028 11030000 		.4byte	.LASF0
 812 002c 02       		.uleb128 0x2
 813 002d 01       		.byte	0x1
 814 002e 08       		.byte	0x8
 815 002f 54010000 		.4byte	.LASF1
 816 0033 02       		.uleb128 0x2
 817 0034 02       		.byte	0x2
 818 0035 05       		.byte	0x5
 819 0036 ED020000 		.4byte	.LASF2
 820 003a 02       		.uleb128 0x2
 821 003b 02       		.byte	0x2
 822 003c 07       		.byte	0x7
 823 003d 1D030000 		.4byte	.LASF3
 824 0041 02       		.uleb128 0x2
 825 0042 04       		.byte	0x4
 826 0043 05       		.byte	0x5
 827 0044 F7020000 		.4byte	.LASF4
 828 0048 02       		.uleb128 0x2
 829 0049 04       		.byte	0x4
 830 004a 07       		.byte	0x7
 831 004b B9000000 		.4byte	.LASF5
 832 004f 02       		.uleb128 0x2
ARM GAS  C:\Users\jagumiel\AppData\Local\Temp\ccluCK0A.s 			page 20


 833 0050 08       		.byte	0x8
 834 0051 05       		.byte	0x5
 835 0052 B5020000 		.4byte	.LASF6
 836 0056 02       		.uleb128 0x2
 837 0057 08       		.byte	0x8
 838 0058 07       		.byte	0x7
 839 0059 D2010000 		.4byte	.LASF7
 840 005d 03       		.uleb128 0x3
 841 005e 04       		.byte	0x4
 842 005f 05       		.byte	0x5
 843 0060 696E7400 		.ascii	"int\000"
 844 0064 02       		.uleb128 0x2
 845 0065 04       		.byte	0x4
 846 0066 07       		.byte	0x7
 847 0067 BC010000 		.4byte	.LASF8
 848 006b 04       		.uleb128 0x4
 849 006c A7010000 		.4byte	.LASF51
 850 0070 0C       		.byte	0xc
 851 0071 E601     		.2byte	0x1e6
 852 0073 48000000 		.4byte	0x48
 853 0077 02       		.uleb128 0x2
 854 0078 04       		.byte	0x4
 855 0079 04       		.byte	0x4
 856 007a 87000000 		.4byte	.LASF9
 857 007e 02       		.uleb128 0x2
 858 007f 08       		.byte	0x8
 859 0080 04       		.byte	0x4
 860 0081 5A000000 		.4byte	.LASF10
 861 0085 02       		.uleb128 0x2
 862 0086 01       		.byte	0x1
 863 0087 08       		.byte	0x8
 864 0088 00030000 		.4byte	.LASF11
 865 008c 02       		.uleb128 0x2
 866 008d 08       		.byte	0x8
 867 008e 04       		.byte	0x4
 868 008f 05030000 		.4byte	.LASF12
 869 0093 02       		.uleb128 0x2
 870 0094 04       		.byte	0x4
 871 0095 07       		.byte	0x7
 872 0096 E4020000 		.4byte	.LASF13
 873 009a 05       		.uleb128 0x5
 874 009b 00000000 		.4byte	.LASF17
 875 009f 01       		.byte	0x1
 876 00a0 0C       		.byte	0xc
 877 00a1 00000000 		.4byte	.LFB35
 878 00a5 28000000 		.4byte	.LFE35-.LFB35
 879 00a9 01       		.uleb128 0x1
 880 00aa 9C       		.byte	0x9c
 881 00ab 16010000 		.4byte	0x116
 882 00af 06       		.uleb128 0x6
 883 00b0 32000000 		.4byte	.LASF24
 884 00b4 01       		.byte	0x1
 885 00b5 0C       		.byte	0xc
 886 00b6 5D000000 		.4byte	0x5d
 887 00ba 00000000 		.4byte	.LLST0
 888 00be 07       		.uleb128 0x7
 889 00bf 0C000000 		.4byte	.LVL2
ARM GAS  C:\Users\jagumiel\AppData\Local\Temp\ccluCK0A.s 			page 21


 890 00c3 94050000 		.4byte	0x594
 891 00c7 D7000000 		.4byte	0xd7
 892 00cb 08       		.uleb128 0x8
 893 00cc 01       		.uleb128 0x1
 894 00cd 50       		.byte	0x50
 895 00ce 07       		.uleb128 0x7
 896 00cf 75       		.byte	0x75
 897 00d0 00       		.sleb128 0
 898 00d1 74       		.byte	0x74
 899 00d2 00       		.sleb128 0
 900 00d3 22       		.byte	0x22
 901 00d4 94       		.byte	0x94
 902 00d5 01       		.byte	0x1
 903 00d6 00       		.byte	0
 904 00d7 07       		.uleb128 0x7
 905 00d8 14000000 		.4byte	.LVL3
 906 00dc 9F050000 		.4byte	0x59f
 907 00e0 ED000000 		.4byte	0xed
 908 00e4 08       		.uleb128 0x8
 909 00e5 01       		.uleb128 0x1
 910 00e6 50       		.byte	0x50
 911 00e7 04       		.uleb128 0x4
 912 00e8 74       		.byte	0x74
 913 00e9 01       		.sleb128 1
 914 00ea 94       		.byte	0x94
 915 00eb 01       		.byte	0x1
 916 00ec 00       		.byte	0
 917 00ed 07       		.uleb128 0x7
 918 00ee 1A000000 		.4byte	.LVL4
 919 00f2 AA050000 		.4byte	0x5aa
 920 00f6 03010000 		.4byte	0x103
 921 00fa 08       		.uleb128 0x8
 922 00fb 01       		.uleb128 0x1
 923 00fc 50       		.byte	0x50
 924 00fd 04       		.uleb128 0x4
 925 00fe 74       		.byte	0x74
 926 00ff 02       		.sleb128 2
 927 0100 94       		.byte	0x94
 928 0101 01       		.byte	0x1
 929 0102 00       		.byte	0
 930 0103 09       		.uleb128 0x9
 931 0104 20000000 		.4byte	.LVL5
 932 0108 B5050000 		.4byte	0x5b5
 933 010c 08       		.uleb128 0x8
 934 010d 01       		.uleb128 0x1
 935 010e 50       		.byte	0x50
 936 010f 04       		.uleb128 0x4
 937 0110 74       		.byte	0x74
 938 0111 03       		.sleb128 3
 939 0112 94       		.byte	0x94
 940 0113 01       		.byte	0x1
 941 0114 00       		.byte	0
 942 0115 00       		.byte	0
 943 0116 0A       		.uleb128 0xa
 944 0117 28000000 		.4byte	.LASF14
 945 011b 01       		.byte	0x1
 946 011c 13       		.byte	0x13
ARM GAS  C:\Users\jagumiel\AppData\Local\Temp\ccluCK0A.s 			page 22


 947 011d 00000000 		.4byte	.LFB36
 948 0121 24000000 		.4byte	.LFE36-.LFB36
 949 0125 01       		.uleb128 0x1
 950 0126 9C       		.byte	0x9c
 951 0127 35010000 		.4byte	0x135
 952 012b 0B       		.uleb128 0xb
 953 012c 1C000000 		.4byte	.LVL6
 954 0130 9A000000 		.4byte	0x9a
 955 0134 00       		.byte	0
 956 0135 0A       		.uleb128 0xa
 957 0136 AE010000 		.4byte	.LASF15
 958 013a 01       		.byte	0x1
 959 013b 1B       		.byte	0x1b
 960 013c 00000000 		.4byte	.LFB37
 961 0140 24000000 		.4byte	.LFE37-.LFB37
 962 0144 01       		.uleb128 0x1
 963 0145 9C       		.byte	0x9c
 964 0146 54010000 		.4byte	0x154
 965 014a 0B       		.uleb128 0xb
 966 014b 1C000000 		.4byte	.LVL7
 967 014f 9A000000 		.4byte	0x9a
 968 0153 00       		.byte	0
 969 0154 0A       		.uleb128 0xa
 970 0155 71000000 		.4byte	.LASF16
 971 0159 02       		.byte	0x2
 972 015a 07       		.byte	0x7
 973 015b 00000000 		.4byte	.LFB38
 974 015f 5C000000 		.4byte	.LFE38-.LFB38
 975 0163 01       		.uleb128 0x1
 976 0164 9C       		.byte	0x9c
 977 0165 2F020000 		.4byte	0x22f
 978 0169 07       		.uleb128 0x7
 979 016a 08000000 		.4byte	.LVL8
 980 016e C0050000 		.4byte	0x5c0
 981 0172 80010000 		.4byte	0x180
 982 0176 08       		.uleb128 0x8
 983 0177 01       		.uleb128 0x1
 984 0178 50       		.byte	0x50
 985 0179 05       		.uleb128 0x5
 986 017a 03       		.byte	0x3
 987 017b 00000000 		.4byte	.LC3
 988 017f 00       		.byte	0
 989 0180 07       		.uleb128 0x7
 990 0181 0E000000 		.4byte	.LVL9
 991 0185 C0050000 		.4byte	0x5c0
 992 0189 97010000 		.4byte	0x197
 993 018d 08       		.uleb128 0x8
 994 018e 01       		.uleb128 0x1
 995 018f 50       		.byte	0x50
 996 0190 05       		.uleb128 0x5
 997 0191 03       		.byte	0x3
 998 0192 2C000000 		.4byte	.LC5
 999 0196 00       		.byte	0
 1000 0197 07       		.uleb128 0x7
 1001 0198 14000000 		.4byte	.LVL10
 1002 019c C0050000 		.4byte	0x5c0
 1003 01a0 AE010000 		.4byte	0x1ae
ARM GAS  C:\Users\jagumiel\AppData\Local\Temp\ccluCK0A.s 			page 23


 1004 01a4 08       		.uleb128 0x8
 1005 01a5 01       		.uleb128 0x1
 1006 01a6 50       		.byte	0x50
 1007 01a7 05       		.uleb128 0x5
 1008 01a8 03       		.byte	0x3
 1009 01a9 58000000 		.4byte	.LC7
 1010 01ad 00       		.byte	0
 1011 01ae 07       		.uleb128 0x7
 1012 01af 1C000000 		.4byte	.LVL11
 1013 01b3 C0050000 		.4byte	0x5c0
 1014 01b7 C2010000 		.4byte	0x1c2
 1015 01bb 08       		.uleb128 0x8
 1016 01bc 01       		.uleb128 0x1
 1017 01bd 50       		.byte	0x50
 1018 01be 02       		.uleb128 0x2
 1019 01bf 74       		.byte	0x74
 1020 01c0 00       		.sleb128 0
 1021 01c1 00       		.byte	0
 1022 01c2 07       		.uleb128 0x7
 1023 01c3 22000000 		.4byte	.LVL12
 1024 01c7 C0050000 		.4byte	0x5c0
 1025 01cb D9010000 		.4byte	0x1d9
 1026 01cf 08       		.uleb128 0x8
 1027 01d0 01       		.uleb128 0x1
 1028 01d1 50       		.byte	0x50
 1029 01d2 05       		.uleb128 0x5
 1030 01d3 03       		.byte	0x3
 1031 01d4 8C000000 		.4byte	.LC11
 1032 01d8 00       		.byte	0
 1033 01d9 07       		.uleb128 0x7
 1034 01da 28000000 		.4byte	.LVL13
 1035 01de C0050000 		.4byte	0x5c0
 1036 01e2 F0010000 		.4byte	0x1f0
 1037 01e6 08       		.uleb128 0x8
 1038 01e7 01       		.uleb128 0x1
 1039 01e8 50       		.byte	0x50
 1040 01e9 05       		.uleb128 0x5
 1041 01ea 03       		.byte	0x3
 1042 01eb A8000000 		.4byte	.LC13
 1043 01ef 00       		.byte	0
 1044 01f0 07       		.uleb128 0x7
 1045 01f1 2E000000 		.4byte	.LVL14
 1046 01f5 C0050000 		.4byte	0x5c0
 1047 01f9 04020000 		.4byte	0x204
 1048 01fd 08       		.uleb128 0x8
 1049 01fe 01       		.uleb128 0x1
 1050 01ff 50       		.byte	0x50
 1051 0200 02       		.uleb128 0x2
 1052 0201 74       		.byte	0x74
 1053 0202 00       		.sleb128 0
 1054 0203 00       		.byte	0
 1055 0204 07       		.uleb128 0x7
 1056 0205 34000000 		.4byte	.LVL15
 1057 0209 C0050000 		.4byte	0x5c0
 1058 020d 1B020000 		.4byte	0x21b
 1059 0211 08       		.uleb128 0x8
 1060 0212 01       		.uleb128 0x1
ARM GAS  C:\Users\jagumiel\AppData\Local\Temp\ccluCK0A.s 			page 24


 1061 0213 50       		.byte	0x50
 1062 0214 05       		.uleb128 0x5
 1063 0215 03       		.byte	0x3
 1064 0216 C4000000 		.4byte	.LC15
 1065 021a 00       		.byte	0
 1066 021b 09       		.uleb128 0x9
 1067 021c 3A000000 		.4byte	.LVL16
 1068 0220 C0050000 		.4byte	0x5c0
 1069 0224 08       		.uleb128 0x8
 1070 0225 01       		.uleb128 0x1
 1071 0226 50       		.byte	0x50
 1072 0227 05       		.uleb128 0x5
 1073 0228 03       		.byte	0x3
 1074 0229 E0000000 		.4byte	.LC17
 1075 022d 00       		.byte	0
 1076 022e 00       		.byte	0
 1077 022f 0C       		.uleb128 0xc
 1078 0230 8F010000 		.4byte	.LASF18
 1079 0234 02       		.byte	0x2
 1080 0235 13       		.byte	0x13
 1081 0236 B2030000 		.4byte	0x3b2
 1082 023a 00000000 		.4byte	.LFB39
 1083 023e F4000000 		.4byte	.LFE39-.LFB39
 1084 0242 01       		.uleb128 0x1
 1085 0243 9C       		.byte	0x9c
 1086 0244 B2030000 		.4byte	0x3b2
 1087 0248 0D       		.uleb128 0xd
 1088 0249 14000000 		.4byte	.LASF19
 1089 024d 02       		.byte	0x2
 1090 024e 14       		.byte	0x14
 1091 024f 85000000 		.4byte	0x85
 1092 0253 21000000 		.4byte	.LLST1
 1093 0257 0D       		.uleb128 0xd
 1094 0258 86010000 		.4byte	.LASF20
 1095 025c 02       		.byte	0x2
 1096 025d 15       		.byte	0x15
 1097 025e 85000000 		.4byte	0x85
 1098 0262 3F000000 		.4byte	.LLST2
 1099 0266 0E       		.uleb128 0xe
 1100 0267 636F7000 		.ascii	"cop\000"
 1101 026b 02       		.byte	0x2
 1102 026c 16       		.byte	0x16
 1103 026d 85000000 		.4byte	0x85
 1104 0271 5D000000 		.4byte	.LLST3
 1105 0275 0F       		.uleb128 0xf
 1106 0276 0A000000 		.4byte	.LASF21
 1107 027a 02       		.byte	0x2
 1108 027b 17       		.byte	0x17
 1109 027c B9030000 		.4byte	0x3b9
 1110 0280 02       		.uleb128 0x2
 1111 0281 91       		.byte	0x91
 1112 0282 6C       		.sleb128 -20
 1113 0283 0E       		.uleb128 0xe
 1114 0284 6900     		.ascii	"i\000"
 1115 0286 02       		.byte	0x2
 1116 0287 18       		.byte	0x18
 1117 0288 5D000000 		.4byte	0x5d
ARM GAS  C:\Users\jagumiel\AppData\Local\Temp\ccluCK0A.s 			page 25


 1118 028c 70000000 		.4byte	.LLST4
 1119 0290 10       		.uleb128 0x10
 1120 0291 BE000000 		.4byte	.LBB2
 1121 0295 0C000000 		.4byte	.LBE2-.LBB2
 1122 0299 AB020000 		.4byte	0x2ab
 1123 029d 0E       		.uleb128 0xe
 1124 029e 6900     		.ascii	"i\000"
 1125 02a0 02       		.byte	0x2
 1126 02a1 44       		.byte	0x44
 1127 02a2 5D000000 		.4byte	0x5d
 1128 02a6 9B000000 		.4byte	.LLST5
 1129 02aa 00       		.byte	0
 1130 02ab 0B       		.uleb128 0xb
 1131 02ac 08000000 		.4byte	.LVL17
 1132 02b0 CC050000 		.4byte	0x5cc
 1133 02b4 0B       		.uleb128 0xb
 1134 02b5 24000000 		.4byte	.LVL20
 1135 02b9 CC050000 		.4byte	0x5cc
 1136 02bd 07       		.uleb128 0x7
 1137 02be 54000000 		.4byte	.LVL24
 1138 02c2 C0050000 		.4byte	0x5c0
 1139 02c6 D4020000 		.4byte	0x2d4
 1140 02ca 08       		.uleb128 0x8
 1141 02cb 01       		.uleb128 0x1
 1142 02cc 50       		.byte	0x50
 1143 02cd 05       		.uleb128 0x5
 1144 02ce 03       		.byte	0x3
 1145 02cf 0C010000 		.4byte	.LC19
 1146 02d3 00       		.byte	0
 1147 02d4 07       		.uleb128 0x7
 1148 02d5 5A000000 		.4byte	.LVL25
 1149 02d9 C0050000 		.4byte	0x5c0
 1150 02dd E8020000 		.4byte	0x2e8
 1151 02e1 08       		.uleb128 0x8
 1152 02e2 01       		.uleb128 0x1
 1153 02e3 50       		.byte	0x50
 1154 02e4 02       		.uleb128 0x2
 1155 02e5 91       		.byte	0x91
 1156 02e6 6C       		.sleb128 -20
 1157 02e7 00       		.byte	0
 1158 02e8 07       		.uleb128 0x7
 1159 02e9 60000000 		.4byte	.LVL26
 1160 02ed D8050000 		.4byte	0x5d8
 1161 02f1 FB020000 		.4byte	0x2fb
 1162 02f5 08       		.uleb128 0x8
 1163 02f6 01       		.uleb128 0x1
 1164 02f7 50       		.byte	0x50
 1165 02f8 01       		.uleb128 0x1
 1166 02f9 3A       		.byte	0x3a
 1167 02fa 00       		.byte	0
 1168 02fb 07       		.uleb128 0x7
 1169 02fc 66000000 		.4byte	.LVL27
 1170 0300 D8050000 		.4byte	0x5d8
 1171 0304 0E030000 		.4byte	0x30e
 1172 0308 08       		.uleb128 0x8
 1173 0309 01       		.uleb128 0x1
 1174 030a 50       		.byte	0x50
ARM GAS  C:\Users\jagumiel\AppData\Local\Temp\ccluCK0A.s 			page 26


 1175 030b 01       		.uleb128 0x1
 1176 030c 3D       		.byte	0x3d
 1177 030d 00       		.byte	0
 1178 030e 07       		.uleb128 0x7
 1179 030f 6C000000 		.4byte	.LVL28
 1180 0313 E4050000 		.4byte	0x5e4
 1181 0317 22030000 		.4byte	0x322
 1182 031b 08       		.uleb128 0x8
 1183 031c 01       		.uleb128 0x1
 1184 031d 50       		.byte	0x50
 1185 031e 02       		.uleb128 0x2
 1186 031f 91       		.byte	0x91
 1187 0320 6C       		.sleb128 -20
 1188 0321 00       		.byte	0
 1189 0322 07       		.uleb128 0x7
 1190 0323 7C000000 		.4byte	.LVL31
 1191 0327 E4050000 		.4byte	0x5e4
 1192 032b 36030000 		.4byte	0x336
 1193 032f 08       		.uleb128 0x8
 1194 0330 01       		.uleb128 0x1
 1195 0331 50       		.byte	0x50
 1196 0332 02       		.uleb128 0x2
 1197 0333 91       		.byte	0x91
 1198 0334 6C       		.sleb128 -20
 1199 0335 00       		.byte	0
 1200 0336 07       		.uleb128 0x7
 1201 0337 8E000000 		.4byte	.LVL32
 1202 033b C0050000 		.4byte	0x5c0
 1203 033f 4D030000 		.4byte	0x34d
 1204 0343 08       		.uleb128 0x8
 1205 0344 01       		.uleb128 0x1
 1206 0345 50       		.byte	0x50
 1207 0346 05       		.uleb128 0x5
 1208 0347 03       		.byte	0x3
 1209 0348 20010000 		.4byte	.LC23
 1210 034c 00       		.byte	0
 1211 034d 07       		.uleb128 0x7
 1212 034e A2000000 		.4byte	.LVL33
 1213 0352 C0050000 		.4byte	0x5c0
 1214 0356 64030000 		.4byte	0x364
 1215 035a 08       		.uleb128 0x8
 1216 035b 01       		.uleb128 0x1
 1217 035c 50       		.byte	0x50
 1218 035d 05       		.uleb128 0x5
 1219 035e 03       		.byte	0x3
 1220 035f 44010000 		.4byte	.LC25
 1221 0363 00       		.byte	0
 1222 0364 07       		.uleb128 0x7
 1223 0365 AA000000 		.4byte	.LVL34
 1224 0369 C0050000 		.4byte	0x5c0
 1225 036d 7B030000 		.4byte	0x37b
 1226 0371 08       		.uleb128 0x8
 1227 0372 01       		.uleb128 0x1
 1228 0373 50       		.byte	0x50
 1229 0374 05       		.uleb128 0x5
 1230 0375 03       		.byte	0x3
 1231 0376 68010000 		.4byte	.LC27
ARM GAS  C:\Users\jagumiel\AppData\Local\Temp\ccluCK0A.s 			page 27


 1232 037a 00       		.byte	0
 1233 037b 07       		.uleb128 0x7
 1234 037c B0000000 		.4byte	.LVL35
 1235 0380 C0050000 		.4byte	0x5c0
 1236 0384 8F030000 		.4byte	0x38f
 1237 0388 08       		.uleb128 0x8
 1238 0389 01       		.uleb128 0x1
 1239 038a 50       		.byte	0x50
 1240 038b 02       		.uleb128 0x2
 1241 038c 91       		.byte	0x91
 1242 038d 6C       		.sleb128 -20
 1243 038e 00       		.byte	0
 1244 038f 07       		.uleb128 0x7
 1245 0390 B6000000 		.4byte	.LVL36
 1246 0394 D8050000 		.4byte	0x5d8
 1247 0398 A2030000 		.4byte	0x3a2
 1248 039c 08       		.uleb128 0x8
 1249 039d 01       		.uleb128 0x1
 1250 039e 50       		.byte	0x50
 1251 039f 01       		.uleb128 0x1
 1252 03a0 3A       		.byte	0x3a
 1253 03a1 00       		.byte	0
 1254 03a2 09       		.uleb128 0x9
 1255 03a3 BC000000 		.4byte	.LVL37
 1256 03a7 D8050000 		.4byte	0x5d8
 1257 03ab 08       		.uleb128 0x8
 1258 03ac 01       		.uleb128 0x1
 1259 03ad 50       		.byte	0x50
 1260 03ae 01       		.uleb128 0x1
 1261 03af 3D       		.byte	0x3d
 1262 03b0 00       		.byte	0
 1263 03b1 00       		.byte	0
 1264 03b2 02       		.uleb128 0x2
 1265 03b3 01       		.byte	0x1
 1266 03b4 02       		.byte	0x2
 1267 03b5 30030000 		.4byte	.LASF22
 1268 03b9 11       		.uleb128 0x11
 1269 03ba 85000000 		.4byte	0x85
 1270 03be C9030000 		.4byte	0x3c9
 1271 03c2 12       		.uleb128 0x12
 1272 03c3 93000000 		.4byte	0x93
 1273 03c7 02       		.byte	0x2
 1274 03c8 00       		.byte	0
 1275 03c9 13       		.uleb128 0x13
 1276 03ca D8020000 		.4byte	.LASF23
 1277 03ce 03       		.byte	0x3
 1278 03cf 18       		.byte	0x18
 1279 03d0 00000000 		.4byte	.LFB40
 1280 03d4 20000000 		.4byte	.LFE40-.LFB40
 1281 03d8 01       		.uleb128 0x1
 1282 03d9 9C       		.byte	0x9c
 1283 03da EE030000 		.4byte	0x3ee
 1284 03de 06       		.uleb128 0x6
 1285 03df AA020000 		.4byte	.LASF25
 1286 03e3 03       		.byte	0x3
 1287 03e4 18       		.byte	0x18
 1288 03e5 5D000000 		.4byte	0x5d
ARM GAS  C:\Users\jagumiel\AppData\Local\Temp\ccluCK0A.s 			page 28


 1289 03e9 AE000000 		.4byte	.LLST6
 1290 03ed 00       		.byte	0
 1291 03ee 13       		.uleb128 0x13
 1292 03ef C9010000 		.4byte	.LASF26
 1293 03f3 03       		.byte	0x3
 1294 03f4 1C       		.byte	0x1c
 1295 03f5 00000000 		.4byte	.LFB41
 1296 03f9 14000000 		.4byte	.LFE41-.LFB41
 1297 03fd 01       		.uleb128 0x1
 1298 03fe 9C       		.byte	0x9c
 1299 03ff 13040000 		.4byte	0x413
 1300 0403 06       		.uleb128 0x6
 1301 0404 D4000000 		.4byte	.LASF27
 1302 0408 03       		.byte	0x3
 1303 0409 1C       		.byte	0x1c
 1304 040a 5D000000 		.4byte	0x5d
 1305 040e CF000000 		.4byte	.LLST7
 1306 0412 00       		.byte	0
 1307 0413 14       		.uleb128 0x14
 1308 0414 81010000 		.4byte	.LASF52
 1309 0418 03       		.byte	0x3
 1310 0419 20       		.byte	0x20
 1311 041a 5D000000 		.4byte	0x5d
 1312 041e 00000000 		.4byte	.LFB42
 1313 0422 98000000 		.4byte	.LFE42-.LFB42
 1314 0426 01       		.uleb128 0x1
 1315 0427 9C       		.byte	0x9c
 1316 0428 C5040000 		.4byte	0x4c5
 1317 042c 10       		.uleb128 0x10
 1318 042d 32000000 		.4byte	.LBB3
 1319 0431 22000000 		.4byte	.LBE3-.LBB3
 1320 0435 59040000 		.4byte	0x459
 1321 0439 0E       		.uleb128 0xe
 1322 043a 6900     		.ascii	"i\000"
 1323 043c 03       		.byte	0x3
 1324 043d 2B       		.byte	0x2b
 1325 043e 5D000000 		.4byte	0x5d
 1326 0442 FB000000 		.4byte	.LLST8
 1327 0446 0B       		.uleb128 0xb
 1328 0447 3A000000 		.4byte	.LVL56
 1329 044b 16010000 		.4byte	0x116
 1330 044f 0B       		.uleb128 0xb
 1331 0450 42000000 		.4byte	.LVL57
 1332 0454 EF050000 		.4byte	0x5ef
 1333 0458 00       		.byte	0
 1334 0459 10       		.uleb128 0x10
 1335 045a 64000000 		.4byte	.LBB4
 1336 045e 22000000 		.4byte	.LBE4-.LBB4
 1337 0462 86040000 		.4byte	0x486
 1338 0466 0E       		.uleb128 0xe
 1339 0467 6900     		.ascii	"i\000"
 1340 0469 03       		.byte	0x3
 1341 046a 33       		.byte	0x33
 1342 046b 5D000000 		.4byte	0x5d
 1343 046f 1A010000 		.4byte	.LLST9
 1344 0473 0B       		.uleb128 0xb
 1345 0474 6C000000 		.4byte	.LVL62
ARM GAS  C:\Users\jagumiel\AppData\Local\Temp\ccluCK0A.s 			page 29


 1346 0478 35010000 		.4byte	0x135
 1347 047c 0B       		.uleb128 0xb
 1348 047d 74000000 		.4byte	.LVL63
 1349 0481 EF050000 		.4byte	0x5ef
 1350 0485 00       		.byte	0
 1351 0486 0B       		.uleb128 0xb
 1352 0487 08000000 		.4byte	.LVL49
 1353 048b FA050000 		.4byte	0x5fa
 1354 048f 0B       		.uleb128 0xb
 1355 0490 0C000000 		.4byte	.LVL50
 1356 0494 54010000 		.4byte	0x154
 1357 0498 0B       		.uleb128 0xb
 1358 0499 10000000 		.4byte	.LVL51
 1359 049d 2F020000 		.4byte	0x22f
 1360 04a1 0B       		.uleb128 0xb
 1361 04a2 1C000000 		.4byte	.LVL52
 1362 04a6 C9030000 		.4byte	0x3c9
 1363 04aa 0B       		.uleb128 0xb
 1364 04ab 24000000 		.4byte	.LVL53
 1365 04af EE030000 		.4byte	0x3ee
 1366 04b3 09       		.uleb128 0x9
 1367 04b4 8E000000 		.4byte	.LVL66
 1368 04b8 EF050000 		.4byte	0x5ef
 1369 04bc 08       		.uleb128 0x8
 1370 04bd 01       		.uleb128 0x1
 1371 04be 50       		.byte	0x50
 1372 04bf 03       		.uleb128 0x3
 1373 04c0 0A       		.byte	0xa
 1374 04c1 F401     		.2byte	0x1f4
 1375 04c3 00       		.byte	0
 1376 04c4 00       		.byte	0
 1377 04c5 0F       		.uleb128 0xf
 1378 04c6 1C000000 		.4byte	.LASF28
 1379 04ca 01       		.byte	0x1
 1380 04cb 04       		.byte	0x4
 1381 04cc 5D000000 		.4byte	0x5d
 1382 04d0 05       		.uleb128 0x5
 1383 04d1 03       		.byte	0x3
 1384 04d2 00000000 		.4byte	stepCounter
 1385 04d6 15       		.uleb128 0x15
 1386 04d7 8F020000 		.4byte	.LASF29
 1387 04db 01       		.byte	0x1
 1388 04dc 05       		.byte	0x5
 1389 04dd 5D000000 		.4byte	0x5d
 1390 04e1 05       		.uleb128 0x5
 1391 04e2 03       		.byte	0x3
 1392 04e3 00000000 		.4byte	stepsPerRev
 1393 04e7 15       		.uleb128 0x15
 1394 04e8 CB000000 		.4byte	.LASF30
 1395 04ec 01       		.byte	0x1
 1396 04ed 08       		.byte	0x8
 1397 04ee F8040000 		.4byte	0x4f8
 1398 04f2 05       		.uleb128 0x5
 1399 04f3 03       		.byte	0x3
 1400 04f4 00000000 		.4byte	numSteps
 1401 04f8 16       		.uleb128 0x16
 1402 04f9 5D000000 		.4byte	0x5d
ARM GAS  C:\Users\jagumiel\AppData\Local\Temp\ccluCK0A.s 			page 30


 1403 04fd 11       		.uleb128 0x11
 1404 04fe 13050000 		.4byte	0x513
 1405 0502 13050000 		.4byte	0x513
 1406 0506 12       		.uleb128 0x12
 1407 0507 93000000 		.4byte	0x93
 1408 050b 07       		.byte	0x7
 1409 050c 12       		.uleb128 0x12
 1410 050d 93000000 		.4byte	0x93
 1411 0511 03       		.byte	0x3
 1412 0512 00       		.byte	0
 1413 0513 16       		.uleb128 0x16
 1414 0514 B2030000 		.4byte	0x3b2
 1415 0518 15       		.uleb128 0x15
 1416 0519 7B000000 		.4byte	.LASF31
 1417 051d 01       		.byte	0x1
 1418 051e 09       		.byte	0x9
 1419 051f 29050000 		.4byte	0x529
 1420 0523 05       		.uleb128 0x5
 1421 0524 03       		.byte	0x3
 1422 0525 00000000 		.4byte	stepsLookup
 1423 0529 16       		.uleb128 0x16
 1424 052a FD040000 		.4byte	0x4fd
 1425 052e 15       		.uleb128 0x15
 1426 052f 9B020000 		.4byte	.LASF32
 1427 0533 02       		.byte	0x2
 1428 0534 04       		.byte	0x4
 1429 0535 5D000000 		.4byte	0x5d
 1430 0539 05       		.uleb128 0x5
 1431 053a 03       		.byte	0x3
 1432 053b 00000000 		.4byte	degreePosition
 1433 053f 15       		.uleb128 0x15
 1434 0540 62010000 		.4byte	.LASF33
 1435 0544 02       		.byte	0x2
 1436 0545 05       		.byte	0x5
 1437 0546 5D000000 		.4byte	0x5d
 1438 054a 05       		.uleb128 0x5
 1439 054b 03       		.byte	0x3
 1440 054c 00000000 		.4byte	rpmSpeed
 1441 0550 15       		.uleb128 0x15
 1442 0551 AE000000 		.4byte	.LASF34
 1443 0555 03       		.byte	0x3
 1444 0556 13       		.byte	0x13
 1445 0557 5D000000 		.4byte	0x5d
 1446 055b 05       		.uleb128 0x5
 1447 055c 03       		.byte	0x3
 1448 055d 00000000 		.4byte	motorSpeed
 1449 0561 15       		.uleb128 0x15
 1450 0562 C3020000 		.4byte	.LASF35
 1451 0566 03       		.byte	0x3
 1452 0567 14       		.byte	0x14
 1453 0568 5D000000 		.4byte	0x5d
 1454 056c 05       		.uleb128 0x5
 1455 056d 03       		.byte	0x3
 1456 056e 00000000 		.4byte	motorPosition
 1457 0572 15       		.uleb128 0x15
 1458 0573 71010000 		.4byte	.LASF36
 1459 0577 03       		.byte	0x3
ARM GAS  C:\Users\jagumiel\AppData\Local\Temp\ccluCK0A.s 			page 31


 1460 0578 15       		.byte	0x15
 1461 0579 5D000000 		.4byte	0x5d
 1462 057d 05       		.uleb128 0x5
 1463 057e 03       		.byte	0x3
 1464 057f 00000000 		.4byte	desiredPosition
 1465 0583 15       		.uleb128 0x15
 1466 0584 6B010000 		.4byte	.LASF37
 1467 0588 03       		.byte	0x3
 1468 0589 16       		.byte	0x16
 1469 058a 5D000000 		.4byte	0x5d
 1470 058e 05       		.uleb128 0x5
 1471 058f 03       		.byte	0x3
 1472 0590 00000000 		.4byte	steps
 1473 0594 17       		.uleb128 0x17
 1474 0595 61000000 		.4byte	.LASF38
 1475 0599 61000000 		.4byte	.LASF38
 1476 059d 04       		.byte	0x4
 1477 059e 33       		.byte	0x33
 1478 059f 17       		.uleb128 0x17
 1479 05a0 9E000000 		.4byte	.LASF39
 1480 05a4 9E000000 		.4byte	.LASF39
 1481 05a8 05       		.byte	0x5
 1482 05a9 33       		.byte	0x33
 1483 05aa 17       		.uleb128 0x17
 1484 05ab 44010000 		.4byte	.LASF40
 1485 05af 44010000 		.4byte	.LASF40
 1486 05b3 06       		.byte	0x6
 1487 05b4 33       		.byte	0x33
 1488 05b5 17       		.uleb128 0x17
 1489 05b6 97010000 		.4byte	.LASF41
 1490 05ba 97010000 		.4byte	.LASF41
 1491 05be 07       		.byte	0x7
 1492 05bf 33       		.byte	0x33
 1493 05c0 18       		.uleb128 0x18
 1494 05c1 7C020000 		.4byte	.LASF42
 1495 05c5 7C020000 		.4byte	.LASF42
 1496 05c9 08       		.byte	0x8
 1497 05ca 2A03     		.2byte	0x32a
 1498 05cc 18       		.uleb128 0x18
 1499 05cd 8D000000 		.4byte	.LASF43
 1500 05d1 8D000000 		.4byte	.LASF43
 1501 05d5 08       		.byte	0x8
 1502 05d6 0F03     		.2byte	0x30f
 1503 05d8 18       		.uleb128 0x18
 1504 05d9 37000000 		.4byte	.LASF44
 1505 05dd 37000000 		.4byte	.LASF44
 1506 05e1 08       		.byte	0x8
 1507 05e2 4403     		.2byte	0x344
 1508 05e4 17       		.uleb128 0x17
 1509 05e5 E9010000 		.4byte	.LASF45
 1510 05e9 E9010000 		.4byte	.LASF45
 1511 05ed 09       		.byte	0x9
 1512 05ee 4D       		.byte	0x4d
 1513 05ef 17       		.uleb128 0x17
 1514 05f0 36030000 		.4byte	.LASF46
 1515 05f4 36030000 		.4byte	.LASF46
 1516 05f8 0A       		.byte	0xa
ARM GAS  C:\Users\jagumiel\AppData\Local\Temp\ccluCK0A.s 			page 32


 1517 05f9 D9       		.byte	0xd9
 1518 05fa 17       		.uleb128 0x17
 1519 05fb 4F000000 		.4byte	.LASF47
 1520 05ff 4F000000 		.4byte	.LASF47
 1521 0603 0B       		.byte	0xb
 1522 0604 72       		.byte	0x72
 1523 0605 00       		.byte	0
 1524              		.section	.debug_abbrev,"",%progbits
 1525              	.Ldebug_abbrev0:
 1526 0000 01       		.uleb128 0x1
 1527 0001 11       		.uleb128 0x11
 1528 0002 01       		.byte	0x1
 1529 0003 25       		.uleb128 0x25
 1530 0004 0E       		.uleb128 0xe
 1531 0005 13       		.uleb128 0x13
 1532 0006 0B       		.uleb128 0xb
 1533 0007 03       		.uleb128 0x3
 1534 0008 0E       		.uleb128 0xe
 1535 0009 1B       		.uleb128 0x1b
 1536 000a 0E       		.uleb128 0xe
 1537 000b 55       		.uleb128 0x55
 1538 000c 17       		.uleb128 0x17
 1539 000d 11       		.uleb128 0x11
 1540 000e 01       		.uleb128 0x1
 1541 000f 10       		.uleb128 0x10
 1542 0010 17       		.uleb128 0x17
 1543 0011 00       		.byte	0
 1544 0012 00       		.byte	0
 1545 0013 02       		.uleb128 0x2
 1546 0014 24       		.uleb128 0x24
 1547 0015 00       		.byte	0
 1548 0016 0B       		.uleb128 0xb
 1549 0017 0B       		.uleb128 0xb
 1550 0018 3E       		.uleb128 0x3e
 1551 0019 0B       		.uleb128 0xb
 1552 001a 03       		.uleb128 0x3
 1553 001b 0E       		.uleb128 0xe
 1554 001c 00       		.byte	0
 1555 001d 00       		.byte	0
 1556 001e 03       		.uleb128 0x3
 1557 001f 24       		.uleb128 0x24
 1558 0020 00       		.byte	0
 1559 0021 0B       		.uleb128 0xb
 1560 0022 0B       		.uleb128 0xb
 1561 0023 3E       		.uleb128 0x3e
 1562 0024 0B       		.uleb128 0xb
 1563 0025 03       		.uleb128 0x3
 1564 0026 08       		.uleb128 0x8
 1565 0027 00       		.byte	0
 1566 0028 00       		.byte	0
 1567 0029 04       		.uleb128 0x4
 1568 002a 16       		.uleb128 0x16
 1569 002b 00       		.byte	0
 1570 002c 03       		.uleb128 0x3
 1571 002d 0E       		.uleb128 0xe
 1572 002e 3A       		.uleb128 0x3a
 1573 002f 0B       		.uleb128 0xb
ARM GAS  C:\Users\jagumiel\AppData\Local\Temp\ccluCK0A.s 			page 33


 1574 0030 3B       		.uleb128 0x3b
 1575 0031 05       		.uleb128 0x5
 1576 0032 49       		.uleb128 0x49
 1577 0033 13       		.uleb128 0x13
 1578 0034 00       		.byte	0
 1579 0035 00       		.byte	0
 1580 0036 05       		.uleb128 0x5
 1581 0037 2E       		.uleb128 0x2e
 1582 0038 01       		.byte	0x1
 1583 0039 3F       		.uleb128 0x3f
 1584 003a 19       		.uleb128 0x19
 1585 003b 03       		.uleb128 0x3
 1586 003c 0E       		.uleb128 0xe
 1587 003d 3A       		.uleb128 0x3a
 1588 003e 0B       		.uleb128 0xb
 1589 003f 3B       		.uleb128 0x3b
 1590 0040 0B       		.uleb128 0xb
 1591 0041 27       		.uleb128 0x27
 1592 0042 19       		.uleb128 0x19
 1593 0043 11       		.uleb128 0x11
 1594 0044 01       		.uleb128 0x1
 1595 0045 12       		.uleb128 0x12
 1596 0046 06       		.uleb128 0x6
 1597 0047 40       		.uleb128 0x40
 1598 0048 18       		.uleb128 0x18
 1599 0049 9742     		.uleb128 0x2117
 1600 004b 19       		.uleb128 0x19
 1601 004c 01       		.uleb128 0x1
 1602 004d 13       		.uleb128 0x13
 1603 004e 00       		.byte	0
 1604 004f 00       		.byte	0
 1605 0050 06       		.uleb128 0x6
 1606 0051 05       		.uleb128 0x5
 1607 0052 00       		.byte	0
 1608 0053 03       		.uleb128 0x3
 1609 0054 0E       		.uleb128 0xe
 1610 0055 3A       		.uleb128 0x3a
 1611 0056 0B       		.uleb128 0xb
 1612 0057 3B       		.uleb128 0x3b
 1613 0058 0B       		.uleb128 0xb
 1614 0059 49       		.uleb128 0x49
 1615 005a 13       		.uleb128 0x13
 1616 005b 02       		.uleb128 0x2
 1617 005c 17       		.uleb128 0x17
 1618 005d 00       		.byte	0
 1619 005e 00       		.byte	0
 1620 005f 07       		.uleb128 0x7
 1621 0060 898201   		.uleb128 0x4109
 1622 0063 01       		.byte	0x1
 1623 0064 11       		.uleb128 0x11
 1624 0065 01       		.uleb128 0x1
 1625 0066 31       		.uleb128 0x31
 1626 0067 13       		.uleb128 0x13
 1627 0068 01       		.uleb128 0x1
 1628 0069 13       		.uleb128 0x13
 1629 006a 00       		.byte	0
 1630 006b 00       		.byte	0
ARM GAS  C:\Users\jagumiel\AppData\Local\Temp\ccluCK0A.s 			page 34


 1631 006c 08       		.uleb128 0x8
 1632 006d 8A8201   		.uleb128 0x410a
 1633 0070 00       		.byte	0
 1634 0071 02       		.uleb128 0x2
 1635 0072 18       		.uleb128 0x18
 1636 0073 9142     		.uleb128 0x2111
 1637 0075 18       		.uleb128 0x18
 1638 0076 00       		.byte	0
 1639 0077 00       		.byte	0
 1640 0078 09       		.uleb128 0x9
 1641 0079 898201   		.uleb128 0x4109
 1642 007c 01       		.byte	0x1
 1643 007d 11       		.uleb128 0x11
 1644 007e 01       		.uleb128 0x1
 1645 007f 31       		.uleb128 0x31
 1646 0080 13       		.uleb128 0x13
 1647 0081 00       		.byte	0
 1648 0082 00       		.byte	0
 1649 0083 0A       		.uleb128 0xa
 1650 0084 2E       		.uleb128 0x2e
 1651 0085 01       		.byte	0x1
 1652 0086 3F       		.uleb128 0x3f
 1653 0087 19       		.uleb128 0x19
 1654 0088 03       		.uleb128 0x3
 1655 0089 0E       		.uleb128 0xe
 1656 008a 3A       		.uleb128 0x3a
 1657 008b 0B       		.uleb128 0xb
 1658 008c 3B       		.uleb128 0x3b
 1659 008d 0B       		.uleb128 0xb
 1660 008e 11       		.uleb128 0x11
 1661 008f 01       		.uleb128 0x1
 1662 0090 12       		.uleb128 0x12
 1663 0091 06       		.uleb128 0x6
 1664 0092 40       		.uleb128 0x40
 1665 0093 18       		.uleb128 0x18
 1666 0094 9742     		.uleb128 0x2117
 1667 0096 19       		.uleb128 0x19
 1668 0097 01       		.uleb128 0x1
 1669 0098 13       		.uleb128 0x13
 1670 0099 00       		.byte	0
 1671 009a 00       		.byte	0
 1672 009b 0B       		.uleb128 0xb
 1673 009c 898201   		.uleb128 0x4109
 1674 009f 00       		.byte	0
 1675 00a0 11       		.uleb128 0x11
 1676 00a1 01       		.uleb128 0x1
 1677 00a2 31       		.uleb128 0x31
 1678 00a3 13       		.uleb128 0x13
 1679 00a4 00       		.byte	0
 1680 00a5 00       		.byte	0
 1681 00a6 0C       		.uleb128 0xc
 1682 00a7 2E       		.uleb128 0x2e
 1683 00a8 01       		.byte	0x1
 1684 00a9 3F       		.uleb128 0x3f
 1685 00aa 19       		.uleb128 0x19
 1686 00ab 03       		.uleb128 0x3
 1687 00ac 0E       		.uleb128 0xe
ARM GAS  C:\Users\jagumiel\AppData\Local\Temp\ccluCK0A.s 			page 35


 1688 00ad 3A       		.uleb128 0x3a
 1689 00ae 0B       		.uleb128 0xb
 1690 00af 3B       		.uleb128 0x3b
 1691 00b0 0B       		.uleb128 0xb
 1692 00b1 49       		.uleb128 0x49
 1693 00b2 13       		.uleb128 0x13
 1694 00b3 11       		.uleb128 0x11
 1695 00b4 01       		.uleb128 0x1
 1696 00b5 12       		.uleb128 0x12
 1697 00b6 06       		.uleb128 0x6
 1698 00b7 40       		.uleb128 0x40
 1699 00b8 18       		.uleb128 0x18
 1700 00b9 9742     		.uleb128 0x2117
 1701 00bb 19       		.uleb128 0x19
 1702 00bc 01       		.uleb128 0x1
 1703 00bd 13       		.uleb128 0x13
 1704 00be 00       		.byte	0
 1705 00bf 00       		.byte	0
 1706 00c0 0D       		.uleb128 0xd
 1707 00c1 34       		.uleb128 0x34
 1708 00c2 00       		.byte	0
 1709 00c3 03       		.uleb128 0x3
 1710 00c4 0E       		.uleb128 0xe
 1711 00c5 3A       		.uleb128 0x3a
 1712 00c6 0B       		.uleb128 0xb
 1713 00c7 3B       		.uleb128 0x3b
 1714 00c8 0B       		.uleb128 0xb
 1715 00c9 49       		.uleb128 0x49
 1716 00ca 13       		.uleb128 0x13
 1717 00cb 02       		.uleb128 0x2
 1718 00cc 17       		.uleb128 0x17
 1719 00cd 00       		.byte	0
 1720 00ce 00       		.byte	0
 1721 00cf 0E       		.uleb128 0xe
 1722 00d0 34       		.uleb128 0x34
 1723 00d1 00       		.byte	0
 1724 00d2 03       		.uleb128 0x3
 1725 00d3 08       		.uleb128 0x8
 1726 00d4 3A       		.uleb128 0x3a
 1727 00d5 0B       		.uleb128 0xb
 1728 00d6 3B       		.uleb128 0x3b
 1729 00d7 0B       		.uleb128 0xb
 1730 00d8 49       		.uleb128 0x49
 1731 00d9 13       		.uleb128 0x13
 1732 00da 02       		.uleb128 0x2
 1733 00db 17       		.uleb128 0x17
 1734 00dc 00       		.byte	0
 1735 00dd 00       		.byte	0
 1736 00de 0F       		.uleb128 0xf
 1737 00df 34       		.uleb128 0x34
 1738 00e0 00       		.byte	0
 1739 00e1 03       		.uleb128 0x3
 1740 00e2 0E       		.uleb128 0xe
 1741 00e3 3A       		.uleb128 0x3a
 1742 00e4 0B       		.uleb128 0xb
 1743 00e5 3B       		.uleb128 0x3b
 1744 00e6 0B       		.uleb128 0xb
ARM GAS  C:\Users\jagumiel\AppData\Local\Temp\ccluCK0A.s 			page 36


 1745 00e7 49       		.uleb128 0x49
 1746 00e8 13       		.uleb128 0x13
 1747 00e9 02       		.uleb128 0x2
 1748 00ea 18       		.uleb128 0x18
 1749 00eb 00       		.byte	0
 1750 00ec 00       		.byte	0
 1751 00ed 10       		.uleb128 0x10
 1752 00ee 0B       		.uleb128 0xb
 1753 00ef 01       		.byte	0x1
 1754 00f0 11       		.uleb128 0x11
 1755 00f1 01       		.uleb128 0x1
 1756 00f2 12       		.uleb128 0x12
 1757 00f3 06       		.uleb128 0x6
 1758 00f4 01       		.uleb128 0x1
 1759 00f5 13       		.uleb128 0x13
 1760 00f6 00       		.byte	0
 1761 00f7 00       		.byte	0
 1762 00f8 11       		.uleb128 0x11
 1763 00f9 01       		.uleb128 0x1
 1764 00fa 01       		.byte	0x1
 1765 00fb 49       		.uleb128 0x49
 1766 00fc 13       		.uleb128 0x13
 1767 00fd 01       		.uleb128 0x1
 1768 00fe 13       		.uleb128 0x13
 1769 00ff 00       		.byte	0
 1770 0100 00       		.byte	0
 1771 0101 12       		.uleb128 0x12
 1772 0102 21       		.uleb128 0x21
 1773 0103 00       		.byte	0
 1774 0104 49       		.uleb128 0x49
 1775 0105 13       		.uleb128 0x13
 1776 0106 2F       		.uleb128 0x2f
 1777 0107 0B       		.uleb128 0xb
 1778 0108 00       		.byte	0
 1779 0109 00       		.byte	0
 1780 010a 13       		.uleb128 0x13
 1781 010b 2E       		.uleb128 0x2e
 1782 010c 01       		.byte	0x1
 1783 010d 3F       		.uleb128 0x3f
 1784 010e 19       		.uleb128 0x19
 1785 010f 03       		.uleb128 0x3
 1786 0110 0E       		.uleb128 0xe
 1787 0111 3A       		.uleb128 0x3a
 1788 0112 0B       		.uleb128 0xb
 1789 0113 3B       		.uleb128 0x3b
 1790 0114 0B       		.uleb128 0xb
 1791 0115 27       		.uleb128 0x27
 1792 0116 19       		.uleb128 0x19
 1793 0117 11       		.uleb128 0x11
 1794 0118 01       		.uleb128 0x1
 1795 0119 12       		.uleb128 0x12
 1796 011a 06       		.uleb128 0x6
 1797 011b 40       		.uleb128 0x40
 1798 011c 18       		.uleb128 0x18
 1799 011d 9642     		.uleb128 0x2116
 1800 011f 19       		.uleb128 0x19
 1801 0120 01       		.uleb128 0x1
ARM GAS  C:\Users\jagumiel\AppData\Local\Temp\ccluCK0A.s 			page 37


 1802 0121 13       		.uleb128 0x13
 1803 0122 00       		.byte	0
 1804 0123 00       		.byte	0
 1805 0124 14       		.uleb128 0x14
 1806 0125 2E       		.uleb128 0x2e
 1807 0126 01       		.byte	0x1
 1808 0127 3F       		.uleb128 0x3f
 1809 0128 19       		.uleb128 0x19
 1810 0129 03       		.uleb128 0x3
 1811 012a 0E       		.uleb128 0xe
 1812 012b 3A       		.uleb128 0x3a
 1813 012c 0B       		.uleb128 0xb
 1814 012d 3B       		.uleb128 0x3b
 1815 012e 0B       		.uleb128 0xb
 1816 012f 27       		.uleb128 0x27
 1817 0130 19       		.uleb128 0x19
 1818 0131 49       		.uleb128 0x49
 1819 0132 13       		.uleb128 0x13
 1820 0133 8701     		.uleb128 0x87
 1821 0135 19       		.uleb128 0x19
 1822 0136 11       		.uleb128 0x11
 1823 0137 01       		.uleb128 0x1
 1824 0138 12       		.uleb128 0x12
 1825 0139 06       		.uleb128 0x6
 1826 013a 40       		.uleb128 0x40
 1827 013b 18       		.uleb128 0x18
 1828 013c 9742     		.uleb128 0x2117
 1829 013e 19       		.uleb128 0x19
 1830 013f 01       		.uleb128 0x1
 1831 0140 13       		.uleb128 0x13
 1832 0141 00       		.byte	0
 1833 0142 00       		.byte	0
 1834 0143 15       		.uleb128 0x15
 1835 0144 34       		.uleb128 0x34
 1836 0145 00       		.byte	0
 1837 0146 03       		.uleb128 0x3
 1838 0147 0E       		.uleb128 0xe
 1839 0148 3A       		.uleb128 0x3a
 1840 0149 0B       		.uleb128 0xb
 1841 014a 3B       		.uleb128 0x3b
 1842 014b 0B       		.uleb128 0xb
 1843 014c 49       		.uleb128 0x49
 1844 014d 13       		.uleb128 0x13
 1845 014e 3F       		.uleb128 0x3f
 1846 014f 19       		.uleb128 0x19
 1847 0150 02       		.uleb128 0x2
 1848 0151 18       		.uleb128 0x18
 1849 0152 00       		.byte	0
 1850 0153 00       		.byte	0
 1851 0154 16       		.uleb128 0x16
 1852 0155 26       		.uleb128 0x26
 1853 0156 00       		.byte	0
 1854 0157 49       		.uleb128 0x49
 1855 0158 13       		.uleb128 0x13
 1856 0159 00       		.byte	0
 1857 015a 00       		.byte	0
 1858 015b 17       		.uleb128 0x17
ARM GAS  C:\Users\jagumiel\AppData\Local\Temp\ccluCK0A.s 			page 38


 1859 015c 2E       		.uleb128 0x2e
 1860 015d 00       		.byte	0
 1861 015e 3F       		.uleb128 0x3f
 1862 015f 19       		.uleb128 0x19
 1863 0160 3C       		.uleb128 0x3c
 1864 0161 19       		.uleb128 0x19
 1865 0162 6E       		.uleb128 0x6e
 1866 0163 0E       		.uleb128 0xe
 1867 0164 03       		.uleb128 0x3
 1868 0165 0E       		.uleb128 0xe
 1869 0166 3A       		.uleb128 0x3a
 1870 0167 0B       		.uleb128 0xb
 1871 0168 3B       		.uleb128 0x3b
 1872 0169 0B       		.uleb128 0xb
 1873 016a 00       		.byte	0
 1874 016b 00       		.byte	0
 1875 016c 18       		.uleb128 0x18
 1876 016d 2E       		.uleb128 0x2e
 1877 016e 00       		.byte	0
 1878 016f 3F       		.uleb128 0x3f
 1879 0170 19       		.uleb128 0x19
 1880 0171 3C       		.uleb128 0x3c
 1881 0172 19       		.uleb128 0x19
 1882 0173 6E       		.uleb128 0x6e
 1883 0174 0E       		.uleb128 0xe
 1884 0175 03       		.uleb128 0x3
 1885 0176 0E       		.uleb128 0xe
 1886 0177 3A       		.uleb128 0x3a
 1887 0178 0B       		.uleb128 0xb
 1888 0179 3B       		.uleb128 0x3b
 1889 017a 05       		.uleb128 0x5
 1890 017b 00       		.byte	0
 1891 017c 00       		.byte	0
 1892 017d 00       		.byte	0
 1893              		.section	.debug_loc,"",%progbits
 1894              	.Ldebug_loc0:
 1895              	.LLST0:
 1896 0000 00000000 		.4byte	.LVL0
 1897 0004 08000000 		.4byte	.LVL1
 1898 0008 0100     		.2byte	0x1
 1899 000a 50       		.byte	0x50
 1900 000b 08000000 		.4byte	.LVL1
 1901 000f 28000000 		.4byte	.LFE35
 1902 0013 0400     		.2byte	0x4
 1903 0015 F3       		.byte	0xf3
 1904 0016 01       		.uleb128 0x1
 1905 0017 50       		.byte	0x50
 1906 0018 9F       		.byte	0x9f
 1907 0019 00000000 		.4byte	0
 1908 001d 00000000 		.4byte	0
 1909              	.LLST1:
 1910 0021 0A000000 		.4byte	.LVL18
 1911 0025 20000000 		.4byte	.LVL19
 1912 0029 0100     		.2byte	0x1
 1913 002b 50       		.byte	0x50
 1914 002c D4000000 		.4byte	.LVL41
 1915 0030 D6000000 		.4byte	.LVL42
ARM GAS  C:\Users\jagumiel\AppData\Local\Temp\ccluCK0A.s 			page 39


 1916 0034 0100     		.2byte	0x1
 1917 0036 50       		.byte	0x50
 1918 0037 00000000 		.4byte	0
 1919 003b 00000000 		.4byte	0
 1920              	.LLST2:
 1921 003f 26000000 		.4byte	.LVL21
 1922 0043 50000000 		.4byte	.LVL23
 1923 0047 0100     		.2byte	0x1
 1924 0049 50       		.byte	0x50
 1925 004a 72000000 		.4byte	.LVL29
 1926 004e 78000000 		.4byte	.LVL30
 1927 0052 0100     		.2byte	0x1
 1928 0054 50       		.byte	0x50
 1929 0055 00000000 		.4byte	0
 1930 0059 00000000 		.4byte	0
 1931              	.LLST3:
 1932 005d 20000000 		.4byte	.LVL19
 1933 0061 D4000000 		.4byte	.LVL41
 1934 0065 0100     		.2byte	0x1
 1935 0067 55       		.byte	0x55
 1936 0068 00000000 		.4byte	0
 1937 006c 00000000 		.4byte	0
 1938              	.LLST4:
 1939 0070 0A000000 		.4byte	.LVL18
 1940 0074 20000000 		.4byte	.LVL19
 1941 0078 0200     		.2byte	0x2
 1942 007a 30       		.byte	0x30
 1943 007b 9F       		.byte	0x9f
 1944 007c 20000000 		.4byte	.LVL19
 1945 0080 D4000000 		.4byte	.LVL41
 1946 0084 0100     		.2byte	0x1
 1947 0086 54       		.byte	0x54
 1948 0087 D4000000 		.4byte	.LVL41
 1949 008b D6000000 		.4byte	.LVL42
 1950 008f 0200     		.2byte	0x2
 1951 0091 30       		.byte	0x30
 1952 0092 9F       		.byte	0x9f
 1953 0093 00000000 		.4byte	0
 1954 0097 00000000 		.4byte	0
 1955              	.LLST5:
 1956 009b BE000000 		.4byte	.LVL38
 1957 009f CC000000 		.4byte	.LVL40
 1958 00a3 0100     		.2byte	0x1
 1959 00a5 53       		.byte	0x53
 1960 00a6 00000000 		.4byte	0
 1961 00aa 00000000 		.4byte	0
 1962              	.LLST6:
 1963 00ae 00000000 		.4byte	.LVL43
 1964 00b2 08000000 		.4byte	.LVL44
 1965 00b6 0100     		.2byte	0x1
 1966 00b8 50       		.byte	0x50
 1967 00b9 08000000 		.4byte	.LVL44
 1968 00bd 20000000 		.4byte	.LFE40
 1969 00c1 0400     		.2byte	0x4
 1970 00c3 F3       		.byte	0xf3
 1971 00c4 01       		.uleb128 0x1
 1972 00c5 50       		.byte	0x50
ARM GAS  C:\Users\jagumiel\AppData\Local\Temp\ccluCK0A.s 			page 40


 1973 00c6 9F       		.byte	0x9f
 1974 00c7 00000000 		.4byte	0
 1975 00cb 00000000 		.4byte	0
 1976              	.LLST7:
 1977 00cf 00000000 		.4byte	.LVL46
 1978 00d3 06000000 		.4byte	.LVL47
 1979 00d7 0100     		.2byte	0x1
 1980 00d9 50       		.byte	0x50
 1981 00da 06000000 		.4byte	.LVL47
 1982 00de 09000000 		.4byte	.LVL48-1
 1983 00e2 0100     		.2byte	0x1
 1984 00e4 51       		.byte	0x51
 1985 00e5 09000000 		.4byte	.LVL48-1
 1986 00e9 14000000 		.4byte	.LFE41
 1987 00ed 0400     		.2byte	0x4
 1988 00ef F3       		.byte	0xf3
 1989 00f0 01       		.uleb128 0x1
 1990 00f1 50       		.byte	0x50
 1991 00f2 9F       		.byte	0x9f
 1992 00f3 00000000 		.4byte	0
 1993 00f7 00000000 		.4byte	0
 1994              	.LLST8:
 1995 00fb 32000000 		.4byte	.LVL54
 1996 00ff 36000000 		.4byte	.LVL55
 1997 0103 0200     		.2byte	0x2
 1998 0105 30       		.byte	0x30
 1999 0106 9F       		.byte	0x9f
 2000 0107 36000000 		.4byte	.LVL55
 2001 010b 54000000 		.4byte	.LVL59
 2002 010f 0100     		.2byte	0x1
 2003 0111 54       		.byte	0x54
 2004 0112 00000000 		.4byte	0
 2005 0116 00000000 		.4byte	0
 2006              	.LLST9:
 2007 011a 64000000 		.4byte	.LVL60
 2008 011e 68000000 		.4byte	.LVL61
 2009 0122 0200     		.2byte	0x2
 2010 0124 30       		.byte	0x30
 2011 0125 9F       		.byte	0x9f
 2012 0126 68000000 		.4byte	.LVL61
 2013 012a 86000000 		.4byte	.LVL65
 2014 012e 0100     		.2byte	0x1
 2015 0130 54       		.byte	0x54
 2016 0131 00000000 		.4byte	0
 2017 0135 00000000 		.4byte	0
 2018              		.section	.debug_aranges,"",%progbits
 2019 0000 54000000 		.4byte	0x54
 2020 0004 0200     		.2byte	0x2
 2021 0006 00000000 		.4byte	.Ldebug_info0
 2022 000a 04       		.byte	0x4
 2023 000b 00       		.byte	0
 2024 000c 0000     		.2byte	0
 2025 000e 0000     		.2byte	0
 2026 0010 00000000 		.4byte	.LFB35
 2027 0014 28000000 		.4byte	.LFE35-.LFB35
 2028 0018 00000000 		.4byte	.LFB36
 2029 001c 24000000 		.4byte	.LFE36-.LFB36
ARM GAS  C:\Users\jagumiel\AppData\Local\Temp\ccluCK0A.s 			page 41


 2030 0020 00000000 		.4byte	.LFB37
 2031 0024 24000000 		.4byte	.LFE37-.LFB37
 2032 0028 00000000 		.4byte	.LFB38
 2033 002c 5C000000 		.4byte	.LFE38-.LFB38
 2034 0030 00000000 		.4byte	.LFB39
 2035 0034 F4000000 		.4byte	.LFE39-.LFB39
 2036 0038 00000000 		.4byte	.LFB40
 2037 003c 20000000 		.4byte	.LFE40-.LFB40
 2038 0040 00000000 		.4byte	.LFB41
 2039 0044 14000000 		.4byte	.LFE41-.LFB41
 2040 0048 00000000 		.4byte	.LFB42
 2041 004c 98000000 		.4byte	.LFE42-.LFB42
 2042 0050 00000000 		.4byte	0
 2043 0054 00000000 		.4byte	0
 2044              		.section	.debug_ranges,"",%progbits
 2045              	.Ldebug_ranges0:
 2046 0000 00000000 		.4byte	.LFB35
 2047 0004 28000000 		.4byte	.LFE35
 2048 0008 00000000 		.4byte	.LFB36
 2049 000c 24000000 		.4byte	.LFE36
 2050 0010 00000000 		.4byte	.LFB37
 2051 0014 24000000 		.4byte	.LFE37
 2052 0018 00000000 		.4byte	.LFB38
 2053 001c 5C000000 		.4byte	.LFE38
 2054 0020 00000000 		.4byte	.LFB39
 2055 0024 F4000000 		.4byte	.LFE39
 2056 0028 00000000 		.4byte	.LFB40
 2057 002c 20000000 		.4byte	.LFE40
 2058 0030 00000000 		.4byte	.LFB41
 2059 0034 14000000 		.4byte	.LFE41
 2060 0038 00000000 		.4byte	.LFB42
 2061 003c 98000000 		.4byte	.LFE42
 2062 0040 00000000 		.4byte	0
 2063 0044 00000000 		.4byte	0
 2064              		.section	.debug_line,"",%progbits
 2065              	.Ldebug_line0:
 2066 0000 85020000 		.section	.debug_str,"MS",%progbits,1
 2066      02004201 
 2066      00000201 
 2066      FB0E0D00 
 2066      01010101 
 2067              	.LASF17:
 2068 0000 7365744F 		.ascii	"setOutput\000"
 2068      75747075 
 2068      7400
 2069              	.LASF21:
 2070 000a 61727261 		.ascii	"arrayData\000"
 2070      79446174 
 2070      6100
 2071              	.LASF19:
 2072 0014 63686172 		.ascii	"charCMD\000"
 2072      434D4400 
 2073              	.LASF28:
 2074 001c 73746570 		.ascii	"stepCounter\000"
 2074      436F756E 
 2074      74657200 
 2075              	.LASF14:
ARM GAS  C:\Users\jagumiel\AppData\Local\Temp\ccluCK0A.s 			page 42


 2076 0028 636C6F63 		.ascii	"clockwise\000"
 2076      6B776973 
 2076      6500
 2077              	.LASF24:
 2078 0032 73746570 		.ascii	"step\000"
 2078      00
 2079              	.LASF44:
 2080 0037 55415254 		.ascii	"UART_SpiUartWriteTxData\000"
 2080      5F537069 
 2080      55617274 
 2080      57726974 
 2080      65547844 
 2081              	.LASF47:
 2082 004f 55415254 		.ascii	"UART_Start\000"
 2082      5F537461 
 2082      727400
 2083              	.LASF10:
 2084 005a 646F7562 		.ascii	"double\000"
 2084      6C6500
 2085              	.LASF38:
 2086 0061 6D6F746F 		.ascii	"motorPin1_Write\000"
 2086      7250696E 
 2086      315F5772 
 2086      69746500 
 2087              	.LASF16:
 2088 0071 7072696E 		.ascii	"printMenu\000"
 2088      744D656E 
 2088      7500
 2089              	.LASF31:
 2090 007b 73746570 		.ascii	"stepsLookup\000"
 2090      734C6F6F 
 2090      6B757000 
 2091              	.LASF9:
 2092 0087 666C6F61 		.ascii	"float\000"
 2092      7400
 2093              	.LASF43:
 2094 008d 55415254 		.ascii	"UART_UartGetChar\000"
 2094      5F556172 
 2094      74476574 
 2094      43686172 
 2094      00
 2095              	.LASF39:
 2096 009e 6D6F746F 		.ascii	"motorPin2_Write\000"
 2096      7250696E 
 2096      325F5772 
 2096      69746500 
 2097              	.LASF34:
 2098 00ae 6D6F746F 		.ascii	"motorSpeed\000"
 2098      72537065 
 2098      656400
 2099              	.LASF5:
 2100 00b9 6C6F6E67 		.ascii	"long unsigned int\000"
 2100      20756E73 
 2100      69676E65 
 2100      6420696E 
 2100      7400
 2101              	.LASF30:
ARM GAS  C:\Users\jagumiel\AppData\Local\Temp\ccluCK0A.s 			page 43


 2102 00cb 6E756D53 		.ascii	"numSteps\000"
 2102      74657073 
 2102      00
 2103              	.LASF27:
 2104 00d4 73706565 		.ascii	"speedRPMs\000"
 2104      6452504D 
 2104      7300
 2105              	.LASF50:
 2106 00de 443A5C55 		.ascii	"D:\\Users\\jagumiel\\Documents\\PSoC Creator\\PSoC-"
 2106      73657273 
 2106      5C6A6167 
 2106      756D6965 
 2106      6C5C446F 
 2107 010c 3130315C 		.ascii	"101\\PSoC-101\\TrainingProjects\\StepperMotorContro"
 2107      50536F43 
 2107      2D313031 
 2107      5C547261 
 2107      696E696E 
 2108 013c 6C2E6379 		.ascii	"l.cydsn\000"
 2108      64736E00 
 2109              	.LASF40:
 2110 0144 6D6F746F 		.ascii	"motorPin3_Write\000"
 2110      7250696E 
 2110      335F5772 
 2110      69746500 
 2111              	.LASF1:
 2112 0154 756E7369 		.ascii	"unsigned char\000"
 2112      676E6564 
 2112      20636861 
 2112      7200
 2113              	.LASF33:
 2114 0162 72706D53 		.ascii	"rpmSpeed\000"
 2114      70656564 
 2114      00
 2115              	.LASF37:
 2116 016b 73746570 		.ascii	"steps\000"
 2116      7300
 2117              	.LASF36:
 2118 0171 64657369 		.ascii	"desiredPosition\000"
 2118      72656450 
 2118      6F736974 
 2118      696F6E00 
 2119              	.LASF52:
 2120 0181 6D61696E 		.ascii	"main\000"
 2120      00
 2121              	.LASF20:
 2122 0186 63686172 		.ascii	"charData\000"
 2122      44617461 
 2122      00
 2123              	.LASF18:
 2124 018f 67657444 		.ascii	"getData\000"
 2124      61746100 
 2125              	.LASF41:
 2126 0197 6D6F746F 		.ascii	"motorPin4_Write\000"
 2126      7250696E 
 2126      345F5772 
 2126      69746500 
ARM GAS  C:\Users\jagumiel\AppData\Local\Temp\ccluCK0A.s 			page 44


 2127              	.LASF51:
 2128 01a7 75696E74 		.ascii	"uint32\000"
 2128      333200
 2129              	.LASF15:
 2130 01ae 616E7469 		.ascii	"anticlockwise\000"
 2130      636C6F63 
 2130      6B776973 
 2130      6500
 2131              	.LASF8:
 2132 01bc 756E7369 		.ascii	"unsigned int\000"
 2132      676E6564 
 2132      20696E74 
 2132      00
 2133              	.LASF26:
 2134 01c9 73657453 		.ascii	"setSpeed\000"
 2134      70656564 
 2134      00
 2135              	.LASF7:
 2136 01d2 6C6F6E67 		.ascii	"long long unsigned int\000"
 2136      206C6F6E 
 2136      6720756E 
 2136      7369676E 
 2136      65642069 
 2137              	.LASF45:
 2138 01e9 61746F69 		.ascii	"atoi\000"
 2138      00
 2139              	.LASF48:
 2140 01ee 474E5520 		.ascii	"GNU C11 5.4.1 20160609 (release) [ARM/embedded-5-br"
 2140      43313120 
 2140      352E342E 
 2140      31203230 
 2140      31363036 
 2141 0221 616E6368 		.ascii	"anch revision 237715] -mcpu=cortex-m0 -mthumb -g -O"
 2141      20726576 
 2141      6973696F 
 2141      6E203233 
 2141      37373135 
 2142 0254 67202D66 		.ascii	"g -ffunction-sections -ffat-lto-objects\000"
 2142      66756E63 
 2142      74696F6E 
 2142      2D736563 
 2142      74696F6E 
 2143              	.LASF42:
 2144 027c 55415254 		.ascii	"UART_UartPutString\000"
 2144      5F556172 
 2144      74507574 
 2144      53747269 
 2144      6E6700
 2145              	.LASF29:
 2146 028f 73746570 		.ascii	"stepsPerRev\000"
 2146      73506572 
 2146      52657600 
 2147              	.LASF32:
 2148 029b 64656772 		.ascii	"degreePosition\000"
 2148      6565506F 
 2148      73697469 
 2148      6F6E00
ARM GAS  C:\Users\jagumiel\AppData\Local\Temp\ccluCK0A.s 			page 45


 2149              	.LASF25:
 2150 02aa 706F7344 		.ascii	"posDegrees\000"
 2150      65677265 
 2150      657300
 2151              	.LASF6:
 2152 02b5 6C6F6E67 		.ascii	"long long int\000"
 2152      206C6F6E 
 2152      6720696E 
 2152      7400
 2153              	.LASF35:
 2154 02c3 6D6F746F 		.ascii	"motorPosition\000"
 2154      72506F73 
 2154      6974696F 
 2154      6E00
 2155              	.LASF49:
 2156 02d1 6D61696E 		.ascii	"main.c\000"
 2156      2E6300
 2157              	.LASF23:
 2158 02d8 73657450 		.ascii	"setPosition\000"
 2158      6F736974 
 2158      696F6E00 
 2159              	.LASF13:
 2160 02e4 73697A65 		.ascii	"sizetype\000"
 2160      74797065 
 2160      00
 2161              	.LASF2:
 2162 02ed 73686F72 		.ascii	"short int\000"
 2162      7420696E 
 2162      7400
 2163              	.LASF4:
 2164 02f7 6C6F6E67 		.ascii	"long int\000"
 2164      20696E74 
 2164      00
 2165              	.LASF11:
 2166 0300 63686172 		.ascii	"char\000"
 2166      00
 2167              	.LASF12:
 2168 0305 6C6F6E67 		.ascii	"long double\000"
 2168      20646F75 
 2168      626C6500 
 2169              	.LASF0:
 2170 0311 7369676E 		.ascii	"signed char\000"
 2170      65642063 
 2170      68617200 
 2171              	.LASF3:
 2172 031d 73686F72 		.ascii	"short unsigned int\000"
 2172      7420756E 
 2172      7369676E 
 2172      65642069 
 2172      6E7400
 2173              	.LASF22:
 2174 0330 5F426F6F 		.ascii	"_Bool\000"
 2174      6C00
 2175              	.LASF46:
 2176 0336 43794465 		.ascii	"CyDelay\000"
 2176      6C617900 
 2177              		.ident	"GCC: (GNU Tools for ARM Embedded Processors) 5.4.1 20160609 (release) [ARM/embedded-5-bran
ARM GAS  C:\Users\jagumiel\AppData\Local\Temp\ccluCK0A.s 			page 46


