ARM GAS  C:\Users\jagumiel\AppData\Local\Temp\ccsJhowU.s 			page 1


   1              		.syntax unified
   2              		.cpu cortex-m0
   3              		.fpu softvfp
   4              		.eabi_attribute 20, 1
   5              		.eabi_attribute 21, 1
   6              		.eabi_attribute 23, 3
   7              		.eabi_attribute 24, 1
   8              		.eabi_attribute 25, 1
   9              		.eabi_attribute 26, 1
  10              		.eabi_attribute 30, 1
  11              		.eabi_attribute 34, 0
  12              		.eabi_attribute 18, 4
  13              		.thumb
  14              		.syntax unified
  15              		.file	"cyfitter_cfg.c"
  16              		.text
  17              	.Ltext0:
  18              		.cfi_sections	.debug_frame
  19              		.section	.text.CYMEMZERO,"ax",%progbits
  20              		.align	2
  21              		.code	16
  22              		.thumb_func
  23              		.type	CYMEMZERO, %function
  24              	CYMEMZERO:
  25              	.LFB0:
  26              		.file 1 "Generated_Source\\PSoC4\\cyfitter_cfg.c"
   1:Generated_Source\PSoC4/cyfitter_cfg.c **** 
   2:Generated_Source\PSoC4/cyfitter_cfg.c **** /*******************************************************************************
   3:Generated_Source\PSoC4/cyfitter_cfg.c **** * File Name: cyfitter_cfg.c
   4:Generated_Source\PSoC4/cyfitter_cfg.c **** * 
   5:Generated_Source\PSoC4/cyfitter_cfg.c **** * PSoC Creator  4.2
   6:Generated_Source\PSoC4/cyfitter_cfg.c **** *
   7:Generated_Source\PSoC4/cyfitter_cfg.c **** * Description:
   8:Generated_Source\PSoC4/cyfitter_cfg.c **** * This file contains device initialization code.
   9:Generated_Source\PSoC4/cyfitter_cfg.c **** * Except for the user defined sections in CyClockStartupError(), this file should not be modified.
  10:Generated_Source\PSoC4/cyfitter_cfg.c **** * This file is automatically generated by PSoC Creator.
  11:Generated_Source\PSoC4/cyfitter_cfg.c **** *
  12:Generated_Source\PSoC4/cyfitter_cfg.c **** ********************************************************************************
  13:Generated_Source\PSoC4/cyfitter_cfg.c **** * Copyright (c) 2007-2018 Cypress Semiconductor.  All rights reserved.
  14:Generated_Source\PSoC4/cyfitter_cfg.c **** * You may use this file only in accordance with the license, terms, conditions, 
  15:Generated_Source\PSoC4/cyfitter_cfg.c **** * disclaimers, and limitations in the end user license agreement accompanying 
  16:Generated_Source\PSoC4/cyfitter_cfg.c **** * the software package with which this file was provided.
  17:Generated_Source\PSoC4/cyfitter_cfg.c **** ********************************************************************************/
  18:Generated_Source\PSoC4/cyfitter_cfg.c **** 
  19:Generated_Source\PSoC4/cyfitter_cfg.c **** #include <string.h>
  20:Generated_Source\PSoC4/cyfitter_cfg.c **** #include "cytypes.h"
  21:Generated_Source\PSoC4/cyfitter_cfg.c **** #include "cydevice_trm.h"
  22:Generated_Source\PSoC4/cyfitter_cfg.c **** #include "cyfitter.h"
  23:Generated_Source\PSoC4/cyfitter_cfg.c **** #include "CyLib.h"
  24:Generated_Source\PSoC4/cyfitter_cfg.c **** #include "CyLFClk.h"
  25:Generated_Source\PSoC4/cyfitter_cfg.c **** #include "cyfitter_cfg.h"
  26:Generated_Source\PSoC4/cyfitter_cfg.c **** #include "cyapicallbacks.h"
  27:Generated_Source\PSoC4/cyfitter_cfg.c **** 
  28:Generated_Source\PSoC4/cyfitter_cfg.c **** 
  29:Generated_Source\PSoC4/cyfitter_cfg.c **** #if defined(__GNUC__) || defined(__ARMCC_VERSION)
  30:Generated_Source\PSoC4/cyfitter_cfg.c ****     #define CYPACKED 
  31:Generated_Source\PSoC4/cyfitter_cfg.c ****     #define CYPACKED_ATTR __attribute__ ((packed))
ARM GAS  C:\Users\jagumiel\AppData\Local\Temp\ccsJhowU.s 			page 2


  32:Generated_Source\PSoC4/cyfitter_cfg.c ****     #define CYALIGNED __attribute__ ((aligned))
  33:Generated_Source\PSoC4/cyfitter_cfg.c ****     #define CY_CFG_UNUSED __attribute__ ((unused))
  34:Generated_Source\PSoC4/cyfitter_cfg.c ****     #ifndef CY_CFG_SECTION
  35:Generated_Source\PSoC4/cyfitter_cfg.c ****         #define CY_CFG_SECTION __attribute__ ((section(".psocinit")))
  36:Generated_Source\PSoC4/cyfitter_cfg.c ****     #endif
  37:Generated_Source\PSoC4/cyfitter_cfg.c ****     
  38:Generated_Source\PSoC4/cyfitter_cfg.c ****     #if defined(__ARMCC_VERSION)
  39:Generated_Source\PSoC4/cyfitter_cfg.c ****         #define CY_CFG_MEMORY_BARRIER() __memory_changed()
  40:Generated_Source\PSoC4/cyfitter_cfg.c ****     #else
  41:Generated_Source\PSoC4/cyfitter_cfg.c ****         #define CY_CFG_MEMORY_BARRIER() __sync_synchronize()
  42:Generated_Source\PSoC4/cyfitter_cfg.c ****     #endif
  43:Generated_Source\PSoC4/cyfitter_cfg.c ****     
  44:Generated_Source\PSoC4/cyfitter_cfg.c **** #elif defined(__ICCARM__)
  45:Generated_Source\PSoC4/cyfitter_cfg.c ****     #include <intrinsics.h>
  46:Generated_Source\PSoC4/cyfitter_cfg.c **** 
  47:Generated_Source\PSoC4/cyfitter_cfg.c ****     #define CYPACKED __packed
  48:Generated_Source\PSoC4/cyfitter_cfg.c ****     #define CYPACKED_ATTR 
  49:Generated_Source\PSoC4/cyfitter_cfg.c ****     #define CYALIGNED _Pragma("data_alignment=4")
  50:Generated_Source\PSoC4/cyfitter_cfg.c ****     #define CY_CFG_UNUSED _Pragma("diag_suppress=Pe177")
  51:Generated_Source\PSoC4/cyfitter_cfg.c ****     #define CY_CFG_SECTION _Pragma("location=\".psocinit\"")
  52:Generated_Source\PSoC4/cyfitter_cfg.c ****     
  53:Generated_Source\PSoC4/cyfitter_cfg.c ****     #define CY_CFG_MEMORY_BARRIER() __DMB()
  54:Generated_Source\PSoC4/cyfitter_cfg.c ****     
  55:Generated_Source\PSoC4/cyfitter_cfg.c **** #else
  56:Generated_Source\PSoC4/cyfitter_cfg.c ****     #error Unsupported toolchain
  57:Generated_Source\PSoC4/cyfitter_cfg.c **** #endif
  58:Generated_Source\PSoC4/cyfitter_cfg.c **** 
  59:Generated_Source\PSoC4/cyfitter_cfg.c **** #ifndef CYCODE
  60:Generated_Source\PSoC4/cyfitter_cfg.c ****     #define CYCODE
  61:Generated_Source\PSoC4/cyfitter_cfg.c **** #endif
  62:Generated_Source\PSoC4/cyfitter_cfg.c **** #ifndef CYDATA
  63:Generated_Source\PSoC4/cyfitter_cfg.c ****     #define CYDATA
  64:Generated_Source\PSoC4/cyfitter_cfg.c **** #endif
  65:Generated_Source\PSoC4/cyfitter_cfg.c **** #ifndef CYFAR
  66:Generated_Source\PSoC4/cyfitter_cfg.c ****     #define CYFAR
  67:Generated_Source\PSoC4/cyfitter_cfg.c **** #endif
  68:Generated_Source\PSoC4/cyfitter_cfg.c **** #ifndef CYXDATA
  69:Generated_Source\PSoC4/cyfitter_cfg.c ****     #define CYXDATA
  70:Generated_Source\PSoC4/cyfitter_cfg.c **** #endif
  71:Generated_Source\PSoC4/cyfitter_cfg.c **** 
  72:Generated_Source\PSoC4/cyfitter_cfg.c **** 
  73:Generated_Source\PSoC4/cyfitter_cfg.c **** CY_CFG_UNUSED
  74:Generated_Source\PSoC4/cyfitter_cfg.c **** static void CYMEMZERO(void *s, size_t n);
  75:Generated_Source\PSoC4/cyfitter_cfg.c **** CY_CFG_UNUSED
  76:Generated_Source\PSoC4/cyfitter_cfg.c **** static void CYMEMZERO(void *s, size_t n)
  77:Generated_Source\PSoC4/cyfitter_cfg.c **** {
  27              		.loc 1 77 0
  28              		.cfi_startproc
  29              		@ args = 0, pretend = 0, frame = 0
  30              		@ frame_needed = 0, uses_anonymous_args = 0
  31              	.LVL0:
  32 0000 10B5     		push	{r4, lr}
  33              		.cfi_def_cfa_offset 8
  34              		.cfi_offset 4, -8
  35              		.cfi_offset 14, -4
  36 0002 0A00     		movs	r2, r1
  78:Generated_Source\PSoC4/cyfitter_cfg.c **** 	(void)memset(s, 0, n);
ARM GAS  C:\Users\jagumiel\AppData\Local\Temp\ccsJhowU.s 			page 3


  37              		.loc 1 78 0
  38 0004 0021     		movs	r1, #0
  39              	.LVL1:
  40 0006 FFF7FEFF 		bl	memset
  41              	.LVL2:
  79:Generated_Source\PSoC4/cyfitter_cfg.c **** }
  42              		.loc 1 79 0
  43              		@ sp needed
  44 000a 10BD     		pop	{r4, pc}
  45              		.cfi_endproc
  46              	.LFE0:
  47              		.size	CYMEMZERO, .-CYMEMZERO
  48              		.section	.psocinit,"ax",%progbits
  49              		.align	2
  50              		.code	16
  51              		.thumb_func
  52              		.type	ClockSetup, %function
  53              	ClockSetup:
  54              	.LFB3:
  80:Generated_Source\PSoC4/cyfitter_cfg.c **** CY_CFG_UNUSED
  81:Generated_Source\PSoC4/cyfitter_cfg.c **** static void CYCONFIGCPY(void *dest, const void *src, size_t n);
  82:Generated_Source\PSoC4/cyfitter_cfg.c **** CY_CFG_UNUSED
  83:Generated_Source\PSoC4/cyfitter_cfg.c **** static void CYCONFIGCPY(void *dest, const void *src, size_t n)
  84:Generated_Source\PSoC4/cyfitter_cfg.c **** {
  85:Generated_Source\PSoC4/cyfitter_cfg.c **** 	(void)memcpy(dest, src, n);
  86:Generated_Source\PSoC4/cyfitter_cfg.c **** }
  87:Generated_Source\PSoC4/cyfitter_cfg.c **** CY_CFG_UNUSED
  88:Generated_Source\PSoC4/cyfitter_cfg.c **** static void CYCONFIGCPYCODE(void *dest, const void *src, size_t n);
  89:Generated_Source\PSoC4/cyfitter_cfg.c **** CY_CFG_UNUSED
  90:Generated_Source\PSoC4/cyfitter_cfg.c **** static void CYCONFIGCPYCODE(void *dest, const void *src, size_t n)
  91:Generated_Source\PSoC4/cyfitter_cfg.c **** {
  92:Generated_Source\PSoC4/cyfitter_cfg.c **** 	(void)memcpy(dest, src, n);
  93:Generated_Source\PSoC4/cyfitter_cfg.c **** }
  94:Generated_Source\PSoC4/cyfitter_cfg.c **** 
  95:Generated_Source\PSoC4/cyfitter_cfg.c **** 
  96:Generated_Source\PSoC4/cyfitter_cfg.c **** 
  97:Generated_Source\PSoC4/cyfitter_cfg.c **** 
  98:Generated_Source\PSoC4/cyfitter_cfg.c **** /* Clock startup error codes                                                   */
  99:Generated_Source\PSoC4/cyfitter_cfg.c **** #define CYCLOCKSTART_NO_ERROR    0u
 100:Generated_Source\PSoC4/cyfitter_cfg.c **** #define CYCLOCKSTART_XTAL_ERROR  1u
 101:Generated_Source\PSoC4/cyfitter_cfg.c **** #define CYCLOCKSTART_32KHZ_ERROR 2u
 102:Generated_Source\PSoC4/cyfitter_cfg.c **** #define CYCLOCKSTART_PLL_ERROR   3u
 103:Generated_Source\PSoC4/cyfitter_cfg.c **** #define CYCLOCKSTART_FLL_ERROR   4u
 104:Generated_Source\PSoC4/cyfitter_cfg.c **** #define CYCLOCKSTART_WCO_ERROR   5u
 105:Generated_Source\PSoC4/cyfitter_cfg.c **** 
 106:Generated_Source\PSoC4/cyfitter_cfg.c **** 
 107:Generated_Source\PSoC4/cyfitter_cfg.c **** #ifdef CY_NEED_CYCLOCKSTARTUPERROR
 108:Generated_Source\PSoC4/cyfitter_cfg.c **** /*******************************************************************************
 109:Generated_Source\PSoC4/cyfitter_cfg.c **** * Function Name: CyClockStartupError
 110:Generated_Source\PSoC4/cyfitter_cfg.c **** ********************************************************************************
 111:Generated_Source\PSoC4/cyfitter_cfg.c **** * Summary:
 112:Generated_Source\PSoC4/cyfitter_cfg.c **** *  If an error is encountered during clock configuration (crystal startup error,
 113:Generated_Source\PSoC4/cyfitter_cfg.c **** *  PLL lock error, etc.), the system will end up here.  Unless reimplemented by
 114:Generated_Source\PSoC4/cyfitter_cfg.c **** *  the customer, this function will stop in an infinite loop.
 115:Generated_Source\PSoC4/cyfitter_cfg.c **** *
 116:Generated_Source\PSoC4/cyfitter_cfg.c **** * Parameters:
 117:Generated_Source\PSoC4/cyfitter_cfg.c **** *   void
ARM GAS  C:\Users\jagumiel\AppData\Local\Temp\ccsJhowU.s 			page 4


 118:Generated_Source\PSoC4/cyfitter_cfg.c **** *
 119:Generated_Source\PSoC4/cyfitter_cfg.c **** * Return:
 120:Generated_Source\PSoC4/cyfitter_cfg.c **** *   void
 121:Generated_Source\PSoC4/cyfitter_cfg.c **** *
 122:Generated_Source\PSoC4/cyfitter_cfg.c **** *******************************************************************************/
 123:Generated_Source\PSoC4/cyfitter_cfg.c **** CY_CFG_UNUSED
 124:Generated_Source\PSoC4/cyfitter_cfg.c **** static void CyClockStartupError(uint8 errorCode);
 125:Generated_Source\PSoC4/cyfitter_cfg.c **** CY_CFG_UNUSED
 126:Generated_Source\PSoC4/cyfitter_cfg.c **** static void CyClockStartupError(uint8 errorCode)
 127:Generated_Source\PSoC4/cyfitter_cfg.c **** {
 128:Generated_Source\PSoC4/cyfitter_cfg.c ****     /* To remove the compiler warning if errorCode not used.                */
 129:Generated_Source\PSoC4/cyfitter_cfg.c ****     errorCode = errorCode;
 130:Generated_Source\PSoC4/cyfitter_cfg.c **** 
 131:Generated_Source\PSoC4/cyfitter_cfg.c ****     /* If we have a clock startup error (bad MHz crystal, PLL lock, etc.),  */
 132:Generated_Source\PSoC4/cyfitter_cfg.c ****     /* we will end up here to allow the customer to implement something to  */
 133:Generated_Source\PSoC4/cyfitter_cfg.c ****     /* deal with the clock condition.                                       */
 134:Generated_Source\PSoC4/cyfitter_cfg.c **** 
 135:Generated_Source\PSoC4/cyfitter_cfg.c **** #ifdef CY_CFG_CLOCK_STARTUP_ERROR_CALLBACK
 136:Generated_Source\PSoC4/cyfitter_cfg.c ****     CY_CFG_Clock_Startup_ErrorCallback();
 137:Generated_Source\PSoC4/cyfitter_cfg.c **** #else
 138:Generated_Source\PSoC4/cyfitter_cfg.c ****     /*  If not using CY_CFG_CLOCK_STARTUP_ERROR_CALLBACK, place your clock startup code here. */
 139:Generated_Source\PSoC4/cyfitter_cfg.c ****     /* `#START CyClockStartupError` */
 140:Generated_Source\PSoC4/cyfitter_cfg.c **** 
 141:Generated_Source\PSoC4/cyfitter_cfg.c **** 
 142:Generated_Source\PSoC4/cyfitter_cfg.c **** 
 143:Generated_Source\PSoC4/cyfitter_cfg.c ****     /* `#END` */
 144:Generated_Source\PSoC4/cyfitter_cfg.c **** 
 145:Generated_Source\PSoC4/cyfitter_cfg.c ****     while(1) {}
 146:Generated_Source\PSoC4/cyfitter_cfg.c **** #endif /* CY_CFG_CLOCK_STARTUP_ERROR_CALLBACK */
 147:Generated_Source\PSoC4/cyfitter_cfg.c **** }
 148:Generated_Source\PSoC4/cyfitter_cfg.c **** #endif
 149:Generated_Source\PSoC4/cyfitter_cfg.c **** 
 150:Generated_Source\PSoC4/cyfitter_cfg.c **** 
 151:Generated_Source\PSoC4/cyfitter_cfg.c **** 
 152:Generated_Source\PSoC4/cyfitter_cfg.c **** /*******************************************************************************
 153:Generated_Source\PSoC4/cyfitter_cfg.c **** * Function Name: ClockSetup
 154:Generated_Source\PSoC4/cyfitter_cfg.c **** ********************************************************************************
 155:Generated_Source\PSoC4/cyfitter_cfg.c **** *
 156:Generated_Source\PSoC4/cyfitter_cfg.c **** * Summary:
 157:Generated_Source\PSoC4/cyfitter_cfg.c **** *   Performs the initialization of all of the clocks in the device based on the
 158:Generated_Source\PSoC4/cyfitter_cfg.c **** *   settings in the Clock tab of the DWR.  This includes enabling the requested
 159:Generated_Source\PSoC4/cyfitter_cfg.c **** *   clocks and setting the necessary dividers to produce the desired frequency. 
 160:Generated_Source\PSoC4/cyfitter_cfg.c **** *
 161:Generated_Source\PSoC4/cyfitter_cfg.c **** * Parameters:
 162:Generated_Source\PSoC4/cyfitter_cfg.c **** *   void
 163:Generated_Source\PSoC4/cyfitter_cfg.c **** *
 164:Generated_Source\PSoC4/cyfitter_cfg.c **** * Return:
 165:Generated_Source\PSoC4/cyfitter_cfg.c **** *   void
 166:Generated_Source\PSoC4/cyfitter_cfg.c **** *
 167:Generated_Source\PSoC4/cyfitter_cfg.c **** *******************************************************************************/
 168:Generated_Source\PSoC4/cyfitter_cfg.c **** static void ClockSetup(void);
 169:Generated_Source\PSoC4/cyfitter_cfg.c **** CY_CFG_SECTION
 170:Generated_Source\PSoC4/cyfitter_cfg.c **** static void ClockSetup(void)
 171:Generated_Source\PSoC4/cyfitter_cfg.c **** {
  55              		.loc 1 171 0
  56              		.cfi_startproc
  57              		@ args = 0, pretend = 0, frame = 0
ARM GAS  C:\Users\jagumiel\AppData\Local\Temp\ccsJhowU.s 			page 5


  58              		@ frame_needed = 0, uses_anonymous_args = 0
  59 0000 70B5     		push	{r4, r5, r6, lr}
  60              		.cfi_def_cfa_offset 16
  61              		.cfi_offset 4, -16
  62              		.cfi_offset 5, -12
  63              		.cfi_offset 6, -8
  64              		.cfi_offset 14, -4
 172:Generated_Source\PSoC4/cyfitter_cfg.c **** 	/* Enable HALF_EN before trimming for the flash accelerator. */
 173:Generated_Source\PSoC4/cyfitter_cfg.c **** 	CY_SET_REG32((void CYXDATA *)(CYREG_CLK_SELECT), (CY_GET_REG32((void *)CYREG_CLK_SELECT) | 0x00040
  65              		.loc 1 173 0
  66 0002 164C     		ldr	r4, .L3
  67 0004 2368     		ldr	r3, [r4]
  68 0006 8022     		movs	r2, #128
  69 0008 D202     		lsls	r2, r2, #11
  70 000a 1343     		orrs	r3, r2
  71 000c 2360     		str	r3, [r4]
 174:Generated_Source\PSoC4/cyfitter_cfg.c **** 
 175:Generated_Source\PSoC4/cyfitter_cfg.c **** 	/* Setup and trim IMO based on desired frequency. */
 176:Generated_Source\PSoC4/cyfitter_cfg.c **** 	CySysClkWriteImoFreq(24u);
  72              		.loc 1 176 0
  73 000e 1820     		movs	r0, #24
  74 0010 FFF7FEFF 		bl	CySysClkWriteImoFreq
  75              	.LVL3:
 177:Generated_Source\PSoC4/cyfitter_cfg.c **** 
 178:Generated_Source\PSoC4/cyfitter_cfg.c **** 	/* Disable HALF_EN since it is not required at this IMO frequency. */
 179:Generated_Source\PSoC4/cyfitter_cfg.c **** 	CY_SET_REG32((void CYXDATA *)(CYREG_CLK_SELECT), (CY_GET_REG32((void *)CYREG_CLK_SELECT) & 0xFFFBF
  76              		.loc 1 179 0
  77 0014 2268     		ldr	r2, [r4]
  78 0016 124B     		ldr	r3, .L3+4
  79 0018 1340     		ands	r3, r2
  80 001a 2360     		str	r3, [r4]
 180:Generated_Source\PSoC4/cyfitter_cfg.c **** 	/* CYDEV_CLK_ILO_CONFIG Starting address: CYDEV_CLK_ILO_CONFIG */
 181:Generated_Source\PSoC4/cyfitter_cfg.c **** 	CY_SET_REG32((void *)(CYREG_CLK_ILO_CONFIG), 0x80000006u);
  81              		.loc 1 181 0
  82 001c 114A     		ldr	r2, .L3+8
  83 001e 124B     		ldr	r3, .L3+12
  84 0020 1A60     		str	r2, [r3]
 182:Generated_Source\PSoC4/cyfitter_cfg.c **** 
 183:Generated_Source\PSoC4/cyfitter_cfg.c **** 
 184:Generated_Source\PSoC4/cyfitter_cfg.c **** 	/* CYDEV_CLK_SELECT00 Starting address: CYDEV_CLK_SELECT00 */
 185:Generated_Source\PSoC4/cyfitter_cfg.c **** 	CY_SET_REG32((void *)(CYREG_CLK_SELECT02), 0x00000020u);
  85              		.loc 1 185 0
  86 0022 2022     		movs	r2, #32
  87 0024 114B     		ldr	r3, .L3+16
  88 0026 1A60     		str	r2, [r3]
 186:Generated_Source\PSoC4/cyfitter_cfg.c **** 	CY_SET_REG32((void *)(CYREG_CLK_SELECT03), 0x00000010u);
  89              		.loc 1 186 0
  90 0028 103A     		subs	r2, r2, #16
  91 002a 114B     		ldr	r3, .L3+20
  92 002c 1A60     		str	r2, [r3]
 187:Generated_Source\PSoC4/cyfitter_cfg.c **** 
 188:Generated_Source\PSoC4/cyfitter_cfg.c **** 	/* CYDEV_CLK_IMO_CONFIG Starting address: CYDEV_CLK_IMO_CONFIG */
 189:Generated_Source\PSoC4/cyfitter_cfg.c **** 	CY_SET_REG32((void *)(CYREG_CLK_IMO_CONFIG), 0x80000000u);
  93              		.loc 1 189 0
  94 002e 8022     		movs	r2, #128
  95 0030 1206     		lsls	r2, r2, #24
  96 0032 104B     		ldr	r3, .L3+24
ARM GAS  C:\Users\jagumiel\AppData\Local\Temp\ccsJhowU.s 			page 6


  97 0034 1A60     		str	r2, [r3]
 190:Generated_Source\PSoC4/cyfitter_cfg.c **** 
 191:Generated_Source\PSoC4/cyfitter_cfg.c **** 	/* CYDEV_CLK_SELECT Starting address: CYDEV_CLK_SELECT */
 192:Generated_Source\PSoC4/cyfitter_cfg.c **** 	CY_SET_REG32((void *)(CYREG_CLK_SELECT), 0x00000000u);
  98              		.loc 1 192 0
  99 0036 0025     		movs	r5, #0
 100 0038 2560     		str	r5, [r4]
 193:Generated_Source\PSoC4/cyfitter_cfg.c **** 
 194:Generated_Source\PSoC4/cyfitter_cfg.c **** 	/* CYDEV_CLK_DIVIDER_A00 Starting address: CYDEV_CLK_DIVIDER_A00 */
 195:Generated_Source\PSoC4/cyfitter_cfg.c **** 	CY_SET_REG32((void *)(CYREG_CLK_DIVIDER_A00), 0x8000000Eu);
 101              		.loc 1 195 0
 102 003a 0F4A     		ldr	r2, .L3+28
 103 003c 0F4B     		ldr	r3, .L3+32
 104 003e 1A60     		str	r2, [r3]
 196:Generated_Source\PSoC4/cyfitter_cfg.c **** 
 197:Generated_Source\PSoC4/cyfitter_cfg.c **** 	/* CYDEV_CLK_DIVIDER_B00 Starting address: CYDEV_CLK_DIVIDER_B00 */
 198:Generated_Source\PSoC4/cyfitter_cfg.c **** 	CY_SET_REG32((void *)(CYREG_CLK_DIVIDER_B00), 0x80000010u);
 105              		.loc 1 198 0
 106 0040 0F4A     		ldr	r2, .L3+36
 107 0042 104B     		ldr	r3, .L3+40
 108 0044 1A60     		str	r2, [r3]
 199:Generated_Source\PSoC4/cyfitter_cfg.c **** 
 200:Generated_Source\PSoC4/cyfitter_cfg.c **** 	(void)CyIntSetVector(9u, &CySysWdtIsr);
 109              		.loc 1 200 0
 110 0046 1049     		ldr	r1, .L3+44
 111 0048 0920     		movs	r0, #9
 112 004a FFF7FEFF 		bl	CyIntSetVector
 113              	.LVL4:
 201:Generated_Source\PSoC4/cyfitter_cfg.c **** 	CyIntEnable(9u);
 114              		.loc 1 201 0
 115 004e 0920     		movs	r0, #9
 116 0050 FFF7FEFF 		bl	CyIntEnable
 117              	.LVL5:
 202:Generated_Source\PSoC4/cyfitter_cfg.c **** 	CY_SET_REG32((void *)(CYREG_WDT_CONFIG), 0x00000000u);
 118              		.loc 1 202 0
 119 0054 0D4B     		ldr	r3, .L3+48
 120 0056 1D60     		str	r5, [r3]
 203:Generated_Source\PSoC4/cyfitter_cfg.c **** }
 121              		.loc 1 203 0
 122              		@ sp needed
 123 0058 70BD     		pop	{r4, r5, r6, pc}
 124              	.L4:
 125 005a C046     		.align	2
 126              	.L3:
 127 005c 00010B40 		.word	1074462976
 128 0060 FFFFFBFF 		.word	-262145
 129 0064 06000080 		.word	-2147483642
 130 0068 04010B40 		.word	1074462980
 131 006c 08020240 		.word	1073873416
 132 0070 0C020240 		.word	1073873420
 133 0074 08010B40 		.word	1074462984
 134 0078 0E000080 		.word	-2147483634
 135 007c 00000240 		.word	1073872896
 136 0080 10000080 		.word	-2147483632
 137 0084 40000240 		.word	1073872960
 138 0088 00000000 		.word	CySysWdtIsr
 139 008c 0C020B40 		.word	1074463244
ARM GAS  C:\Users\jagumiel\AppData\Local\Temp\ccsJhowU.s 			page 7


 140              		.cfi_endproc
 141              	.LFE3:
 142              		.size	ClockSetup, .-ClockSetup
 143              		.align	2
 144              		.global	cyfitter_cfg
 145              		.code	16
 146              		.thumb_func
 147              		.type	cyfitter_cfg, %function
 148              	cyfitter_cfg:
 149              	.LFB5:
 204:Generated_Source\PSoC4/cyfitter_cfg.c **** 
 205:Generated_Source\PSoC4/cyfitter_cfg.c **** 
 206:Generated_Source\PSoC4/cyfitter_cfg.c **** /* Analog API Functions */
 207:Generated_Source\PSoC4/cyfitter_cfg.c **** 
 208:Generated_Source\PSoC4/cyfitter_cfg.c **** 
 209:Generated_Source\PSoC4/cyfitter_cfg.c **** /*******************************************************************************
 210:Generated_Source\PSoC4/cyfitter_cfg.c **** * Function Name: AnalogSetDefault
 211:Generated_Source\PSoC4/cyfitter_cfg.c **** ********************************************************************************
 212:Generated_Source\PSoC4/cyfitter_cfg.c **** *
 213:Generated_Source\PSoC4/cyfitter_cfg.c **** * Summary:
 214:Generated_Source\PSoC4/cyfitter_cfg.c **** *  Sets up the analog portions of the chip to default values based on chip
 215:Generated_Source\PSoC4/cyfitter_cfg.c **** *  configuration options from the project.
 216:Generated_Source\PSoC4/cyfitter_cfg.c **** *
 217:Generated_Source\PSoC4/cyfitter_cfg.c **** * Parameters:
 218:Generated_Source\PSoC4/cyfitter_cfg.c **** *  void
 219:Generated_Source\PSoC4/cyfitter_cfg.c **** *
 220:Generated_Source\PSoC4/cyfitter_cfg.c **** * Return:
 221:Generated_Source\PSoC4/cyfitter_cfg.c **** *  void
 222:Generated_Source\PSoC4/cyfitter_cfg.c **** *
 223:Generated_Source\PSoC4/cyfitter_cfg.c **** *******************************************************************************/
 224:Generated_Source\PSoC4/cyfitter_cfg.c **** static void AnalogSetDefault(void);
 225:Generated_Source\PSoC4/cyfitter_cfg.c **** static void AnalogSetDefault(void)
 226:Generated_Source\PSoC4/cyfitter_cfg.c **** {
 227:Generated_Source\PSoC4/cyfitter_cfg.c **** }
 228:Generated_Source\PSoC4/cyfitter_cfg.c **** 
 229:Generated_Source\PSoC4/cyfitter_cfg.c **** 
 230:Generated_Source\PSoC4/cyfitter_cfg.c **** 
 231:Generated_Source\PSoC4/cyfitter_cfg.c **** 
 232:Generated_Source\PSoC4/cyfitter_cfg.c **** /*******************************************************************************
 233:Generated_Source\PSoC4/cyfitter_cfg.c **** * Function Name: cyfitter_cfg
 234:Generated_Source\PSoC4/cyfitter_cfg.c **** ********************************************************************************
 235:Generated_Source\PSoC4/cyfitter_cfg.c **** * Summary:
 236:Generated_Source\PSoC4/cyfitter_cfg.c **** *  This function is called by the start-up code for the selected device. It
 237:Generated_Source\PSoC4/cyfitter_cfg.c **** *  performs all of the necessary device configuration based on the design
 238:Generated_Source\PSoC4/cyfitter_cfg.c **** *  settings.  This includes settings from the Design Wide Resources (DWR) such
 239:Generated_Source\PSoC4/cyfitter_cfg.c **** *  as Clocks and Pins as well as any component configuration that is necessary.
 240:Generated_Source\PSoC4/cyfitter_cfg.c **** *
 241:Generated_Source\PSoC4/cyfitter_cfg.c **** * Parameters:
 242:Generated_Source\PSoC4/cyfitter_cfg.c **** *   void
 243:Generated_Source\PSoC4/cyfitter_cfg.c **** *
 244:Generated_Source\PSoC4/cyfitter_cfg.c **** * Return:
 245:Generated_Source\PSoC4/cyfitter_cfg.c **** *   void
 246:Generated_Source\PSoC4/cyfitter_cfg.c **** *
 247:Generated_Source\PSoC4/cyfitter_cfg.c **** *******************************************************************************/
 248:Generated_Source\PSoC4/cyfitter_cfg.c **** CY_CFG_SECTION
 249:Generated_Source\PSoC4/cyfitter_cfg.c **** void cyfitter_cfg(void)
 250:Generated_Source\PSoC4/cyfitter_cfg.c **** {
ARM GAS  C:\Users\jagumiel\AppData\Local\Temp\ccsJhowU.s 			page 8


 150              		.loc 1 250 0
 151              		.cfi_startproc
 152              		@ args = 0, pretend = 0, frame = 0
 153              		@ frame_needed = 0, uses_anonymous_args = 0
 154 0090 10B5     		push	{r4, lr}
 155              		.cfi_def_cfa_offset 8
 156              		.cfi_offset 4, -8
 157              		.cfi_offset 14, -4
 251:Generated_Source\PSoC4/cyfitter_cfg.c **** 	/* Disable interrupts by default. Let user enable if/when they want. */
 252:Generated_Source\PSoC4/cyfitter_cfg.c **** 	CyGlobalIntDisable;
 158              		.loc 1 252 0
 159              		.syntax divided
 160              	@ 252 "Generated_Source\PSoC4\cyfitter_cfg.c" 1
 161 0092 72B6     		CPSID   i
 162              	@ 0 "" 2
 163              	.LVL6:
 164              		.thumb
 165              		.syntax unified
 166              	.LBB2:
 253:Generated_Source\PSoC4/cyfitter_cfg.c **** 
 254:Generated_Source\PSoC4/cyfitter_cfg.c **** 	{
 255:Generated_Source\PSoC4/cyfitter_cfg.c **** 
 256:Generated_Source\PSoC4/cyfitter_cfg.c **** 		CYPACKED typedef struct {
 257:Generated_Source\PSoC4/cyfitter_cfg.c **** 			void CYFAR *address;
 258:Generated_Source\PSoC4/cyfitter_cfg.c **** 			uint16 size;
 259:Generated_Source\PSoC4/cyfitter_cfg.c **** 		} CYPACKED_ATTR cfg_memset_t;
 260:Generated_Source\PSoC4/cyfitter_cfg.c **** 
 261:Generated_Source\PSoC4/cyfitter_cfg.c **** 		static const cfg_memset_t CYCODE cfg_memset_list[] = {
 262:Generated_Source\PSoC4/cyfitter_cfg.c **** 			/* address, size */
 263:Generated_Source\PSoC4/cyfitter_cfg.c **** 			{(void CYFAR *)(CYDEV_UDB_P0_U0_BASE), 1024u},
 264:Generated_Source\PSoC4/cyfitter_cfg.c **** 			{(void CYFAR *)(CYDEV_UDB_DSI0_BASE), 1024u},
 265:Generated_Source\PSoC4/cyfitter_cfg.c **** 		};
 266:Generated_Source\PSoC4/cyfitter_cfg.c **** 
 267:Generated_Source\PSoC4/cyfitter_cfg.c **** 		uint8 CYDATA i;
 268:Generated_Source\PSoC4/cyfitter_cfg.c **** 
 269:Generated_Source\PSoC4/cyfitter_cfg.c **** 		/* Zero out critical memory blocks before beginning configuration */
 270:Generated_Source\PSoC4/cyfitter_cfg.c **** 		for (i = 0u; i < (sizeof(cfg_memset_list)/sizeof(cfg_memset_list[0])); i++)
 167              		.loc 1 270 0
 168 0094 0024     		movs	r4, #0
 169 0096 0FE0     		b	.L6
 170              	.LVL7:
 171              	.L7:
 172              	.LBB3:
 271:Generated_Source\PSoC4/cyfitter_cfg.c **** 		{
 272:Generated_Source\PSoC4/cyfitter_cfg.c **** 			const cfg_memset_t CYCODE * CYDATA ms = &cfg_memset_list[i];
 273:Generated_Source\PSoC4/cyfitter_cfg.c **** 			CYMEMZERO(ms->address, (size_t)(uint32)(ms->size));
 173              		.loc 1 273 0 discriminator 3
 174 0098 2348     		ldr	r0, .L8
 175 009a 6200     		lsls	r2, r4, #1
 176 009c 1319     		adds	r3, r2, r4
 177 009e 5900     		lsls	r1, r3, #1
 178 00a0 0B00     		movs	r3, r1
 179 00a2 4118     		adds	r1, r0, r1
 180 00a4 8988     		ldrh	r1, [r1, #4]
 181 00a6 1A5A     		ldrh	r2, [r3, r0]
 182 00a8 C318     		adds	r3, r0, r3
 183 00aa 5888     		ldrh	r0, [r3, #2]
ARM GAS  C:\Users\jagumiel\AppData\Local\Temp\ccsJhowU.s 			page 9


 184 00ac 0004     		lsls	r0, r0, #16
 185 00ae 1043     		orrs	r0, r2
 186 00b0 FFF7FEFF 		bl	CYMEMZERO
 187              	.LVL8:
 188              	.LBE3:
 270:Generated_Source\PSoC4/cyfitter_cfg.c **** 		{
 189              		.loc 1 270 0 discriminator 3
 190 00b4 0134     		adds	r4, r4, #1
 191              	.LVL9:
 192 00b6 E4B2     		uxtb	r4, r4
 193              	.LVL10:
 194              	.L6:
 270:Generated_Source\PSoC4/cyfitter_cfg.c **** 		{
 195              		.loc 1 270 0 is_stmt 0 discriminator 1
 196 00b8 012C     		cmp	r4, #1
 197 00ba EDD9     		bls	.L7
 274:Generated_Source\PSoC4/cyfitter_cfg.c **** 		}
 275:Generated_Source\PSoC4/cyfitter_cfg.c **** 
 276:Generated_Source\PSoC4/cyfitter_cfg.c **** 		/* HSIOM Starting address: CYDEV_HSIOM_BASE */
 277:Generated_Source\PSoC4/cyfitter_cfg.c **** 		CY_SET_REG32((void *)(CYREG_HSIOM_PORT_SEL3), 0x0000EEEEu);
 198              		.loc 1 277 0 is_stmt 1
 199 00bc 1B4A     		ldr	r2, .L8+4
 200 00be 1C4B     		ldr	r3, .L8+8
 201 00c0 1A60     		str	r2, [r3]
 278:Generated_Source\PSoC4/cyfitter_cfg.c **** 		CY_SET_REG32((void *)(CYREG_HSIOM_PORT_SEL4), 0x00000099u);
 202              		.loc 1 278 0
 203 00c2 9922     		movs	r2, #153
 204 00c4 1B4B     		ldr	r3, .L8+12
 205 00c6 1A60     		str	r2, [r3]
 279:Generated_Source\PSoC4/cyfitter_cfg.c **** 
 280:Generated_Source\PSoC4/cyfitter_cfg.c **** 		/* UDB_PA_0 Starting address: CYDEV_UDB_PA0_BASE */
 281:Generated_Source\PSoC4/cyfitter_cfg.c **** 		CY_SET_REG32((void *)(CYDEV_UDB_PA0_BASE), 0x00990000u);
 206              		.loc 1 281 0
 207 00c8 9923     		movs	r3, #153
 208 00ca 1B04     		lsls	r3, r3, #16
 209 00cc 1A4A     		ldr	r2, .L8+16
 210 00ce 1360     		str	r3, [r2]
 282:Generated_Source\PSoC4/cyfitter_cfg.c **** 
 283:Generated_Source\PSoC4/cyfitter_cfg.c **** 		/* UDB_PA_1 Starting address: CYDEV_UDB_PA1_BASE */
 284:Generated_Source\PSoC4/cyfitter_cfg.c **** 		CY_SET_REG32((void *)(CYDEV_UDB_PA1_BASE), 0x00990000u);
 211              		.loc 1 284 0
 212 00d0 1A4A     		ldr	r2, .L8+20
 213 00d2 1360     		str	r3, [r2]
 285:Generated_Source\PSoC4/cyfitter_cfg.c **** 
 286:Generated_Source\PSoC4/cyfitter_cfg.c **** 		/* UDB_PA_3 Starting address: CYDEV_UDB_PA3_BASE */
 287:Generated_Source\PSoC4/cyfitter_cfg.c **** 		CY_SET_REG32((void *)(CYDEV_UDB_PA3_BASE), 0x00990000u);
 214              		.loc 1 287 0
 215 00d4 1A4A     		ldr	r2, .L8+24
 216 00d6 1360     		str	r3, [r2]
 288:Generated_Source\PSoC4/cyfitter_cfg.c **** 
 289:Generated_Source\PSoC4/cyfitter_cfg.c **** 		/* Enable digital routing */
 290:Generated_Source\PSoC4/cyfitter_cfg.c **** 		CY_SET_XTND_REG8((void *)CYREG_UDB_UDBIF_BANK_CTL, (uint8)(CY_GET_XTND_REG8((void *)CYREG_UDB_UDB
 217              		.loc 1 290 0
 218 00d8 1A4A     		ldr	r2, .L8+28
 219 00da 1178     		ldrb	r1, [r2]
 220 00dc 0623     		movs	r3, #6
 221 00de 0B43     		orrs	r3, r1
ARM GAS  C:\Users\jagumiel\AppData\Local\Temp\ccsJhowU.s 			page 10


 222 00e0 DBB2     		uxtb	r3, r3
 223 00e2 1370     		strb	r3, [r2]
 224              	.LBE2:
 291:Generated_Source\PSoC4/cyfitter_cfg.c **** 	}
 292:Generated_Source\PSoC4/cyfitter_cfg.c **** 
 293:Generated_Source\PSoC4/cyfitter_cfg.c **** 	/* Perform second pass device configuration. These items must be configured in specific order afte
 294:Generated_Source\PSoC4/cyfitter_cfg.c **** 	/* IOPINS0_0 Starting address: CYDEV_PRT0_BASE */
 295:Generated_Source\PSoC4/cyfitter_cfg.c **** 	CY_SET_REG32((void *)(CYDEV_PRT0_BASE), 0x0000000Cu);
 225              		.loc 1 295 0
 226 00e4 0C22     		movs	r2, #12
 227 00e6 184B     		ldr	r3, .L8+32
 228 00e8 1A60     		str	r2, [r3]
 296:Generated_Source\PSoC4/cyfitter_cfg.c **** 	CY_SET_REG32((void *)(CYREG_PRT0_PC), 0x00000D81u);
 229              		.loc 1 296 0
 230 00ea 184A     		ldr	r2, .L8+36
 231 00ec 184B     		ldr	r3, .L8+40
 232 00ee 1A60     		str	r2, [r3]
 297:Generated_Source\PSoC4/cyfitter_cfg.c **** 	CY_SET_REG32((void *)(CYREG_PRT0_INTCFG), 0x00000002u);
 233              		.loc 1 297 0
 234 00f0 0223     		movs	r3, #2
 235 00f2 184A     		ldr	r2, .L8+44
 236 00f4 1360     		str	r3, [r2]
 298:Generated_Source\PSoC4/cyfitter_cfg.c **** 
 299:Generated_Source\PSoC4/cyfitter_cfg.c **** 	/* IOPINS0_1 Starting address: CYDEV_PRT1_BASE */
 300:Generated_Source\PSoC4/cyfitter_cfg.c **** 	CY_SET_REG32((void *)(CYDEV_PRT1_BASE), 0x00000040u);
 237              		.loc 1 300 0
 238 00f6 4021     		movs	r1, #64
 239 00f8 174A     		ldr	r2, .L8+48
 240 00fa 1160     		str	r1, [r2]
 301:Generated_Source\PSoC4/cyfitter_cfg.c **** 	CY_SET_REG32((void *)(CYREG_PRT1_PC), 0x00180001u);
 241              		.loc 1 301 0
 242 00fc 1749     		ldr	r1, .L8+52
 243 00fe 184A     		ldr	r2, .L8+56
 244 0100 1160     		str	r1, [r2]
 302:Generated_Source\PSoC4/cyfitter_cfg.c **** 	CY_SET_REG32((void *)(CYREG_PRT1_INTCFG), 0x00000002u);
 245              		.loc 1 302 0
 246 0102 184A     		ldr	r2, .L8+60
 247 0104 1360     		str	r3, [r2]
 303:Generated_Source\PSoC4/cyfitter_cfg.c **** 
 304:Generated_Source\PSoC4/cyfitter_cfg.c **** 	/* IOPINS0_3 Starting address: CYDEV_PRT3_BASE */
 305:Generated_Source\PSoC4/cyfitter_cfg.c **** 	CY_SET_REG32((void *)(CYDEV_PRT3_BASE), 0x00000003u);
 248              		.loc 1 305 0
 249 0106 0321     		movs	r1, #3
 250 0108 174A     		ldr	r2, .L8+64
 251 010a 1160     		str	r1, [r2]
 306:Generated_Source\PSoC4/cyfitter_cfg.c **** 	CY_SET_REG32((void *)(CYREG_PRT3_PC), 0x00000DA4u);
 252              		.loc 1 306 0
 253 010c 1749     		ldr	r1, .L8+68
 254 010e 184A     		ldr	r2, .L8+72
 255 0110 1160     		str	r1, [r2]
 307:Generated_Source\PSoC4/cyfitter_cfg.c **** 
 308:Generated_Source\PSoC4/cyfitter_cfg.c **** 	/* IOPINS0_4 Starting address: CYDEV_PRT4_BASE */
 309:Generated_Source\PSoC4/cyfitter_cfg.c **** 	CY_SET_REG32((void *)(CYDEV_PRT4_BASE), 0x00000002u);
 256              		.loc 1 309 0
 257 0112 184A     		ldr	r2, .L8+76
 258 0114 1360     		str	r3, [r2]
 310:Generated_Source\PSoC4/cyfitter_cfg.c **** 	CY_SET_REG32((void *)(CYREG_PRT4_PC), 0x00000031u);
ARM GAS  C:\Users\jagumiel\AppData\Local\Temp\ccsJhowU.s 			page 11


 259              		.loc 1 310 0
 260 0116 3121     		movs	r1, #49
 261 0118 174A     		ldr	r2, .L8+80
 262 011a 1160     		str	r1, [r2]
 311:Generated_Source\PSoC4/cyfitter_cfg.c **** 	CY_SET_REG32((void *)(CYREG_PRT4_PC2), 0x00000002u);
 263              		.loc 1 311 0
 264 011c 174A     		ldr	r2, .L8+84
 265 011e 1360     		str	r3, [r2]
 312:Generated_Source\PSoC4/cyfitter_cfg.c **** 
 313:Generated_Source\PSoC4/cyfitter_cfg.c **** 
 314:Generated_Source\PSoC4/cyfitter_cfg.c **** 	/* Setup clocks based on selections from Clock DWR */
 315:Generated_Source\PSoC4/cyfitter_cfg.c **** 	ClockSetup();
 266              		.loc 1 315 0
 267 0120 FFF76EFF 		bl	ClockSetup
 268              	.LVL11:
 316:Generated_Source\PSoC4/cyfitter_cfg.c **** 
 317:Generated_Source\PSoC4/cyfitter_cfg.c **** 	/* Perform basic analog initialization to defaults */
 318:Generated_Source\PSoC4/cyfitter_cfg.c **** 	AnalogSetDefault();
 319:Generated_Source\PSoC4/cyfitter_cfg.c **** 
 320:Generated_Source\PSoC4/cyfitter_cfg.c **** }
 269              		.loc 1 320 0
 270              		@ sp needed
 271              	.LVL12:
 272 0124 10BD     		pop	{r4, pc}
 273              	.L9:
 274 0126 C046     		.align	2
 275              	.L8:
 276 0128 00000000 		.word	.LANCHOR0
 277 012c EEEE0000 		.word	61166
 278 0130 0C000140 		.word	1073807372
 279 0134 10000140 		.word	1073807376
 280 0138 00500F40 		.word	1074745344
 281 013c 10500F40 		.word	1074745360
 282 0140 30500F40 		.word	1074745392
 283 0144 00700F40 		.word	1074753536
 284 0148 00000440 		.word	1074003968
 285 014c 810D0000 		.word	3457
 286 0150 08000440 		.word	1074003976
 287 0154 0C000440 		.word	1074003980
 288 0158 00010440 		.word	1074004224
 289 015c 01001800 		.word	1572865
 290 0160 08010440 		.word	1074004232
 291 0164 0C010440 		.word	1074004236
 292 0168 00030440 		.word	1074004736
 293 016c A40D0000 		.word	3492
 294 0170 08030440 		.word	1074004744
 295 0174 00040440 		.word	1074004992
 296 0178 08040440 		.word	1074005000
 297 017c 18040440 		.word	1074005016
 298              		.cfi_endproc
 299              	.LFE5:
 300              		.size	cyfitter_cfg, .-cyfitter_cfg
 301              		.section	.rodata
 302              		.align	2
 303              		.set	.LANCHOR0,. + 0
 304              		.type	cfg_memset_list.4847, %object
 305              		.size	cfg_memset_list.4847, 12
ARM GAS  C:\Users\jagumiel\AppData\Local\Temp\ccsJhowU.s 			page 12


 306              	cfg_memset_list.4847:
 307 0000 00300F40 		.word	1074737152
 308 0004 0004     		.short	1024
 309 0006 00400F40 		.4byte	1074741248
 310 000a 0004     		.short	1024
 311              		.text
 312              	.Letext0:
 313              		.file 2 "c:\\program files (x86)\\cypress\\psoc creator\\4.2\\psoc creator\\import\\gnu\\arm\\5.4.
 314              		.file 3 "Generated_Source\\PSoC4\\cytypes.h"
 315              		.file 4 "Generated_Source\\PSoC4\\CyLib.h"
 316              		.section	.debug_info,"",%progbits
 317              	.Ldebug_info0:
 318 0000 79020000 		.4byte	0x279
 319 0004 0400     		.2byte	0x4
 320 0006 00000000 		.4byte	.Ldebug_abbrev0
 321 000a 04       		.byte	0x4
 322 000b 01       		.uleb128 0x1
 323 000c EB000000 		.4byte	.LASF29
 324 0010 0C       		.byte	0xc
 325 0011 2C020000 		.4byte	.LASF30
 326 0015 A2010000 		.4byte	.LASF31
 327 0019 00000000 		.4byte	.Ldebug_ranges0+0
 328 001d 00000000 		.4byte	0
 329 0021 00000000 		.4byte	.Ldebug_line0
 330 0025 02       		.uleb128 0x2
 331 0026 04       		.byte	0x4
 332 0027 05       		.byte	0x5
 333 0028 696E7400 		.ascii	"int\000"
 334 002c 03       		.uleb128 0x3
 335 002d 06000000 		.4byte	.LASF12
 336 0031 02       		.byte	0x2
 337 0032 D8       		.byte	0xd8
 338 0033 37000000 		.4byte	0x37
 339 0037 04       		.uleb128 0x4
 340 0038 04       		.byte	0x4
 341 0039 07       		.byte	0x7
 342 003a B2000000 		.4byte	.LASF0
 343 003e 04       		.uleb128 0x4
 344 003f 08       		.byte	0x8
 345 0040 05       		.byte	0x5
 346 0041 8F010000 		.4byte	.LASF1
 347 0045 04       		.uleb128 0x4
 348 0046 08       		.byte	0x8
 349 0047 04       		.byte	0x4
 350 0048 14020000 		.4byte	.LASF2
 351 004c 04       		.uleb128 0x4
 352 004d 01       		.byte	0x1
 353 004e 06       		.byte	0x6
 354 004f 20020000 		.4byte	.LASF3
 355 0053 04       		.uleb128 0x4
 356 0054 01       		.byte	0x1
 357 0055 08       		.byte	0x8
 358 0056 7C000000 		.4byte	.LASF4
 359 005a 04       		.uleb128 0x4
 360 005b 02       		.byte	0x2
 361 005c 05       		.byte	0x5
 362 005d EC010000 		.4byte	.LASF5
ARM GAS  C:\Users\jagumiel\AppData\Local\Temp\ccsJhowU.s 			page 13


 363 0061 04       		.uleb128 0x4
 364 0062 02       		.byte	0x2
 365 0063 07       		.byte	0x7
 366 0064 37000000 		.4byte	.LASF6
 367 0068 04       		.uleb128 0x4
 368 0069 04       		.byte	0x4
 369 006a 05       		.byte	0x5
 370 006b 0B020000 		.4byte	.LASF7
 371 006f 04       		.uleb128 0x4
 372 0070 04       		.byte	0x4
 373 0071 07       		.byte	0x7
 374 0072 5A000000 		.4byte	.LASF8
 375 0076 04       		.uleb128 0x4
 376 0077 08       		.byte	0x8
 377 0078 07       		.byte	0x7
 378 0079 D4000000 		.4byte	.LASF9
 379 007d 04       		.uleb128 0x4
 380 007e 04       		.byte	0x4
 381 007f 07       		.byte	0x7
 382 0080 86010000 		.4byte	.LASF10
 383 0084 05       		.uleb128 0x5
 384 0085 04       		.byte	0x4
 385 0086 04       		.uleb128 0x4
 386 0087 01       		.byte	0x1
 387 0088 08       		.byte	0x8
 388 0089 9D010000 		.4byte	.LASF11
 389 008d 06       		.uleb128 0x6
 390 008e 6C000000 		.4byte	.LASF13
 391 0092 03       		.byte	0x3
 392 0093 E401     		.2byte	0x1e4
 393 0095 53000000 		.4byte	0x53
 394 0099 06       		.uleb128 0x6
 395 009a A4000000 		.4byte	.LASF14
 396 009e 03       		.byte	0x3
 397 009f E501     		.2byte	0x1e5
 398 00a1 61000000 		.4byte	0x61
 399 00a5 06       		.uleb128 0x6
 400 00a6 AB000000 		.4byte	.LASF15
 401 00aa 03       		.byte	0x3
 402 00ab E601     		.2byte	0x1e6
 403 00ad 6F000000 		.4byte	0x6f
 404 00b1 04       		.uleb128 0x4
 405 00b2 04       		.byte	0x4
 406 00b3 04       		.byte	0x4
 407 00b4 4A000000 		.4byte	.LASF16
 408 00b8 04       		.uleb128 0x4
 409 00b9 08       		.byte	0x8
 410 00ba 04       		.byte	0x4
 411 00bb 91000000 		.4byte	.LASF17
 412 00bf 06       		.uleb128 0x6
 413 00c0 55000000 		.4byte	.LASF18
 414 00c4 03       		.byte	0x3
 415 00c5 8E02     		.2byte	0x28e
 416 00c7 CB000000 		.4byte	0xcb
 417 00cb 07       		.uleb128 0x7
 418 00cc 8D000000 		.4byte	0x8d
 419 00d0 06       		.uleb128 0x6
ARM GAS  C:\Users\jagumiel\AppData\Local\Temp\ccsJhowU.s 			page 14


 420 00d1 00000000 		.4byte	.LASF19
 421 00d5 03       		.byte	0x3
 422 00d6 9002     		.2byte	0x290
 423 00d8 DC000000 		.4byte	0xdc
 424 00dc 07       		.uleb128 0x7
 425 00dd A5000000 		.4byte	0xa5
 426 00e1 08       		.uleb128 0x8
 427 00e2 72000000 		.4byte	.LASF20
 428 00e6 01       		.byte	0x1
 429 00e7 4C       		.byte	0x4c
 430 00e8 00000000 		.4byte	.LFB0
 431 00ec 0C000000 		.4byte	.LFE0-.LFB0
 432 00f0 01       		.uleb128 0x1
 433 00f1 9C       		.byte	0x9c
 434 00f2 2E010000 		.4byte	0x12e
 435 00f6 09       		.uleb128 0x9
 436 00f7 7300     		.ascii	"s\000"
 437 00f9 01       		.byte	0x1
 438 00fa 4C       		.byte	0x4c
 439 00fb 84000000 		.4byte	0x84
 440 00ff 00000000 		.4byte	.LLST0
 441 0103 09       		.uleb128 0x9
 442 0104 6E00     		.ascii	"n\000"
 443 0106 01       		.byte	0x1
 444 0107 4C       		.byte	0x4c
 445 0108 2C000000 		.4byte	0x2c
 446 010c 21000000 		.4byte	.LLST1
 447 0110 0A       		.uleb128 0xa
 448 0111 0A000000 		.4byte	.LVL2
 449 0115 52020000 		.4byte	0x252
 450 0119 0B       		.uleb128 0xb
 451 011a 01       		.uleb128 0x1
 452 011b 50       		.byte	0x50
 453 011c 03       		.uleb128 0x3
 454 011d F3       		.byte	0xf3
 455 011e 01       		.uleb128 0x1
 456 011f 50       		.byte	0x50
 457 0120 0B       		.uleb128 0xb
 458 0121 01       		.uleb128 0x1
 459 0122 51       		.byte	0x51
 460 0123 01       		.uleb128 0x1
 461 0124 30       		.byte	0x30
 462 0125 0B       		.uleb128 0xb
 463 0126 01       		.uleb128 0x1
 464 0127 52       		.byte	0x52
 465 0128 03       		.uleb128 0x3
 466 0129 F3       		.byte	0xf3
 467 012a 01       		.uleb128 0x1
 468 012b 51       		.byte	0x51
 469 012c 00       		.byte	0
 470 012d 00       		.byte	0
 471 012e 08       		.uleb128 0x8
 472 012f 2C000000 		.4byte	.LASF21
 473 0133 01       		.byte	0x1
 474 0134 AA       		.byte	0xaa
 475 0135 00000000 		.4byte	.LFB3
 476 0139 90000000 		.4byte	.LFE3-.LFB3
ARM GAS  C:\Users\jagumiel\AppData\Local\Temp\ccsJhowU.s 			page 15


 477 013d 01       		.uleb128 0x1
 478 013e 9C       		.byte	0x9c
 479 013f 79010000 		.4byte	0x179
 480 0143 0C       		.uleb128 0xc
 481 0144 14000000 		.4byte	.LVL3
 482 0148 5B020000 		.4byte	0x25b
 483 014c 56010000 		.4byte	0x156
 484 0150 0B       		.uleb128 0xb
 485 0151 01       		.uleb128 0x1
 486 0152 50       		.byte	0x50
 487 0153 01       		.uleb128 0x1
 488 0154 48       		.byte	0x48
 489 0155 00       		.byte	0
 490 0156 0C       		.uleb128 0xc
 491 0157 4E000000 		.4byte	.LVL4
 492 015b 66020000 		.4byte	0x266
 493 015f 69010000 		.4byte	0x169
 494 0163 0B       		.uleb128 0xb
 495 0164 01       		.uleb128 0x1
 496 0165 50       		.byte	0x50
 497 0166 01       		.uleb128 0x1
 498 0167 39       		.byte	0x39
 499 0168 00       		.byte	0
 500 0169 0A       		.uleb128 0xa
 501 016a 54000000 		.4byte	.LVL5
 502 016e 71020000 		.4byte	0x271
 503 0172 0B       		.uleb128 0xb
 504 0173 01       		.uleb128 0x1
 505 0174 50       		.byte	0x50
 506 0175 01       		.uleb128 0x1
 507 0176 39       		.byte	0x39
 508 0177 00       		.byte	0
 509 0178 00       		.byte	0
 510 0179 0D       		.uleb128 0xd
 511 017a BF000000 		.4byte	.LASF32
 512 017e 01       		.byte	0x1
 513 017f F9       		.byte	0xf9
 514 0180 90000000 		.4byte	.LFB5
 515 0184 F0000000 		.4byte	.LFE5-.LFB5
 516 0188 01       		.uleb128 0x1
 517 0189 9C       		.byte	0x9c
 518 018a 52020000 		.4byte	0x252
 519 018e 0E       		.uleb128 0xe
 520 018f 94000000 		.4byte	.LBB2
 521 0193 50000000 		.4byte	.LBE2-.LBB2
 522 0197 48020000 		.4byte	0x248
 523 019b 0F       		.uleb128 0xf
 524 019c 06       		.byte	0x6
 525 019d 01       		.byte	0x1
 526 019e 0001     		.2byte	0x100
 527 01a0 BF010000 		.4byte	0x1bf
 528 01a4 10       		.uleb128 0x10
 529 01a5 CC000000 		.4byte	.LASF22
 530 01a9 01       		.byte	0x1
 531 01aa 0101     		.2byte	0x101
 532 01ac 84000000 		.4byte	0x84
 533 01b0 00       		.byte	0
ARM GAS  C:\Users\jagumiel\AppData\Local\Temp\ccsJhowU.s 			page 16


 534 01b1 10       		.uleb128 0x10
 535 01b2 50000000 		.4byte	.LASF23
 536 01b6 01       		.byte	0x1
 537 01b7 0201     		.2byte	0x102
 538 01b9 99000000 		.4byte	0x99
 539 01bd 04       		.byte	0x4
 540 01be 00       		.byte	0
 541 01bf 06       		.uleb128 0x6
 542 01c0 79010000 		.4byte	.LASF24
 543 01c4 01       		.byte	0x1
 544 01c5 0301     		.2byte	0x103
 545 01c7 9B010000 		.4byte	0x19b
 546 01cb 11       		.uleb128 0x11
 547 01cc DB010000 		.4byte	0x1db
 548 01d0 DB010000 		.4byte	0x1db
 549 01d4 12       		.uleb128 0x12
 550 01d5 7D000000 		.4byte	0x7d
 551 01d9 01       		.byte	0x1
 552 01da 00       		.byte	0
 553 01db 13       		.uleb128 0x13
 554 01dc BF010000 		.4byte	0x1bf
 555 01e0 14       		.uleb128 0x14
 556 01e1 1C000000 		.4byte	.LASF25
 557 01e5 01       		.byte	0x1
 558 01e6 0501     		.2byte	0x105
 559 01e8 F2010000 		.4byte	0x1f2
 560 01ec 05       		.uleb128 0x5
 561 01ed 03       		.byte	0x3
 562 01ee 00000000 		.4byte	cfg_memset_list.4847
 563 01f2 13       		.uleb128 0x13
 564 01f3 CB010000 		.4byte	0x1cb
 565 01f7 15       		.uleb128 0x15
 566 01f8 6900     		.ascii	"i\000"
 567 01fa 01       		.byte	0x1
 568 01fb 0B01     		.2byte	0x10b
 569 01fd 8D000000 		.4byte	0x8d
 570 0201 4D000000 		.4byte	.LLST2
 571 0205 16       		.uleb128 0x16
 572 0206 98000000 		.4byte	.LBB3
 573 020a 1C000000 		.4byte	.LBE3-.LBB3
 574 020e 15       		.uleb128 0x15
 575 020f 6D7300   		.ascii	"ms\000"
 576 0212 01       		.byte	0x1
 577 0213 1001     		.2byte	0x110
 578 0215 1D020000 		.4byte	0x21d
 579 0219 77000000 		.4byte	.LLST3
 580 021d 17       		.uleb128 0x17
 581 021e 04       		.byte	0x4
 582 021f DB010000 		.4byte	0x1db
 583 0223 0A       		.uleb128 0xa
 584 0224 B4000000 		.4byte	.LVL8
 585 0228 E1000000 		.4byte	0xe1
 586 022c 0B       		.uleb128 0xb
 587 022d 01       		.uleb128 0x1
 588 022e 51       		.byte	0x51
 589 022f 15       		.uleb128 0x15
 590 0230 74       		.byte	0x74
ARM GAS  C:\Users\jagumiel\AppData\Local\Temp\ccsJhowU.s 			page 17


 591 0231 00       		.sleb128 0
 592 0232 31       		.byte	0x31
 593 0233 24       		.byte	0x24
 594 0234 74       		.byte	0x74
 595 0235 00       		.sleb128 0
 596 0236 22       		.byte	0x22
 597 0237 31       		.byte	0x31
 598 0238 24       		.byte	0x24
 599 0239 03       		.byte	0x3
 600 023a 04000000 		.4byte	.LANCHOR0+4
 601 023e 22       		.byte	0x22
 602 023f 94       		.byte	0x94
 603 0240 02       		.byte	0x2
 604 0241 0A       		.byte	0xa
 605 0242 FFFF     		.2byte	0xffff
 606 0244 1A       		.byte	0x1a
 607 0245 00       		.byte	0
 608 0246 00       		.byte	0
 609 0247 00       		.byte	0
 610 0248 18       		.uleb128 0x18
 611 0249 24010000 		.4byte	.LVL11
 612 024d 2E010000 		.4byte	0x12e
 613 0251 00       		.byte	0
 614 0252 19       		.uleb128 0x19
 615 0253 8A000000 		.4byte	.LASF33
 616 0257 8A000000 		.4byte	.LASF33
 617 025b 1A       		.uleb128 0x1a
 618 025c F6010000 		.4byte	.LASF26
 619 0260 F6010000 		.4byte	.LASF26
 620 0264 04       		.byte	0x4
 621 0265 6C       		.byte	0x6c
 622 0266 1A       		.uleb128 0x1a
 623 0267 0D000000 		.4byte	.LASF27
 624 026b 0D000000 		.4byte	.LASF27
 625 026f 04       		.byte	0x4
 626 0270 BD       		.byte	0xbd
 627 0271 1A       		.uleb128 0x1a
 628 0272 98000000 		.4byte	.LASF28
 629 0276 98000000 		.4byte	.LASF28
 630 027a 04       		.byte	0x4
 631 027b C3       		.byte	0xc3
 632 027c 00       		.byte	0
 633              		.section	.debug_abbrev,"",%progbits
 634              	.Ldebug_abbrev0:
 635 0000 01       		.uleb128 0x1
 636 0001 11       		.uleb128 0x11
 637 0002 01       		.byte	0x1
 638 0003 25       		.uleb128 0x25
 639 0004 0E       		.uleb128 0xe
 640 0005 13       		.uleb128 0x13
 641 0006 0B       		.uleb128 0xb
 642 0007 03       		.uleb128 0x3
 643 0008 0E       		.uleb128 0xe
 644 0009 1B       		.uleb128 0x1b
 645 000a 0E       		.uleb128 0xe
 646 000b 55       		.uleb128 0x55
 647 000c 17       		.uleb128 0x17
ARM GAS  C:\Users\jagumiel\AppData\Local\Temp\ccsJhowU.s 			page 18


 648 000d 11       		.uleb128 0x11
 649 000e 01       		.uleb128 0x1
 650 000f 10       		.uleb128 0x10
 651 0010 17       		.uleb128 0x17
 652 0011 00       		.byte	0
 653 0012 00       		.byte	0
 654 0013 02       		.uleb128 0x2
 655 0014 24       		.uleb128 0x24
 656 0015 00       		.byte	0
 657 0016 0B       		.uleb128 0xb
 658 0017 0B       		.uleb128 0xb
 659 0018 3E       		.uleb128 0x3e
 660 0019 0B       		.uleb128 0xb
 661 001a 03       		.uleb128 0x3
 662 001b 08       		.uleb128 0x8
 663 001c 00       		.byte	0
 664 001d 00       		.byte	0
 665 001e 03       		.uleb128 0x3
 666 001f 16       		.uleb128 0x16
 667 0020 00       		.byte	0
 668 0021 03       		.uleb128 0x3
 669 0022 0E       		.uleb128 0xe
 670 0023 3A       		.uleb128 0x3a
 671 0024 0B       		.uleb128 0xb
 672 0025 3B       		.uleb128 0x3b
 673 0026 0B       		.uleb128 0xb
 674 0027 49       		.uleb128 0x49
 675 0028 13       		.uleb128 0x13
 676 0029 00       		.byte	0
 677 002a 00       		.byte	0
 678 002b 04       		.uleb128 0x4
 679 002c 24       		.uleb128 0x24
 680 002d 00       		.byte	0
 681 002e 0B       		.uleb128 0xb
 682 002f 0B       		.uleb128 0xb
 683 0030 3E       		.uleb128 0x3e
 684 0031 0B       		.uleb128 0xb
 685 0032 03       		.uleb128 0x3
 686 0033 0E       		.uleb128 0xe
 687 0034 00       		.byte	0
 688 0035 00       		.byte	0
 689 0036 05       		.uleb128 0x5
 690 0037 0F       		.uleb128 0xf
 691 0038 00       		.byte	0
 692 0039 0B       		.uleb128 0xb
 693 003a 0B       		.uleb128 0xb
 694 003b 00       		.byte	0
 695 003c 00       		.byte	0
 696 003d 06       		.uleb128 0x6
 697 003e 16       		.uleb128 0x16
 698 003f 00       		.byte	0
 699 0040 03       		.uleb128 0x3
 700 0041 0E       		.uleb128 0xe
 701 0042 3A       		.uleb128 0x3a
 702 0043 0B       		.uleb128 0xb
 703 0044 3B       		.uleb128 0x3b
 704 0045 05       		.uleb128 0x5
ARM GAS  C:\Users\jagumiel\AppData\Local\Temp\ccsJhowU.s 			page 19


 705 0046 49       		.uleb128 0x49
 706 0047 13       		.uleb128 0x13
 707 0048 00       		.byte	0
 708 0049 00       		.byte	0
 709 004a 07       		.uleb128 0x7
 710 004b 35       		.uleb128 0x35
 711 004c 00       		.byte	0
 712 004d 49       		.uleb128 0x49
 713 004e 13       		.uleb128 0x13
 714 004f 00       		.byte	0
 715 0050 00       		.byte	0
 716 0051 08       		.uleb128 0x8
 717 0052 2E       		.uleb128 0x2e
 718 0053 01       		.byte	0x1
 719 0054 03       		.uleb128 0x3
 720 0055 0E       		.uleb128 0xe
 721 0056 3A       		.uleb128 0x3a
 722 0057 0B       		.uleb128 0xb
 723 0058 3B       		.uleb128 0x3b
 724 0059 0B       		.uleb128 0xb
 725 005a 27       		.uleb128 0x27
 726 005b 19       		.uleb128 0x19
 727 005c 11       		.uleb128 0x11
 728 005d 01       		.uleb128 0x1
 729 005e 12       		.uleb128 0x12
 730 005f 06       		.uleb128 0x6
 731 0060 40       		.uleb128 0x40
 732 0061 18       		.uleb128 0x18
 733 0062 9742     		.uleb128 0x2117
 734 0064 19       		.uleb128 0x19
 735 0065 01       		.uleb128 0x1
 736 0066 13       		.uleb128 0x13
 737 0067 00       		.byte	0
 738 0068 00       		.byte	0
 739 0069 09       		.uleb128 0x9
 740 006a 05       		.uleb128 0x5
 741 006b 00       		.byte	0
 742 006c 03       		.uleb128 0x3
 743 006d 08       		.uleb128 0x8
 744 006e 3A       		.uleb128 0x3a
 745 006f 0B       		.uleb128 0xb
 746 0070 3B       		.uleb128 0x3b
 747 0071 0B       		.uleb128 0xb
 748 0072 49       		.uleb128 0x49
 749 0073 13       		.uleb128 0x13
 750 0074 02       		.uleb128 0x2
 751 0075 17       		.uleb128 0x17
 752 0076 00       		.byte	0
 753 0077 00       		.byte	0
 754 0078 0A       		.uleb128 0xa
 755 0079 898201   		.uleb128 0x4109
 756 007c 01       		.byte	0x1
 757 007d 11       		.uleb128 0x11
 758 007e 01       		.uleb128 0x1
 759 007f 31       		.uleb128 0x31
 760 0080 13       		.uleb128 0x13
 761 0081 00       		.byte	0
ARM GAS  C:\Users\jagumiel\AppData\Local\Temp\ccsJhowU.s 			page 20


 762 0082 00       		.byte	0
 763 0083 0B       		.uleb128 0xb
 764 0084 8A8201   		.uleb128 0x410a
 765 0087 00       		.byte	0
 766 0088 02       		.uleb128 0x2
 767 0089 18       		.uleb128 0x18
 768 008a 9142     		.uleb128 0x2111
 769 008c 18       		.uleb128 0x18
 770 008d 00       		.byte	0
 771 008e 00       		.byte	0
 772 008f 0C       		.uleb128 0xc
 773 0090 898201   		.uleb128 0x4109
 774 0093 01       		.byte	0x1
 775 0094 11       		.uleb128 0x11
 776 0095 01       		.uleb128 0x1
 777 0096 31       		.uleb128 0x31
 778 0097 13       		.uleb128 0x13
 779 0098 01       		.uleb128 0x1
 780 0099 13       		.uleb128 0x13
 781 009a 00       		.byte	0
 782 009b 00       		.byte	0
 783 009c 0D       		.uleb128 0xd
 784 009d 2E       		.uleb128 0x2e
 785 009e 01       		.byte	0x1
 786 009f 3F       		.uleb128 0x3f
 787 00a0 19       		.uleb128 0x19
 788 00a1 03       		.uleb128 0x3
 789 00a2 0E       		.uleb128 0xe
 790 00a3 3A       		.uleb128 0x3a
 791 00a4 0B       		.uleb128 0xb
 792 00a5 3B       		.uleb128 0x3b
 793 00a6 0B       		.uleb128 0xb
 794 00a7 27       		.uleb128 0x27
 795 00a8 19       		.uleb128 0x19
 796 00a9 11       		.uleb128 0x11
 797 00aa 01       		.uleb128 0x1
 798 00ab 12       		.uleb128 0x12
 799 00ac 06       		.uleb128 0x6
 800 00ad 40       		.uleb128 0x40
 801 00ae 18       		.uleb128 0x18
 802 00af 9742     		.uleb128 0x2117
 803 00b1 19       		.uleb128 0x19
 804 00b2 01       		.uleb128 0x1
 805 00b3 13       		.uleb128 0x13
 806 00b4 00       		.byte	0
 807 00b5 00       		.byte	0
 808 00b6 0E       		.uleb128 0xe
 809 00b7 0B       		.uleb128 0xb
 810 00b8 01       		.byte	0x1
 811 00b9 11       		.uleb128 0x11
 812 00ba 01       		.uleb128 0x1
 813 00bb 12       		.uleb128 0x12
 814 00bc 06       		.uleb128 0x6
 815 00bd 01       		.uleb128 0x1
 816 00be 13       		.uleb128 0x13
 817 00bf 00       		.byte	0
 818 00c0 00       		.byte	0
ARM GAS  C:\Users\jagumiel\AppData\Local\Temp\ccsJhowU.s 			page 21


 819 00c1 0F       		.uleb128 0xf
 820 00c2 13       		.uleb128 0x13
 821 00c3 01       		.byte	0x1
 822 00c4 0B       		.uleb128 0xb
 823 00c5 0B       		.uleb128 0xb
 824 00c6 3A       		.uleb128 0x3a
 825 00c7 0B       		.uleb128 0xb
 826 00c8 3B       		.uleb128 0x3b
 827 00c9 05       		.uleb128 0x5
 828 00ca 01       		.uleb128 0x1
 829 00cb 13       		.uleb128 0x13
 830 00cc 00       		.byte	0
 831 00cd 00       		.byte	0
 832 00ce 10       		.uleb128 0x10
 833 00cf 0D       		.uleb128 0xd
 834 00d0 00       		.byte	0
 835 00d1 03       		.uleb128 0x3
 836 00d2 0E       		.uleb128 0xe
 837 00d3 3A       		.uleb128 0x3a
 838 00d4 0B       		.uleb128 0xb
 839 00d5 3B       		.uleb128 0x3b
 840 00d6 05       		.uleb128 0x5
 841 00d7 49       		.uleb128 0x49
 842 00d8 13       		.uleb128 0x13
 843 00d9 38       		.uleb128 0x38
 844 00da 0B       		.uleb128 0xb
 845 00db 00       		.byte	0
 846 00dc 00       		.byte	0
 847 00dd 11       		.uleb128 0x11
 848 00de 01       		.uleb128 0x1
 849 00df 01       		.byte	0x1
 850 00e0 49       		.uleb128 0x49
 851 00e1 13       		.uleb128 0x13
 852 00e2 01       		.uleb128 0x1
 853 00e3 13       		.uleb128 0x13
 854 00e4 00       		.byte	0
 855 00e5 00       		.byte	0
 856 00e6 12       		.uleb128 0x12
 857 00e7 21       		.uleb128 0x21
 858 00e8 00       		.byte	0
 859 00e9 49       		.uleb128 0x49
 860 00ea 13       		.uleb128 0x13
 861 00eb 2F       		.uleb128 0x2f
 862 00ec 0B       		.uleb128 0xb
 863 00ed 00       		.byte	0
 864 00ee 00       		.byte	0
 865 00ef 13       		.uleb128 0x13
 866 00f0 26       		.uleb128 0x26
 867 00f1 00       		.byte	0
 868 00f2 49       		.uleb128 0x49
 869 00f3 13       		.uleb128 0x13
 870 00f4 00       		.byte	0
 871 00f5 00       		.byte	0
 872 00f6 14       		.uleb128 0x14
 873 00f7 34       		.uleb128 0x34
 874 00f8 00       		.byte	0
 875 00f9 03       		.uleb128 0x3
ARM GAS  C:\Users\jagumiel\AppData\Local\Temp\ccsJhowU.s 			page 22


 876 00fa 0E       		.uleb128 0xe
 877 00fb 3A       		.uleb128 0x3a
 878 00fc 0B       		.uleb128 0xb
 879 00fd 3B       		.uleb128 0x3b
 880 00fe 05       		.uleb128 0x5
 881 00ff 49       		.uleb128 0x49
 882 0100 13       		.uleb128 0x13
 883 0101 02       		.uleb128 0x2
 884 0102 18       		.uleb128 0x18
 885 0103 00       		.byte	0
 886 0104 00       		.byte	0
 887 0105 15       		.uleb128 0x15
 888 0106 34       		.uleb128 0x34
 889 0107 00       		.byte	0
 890 0108 03       		.uleb128 0x3
 891 0109 08       		.uleb128 0x8
 892 010a 3A       		.uleb128 0x3a
 893 010b 0B       		.uleb128 0xb
 894 010c 3B       		.uleb128 0x3b
 895 010d 05       		.uleb128 0x5
 896 010e 49       		.uleb128 0x49
 897 010f 13       		.uleb128 0x13
 898 0110 02       		.uleb128 0x2
 899 0111 17       		.uleb128 0x17
 900 0112 00       		.byte	0
 901 0113 00       		.byte	0
 902 0114 16       		.uleb128 0x16
 903 0115 0B       		.uleb128 0xb
 904 0116 01       		.byte	0x1
 905 0117 11       		.uleb128 0x11
 906 0118 01       		.uleb128 0x1
 907 0119 12       		.uleb128 0x12
 908 011a 06       		.uleb128 0x6
 909 011b 00       		.byte	0
 910 011c 00       		.byte	0
 911 011d 17       		.uleb128 0x17
 912 011e 0F       		.uleb128 0xf
 913 011f 00       		.byte	0
 914 0120 0B       		.uleb128 0xb
 915 0121 0B       		.uleb128 0xb
 916 0122 49       		.uleb128 0x49
 917 0123 13       		.uleb128 0x13
 918 0124 00       		.byte	0
 919 0125 00       		.byte	0
 920 0126 18       		.uleb128 0x18
 921 0127 898201   		.uleb128 0x4109
 922 012a 00       		.byte	0
 923 012b 11       		.uleb128 0x11
 924 012c 01       		.uleb128 0x1
 925 012d 31       		.uleb128 0x31
 926 012e 13       		.uleb128 0x13
 927 012f 00       		.byte	0
 928 0130 00       		.byte	0
 929 0131 19       		.uleb128 0x19
 930 0132 2E       		.uleb128 0x2e
 931 0133 00       		.byte	0
 932 0134 3F       		.uleb128 0x3f
ARM GAS  C:\Users\jagumiel\AppData\Local\Temp\ccsJhowU.s 			page 23


 933 0135 19       		.uleb128 0x19
 934 0136 3C       		.uleb128 0x3c
 935 0137 19       		.uleb128 0x19
 936 0138 6E       		.uleb128 0x6e
 937 0139 0E       		.uleb128 0xe
 938 013a 03       		.uleb128 0x3
 939 013b 0E       		.uleb128 0xe
 940 013c 00       		.byte	0
 941 013d 00       		.byte	0
 942 013e 1A       		.uleb128 0x1a
 943 013f 2E       		.uleb128 0x2e
 944 0140 00       		.byte	0
 945 0141 3F       		.uleb128 0x3f
 946 0142 19       		.uleb128 0x19
 947 0143 3C       		.uleb128 0x3c
 948 0144 19       		.uleb128 0x19
 949 0145 6E       		.uleb128 0x6e
 950 0146 0E       		.uleb128 0xe
 951 0147 03       		.uleb128 0x3
 952 0148 0E       		.uleb128 0xe
 953 0149 3A       		.uleb128 0x3a
 954 014a 0B       		.uleb128 0xb
 955 014b 3B       		.uleb128 0x3b
 956 014c 0B       		.uleb128 0xb
 957 014d 00       		.byte	0
 958 014e 00       		.byte	0
 959 014f 00       		.byte	0
 960              		.section	.debug_loc,"",%progbits
 961              	.Ldebug_loc0:
 962              	.LLST0:
 963 0000 00000000 		.4byte	.LVL0
 964 0004 09000000 		.4byte	.LVL2-1
 965 0008 0100     		.2byte	0x1
 966 000a 50       		.byte	0x50
 967 000b 09000000 		.4byte	.LVL2-1
 968 000f 0C000000 		.4byte	.LFE0
 969 0013 0400     		.2byte	0x4
 970 0015 F3       		.byte	0xf3
 971 0016 01       		.uleb128 0x1
 972 0017 50       		.byte	0x50
 973 0018 9F       		.byte	0x9f
 974 0019 00000000 		.4byte	0
 975 001d 00000000 		.4byte	0
 976              	.LLST1:
 977 0021 00000000 		.4byte	.LVL0
 978 0025 06000000 		.4byte	.LVL1
 979 0029 0100     		.2byte	0x1
 980 002b 51       		.byte	0x51
 981 002c 06000000 		.4byte	.LVL1
 982 0030 09000000 		.4byte	.LVL2-1
 983 0034 0100     		.2byte	0x1
 984 0036 52       		.byte	0x52
 985 0037 09000000 		.4byte	.LVL2-1
 986 003b 0C000000 		.4byte	.LFE0
 987 003f 0400     		.2byte	0x4
 988 0041 F3       		.byte	0xf3
 989 0042 01       		.uleb128 0x1
ARM GAS  C:\Users\jagumiel\AppData\Local\Temp\ccsJhowU.s 			page 24


 990 0043 51       		.byte	0x51
 991 0044 9F       		.byte	0x9f
 992 0045 00000000 		.4byte	0
 993 0049 00000000 		.4byte	0
 994              	.LLST2:
 995 004d 94000000 		.4byte	.LVL6
 996 0051 98000000 		.4byte	.LVL7
 997 0055 0200     		.2byte	0x2
 998 0057 30       		.byte	0x30
 999 0058 9F       		.byte	0x9f
 1000 0059 98000000 		.4byte	.LVL7
 1001 005d B6000000 		.4byte	.LVL9
 1002 0061 0100     		.2byte	0x1
 1003 0063 54       		.byte	0x54
 1004 0064 B8000000 		.4byte	.LVL10
 1005 0068 24010000 		.4byte	.LVL12
 1006 006c 0100     		.2byte	0x1
 1007 006e 54       		.byte	0x54
 1008 006f 00000000 		.4byte	0
 1009 0073 00000000 		.4byte	0
 1010              	.LLST3:
 1011 0077 98000000 		.4byte	.LVL7
 1012 007b B6000000 		.4byte	.LVL9
 1013 007f 0B00     		.2byte	0xb
 1014 0081 74       		.byte	0x74
 1015 0082 00       		.sleb128 0
 1016 0083 36       		.byte	0x36
 1017 0084 1E       		.byte	0x1e
 1018 0085 03       		.byte	0x3
 1019 0086 00000000 		.4byte	cfg_memset_list.4847
 1020 008a 22       		.byte	0x22
 1021 008b 9F       		.byte	0x9f
 1022 008c B6000000 		.4byte	.LVL9
 1023 0090 B8000000 		.4byte	.LVL10
 1024 0094 0B00     		.2byte	0xb
 1025 0096 74       		.byte	0x74
 1026 0097 7F       		.sleb128 -1
 1027 0098 36       		.byte	0x36
 1028 0099 1E       		.byte	0x1e
 1029 009a 03       		.byte	0x3
 1030 009b 00000000 		.4byte	cfg_memset_list.4847
 1031 009f 22       		.byte	0x22
 1032 00a0 9F       		.byte	0x9f
 1033 00a1 00000000 		.4byte	0
 1034 00a5 00000000 		.4byte	0
 1035              		.section	.debug_aranges,"",%progbits
 1036 0000 2C000000 		.4byte	0x2c
 1037 0004 0200     		.2byte	0x2
 1038 0006 00000000 		.4byte	.Ldebug_info0
 1039 000a 04       		.byte	0x4
 1040 000b 00       		.byte	0
 1041 000c 0000     		.2byte	0
 1042 000e 0000     		.2byte	0
 1043 0010 00000000 		.4byte	.LFB0
 1044 0014 0C000000 		.4byte	.LFE0-.LFB0
 1045 0018 00000000 		.4byte	.LFB3
 1046 001c 90000000 		.4byte	.LFE3-.LFB3
ARM GAS  C:\Users\jagumiel\AppData\Local\Temp\ccsJhowU.s 			page 25


 1047 0020 90000000 		.4byte	.LFB5
 1048 0024 F0000000 		.4byte	.LFE5-.LFB5
 1049 0028 00000000 		.4byte	0
 1050 002c 00000000 		.4byte	0
 1051              		.section	.debug_ranges,"",%progbits
 1052              	.Ldebug_ranges0:
 1053 0000 00000000 		.4byte	.LFB0
 1054 0004 0C000000 		.4byte	.LFE0
 1055 0008 00000000 		.4byte	.LFB3
 1056 000c 90000000 		.4byte	.LFE3
 1057 0010 90000000 		.4byte	.LFB5
 1058 0014 80010000 		.4byte	.LFE5
 1059 0018 00000000 		.4byte	0
 1060 001c 00000000 		.4byte	0
 1061              		.section	.debug_line,"",%progbits
 1062              	.Ldebug_line0:
 1063 0000 38010000 		.section	.debug_str,"MS",%progbits,1
 1063      0200D600 
 1063      00000201 
 1063      FB0E0D00 
 1063      01010101 
 1064              	.LASF19:
 1065 0000 72656733 		.ascii	"reg32\000"
 1065      3200
 1066              	.LASF12:
 1067 0006 73697A65 		.ascii	"size_t\000"
 1067      5F7400
 1068              	.LASF27:
 1069 000d 4379496E 		.ascii	"CyIntSetVector\000"
 1069      74536574 
 1069      56656374 
 1069      6F7200
 1070              	.LASF25:
 1071 001c 6366675F 		.ascii	"cfg_memset_list\000"
 1071      6D656D73 
 1071      65745F6C 
 1071      69737400 
 1072              	.LASF21:
 1073 002c 436C6F63 		.ascii	"ClockSetup\000"
 1073      6B536574 
 1073      757000
 1074              	.LASF6:
 1075 0037 73686F72 		.ascii	"short unsigned int\000"
 1075      7420756E 
 1075      7369676E 
 1075      65642069 
 1075      6E7400
 1076              	.LASF16:
 1077 004a 666C6F61 		.ascii	"float\000"
 1077      7400
 1078              	.LASF23:
 1079 0050 73697A65 		.ascii	"size\000"
 1079      00
 1080              	.LASF18:
 1081 0055 72656738 		.ascii	"reg8\000"
 1081      00
 1082              	.LASF8:
ARM GAS  C:\Users\jagumiel\AppData\Local\Temp\ccsJhowU.s 			page 26


 1083 005a 6C6F6E67 		.ascii	"long unsigned int\000"
 1083      20756E73 
 1083      69676E65 
 1083      6420696E 
 1083      7400
 1084              	.LASF13:
 1085 006c 75696E74 		.ascii	"uint8\000"
 1085      3800
 1086              	.LASF20:
 1087 0072 43594D45 		.ascii	"CYMEMZERO\000"
 1087      4D5A4552 
 1087      4F00
 1088              	.LASF4:
 1089 007c 756E7369 		.ascii	"unsigned char\000"
 1089      676E6564 
 1089      20636861 
 1089      7200
 1090              	.LASF33:
 1091 008a 6D656D73 		.ascii	"memset\000"
 1091      657400
 1092              	.LASF17:
 1093 0091 646F7562 		.ascii	"double\000"
 1093      6C6500
 1094              	.LASF28:
 1095 0098 4379496E 		.ascii	"CyIntEnable\000"
 1095      74456E61 
 1095      626C6500 
 1096              	.LASF14:
 1097 00a4 75696E74 		.ascii	"uint16\000"
 1097      313600
 1098              	.LASF15:
 1099 00ab 75696E74 		.ascii	"uint32\000"
 1099      333200
 1100              	.LASF0:
 1101 00b2 756E7369 		.ascii	"unsigned int\000"
 1101      676E6564 
 1101      20696E74 
 1101      00
 1102              	.LASF32:
 1103 00bf 63796669 		.ascii	"cyfitter_cfg\000"
 1103      74746572 
 1103      5F636667 
 1103      00
 1104              	.LASF22:
 1105 00cc 61646472 		.ascii	"address\000"
 1105      65737300 
 1106              	.LASF9:
 1107 00d4 6C6F6E67 		.ascii	"long long unsigned int\000"
 1107      206C6F6E 
 1107      6720756E 
 1107      7369676E 
 1107      65642069 
 1108              	.LASF29:
 1109 00eb 474E5520 		.ascii	"GNU C11 5.4.1 20160609 (release) [ARM/embedded-5-br"
 1109      43313120 
 1109      352E342E 
 1109      31203230 
ARM GAS  C:\Users\jagumiel\AppData\Local\Temp\ccsJhowU.s 			page 27


 1109      31363036 
 1110 011e 616E6368 		.ascii	"anch revision 237715] -mcpu=cortex-m0 -mthumb -g -O"
 1110      20726576 
 1110      6973696F 
 1110      6E203233 
 1110      37373135 
 1111 0151 67202D66 		.ascii	"g -ffunction-sections -ffat-lto-objects\000"
 1111      66756E63 
 1111      74696F6E 
 1111      2D736563 
 1111      74696F6E 
 1112              	.LASF24:
 1113 0179 6366675F 		.ascii	"cfg_memset_t\000"
 1113      6D656D73 
 1113      65745F74 
 1113      00
 1114              	.LASF10:
 1115 0186 73697A65 		.ascii	"sizetype\000"
 1115      74797065 
 1115      00
 1116              	.LASF1:
 1117 018f 6C6F6E67 		.ascii	"long long int\000"
 1117      206C6F6E 
 1117      6720696E 
 1117      7400
 1118              	.LASF11:
 1119 019d 63686172 		.ascii	"char\000"
 1119      00
 1120              	.LASF31:
 1121 01a2 443A5C55 		.ascii	"D:\\Users\\jagumiel\\Documents\\PSoC Creator\\PSoC-"
 1121      73657273 
 1121      5C6A6167 
 1121      756D6965 
 1121      6C5C446F 
 1122 01d0 3130315C 		.ascii	"101\\PSoC-101\\Lesson17.cydsn\000"
 1122      50536F43 
 1122      2D313031 
 1122      5C4C6573 
 1122      736F6E31 
 1123              	.LASF5:
 1124 01ec 73686F72 		.ascii	"short int\000"
 1124      7420696E 
 1124      7400
 1125              	.LASF26:
 1126 01f6 43795379 		.ascii	"CySysClkWriteImoFreq\000"
 1126      73436C6B 
 1126      57726974 
 1126      65496D6F 
 1126      46726571 
 1127              	.LASF7:
 1128 020b 6C6F6E67 		.ascii	"long int\000"
 1128      20696E74 
 1128      00
 1129              	.LASF2:
 1130 0214 6C6F6E67 		.ascii	"long double\000"
 1130      20646F75 
 1130      626C6500 
ARM GAS  C:\Users\jagumiel\AppData\Local\Temp\ccsJhowU.s 			page 28


 1131              	.LASF3:
 1132 0220 7369676E 		.ascii	"signed char\000"
 1132      65642063 
 1132      68617200 
 1133              	.LASF30:
 1134 022c 47656E65 		.ascii	"Generated_Source\\PSoC4\\cyfitter_cfg.c\000"
 1134      72617465 
 1134      645F536F 
 1134      75726365 
 1134      5C50536F 
 1135              		.ident	"GCC: (GNU Tools for ARM Embedded Processors) 5.4.1 20160609 (release) [ARM/embedded-5-bran
