ARM GAS  C:\Users\jagumiel\AppData\Local\Temp\ccBVhQec.s 			page 1


   1              		.syntax unified
   2              		.cpu cortex-m0
   3              		.fpu softvfp
   4              		.eabi_attribute 20, 1
   5              		.eabi_attribute 21, 1
   6              		.eabi_attribute 23, 3
   7              		.eabi_attribute 24, 1
   8              		.eabi_attribute 25, 1
   9              		.eabi_attribute 26, 1
  10              		.eabi_attribute 30, 1
  11              		.eabi_attribute 34, 0
  12              		.eabi_attribute 18, 4
  13              		.thumb
  14              		.syntax unified
  15              		.file	"main.c"
  16              		.text
  17              	.Ltext0:
  18              		.cfi_sections	.debug_frame
  19              		.section	.text.main,"ax",%progbits
  20              		.align	2
  21              		.global	main
  22              		.code	16
  23              		.thumb_func
  24              		.type	main, %function
  25              	main:
  26              	.LFB32:
  27              		.file 1 "main.c"
   1:main.c        **** /* ========================================
   2:main.c        ****  *
   3:main.c        ****  * Copyright YOUR COMPANY, THE YEAR
   4:main.c        ****  * All Rights Reserved
   5:main.c        ****  * UNPUBLISHED, LICENSED SOFTWARE.
   6:main.c        ****  *
   7:main.c        ****  * CONFIDENTIAL AND PROPRIETARY INFORMATION
   8:main.c        ****  * WHICH IS THE PROPERTY OF your company.
   9:main.c        ****  *
  10:main.c        ****  * ========================================
  11:main.c        **** */
  12:main.c        **** #include <project.h>
  13:main.c        **** 
  14:main.c        **** int main (void)
  15:main.c        **** {
  28              		.loc 1 15 0
  29              		.cfi_startproc
  30              		@ args = 0, pretend = 0, frame = 8
  31              		@ frame_needed = 0, uses_anonymous_args = 0
  32 0000 10B5     		push	{r4, lr}
  33              		.cfi_def_cfa_offset 8
  34              		.cfi_offset 4, -8
  35              		.cfi_offset 14, -4
  36 0002 82B0     		sub	sp, sp, #8
  37              		.cfi_def_cfa_offset 16
  16:main.c        ****     uint8 i2cbuf[1];
  17:main.c        ****     i2cbuf[0]=0;
  38              		.loc 1 17 0
  39 0004 01AC     		add	r4, sp, #4
  40 0006 0023     		movs	r3, #0
ARM GAS  C:\Users\jagumiel\AppData\Local\Temp\ccBVhQec.s 			page 2


  41 0008 2370     		strb	r3, [r4]
  18:main.c        ****     CyGlobalIntEnable;      /* Enable global interrupts */
  42              		.loc 1 18 0
  43              		.syntax divided
  44              	@ 18 "main.c" 1
  45 000a 62B6     		CPSIE   i
  46              	@ 0 "" 2
  19:main.c        ****     I2C_Start();
  47              		.loc 1 19 0
  48              		.thumb
  49              		.syntax unified
  50 000c FFF7FEFF 		bl	I2C_Start
  51              	.LVL0:
  20:main.c        ****     I2C_EzI2CSetBuffer(1, 1, i2cbuf);
  52              		.loc 1 20 0
  53 0010 2200     		movs	r2, r4
  54 0012 0121     		movs	r1, #1
  55 0014 0120     		movs	r0, #1
  56 0016 FFF7FEFF 		bl	I2C_EzI2CSetBuffer
  57              	.LVL1:
  58              	.L2:
  21:main.c        ****     
  22:main.c        ****     for(;;)
  23:main.c        ****     {
  24:main.c        ****         Output_Pin_0_Write(0); CyDelay(100);
  59              		.loc 1 24 0 discriminator 1
  60 001a 0020     		movs	r0, #0
  61 001c FFF7FEFF 		bl	Output_Pin_0_Write
  62              	.LVL2:
  63 0020 6420     		movs	r0, #100
  64 0022 FFF7FEFF 		bl	CyDelay
  65              	.LVL3:
  25:main.c        ****         Output_Pin_0_Write(1); CyDelay(100);
  66              		.loc 1 25 0 discriminator 1
  67 0026 0120     		movs	r0, #1
  68 0028 FFF7FEFF 		bl	Output_Pin_0_Write
  69              	.LVL4:
  70 002c 6420     		movs	r0, #100
  71 002e FFF7FEFF 		bl	CyDelay
  72              	.LVL5:
  26:main.c        ****         Output_Pin_0_Write(0); CyDelay(100);
  73              		.loc 1 26 0 discriminator 1
  74 0032 0020     		movs	r0, #0
  75 0034 FFF7FEFF 		bl	Output_Pin_0_Write
  76              	.LVL6:
  77 0038 6420     		movs	r0, #100
  78 003a FFF7FEFF 		bl	CyDelay
  79              	.LVL7:
  27:main.c        ****         Output_Pin_0_Write(1); CyDelay(100);
  80              		.loc 1 27 0 discriminator 1
  81 003e 0120     		movs	r0, #1
  82 0040 FFF7FEFF 		bl	Output_Pin_0_Write
  83              	.LVL8:
  84 0044 6420     		movs	r0, #100
  85 0046 FFF7FEFF 		bl	CyDelay
  86              	.LVL9:
  28:main.c        ****         
ARM GAS  C:\Users\jagumiel\AppData\Local\Temp\ccBVhQec.s 			page 3


  29:main.c        ****         I2C_Sleep();
  87              		.loc 1 29 0 discriminator 1
  88 004a FFF7FEFF 		bl	I2C_Sleep
  89              	.LVL10:
  30:main.c        ****         CySysPmDeepSleep();
  90              		.loc 1 30 0 discriminator 1
  91 004e FFF7FEFF 		bl	CySysPmDeepSleep
  92              	.LVL11:
  31:main.c        ****         I2C_Wakeup();
  93              		.loc 1 31 0 discriminator 1
  94 0052 FFF7FEFF 		bl	I2C_Wakeup
  95              	.LVL12:
  32:main.c        ****         
  33:main.c        ****         CyDelay(500);
  96              		.loc 1 33 0 discriminator 1
  97 0056 FA20     		movs	r0, #250
  98 0058 4000     		lsls	r0, r0, #1
  99 005a FFF7FEFF 		bl	CyDelay
 100              	.LVL13:
 101 005e DCE7     		b	.L2
 102              		.cfi_endproc
 103              	.LFE32:
 104              		.size	main, .-main
 105              		.text
 106              	.Letext0:
 107              		.file 2 "Generated_Source\\PSoC4/I2C.h"
 108              		.file 3 "Generated_Source\\PSoC4/Output_Pin_0.h"
 109              		.file 4 "Generated_Source\\PSoC4/CyLib.h"
 110              		.file 5 "Generated_Source\\PSoC4/cyPm.h"
 111              		.file 6 "Generated_Source\\PSoC4/cytypes.h"
 112              		.section	.debug_info,"",%progbits
 113              	.Ldebug_info0:
 114 0000 1C020000 		.4byte	0x21c
 115 0004 0400     		.2byte	0x4
 116 0006 00000000 		.4byte	.Ldebug_abbrev0
 117 000a 04       		.byte	0x4
 118 000b 01       		.uleb128 0x1
 119 000c 1F010000 		.4byte	.LASF21
 120 0010 0C       		.byte	0xc
 121 0011 EE000000 		.4byte	.LASF22
 122 0015 25000000 		.4byte	.LASF23
 123 0019 00000000 		.4byte	.Ldebug_ranges0+0
 124 001d 00000000 		.4byte	0
 125 0021 00000000 		.4byte	.Ldebug_line0
 126 0025 02       		.uleb128 0x2
 127 0026 01       		.byte	0x1
 128 0027 06       		.byte	0x6
 129 0028 C0010000 		.4byte	.LASF0
 130 002c 02       		.uleb128 0x2
 131 002d 01       		.byte	0x1
 132 002e 08       		.byte	0x8
 133 002f DB000000 		.4byte	.LASF1
 134 0033 02       		.uleb128 0x2
 135 0034 02       		.byte	0x2
 136 0035 05       		.byte	0x5
 137 0036 DD010000 		.4byte	.LASF2
 138 003a 02       		.uleb128 0x2
ARM GAS  C:\Users\jagumiel\AppData\Local\Temp\ccBVhQec.s 			page 4


 139 003b 02       		.byte	0x2
 140 003c 07       		.byte	0x7
 141 003d AD010000 		.4byte	.LASF3
 142 0041 02       		.uleb128 0x2
 143 0042 04       		.byte	0x4
 144 0043 05       		.byte	0x5
 145 0044 F5000000 		.4byte	.LASF4
 146 0048 02       		.uleb128 0x2
 147 0049 04       		.byte	0x4
 148 004a 07       		.byte	0x7
 149 004b 99000000 		.4byte	.LASF5
 150 004f 02       		.uleb128 0x2
 151 0050 08       		.byte	0x8
 152 0051 05       		.byte	0x5
 153 0052 00000000 		.4byte	.LASF6
 154 0056 02       		.uleb128 0x2
 155 0057 08       		.byte	0x8
 156 0058 07       		.byte	0x7
 157 0059 AB000000 		.4byte	.LASF7
 158 005d 03       		.uleb128 0x3
 159 005e 04       		.byte	0x4
 160 005f 05       		.byte	0x5
 161 0060 696E7400 		.ascii	"int\000"
 162 0064 02       		.uleb128 0x2
 163 0065 04       		.byte	0x4
 164 0066 07       		.byte	0x7
 165 0067 18000000 		.4byte	.LASF8
 166 006b 04       		.uleb128 0x4
 167 006c 93000000 		.4byte	.LASF24
 168 0070 06       		.byte	0x6
 169 0071 E401     		.2byte	0x1e4
 170 0073 2C000000 		.4byte	0x2c
 171 0077 02       		.uleb128 0x2
 172 0078 04       		.byte	0x4
 173 0079 04       		.byte	0x4
 174 007a C2000000 		.4byte	.LASF9
 175 007e 02       		.uleb128 0x2
 176 007f 08       		.byte	0x8
 177 0080 04       		.byte	0x4
 178 0081 FE000000 		.4byte	.LASF10
 179 0085 02       		.uleb128 0x2
 180 0086 01       		.byte	0x1
 181 0087 08       		.byte	0x8
 182 0088 E9000000 		.4byte	.LASF11
 183 008c 02       		.uleb128 0x2
 184 008d 08       		.byte	0x8
 185 008e 04       		.byte	0x4
 186 008f D1010000 		.4byte	.LASF12
 187 0093 02       		.uleb128 0x2
 188 0094 04       		.byte	0x4
 189 0095 07       		.byte	0x7
 190 0096 F1010000 		.4byte	.LASF13
 191 009a 05       		.uleb128 0x5
 192 009b CC010000 		.4byte	.LASF25
 193 009f 01       		.byte	0x1
 194 00a0 0E       		.byte	0xe
 195 00a1 5D000000 		.4byte	0x5d
ARM GAS  C:\Users\jagumiel\AppData\Local\Temp\ccBVhQec.s 			page 5


 196 00a5 00000000 		.4byte	.LFB32
 197 00a9 60000000 		.4byte	.LFE32-.LFB32
 198 00ad 01       		.uleb128 0x1
 199 00ae 9C       		.byte	0x9c
 200 00af C2010000 		.4byte	0x1c2
 201 00b3 06       		.uleb128 0x6
 202 00b4 18010000 		.4byte	.LASF26
 203 00b8 01       		.byte	0x1
 204 00b9 10       		.byte	0x10
 205 00ba C2010000 		.4byte	0x1c2
 206 00be 02       		.uleb128 0x2
 207 00bf 91       		.byte	0x91
 208 00c0 74       		.sleb128 -12
 209 00c1 07       		.uleb128 0x7
 210 00c2 05010000 		.4byte	.LASF15
 211 00c6 01       		.byte	0x1
 212 00c7 14       		.byte	0x14
 213 00c8 5D000000 		.4byte	0x5d
 214 00cc D2000000 		.4byte	0xd2
 215 00d0 08       		.uleb128 0x8
 216 00d1 00       		.byte	0
 217 00d2 09       		.uleb128 0x9
 218 00d3 10000000 		.4byte	.LVL0
 219 00d7 D2010000 		.4byte	0x1d2
 220 00db 0A       		.uleb128 0xa
 221 00dc 1A000000 		.4byte	.LVL1
 222 00e0 DD010000 		.4byte	0x1dd
 223 00e4 F9000000 		.4byte	0xf9
 224 00e8 0B       		.uleb128 0xb
 225 00e9 01       		.uleb128 0x1
 226 00ea 50       		.byte	0x50
 227 00eb 01       		.uleb128 0x1
 228 00ec 31       		.byte	0x31
 229 00ed 0B       		.uleb128 0xb
 230 00ee 01       		.uleb128 0x1
 231 00ef 51       		.byte	0x51
 232 00f0 01       		.uleb128 0x1
 233 00f1 31       		.byte	0x31
 234 00f2 0B       		.uleb128 0xb
 235 00f3 01       		.uleb128 0x1
 236 00f4 52       		.byte	0x52
 237 00f5 02       		.uleb128 0x2
 238 00f6 74       		.byte	0x74
 239 00f7 00       		.sleb128 0
 240 00f8 00       		.byte	0
 241 00f9 0A       		.uleb128 0xa
 242 00fa 20000000 		.4byte	.LVL2
 243 00fe E8010000 		.4byte	0x1e8
 244 0102 0C010000 		.4byte	0x10c
 245 0106 0B       		.uleb128 0xb
 246 0107 01       		.uleb128 0x1
 247 0108 50       		.byte	0x50
 248 0109 01       		.uleb128 0x1
 249 010a 30       		.byte	0x30
 250 010b 00       		.byte	0
 251 010c 0A       		.uleb128 0xa
 252 010d 26000000 		.4byte	.LVL3
ARM GAS  C:\Users\jagumiel\AppData\Local\Temp\ccBVhQec.s 			page 6


 253 0111 F3010000 		.4byte	0x1f3
 254 0115 20010000 		.4byte	0x120
 255 0119 0B       		.uleb128 0xb
 256 011a 01       		.uleb128 0x1
 257 011b 50       		.byte	0x50
 258 011c 02       		.uleb128 0x2
 259 011d 08       		.byte	0x8
 260 011e 64       		.byte	0x64
 261 011f 00       		.byte	0
 262 0120 0A       		.uleb128 0xa
 263 0121 2C000000 		.4byte	.LVL4
 264 0125 E8010000 		.4byte	0x1e8
 265 0129 33010000 		.4byte	0x133
 266 012d 0B       		.uleb128 0xb
 267 012e 01       		.uleb128 0x1
 268 012f 50       		.byte	0x50
 269 0130 01       		.uleb128 0x1
 270 0131 31       		.byte	0x31
 271 0132 00       		.byte	0
 272 0133 0A       		.uleb128 0xa
 273 0134 32000000 		.4byte	.LVL5
 274 0138 F3010000 		.4byte	0x1f3
 275 013c 47010000 		.4byte	0x147
 276 0140 0B       		.uleb128 0xb
 277 0141 01       		.uleb128 0x1
 278 0142 50       		.byte	0x50
 279 0143 02       		.uleb128 0x2
 280 0144 08       		.byte	0x8
 281 0145 64       		.byte	0x64
 282 0146 00       		.byte	0
 283 0147 0A       		.uleb128 0xa
 284 0148 38000000 		.4byte	.LVL6
 285 014c E8010000 		.4byte	0x1e8
 286 0150 5A010000 		.4byte	0x15a
 287 0154 0B       		.uleb128 0xb
 288 0155 01       		.uleb128 0x1
 289 0156 50       		.byte	0x50
 290 0157 01       		.uleb128 0x1
 291 0158 30       		.byte	0x30
 292 0159 00       		.byte	0
 293 015a 0A       		.uleb128 0xa
 294 015b 3E000000 		.4byte	.LVL7
 295 015f F3010000 		.4byte	0x1f3
 296 0163 6E010000 		.4byte	0x16e
 297 0167 0B       		.uleb128 0xb
 298 0168 01       		.uleb128 0x1
 299 0169 50       		.byte	0x50
 300 016a 02       		.uleb128 0x2
 301 016b 08       		.byte	0x8
 302 016c 64       		.byte	0x64
 303 016d 00       		.byte	0
 304 016e 0A       		.uleb128 0xa
 305 016f 44000000 		.4byte	.LVL8
 306 0173 E8010000 		.4byte	0x1e8
 307 0177 81010000 		.4byte	0x181
 308 017b 0B       		.uleb128 0xb
 309 017c 01       		.uleb128 0x1
ARM GAS  C:\Users\jagumiel\AppData\Local\Temp\ccBVhQec.s 			page 7


 310 017d 50       		.byte	0x50
 311 017e 01       		.uleb128 0x1
 312 017f 31       		.byte	0x31
 313 0180 00       		.byte	0
 314 0181 0A       		.uleb128 0xa
 315 0182 4A000000 		.4byte	.LVL9
 316 0186 F3010000 		.4byte	0x1f3
 317 018a 95010000 		.4byte	0x195
 318 018e 0B       		.uleb128 0xb
 319 018f 01       		.uleb128 0x1
 320 0190 50       		.byte	0x50
 321 0191 02       		.uleb128 0x2
 322 0192 08       		.byte	0x8
 323 0193 64       		.byte	0x64
 324 0194 00       		.byte	0
 325 0195 09       		.uleb128 0x9
 326 0196 4E000000 		.4byte	.LVL10
 327 019a FE010000 		.4byte	0x1fe
 328 019e 09       		.uleb128 0x9
 329 019f 52000000 		.4byte	.LVL11
 330 01a3 09020000 		.4byte	0x209
 331 01a7 09       		.uleb128 0x9
 332 01a8 56000000 		.4byte	.LVL12
 333 01ac 14020000 		.4byte	0x214
 334 01b0 0C       		.uleb128 0xc
 335 01b1 5E000000 		.4byte	.LVL13
 336 01b5 F3010000 		.4byte	0x1f3
 337 01b9 0B       		.uleb128 0xb
 338 01ba 01       		.uleb128 0x1
 339 01bb 50       		.byte	0x50
 340 01bc 03       		.uleb128 0x3
 341 01bd 0A       		.byte	0xa
 342 01be F401     		.2byte	0x1f4
 343 01c0 00       		.byte	0
 344 01c1 00       		.byte	0
 345 01c2 0D       		.uleb128 0xd
 346 01c3 6B000000 		.4byte	0x6b
 347 01c7 D2010000 		.4byte	0x1d2
 348 01cb 0E       		.uleb128 0xe
 349 01cc 93000000 		.4byte	0x93
 350 01d0 00       		.byte	0
 351 01d1 00       		.byte	0
 352 01d2 0F       		.uleb128 0xf
 353 01d3 0E000000 		.4byte	.LASF14
 354 01d7 0E000000 		.4byte	.LASF14
 355 01db 02       		.byte	0x2
 356 01dc 72       		.byte	0x72
 357 01dd 0F       		.uleb128 0xf
 358 01de 05010000 		.4byte	.LASF15
 359 01e2 05010000 		.4byte	.LASF15
 360 01e6 01       		.byte	0x1
 361 01e7 14       		.byte	0x14
 362 01e8 0F       		.uleb128 0xf
 363 01e9 C8000000 		.4byte	.LASF16
 364 01ed C8000000 		.4byte	.LASF16
 365 01f1 03       		.byte	0x3
 366 01f2 33       		.byte	0x33
ARM GAS  C:\Users\jagumiel\AppData\Local\Temp\ccBVhQec.s 			page 8


 367 01f3 0F       		.uleb128 0xf
 368 01f4 8B000000 		.4byte	.LASF17
 369 01f8 8B000000 		.4byte	.LASF17
 370 01fc 04       		.byte	0x4
 371 01fd D9       		.byte	0xd9
 372 01fe 0F       		.uleb128 0xf
 373 01ff E7010000 		.4byte	.LASF18
 374 0203 E7010000 		.4byte	.LASF18
 375 0207 02       		.byte	0x2
 376 0208 7C       		.byte	0x7c
 377 0209 0F       		.uleb128 0xf
 378 020a 6F000000 		.4byte	.LASF19
 379 020e 6F000000 		.4byte	.LASF19
 380 0212 05       		.byte	0x5
 381 0213 57       		.byte	0x57
 382 0214 0F       		.uleb128 0xf
 383 0215 80000000 		.4byte	.LASF20
 384 0219 80000000 		.4byte	.LASF20
 385 021d 02       		.byte	0x2
 386 021e 7D       		.byte	0x7d
 387 021f 00       		.byte	0
 388              		.section	.debug_abbrev,"",%progbits
 389              	.Ldebug_abbrev0:
 390 0000 01       		.uleb128 0x1
 391 0001 11       		.uleb128 0x11
 392 0002 01       		.byte	0x1
 393 0003 25       		.uleb128 0x25
 394 0004 0E       		.uleb128 0xe
 395 0005 13       		.uleb128 0x13
 396 0006 0B       		.uleb128 0xb
 397 0007 03       		.uleb128 0x3
 398 0008 0E       		.uleb128 0xe
 399 0009 1B       		.uleb128 0x1b
 400 000a 0E       		.uleb128 0xe
 401 000b 55       		.uleb128 0x55
 402 000c 17       		.uleb128 0x17
 403 000d 11       		.uleb128 0x11
 404 000e 01       		.uleb128 0x1
 405 000f 10       		.uleb128 0x10
 406 0010 17       		.uleb128 0x17
 407 0011 00       		.byte	0
 408 0012 00       		.byte	0
 409 0013 02       		.uleb128 0x2
 410 0014 24       		.uleb128 0x24
 411 0015 00       		.byte	0
 412 0016 0B       		.uleb128 0xb
 413 0017 0B       		.uleb128 0xb
 414 0018 3E       		.uleb128 0x3e
 415 0019 0B       		.uleb128 0xb
 416 001a 03       		.uleb128 0x3
 417 001b 0E       		.uleb128 0xe
 418 001c 00       		.byte	0
 419 001d 00       		.byte	0
 420 001e 03       		.uleb128 0x3
 421 001f 24       		.uleb128 0x24
 422 0020 00       		.byte	0
 423 0021 0B       		.uleb128 0xb
ARM GAS  C:\Users\jagumiel\AppData\Local\Temp\ccBVhQec.s 			page 9


 424 0022 0B       		.uleb128 0xb
 425 0023 3E       		.uleb128 0x3e
 426 0024 0B       		.uleb128 0xb
 427 0025 03       		.uleb128 0x3
 428 0026 08       		.uleb128 0x8
 429 0027 00       		.byte	0
 430 0028 00       		.byte	0
 431 0029 04       		.uleb128 0x4
 432 002a 16       		.uleb128 0x16
 433 002b 00       		.byte	0
 434 002c 03       		.uleb128 0x3
 435 002d 0E       		.uleb128 0xe
 436 002e 3A       		.uleb128 0x3a
 437 002f 0B       		.uleb128 0xb
 438 0030 3B       		.uleb128 0x3b
 439 0031 05       		.uleb128 0x5
 440 0032 49       		.uleb128 0x49
 441 0033 13       		.uleb128 0x13
 442 0034 00       		.byte	0
 443 0035 00       		.byte	0
 444 0036 05       		.uleb128 0x5
 445 0037 2E       		.uleb128 0x2e
 446 0038 01       		.byte	0x1
 447 0039 3F       		.uleb128 0x3f
 448 003a 19       		.uleb128 0x19
 449 003b 03       		.uleb128 0x3
 450 003c 0E       		.uleb128 0xe
 451 003d 3A       		.uleb128 0x3a
 452 003e 0B       		.uleb128 0xb
 453 003f 3B       		.uleb128 0x3b
 454 0040 0B       		.uleb128 0xb
 455 0041 27       		.uleb128 0x27
 456 0042 19       		.uleb128 0x19
 457 0043 49       		.uleb128 0x49
 458 0044 13       		.uleb128 0x13
 459 0045 8701     		.uleb128 0x87
 460 0047 19       		.uleb128 0x19
 461 0048 11       		.uleb128 0x11
 462 0049 01       		.uleb128 0x1
 463 004a 12       		.uleb128 0x12
 464 004b 06       		.uleb128 0x6
 465 004c 40       		.uleb128 0x40
 466 004d 18       		.uleb128 0x18
 467 004e 9742     		.uleb128 0x2117
 468 0050 19       		.uleb128 0x19
 469 0051 01       		.uleb128 0x1
 470 0052 13       		.uleb128 0x13
 471 0053 00       		.byte	0
 472 0054 00       		.byte	0
 473 0055 06       		.uleb128 0x6
 474 0056 34       		.uleb128 0x34
 475 0057 00       		.byte	0
 476 0058 03       		.uleb128 0x3
 477 0059 0E       		.uleb128 0xe
 478 005a 3A       		.uleb128 0x3a
 479 005b 0B       		.uleb128 0xb
 480 005c 3B       		.uleb128 0x3b
ARM GAS  C:\Users\jagumiel\AppData\Local\Temp\ccBVhQec.s 			page 10


 481 005d 0B       		.uleb128 0xb
 482 005e 49       		.uleb128 0x49
 483 005f 13       		.uleb128 0x13
 484 0060 02       		.uleb128 0x2
 485 0061 18       		.uleb128 0x18
 486 0062 00       		.byte	0
 487 0063 00       		.byte	0
 488 0064 07       		.uleb128 0x7
 489 0065 2E       		.uleb128 0x2e
 490 0066 01       		.byte	0x1
 491 0067 3F       		.uleb128 0x3f
 492 0068 19       		.uleb128 0x19
 493 0069 03       		.uleb128 0x3
 494 006a 0E       		.uleb128 0xe
 495 006b 3A       		.uleb128 0x3a
 496 006c 0B       		.uleb128 0xb
 497 006d 3B       		.uleb128 0x3b
 498 006e 0B       		.uleb128 0xb
 499 006f 49       		.uleb128 0x49
 500 0070 13       		.uleb128 0x13
 501 0071 3C       		.uleb128 0x3c
 502 0072 19       		.uleb128 0x19
 503 0073 01       		.uleb128 0x1
 504 0074 13       		.uleb128 0x13
 505 0075 00       		.byte	0
 506 0076 00       		.byte	0
 507 0077 08       		.uleb128 0x8
 508 0078 18       		.uleb128 0x18
 509 0079 00       		.byte	0
 510 007a 00       		.byte	0
 511 007b 00       		.byte	0
 512 007c 09       		.uleb128 0x9
 513 007d 898201   		.uleb128 0x4109
 514 0080 00       		.byte	0
 515 0081 11       		.uleb128 0x11
 516 0082 01       		.uleb128 0x1
 517 0083 31       		.uleb128 0x31
 518 0084 13       		.uleb128 0x13
 519 0085 00       		.byte	0
 520 0086 00       		.byte	0
 521 0087 0A       		.uleb128 0xa
 522 0088 898201   		.uleb128 0x4109
 523 008b 01       		.byte	0x1
 524 008c 11       		.uleb128 0x11
 525 008d 01       		.uleb128 0x1
 526 008e 31       		.uleb128 0x31
 527 008f 13       		.uleb128 0x13
 528 0090 01       		.uleb128 0x1
 529 0091 13       		.uleb128 0x13
 530 0092 00       		.byte	0
 531 0093 00       		.byte	0
 532 0094 0B       		.uleb128 0xb
 533 0095 8A8201   		.uleb128 0x410a
 534 0098 00       		.byte	0
 535 0099 02       		.uleb128 0x2
 536 009a 18       		.uleb128 0x18
 537 009b 9142     		.uleb128 0x2111
ARM GAS  C:\Users\jagumiel\AppData\Local\Temp\ccBVhQec.s 			page 11


 538 009d 18       		.uleb128 0x18
 539 009e 00       		.byte	0
 540 009f 00       		.byte	0
 541 00a0 0C       		.uleb128 0xc
 542 00a1 898201   		.uleb128 0x4109
 543 00a4 01       		.byte	0x1
 544 00a5 11       		.uleb128 0x11
 545 00a6 01       		.uleb128 0x1
 546 00a7 31       		.uleb128 0x31
 547 00a8 13       		.uleb128 0x13
 548 00a9 00       		.byte	0
 549 00aa 00       		.byte	0
 550 00ab 0D       		.uleb128 0xd
 551 00ac 01       		.uleb128 0x1
 552 00ad 01       		.byte	0x1
 553 00ae 49       		.uleb128 0x49
 554 00af 13       		.uleb128 0x13
 555 00b0 01       		.uleb128 0x1
 556 00b1 13       		.uleb128 0x13
 557 00b2 00       		.byte	0
 558 00b3 00       		.byte	0
 559 00b4 0E       		.uleb128 0xe
 560 00b5 21       		.uleb128 0x21
 561 00b6 00       		.byte	0
 562 00b7 49       		.uleb128 0x49
 563 00b8 13       		.uleb128 0x13
 564 00b9 2F       		.uleb128 0x2f
 565 00ba 0B       		.uleb128 0xb
 566 00bb 00       		.byte	0
 567 00bc 00       		.byte	0
 568 00bd 0F       		.uleb128 0xf
 569 00be 2E       		.uleb128 0x2e
 570 00bf 00       		.byte	0
 571 00c0 3F       		.uleb128 0x3f
 572 00c1 19       		.uleb128 0x19
 573 00c2 3C       		.uleb128 0x3c
 574 00c3 19       		.uleb128 0x19
 575 00c4 6E       		.uleb128 0x6e
 576 00c5 0E       		.uleb128 0xe
 577 00c6 03       		.uleb128 0x3
 578 00c7 0E       		.uleb128 0xe
 579 00c8 3A       		.uleb128 0x3a
 580 00c9 0B       		.uleb128 0xb
 581 00ca 3B       		.uleb128 0x3b
 582 00cb 0B       		.uleb128 0xb
 583 00cc 00       		.byte	0
 584 00cd 00       		.byte	0
 585 00ce 00       		.byte	0
 586              		.section	.debug_aranges,"",%progbits
 587 0000 1C000000 		.4byte	0x1c
 588 0004 0200     		.2byte	0x2
 589 0006 00000000 		.4byte	.Ldebug_info0
 590 000a 04       		.byte	0x4
 591 000b 00       		.byte	0
 592 000c 0000     		.2byte	0
 593 000e 0000     		.2byte	0
 594 0010 00000000 		.4byte	.LFB32
ARM GAS  C:\Users\jagumiel\AppData\Local\Temp\ccBVhQec.s 			page 12


 595 0014 60000000 		.4byte	.LFE32-.LFB32
 596 0018 00000000 		.4byte	0
 597 001c 00000000 		.4byte	0
 598              		.section	.debug_ranges,"",%progbits
 599              	.Ldebug_ranges0:
 600 0000 00000000 		.4byte	.LFB32
 601 0004 60000000 		.4byte	.LFE32
 602 0008 00000000 		.4byte	0
 603 000c 00000000 		.4byte	0
 604              		.section	.debug_line,"",%progbits
 605              	.Ldebug_line0:
 606 0000 B2000000 		.section	.debug_str,"MS",%progbits,1
 606      02007100 
 606      00000201 
 606      FB0E0D00 
 606      01010101 
 607              	.LASF6:
 608 0000 6C6F6E67 		.ascii	"long long int\000"
 608      206C6F6E 
 608      6720696E 
 608      7400
 609              	.LASF14:
 610 000e 4932435F 		.ascii	"I2C_Start\000"
 610      53746172 
 610      7400
 611              	.LASF8:
 612 0018 756E7369 		.ascii	"unsigned int\000"
 612      676E6564 
 612      20696E74 
 612      00
 613              	.LASF23:
 614 0025 443A5C55 		.ascii	"D:\\Users\\jagumiel\\Documents\\PSoC Creator\\PSoC-"
 614      73657273 
 614      5C6A6167 
 614      756D6965 
 614      6C5C446F 
 615 0053 3130315C 		.ascii	"101\\PSoC-101\\Lesson17.cydsn\000"
 615      50536F43 
 615      2D313031 
 615      5C4C6573 
 615      736F6E31 
 616              	.LASF19:
 617 006f 43795379 		.ascii	"CySysPmDeepSleep\000"
 617      73506D44 
 617      65657053 
 617      6C656570 
 617      00
 618              	.LASF20:
 619 0080 4932435F 		.ascii	"I2C_Wakeup\000"
 619      57616B65 
 619      757000
 620              	.LASF17:
 621 008b 43794465 		.ascii	"CyDelay\000"
 621      6C617900 
 622              	.LASF24:
 623 0093 75696E74 		.ascii	"uint8\000"
 623      3800
ARM GAS  C:\Users\jagumiel\AppData\Local\Temp\ccBVhQec.s 			page 13


 624              	.LASF5:
 625 0099 6C6F6E67 		.ascii	"long unsigned int\000"
 625      20756E73 
 625      69676E65 
 625      6420696E 
 625      7400
 626              	.LASF7:
 627 00ab 6C6F6E67 		.ascii	"long long unsigned int\000"
 627      206C6F6E 
 627      6720756E 
 627      7369676E 
 627      65642069 
 628              	.LASF9:
 629 00c2 666C6F61 		.ascii	"float\000"
 629      7400
 630              	.LASF16:
 631 00c8 4F757470 		.ascii	"Output_Pin_0_Write\000"
 631      75745F50 
 631      696E5F30 
 631      5F577269 
 631      746500
 632              	.LASF1:
 633 00db 756E7369 		.ascii	"unsigned char\000"
 633      676E6564 
 633      20636861 
 633      7200
 634              	.LASF11:
 635 00e9 63686172 		.ascii	"char\000"
 635      00
 636              	.LASF22:
 637 00ee 6D61696E 		.ascii	"main.c\000"
 637      2E6300
 638              	.LASF4:
 639 00f5 6C6F6E67 		.ascii	"long int\000"
 639      20696E74 
 639      00
 640              	.LASF10:
 641 00fe 646F7562 		.ascii	"double\000"
 641      6C6500
 642              	.LASF15:
 643 0105 4932435F 		.ascii	"I2C_EzI2CSetBuffer\000"
 643      457A4932 
 643      43536574 
 643      42756666 
 643      657200
 644              	.LASF26:
 645 0118 69326362 		.ascii	"i2cbuf\000"
 645      756600
 646              	.LASF21:
 647 011f 474E5520 		.ascii	"GNU C11 5.4.1 20160609 (release) [ARM/embedded-5-br"
 647      43313120 
 647      352E342E 
 647      31203230 
 647      31363036 
 648 0152 616E6368 		.ascii	"anch revision 237715] -mcpu=cortex-m0 -mthumb -g -O"
 648      20726576 
 648      6973696F 
ARM GAS  C:\Users\jagumiel\AppData\Local\Temp\ccBVhQec.s 			page 14


 648      6E203233 
 648      37373135 
 649 0185 67202D66 		.ascii	"g -ffunction-sections -ffat-lto-objects\000"
 649      66756E63 
 649      74696F6E 
 649      2D736563 
 649      74696F6E 
 650              	.LASF3:
 651 01ad 73686F72 		.ascii	"short unsigned int\000"
 651      7420756E 
 651      7369676E 
 651      65642069 
 651      6E7400
 652              	.LASF0:
 653 01c0 7369676E 		.ascii	"signed char\000"
 653      65642063 
 653      68617200 
 654              	.LASF25:
 655 01cc 6D61696E 		.ascii	"main\000"
 655      00
 656              	.LASF12:
 657 01d1 6C6F6E67 		.ascii	"long double\000"
 657      20646F75 
 657      626C6500 
 658              	.LASF2:
 659 01dd 73686F72 		.ascii	"short int\000"
 659      7420696E 
 659      7400
 660              	.LASF18:
 661 01e7 4932435F 		.ascii	"I2C_Sleep\000"
 661      536C6565 
 661      7000
 662              	.LASF13:
 663 01f1 73697A65 		.ascii	"sizetype\000"
 663      74797065 
 663      00
 664              		.ident	"GCC: (GNU Tools for ARM Embedded Processors) 5.4.1 20160609 (release) [ARM/embedded-5-bran
