ARM GAS  C:\Users\jagumiel\AppData\Local\Temp\cc8bGwrh.s 			page 1


   1              		.syntax unified
   2              		.cpu cortex-m0
   3              		.fpu softvfp
   4              		.eabi_attribute 20, 1
   5              		.eabi_attribute 21, 1
   6              		.eabi_attribute 23, 3
   7              		.eabi_attribute 24, 1
   8              		.eabi_attribute 25, 1
   9              		.eabi_attribute 26, 1
  10              		.eabi_attribute 30, 1
  11              		.eabi_attribute 34, 0
  12              		.eabi_attribute 18, 4
  13              		.thumb
  14              		.syntax unified
  15              		.file	"cyfitter_cfg.c"
  16              		.text
  17              	.Ltext0:
  18              		.cfi_sections	.debug_frame
  19              		.section	.text.cfg_write_bytes32,"ax",%progbits
  20              		.align	2
  21              		.code	16
  22              		.thumb_func
  23              		.type	cfg_write_bytes32, %function
  24              	cfg_write_bytes32:
  25              	.LFB3:
  26              		.file 1 "Generated_Source\\PSoC4\\cyfitter_cfg.c"
   1:Generated_Source\PSoC4/cyfitter_cfg.c **** 
   2:Generated_Source\PSoC4/cyfitter_cfg.c **** /*******************************************************************************
   3:Generated_Source\PSoC4/cyfitter_cfg.c **** * File Name: cyfitter_cfg.c
   4:Generated_Source\PSoC4/cyfitter_cfg.c **** * 
   5:Generated_Source\PSoC4/cyfitter_cfg.c **** * PSoC Creator  4.2
   6:Generated_Source\PSoC4/cyfitter_cfg.c **** *
   7:Generated_Source\PSoC4/cyfitter_cfg.c **** * Description:
   8:Generated_Source\PSoC4/cyfitter_cfg.c **** * This file contains device initialization code.
   9:Generated_Source\PSoC4/cyfitter_cfg.c **** * Except for the user defined sections in CyClockStartupError(), this file should not be modified.
  10:Generated_Source\PSoC4/cyfitter_cfg.c **** * This file is automatically generated by PSoC Creator.
  11:Generated_Source\PSoC4/cyfitter_cfg.c **** *
  12:Generated_Source\PSoC4/cyfitter_cfg.c **** ********************************************************************************
  13:Generated_Source\PSoC4/cyfitter_cfg.c **** * Copyright (c) 2007-2018 Cypress Semiconductor.  All rights reserved.
  14:Generated_Source\PSoC4/cyfitter_cfg.c **** * You may use this file only in accordance with the license, terms, conditions, 
  15:Generated_Source\PSoC4/cyfitter_cfg.c **** * disclaimers, and limitations in the end user license agreement accompanying 
  16:Generated_Source\PSoC4/cyfitter_cfg.c **** * the software package with which this file was provided.
  17:Generated_Source\PSoC4/cyfitter_cfg.c **** ********************************************************************************/
  18:Generated_Source\PSoC4/cyfitter_cfg.c **** 
  19:Generated_Source\PSoC4/cyfitter_cfg.c **** #include <string.h>
  20:Generated_Source\PSoC4/cyfitter_cfg.c **** #include "cytypes.h"
  21:Generated_Source\PSoC4/cyfitter_cfg.c **** #include "cydevice_trm.h"
  22:Generated_Source\PSoC4/cyfitter_cfg.c **** #include "cyfitter.h"
  23:Generated_Source\PSoC4/cyfitter_cfg.c **** #include "CyLib.h"
  24:Generated_Source\PSoC4/cyfitter_cfg.c **** #include "CyLFClk.h"
  25:Generated_Source\PSoC4/cyfitter_cfg.c **** #include "cyfitter_cfg.h"
  26:Generated_Source\PSoC4/cyfitter_cfg.c **** #include "cyapicallbacks.h"
  27:Generated_Source\PSoC4/cyfitter_cfg.c **** 
  28:Generated_Source\PSoC4/cyfitter_cfg.c **** 
  29:Generated_Source\PSoC4/cyfitter_cfg.c **** #if defined(__GNUC__) || defined(__ARMCC_VERSION)
  30:Generated_Source\PSoC4/cyfitter_cfg.c ****     #define CYPACKED 
  31:Generated_Source\PSoC4/cyfitter_cfg.c ****     #define CYPACKED_ATTR __attribute__ ((packed))
ARM GAS  C:\Users\jagumiel\AppData\Local\Temp\cc8bGwrh.s 			page 2


  32:Generated_Source\PSoC4/cyfitter_cfg.c ****     #define CYALIGNED __attribute__ ((aligned))
  33:Generated_Source\PSoC4/cyfitter_cfg.c ****     #define CY_CFG_UNUSED __attribute__ ((unused))
  34:Generated_Source\PSoC4/cyfitter_cfg.c ****     #ifndef CY_CFG_SECTION
  35:Generated_Source\PSoC4/cyfitter_cfg.c ****         #define CY_CFG_SECTION __attribute__ ((section(".psocinit")))
  36:Generated_Source\PSoC4/cyfitter_cfg.c ****     #endif
  37:Generated_Source\PSoC4/cyfitter_cfg.c ****     
  38:Generated_Source\PSoC4/cyfitter_cfg.c ****     #if defined(__ARMCC_VERSION)
  39:Generated_Source\PSoC4/cyfitter_cfg.c ****         #define CY_CFG_MEMORY_BARRIER() __memory_changed()
  40:Generated_Source\PSoC4/cyfitter_cfg.c ****     #else
  41:Generated_Source\PSoC4/cyfitter_cfg.c ****         #define CY_CFG_MEMORY_BARRIER() __sync_synchronize()
  42:Generated_Source\PSoC4/cyfitter_cfg.c ****     #endif
  43:Generated_Source\PSoC4/cyfitter_cfg.c ****     
  44:Generated_Source\PSoC4/cyfitter_cfg.c **** #elif defined(__ICCARM__)
  45:Generated_Source\PSoC4/cyfitter_cfg.c ****     #include <intrinsics.h>
  46:Generated_Source\PSoC4/cyfitter_cfg.c **** 
  47:Generated_Source\PSoC4/cyfitter_cfg.c ****     #define CYPACKED __packed
  48:Generated_Source\PSoC4/cyfitter_cfg.c ****     #define CYPACKED_ATTR 
  49:Generated_Source\PSoC4/cyfitter_cfg.c ****     #define CYALIGNED _Pragma("data_alignment=4")
  50:Generated_Source\PSoC4/cyfitter_cfg.c ****     #define CY_CFG_UNUSED _Pragma("diag_suppress=Pe177")
  51:Generated_Source\PSoC4/cyfitter_cfg.c ****     #define CY_CFG_SECTION _Pragma("location=\".psocinit\"")
  52:Generated_Source\PSoC4/cyfitter_cfg.c ****     
  53:Generated_Source\PSoC4/cyfitter_cfg.c ****     #define CY_CFG_MEMORY_BARRIER() __DMB()
  54:Generated_Source\PSoC4/cyfitter_cfg.c ****     
  55:Generated_Source\PSoC4/cyfitter_cfg.c **** #else
  56:Generated_Source\PSoC4/cyfitter_cfg.c ****     #error Unsupported toolchain
  57:Generated_Source\PSoC4/cyfitter_cfg.c **** #endif
  58:Generated_Source\PSoC4/cyfitter_cfg.c **** 
  59:Generated_Source\PSoC4/cyfitter_cfg.c **** #ifndef CYCODE
  60:Generated_Source\PSoC4/cyfitter_cfg.c ****     #define CYCODE
  61:Generated_Source\PSoC4/cyfitter_cfg.c **** #endif
  62:Generated_Source\PSoC4/cyfitter_cfg.c **** #ifndef CYDATA
  63:Generated_Source\PSoC4/cyfitter_cfg.c ****     #define CYDATA
  64:Generated_Source\PSoC4/cyfitter_cfg.c **** #endif
  65:Generated_Source\PSoC4/cyfitter_cfg.c **** #ifndef CYFAR
  66:Generated_Source\PSoC4/cyfitter_cfg.c ****     #define CYFAR
  67:Generated_Source\PSoC4/cyfitter_cfg.c **** #endif
  68:Generated_Source\PSoC4/cyfitter_cfg.c **** #ifndef CYXDATA
  69:Generated_Source\PSoC4/cyfitter_cfg.c ****     #define CYXDATA
  70:Generated_Source\PSoC4/cyfitter_cfg.c **** #endif
  71:Generated_Source\PSoC4/cyfitter_cfg.c **** 
  72:Generated_Source\PSoC4/cyfitter_cfg.c **** 
  73:Generated_Source\PSoC4/cyfitter_cfg.c **** CY_CFG_UNUSED
  74:Generated_Source\PSoC4/cyfitter_cfg.c **** static void CYMEMZERO(void *s, size_t n);
  75:Generated_Source\PSoC4/cyfitter_cfg.c **** CY_CFG_UNUSED
  76:Generated_Source\PSoC4/cyfitter_cfg.c **** static void CYMEMZERO(void *s, size_t n)
  77:Generated_Source\PSoC4/cyfitter_cfg.c **** {
  78:Generated_Source\PSoC4/cyfitter_cfg.c **** 	(void)memset(s, 0, n);
  79:Generated_Source\PSoC4/cyfitter_cfg.c **** }
  80:Generated_Source\PSoC4/cyfitter_cfg.c **** CY_CFG_UNUSED
  81:Generated_Source\PSoC4/cyfitter_cfg.c **** static void CYCONFIGCPY(void *dest, const void *src, size_t n);
  82:Generated_Source\PSoC4/cyfitter_cfg.c **** CY_CFG_UNUSED
  83:Generated_Source\PSoC4/cyfitter_cfg.c **** static void CYCONFIGCPY(void *dest, const void *src, size_t n)
  84:Generated_Source\PSoC4/cyfitter_cfg.c **** {
  85:Generated_Source\PSoC4/cyfitter_cfg.c **** 	(void)memcpy(dest, src, n);
  86:Generated_Source\PSoC4/cyfitter_cfg.c **** }
  87:Generated_Source\PSoC4/cyfitter_cfg.c **** CY_CFG_UNUSED
  88:Generated_Source\PSoC4/cyfitter_cfg.c **** static void CYCONFIGCPYCODE(void *dest, const void *src, size_t n);
ARM GAS  C:\Users\jagumiel\AppData\Local\Temp\cc8bGwrh.s 			page 3


  89:Generated_Source\PSoC4/cyfitter_cfg.c **** CY_CFG_UNUSED
  90:Generated_Source\PSoC4/cyfitter_cfg.c **** static void CYCONFIGCPYCODE(void *dest, const void *src, size_t n)
  91:Generated_Source\PSoC4/cyfitter_cfg.c **** {
  92:Generated_Source\PSoC4/cyfitter_cfg.c **** 	(void)memcpy(dest, src, n);
  93:Generated_Source\PSoC4/cyfitter_cfg.c **** }
  94:Generated_Source\PSoC4/cyfitter_cfg.c **** 
  95:Generated_Source\PSoC4/cyfitter_cfg.c **** 
  96:Generated_Source\PSoC4/cyfitter_cfg.c **** 
  97:Generated_Source\PSoC4/cyfitter_cfg.c **** 
  98:Generated_Source\PSoC4/cyfitter_cfg.c **** /* Clock startup error codes                                                   */
  99:Generated_Source\PSoC4/cyfitter_cfg.c **** #define CYCLOCKSTART_NO_ERROR    0u
 100:Generated_Source\PSoC4/cyfitter_cfg.c **** #define CYCLOCKSTART_XTAL_ERROR  1u
 101:Generated_Source\PSoC4/cyfitter_cfg.c **** #define CYCLOCKSTART_32KHZ_ERROR 2u
 102:Generated_Source\PSoC4/cyfitter_cfg.c **** #define CYCLOCKSTART_PLL_ERROR   3u
 103:Generated_Source\PSoC4/cyfitter_cfg.c **** #define CYCLOCKSTART_FLL_ERROR   4u
 104:Generated_Source\PSoC4/cyfitter_cfg.c **** #define CYCLOCKSTART_WCO_ERROR   5u
 105:Generated_Source\PSoC4/cyfitter_cfg.c **** 
 106:Generated_Source\PSoC4/cyfitter_cfg.c **** 
 107:Generated_Source\PSoC4/cyfitter_cfg.c **** #ifdef CY_NEED_CYCLOCKSTARTUPERROR
 108:Generated_Source\PSoC4/cyfitter_cfg.c **** /*******************************************************************************
 109:Generated_Source\PSoC4/cyfitter_cfg.c **** * Function Name: CyClockStartupError
 110:Generated_Source\PSoC4/cyfitter_cfg.c **** ********************************************************************************
 111:Generated_Source\PSoC4/cyfitter_cfg.c **** * Summary:
 112:Generated_Source\PSoC4/cyfitter_cfg.c **** *  If an error is encountered during clock configuration (crystal startup error,
 113:Generated_Source\PSoC4/cyfitter_cfg.c **** *  PLL lock error, etc.), the system will end up here.  Unless reimplemented by
 114:Generated_Source\PSoC4/cyfitter_cfg.c **** *  the customer, this function will stop in an infinite loop.
 115:Generated_Source\PSoC4/cyfitter_cfg.c **** *
 116:Generated_Source\PSoC4/cyfitter_cfg.c **** * Parameters:
 117:Generated_Source\PSoC4/cyfitter_cfg.c **** *   void
 118:Generated_Source\PSoC4/cyfitter_cfg.c **** *
 119:Generated_Source\PSoC4/cyfitter_cfg.c **** * Return:
 120:Generated_Source\PSoC4/cyfitter_cfg.c **** *   void
 121:Generated_Source\PSoC4/cyfitter_cfg.c **** *
 122:Generated_Source\PSoC4/cyfitter_cfg.c **** *******************************************************************************/
 123:Generated_Source\PSoC4/cyfitter_cfg.c **** CY_CFG_UNUSED
 124:Generated_Source\PSoC4/cyfitter_cfg.c **** static void CyClockStartupError(uint8 errorCode);
 125:Generated_Source\PSoC4/cyfitter_cfg.c **** CY_CFG_UNUSED
 126:Generated_Source\PSoC4/cyfitter_cfg.c **** static void CyClockStartupError(uint8 errorCode)
 127:Generated_Source\PSoC4/cyfitter_cfg.c **** {
 128:Generated_Source\PSoC4/cyfitter_cfg.c ****     /* To remove the compiler warning if errorCode not used.                */
 129:Generated_Source\PSoC4/cyfitter_cfg.c ****     errorCode = errorCode;
 130:Generated_Source\PSoC4/cyfitter_cfg.c **** 
 131:Generated_Source\PSoC4/cyfitter_cfg.c ****     /* If we have a clock startup error (bad MHz crystal, PLL lock, etc.),  */
 132:Generated_Source\PSoC4/cyfitter_cfg.c ****     /* we will end up here to allow the customer to implement something to  */
 133:Generated_Source\PSoC4/cyfitter_cfg.c ****     /* deal with the clock condition.                                       */
 134:Generated_Source\PSoC4/cyfitter_cfg.c **** 
 135:Generated_Source\PSoC4/cyfitter_cfg.c **** #ifdef CY_CFG_CLOCK_STARTUP_ERROR_CALLBACK
 136:Generated_Source\PSoC4/cyfitter_cfg.c ****     CY_CFG_Clock_Startup_ErrorCallback();
 137:Generated_Source\PSoC4/cyfitter_cfg.c **** #else
 138:Generated_Source\PSoC4/cyfitter_cfg.c ****     /*  If not using CY_CFG_CLOCK_STARTUP_ERROR_CALLBACK, place your clock startup code here. */
 139:Generated_Source\PSoC4/cyfitter_cfg.c ****     /* `#START CyClockStartupError` */
 140:Generated_Source\PSoC4/cyfitter_cfg.c **** 
 141:Generated_Source\PSoC4/cyfitter_cfg.c **** 
 142:Generated_Source\PSoC4/cyfitter_cfg.c **** 
 143:Generated_Source\PSoC4/cyfitter_cfg.c ****     /* `#END` */
 144:Generated_Source\PSoC4/cyfitter_cfg.c **** 
 145:Generated_Source\PSoC4/cyfitter_cfg.c ****     while(1) {}
ARM GAS  C:\Users\jagumiel\AppData\Local\Temp\cc8bGwrh.s 			page 4


 146:Generated_Source\PSoC4/cyfitter_cfg.c **** #endif /* CY_CFG_CLOCK_STARTUP_ERROR_CALLBACK */
 147:Generated_Source\PSoC4/cyfitter_cfg.c **** }
 148:Generated_Source\PSoC4/cyfitter_cfg.c **** #endif
 149:Generated_Source\PSoC4/cyfitter_cfg.c **** 
 150:Generated_Source\PSoC4/cyfitter_cfg.c **** #define CY_CFG_BASE_ADDR_COUNT 5u
 151:Generated_Source\PSoC4/cyfitter_cfg.c **** CYPACKED typedef struct
 152:Generated_Source\PSoC4/cyfitter_cfg.c **** {
 153:Generated_Source\PSoC4/cyfitter_cfg.c **** 	uint8 offset;
 154:Generated_Source\PSoC4/cyfitter_cfg.c **** 	uint8 value;
 155:Generated_Source\PSoC4/cyfitter_cfg.c **** } CYPACKED_ATTR cy_cfg_addrvalue_t;
 156:Generated_Source\PSoC4/cyfitter_cfg.c **** 
 157:Generated_Source\PSoC4/cyfitter_cfg.c **** 
 158:Generated_Source\PSoC4/cyfitter_cfg.c **** 
 159:Generated_Source\PSoC4/cyfitter_cfg.c **** /*******************************************************************************
 160:Generated_Source\PSoC4/cyfitter_cfg.c **** * Function Name: cfg_write_bytes32
 161:Generated_Source\PSoC4/cyfitter_cfg.c **** ********************************************************************************
 162:Generated_Source\PSoC4/cyfitter_cfg.c **** * Summary:
 163:Generated_Source\PSoC4/cyfitter_cfg.c **** *  This function is used for setting up the chip configuration areas that
 164:Generated_Source\PSoC4/cyfitter_cfg.c **** *  contain relatively sparse data.
 165:Generated_Source\PSoC4/cyfitter_cfg.c **** *
 166:Generated_Source\PSoC4/cyfitter_cfg.c **** * Parameters:
 167:Generated_Source\PSoC4/cyfitter_cfg.c **** *   void
 168:Generated_Source\PSoC4/cyfitter_cfg.c **** *
 169:Generated_Source\PSoC4/cyfitter_cfg.c **** * Return:
 170:Generated_Source\PSoC4/cyfitter_cfg.c **** *   void
 171:Generated_Source\PSoC4/cyfitter_cfg.c **** *
 172:Generated_Source\PSoC4/cyfitter_cfg.c **** *******************************************************************************/
 173:Generated_Source\PSoC4/cyfitter_cfg.c **** static void cfg_write_bytes32(const uint32 addr_table[], const cy_cfg_addrvalue_t data_table[]);
 174:Generated_Source\PSoC4/cyfitter_cfg.c **** static void cfg_write_bytes32(const uint32 addr_table[], const cy_cfg_addrvalue_t data_table[])
 175:Generated_Source\PSoC4/cyfitter_cfg.c **** {
  27              		.loc 1 175 0
  28              		.cfi_startproc
  29              		@ args = 0, pretend = 0, frame = 0
  30              		@ frame_needed = 0, uses_anonymous_args = 0
  31              	.LVL0:
  32 0000 F0B5     		push	{r4, r5, r6, r7, lr}
  33              		.cfi_def_cfa_offset 20
  34              		.cfi_offset 4, -20
  35              		.cfi_offset 5, -16
  36              		.cfi_offset 6, -12
  37              		.cfi_offset 7, -8
  38              		.cfi_offset 14, -4
  39              	.LVL1:
 176:Generated_Source\PSoC4/cyfitter_cfg.c **** 	/* For 32-bit little-endian architectures */
 177:Generated_Source\PSoC4/cyfitter_cfg.c **** 	uint32 i, j = 0u;
  40              		.loc 1 177 0
  41 0002 0025     		movs	r5, #0
 178:Generated_Source\PSoC4/cyfitter_cfg.c **** 	for (i = 0u; i < CY_CFG_BASE_ADDR_COUNT; i++)
  42              		.loc 1 178 0
  43 0004 0027     		movs	r7, #0
  44 0006 11E0     		b	.L2
  45              	.LVL2:
  46              	.L5:
  47              	.LBB2:
 179:Generated_Source\PSoC4/cyfitter_cfg.c **** 	{
 180:Generated_Source\PSoC4/cyfitter_cfg.c **** 		uint32 baseAddr = addr_table[i];
  48              		.loc 1 180 0
ARM GAS  C:\Users\jagumiel\AppData\Local\Temp\cc8bGwrh.s 			page 5


  49 0008 BB00     		lsls	r3, r7, #2
  50 000a C658     		ldr	r6, [r0, r3]
  51              	.LVL3:
 181:Generated_Source\PSoC4/cyfitter_cfg.c **** 		uint8 count = (uint8)baseAddr;
  52              		.loc 1 181 0
  53 000c F3B2     		uxtb	r3, r6
  54              	.LVL4:
 182:Generated_Source\PSoC4/cyfitter_cfg.c **** 		baseAddr &= 0xFFFFFF00u;
  55              		.loc 1 182 0
  56 000e FF22     		movs	r2, #255
  57 0010 9643     		bics	r6, r2
  58              	.LVL5:
 183:Generated_Source\PSoC4/cyfitter_cfg.c **** 		while (count != 0u)
  59              		.loc 1 183 0
  60 0012 08E0     		b	.L3
  61              	.L4:
 184:Generated_Source\PSoC4/cyfitter_cfg.c **** 		{
 185:Generated_Source\PSoC4/cyfitter_cfg.c **** 			CY_SET_REG8((void *)(baseAddr + data_table[j].offset), data_table[j].value);
  62              		.loc 1 185 0
  63 0014 6A00     		lsls	r2, r5, #1
  64 0016 8A18     		adds	r2, r1, r2
  65 0018 1478     		ldrb	r4, [r2]
  66 001a A419     		adds	r4, r4, r6
  67 001c 5278     		ldrb	r2, [r2, #1]
  68 001e 2270     		strb	r2, [r4]
 186:Generated_Source\PSoC4/cyfitter_cfg.c **** 			j++;
  69              		.loc 1 186 0
  70 0020 0135     		adds	r5, r5, #1
  71              	.LVL6:
 187:Generated_Source\PSoC4/cyfitter_cfg.c **** 			count--;
  72              		.loc 1 187 0
  73 0022 013B     		subs	r3, r3, #1
  74              	.LVL7:
  75 0024 DBB2     		uxtb	r3, r3
  76              	.LVL8:
  77              	.L3:
 183:Generated_Source\PSoC4/cyfitter_cfg.c **** 		{
  78              		.loc 1 183 0
  79 0026 002B     		cmp	r3, #0
  80 0028 F4D1     		bne	.L4
  81              	.LBE2:
 178:Generated_Source\PSoC4/cyfitter_cfg.c **** 	{
  82              		.loc 1 178 0 discriminator 2
  83 002a 0137     		adds	r7, r7, #1
  84              	.LVL9:
  85              	.L2:
 178:Generated_Source\PSoC4/cyfitter_cfg.c **** 	{
  86              		.loc 1 178 0 is_stmt 0 discriminator 1
  87 002c 042F     		cmp	r7, #4
  88 002e EBD9     		bls	.L5
 188:Generated_Source\PSoC4/cyfitter_cfg.c **** 		}
 189:Generated_Source\PSoC4/cyfitter_cfg.c **** 	}
 190:Generated_Source\PSoC4/cyfitter_cfg.c **** }
  89              		.loc 1 190 0 is_stmt 1
  90              		@ sp needed
  91              	.LVL10:
  92              	.LVL11:
ARM GAS  C:\Users\jagumiel\AppData\Local\Temp\cc8bGwrh.s 			page 6


  93 0030 F0BD     		pop	{r4, r5, r6, r7, pc}
  94              		.cfi_endproc
  95              	.LFE3:
  96              		.size	cfg_write_bytes32, .-cfg_write_bytes32
  97 0032 C046     		.section	.text.CYMEMZERO,"ax",%progbits
  98              		.align	2
  99              		.code	16
 100              		.thumb_func
 101              		.type	CYMEMZERO, %function
 102              	CYMEMZERO:
 103              	.LFB0:
  77:Generated_Source\PSoC4/cyfitter_cfg.c **** 	(void)memset(s, 0, n);
 104              		.loc 1 77 0
 105              		.cfi_startproc
 106              		@ args = 0, pretend = 0, frame = 0
 107              		@ frame_needed = 0, uses_anonymous_args = 0
 108              	.LVL12:
 109 0000 10B5     		push	{r4, lr}
 110              		.cfi_def_cfa_offset 8
 111              		.cfi_offset 4, -8
 112              		.cfi_offset 14, -4
 113 0002 0A00     		movs	r2, r1
  78:Generated_Source\PSoC4/cyfitter_cfg.c **** }
 114              		.loc 1 78 0
 115 0004 0021     		movs	r1, #0
 116              	.LVL13:
 117 0006 FFF7FEFF 		bl	memset
 118              	.LVL14:
  79:Generated_Source\PSoC4/cyfitter_cfg.c **** CY_CFG_UNUSED
 119              		.loc 1 79 0
 120              		@ sp needed
 121 000a 10BD     		pop	{r4, pc}
 122              		.cfi_endproc
 123              	.LFE0:
 124              		.size	CYMEMZERO, .-CYMEMZERO
 125              		.section	.psocinit,"ax",%progbits
 126              		.align	2
 127              		.code	16
 128              		.thumb_func
 129              		.type	ClockSetup, %function
 130              	ClockSetup:
 131              	.LFB4:
 191:Generated_Source\PSoC4/cyfitter_cfg.c **** 
 192:Generated_Source\PSoC4/cyfitter_cfg.c **** 
 193:Generated_Source\PSoC4/cyfitter_cfg.c **** /*******************************************************************************
 194:Generated_Source\PSoC4/cyfitter_cfg.c **** * Function Name: ClockSetup
 195:Generated_Source\PSoC4/cyfitter_cfg.c **** ********************************************************************************
 196:Generated_Source\PSoC4/cyfitter_cfg.c **** *
 197:Generated_Source\PSoC4/cyfitter_cfg.c **** * Summary:
 198:Generated_Source\PSoC4/cyfitter_cfg.c **** *   Performs the initialization of all of the clocks in the device based on the
 199:Generated_Source\PSoC4/cyfitter_cfg.c **** *   settings in the Clock tab of the DWR.  This includes enabling the requested
 200:Generated_Source\PSoC4/cyfitter_cfg.c **** *   clocks and setting the necessary dividers to produce the desired frequency. 
 201:Generated_Source\PSoC4/cyfitter_cfg.c **** *
 202:Generated_Source\PSoC4/cyfitter_cfg.c **** * Parameters:
 203:Generated_Source\PSoC4/cyfitter_cfg.c **** *   void
 204:Generated_Source\PSoC4/cyfitter_cfg.c **** *
 205:Generated_Source\PSoC4/cyfitter_cfg.c **** * Return:
ARM GAS  C:\Users\jagumiel\AppData\Local\Temp\cc8bGwrh.s 			page 7


 206:Generated_Source\PSoC4/cyfitter_cfg.c **** *   void
 207:Generated_Source\PSoC4/cyfitter_cfg.c **** *
 208:Generated_Source\PSoC4/cyfitter_cfg.c **** *******************************************************************************/
 209:Generated_Source\PSoC4/cyfitter_cfg.c **** static void ClockSetup(void);
 210:Generated_Source\PSoC4/cyfitter_cfg.c **** CY_CFG_SECTION
 211:Generated_Source\PSoC4/cyfitter_cfg.c **** static void ClockSetup(void)
 212:Generated_Source\PSoC4/cyfitter_cfg.c **** {
 132              		.loc 1 212 0
 133              		.cfi_startproc
 134              		@ args = 0, pretend = 0, frame = 0
 135              		@ frame_needed = 0, uses_anonymous_args = 0
 136 0000 70B5     		push	{r4, r5, r6, lr}
 137              		.cfi_def_cfa_offset 16
 138              		.cfi_offset 4, -16
 139              		.cfi_offset 5, -12
 140              		.cfi_offset 6, -8
 141              		.cfi_offset 14, -4
 213:Generated_Source\PSoC4/cyfitter_cfg.c **** 	/* Enable HALF_EN before trimming for the flash accelerator. */
 214:Generated_Source\PSoC4/cyfitter_cfg.c **** 	CY_SET_REG32((void CYXDATA *)(CYREG_CLK_SELECT), (CY_GET_REG32((void *)CYREG_CLK_SELECT) | 0x00040
 142              		.loc 1 214 0
 143 0002 134C     		ldr	r4, .L8
 144 0004 2368     		ldr	r3, [r4]
 145 0006 8022     		movs	r2, #128
 146 0008 D202     		lsls	r2, r2, #11
 147 000a 1343     		orrs	r3, r2
 148 000c 2360     		str	r3, [r4]
 215:Generated_Source\PSoC4/cyfitter_cfg.c **** 
 216:Generated_Source\PSoC4/cyfitter_cfg.c **** 	/* Setup and trim IMO based on desired frequency. */
 217:Generated_Source\PSoC4/cyfitter_cfg.c **** 	CySysClkWriteImoFreq(24u);
 149              		.loc 1 217 0
 150 000e 1820     		movs	r0, #24
 151 0010 FFF7FEFF 		bl	CySysClkWriteImoFreq
 152              	.LVL15:
 218:Generated_Source\PSoC4/cyfitter_cfg.c **** 
 219:Generated_Source\PSoC4/cyfitter_cfg.c **** 	/* Disable HALF_EN since it is not required at this IMO frequency. */
 220:Generated_Source\PSoC4/cyfitter_cfg.c **** 	CY_SET_REG32((void CYXDATA *)(CYREG_CLK_SELECT), (CY_GET_REG32((void *)CYREG_CLK_SELECT) & 0xFFFBF
 153              		.loc 1 220 0
 154 0014 2268     		ldr	r2, [r4]
 155 0016 0F4B     		ldr	r3, .L8+4
 156 0018 1340     		ands	r3, r2
 157 001a 2360     		str	r3, [r4]
 221:Generated_Source\PSoC4/cyfitter_cfg.c **** 	/* CYDEV_CLK_ILO_CONFIG Starting address: CYDEV_CLK_ILO_CONFIG */
 222:Generated_Source\PSoC4/cyfitter_cfg.c **** 	CY_SET_REG32((void *)(CYREG_CLK_ILO_CONFIG), 0x80000006u);
 158              		.loc 1 222 0
 159 001c 0E4A     		ldr	r2, .L8+8
 160 001e 0F4B     		ldr	r3, .L8+12
 161 0020 1A60     		str	r2, [r3]
 223:Generated_Source\PSoC4/cyfitter_cfg.c **** 
 224:Generated_Source\PSoC4/cyfitter_cfg.c **** 
 225:Generated_Source\PSoC4/cyfitter_cfg.c **** 	/* CYDEV_CLK_SELECT00 Starting address: CYDEV_CLK_SELECT00 */
 226:Generated_Source\PSoC4/cyfitter_cfg.c **** 	CY_SET_REG32((void *)(CYREG_CLK_SELECT03), 0x00000010u);
 162              		.loc 1 226 0
 163 0022 1022     		movs	r2, #16
 164 0024 0E4B     		ldr	r3, .L8+16
 165 0026 1A60     		str	r2, [r3]
 227:Generated_Source\PSoC4/cyfitter_cfg.c **** 
 228:Generated_Source\PSoC4/cyfitter_cfg.c **** 	/* CYDEV_CLK_IMO_CONFIG Starting address: CYDEV_CLK_IMO_CONFIG */
ARM GAS  C:\Users\jagumiel\AppData\Local\Temp\cc8bGwrh.s 			page 8


 229:Generated_Source\PSoC4/cyfitter_cfg.c **** 	CY_SET_REG32((void *)(CYREG_CLK_IMO_CONFIG), 0x80000000u);
 166              		.loc 1 229 0
 167 0028 8022     		movs	r2, #128
 168 002a 1206     		lsls	r2, r2, #24
 169 002c 0D4B     		ldr	r3, .L8+20
 170 002e 1A60     		str	r2, [r3]
 230:Generated_Source\PSoC4/cyfitter_cfg.c **** 
 231:Generated_Source\PSoC4/cyfitter_cfg.c **** 	/* CYDEV_CLK_SELECT Starting address: CYDEV_CLK_SELECT */
 232:Generated_Source\PSoC4/cyfitter_cfg.c **** 	CY_SET_REG32((void *)(CYREG_CLK_SELECT), 0x00000000u);
 171              		.loc 1 232 0
 172 0030 0025     		movs	r5, #0
 173 0032 2560     		str	r5, [r4]
 233:Generated_Source\PSoC4/cyfitter_cfg.c **** 
 234:Generated_Source\PSoC4/cyfitter_cfg.c **** 	/* CYDEV_CLK_DIVIDER_A00 Starting address: CYDEV_CLK_DIVIDER_A00 */
 235:Generated_Source\PSoC4/cyfitter_cfg.c **** 	CY_SET_REG32((void *)(CYREG_CLK_DIVIDER_A00), 0x80000010u);
 174              		.loc 1 235 0
 175 0034 0C4A     		ldr	r2, .L8+24
 176 0036 0D4B     		ldr	r3, .L8+28
 177 0038 1A60     		str	r2, [r3]
 236:Generated_Source\PSoC4/cyfitter_cfg.c **** 
 237:Generated_Source\PSoC4/cyfitter_cfg.c **** 	(void)CyIntSetVector(9u, &CySysWdtIsr);
 178              		.loc 1 237 0
 179 003a 0D49     		ldr	r1, .L8+32
 180 003c 0920     		movs	r0, #9
 181 003e FFF7FEFF 		bl	CyIntSetVector
 182              	.LVL16:
 238:Generated_Source\PSoC4/cyfitter_cfg.c **** 	CyIntEnable(9u);
 183              		.loc 1 238 0
 184 0042 0920     		movs	r0, #9
 185 0044 FFF7FEFF 		bl	CyIntEnable
 186              	.LVL17:
 239:Generated_Source\PSoC4/cyfitter_cfg.c **** 	CY_SET_REG32((void *)(CYREG_WDT_CONFIG), 0x00000000u);
 187              		.loc 1 239 0
 188 0048 0A4B     		ldr	r3, .L8+36
 189 004a 1D60     		str	r5, [r3]
 240:Generated_Source\PSoC4/cyfitter_cfg.c **** }
 190              		.loc 1 240 0
 191              		@ sp needed
 192 004c 70BD     		pop	{r4, r5, r6, pc}
 193              	.L9:
 194 004e C046     		.align	2
 195              	.L8:
 196 0050 00010B40 		.word	1074462976
 197 0054 FFFFFBFF 		.word	-262145
 198 0058 06000080 		.word	-2147483642
 199 005c 04010B40 		.word	1074462980
 200 0060 0C020240 		.word	1073873420
 201 0064 08010B40 		.word	1074462984
 202 0068 10000080 		.word	-2147483632
 203 006c 00000240 		.word	1073872896
 204 0070 00000000 		.word	CySysWdtIsr
 205 0074 0C020B40 		.word	1074463244
 206              		.cfi_endproc
 207              	.LFE4:
 208              		.size	ClockSetup, .-ClockSetup
 209              		.align	2
 210              		.global	cyfitter_cfg
ARM GAS  C:\Users\jagumiel\AppData\Local\Temp\cc8bGwrh.s 			page 9


 211              		.code	16
 212              		.thumb_func
 213              		.type	cyfitter_cfg, %function
 214              	cyfitter_cfg:
 215              	.LFB6:
 241:Generated_Source\PSoC4/cyfitter_cfg.c **** 
 242:Generated_Source\PSoC4/cyfitter_cfg.c **** 
 243:Generated_Source\PSoC4/cyfitter_cfg.c **** /* Analog API Functions */
 244:Generated_Source\PSoC4/cyfitter_cfg.c **** 
 245:Generated_Source\PSoC4/cyfitter_cfg.c **** 
 246:Generated_Source\PSoC4/cyfitter_cfg.c **** /*******************************************************************************
 247:Generated_Source\PSoC4/cyfitter_cfg.c **** * Function Name: AnalogSetDefault
 248:Generated_Source\PSoC4/cyfitter_cfg.c **** ********************************************************************************
 249:Generated_Source\PSoC4/cyfitter_cfg.c **** *
 250:Generated_Source\PSoC4/cyfitter_cfg.c **** * Summary:
 251:Generated_Source\PSoC4/cyfitter_cfg.c **** *  Sets up the analog portions of the chip to default values based on chip
 252:Generated_Source\PSoC4/cyfitter_cfg.c **** *  configuration options from the project.
 253:Generated_Source\PSoC4/cyfitter_cfg.c **** *
 254:Generated_Source\PSoC4/cyfitter_cfg.c **** * Parameters:
 255:Generated_Source\PSoC4/cyfitter_cfg.c **** *  void
 256:Generated_Source\PSoC4/cyfitter_cfg.c **** *
 257:Generated_Source\PSoC4/cyfitter_cfg.c **** * Return:
 258:Generated_Source\PSoC4/cyfitter_cfg.c **** *  void
 259:Generated_Source\PSoC4/cyfitter_cfg.c **** *
 260:Generated_Source\PSoC4/cyfitter_cfg.c **** *******************************************************************************/
 261:Generated_Source\PSoC4/cyfitter_cfg.c **** static void AnalogSetDefault(void);
 262:Generated_Source\PSoC4/cyfitter_cfg.c **** static void AnalogSetDefault(void)
 263:Generated_Source\PSoC4/cyfitter_cfg.c **** {
 264:Generated_Source\PSoC4/cyfitter_cfg.c **** }
 265:Generated_Source\PSoC4/cyfitter_cfg.c **** 
 266:Generated_Source\PSoC4/cyfitter_cfg.c **** 
 267:Generated_Source\PSoC4/cyfitter_cfg.c **** 
 268:Generated_Source\PSoC4/cyfitter_cfg.c **** 
 269:Generated_Source\PSoC4/cyfitter_cfg.c **** /*******************************************************************************
 270:Generated_Source\PSoC4/cyfitter_cfg.c **** * Function Name: cyfitter_cfg
 271:Generated_Source\PSoC4/cyfitter_cfg.c **** ********************************************************************************
 272:Generated_Source\PSoC4/cyfitter_cfg.c **** * Summary:
 273:Generated_Source\PSoC4/cyfitter_cfg.c **** *  This function is called by the start-up code for the selected device. It
 274:Generated_Source\PSoC4/cyfitter_cfg.c **** *  performs all of the necessary device configuration based on the design
 275:Generated_Source\PSoC4/cyfitter_cfg.c **** *  settings.  This includes settings from the Design Wide Resources (DWR) such
 276:Generated_Source\PSoC4/cyfitter_cfg.c **** *  as Clocks and Pins as well as any component configuration that is necessary.
 277:Generated_Source\PSoC4/cyfitter_cfg.c **** *
 278:Generated_Source\PSoC4/cyfitter_cfg.c **** * Parameters:
 279:Generated_Source\PSoC4/cyfitter_cfg.c **** *   void
 280:Generated_Source\PSoC4/cyfitter_cfg.c **** *
 281:Generated_Source\PSoC4/cyfitter_cfg.c **** * Return:
 282:Generated_Source\PSoC4/cyfitter_cfg.c **** *   void
 283:Generated_Source\PSoC4/cyfitter_cfg.c **** *
 284:Generated_Source\PSoC4/cyfitter_cfg.c **** *******************************************************************************/
 285:Generated_Source\PSoC4/cyfitter_cfg.c **** CY_CFG_SECTION
 286:Generated_Source\PSoC4/cyfitter_cfg.c **** void cyfitter_cfg(void)
 287:Generated_Source\PSoC4/cyfitter_cfg.c **** {
 216              		.loc 1 287 0
 217              		.cfi_startproc
 218              		@ args = 0, pretend = 0, frame = 0
 219              		@ frame_needed = 0, uses_anonymous_args = 0
 220 0078 10B5     		push	{r4, lr}
ARM GAS  C:\Users\jagumiel\AppData\Local\Temp\cc8bGwrh.s 			page 10


 221              		.cfi_def_cfa_offset 8
 222              		.cfi_offset 4, -8
 223              		.cfi_offset 14, -4
 288:Generated_Source\PSoC4/cyfitter_cfg.c **** 	/* Disable interrupts by default. Let user enable if/when they want. */
 289:Generated_Source\PSoC4/cyfitter_cfg.c **** 	CyGlobalIntDisable;
 224              		.loc 1 289 0
 225              		.syntax divided
 226              	@ 289 "Generated_Source\PSoC4\cyfitter_cfg.c" 1
 227 007a 72B6     		CPSID   i
 228              	@ 0 "" 2
 229              	.LVL18:
 230              		.thumb
 231              		.syntax unified
 232              	.LBB3:
 290:Generated_Source\PSoC4/cyfitter_cfg.c **** 
 291:Generated_Source\PSoC4/cyfitter_cfg.c **** 	{
 292:Generated_Source\PSoC4/cyfitter_cfg.c **** 		static const uint32 CYCODE cy_cfg_addr_table[] = {
 293:Generated_Source\PSoC4/cyfitter_cfg.c **** 			0x400F320Bu, /* Base address: 0x400F3200 Count: 11 */
 294:Generated_Source\PSoC4/cyfitter_cfg.c **** 			0x400F3316u, /* Base address: 0x400F3300 Count: 22 */
 295:Generated_Source\PSoC4/cyfitter_cfg.c **** 			0x400F4006u, /* Base address: 0x400F4000 Count: 6 */
 296:Generated_Source\PSoC4/cyfitter_cfg.c **** 			0x400F4109u, /* Base address: 0x400F4100 Count: 9 */
 297:Generated_Source\PSoC4/cyfitter_cfg.c **** 			0x400F6002u, /* Base address: 0x400F6000 Count: 2 */
 298:Generated_Source\PSoC4/cyfitter_cfg.c **** 		};
 299:Generated_Source\PSoC4/cyfitter_cfg.c **** 
 300:Generated_Source\PSoC4/cyfitter_cfg.c **** 		static const cy_cfg_addrvalue_t CYCODE cy_cfg_data_table[] = {
 301:Generated_Source\PSoC4/cyfitter_cfg.c **** 			{0x3Au, 0xC3u},
 302:Generated_Source\PSoC4/cyfitter_cfg.c **** 			{0x3Bu, 0x03u},
 303:Generated_Source\PSoC4/cyfitter_cfg.c **** 			{0x58u, 0x1Bu},
 304:Generated_Source\PSoC4/cyfitter_cfg.c **** 			{0x59u, 0x08u},
 305:Generated_Source\PSoC4/cyfitter_cfg.c **** 			{0x5Bu, 0x04u},
 306:Generated_Source\PSoC4/cyfitter_cfg.c **** 			{0x5Cu, 0x99u},
 307:Generated_Source\PSoC4/cyfitter_cfg.c **** 			{0x5Fu, 0x01u},
 308:Generated_Source\PSoC4/cyfitter_cfg.c **** 			{0xBAu, 0x03u},
 309:Generated_Source\PSoC4/cyfitter_cfg.c **** 			{0xD8u, 0x08u},
 310:Generated_Source\PSoC4/cyfitter_cfg.c **** 			{0xDCu, 0x09u},
 311:Generated_Source\PSoC4/cyfitter_cfg.c **** 			{0xDFu, 0x01u},
 312:Generated_Source\PSoC4/cyfitter_cfg.c **** 			{0x18u, 0x40u},
 313:Generated_Source\PSoC4/cyfitter_cfg.c **** 			{0x19u, 0x02u},
 314:Generated_Source\PSoC4/cyfitter_cfg.c **** 			{0x1Eu, 0x80u},
 315:Generated_Source\PSoC4/cyfitter_cfg.c **** 			{0x1Fu, 0x42u},
 316:Generated_Source\PSoC4/cyfitter_cfg.c **** 			{0x25u, 0x02u},
 317:Generated_Source\PSoC4/cyfitter_cfg.c **** 			{0x27u, 0x40u},
 318:Generated_Source\PSoC4/cyfitter_cfg.c **** 			{0x5Du, 0x10u},
 319:Generated_Source\PSoC4/cyfitter_cfg.c **** 			{0x5Eu, 0x84u},
 320:Generated_Source\PSoC4/cyfitter_cfg.c **** 			{0x7Bu, 0x02u},
 321:Generated_Source\PSoC4/cyfitter_cfg.c **** 			{0x7Cu, 0x40u},
 322:Generated_Source\PSoC4/cyfitter_cfg.c **** 			{0x7Fu, 0x80u},
 323:Generated_Source\PSoC4/cyfitter_cfg.c **** 			{0x85u, 0x02u},
 324:Generated_Source\PSoC4/cyfitter_cfg.c **** 			{0x86u, 0x04u},
 325:Generated_Source\PSoC4/cyfitter_cfg.c **** 			{0x87u, 0x40u},
 326:Generated_Source\PSoC4/cyfitter_cfg.c **** 			{0x89u, 0x12u},
 327:Generated_Source\PSoC4/cyfitter_cfg.c **** 			{0x8Cu, 0x40u},
 328:Generated_Source\PSoC4/cyfitter_cfg.c **** 			{0x8Fu, 0x40u},
 329:Generated_Source\PSoC4/cyfitter_cfg.c **** 			{0xA3u, 0x80u},
 330:Generated_Source\PSoC4/cyfitter_cfg.c **** 			{0xAFu, 0x80u},
 331:Generated_Source\PSoC4/cyfitter_cfg.c **** 			{0xD6u, 0x70u},
 332:Generated_Source\PSoC4/cyfitter_cfg.c **** 			{0xDEu, 0x98u},
ARM GAS  C:\Users\jagumiel\AppData\Local\Temp\cc8bGwrh.s 			page 11


 333:Generated_Source\PSoC4/cyfitter_cfg.c **** 			{0xE2u, 0x50u},
 334:Generated_Source\PSoC4/cyfitter_cfg.c **** 			{0x0Fu, 0x02u},
 335:Generated_Source\PSoC4/cyfitter_cfg.c **** 			{0x56u, 0x02u},
 336:Generated_Source\PSoC4/cyfitter_cfg.c **** 			{0x5Au, 0x80u},
 337:Generated_Source\PSoC4/cyfitter_cfg.c **** 			{0xC2u, 0x80u},
 338:Generated_Source\PSoC4/cyfitter_cfg.c **** 			{0xD4u, 0x80u},
 339:Generated_Source\PSoC4/cyfitter_cfg.c **** 			{0xD6u, 0x20u},
 340:Generated_Source\PSoC4/cyfitter_cfg.c **** 			{0x63u, 0x10u},
 341:Generated_Source\PSoC4/cyfitter_cfg.c **** 			{0x87u, 0x10u},
 342:Generated_Source\PSoC4/cyfitter_cfg.c **** 			{0x8Eu, 0x42u},
 343:Generated_Source\PSoC4/cyfitter_cfg.c **** 			{0x96u, 0x80u},
 344:Generated_Source\PSoC4/cyfitter_cfg.c **** 			{0x9Eu, 0x02u},
 345:Generated_Source\PSoC4/cyfitter_cfg.c **** 			{0xAFu, 0x01u},
 346:Generated_Source\PSoC4/cyfitter_cfg.c **** 			{0xD8u, 0x40u},
 347:Generated_Source\PSoC4/cyfitter_cfg.c **** 			{0xE2u, 0x10u},
 348:Generated_Source\PSoC4/cyfitter_cfg.c **** 			{0xECu, 0x10u},
 349:Generated_Source\PSoC4/cyfitter_cfg.c **** 			{0x02u, 0x01u},
 350:Generated_Source\PSoC4/cyfitter_cfg.c **** 			{0x11u, 0x01u},
 351:Generated_Source\PSoC4/cyfitter_cfg.c **** 		};
 352:Generated_Source\PSoC4/cyfitter_cfg.c **** 
 353:Generated_Source\PSoC4/cyfitter_cfg.c **** 
 354:Generated_Source\PSoC4/cyfitter_cfg.c **** 
 355:Generated_Source\PSoC4/cyfitter_cfg.c **** 		CYPACKED typedef struct {
 356:Generated_Source\PSoC4/cyfitter_cfg.c **** 			void CYFAR *address;
 357:Generated_Source\PSoC4/cyfitter_cfg.c **** 			uint16 size;
 358:Generated_Source\PSoC4/cyfitter_cfg.c **** 		} CYPACKED_ATTR cfg_memset_t;
 359:Generated_Source\PSoC4/cyfitter_cfg.c **** 
 360:Generated_Source\PSoC4/cyfitter_cfg.c **** 		static const cfg_memset_t CYCODE cfg_memset_list[] = {
 361:Generated_Source\PSoC4/cyfitter_cfg.c **** 			/* address, size */
 362:Generated_Source\PSoC4/cyfitter_cfg.c **** 			{(void CYFAR *)(CYDEV_UDB_P0_U0_BASE), 1024u},
 363:Generated_Source\PSoC4/cyfitter_cfg.c **** 			{(void CYFAR *)(CYDEV_UDB_DSI0_BASE), 1024u},
 364:Generated_Source\PSoC4/cyfitter_cfg.c **** 		};
 365:Generated_Source\PSoC4/cyfitter_cfg.c **** 
 366:Generated_Source\PSoC4/cyfitter_cfg.c **** 		uint8 CYDATA i;
 367:Generated_Source\PSoC4/cyfitter_cfg.c **** 
 368:Generated_Source\PSoC4/cyfitter_cfg.c **** 		/* Zero out critical memory blocks before beginning configuration */
 369:Generated_Source\PSoC4/cyfitter_cfg.c **** 		for (i = 0u; i < (sizeof(cfg_memset_list)/sizeof(cfg_memset_list[0])); i++)
 233              		.loc 1 369 0
 234 007c 0024     		movs	r4, #0
 235 007e 0FE0     		b	.L11
 236              	.LVL19:
 237              	.L12:
 238              	.LBB4:
 370:Generated_Source\PSoC4/cyfitter_cfg.c **** 		{
 371:Generated_Source\PSoC4/cyfitter_cfg.c **** 			const cfg_memset_t CYCODE * CYDATA ms = &cfg_memset_list[i];
 372:Generated_Source\PSoC4/cyfitter_cfg.c **** 			CYMEMZERO(ms->address, (size_t)(uint32)(ms->size));
 239              		.loc 1 372 0 discriminator 3
 240 0080 2E48     		ldr	r0, .L13
 241 0082 6200     		lsls	r2, r4, #1
 242 0084 1319     		adds	r3, r2, r4
 243 0086 5900     		lsls	r1, r3, #1
 244 0088 0B00     		movs	r3, r1
 245 008a 4118     		adds	r1, r0, r1
 246 008c 8988     		ldrh	r1, [r1, #4]
 247 008e 1A5A     		ldrh	r2, [r3, r0]
 248 0090 C318     		adds	r3, r0, r3
 249 0092 5888     		ldrh	r0, [r3, #2]
ARM GAS  C:\Users\jagumiel\AppData\Local\Temp\cc8bGwrh.s 			page 12


 250 0094 0004     		lsls	r0, r0, #16
 251 0096 1043     		orrs	r0, r2
 252 0098 FFF7FEFF 		bl	CYMEMZERO
 253              	.LVL20:
 254              	.LBE4:
 369:Generated_Source\PSoC4/cyfitter_cfg.c **** 		{
 255              		.loc 1 369 0 discriminator 3
 256 009c 0134     		adds	r4, r4, #1
 257              	.LVL21:
 258 009e E4B2     		uxtb	r4, r4
 259              	.LVL22:
 260              	.L11:
 369:Generated_Source\PSoC4/cyfitter_cfg.c **** 		{
 261              		.loc 1 369 0 is_stmt 0 discriminator 1
 262 00a0 012C     		cmp	r4, #1
 263 00a2 EDD9     		bls	.L12
 373:Generated_Source\PSoC4/cyfitter_cfg.c **** 		}
 374:Generated_Source\PSoC4/cyfitter_cfg.c **** 
 375:Generated_Source\PSoC4/cyfitter_cfg.c **** 		cfg_write_bytes32(cy_cfg_addr_table, cy_cfg_data_table);
 264              		.loc 1 375 0 is_stmt 1
 265 00a4 2548     		ldr	r0, .L13
 266 00a6 0100     		movs	r1, r0
 267 00a8 0C31     		adds	r1, r1, #12
 268 00aa 7030     		adds	r0, r0, #112
 269 00ac FFF7FEFF 		bl	cfg_write_bytes32
 270              	.LVL23:
 376:Generated_Source\PSoC4/cyfitter_cfg.c **** 
 377:Generated_Source\PSoC4/cyfitter_cfg.c **** 		/* HSIOM Starting address: CYDEV_HSIOM_BASE */
 378:Generated_Source\PSoC4/cyfitter_cfg.c **** 		CY_SET_REG32((void *)(CYDEV_HSIOM_BASE), 0x00993300u);
 271              		.loc 1 378 0
 272 00b0 234A     		ldr	r2, .L13+4
 273 00b2 244B     		ldr	r3, .L13+8
 274 00b4 1A60     		str	r2, [r3]
 379:Generated_Source\PSoC4/cyfitter_cfg.c **** 		CY_SET_REG32((void *)(CYREG_HSIOM_PORT_SEL1), 0x03000000u);
 275              		.loc 1 379 0
 276 00b6 C022     		movs	r2, #192
 277 00b8 9204     		lsls	r2, r2, #18
 278 00ba 234B     		ldr	r3, .L13+12
 279 00bc 1A60     		str	r2, [r3]
 380:Generated_Source\PSoC4/cyfitter_cfg.c **** 		CY_SET_REG32((void *)(CYREG_HSIOM_PORT_SEL3), 0x0000EE00u);
 280              		.loc 1 380 0
 281 00be EE22     		movs	r2, #238
 282 00c0 1202     		lsls	r2, r2, #8
 283 00c2 224B     		ldr	r3, .L13+16
 284 00c4 1A60     		str	r2, [r3]
 381:Generated_Source\PSoC4/cyfitter_cfg.c **** 
 382:Generated_Source\PSoC4/cyfitter_cfg.c **** 		/* UDB_PA_0 Starting address: CYDEV_UDB_PA0_BASE */
 383:Generated_Source\PSoC4/cyfitter_cfg.c **** 		CY_SET_REG32((void *)(CYDEV_UDB_PA0_BASE), 0x00990004u);
 285              		.loc 1 383 0
 286 00c6 224A     		ldr	r2, .L13+20
 287 00c8 224B     		ldr	r3, .L13+24
 288 00ca 1A60     		str	r2, [r3]
 384:Generated_Source\PSoC4/cyfitter_cfg.c **** 		CY_SET_REG32((void *)(CYREG_UDB_PA0_CFG4), 0x80000000u);
 289              		.loc 1 384 0
 290 00cc 8022     		movs	r2, #128
 291 00ce 1206     		lsls	r2, r2, #24
 292 00d0 214B     		ldr	r3, .L13+28
ARM GAS  C:\Users\jagumiel\AppData\Local\Temp\cc8bGwrh.s 			page 13


 293 00d2 1A60     		str	r2, [r3]
 385:Generated_Source\PSoC4/cyfitter_cfg.c **** 		CY_SET_REG32((void *)(CYREG_UDB_PA0_CFG8), 0x00E00000u);
 294              		.loc 1 385 0
 295 00d4 E022     		movs	r2, #224
 296 00d6 1204     		lsls	r2, r2, #16
 297 00d8 204B     		ldr	r3, .L13+32
 298 00da 1A60     		str	r2, [r3]
 386:Generated_Source\PSoC4/cyfitter_cfg.c **** 
 387:Generated_Source\PSoC4/cyfitter_cfg.c **** 		/* UDB_PA_1 Starting address: CYDEV_UDB_PA1_BASE */
 388:Generated_Source\PSoC4/cyfitter_cfg.c **** 		CY_SET_REG32((void *)(CYDEV_UDB_PA1_BASE), 0x00990000u);
 299              		.loc 1 388 0
 300 00dc 9923     		movs	r3, #153
 301 00de 1B04     		lsls	r3, r3, #16
 302 00e0 1F4A     		ldr	r2, .L13+36
 303 00e2 1360     		str	r3, [r2]
 389:Generated_Source\PSoC4/cyfitter_cfg.c **** 		CY_SET_REG32((void *)(CYREG_UDB_PA1_CFG8), 0x20000000u);
 304              		.loc 1 389 0
 305 00e4 8021     		movs	r1, #128
 306 00e6 8905     		lsls	r1, r1, #22
 307 00e8 1E4A     		ldr	r2, .L13+40
 308 00ea 1160     		str	r1, [r2]
 390:Generated_Source\PSoC4/cyfitter_cfg.c **** 
 391:Generated_Source\PSoC4/cyfitter_cfg.c **** 		/* UDB_PA_3 Starting address: CYDEV_UDB_PA3_BASE */
 392:Generated_Source\PSoC4/cyfitter_cfg.c **** 		CY_SET_REG32((void *)(CYDEV_UDB_PA3_BASE), 0x00990000u);
 309              		.loc 1 392 0
 310 00ec 1E4A     		ldr	r2, .L13+44
 311 00ee 1360     		str	r3, [r2]
 393:Generated_Source\PSoC4/cyfitter_cfg.c **** 
 394:Generated_Source\PSoC4/cyfitter_cfg.c **** 		/* Enable UDB array and digital routing */
 395:Generated_Source\PSoC4/cyfitter_cfg.c **** 		CY_SET_XTND_REG8((void *)CYREG_UDB_UDBIF_WAIT_CFG, (uint8)((CY_GET_XTND_REG8((void *)CYREG_UDB_UD
 312              		.loc 1 395 0
 313 00f0 1E49     		ldr	r1, .L13+48
 314 00f2 0B78     		ldrb	r3, [r1]
 315 00f4 3C22     		movs	r2, #60
 316 00f6 9343     		bics	r3, r2
 317 00f8 1422     		movs	r2, #20
 318 00fa 1343     		orrs	r3, r2
 319 00fc DBB2     		uxtb	r3, r3
 320 00fe 0B70     		strb	r3, [r1]
 396:Generated_Source\PSoC4/cyfitter_cfg.c **** 		CY_SET_XTND_REG8((void *)CYREG_UDB_UDBIF_BANK_CTL, (uint8)(CY_GET_XTND_REG8((void *)CYREG_UDB_UDB
 321              		.loc 1 396 0
 322 0100 1B4A     		ldr	r2, .L13+52
 323 0102 1178     		ldrb	r1, [r2]
 324 0104 1623     		movs	r3, #22
 325 0106 0B43     		orrs	r3, r1
 326 0108 DBB2     		uxtb	r3, r3
 327 010a 1370     		strb	r3, [r2]
 328              	.LBE3:
 397:Generated_Source\PSoC4/cyfitter_cfg.c **** 	}
 398:Generated_Source\PSoC4/cyfitter_cfg.c **** 
 399:Generated_Source\PSoC4/cyfitter_cfg.c **** 	/* Perform second pass device configuration. These items must be configured in specific order afte
 400:Generated_Source\PSoC4/cyfitter_cfg.c **** 	/* IOPINS0_0 Starting address: CYDEV_PRT0_BASE */
 401:Generated_Source\PSoC4/cyfitter_cfg.c **** 	CY_SET_REG32((void *)(CYDEV_PRT0_BASE), 0x000000ACu);
 329              		.loc 1 401 0
 330 010c AC22     		movs	r2, #172
 331 010e 194B     		ldr	r3, .L13+56
 332 0110 1A60     		str	r2, [r3]
ARM GAS  C:\Users\jagumiel\AppData\Local\Temp\cc8bGwrh.s 			page 14


 402:Generated_Source\PSoC4/cyfitter_cfg.c **** 	CY_SET_REG32((void *)(CYREG_PRT0_PC), 0x00431D80u);
 333              		.loc 1 402 0
 334 0112 194A     		ldr	r2, .L13+60
 335 0114 194B     		ldr	r3, .L13+64
 336 0116 1A60     		str	r2, [r3]
 403:Generated_Source\PSoC4/cyfitter_cfg.c **** 	CY_SET_REG32((void *)(CYREG_PRT0_PC2), 0x00000020u);
 337              		.loc 1 403 0
 338 0118 2022     		movs	r2, #32
 339 011a 194B     		ldr	r3, .L13+68
 340 011c 1A60     		str	r2, [r3]
 404:Generated_Source\PSoC4/cyfitter_cfg.c **** 
 405:Generated_Source\PSoC4/cyfitter_cfg.c **** 	/* IOPINS0_1 Starting address: CYDEV_PRT1_BASE */
 406:Generated_Source\PSoC4/cyfitter_cfg.c **** 	CY_SET_REG32((void *)(CYDEV_PRT1_BASE), 0x00000040u);
 341              		.loc 1 406 0
 342 011e 2032     		adds	r2, r2, #32
 343 0120 184B     		ldr	r3, .L13+72
 344 0122 1A60     		str	r2, [r3]
 407:Generated_Source\PSoC4/cyfitter_cfg.c **** 	CY_SET_REG32((void *)(CYREG_PRT1_PC), 0x00180000u);
 345              		.loc 1 407 0
 346 0124 C022     		movs	r2, #192
 347 0126 5203     		lsls	r2, r2, #13
 348 0128 174B     		ldr	r3, .L13+76
 349 012a 1A60     		str	r2, [r3]
 408:Generated_Source\PSoC4/cyfitter_cfg.c **** 
 409:Generated_Source\PSoC4/cyfitter_cfg.c **** 	/* IOPINS0_3 Starting address: CYDEV_PRT3_BASE */
 410:Generated_Source\PSoC4/cyfitter_cfg.c **** 	CY_SET_REG32((void *)(CYREG_PRT3_PC), 0x00000D80u);
 350              		.loc 1 410 0
 351 012c D822     		movs	r2, #216
 352 012e 1201     		lsls	r2, r2, #4
 353 0130 164B     		ldr	r3, .L13+80
 354 0132 1A60     		str	r2, [r3]
 411:Generated_Source\PSoC4/cyfitter_cfg.c **** 
 412:Generated_Source\PSoC4/cyfitter_cfg.c **** 
 413:Generated_Source\PSoC4/cyfitter_cfg.c **** 	/* Setup clocks based on selections from Clock DWR */
 414:Generated_Source\PSoC4/cyfitter_cfg.c **** 	ClockSetup();
 355              		.loc 1 414 0
 356 0134 FFF764FF 		bl	ClockSetup
 357              	.LVL24:
 415:Generated_Source\PSoC4/cyfitter_cfg.c **** 
 416:Generated_Source\PSoC4/cyfitter_cfg.c **** 	/* Perform basic analog initialization to defaults */
 417:Generated_Source\PSoC4/cyfitter_cfg.c **** 	AnalogSetDefault();
 418:Generated_Source\PSoC4/cyfitter_cfg.c **** 
 419:Generated_Source\PSoC4/cyfitter_cfg.c **** }
 358              		.loc 1 419 0
 359              		@ sp needed
 360              	.LVL25:
 361 0138 10BD     		pop	{r4, pc}
 362              	.L14:
 363 013a C046     		.align	2
 364              	.L13:
 365 013c 00000000 		.word	.LANCHOR0
 366 0140 00339900 		.word	10040064
 367 0144 00000140 		.word	1073807360
 368 0148 04000140 		.word	1073807364
 369 014c 0C000140 		.word	1073807372
 370 0150 04009900 		.word	10027012
 371 0154 00500F40 		.word	1074745344
ARM GAS  C:\Users\jagumiel\AppData\Local\Temp\cc8bGwrh.s 			page 15


 372 0158 04500F40 		.word	1074745348
 373 015c 08500F40 		.word	1074745352
 374 0160 10500F40 		.word	1074745360
 375 0164 18500F40 		.word	1074745368
 376 0168 30500F40 		.word	1074745392
 377 016c 01700F40 		.word	1074753537
 378 0170 00700F40 		.word	1074753536
 379 0174 00000440 		.word	1074003968
 380 0178 801D4300 		.word	4398464
 381 017c 08000440 		.word	1074003976
 382 0180 18000440 		.word	1074003992
 383 0184 00010440 		.word	1074004224
 384 0188 08010440 		.word	1074004232
 385 018c 08030440 		.word	1074004744
 386              		.cfi_endproc
 387              	.LFE6:
 388              		.size	cyfitter_cfg, .-cyfitter_cfg
 389              		.section	.rodata
 390              		.align	2
 391              		.set	.LANCHOR0,. + 0
 392              		.type	cfg_memset_list.4870, %object
 393              		.size	cfg_memset_list.4870, 12
 394              	cfg_memset_list.4870:
 395 0000 00300F40 		.word	1074737152
 396 0004 0004     		.short	1024
 397 0006 00400F40 		.4byte	1074741248
 398 000a 0004     		.short	1024
 399              		.type	cy_cfg_data_table.4865, %object
 400              		.size	cy_cfg_data_table.4865, 100
 401              	cy_cfg_data_table.4865:
 402 000c 3A       		.byte	58
 403 000d C3       		.byte	-61
 404 000e 3B       		.byte	59
 405 000f 03       		.byte	3
 406 0010 58       		.byte	88
 407 0011 1B       		.byte	27
 408 0012 59       		.byte	89
 409 0013 08       		.byte	8
 410 0014 5B       		.byte	91
 411 0015 04       		.byte	4
 412 0016 5C       		.byte	92
 413 0017 99       		.byte	-103
 414 0018 5F       		.byte	95
 415 0019 01       		.byte	1
 416 001a BA       		.byte	-70
 417 001b 03       		.byte	3
 418 001c D8       		.byte	-40
 419 001d 08       		.byte	8
 420 001e DC       		.byte	-36
 421 001f 09       		.byte	9
 422 0020 DF       		.byte	-33
 423 0021 01       		.byte	1
 424 0022 18       		.byte	24
 425 0023 40       		.byte	64
 426 0024 19       		.byte	25
 427 0025 02       		.byte	2
 428 0026 1E       		.byte	30
ARM GAS  C:\Users\jagumiel\AppData\Local\Temp\cc8bGwrh.s 			page 16


 429 0027 80       		.byte	-128
 430 0028 1F       		.byte	31
 431 0029 42       		.byte	66
 432 002a 25       		.byte	37
 433 002b 02       		.byte	2
 434 002c 27       		.byte	39
 435 002d 40       		.byte	64
 436 002e 5D       		.byte	93
 437 002f 10       		.byte	16
 438 0030 5E       		.byte	94
 439 0031 84       		.byte	-124
 440 0032 7B       		.byte	123
 441 0033 02       		.byte	2
 442 0034 7C       		.byte	124
 443 0035 40       		.byte	64
 444 0036 7F       		.byte	127
 445 0037 80       		.byte	-128
 446 0038 85       		.byte	-123
 447 0039 02       		.byte	2
 448 003a 86       		.byte	-122
 449 003b 04       		.byte	4
 450 003c 87       		.byte	-121
 451 003d 40       		.byte	64
 452 003e 89       		.byte	-119
 453 003f 12       		.byte	18
 454 0040 8C       		.byte	-116
 455 0041 40       		.byte	64
 456 0042 8F       		.byte	-113
 457 0043 40       		.byte	64
 458 0044 A3       		.byte	-93
 459 0045 80       		.byte	-128
 460 0046 AF       		.byte	-81
 461 0047 80       		.byte	-128
 462 0048 D6       		.byte	-42
 463 0049 70       		.byte	112
 464 004a DE       		.byte	-34
 465 004b 98       		.byte	-104
 466 004c E2       		.byte	-30
 467 004d 50       		.byte	80
 468 004e 0F       		.byte	15
 469 004f 02       		.byte	2
 470 0050 56       		.byte	86
 471 0051 02       		.byte	2
 472 0052 5A       		.byte	90
 473 0053 80       		.byte	-128
 474 0054 C2       		.byte	-62
 475 0055 80       		.byte	-128
 476 0056 D4       		.byte	-44
 477 0057 80       		.byte	-128
 478 0058 D6       		.byte	-42
 479 0059 20       		.byte	32
 480 005a 63       		.byte	99
 481 005b 10       		.byte	16
 482 005c 87       		.byte	-121
 483 005d 10       		.byte	16
 484 005e 8E       		.byte	-114
 485 005f 42       		.byte	66
ARM GAS  C:\Users\jagumiel\AppData\Local\Temp\cc8bGwrh.s 			page 17


 486 0060 96       		.byte	-106
 487 0061 80       		.byte	-128
 488 0062 9E       		.byte	-98
 489 0063 02       		.byte	2
 490 0064 AF       		.byte	-81
 491 0065 01       		.byte	1
 492 0066 D8       		.byte	-40
 493 0067 40       		.byte	64
 494 0068 E2       		.byte	-30
 495 0069 10       		.byte	16
 496 006a EC       		.byte	-20
 497 006b 10       		.byte	16
 498 006c 02       		.byte	2
 499 006d 01       		.byte	1
 500 006e 11       		.byte	17
 501 006f 01       		.byte	1
 502              		.type	cy_cfg_addr_table.4864, %object
 503              		.size	cy_cfg_addr_table.4864, 20
 504              	cy_cfg_addr_table.4864:
 505 0070 0B320F40 		.word	1074737675
 506 0074 16330F40 		.word	1074737942
 507 0078 06400F40 		.word	1074741254
 508 007c 09410F40 		.word	1074741513
 509 0080 02600F40 		.word	1074749442
 510              		.text
 511              	.Letext0:
 512              		.file 2 "c:\\program files (x86)\\cypress\\psoc creator\\4.2\\psoc creator\\import\\gnu\\arm\\5.4.
 513              		.file 3 "Generated_Source\\PSoC4\\cytypes.h"
 514              		.file 4 "Generated_Source\\PSoC4\\CyLib.h"
 515              		.section	.debug_info,"",%progbits
 516              	.Ldebug_info0:
 517 0000 9C030000 		.4byte	0x39c
 518 0004 0400     		.2byte	0x4
 519 0006 00000000 		.4byte	.Ldebug_abbrev0
 520 000a 04       		.byte	0x4
 521 000b 01       		.uleb128 0x1
 522 000c 7A010000 		.4byte	.LASF39
 523 0010 0C       		.byte	0xc
 524 0011 A7020000 		.4byte	.LASF40
 525 0015 D3000000 		.4byte	.LASF41
 526 0019 00000000 		.4byte	.Ldebug_ranges0+0
 527 001d 00000000 		.4byte	0
 528 0021 00000000 		.4byte	.Ldebug_line0
 529 0025 02       		.uleb128 0x2
 530 0026 04       		.byte	0x4
 531 0027 05       		.byte	0x5
 532 0028 696E7400 		.ascii	"int\000"
 533 002c 03       		.uleb128 0x3
 534 002d 06000000 		.4byte	.LASF12
 535 0031 02       		.byte	0x2
 536 0032 D8       		.byte	0xd8
 537 0033 37000000 		.4byte	0x37
 538 0037 04       		.uleb128 0x4
 539 0038 04       		.byte	0x4
 540 0039 07       		.byte	0x7
 541 003a 41010000 		.4byte	.LASF0
 542 003e 04       		.uleb128 0x4
ARM GAS  C:\Users\jagumiel\AppData\Local\Temp\cc8bGwrh.s 			page 18


 543 003f 08       		.byte	0x8
 544 0040 05       		.byte	0x5
 545 0041 3A020000 		.4byte	.LASF1
 546 0045 04       		.uleb128 0x4
 547 0046 08       		.byte	0x8
 548 0047 04       		.byte	0x4
 549 0048 8F020000 		.4byte	.LASF2
 550 004c 04       		.uleb128 0x4
 551 004d 01       		.byte	0x1
 552 004e 06       		.byte	0x6
 553 004f 9B020000 		.4byte	.LASF3
 554 0053 04       		.uleb128 0x4
 555 0054 01       		.byte	0x1
 556 0055 08       		.byte	0x8
 557 0056 99000000 		.4byte	.LASF4
 558 005a 04       		.uleb128 0x4
 559 005b 02       		.byte	0x2
 560 005c 05       		.byte	0x5
 561 005d 67020000 		.4byte	.LASF5
 562 0061 04       		.uleb128 0x4
 563 0062 02       		.byte	0x2
 564 0063 07       		.byte	0x7
 565 0064 27020000 		.4byte	.LASF6
 566 0068 04       		.uleb128 0x4
 567 0069 04       		.byte	0x4
 568 006a 05       		.byte	0x5
 569 006b 86020000 		.4byte	.LASF7
 570 006f 04       		.uleb128 0x4
 571 0070 04       		.byte	0x4
 572 0071 07       		.byte	0x7
 573 0072 77000000 		.4byte	.LASF8
 574 0076 04       		.uleb128 0x4
 575 0077 08       		.byte	0x8
 576 0078 07       		.byte	0x7
 577 0079 63010000 		.4byte	.LASF9
 578 007d 04       		.uleb128 0x4
 579 007e 04       		.byte	0x4
 580 007f 07       		.byte	0x7
 581 0080 1E020000 		.4byte	.LASF10
 582 0084 05       		.uleb128 0x5
 583 0085 04       		.byte	0x4
 584 0086 04       		.uleb128 0x4
 585 0087 01       		.byte	0x1
 586 0088 08       		.byte	0x8
 587 0089 48020000 		.4byte	.LASF11
 588 008d 06       		.uleb128 0x6
 589 008e 89000000 		.4byte	.LASF13
 590 0092 03       		.byte	0x3
 591 0093 E401     		.2byte	0x1e4
 592 0095 53000000 		.4byte	0x53
 593 0099 06       		.uleb128 0x6
 594 009a 28010000 		.4byte	.LASF14
 595 009e 03       		.byte	0x3
 596 009f E501     		.2byte	0x1e5
 597 00a1 61000000 		.4byte	0x61
 598 00a5 06       		.uleb128 0x6
 599 00a6 3A010000 		.4byte	.LASF15
ARM GAS  C:\Users\jagumiel\AppData\Local\Temp\cc8bGwrh.s 			page 19


 600 00aa 03       		.byte	0x3
 601 00ab E601     		.2byte	0x1e6
 602 00ad 6F000000 		.4byte	0x6f
 603 00b1 04       		.uleb128 0x4
 604 00b2 04       		.byte	0x4
 605 00b3 04       		.byte	0x4
 606 00b4 57000000 		.4byte	.LASF16
 607 00b8 04       		.uleb128 0x4
 608 00b9 08       		.byte	0x8
 609 00ba 04       		.byte	0x4
 610 00bb AE000000 		.4byte	.LASF17
 611 00bf 06       		.uleb128 0x6
 612 00c0 72000000 		.4byte	.LASF18
 613 00c4 03       		.byte	0x3
 614 00c5 8E02     		.2byte	0x28e
 615 00c7 CB000000 		.4byte	0xcb
 616 00cb 07       		.uleb128 0x7
 617 00cc 8D000000 		.4byte	0x8d
 618 00d0 06       		.uleb128 0x6
 619 00d1 00000000 		.4byte	.LASF19
 620 00d5 03       		.byte	0x3
 621 00d6 9002     		.2byte	0x290
 622 00d8 DC000000 		.4byte	0xdc
 623 00dc 07       		.uleb128 0x7
 624 00dd A5000000 		.4byte	0xa5
 625 00e1 08       		.uleb128 0x8
 626 00e2 02       		.byte	0x2
 627 00e3 01       		.byte	0x1
 628 00e4 97       		.byte	0x97
 629 00e5 02010000 		.4byte	0x102
 630 00e9 09       		.uleb128 0x9
 631 00ea 60020000 		.4byte	.LASF20
 632 00ee 01       		.byte	0x1
 633 00ef 99       		.byte	0x99
 634 00f0 8D000000 		.4byte	0x8d
 635 00f4 00       		.byte	0
 636 00f5 09       		.uleb128 0x9
 637 00f6 1C000000 		.4byte	.LASF21
 638 00fa 01       		.byte	0x1
 639 00fb 9A       		.byte	0x9a
 640 00fc 8D000000 		.4byte	0x8d
 641 0100 01       		.byte	0x1
 642 0101 00       		.byte	0
 643 0102 03       		.uleb128 0x3
 644 0103 4D020000 		.4byte	.LASF22
 645 0107 01       		.byte	0x1
 646 0108 9B       		.byte	0x9b
 647 0109 E1000000 		.4byte	0xe1
 648 010d 0A       		.uleb128 0xa
 649 010e B5000000 		.4byte	.LASF27
 650 0112 01       		.byte	0x1
 651 0113 AE       		.byte	0xae
 652 0114 00000000 		.4byte	.LFB3
 653 0118 32000000 		.4byte	.LFE3-.LFB3
 654 011c 01       		.uleb128 0x1
 655 011d 9C       		.byte	0x9c
 656 011e 7F010000 		.4byte	0x17f
ARM GAS  C:\Users\jagumiel\AppData\Local\Temp\cc8bGwrh.s 			page 20


 657 0122 0B       		.uleb128 0xb
 658 0123 1D010000 		.4byte	.LASF23
 659 0127 01       		.byte	0x1
 660 0128 AE       		.byte	0xae
 661 0129 7F010000 		.4byte	0x17f
 662 012d 01       		.uleb128 0x1
 663 012e 50       		.byte	0x50
 664 012f 0B       		.uleb128 0xb
 665 0130 2F010000 		.4byte	.LASF24
 666 0134 01       		.byte	0x1
 667 0135 AE       		.byte	0xae
 668 0136 8A010000 		.4byte	0x18a
 669 013a 01       		.uleb128 0x1
 670 013b 51       		.byte	0x51
 671 013c 0C       		.uleb128 0xc
 672 013d 6900     		.ascii	"i\000"
 673 013f 01       		.byte	0x1
 674 0140 B1       		.byte	0xb1
 675 0141 A5000000 		.4byte	0xa5
 676 0145 00000000 		.4byte	.LLST0
 677 0149 0C       		.uleb128 0xc
 678 014a 6A00     		.ascii	"j\000"
 679 014c 01       		.byte	0x1
 680 014d B1       		.byte	0xb1
 681 014e A5000000 		.4byte	0xa5
 682 0152 1F000000 		.4byte	.LLST1
 683 0156 0D       		.uleb128 0xd
 684 0157 08000000 		.4byte	.LBB2
 685 015b 22000000 		.4byte	.LBE2-.LBB2
 686 015f 0E       		.uleb128 0xe
 687 0160 15020000 		.4byte	.LASF25
 688 0164 01       		.byte	0x1
 689 0165 B4       		.byte	0xb4
 690 0166 A5000000 		.4byte	0xa5
 691 016a 3E000000 		.4byte	.LLST2
 692 016e 0E       		.uleb128 0xe
 693 016f 22000000 		.4byte	.LASF26
 694 0173 01       		.byte	0x1
 695 0174 B5       		.byte	0xb5
 696 0175 8D000000 		.4byte	0x8d
 697 0179 51000000 		.4byte	.LLST3
 698 017d 00       		.byte	0
 699 017e 00       		.byte	0
 700 017f 0F       		.uleb128 0xf
 701 0180 04       		.byte	0x4
 702 0181 85010000 		.4byte	0x185
 703 0185 10       		.uleb128 0x10
 704 0186 A5000000 		.4byte	0xa5
 705 018a 0F       		.uleb128 0xf
 706 018b 04       		.byte	0x4
 707 018c 90010000 		.4byte	0x190
 708 0190 10       		.uleb128 0x10
 709 0191 02010000 		.4byte	0x102
 710 0195 0A       		.uleb128 0xa
 711 0196 8F000000 		.4byte	.LASF28
 712 019a 01       		.byte	0x1
 713 019b 4C       		.byte	0x4c
ARM GAS  C:\Users\jagumiel\AppData\Local\Temp\cc8bGwrh.s 			page 21


 714 019c 00000000 		.4byte	.LFB0
 715 01a0 0C000000 		.4byte	.LFE0-.LFB0
 716 01a4 01       		.uleb128 0x1
 717 01a5 9C       		.byte	0x9c
 718 01a6 E2010000 		.4byte	0x1e2
 719 01aa 11       		.uleb128 0x11
 720 01ab 7300     		.ascii	"s\000"
 721 01ad 01       		.byte	0x1
 722 01ae 4C       		.byte	0x4c
 723 01af 84000000 		.4byte	0x84
 724 01b3 6F000000 		.4byte	.LLST4
 725 01b7 11       		.uleb128 0x11
 726 01b8 6E00     		.ascii	"n\000"
 727 01ba 01       		.byte	0x1
 728 01bb 4C       		.byte	0x4c
 729 01bc 2C000000 		.4byte	0x2c
 730 01c0 90000000 		.4byte	.LLST5
 731 01c4 12       		.uleb128 0x12
 732 01c5 0A000000 		.4byte	.LVL14
 733 01c9 75030000 		.4byte	0x375
 734 01cd 13       		.uleb128 0x13
 735 01ce 01       		.uleb128 0x1
 736 01cf 50       		.byte	0x50
 737 01d0 03       		.uleb128 0x3
 738 01d1 F3       		.byte	0xf3
 739 01d2 01       		.uleb128 0x1
 740 01d3 50       		.byte	0x50
 741 01d4 13       		.uleb128 0x13
 742 01d5 01       		.uleb128 0x1
 743 01d6 51       		.byte	0x51
 744 01d7 01       		.uleb128 0x1
 745 01d8 30       		.byte	0x30
 746 01d9 13       		.uleb128 0x13
 747 01da 01       		.uleb128 0x1
 748 01db 52       		.byte	0x52
 749 01dc 03       		.uleb128 0x3
 750 01dd F3       		.byte	0xf3
 751 01de 01       		.uleb128 0x1
 752 01df 51       		.byte	0x51
 753 01e0 00       		.byte	0
 754 01e1 00       		.byte	0
 755 01e2 0A       		.uleb128 0xa
 756 01e3 28000000 		.4byte	.LASF29
 757 01e7 01       		.byte	0x1
 758 01e8 D3       		.byte	0xd3
 759 01e9 00000000 		.4byte	.LFB4
 760 01ed 78000000 		.4byte	.LFE4-.LFB4
 761 01f1 01       		.uleb128 0x1
 762 01f2 9C       		.byte	0x9c
 763 01f3 2D020000 		.4byte	0x22d
 764 01f7 14       		.uleb128 0x14
 765 01f8 14000000 		.4byte	.LVL15
 766 01fc 7E030000 		.4byte	0x37e
 767 0200 0A020000 		.4byte	0x20a
 768 0204 13       		.uleb128 0x13
 769 0205 01       		.uleb128 0x1
 770 0206 50       		.byte	0x50
ARM GAS  C:\Users\jagumiel\AppData\Local\Temp\cc8bGwrh.s 			page 22


 771 0207 01       		.uleb128 0x1
 772 0208 48       		.byte	0x48
 773 0209 00       		.byte	0
 774 020a 14       		.uleb128 0x14
 775 020b 42000000 		.4byte	.LVL16
 776 020f 89030000 		.4byte	0x389
 777 0213 1D020000 		.4byte	0x21d
 778 0217 13       		.uleb128 0x13
 779 0218 01       		.uleb128 0x1
 780 0219 50       		.byte	0x50
 781 021a 01       		.uleb128 0x1
 782 021b 39       		.byte	0x39
 783 021c 00       		.byte	0
 784 021d 12       		.uleb128 0x12
 785 021e 48000000 		.4byte	.LVL17
 786 0222 94030000 		.4byte	0x394
 787 0226 13       		.uleb128 0x13
 788 0227 01       		.uleb128 0x1
 789 0228 50       		.byte	0x50
 790 0229 01       		.uleb128 0x1
 791 022a 39       		.byte	0x39
 792 022b 00       		.byte	0
 793 022c 00       		.byte	0
 794 022d 15       		.uleb128 0x15
 795 022e 4E010000 		.4byte	.LASF42
 796 0232 01       		.byte	0x1
 797 0233 1E01     		.2byte	0x11e
 798 0235 78000000 		.4byte	.LFB6
 799 0239 18010000 		.4byte	.LFE6-.LFB6
 800 023d 01       		.uleb128 0x1
 801 023e 9C       		.byte	0x9c
 802 023f 4B030000 		.4byte	0x34b
 803 0243 16       		.uleb128 0x16
 804 0244 7C000000 		.4byte	.LBB3
 805 0248 90000000 		.4byte	.LBE3-.LBB3
 806 024c 41030000 		.4byte	0x341
 807 0250 17       		.uleb128 0x17
 808 0251 33000000 		.4byte	.LASF30
 809 0255 01       		.byte	0x1
 810 0256 2401     		.2byte	0x124
 811 0258 5B030000 		.4byte	0x35b
 812 025c 05       		.uleb128 0x5
 813 025d 03       		.byte	0x3
 814 025e 70000000 		.4byte	cy_cfg_addr_table.4864
 815 0262 17       		.uleb128 0x17
 816 0263 45000000 		.4byte	.LASF31
 817 0267 01       		.byte	0x1
 818 0268 2C01     		.2byte	0x12c
 819 026a 70030000 		.4byte	0x370
 820 026e 05       		.uleb128 0x5
 821 026f 03       		.byte	0x3
 822 0270 0C000000 		.4byte	cy_cfg_data_table.4865
 823 0274 18       		.uleb128 0x18
 824 0275 06       		.byte	0x6
 825 0276 01       		.byte	0x1
 826 0277 6301     		.2byte	0x163
 827 0279 98020000 		.4byte	0x298
ARM GAS  C:\Users\jagumiel\AppData\Local\Temp\cc8bGwrh.s 			page 23


 828 027d 19       		.uleb128 0x19
 829 027e 5B010000 		.4byte	.LASF32
 830 0282 01       		.byte	0x1
 831 0283 6401     		.2byte	0x164
 832 0285 84000000 		.4byte	0x84
 833 0289 00       		.byte	0
 834 028a 19       		.uleb128 0x19
 835 028b 6D000000 		.4byte	.LASF33
 836 028f 01       		.byte	0x1
 837 0290 6501     		.2byte	0x165
 838 0292 99000000 		.4byte	0x99
 839 0296 04       		.byte	0x4
 840 0297 00       		.byte	0
 841 0298 06       		.uleb128 0x6
 842 0299 08020000 		.4byte	.LASF34
 843 029d 01       		.byte	0x1
 844 029e 6601     		.2byte	0x166
 845 02a0 74020000 		.4byte	0x274
 846 02a4 1A       		.uleb128 0x1a
 847 02a5 B4020000 		.4byte	0x2b4
 848 02a9 B4020000 		.4byte	0x2b4
 849 02ad 1B       		.uleb128 0x1b
 850 02ae 7D000000 		.4byte	0x7d
 851 02b2 01       		.byte	0x1
 852 02b3 00       		.byte	0
 853 02b4 10       		.uleb128 0x10
 854 02b5 98020000 		.4byte	0x298
 855 02b9 17       		.uleb128 0x17
 856 02ba 5D000000 		.4byte	.LASF35
 857 02be 01       		.byte	0x1
 858 02bf 6801     		.2byte	0x168
 859 02c1 CB020000 		.4byte	0x2cb
 860 02c5 05       		.uleb128 0x5
 861 02c6 03       		.byte	0x3
 862 02c7 00000000 		.4byte	cfg_memset_list.4870
 863 02cb 10       		.uleb128 0x10
 864 02cc A4020000 		.4byte	0x2a4
 865 02d0 1C       		.uleb128 0x1c
 866 02d1 6900     		.ascii	"i\000"
 867 02d3 01       		.byte	0x1
 868 02d4 6E01     		.2byte	0x16e
 869 02d6 8D000000 		.4byte	0x8d
 870 02da BC000000 		.4byte	.LLST6
 871 02de 16       		.uleb128 0x16
 872 02df 80000000 		.4byte	.LBB4
 873 02e3 1C000000 		.4byte	.LBE4-.LBB4
 874 02e7 24030000 		.4byte	0x324
 875 02eb 1C       		.uleb128 0x1c
 876 02ec 6D7300   		.ascii	"ms\000"
 877 02ef 01       		.byte	0x1
 878 02f0 7301     		.2byte	0x173
 879 02f2 FA020000 		.4byte	0x2fa
 880 02f6 E6000000 		.4byte	.LLST7
 881 02fa 0F       		.uleb128 0xf
 882 02fb 04       		.byte	0x4
 883 02fc B4020000 		.4byte	0x2b4
 884 0300 12       		.uleb128 0x12
ARM GAS  C:\Users\jagumiel\AppData\Local\Temp\cc8bGwrh.s 			page 24


 885 0301 9C000000 		.4byte	.LVL20
 886 0305 95010000 		.4byte	0x195
 887 0309 13       		.uleb128 0x13
 888 030a 01       		.uleb128 0x1
 889 030b 51       		.byte	0x51
 890 030c 15       		.uleb128 0x15
 891 030d 74       		.byte	0x74
 892 030e 00       		.sleb128 0
 893 030f 31       		.byte	0x31
 894 0310 24       		.byte	0x24
 895 0311 74       		.byte	0x74
 896 0312 00       		.sleb128 0
 897 0313 22       		.byte	0x22
 898 0314 31       		.byte	0x31
 899 0315 24       		.byte	0x24
 900 0316 03       		.byte	0x3
 901 0317 04000000 		.4byte	.LANCHOR0+4
 902 031b 22       		.byte	0x22
 903 031c 94       		.byte	0x94
 904 031d 02       		.byte	0x2
 905 031e 0A       		.byte	0xa
 906 031f FFFF     		.2byte	0xffff
 907 0321 1A       		.byte	0x1a
 908 0322 00       		.byte	0
 909 0323 00       		.byte	0
 910 0324 12       		.uleb128 0x12
 911 0325 B0000000 		.4byte	.LVL23
 912 0329 0D010000 		.4byte	0x10d
 913 032d 13       		.uleb128 0x13
 914 032e 01       		.uleb128 0x1
 915 032f 50       		.byte	0x50
 916 0330 05       		.uleb128 0x5
 917 0331 03       		.byte	0x3
 918 0332 70000000 		.4byte	.LANCHOR0+112
 919 0336 13       		.uleb128 0x13
 920 0337 01       		.uleb128 0x1
 921 0338 51       		.byte	0x51
 922 0339 05       		.uleb128 0x5
 923 033a 03       		.byte	0x3
 924 033b 0C000000 		.4byte	.LANCHOR0+12
 925 033f 00       		.byte	0
 926 0340 00       		.byte	0
 927 0341 1D       		.uleb128 0x1d
 928 0342 38010000 		.4byte	.LVL24
 929 0346 E2010000 		.4byte	0x1e2
 930 034a 00       		.byte	0
 931 034b 1A       		.uleb128 0x1a
 932 034c 85010000 		.4byte	0x185
 933 0350 5B030000 		.4byte	0x35b
 934 0354 1B       		.uleb128 0x1b
 935 0355 7D000000 		.4byte	0x7d
 936 0359 04       		.byte	0x4
 937 035a 00       		.byte	0
 938 035b 10       		.uleb128 0x10
 939 035c 4B030000 		.4byte	0x34b
 940 0360 1A       		.uleb128 0x1a
 941 0361 90010000 		.4byte	0x190
ARM GAS  C:\Users\jagumiel\AppData\Local\Temp\cc8bGwrh.s 			page 25


 942 0365 70030000 		.4byte	0x370
 943 0369 1B       		.uleb128 0x1b
 944 036a 7D000000 		.4byte	0x7d
 945 036e 31       		.byte	0x31
 946 036f 00       		.byte	0
 947 0370 10       		.uleb128 0x10
 948 0371 60030000 		.4byte	0x360
 949 0375 1E       		.uleb128 0x1e
 950 0376 A7000000 		.4byte	.LASF43
 951 037a A7000000 		.4byte	.LASF43
 952 037e 1F       		.uleb128 0x1f
 953 037f 71020000 		.4byte	.LASF36
 954 0383 71020000 		.4byte	.LASF36
 955 0387 04       		.byte	0x4
 956 0388 6C       		.byte	0x6c
 957 0389 1F       		.uleb128 0x1f
 958 038a 0D000000 		.4byte	.LASF37
 959 038e 0D000000 		.4byte	.LASF37
 960 0392 04       		.byte	0x4
 961 0393 BD       		.byte	0xbd
 962 0394 1F       		.uleb128 0x1f
 963 0395 C7000000 		.4byte	.LASF38
 964 0399 C7000000 		.4byte	.LASF38
 965 039d 04       		.byte	0x4
 966 039e C3       		.byte	0xc3
 967 039f 00       		.byte	0
 968              		.section	.debug_abbrev,"",%progbits
 969              	.Ldebug_abbrev0:
 970 0000 01       		.uleb128 0x1
 971 0001 11       		.uleb128 0x11
 972 0002 01       		.byte	0x1
 973 0003 25       		.uleb128 0x25
 974 0004 0E       		.uleb128 0xe
 975 0005 13       		.uleb128 0x13
 976 0006 0B       		.uleb128 0xb
 977 0007 03       		.uleb128 0x3
 978 0008 0E       		.uleb128 0xe
 979 0009 1B       		.uleb128 0x1b
 980 000a 0E       		.uleb128 0xe
 981 000b 55       		.uleb128 0x55
 982 000c 17       		.uleb128 0x17
 983 000d 11       		.uleb128 0x11
 984 000e 01       		.uleb128 0x1
 985 000f 10       		.uleb128 0x10
 986 0010 17       		.uleb128 0x17
 987 0011 00       		.byte	0
 988 0012 00       		.byte	0
 989 0013 02       		.uleb128 0x2
 990 0014 24       		.uleb128 0x24
 991 0015 00       		.byte	0
 992 0016 0B       		.uleb128 0xb
 993 0017 0B       		.uleb128 0xb
 994 0018 3E       		.uleb128 0x3e
 995 0019 0B       		.uleb128 0xb
 996 001a 03       		.uleb128 0x3
 997 001b 08       		.uleb128 0x8
 998 001c 00       		.byte	0
ARM GAS  C:\Users\jagumiel\AppData\Local\Temp\cc8bGwrh.s 			page 26


 999 001d 00       		.byte	0
 1000 001e 03       		.uleb128 0x3
 1001 001f 16       		.uleb128 0x16
 1002 0020 00       		.byte	0
 1003 0021 03       		.uleb128 0x3
 1004 0022 0E       		.uleb128 0xe
 1005 0023 3A       		.uleb128 0x3a
 1006 0024 0B       		.uleb128 0xb
 1007 0025 3B       		.uleb128 0x3b
 1008 0026 0B       		.uleb128 0xb
 1009 0027 49       		.uleb128 0x49
 1010 0028 13       		.uleb128 0x13
 1011 0029 00       		.byte	0
 1012 002a 00       		.byte	0
 1013 002b 04       		.uleb128 0x4
 1014 002c 24       		.uleb128 0x24
 1015 002d 00       		.byte	0
 1016 002e 0B       		.uleb128 0xb
 1017 002f 0B       		.uleb128 0xb
 1018 0030 3E       		.uleb128 0x3e
 1019 0031 0B       		.uleb128 0xb
 1020 0032 03       		.uleb128 0x3
 1021 0033 0E       		.uleb128 0xe
 1022 0034 00       		.byte	0
 1023 0035 00       		.byte	0
 1024 0036 05       		.uleb128 0x5
 1025 0037 0F       		.uleb128 0xf
 1026 0038 00       		.byte	0
 1027 0039 0B       		.uleb128 0xb
 1028 003a 0B       		.uleb128 0xb
 1029 003b 00       		.byte	0
 1030 003c 00       		.byte	0
 1031 003d 06       		.uleb128 0x6
 1032 003e 16       		.uleb128 0x16
 1033 003f 00       		.byte	0
 1034 0040 03       		.uleb128 0x3
 1035 0041 0E       		.uleb128 0xe
 1036 0042 3A       		.uleb128 0x3a
 1037 0043 0B       		.uleb128 0xb
 1038 0044 3B       		.uleb128 0x3b
 1039 0045 05       		.uleb128 0x5
 1040 0046 49       		.uleb128 0x49
 1041 0047 13       		.uleb128 0x13
 1042 0048 00       		.byte	0
 1043 0049 00       		.byte	0
 1044 004a 07       		.uleb128 0x7
 1045 004b 35       		.uleb128 0x35
 1046 004c 00       		.byte	0
 1047 004d 49       		.uleb128 0x49
 1048 004e 13       		.uleb128 0x13
 1049 004f 00       		.byte	0
 1050 0050 00       		.byte	0
 1051 0051 08       		.uleb128 0x8
 1052 0052 13       		.uleb128 0x13
 1053 0053 01       		.byte	0x1
 1054 0054 0B       		.uleb128 0xb
 1055 0055 0B       		.uleb128 0xb
ARM GAS  C:\Users\jagumiel\AppData\Local\Temp\cc8bGwrh.s 			page 27


 1056 0056 3A       		.uleb128 0x3a
 1057 0057 0B       		.uleb128 0xb
 1058 0058 3B       		.uleb128 0x3b
 1059 0059 0B       		.uleb128 0xb
 1060 005a 01       		.uleb128 0x1
 1061 005b 13       		.uleb128 0x13
 1062 005c 00       		.byte	0
 1063 005d 00       		.byte	0
 1064 005e 09       		.uleb128 0x9
 1065 005f 0D       		.uleb128 0xd
 1066 0060 00       		.byte	0
 1067 0061 03       		.uleb128 0x3
 1068 0062 0E       		.uleb128 0xe
 1069 0063 3A       		.uleb128 0x3a
 1070 0064 0B       		.uleb128 0xb
 1071 0065 3B       		.uleb128 0x3b
 1072 0066 0B       		.uleb128 0xb
 1073 0067 49       		.uleb128 0x49
 1074 0068 13       		.uleb128 0x13
 1075 0069 38       		.uleb128 0x38
 1076 006a 0B       		.uleb128 0xb
 1077 006b 00       		.byte	0
 1078 006c 00       		.byte	0
 1079 006d 0A       		.uleb128 0xa
 1080 006e 2E       		.uleb128 0x2e
 1081 006f 01       		.byte	0x1
 1082 0070 03       		.uleb128 0x3
 1083 0071 0E       		.uleb128 0xe
 1084 0072 3A       		.uleb128 0x3a
 1085 0073 0B       		.uleb128 0xb
 1086 0074 3B       		.uleb128 0x3b
 1087 0075 0B       		.uleb128 0xb
 1088 0076 27       		.uleb128 0x27
 1089 0077 19       		.uleb128 0x19
 1090 0078 11       		.uleb128 0x11
 1091 0079 01       		.uleb128 0x1
 1092 007a 12       		.uleb128 0x12
 1093 007b 06       		.uleb128 0x6
 1094 007c 40       		.uleb128 0x40
 1095 007d 18       		.uleb128 0x18
 1096 007e 9742     		.uleb128 0x2117
 1097 0080 19       		.uleb128 0x19
 1098 0081 01       		.uleb128 0x1
 1099 0082 13       		.uleb128 0x13
 1100 0083 00       		.byte	0
 1101 0084 00       		.byte	0
 1102 0085 0B       		.uleb128 0xb
 1103 0086 05       		.uleb128 0x5
 1104 0087 00       		.byte	0
 1105 0088 03       		.uleb128 0x3
 1106 0089 0E       		.uleb128 0xe
 1107 008a 3A       		.uleb128 0x3a
 1108 008b 0B       		.uleb128 0xb
 1109 008c 3B       		.uleb128 0x3b
 1110 008d 0B       		.uleb128 0xb
 1111 008e 49       		.uleb128 0x49
 1112 008f 13       		.uleb128 0x13
ARM GAS  C:\Users\jagumiel\AppData\Local\Temp\cc8bGwrh.s 			page 28


 1113 0090 02       		.uleb128 0x2
 1114 0091 18       		.uleb128 0x18
 1115 0092 00       		.byte	0
 1116 0093 00       		.byte	0
 1117 0094 0C       		.uleb128 0xc
 1118 0095 34       		.uleb128 0x34
 1119 0096 00       		.byte	0
 1120 0097 03       		.uleb128 0x3
 1121 0098 08       		.uleb128 0x8
 1122 0099 3A       		.uleb128 0x3a
 1123 009a 0B       		.uleb128 0xb
 1124 009b 3B       		.uleb128 0x3b
 1125 009c 0B       		.uleb128 0xb
 1126 009d 49       		.uleb128 0x49
 1127 009e 13       		.uleb128 0x13
 1128 009f 02       		.uleb128 0x2
 1129 00a0 17       		.uleb128 0x17
 1130 00a1 00       		.byte	0
 1131 00a2 00       		.byte	0
 1132 00a3 0D       		.uleb128 0xd
 1133 00a4 0B       		.uleb128 0xb
 1134 00a5 01       		.byte	0x1
 1135 00a6 11       		.uleb128 0x11
 1136 00a7 01       		.uleb128 0x1
 1137 00a8 12       		.uleb128 0x12
 1138 00a9 06       		.uleb128 0x6
 1139 00aa 00       		.byte	0
 1140 00ab 00       		.byte	0
 1141 00ac 0E       		.uleb128 0xe
 1142 00ad 34       		.uleb128 0x34
 1143 00ae 00       		.byte	0
 1144 00af 03       		.uleb128 0x3
 1145 00b0 0E       		.uleb128 0xe
 1146 00b1 3A       		.uleb128 0x3a
 1147 00b2 0B       		.uleb128 0xb
 1148 00b3 3B       		.uleb128 0x3b
 1149 00b4 0B       		.uleb128 0xb
 1150 00b5 49       		.uleb128 0x49
 1151 00b6 13       		.uleb128 0x13
 1152 00b7 02       		.uleb128 0x2
 1153 00b8 17       		.uleb128 0x17
 1154 00b9 00       		.byte	0
 1155 00ba 00       		.byte	0
 1156 00bb 0F       		.uleb128 0xf
 1157 00bc 0F       		.uleb128 0xf
 1158 00bd 00       		.byte	0
 1159 00be 0B       		.uleb128 0xb
 1160 00bf 0B       		.uleb128 0xb
 1161 00c0 49       		.uleb128 0x49
 1162 00c1 13       		.uleb128 0x13
 1163 00c2 00       		.byte	0
 1164 00c3 00       		.byte	0
 1165 00c4 10       		.uleb128 0x10
 1166 00c5 26       		.uleb128 0x26
 1167 00c6 00       		.byte	0
 1168 00c7 49       		.uleb128 0x49
 1169 00c8 13       		.uleb128 0x13
ARM GAS  C:\Users\jagumiel\AppData\Local\Temp\cc8bGwrh.s 			page 29


 1170 00c9 00       		.byte	0
 1171 00ca 00       		.byte	0
 1172 00cb 11       		.uleb128 0x11
 1173 00cc 05       		.uleb128 0x5
 1174 00cd 00       		.byte	0
 1175 00ce 03       		.uleb128 0x3
 1176 00cf 08       		.uleb128 0x8
 1177 00d0 3A       		.uleb128 0x3a
 1178 00d1 0B       		.uleb128 0xb
 1179 00d2 3B       		.uleb128 0x3b
 1180 00d3 0B       		.uleb128 0xb
 1181 00d4 49       		.uleb128 0x49
 1182 00d5 13       		.uleb128 0x13
 1183 00d6 02       		.uleb128 0x2
 1184 00d7 17       		.uleb128 0x17
 1185 00d8 00       		.byte	0
 1186 00d9 00       		.byte	0
 1187 00da 12       		.uleb128 0x12
 1188 00db 898201   		.uleb128 0x4109
 1189 00de 01       		.byte	0x1
 1190 00df 11       		.uleb128 0x11
 1191 00e0 01       		.uleb128 0x1
 1192 00e1 31       		.uleb128 0x31
 1193 00e2 13       		.uleb128 0x13
 1194 00e3 00       		.byte	0
 1195 00e4 00       		.byte	0
 1196 00e5 13       		.uleb128 0x13
 1197 00e6 8A8201   		.uleb128 0x410a
 1198 00e9 00       		.byte	0
 1199 00ea 02       		.uleb128 0x2
 1200 00eb 18       		.uleb128 0x18
 1201 00ec 9142     		.uleb128 0x2111
 1202 00ee 18       		.uleb128 0x18
 1203 00ef 00       		.byte	0
 1204 00f0 00       		.byte	0
 1205 00f1 14       		.uleb128 0x14
 1206 00f2 898201   		.uleb128 0x4109
 1207 00f5 01       		.byte	0x1
 1208 00f6 11       		.uleb128 0x11
 1209 00f7 01       		.uleb128 0x1
 1210 00f8 31       		.uleb128 0x31
 1211 00f9 13       		.uleb128 0x13
 1212 00fa 01       		.uleb128 0x1
 1213 00fb 13       		.uleb128 0x13
 1214 00fc 00       		.byte	0
 1215 00fd 00       		.byte	0
 1216 00fe 15       		.uleb128 0x15
 1217 00ff 2E       		.uleb128 0x2e
 1218 0100 01       		.byte	0x1
 1219 0101 3F       		.uleb128 0x3f
 1220 0102 19       		.uleb128 0x19
 1221 0103 03       		.uleb128 0x3
 1222 0104 0E       		.uleb128 0xe
 1223 0105 3A       		.uleb128 0x3a
 1224 0106 0B       		.uleb128 0xb
 1225 0107 3B       		.uleb128 0x3b
 1226 0108 05       		.uleb128 0x5
ARM GAS  C:\Users\jagumiel\AppData\Local\Temp\cc8bGwrh.s 			page 30


 1227 0109 27       		.uleb128 0x27
 1228 010a 19       		.uleb128 0x19
 1229 010b 11       		.uleb128 0x11
 1230 010c 01       		.uleb128 0x1
 1231 010d 12       		.uleb128 0x12
 1232 010e 06       		.uleb128 0x6
 1233 010f 40       		.uleb128 0x40
 1234 0110 18       		.uleb128 0x18
 1235 0111 9742     		.uleb128 0x2117
 1236 0113 19       		.uleb128 0x19
 1237 0114 01       		.uleb128 0x1
 1238 0115 13       		.uleb128 0x13
 1239 0116 00       		.byte	0
 1240 0117 00       		.byte	0
 1241 0118 16       		.uleb128 0x16
 1242 0119 0B       		.uleb128 0xb
 1243 011a 01       		.byte	0x1
 1244 011b 11       		.uleb128 0x11
 1245 011c 01       		.uleb128 0x1
 1246 011d 12       		.uleb128 0x12
 1247 011e 06       		.uleb128 0x6
 1248 011f 01       		.uleb128 0x1
 1249 0120 13       		.uleb128 0x13
 1250 0121 00       		.byte	0
 1251 0122 00       		.byte	0
 1252 0123 17       		.uleb128 0x17
 1253 0124 34       		.uleb128 0x34
 1254 0125 00       		.byte	0
 1255 0126 03       		.uleb128 0x3
 1256 0127 0E       		.uleb128 0xe
 1257 0128 3A       		.uleb128 0x3a
 1258 0129 0B       		.uleb128 0xb
 1259 012a 3B       		.uleb128 0x3b
 1260 012b 05       		.uleb128 0x5
 1261 012c 49       		.uleb128 0x49
 1262 012d 13       		.uleb128 0x13
 1263 012e 02       		.uleb128 0x2
 1264 012f 18       		.uleb128 0x18
 1265 0130 00       		.byte	0
 1266 0131 00       		.byte	0
 1267 0132 18       		.uleb128 0x18
 1268 0133 13       		.uleb128 0x13
 1269 0134 01       		.byte	0x1
 1270 0135 0B       		.uleb128 0xb
 1271 0136 0B       		.uleb128 0xb
 1272 0137 3A       		.uleb128 0x3a
 1273 0138 0B       		.uleb128 0xb
 1274 0139 3B       		.uleb128 0x3b
 1275 013a 05       		.uleb128 0x5
 1276 013b 01       		.uleb128 0x1
 1277 013c 13       		.uleb128 0x13
 1278 013d 00       		.byte	0
 1279 013e 00       		.byte	0
 1280 013f 19       		.uleb128 0x19
 1281 0140 0D       		.uleb128 0xd
 1282 0141 00       		.byte	0
 1283 0142 03       		.uleb128 0x3
ARM GAS  C:\Users\jagumiel\AppData\Local\Temp\cc8bGwrh.s 			page 31


 1284 0143 0E       		.uleb128 0xe
 1285 0144 3A       		.uleb128 0x3a
 1286 0145 0B       		.uleb128 0xb
 1287 0146 3B       		.uleb128 0x3b
 1288 0147 05       		.uleb128 0x5
 1289 0148 49       		.uleb128 0x49
 1290 0149 13       		.uleb128 0x13
 1291 014a 38       		.uleb128 0x38
 1292 014b 0B       		.uleb128 0xb
 1293 014c 00       		.byte	0
 1294 014d 00       		.byte	0
 1295 014e 1A       		.uleb128 0x1a
 1296 014f 01       		.uleb128 0x1
 1297 0150 01       		.byte	0x1
 1298 0151 49       		.uleb128 0x49
 1299 0152 13       		.uleb128 0x13
 1300 0153 01       		.uleb128 0x1
 1301 0154 13       		.uleb128 0x13
 1302 0155 00       		.byte	0
 1303 0156 00       		.byte	0
 1304 0157 1B       		.uleb128 0x1b
 1305 0158 21       		.uleb128 0x21
 1306 0159 00       		.byte	0
 1307 015a 49       		.uleb128 0x49
 1308 015b 13       		.uleb128 0x13
 1309 015c 2F       		.uleb128 0x2f
 1310 015d 0B       		.uleb128 0xb
 1311 015e 00       		.byte	0
 1312 015f 00       		.byte	0
 1313 0160 1C       		.uleb128 0x1c
 1314 0161 34       		.uleb128 0x34
 1315 0162 00       		.byte	0
 1316 0163 03       		.uleb128 0x3
 1317 0164 08       		.uleb128 0x8
 1318 0165 3A       		.uleb128 0x3a
 1319 0166 0B       		.uleb128 0xb
 1320 0167 3B       		.uleb128 0x3b
 1321 0168 05       		.uleb128 0x5
 1322 0169 49       		.uleb128 0x49
 1323 016a 13       		.uleb128 0x13
 1324 016b 02       		.uleb128 0x2
 1325 016c 17       		.uleb128 0x17
 1326 016d 00       		.byte	0
 1327 016e 00       		.byte	0
 1328 016f 1D       		.uleb128 0x1d
 1329 0170 898201   		.uleb128 0x4109
 1330 0173 00       		.byte	0
 1331 0174 11       		.uleb128 0x11
 1332 0175 01       		.uleb128 0x1
 1333 0176 31       		.uleb128 0x31
 1334 0177 13       		.uleb128 0x13
 1335 0178 00       		.byte	0
 1336 0179 00       		.byte	0
 1337 017a 1E       		.uleb128 0x1e
 1338 017b 2E       		.uleb128 0x2e
 1339 017c 00       		.byte	0
 1340 017d 3F       		.uleb128 0x3f
ARM GAS  C:\Users\jagumiel\AppData\Local\Temp\cc8bGwrh.s 			page 32


 1341 017e 19       		.uleb128 0x19
 1342 017f 3C       		.uleb128 0x3c
 1343 0180 19       		.uleb128 0x19
 1344 0181 6E       		.uleb128 0x6e
 1345 0182 0E       		.uleb128 0xe
 1346 0183 03       		.uleb128 0x3
 1347 0184 0E       		.uleb128 0xe
 1348 0185 00       		.byte	0
 1349 0186 00       		.byte	0
 1350 0187 1F       		.uleb128 0x1f
 1351 0188 2E       		.uleb128 0x2e
 1352 0189 00       		.byte	0
 1353 018a 3F       		.uleb128 0x3f
 1354 018b 19       		.uleb128 0x19
 1355 018c 3C       		.uleb128 0x3c
 1356 018d 19       		.uleb128 0x19
 1357 018e 6E       		.uleb128 0x6e
 1358 018f 0E       		.uleb128 0xe
 1359 0190 03       		.uleb128 0x3
 1360 0191 0E       		.uleb128 0xe
 1361 0192 3A       		.uleb128 0x3a
 1362 0193 0B       		.uleb128 0xb
 1363 0194 3B       		.uleb128 0x3b
 1364 0195 0B       		.uleb128 0xb
 1365 0196 00       		.byte	0
 1366 0197 00       		.byte	0
 1367 0198 00       		.byte	0
 1368              		.section	.debug_loc,"",%progbits
 1369              	.Ldebug_loc0:
 1370              	.LLST0:
 1371 0000 02000000 		.4byte	.LVL1
 1372 0004 08000000 		.4byte	.LVL2
 1373 0008 0200     		.2byte	0x2
 1374 000a 30       		.byte	0x30
 1375 000b 9F       		.byte	0x9f
 1376 000c 08000000 		.4byte	.LVL2
 1377 0010 30000000 		.4byte	.LVL11
 1378 0014 0100     		.2byte	0x1
 1379 0016 57       		.byte	0x57
 1380 0017 00000000 		.4byte	0
 1381 001b 00000000 		.4byte	0
 1382              	.LLST1:
 1383 001f 02000000 		.4byte	.LVL1
 1384 0023 08000000 		.4byte	.LVL2
 1385 0027 0200     		.2byte	0x2
 1386 0029 30       		.byte	0x30
 1387 002a 9F       		.byte	0x9f
 1388 002b 08000000 		.4byte	.LVL2
 1389 002f 30000000 		.4byte	.LVL10
 1390 0033 0100     		.2byte	0x1
 1391 0035 55       		.byte	0x55
 1392 0036 00000000 		.4byte	0
 1393 003a 00000000 		.4byte	0
 1394              	.LLST2:
 1395 003e 0C000000 		.4byte	.LVL3
 1396 0042 2C000000 		.4byte	.LVL9
 1397 0046 0100     		.2byte	0x1
ARM GAS  C:\Users\jagumiel\AppData\Local\Temp\cc8bGwrh.s 			page 33


 1398 0048 56       		.byte	0x56
 1399 0049 00000000 		.4byte	0
 1400 004d 00000000 		.4byte	0
 1401              	.LLST3:
 1402 0051 0E000000 		.4byte	.LVL4
 1403 0055 24000000 		.4byte	.LVL7
 1404 0059 0100     		.2byte	0x1
 1405 005b 53       		.byte	0x53
 1406 005c 26000000 		.4byte	.LVL8
 1407 0060 2C000000 		.4byte	.LVL9
 1408 0064 0100     		.2byte	0x1
 1409 0066 53       		.byte	0x53
 1410 0067 00000000 		.4byte	0
 1411 006b 00000000 		.4byte	0
 1412              	.LLST4:
 1413 006f 00000000 		.4byte	.LVL12
 1414 0073 09000000 		.4byte	.LVL14-1
 1415 0077 0100     		.2byte	0x1
 1416 0079 50       		.byte	0x50
 1417 007a 09000000 		.4byte	.LVL14-1
 1418 007e 0C000000 		.4byte	.LFE0
 1419 0082 0400     		.2byte	0x4
 1420 0084 F3       		.byte	0xf3
 1421 0085 01       		.uleb128 0x1
 1422 0086 50       		.byte	0x50
 1423 0087 9F       		.byte	0x9f
 1424 0088 00000000 		.4byte	0
 1425 008c 00000000 		.4byte	0
 1426              	.LLST5:
 1427 0090 00000000 		.4byte	.LVL12
 1428 0094 06000000 		.4byte	.LVL13
 1429 0098 0100     		.2byte	0x1
 1430 009a 51       		.byte	0x51
 1431 009b 06000000 		.4byte	.LVL13
 1432 009f 09000000 		.4byte	.LVL14-1
 1433 00a3 0100     		.2byte	0x1
 1434 00a5 52       		.byte	0x52
 1435 00a6 09000000 		.4byte	.LVL14-1
 1436 00aa 0C000000 		.4byte	.LFE0
 1437 00ae 0400     		.2byte	0x4
 1438 00b0 F3       		.byte	0xf3
 1439 00b1 01       		.uleb128 0x1
 1440 00b2 51       		.byte	0x51
 1441 00b3 9F       		.byte	0x9f
 1442 00b4 00000000 		.4byte	0
 1443 00b8 00000000 		.4byte	0
 1444              	.LLST6:
 1445 00bc 7C000000 		.4byte	.LVL18
 1446 00c0 80000000 		.4byte	.LVL19
 1447 00c4 0200     		.2byte	0x2
 1448 00c6 30       		.byte	0x30
 1449 00c7 9F       		.byte	0x9f
 1450 00c8 80000000 		.4byte	.LVL19
 1451 00cc 9E000000 		.4byte	.LVL21
 1452 00d0 0100     		.2byte	0x1
 1453 00d2 54       		.byte	0x54
 1454 00d3 A0000000 		.4byte	.LVL22
ARM GAS  C:\Users\jagumiel\AppData\Local\Temp\cc8bGwrh.s 			page 34


 1455 00d7 38010000 		.4byte	.LVL25
 1456 00db 0100     		.2byte	0x1
 1457 00dd 54       		.byte	0x54
 1458 00de 00000000 		.4byte	0
 1459 00e2 00000000 		.4byte	0
 1460              	.LLST7:
 1461 00e6 80000000 		.4byte	.LVL19
 1462 00ea 9E000000 		.4byte	.LVL21
 1463 00ee 0B00     		.2byte	0xb
 1464 00f0 74       		.byte	0x74
 1465 00f1 00       		.sleb128 0
 1466 00f2 36       		.byte	0x36
 1467 00f3 1E       		.byte	0x1e
 1468 00f4 03       		.byte	0x3
 1469 00f5 00000000 		.4byte	cfg_memset_list.4870
 1470 00f9 22       		.byte	0x22
 1471 00fa 9F       		.byte	0x9f
 1472 00fb 9E000000 		.4byte	.LVL21
 1473 00ff A0000000 		.4byte	.LVL22
 1474 0103 0B00     		.2byte	0xb
 1475 0105 74       		.byte	0x74
 1476 0106 7F       		.sleb128 -1
 1477 0107 36       		.byte	0x36
 1478 0108 1E       		.byte	0x1e
 1479 0109 03       		.byte	0x3
 1480 010a 00000000 		.4byte	cfg_memset_list.4870
 1481 010e 22       		.byte	0x22
 1482 010f 9F       		.byte	0x9f
 1483 0110 00000000 		.4byte	0
 1484 0114 00000000 		.4byte	0
 1485              		.section	.debug_aranges,"",%progbits
 1486 0000 34000000 		.4byte	0x34
 1487 0004 0200     		.2byte	0x2
 1488 0006 00000000 		.4byte	.Ldebug_info0
 1489 000a 04       		.byte	0x4
 1490 000b 00       		.byte	0
 1491 000c 0000     		.2byte	0
 1492 000e 0000     		.2byte	0
 1493 0010 00000000 		.4byte	.LFB3
 1494 0014 32000000 		.4byte	.LFE3-.LFB3
 1495 0018 00000000 		.4byte	.LFB0
 1496 001c 0C000000 		.4byte	.LFE0-.LFB0
 1497 0020 00000000 		.4byte	.LFB4
 1498 0024 78000000 		.4byte	.LFE4-.LFB4
 1499 0028 78000000 		.4byte	.LFB6
 1500 002c 18010000 		.4byte	.LFE6-.LFB6
 1501 0030 00000000 		.4byte	0
 1502 0034 00000000 		.4byte	0
 1503              		.section	.debug_ranges,"",%progbits
 1504              	.Ldebug_ranges0:
 1505 0000 00000000 		.4byte	.LFB3
 1506 0004 32000000 		.4byte	.LFE3
 1507 0008 00000000 		.4byte	.LFB0
 1508 000c 0C000000 		.4byte	.LFE0
 1509 0010 00000000 		.4byte	.LFB4
 1510 0014 78000000 		.4byte	.LFE4
 1511 0018 78000000 		.4byte	.LFB6
ARM GAS  C:\Users\jagumiel\AppData\Local\Temp\cc8bGwrh.s 			page 35


 1512 001c 90010000 		.4byte	.LFE6
 1513 0020 00000000 		.4byte	0
 1514 0024 00000000 		.4byte	0
 1515              		.section	.debug_line,"",%progbits
 1516              	.Ldebug_line0:
 1517 0000 61010000 		.section	.debug_str,"MS",%progbits,1
 1517      0200D600 
 1517      00000201 
 1517      FB0E0D00 
 1517      01010101 
 1518              	.LASF19:
 1519 0000 72656733 		.ascii	"reg32\000"
 1519      3200
 1520              	.LASF12:
 1521 0006 73697A65 		.ascii	"size_t\000"
 1521      5F7400
 1522              	.LASF37:
 1523 000d 4379496E 		.ascii	"CyIntSetVector\000"
 1523      74536574 
 1523      56656374 
 1523      6F7200
 1524              	.LASF21:
 1525 001c 76616C75 		.ascii	"value\000"
 1525      6500
 1526              	.LASF26:
 1527 0022 636F756E 		.ascii	"count\000"
 1527      7400
 1528              	.LASF29:
 1529 0028 436C6F63 		.ascii	"ClockSetup\000"
 1529      6B536574 
 1529      757000
 1530              	.LASF30:
 1531 0033 63795F63 		.ascii	"cy_cfg_addr_table\000"
 1531      66675F61 
 1531      6464725F 
 1531      7461626C 
 1531      6500
 1532              	.LASF31:
 1533 0045 63795F63 		.ascii	"cy_cfg_data_table\000"
 1533      66675F64 
 1533      6174615F 
 1533      7461626C 
 1533      6500
 1534              	.LASF16:
 1535 0057 666C6F61 		.ascii	"float\000"
 1535      7400
 1536              	.LASF35:
 1537 005d 6366675F 		.ascii	"cfg_memset_list\000"
 1537      6D656D73 
 1537      65745F6C 
 1537      69737400 
 1538              	.LASF33:
 1539 006d 73697A65 		.ascii	"size\000"
 1539      00
 1540              	.LASF18:
 1541 0072 72656738 		.ascii	"reg8\000"
 1541      00
ARM GAS  C:\Users\jagumiel\AppData\Local\Temp\cc8bGwrh.s 			page 36


 1542              	.LASF8:
 1543 0077 6C6F6E67 		.ascii	"long unsigned int\000"
 1543      20756E73 
 1543      69676E65 
 1543      6420696E 
 1543      7400
 1544              	.LASF13:
 1545 0089 75696E74 		.ascii	"uint8\000"
 1545      3800
 1546              	.LASF28:
 1547 008f 43594D45 		.ascii	"CYMEMZERO\000"
 1547      4D5A4552 
 1547      4F00
 1548              	.LASF4:
 1549 0099 756E7369 		.ascii	"unsigned char\000"
 1549      676E6564 
 1549      20636861 
 1549      7200
 1550              	.LASF43:
 1551 00a7 6D656D73 		.ascii	"memset\000"
 1551      657400
 1552              	.LASF17:
 1553 00ae 646F7562 		.ascii	"double\000"
 1553      6C6500
 1554              	.LASF27:
 1555 00b5 6366675F 		.ascii	"cfg_write_bytes32\000"
 1555      77726974 
 1555      655F6279 
 1555      74657333 
 1555      3200
 1556              	.LASF38:
 1557 00c7 4379496E 		.ascii	"CyIntEnable\000"
 1557      74456E61 
 1557      626C6500 
 1558              	.LASF41:
 1559 00d3 443A5C55 		.ascii	"D:\\Users\\jagumiel\\Documents\\PSoC Creator\\PSoC-"
 1559      73657273 
 1559      5C6A6167 
 1559      756D6965 
 1559      6C5C446F 
 1560 0101 3130315C 		.ascii	"101\\PSoC-101\\Lesson14.cydsn\000"
 1560      50536F43 
 1560      2D313031 
 1560      5C4C6573 
 1560      736F6E31 
 1561              	.LASF23:
 1562 011d 61646472 		.ascii	"addr_table\000"
 1562      5F746162 
 1562      6C6500
 1563              	.LASF14:
 1564 0128 75696E74 		.ascii	"uint16\000"
 1564      313600
 1565              	.LASF24:
 1566 012f 64617461 		.ascii	"data_table\000"
 1566      5F746162 
 1566      6C6500
 1567              	.LASF15:
ARM GAS  C:\Users\jagumiel\AppData\Local\Temp\cc8bGwrh.s 			page 37


 1568 013a 75696E74 		.ascii	"uint32\000"
 1568      333200
 1569              	.LASF0:
 1570 0141 756E7369 		.ascii	"unsigned int\000"
 1570      676E6564 
 1570      20696E74 
 1570      00
 1571              	.LASF42:
 1572 014e 63796669 		.ascii	"cyfitter_cfg\000"
 1572      74746572 
 1572      5F636667 
 1572      00
 1573              	.LASF32:
 1574 015b 61646472 		.ascii	"address\000"
 1574      65737300 
 1575              	.LASF9:
 1576 0163 6C6F6E67 		.ascii	"long long unsigned int\000"
 1576      206C6F6E 
 1576      6720756E 
 1576      7369676E 
 1576      65642069 
 1577              	.LASF39:
 1578 017a 474E5520 		.ascii	"GNU C11 5.4.1 20160609 (release) [ARM/embedded-5-br"
 1578      43313120 
 1578      352E342E 
 1578      31203230 
 1578      31363036 
 1579 01ad 616E6368 		.ascii	"anch revision 237715] -mcpu=cortex-m0 -mthumb -g -O"
 1579      20726576 
 1579      6973696F 
 1579      6E203233 
 1579      37373135 
 1580 01e0 67202D66 		.ascii	"g -ffunction-sections -ffat-lto-objects\000"
 1580      66756E63 
 1580      74696F6E 
 1580      2D736563 
 1580      74696F6E 
 1581              	.LASF34:
 1582 0208 6366675F 		.ascii	"cfg_memset_t\000"
 1582      6D656D73 
 1582      65745F74 
 1582      00
 1583              	.LASF25:
 1584 0215 62617365 		.ascii	"baseAddr\000"
 1584      41646472 
 1584      00
 1585              	.LASF10:
 1586 021e 73697A65 		.ascii	"sizetype\000"
 1586      74797065 
 1586      00
 1587              	.LASF6:
 1588 0227 73686F72 		.ascii	"short unsigned int\000"
 1588      7420756E 
 1588      7369676E 
 1588      65642069 
 1588      6E7400
 1589              	.LASF1:
ARM GAS  C:\Users\jagumiel\AppData\Local\Temp\cc8bGwrh.s 			page 38


 1590 023a 6C6F6E67 		.ascii	"long long int\000"
 1590      206C6F6E 
 1590      6720696E 
 1590      7400
 1591              	.LASF11:
 1592 0248 63686172 		.ascii	"char\000"
 1592      00
 1593              	.LASF22:
 1594 024d 63795F63 		.ascii	"cy_cfg_addrvalue_t\000"
 1594      66675F61 
 1594      64647276 
 1594      616C7565 
 1594      5F7400
 1595              	.LASF20:
 1596 0260 6F666673 		.ascii	"offset\000"
 1596      657400
 1597              	.LASF5:
 1598 0267 73686F72 		.ascii	"short int\000"
 1598      7420696E 
 1598      7400
 1599              	.LASF36:
 1600 0271 43795379 		.ascii	"CySysClkWriteImoFreq\000"
 1600      73436C6B 
 1600      57726974 
 1600      65496D6F 
 1600      46726571 
 1601              	.LASF7:
 1602 0286 6C6F6E67 		.ascii	"long int\000"
 1602      20696E74 
 1602      00
 1603              	.LASF2:
 1604 028f 6C6F6E67 		.ascii	"long double\000"
 1604      20646F75 
 1604      626C6500 
 1605              	.LASF3:
 1606 029b 7369676E 		.ascii	"signed char\000"
 1606      65642063 
 1606      68617200 
 1607              	.LASF40:
 1608 02a7 47656E65 		.ascii	"Generated_Source\\PSoC4\\cyfitter_cfg.c\000"
 1608      72617465 
 1608      645F536F 
 1608      75726365 
 1608      5C50536F 
 1609              		.ident	"GCC: (GNU Tools for ARM Embedded Processors) 5.4.1 20160609 (release) [ARM/embedded-5-bran
