ARM GAS  C:\Users\jagumiel\AppData\Local\Temp\ccj8kDvf.s 			page 1


   1              		.syntax unified
   2              		.cpu cortex-m0
   3              		.fpu softvfp
   4              		.eabi_attribute 20, 1
   5              		.eabi_attribute 21, 1
   6              		.eabi_attribute 23, 3
   7              		.eabi_attribute 24, 1
   8              		.eabi_attribute 25, 1
   9              		.eabi_attribute 26, 1
  10              		.eabi_attribute 30, 1
  11              		.eabi_attribute 34, 0
  12              		.eabi_attribute 18, 4
  13              		.thumb
  14              		.syntax unified
  15              		.file	"main.c"
  16              		.text
  17              	.Ltext0:
  18              		.cfi_sections	.debug_frame
  19              		.section	.text.main,"ax",%progbits
  20              		.align	2
  21              		.global	main
  22              		.code	16
  23              		.thumb_func
  24              		.type	main, %function
  25              	main:
  26              	.LFB32:
  27              		.file 1 "main.c"
   1:main.c        **** /* ========================================
   2:main.c        ****  *
   3:main.c        ****  * Copyright YOUR COMPANY, THE YEAR
   4:main.c        ****  * All Rights Reserved
   5:main.c        ****  * UNPUBLISHED, LICENSED SOFTWARE.
   6:main.c        ****  *
   7:main.c        ****  * CONFIDENTIAL AND PROPRIETARY INFORMATION
   8:main.c        ****  * WHICH IS THE PROPERTY OF your company.
   9:main.c        ****  *
  10:main.c        ****  * ========================================
  11:main.c        **** */
  12:main.c        **** #include "project.h"
  13:main.c        **** 
  14:main.c        **** int main(void)
  15:main.c        **** {
  28              		.loc 1 15 0
  29              		.cfi_startproc
  30              		@ args = 0, pretend = 0, frame = 0
  31              		@ frame_needed = 0, uses_anonymous_args = 0
  32 0000 70B5     		push	{r4, r5, r6, lr}
  33              		.cfi_def_cfa_offset 16
  34              		.cfi_offset 4, -16
  35              		.cfi_offset 5, -12
  36              		.cfi_offset 6, -8
  37              		.cfi_offset 14, -4
  16:main.c        ****     uint8 status;
  17:main.c        ****     uint8 oldStatus;
  18:main.c        ****     
  19:main.c        ****     CyGlobalIntEnable; /* Enable global interrupts. */
  38              		.loc 1 19 0
ARM GAS  C:\Users\jagumiel\AppData\Local\Temp\ccj8kDvf.s 			page 2


  39              		.syntax divided
  40              	@ 19 "main.c" 1
  41 0002 62B6     		CPSIE   i
  42              	@ 0 "" 2
  20:main.c        **** 
  21:main.c        ****     UART_Start();
  43              		.loc 1 21 0
  44              		.thumb
  45              		.syntax unified
  46 0004 FFF7FEFF 		bl	UART_Start
  47              	.LVL0:
  48              	.L2:
  22:main.c        **** 
  23:main.c        ****     for(;;)
  24:main.c        ****     {
  25:main.c        ****         status=Status_Read();
  49              		.loc 1 25 0
  50 0008 FFF7FEFF 		bl	Status_Read
  51              	.LVL1:
  52 000c 0400     		movs	r4, r0
  53              	.LVL2:
  26:main.c        ****         if(status!=oldStatus){
  54              		.loc 1 26 0
  55 000e 8542     		cmp	r5, r0
  56 0010 FAD0     		beq	.L2
  57              	.LVL3:
  27:main.c        ****             oldStatus=status;
  28:main.c        ****             UART_UartPutChar('0' + status);
  58              		.loc 1 28 0
  59 0012 3030     		adds	r0, r0, #48
  60              	.LVL4:
  61 0014 FFF7FEFF 		bl	UART_SpiUartWriteTxData
  62              	.LVL5:
  29:main.c        ****             UART_UartPutChar('\r');
  63              		.loc 1 29 0
  64 0018 0D20     		movs	r0, #13
  65 001a FFF7FEFF 		bl	UART_SpiUartWriteTxData
  66              	.LVL6:
  27:main.c        ****             oldStatus=status;
  67              		.loc 1 27 0
  68 001e 2500     		movs	r5, r4
  69 0020 F2E7     		b	.L2
  70              		.cfi_endproc
  71              	.LFE32:
  72              		.size	main, .-main
  73 0022 C046     		.text
  74              	.Letext0:
  75              		.file 2 "Generated_Source\\PSoC4/cytypes.h"
  76              		.file 3 "Generated_Source\\PSoC4/UART.h"
  77              		.file 4 "Generated_Source\\PSoC4/Status.h"
  78              		.file 5 "Generated_Source\\PSoC4/UART_SPI_UART.h"
  79              		.section	.debug_info,"",%progbits
  80              	.Ldebug_info0:
  81 0000 32010000 		.4byte	0x132
  82 0004 0400     		.2byte	0x4
  83 0006 00000000 		.4byte	.Ldebug_abbrev0
  84 000a 04       		.byte	0x4
ARM GAS  C:\Users\jagumiel\AppData\Local\Temp\ccj8kDvf.s 			page 3


  85 000b 01       		.uleb128 0x1
  86 000c 10010000 		.4byte	.LASF21
  87 0010 0C       		.byte	0xc
  88 0011 22000000 		.4byte	.LASF22
  89 0015 6A000000 		.4byte	.LASF23
  90 0019 00000000 		.4byte	.Ldebug_ranges0+0
  91 001d 00000000 		.4byte	0
  92 0021 00000000 		.4byte	.Ldebug_line0
  93 0025 02       		.uleb128 0x2
  94 0026 01       		.byte	0x1
  95 0027 06       		.byte	0x6
  96 0028 B1010000 		.4byte	.LASF0
  97 002c 02       		.uleb128 0x2
  98 002d 01       		.byte	0x1
  99 002e 08       		.byte	0x8
 100 002f CE000000 		.4byte	.LASF1
 101 0033 02       		.uleb128 0x2
 102 0034 02       		.byte	0x2
 103 0035 05       		.byte	0x5
 104 0036 C9010000 		.4byte	.LASF2
 105 003a 02       		.uleb128 0x2
 106 003b 02       		.byte	0x2
 107 003c 07       		.byte	0x7
 108 003d 9E010000 		.4byte	.LASF3
 109 0041 02       		.uleb128 0x2
 110 0042 04       		.byte	0x4
 111 0043 05       		.byte	0x5
 112 0044 F4000000 		.4byte	.LASF4
 113 0048 02       		.uleb128 0x2
 114 0049 04       		.byte	0x4
 115 004a 07       		.byte	0x7
 116 004b 3B000000 		.4byte	.LASF5
 117 004f 02       		.uleb128 0x2
 118 0050 08       		.byte	0x8
 119 0051 05       		.byte	0x5
 120 0052 00000000 		.4byte	.LASF6
 121 0056 02       		.uleb128 0x2
 122 0057 08       		.byte	0x8
 123 0058 07       		.byte	0x7
 124 0059 4D000000 		.4byte	.LASF7
 125 005d 03       		.uleb128 0x3
 126 005e 04       		.byte	0x4
 127 005f 05       		.byte	0x5
 128 0060 696E7400 		.ascii	"int\000"
 129 0064 02       		.uleb128 0x2
 130 0065 04       		.byte	0x4
 131 0066 07       		.byte	0x7
 132 0067 15000000 		.4byte	.LASF8
 133 006b 04       		.uleb128 0x4
 134 006c 35000000 		.4byte	.LASF9
 135 0070 02       		.byte	0x2
 136 0071 E401     		.2byte	0x1e4
 137 0073 2C000000 		.4byte	0x2c
 138 0077 04       		.uleb128 0x4
 139 0078 0E000000 		.4byte	.LASF10
 140 007c 02       		.byte	0x2
 141 007d E601     		.2byte	0x1e6
ARM GAS  C:\Users\jagumiel\AppData\Local\Temp\ccj8kDvf.s 			page 4


 142 007f 48000000 		.4byte	0x48
 143 0083 02       		.uleb128 0x2
 144 0084 04       		.byte	0x4
 145 0085 04       		.byte	0x4
 146 0086 64000000 		.4byte	.LASF11
 147 008a 02       		.uleb128 0x2
 148 008b 08       		.byte	0x8
 149 008c 04       		.byte	0x4
 150 008d FD000000 		.4byte	.LASF12
 151 0091 02       		.uleb128 0x2
 152 0092 01       		.byte	0x1
 153 0093 08       		.byte	0x8
 154 0094 BE000000 		.4byte	.LASF13
 155 0098 02       		.uleb128 0x2
 156 0099 08       		.byte	0x8
 157 009a 04       		.byte	0x4
 158 009b BD010000 		.4byte	.LASF14
 159 009f 02       		.uleb128 0x2
 160 00a0 04       		.byte	0x4
 161 00a1 07       		.byte	0x7
 162 00a2 D3010000 		.4byte	.LASF15
 163 00a6 05       		.uleb128 0x5
 164 00a7 29000000 		.4byte	.LASF24
 165 00ab 01       		.byte	0x1
 166 00ac 0E       		.byte	0xe
 167 00ad 5D000000 		.4byte	0x5d
 168 00b1 00000000 		.4byte	.LFB32
 169 00b5 22000000 		.4byte	.LFE32-.LFB32
 170 00b9 01       		.uleb128 0x1
 171 00ba 9C       		.byte	0x9c
 172 00bb 13010000 		.4byte	0x113
 173 00bf 06       		.uleb128 0x6
 174 00c0 2E000000 		.4byte	.LASF16
 175 00c4 01       		.byte	0x1
 176 00c5 10       		.byte	0x10
 177 00c6 6B000000 		.4byte	0x6b
 178 00ca 00000000 		.4byte	.LLST0
 179 00ce 06       		.uleb128 0x6
 180 00cf B4000000 		.4byte	.LASF17
 181 00d3 01       		.byte	0x1
 182 00d4 11       		.byte	0x11
 183 00d5 6B000000 		.4byte	0x6b
 184 00d9 1E000000 		.4byte	.LLST1
 185 00dd 07       		.uleb128 0x7
 186 00de 08000000 		.4byte	.LVL0
 187 00e2 13010000 		.4byte	0x113
 188 00e6 07       		.uleb128 0x7
 189 00e7 0C000000 		.4byte	.LVL1
 190 00eb 1E010000 		.4byte	0x11e
 191 00ef 08       		.uleb128 0x8
 192 00f0 18000000 		.4byte	.LVL5
 193 00f4 29010000 		.4byte	0x129
 194 00f8 03010000 		.4byte	0x103
 195 00fc 09       		.uleb128 0x9
 196 00fd 01       		.uleb128 0x1
 197 00fe 50       		.byte	0x50
 198 00ff 02       		.uleb128 0x2
ARM GAS  C:\Users\jagumiel\AppData\Local\Temp\ccj8kDvf.s 			page 5


 199 0100 74       		.byte	0x74
 200 0101 30       		.sleb128 48
 201 0102 00       		.byte	0
 202 0103 0A       		.uleb128 0xa
 203 0104 1E000000 		.4byte	.LVL6
 204 0108 29010000 		.4byte	0x129
 205 010c 09       		.uleb128 0x9
 206 010d 01       		.uleb128 0x1
 207 010e 50       		.byte	0x50
 208 010f 01       		.uleb128 0x1
 209 0110 3D       		.byte	0x3d
 210 0111 00       		.byte	0
 211 0112 00       		.byte	0
 212 0113 0B       		.uleb128 0xb
 213 0114 C3000000 		.4byte	.LASF18
 214 0118 C3000000 		.4byte	.LASF18
 215 011c 03       		.byte	0x3
 216 011d 72       		.byte	0x72
 217 011e 0B       		.uleb128 0xb
 218 011f 04010000 		.4byte	.LASF19
 219 0123 04010000 		.4byte	.LASF19
 220 0127 04       		.byte	0x4
 221 0128 30       		.byte	0x30
 222 0129 0C       		.uleb128 0xc
 223 012a DC000000 		.4byte	.LASF20
 224 012e DC000000 		.4byte	.LASF20
 225 0132 05       		.byte	0x5
 226 0133 4403     		.2byte	0x344
 227 0135 00       		.byte	0
 228              		.section	.debug_abbrev,"",%progbits
 229              	.Ldebug_abbrev0:
 230 0000 01       		.uleb128 0x1
 231 0001 11       		.uleb128 0x11
 232 0002 01       		.byte	0x1
 233 0003 25       		.uleb128 0x25
 234 0004 0E       		.uleb128 0xe
 235 0005 13       		.uleb128 0x13
 236 0006 0B       		.uleb128 0xb
 237 0007 03       		.uleb128 0x3
 238 0008 0E       		.uleb128 0xe
 239 0009 1B       		.uleb128 0x1b
 240 000a 0E       		.uleb128 0xe
 241 000b 55       		.uleb128 0x55
 242 000c 17       		.uleb128 0x17
 243 000d 11       		.uleb128 0x11
 244 000e 01       		.uleb128 0x1
 245 000f 10       		.uleb128 0x10
 246 0010 17       		.uleb128 0x17
 247 0011 00       		.byte	0
 248 0012 00       		.byte	0
 249 0013 02       		.uleb128 0x2
 250 0014 24       		.uleb128 0x24
 251 0015 00       		.byte	0
 252 0016 0B       		.uleb128 0xb
 253 0017 0B       		.uleb128 0xb
 254 0018 3E       		.uleb128 0x3e
 255 0019 0B       		.uleb128 0xb
ARM GAS  C:\Users\jagumiel\AppData\Local\Temp\ccj8kDvf.s 			page 6


 256 001a 03       		.uleb128 0x3
 257 001b 0E       		.uleb128 0xe
 258 001c 00       		.byte	0
 259 001d 00       		.byte	0
 260 001e 03       		.uleb128 0x3
 261 001f 24       		.uleb128 0x24
 262 0020 00       		.byte	0
 263 0021 0B       		.uleb128 0xb
 264 0022 0B       		.uleb128 0xb
 265 0023 3E       		.uleb128 0x3e
 266 0024 0B       		.uleb128 0xb
 267 0025 03       		.uleb128 0x3
 268 0026 08       		.uleb128 0x8
 269 0027 00       		.byte	0
 270 0028 00       		.byte	0
 271 0029 04       		.uleb128 0x4
 272 002a 16       		.uleb128 0x16
 273 002b 00       		.byte	0
 274 002c 03       		.uleb128 0x3
 275 002d 0E       		.uleb128 0xe
 276 002e 3A       		.uleb128 0x3a
 277 002f 0B       		.uleb128 0xb
 278 0030 3B       		.uleb128 0x3b
 279 0031 05       		.uleb128 0x5
 280 0032 49       		.uleb128 0x49
 281 0033 13       		.uleb128 0x13
 282 0034 00       		.byte	0
 283 0035 00       		.byte	0
 284 0036 05       		.uleb128 0x5
 285 0037 2E       		.uleb128 0x2e
 286 0038 01       		.byte	0x1
 287 0039 3F       		.uleb128 0x3f
 288 003a 19       		.uleb128 0x19
 289 003b 03       		.uleb128 0x3
 290 003c 0E       		.uleb128 0xe
 291 003d 3A       		.uleb128 0x3a
 292 003e 0B       		.uleb128 0xb
 293 003f 3B       		.uleb128 0x3b
 294 0040 0B       		.uleb128 0xb
 295 0041 27       		.uleb128 0x27
 296 0042 19       		.uleb128 0x19
 297 0043 49       		.uleb128 0x49
 298 0044 13       		.uleb128 0x13
 299 0045 8701     		.uleb128 0x87
 300 0047 19       		.uleb128 0x19
 301 0048 11       		.uleb128 0x11
 302 0049 01       		.uleb128 0x1
 303 004a 12       		.uleb128 0x12
 304 004b 06       		.uleb128 0x6
 305 004c 40       		.uleb128 0x40
 306 004d 18       		.uleb128 0x18
 307 004e 9742     		.uleb128 0x2117
 308 0050 19       		.uleb128 0x19
 309 0051 01       		.uleb128 0x1
 310 0052 13       		.uleb128 0x13
 311 0053 00       		.byte	0
 312 0054 00       		.byte	0
ARM GAS  C:\Users\jagumiel\AppData\Local\Temp\ccj8kDvf.s 			page 7


 313 0055 06       		.uleb128 0x6
 314 0056 34       		.uleb128 0x34
 315 0057 00       		.byte	0
 316 0058 03       		.uleb128 0x3
 317 0059 0E       		.uleb128 0xe
 318 005a 3A       		.uleb128 0x3a
 319 005b 0B       		.uleb128 0xb
 320 005c 3B       		.uleb128 0x3b
 321 005d 0B       		.uleb128 0xb
 322 005e 49       		.uleb128 0x49
 323 005f 13       		.uleb128 0x13
 324 0060 02       		.uleb128 0x2
 325 0061 17       		.uleb128 0x17
 326 0062 00       		.byte	0
 327 0063 00       		.byte	0
 328 0064 07       		.uleb128 0x7
 329 0065 898201   		.uleb128 0x4109
 330 0068 00       		.byte	0
 331 0069 11       		.uleb128 0x11
 332 006a 01       		.uleb128 0x1
 333 006b 31       		.uleb128 0x31
 334 006c 13       		.uleb128 0x13
 335 006d 00       		.byte	0
 336 006e 00       		.byte	0
 337 006f 08       		.uleb128 0x8
 338 0070 898201   		.uleb128 0x4109
 339 0073 01       		.byte	0x1
 340 0074 11       		.uleb128 0x11
 341 0075 01       		.uleb128 0x1
 342 0076 31       		.uleb128 0x31
 343 0077 13       		.uleb128 0x13
 344 0078 01       		.uleb128 0x1
 345 0079 13       		.uleb128 0x13
 346 007a 00       		.byte	0
 347 007b 00       		.byte	0
 348 007c 09       		.uleb128 0x9
 349 007d 8A8201   		.uleb128 0x410a
 350 0080 00       		.byte	0
 351 0081 02       		.uleb128 0x2
 352 0082 18       		.uleb128 0x18
 353 0083 9142     		.uleb128 0x2111
 354 0085 18       		.uleb128 0x18
 355 0086 00       		.byte	0
 356 0087 00       		.byte	0
 357 0088 0A       		.uleb128 0xa
 358 0089 898201   		.uleb128 0x4109
 359 008c 01       		.byte	0x1
 360 008d 11       		.uleb128 0x11
 361 008e 01       		.uleb128 0x1
 362 008f 31       		.uleb128 0x31
 363 0090 13       		.uleb128 0x13
 364 0091 00       		.byte	0
 365 0092 00       		.byte	0
 366 0093 0B       		.uleb128 0xb
 367 0094 2E       		.uleb128 0x2e
 368 0095 00       		.byte	0
 369 0096 3F       		.uleb128 0x3f
ARM GAS  C:\Users\jagumiel\AppData\Local\Temp\ccj8kDvf.s 			page 8


 370 0097 19       		.uleb128 0x19
 371 0098 3C       		.uleb128 0x3c
 372 0099 19       		.uleb128 0x19
 373 009a 6E       		.uleb128 0x6e
 374 009b 0E       		.uleb128 0xe
 375 009c 03       		.uleb128 0x3
 376 009d 0E       		.uleb128 0xe
 377 009e 3A       		.uleb128 0x3a
 378 009f 0B       		.uleb128 0xb
 379 00a0 3B       		.uleb128 0x3b
 380 00a1 0B       		.uleb128 0xb
 381 00a2 00       		.byte	0
 382 00a3 00       		.byte	0
 383 00a4 0C       		.uleb128 0xc
 384 00a5 2E       		.uleb128 0x2e
 385 00a6 00       		.byte	0
 386 00a7 3F       		.uleb128 0x3f
 387 00a8 19       		.uleb128 0x19
 388 00a9 3C       		.uleb128 0x3c
 389 00aa 19       		.uleb128 0x19
 390 00ab 6E       		.uleb128 0x6e
 391 00ac 0E       		.uleb128 0xe
 392 00ad 03       		.uleb128 0x3
 393 00ae 0E       		.uleb128 0xe
 394 00af 3A       		.uleb128 0x3a
 395 00b0 0B       		.uleb128 0xb
 396 00b1 3B       		.uleb128 0x3b
 397 00b2 05       		.uleb128 0x5
 398 00b3 00       		.byte	0
 399 00b4 00       		.byte	0
 400 00b5 00       		.byte	0
 401              		.section	.debug_loc,"",%progbits
 402              	.Ldebug_loc0:
 403              	.LLST0:
 404 0000 0E000000 		.4byte	.LVL2
 405 0004 14000000 		.4byte	.LVL4
 406 0008 0100     		.2byte	0x1
 407 000a 50       		.byte	0x50
 408 000b 14000000 		.4byte	.LVL4
 409 000f 22000000 		.4byte	.LFE32
 410 0013 0100     		.2byte	0x1
 411 0015 54       		.byte	0x54
 412 0016 00000000 		.4byte	0
 413 001a 00000000 		.4byte	0
 414              	.LLST1:
 415 001e 08000000 		.4byte	.LVL0
 416 0022 12000000 		.4byte	.LVL3
 417 0026 0100     		.2byte	0x1
 418 0028 55       		.byte	0x55
 419 0029 12000000 		.4byte	.LVL3
 420 002d 14000000 		.4byte	.LVL4
 421 0031 0100     		.2byte	0x1
 422 0033 50       		.byte	0x50
 423 0034 00000000 		.4byte	0
 424 0038 00000000 		.4byte	0
 425              		.section	.debug_aranges,"",%progbits
 426 0000 1C000000 		.4byte	0x1c
ARM GAS  C:\Users\jagumiel\AppData\Local\Temp\ccj8kDvf.s 			page 9


 427 0004 0200     		.2byte	0x2
 428 0006 00000000 		.4byte	.Ldebug_info0
 429 000a 04       		.byte	0x4
 430 000b 00       		.byte	0
 431 000c 0000     		.2byte	0
 432 000e 0000     		.2byte	0
 433 0010 00000000 		.4byte	.LFB32
 434 0014 22000000 		.4byte	.LFE32-.LFB32
 435 0018 00000000 		.4byte	0
 436 001c 00000000 		.4byte	0
 437              		.section	.debug_ranges,"",%progbits
 438              	.Ldebug_ranges0:
 439 0000 00000000 		.4byte	.LFB32
 440 0004 22000000 		.4byte	.LFE32
 441 0008 00000000 		.4byte	0
 442 000c 00000000 		.4byte	0
 443              		.section	.debug_line,"",%progbits
 444              	.Ldebug_line0:
 445 0000 86000000 		.section	.debug_str,"MS",%progbits,1
 445      02006A00 
 445      00000201 
 445      FB0E0D00 
 445      01010101 
 446              	.LASF6:
 447 0000 6C6F6E67 		.ascii	"long long int\000"
 447      206C6F6E 
 447      6720696E 
 447      7400
 448              	.LASF10:
 449 000e 75696E74 		.ascii	"uint32\000"
 449      333200
 450              	.LASF8:
 451 0015 756E7369 		.ascii	"unsigned int\000"
 451      676E6564 
 451      20696E74 
 451      00
 452              	.LASF22:
 453 0022 6D61696E 		.ascii	"main.c\000"
 453      2E6300
 454              	.LASF24:
 455 0029 6D61696E 		.ascii	"main\000"
 455      00
 456              	.LASF16:
 457 002e 73746174 		.ascii	"status\000"
 457      757300
 458              	.LASF9:
 459 0035 75696E74 		.ascii	"uint8\000"
 459      3800
 460              	.LASF5:
 461 003b 6C6F6E67 		.ascii	"long unsigned int\000"
 461      20756E73 
 461      69676E65 
 461      6420696E 
 461      7400
 462              	.LASF7:
 463 004d 6C6F6E67 		.ascii	"long long unsigned int\000"
 463      206C6F6E 
ARM GAS  C:\Users\jagumiel\AppData\Local\Temp\ccj8kDvf.s 			page 10


 463      6720756E 
 463      7369676E 
 463      65642069 
 464              	.LASF11:
 465 0064 666C6F61 		.ascii	"float\000"
 465      7400
 466              	.LASF23:
 467 006a 443A5C55 		.ascii	"D:\\Users\\jagumiel\\Documents\\PSoC Creator\\PSoC-"
 467      73657273 
 467      5C6A6167 
 467      756D6965 
 467      6C5C446F 
 468 0098 3130315C 		.ascii	"101\\PSoC-101\\Lesson14.cydsn\000"
 468      50536F43 
 468      2D313031 
 468      5C4C6573 
 468      736F6E31 
 469              	.LASF17:
 470 00b4 6F6C6453 		.ascii	"oldStatus\000"
 470      74617475 
 470      7300
 471              	.LASF13:
 472 00be 63686172 		.ascii	"char\000"
 472      00
 473              	.LASF18:
 474 00c3 55415254 		.ascii	"UART_Start\000"
 474      5F537461 
 474      727400
 475              	.LASF1:
 476 00ce 756E7369 		.ascii	"unsigned char\000"
 476      676E6564 
 476      20636861 
 476      7200
 477              	.LASF20:
 478 00dc 55415254 		.ascii	"UART_SpiUartWriteTxData\000"
 478      5F537069 
 478      55617274 
 478      57726974 
 478      65547844 
 479              	.LASF4:
 480 00f4 6C6F6E67 		.ascii	"long int\000"
 480      20696E74 
 480      00
 481              	.LASF12:
 482 00fd 646F7562 		.ascii	"double\000"
 482      6C6500
 483              	.LASF19:
 484 0104 53746174 		.ascii	"Status_Read\000"
 484      75735F52 
 484      65616400 
 485              	.LASF21:
 486 0110 474E5520 		.ascii	"GNU C11 5.4.1 20160609 (release) [ARM/embedded-5-br"
 486      43313120 
 486      352E342E 
 486      31203230 
 486      31363036 
 487 0143 616E6368 		.ascii	"anch revision 237715] -mcpu=cortex-m0 -mthumb -g -O"
ARM GAS  C:\Users\jagumiel\AppData\Local\Temp\ccj8kDvf.s 			page 11


 487      20726576 
 487      6973696F 
 487      6E203233 
 487      37373135 
 488 0176 67202D66 		.ascii	"g -ffunction-sections -ffat-lto-objects\000"
 488      66756E63 
 488      74696F6E 
 488      2D736563 
 488      74696F6E 
 489              	.LASF3:
 490 019e 73686F72 		.ascii	"short unsigned int\000"
 490      7420756E 
 490      7369676E 
 490      65642069 
 490      6E7400
 491              	.LASF0:
 492 01b1 7369676E 		.ascii	"signed char\000"
 492      65642063 
 492      68617200 
 493              	.LASF14:
 494 01bd 6C6F6E67 		.ascii	"long double\000"
 494      20646F75 
 494      626C6500 
 495              	.LASF2:
 496 01c9 73686F72 		.ascii	"short int\000"
 496      7420696E 
 496      7400
 497              	.LASF15:
 498 01d3 73697A65 		.ascii	"sizetype\000"
 498      74797065 
 498      00
 499              		.ident	"GCC: (GNU Tools for ARM Embedded Processors) 5.4.1 20160609 (release) [ARM/embedded-5-bran
