ARM GAS  C:\Users\jagumiel\AppData\Local\Temp\cca1tp66.s 			page 1


   1              		.syntax unified
   2              		.cpu cortex-m0
   3              		.fpu softvfp
   4              		.eabi_attribute 20, 1
   5              		.eabi_attribute 21, 1
   6              		.eabi_attribute 23, 3
   7              		.eabi_attribute 24, 1
   8              		.eabi_attribute 25, 1
   9              		.eabi_attribute 26, 1
  10              		.eabi_attribute 30, 6
  11              		.eabi_attribute 34, 0
  12              		.eabi_attribute 18, 4
  13              		.thumb
  14              		.syntax unified
  15              		.file	"cyfitter_cfg.c"
  16              		.text
  17              	.Ltext0:
  18              		.cfi_sections	.debug_frame
  19              		.section	.text.CYMEMZERO,"ax",%progbits
  20              		.align	2
  21              		.code	16
  22              		.thumb_func
  23              		.type	CYMEMZERO, %function
  24              	CYMEMZERO:
  25              	.LFB0:
  26              		.file 1 "Generated_Source\\PSoC4\\cyfitter_cfg.c"
   1:Generated_Source\PSoC4/cyfitter_cfg.c **** 
   2:Generated_Source\PSoC4/cyfitter_cfg.c **** /*******************************************************************************
   3:Generated_Source\PSoC4/cyfitter_cfg.c **** * File Name: cyfitter_cfg.c
   4:Generated_Source\PSoC4/cyfitter_cfg.c **** * 
   5:Generated_Source\PSoC4/cyfitter_cfg.c **** * PSoC Creator  4.2
   6:Generated_Source\PSoC4/cyfitter_cfg.c **** *
   7:Generated_Source\PSoC4/cyfitter_cfg.c **** * Description:
   8:Generated_Source\PSoC4/cyfitter_cfg.c **** * This file contains device initialization code.
   9:Generated_Source\PSoC4/cyfitter_cfg.c **** * Except for the user defined sections in CyClockStartupError(), this file should not be modified.
  10:Generated_Source\PSoC4/cyfitter_cfg.c **** * This file is automatically generated by PSoC Creator.
  11:Generated_Source\PSoC4/cyfitter_cfg.c **** *
  12:Generated_Source\PSoC4/cyfitter_cfg.c **** ********************************************************************************
  13:Generated_Source\PSoC4/cyfitter_cfg.c **** * Copyright (c) 2007-2018 Cypress Semiconductor.  All rights reserved.
  14:Generated_Source\PSoC4/cyfitter_cfg.c **** * You may use this file only in accordance with the license, terms, conditions, 
  15:Generated_Source\PSoC4/cyfitter_cfg.c **** * disclaimers, and limitations in the end user license agreement accompanying 
  16:Generated_Source\PSoC4/cyfitter_cfg.c **** * the software package with which this file was provided.
  17:Generated_Source\PSoC4/cyfitter_cfg.c **** ********************************************************************************/
  18:Generated_Source\PSoC4/cyfitter_cfg.c **** 
  19:Generated_Source\PSoC4/cyfitter_cfg.c **** #include <string.h>
  20:Generated_Source\PSoC4/cyfitter_cfg.c **** #include "cytypes.h"
  21:Generated_Source\PSoC4/cyfitter_cfg.c **** #include "cydevice_trm.h"
  22:Generated_Source\PSoC4/cyfitter_cfg.c **** #include "cyfitter.h"
  23:Generated_Source\PSoC4/cyfitter_cfg.c **** #include "CyLib.h"
  24:Generated_Source\PSoC4/cyfitter_cfg.c **** #include "cyfitter_cfg.h"
  25:Generated_Source\PSoC4/cyfitter_cfg.c **** #include "cyapicallbacks.h"
  26:Generated_Source\PSoC4/cyfitter_cfg.c **** 
  27:Generated_Source\PSoC4/cyfitter_cfg.c **** 
  28:Generated_Source\PSoC4/cyfitter_cfg.c **** #if defined(__GNUC__) || defined(__ARMCC_VERSION)
  29:Generated_Source\PSoC4/cyfitter_cfg.c ****     #define CYPACKED 
  30:Generated_Source\PSoC4/cyfitter_cfg.c ****     #define CYPACKED_ATTR __attribute__ ((packed))
  31:Generated_Source\PSoC4/cyfitter_cfg.c ****     #define CYALIGNED __attribute__ ((aligned))
ARM GAS  C:\Users\jagumiel\AppData\Local\Temp\cca1tp66.s 			page 2


  32:Generated_Source\PSoC4/cyfitter_cfg.c ****     #define CY_CFG_UNUSED __attribute__ ((unused))
  33:Generated_Source\PSoC4/cyfitter_cfg.c ****     #ifndef CY_CFG_SECTION
  34:Generated_Source\PSoC4/cyfitter_cfg.c ****         #define CY_CFG_SECTION __attribute__ ((section(".psocinit")))
  35:Generated_Source\PSoC4/cyfitter_cfg.c ****     #endif
  36:Generated_Source\PSoC4/cyfitter_cfg.c ****     
  37:Generated_Source\PSoC4/cyfitter_cfg.c ****     #if defined(__ARMCC_VERSION)
  38:Generated_Source\PSoC4/cyfitter_cfg.c ****         #define CY_CFG_MEMORY_BARRIER() __memory_changed()
  39:Generated_Source\PSoC4/cyfitter_cfg.c ****     #else
  40:Generated_Source\PSoC4/cyfitter_cfg.c ****         #define CY_CFG_MEMORY_BARRIER() __sync_synchronize()
  41:Generated_Source\PSoC4/cyfitter_cfg.c ****     #endif
  42:Generated_Source\PSoC4/cyfitter_cfg.c ****     
  43:Generated_Source\PSoC4/cyfitter_cfg.c **** #elif defined(__ICCARM__)
  44:Generated_Source\PSoC4/cyfitter_cfg.c ****     #include <intrinsics.h>
  45:Generated_Source\PSoC4/cyfitter_cfg.c **** 
  46:Generated_Source\PSoC4/cyfitter_cfg.c ****     #define CYPACKED __packed
  47:Generated_Source\PSoC4/cyfitter_cfg.c ****     #define CYPACKED_ATTR 
  48:Generated_Source\PSoC4/cyfitter_cfg.c ****     #define CYALIGNED _Pragma("data_alignment=4")
  49:Generated_Source\PSoC4/cyfitter_cfg.c ****     #define CY_CFG_UNUSED _Pragma("diag_suppress=Pe177")
  50:Generated_Source\PSoC4/cyfitter_cfg.c ****     #define CY_CFG_SECTION _Pragma("location=\".psocinit\"")
  51:Generated_Source\PSoC4/cyfitter_cfg.c ****     
  52:Generated_Source\PSoC4/cyfitter_cfg.c ****     #define CY_CFG_MEMORY_BARRIER() __DMB()
  53:Generated_Source\PSoC4/cyfitter_cfg.c ****     
  54:Generated_Source\PSoC4/cyfitter_cfg.c **** #else
  55:Generated_Source\PSoC4/cyfitter_cfg.c ****     #error Unsupported toolchain
  56:Generated_Source\PSoC4/cyfitter_cfg.c **** #endif
  57:Generated_Source\PSoC4/cyfitter_cfg.c **** 
  58:Generated_Source\PSoC4/cyfitter_cfg.c **** #ifndef CYCODE
  59:Generated_Source\PSoC4/cyfitter_cfg.c ****     #define CYCODE
  60:Generated_Source\PSoC4/cyfitter_cfg.c **** #endif
  61:Generated_Source\PSoC4/cyfitter_cfg.c **** #ifndef CYDATA
  62:Generated_Source\PSoC4/cyfitter_cfg.c ****     #define CYDATA
  63:Generated_Source\PSoC4/cyfitter_cfg.c **** #endif
  64:Generated_Source\PSoC4/cyfitter_cfg.c **** #ifndef CYFAR
  65:Generated_Source\PSoC4/cyfitter_cfg.c ****     #define CYFAR
  66:Generated_Source\PSoC4/cyfitter_cfg.c **** #endif
  67:Generated_Source\PSoC4/cyfitter_cfg.c **** #ifndef CYXDATA
  68:Generated_Source\PSoC4/cyfitter_cfg.c ****     #define CYXDATA
  69:Generated_Source\PSoC4/cyfitter_cfg.c **** #endif
  70:Generated_Source\PSoC4/cyfitter_cfg.c **** 
  71:Generated_Source\PSoC4/cyfitter_cfg.c **** 
  72:Generated_Source\PSoC4/cyfitter_cfg.c **** CY_CFG_UNUSED
  73:Generated_Source\PSoC4/cyfitter_cfg.c **** static void CYMEMZERO(void *s, size_t n);
  74:Generated_Source\PSoC4/cyfitter_cfg.c **** CY_CFG_UNUSED
  75:Generated_Source\PSoC4/cyfitter_cfg.c **** static void CYMEMZERO(void *s, size_t n)
  76:Generated_Source\PSoC4/cyfitter_cfg.c **** {
  27              		.loc 1 76 0
  28              		.cfi_startproc
  29              		@ args = 0, pretend = 0, frame = 8
  30              		@ frame_needed = 1, uses_anonymous_args = 0
  31 0000 80B5     		push	{r7, lr}
  32              		.cfi_def_cfa_offset 8
  33              		.cfi_offset 7, -8
  34              		.cfi_offset 14, -4
  35 0002 82B0     		sub	sp, sp, #8
  36              		.cfi_def_cfa_offset 16
  37 0004 00AF     		add	r7, sp, #0
  38              		.cfi_def_cfa_register 7
ARM GAS  C:\Users\jagumiel\AppData\Local\Temp\cca1tp66.s 			page 3


  39 0006 7860     		str	r0, [r7, #4]
  40 0008 3960     		str	r1, [r7]
  77:Generated_Source\PSoC4/cyfitter_cfg.c **** 	(void)memset(s, 0, n);
  41              		.loc 1 77 0
  42 000a 3A68     		ldr	r2, [r7]
  43 000c 7B68     		ldr	r3, [r7, #4]
  44 000e 0021     		movs	r1, #0
  45 0010 1800     		movs	r0, r3
  46 0012 FFF7FEFF 		bl	memset
  78:Generated_Source\PSoC4/cyfitter_cfg.c **** }
  47              		.loc 1 78 0
  48 0016 C046     		nop
  49 0018 BD46     		mov	sp, r7
  50 001a 02B0     		add	sp, sp, #8
  51              		@ sp needed
  52 001c 80BD     		pop	{r7, pc}
  53              		.cfi_endproc
  54              	.LFE0:
  55              		.size	CYMEMZERO, .-CYMEMZERO
  56 001e C046     		.section	.text.CYCONFIGCPY,"ax",%progbits
  57              		.align	2
  58              		.code	16
  59              		.thumb_func
  60              		.type	CYCONFIGCPY, %function
  61              	CYCONFIGCPY:
  62              	.LFB1:
  79:Generated_Source\PSoC4/cyfitter_cfg.c **** CY_CFG_UNUSED
  80:Generated_Source\PSoC4/cyfitter_cfg.c **** static void CYCONFIGCPY(void *dest, const void *src, size_t n);
  81:Generated_Source\PSoC4/cyfitter_cfg.c **** CY_CFG_UNUSED
  82:Generated_Source\PSoC4/cyfitter_cfg.c **** static void CYCONFIGCPY(void *dest, const void *src, size_t n)
  83:Generated_Source\PSoC4/cyfitter_cfg.c **** {
  63              		.loc 1 83 0
  64              		.cfi_startproc
  65              		@ args = 0, pretend = 0, frame = 16
  66              		@ frame_needed = 1, uses_anonymous_args = 0
  67 0000 80B5     		push	{r7, lr}
  68              		.cfi_def_cfa_offset 8
  69              		.cfi_offset 7, -8
  70              		.cfi_offset 14, -4
  71 0002 84B0     		sub	sp, sp, #16
  72              		.cfi_def_cfa_offset 24
  73 0004 00AF     		add	r7, sp, #0
  74              		.cfi_def_cfa_register 7
  75 0006 F860     		str	r0, [r7, #12]
  76 0008 B960     		str	r1, [r7, #8]
  77 000a 7A60     		str	r2, [r7, #4]
  84:Generated_Source\PSoC4/cyfitter_cfg.c **** 	(void)memcpy(dest, src, n);
  78              		.loc 1 84 0
  79 000c 7A68     		ldr	r2, [r7, #4]
  80 000e B968     		ldr	r1, [r7, #8]
  81 0010 FB68     		ldr	r3, [r7, #12]
  82 0012 1800     		movs	r0, r3
  83 0014 FFF7FEFF 		bl	memcpy
  85:Generated_Source\PSoC4/cyfitter_cfg.c **** }
  84              		.loc 1 85 0
  85 0018 C046     		nop
  86 001a BD46     		mov	sp, r7
ARM GAS  C:\Users\jagumiel\AppData\Local\Temp\cca1tp66.s 			page 4


  87 001c 04B0     		add	sp, sp, #16
  88              		@ sp needed
  89 001e 80BD     		pop	{r7, pc}
  90              		.cfi_endproc
  91              	.LFE1:
  92              		.size	CYCONFIGCPY, .-CYCONFIGCPY
  93              		.section	.text.CYCONFIGCPYCODE,"ax",%progbits
  94              		.align	2
  95              		.code	16
  96              		.thumb_func
  97              		.type	CYCONFIGCPYCODE, %function
  98              	CYCONFIGCPYCODE:
  99              	.LFB2:
  86:Generated_Source\PSoC4/cyfitter_cfg.c **** CY_CFG_UNUSED
  87:Generated_Source\PSoC4/cyfitter_cfg.c **** static void CYCONFIGCPYCODE(void *dest, const void *src, size_t n);
  88:Generated_Source\PSoC4/cyfitter_cfg.c **** CY_CFG_UNUSED
  89:Generated_Source\PSoC4/cyfitter_cfg.c **** static void CYCONFIGCPYCODE(void *dest, const void *src, size_t n)
  90:Generated_Source\PSoC4/cyfitter_cfg.c **** {
 100              		.loc 1 90 0
 101              		.cfi_startproc
 102              		@ args = 0, pretend = 0, frame = 16
 103              		@ frame_needed = 1, uses_anonymous_args = 0
 104 0000 80B5     		push	{r7, lr}
 105              		.cfi_def_cfa_offset 8
 106              		.cfi_offset 7, -8
 107              		.cfi_offset 14, -4
 108 0002 84B0     		sub	sp, sp, #16
 109              		.cfi_def_cfa_offset 24
 110 0004 00AF     		add	r7, sp, #0
 111              		.cfi_def_cfa_register 7
 112 0006 F860     		str	r0, [r7, #12]
 113 0008 B960     		str	r1, [r7, #8]
 114 000a 7A60     		str	r2, [r7, #4]
  91:Generated_Source\PSoC4/cyfitter_cfg.c **** 	(void)memcpy(dest, src, n);
 115              		.loc 1 91 0
 116 000c 7A68     		ldr	r2, [r7, #4]
 117 000e B968     		ldr	r1, [r7, #8]
 118 0010 FB68     		ldr	r3, [r7, #12]
 119 0012 1800     		movs	r0, r3
 120 0014 FFF7FEFF 		bl	memcpy
  92:Generated_Source\PSoC4/cyfitter_cfg.c **** }
 121              		.loc 1 92 0
 122 0018 C046     		nop
 123 001a BD46     		mov	sp, r7
 124 001c 04B0     		add	sp, sp, #16
 125              		@ sp needed
 126 001e 80BD     		pop	{r7, pc}
 127              		.cfi_endproc
 128              	.LFE2:
 129              		.size	CYCONFIGCPYCODE, .-CYCONFIGCPYCODE
 130              		.section	.psocinit,"ax",%progbits
 131              		.align	2
 132              		.code	16
 133              		.thumb_func
 134              		.type	ClockSetup, %function
 135              	ClockSetup:
 136              	.LFB3:
ARM GAS  C:\Users\jagumiel\AppData\Local\Temp\cca1tp66.s 			page 5


  93:Generated_Source\PSoC4/cyfitter_cfg.c **** 
  94:Generated_Source\PSoC4/cyfitter_cfg.c **** 
  95:Generated_Source\PSoC4/cyfitter_cfg.c **** 
  96:Generated_Source\PSoC4/cyfitter_cfg.c **** 
  97:Generated_Source\PSoC4/cyfitter_cfg.c **** /* Clock startup error codes                                                   */
  98:Generated_Source\PSoC4/cyfitter_cfg.c **** #define CYCLOCKSTART_NO_ERROR    0u
  99:Generated_Source\PSoC4/cyfitter_cfg.c **** #define CYCLOCKSTART_XTAL_ERROR  1u
 100:Generated_Source\PSoC4/cyfitter_cfg.c **** #define CYCLOCKSTART_32KHZ_ERROR 2u
 101:Generated_Source\PSoC4/cyfitter_cfg.c **** #define CYCLOCKSTART_PLL_ERROR   3u
 102:Generated_Source\PSoC4/cyfitter_cfg.c **** #define CYCLOCKSTART_FLL_ERROR   4u
 103:Generated_Source\PSoC4/cyfitter_cfg.c **** #define CYCLOCKSTART_WCO_ERROR   5u
 104:Generated_Source\PSoC4/cyfitter_cfg.c **** 
 105:Generated_Source\PSoC4/cyfitter_cfg.c **** 
 106:Generated_Source\PSoC4/cyfitter_cfg.c **** #ifdef CY_NEED_CYCLOCKSTARTUPERROR
 107:Generated_Source\PSoC4/cyfitter_cfg.c **** /*******************************************************************************
 108:Generated_Source\PSoC4/cyfitter_cfg.c **** * Function Name: CyClockStartupError
 109:Generated_Source\PSoC4/cyfitter_cfg.c **** ********************************************************************************
 110:Generated_Source\PSoC4/cyfitter_cfg.c **** * Summary:
 111:Generated_Source\PSoC4/cyfitter_cfg.c **** *  If an error is encountered during clock configuration (crystal startup error,
 112:Generated_Source\PSoC4/cyfitter_cfg.c **** *  PLL lock error, etc.), the system will end up here.  Unless reimplemented by
 113:Generated_Source\PSoC4/cyfitter_cfg.c **** *  the customer, this function will stop in an infinite loop.
 114:Generated_Source\PSoC4/cyfitter_cfg.c **** *
 115:Generated_Source\PSoC4/cyfitter_cfg.c **** * Parameters:
 116:Generated_Source\PSoC4/cyfitter_cfg.c **** *   void
 117:Generated_Source\PSoC4/cyfitter_cfg.c **** *
 118:Generated_Source\PSoC4/cyfitter_cfg.c **** * Return:
 119:Generated_Source\PSoC4/cyfitter_cfg.c **** *   void
 120:Generated_Source\PSoC4/cyfitter_cfg.c **** *
 121:Generated_Source\PSoC4/cyfitter_cfg.c **** *******************************************************************************/
 122:Generated_Source\PSoC4/cyfitter_cfg.c **** CY_CFG_UNUSED
 123:Generated_Source\PSoC4/cyfitter_cfg.c **** static void CyClockStartupError(uint8 errorCode);
 124:Generated_Source\PSoC4/cyfitter_cfg.c **** CY_CFG_UNUSED
 125:Generated_Source\PSoC4/cyfitter_cfg.c **** static void CyClockStartupError(uint8 errorCode)
 126:Generated_Source\PSoC4/cyfitter_cfg.c **** {
 127:Generated_Source\PSoC4/cyfitter_cfg.c ****     /* To remove the compiler warning if errorCode not used.                */
 128:Generated_Source\PSoC4/cyfitter_cfg.c ****     errorCode = errorCode;
 129:Generated_Source\PSoC4/cyfitter_cfg.c **** 
 130:Generated_Source\PSoC4/cyfitter_cfg.c ****     /* If we have a clock startup error (bad MHz crystal, PLL lock, etc.),  */
 131:Generated_Source\PSoC4/cyfitter_cfg.c ****     /* we will end up here to allow the customer to implement something to  */
 132:Generated_Source\PSoC4/cyfitter_cfg.c ****     /* deal with the clock condition.                                       */
 133:Generated_Source\PSoC4/cyfitter_cfg.c **** 
 134:Generated_Source\PSoC4/cyfitter_cfg.c **** #ifdef CY_CFG_CLOCK_STARTUP_ERROR_CALLBACK
 135:Generated_Source\PSoC4/cyfitter_cfg.c ****     CY_CFG_Clock_Startup_ErrorCallback();
 136:Generated_Source\PSoC4/cyfitter_cfg.c **** #else
 137:Generated_Source\PSoC4/cyfitter_cfg.c ****     /*  If not using CY_CFG_CLOCK_STARTUP_ERROR_CALLBACK, place your clock startup code here. */
 138:Generated_Source\PSoC4/cyfitter_cfg.c ****     /* `#START CyClockStartupError` */
 139:Generated_Source\PSoC4/cyfitter_cfg.c **** 
 140:Generated_Source\PSoC4/cyfitter_cfg.c **** 
 141:Generated_Source\PSoC4/cyfitter_cfg.c **** 
 142:Generated_Source\PSoC4/cyfitter_cfg.c ****     /* `#END` */
 143:Generated_Source\PSoC4/cyfitter_cfg.c **** 
 144:Generated_Source\PSoC4/cyfitter_cfg.c ****     while(1) {}
 145:Generated_Source\PSoC4/cyfitter_cfg.c **** #endif /* CY_CFG_CLOCK_STARTUP_ERROR_CALLBACK */
 146:Generated_Source\PSoC4/cyfitter_cfg.c **** }
 147:Generated_Source\PSoC4/cyfitter_cfg.c **** #endif
 148:Generated_Source\PSoC4/cyfitter_cfg.c **** 
 149:Generated_Source\PSoC4/cyfitter_cfg.c **** 
ARM GAS  C:\Users\jagumiel\AppData\Local\Temp\cca1tp66.s 			page 6


 150:Generated_Source\PSoC4/cyfitter_cfg.c **** 
 151:Generated_Source\PSoC4/cyfitter_cfg.c **** /*******************************************************************************
 152:Generated_Source\PSoC4/cyfitter_cfg.c **** * Function Name: ClockSetup
 153:Generated_Source\PSoC4/cyfitter_cfg.c **** ********************************************************************************
 154:Generated_Source\PSoC4/cyfitter_cfg.c **** *
 155:Generated_Source\PSoC4/cyfitter_cfg.c **** * Summary:
 156:Generated_Source\PSoC4/cyfitter_cfg.c **** *   Performs the initialization of all of the clocks in the device based on the
 157:Generated_Source\PSoC4/cyfitter_cfg.c **** *   settings in the Clock tab of the DWR.  This includes enabling the requested
 158:Generated_Source\PSoC4/cyfitter_cfg.c **** *   clocks and setting the necessary dividers to produce the desired frequency. 
 159:Generated_Source\PSoC4/cyfitter_cfg.c **** *
 160:Generated_Source\PSoC4/cyfitter_cfg.c **** * Parameters:
 161:Generated_Source\PSoC4/cyfitter_cfg.c **** *   void
 162:Generated_Source\PSoC4/cyfitter_cfg.c **** *
 163:Generated_Source\PSoC4/cyfitter_cfg.c **** * Return:
 164:Generated_Source\PSoC4/cyfitter_cfg.c **** *   void
 165:Generated_Source\PSoC4/cyfitter_cfg.c **** *
 166:Generated_Source\PSoC4/cyfitter_cfg.c **** *******************************************************************************/
 167:Generated_Source\PSoC4/cyfitter_cfg.c **** static void ClockSetup(void);
 168:Generated_Source\PSoC4/cyfitter_cfg.c **** CY_CFG_SECTION
 169:Generated_Source\PSoC4/cyfitter_cfg.c **** static void ClockSetup(void)
 170:Generated_Source\PSoC4/cyfitter_cfg.c **** {
 137              		.loc 1 170 0
 138              		.cfi_startproc
 139              		@ args = 0, pretend = 0, frame = 0
 140              		@ frame_needed = 1, uses_anonymous_args = 0
 141 0000 80B5     		push	{r7, lr}
 142              		.cfi_def_cfa_offset 8
 143              		.cfi_offset 7, -8
 144              		.cfi_offset 14, -4
 145 0002 00AF     		add	r7, sp, #0
 146              		.cfi_def_cfa_register 7
 171:Generated_Source\PSoC4/cyfitter_cfg.c **** 	/* Enable HALF_EN before trimming for the flash accelerator. */
 172:Generated_Source\PSoC4/cyfitter_cfg.c **** 	CY_SET_REG32((void CYXDATA *)(CYREG_CLK_SELECT), (CY_GET_REG32((void *)CYREG_CLK_SELECT) | 0x00040
 147              		.loc 1 172 0
 148 0004 154B     		ldr	r3, .L5
 149 0006 154A     		ldr	r2, .L5
 150 0008 1268     		ldr	r2, [r2]
 151 000a 8021     		movs	r1, #128
 152 000c C902     		lsls	r1, r1, #11
 153 000e 0A43     		orrs	r2, r1
 154 0010 1A60     		str	r2, [r3]
 173:Generated_Source\PSoC4/cyfitter_cfg.c **** 
 174:Generated_Source\PSoC4/cyfitter_cfg.c **** 	/* Setup and trim IMO based on desired frequency. */
 175:Generated_Source\PSoC4/cyfitter_cfg.c **** 	CySysClkWriteImoFreq(24u);
 155              		.loc 1 175 0
 156 0012 1820     		movs	r0, #24
 157 0014 FFF7FEFF 		bl	CySysClkWriteImoFreq
 176:Generated_Source\PSoC4/cyfitter_cfg.c **** 
 177:Generated_Source\PSoC4/cyfitter_cfg.c **** 	/* Disable HALF_EN since it is not required at this IMO frequency. */
 178:Generated_Source\PSoC4/cyfitter_cfg.c **** 	CY_SET_REG32((void CYXDATA *)(CYREG_CLK_SELECT), (CY_GET_REG32((void *)CYREG_CLK_SELECT) & 0xFFFBF
 158              		.loc 1 178 0
 159 0018 104B     		ldr	r3, .L5
 160 001a 104A     		ldr	r2, .L5
 161 001c 1268     		ldr	r2, [r2]
 162 001e 1049     		ldr	r1, .L5+4
 163 0020 0A40     		ands	r2, r1
 164 0022 1A60     		str	r2, [r3]
ARM GAS  C:\Users\jagumiel\AppData\Local\Temp\cca1tp66.s 			page 7


 179:Generated_Source\PSoC4/cyfitter_cfg.c **** 	/* CYDEV_CLK_ILO_CONFIG Starting address: CYDEV_CLK_ILO_CONFIG */
 180:Generated_Source\PSoC4/cyfitter_cfg.c **** 	CY_SET_REG32((void *)(CYREG_CLK_ILO_CONFIG), 0x80000006u);
 165              		.loc 1 180 0
 166 0024 0F4B     		ldr	r3, .L5+8
 167 0026 104A     		ldr	r2, .L5+12
 168 0028 1A60     		str	r2, [r3]
 181:Generated_Source\PSoC4/cyfitter_cfg.c **** 
 182:Generated_Source\PSoC4/cyfitter_cfg.c **** 
 183:Generated_Source\PSoC4/cyfitter_cfg.c **** 	/* CYDEV_CLK_SELECT00 Starting address: CYDEV_CLK_SELECT00 */
 184:Generated_Source\PSoC4/cyfitter_cfg.c **** 	CY_SET_REG32((void *)(CYREG_CLK_SELECT02), 0x00000020u);
 169              		.loc 1 184 0
 170 002a 104B     		ldr	r3, .L5+16
 171 002c 2022     		movs	r2, #32
 172 002e 1A60     		str	r2, [r3]
 185:Generated_Source\PSoC4/cyfitter_cfg.c **** 	CY_SET_REG32((void *)(CYREG_CLK_SELECT07), 0x00000010u);
 173              		.loc 1 185 0
 174 0030 0F4B     		ldr	r3, .L5+20
 175 0032 1022     		movs	r2, #16
 176 0034 1A60     		str	r2, [r3]
 186:Generated_Source\PSoC4/cyfitter_cfg.c **** 
 187:Generated_Source\PSoC4/cyfitter_cfg.c **** 	/* CYDEV_CLK_IMO_CONFIG Starting address: CYDEV_CLK_IMO_CONFIG */
 188:Generated_Source\PSoC4/cyfitter_cfg.c **** 	CY_SET_REG32((void *)(CYREG_CLK_IMO_CONFIG), 0x82000000u);
 177              		.loc 1 188 0
 178 0036 0F4B     		ldr	r3, .L5+24
 179 0038 8222     		movs	r2, #130
 180 003a 1206     		lsls	r2, r2, #24
 181 003c 1A60     		str	r2, [r3]
 189:Generated_Source\PSoC4/cyfitter_cfg.c **** 
 190:Generated_Source\PSoC4/cyfitter_cfg.c **** 	/* CYDEV_CLK_SELECT Starting address: CYDEV_CLK_SELECT */
 191:Generated_Source\PSoC4/cyfitter_cfg.c **** 	CY_SET_REG32((void *)(CYREG_CLK_SELECT), 0x00000000u);
 182              		.loc 1 191 0
 183 003e 074B     		ldr	r3, .L5
 184 0040 0022     		movs	r2, #0
 185 0042 1A60     		str	r2, [r3]
 192:Generated_Source\PSoC4/cyfitter_cfg.c **** 
 193:Generated_Source\PSoC4/cyfitter_cfg.c **** 	/* CYDEV_CLK_DIVIDER_A00 Starting address: CYDEV_CLK_DIVIDER_A00 */
 194:Generated_Source\PSoC4/cyfitter_cfg.c **** 	CY_SET_REG32((void *)(CYREG_CLK_DIVIDER_A00), 0x80000017u);
 186              		.loc 1 194 0
 187 0044 0C4B     		ldr	r3, .L5+28
 188 0046 0D4A     		ldr	r2, .L5+32
 189 0048 1A60     		str	r2, [r3]
 195:Generated_Source\PSoC4/cyfitter_cfg.c **** 
 196:Generated_Source\PSoC4/cyfitter_cfg.c **** 	/* CYDEV_CLK_DIVIDER_B00 Starting address: CYDEV_CLK_DIVIDER_B00 */
 197:Generated_Source\PSoC4/cyfitter_cfg.c **** 	CY_SET_REG32((void *)(CYREG_CLK_DIVIDER_B00), 0x80000138u);
 190              		.loc 1 197 0
 191 004a 0D4B     		ldr	r3, .L5+36
 192 004c 0D4A     		ldr	r2, .L5+40
 193 004e 1A60     		str	r2, [r3]
 198:Generated_Source\PSoC4/cyfitter_cfg.c **** 
 199:Generated_Source\PSoC4/cyfitter_cfg.c **** 	CY_SET_REG32((void *)(CYREG_WDT_CONFIG), 0x00000000u);
 194              		.loc 1 199 0
 195 0050 0D4B     		ldr	r3, .L5+44
 196 0052 0022     		movs	r2, #0
 197 0054 1A60     		str	r2, [r3]
 200:Generated_Source\PSoC4/cyfitter_cfg.c **** }
 198              		.loc 1 200 0
 199 0056 C046     		nop
ARM GAS  C:\Users\jagumiel\AppData\Local\Temp\cca1tp66.s 			page 8


 200 0058 BD46     		mov	sp, r7
 201              		@ sp needed
 202 005a 80BD     		pop	{r7, pc}
 203              	.L6:
 204              		.align	2
 205              	.L5:
 206 005c 00010B40 		.word	1074462976
 207 0060 FFFFFBFF 		.word	-262145
 208 0064 04010B40 		.word	1074462980
 209 0068 06000080 		.word	-2147483642
 210 006c 08020240 		.word	1073873416
 211 0070 1C020240 		.word	1073873436
 212 0074 08010B40 		.word	1074462984
 213 0078 00000240 		.word	1073872896
 214 007c 17000080 		.word	-2147483625
 215 0080 40000240 		.word	1073872960
 216 0084 38010080 		.word	-2147483336
 217 0088 0C020B40 		.word	1074463244
 218              		.cfi_endproc
 219              	.LFE3:
 220              		.size	ClockSetup, .-ClockSetup
 221              		.section	.text.AnalogSetDefault,"ax",%progbits
 222              		.align	2
 223              		.code	16
 224              		.thumb_func
 225              		.type	AnalogSetDefault, %function
 226              	AnalogSetDefault:
 227              	.LFB4:
 201:Generated_Source\PSoC4/cyfitter_cfg.c **** 
 202:Generated_Source\PSoC4/cyfitter_cfg.c **** 
 203:Generated_Source\PSoC4/cyfitter_cfg.c **** /* Analog API Functions */
 204:Generated_Source\PSoC4/cyfitter_cfg.c **** 
 205:Generated_Source\PSoC4/cyfitter_cfg.c **** 
 206:Generated_Source\PSoC4/cyfitter_cfg.c **** /*******************************************************************************
 207:Generated_Source\PSoC4/cyfitter_cfg.c **** * Function Name: AnalogSetDefault
 208:Generated_Source\PSoC4/cyfitter_cfg.c **** ********************************************************************************
 209:Generated_Source\PSoC4/cyfitter_cfg.c **** *
 210:Generated_Source\PSoC4/cyfitter_cfg.c **** * Summary:
 211:Generated_Source\PSoC4/cyfitter_cfg.c **** *  Sets up the analog portions of the chip to default values based on chip
 212:Generated_Source\PSoC4/cyfitter_cfg.c **** *  configuration options from the project.
 213:Generated_Source\PSoC4/cyfitter_cfg.c **** *
 214:Generated_Source\PSoC4/cyfitter_cfg.c **** * Parameters:
 215:Generated_Source\PSoC4/cyfitter_cfg.c **** *  void
 216:Generated_Source\PSoC4/cyfitter_cfg.c **** *
 217:Generated_Source\PSoC4/cyfitter_cfg.c **** * Return:
 218:Generated_Source\PSoC4/cyfitter_cfg.c **** *  void
 219:Generated_Source\PSoC4/cyfitter_cfg.c **** *
 220:Generated_Source\PSoC4/cyfitter_cfg.c **** *******************************************************************************/
 221:Generated_Source\PSoC4/cyfitter_cfg.c **** static void AnalogSetDefault(void);
 222:Generated_Source\PSoC4/cyfitter_cfg.c **** static void AnalogSetDefault(void)
 223:Generated_Source\PSoC4/cyfitter_cfg.c **** {
 228              		.loc 1 223 0
 229              		.cfi_startproc
 230              		@ args = 0, pretend = 0, frame = 0
 231              		@ frame_needed = 1, uses_anonymous_args = 0
 232 0000 80B5     		push	{r7, lr}
 233              		.cfi_def_cfa_offset 8
ARM GAS  C:\Users\jagumiel\AppData\Local\Temp\cca1tp66.s 			page 9


 234              		.cfi_offset 7, -8
 235              		.cfi_offset 14, -4
 236 0002 00AF     		add	r7, sp, #0
 237              		.cfi_def_cfa_register 7
 224:Generated_Source\PSoC4/cyfitter_cfg.c **** 	CY_SET_XTND_REG32((void CYFAR *)CYREG_SAR_MUX_SWITCH0, 0x00000008u);
 238              		.loc 1 224 0
 239 0004 024B     		ldr	r3, .L8
 240 0006 0822     		movs	r2, #8
 241 0008 1A60     		str	r2, [r3]
 225:Generated_Source\PSoC4/cyfitter_cfg.c **** }
 242              		.loc 1 225 0
 243 000a C046     		nop
 244 000c BD46     		mov	sp, r7
 245              		@ sp needed
 246 000e 80BD     		pop	{r7, pc}
 247              	.L9:
 248              		.align	2
 249              	.L8:
 250 0010 00031A40 		.word	1075446528
 251              		.cfi_endproc
 252              	.LFE4:
 253              		.size	AnalogSetDefault, .-AnalogSetDefault
 254              		.section	.psocinit
 255              		.align	2
 256              		.global	cyfitter_cfg
 257              		.code	16
 258              		.thumb_func
 259              		.type	cyfitter_cfg, %function
 260              	cyfitter_cfg:
 261              	.LFB5:
 226:Generated_Source\PSoC4/cyfitter_cfg.c **** 
 227:Generated_Source\PSoC4/cyfitter_cfg.c **** 
 228:Generated_Source\PSoC4/cyfitter_cfg.c **** 
 229:Generated_Source\PSoC4/cyfitter_cfg.c **** 
 230:Generated_Source\PSoC4/cyfitter_cfg.c **** /*******************************************************************************
 231:Generated_Source\PSoC4/cyfitter_cfg.c **** * Function Name: cyfitter_cfg
 232:Generated_Source\PSoC4/cyfitter_cfg.c **** ********************************************************************************
 233:Generated_Source\PSoC4/cyfitter_cfg.c **** * Summary:
 234:Generated_Source\PSoC4/cyfitter_cfg.c **** *  This function is called by the start-up code for the selected device. It
 235:Generated_Source\PSoC4/cyfitter_cfg.c **** *  performs all of the necessary device configuration based on the design
 236:Generated_Source\PSoC4/cyfitter_cfg.c **** *  settings.  This includes settings from the Design Wide Resources (DWR) such
 237:Generated_Source\PSoC4/cyfitter_cfg.c **** *  as Clocks and Pins as well as any component configuration that is necessary.
 238:Generated_Source\PSoC4/cyfitter_cfg.c **** *
 239:Generated_Source\PSoC4/cyfitter_cfg.c **** * Parameters:
 240:Generated_Source\PSoC4/cyfitter_cfg.c **** *   void
 241:Generated_Source\PSoC4/cyfitter_cfg.c **** *
 242:Generated_Source\PSoC4/cyfitter_cfg.c **** * Return:
 243:Generated_Source\PSoC4/cyfitter_cfg.c **** *   void
 244:Generated_Source\PSoC4/cyfitter_cfg.c **** *
 245:Generated_Source\PSoC4/cyfitter_cfg.c **** *******************************************************************************/
 246:Generated_Source\PSoC4/cyfitter_cfg.c **** CY_CFG_SECTION
 247:Generated_Source\PSoC4/cyfitter_cfg.c **** void cyfitter_cfg(void)
 248:Generated_Source\PSoC4/cyfitter_cfg.c **** {
 262              		.loc 1 248 0
 263              		.cfi_startproc
 264              		@ args = 0, pretend = 0, frame = 8
 265              		@ frame_needed = 1, uses_anonymous_args = 0
ARM GAS  C:\Users\jagumiel\AppData\Local\Temp\cca1tp66.s 			page 10


 266 008c 80B5     		push	{r7, lr}
 267              		.cfi_def_cfa_offset 8
 268              		.cfi_offset 7, -8
 269              		.cfi_offset 14, -4
 270 008e 82B0     		sub	sp, sp, #8
 271              		.cfi_def_cfa_offset 16
 272 0090 00AF     		add	r7, sp, #0
 273              		.cfi_def_cfa_register 7
 249:Generated_Source\PSoC4/cyfitter_cfg.c **** 	/* Disable interrupts by default. Let user enable if/when they want. */
 250:Generated_Source\PSoC4/cyfitter_cfg.c **** 	CyGlobalIntDisable;
 274              		.loc 1 250 0
 275              		.syntax divided
 276              	@ 250 "Generated_Source\PSoC4\cyfitter_cfg.c" 1
 277 0092 72B6     		CPSID   i
 278              	@ 0 "" 2
 279              		.thumb
 280              		.syntax unified
 281              	.LBB2:
 251:Generated_Source\PSoC4/cyfitter_cfg.c **** 
 252:Generated_Source\PSoC4/cyfitter_cfg.c **** 	{
 253:Generated_Source\PSoC4/cyfitter_cfg.c **** 
 254:Generated_Source\PSoC4/cyfitter_cfg.c **** 		CYPACKED typedef struct {
 255:Generated_Source\PSoC4/cyfitter_cfg.c **** 			void CYFAR *address;
 256:Generated_Source\PSoC4/cyfitter_cfg.c **** 			uint16 size;
 257:Generated_Source\PSoC4/cyfitter_cfg.c **** 		} CYPACKED_ATTR cfg_memset_t;
 258:Generated_Source\PSoC4/cyfitter_cfg.c **** 
 259:Generated_Source\PSoC4/cyfitter_cfg.c **** 		static const cfg_memset_t CYCODE cfg_memset_list[] = {
 260:Generated_Source\PSoC4/cyfitter_cfg.c **** 			/* address, size */
 261:Generated_Source\PSoC4/cyfitter_cfg.c **** 			{(void CYFAR *)(CYDEV_UDB_P0_U0_BASE), 1024u},
 262:Generated_Source\PSoC4/cyfitter_cfg.c **** 			{(void CYFAR *)(CYDEV_UDB_DSI0_BASE), 1024u},
 263:Generated_Source\PSoC4/cyfitter_cfg.c **** 		};
 264:Generated_Source\PSoC4/cyfitter_cfg.c **** 
 265:Generated_Source\PSoC4/cyfitter_cfg.c **** 		uint8 CYDATA i;
 266:Generated_Source\PSoC4/cyfitter_cfg.c **** 
 267:Generated_Source\PSoC4/cyfitter_cfg.c **** 		/* Zero out critical memory blocks before beginning configuration */
 268:Generated_Source\PSoC4/cyfitter_cfg.c **** 		for (i = 0u; i < (sizeof(cfg_memset_list)/sizeof(cfg_memset_list[0])); i++)
 282              		.loc 1 268 0
 283 0094 FB1D     		adds	r3, r7, #7
 284 0096 0022     		movs	r2, #0
 285 0098 1A70     		strb	r2, [r3]
 286 009a 22E0     		b	.L11
 287              	.L12:
 288              	.LBB3:
 269:Generated_Source\PSoC4/cyfitter_cfg.c **** 		{
 270:Generated_Source\PSoC4/cyfitter_cfg.c **** 			const cfg_memset_t CYCODE * CYDATA ms = &cfg_memset_list[i];
 289              		.loc 1 270 0 discriminator 3
 290 009c FB1D     		adds	r3, r7, #7
 291 009e 1A78     		ldrb	r2, [r3]
 292 00a0 1300     		movs	r3, r2
 293 00a2 5B00     		lsls	r3, r3, #1
 294 00a4 9B18     		adds	r3, r3, r2
 295 00a6 5B00     		lsls	r3, r3, #1
 296 00a8 2E4A     		ldr	r2, .L13
 297 00aa 9B18     		adds	r3, r3, r2
 298 00ac 3B60     		str	r3, [r7]
 271:Generated_Source\PSoC4/cyfitter_cfg.c **** 			CYMEMZERO(ms->address, (size_t)(uint32)(ms->size));
 299              		.loc 1 271 0 discriminator 3
ARM GAS  C:\Users\jagumiel\AppData\Local\Temp\cca1tp66.s 			page 11


 300 00ae 3B68     		ldr	r3, [r7]
 301 00b0 1A78     		ldrb	r2, [r3]
 302 00b2 5978     		ldrb	r1, [r3, #1]
 303 00b4 0902     		lsls	r1, r1, #8
 304 00b6 0A43     		orrs	r2, r1
 305 00b8 9978     		ldrb	r1, [r3, #2]
 306 00ba 0904     		lsls	r1, r1, #16
 307 00bc 0A43     		orrs	r2, r1
 308 00be DB78     		ldrb	r3, [r3, #3]
 309 00c0 1B06     		lsls	r3, r3, #24
 310 00c2 1343     		orrs	r3, r2
 311 00c4 1800     		movs	r0, r3
 312 00c6 3B68     		ldr	r3, [r7]
 313 00c8 1A79     		ldrb	r2, [r3, #4]
 314 00ca 5B79     		ldrb	r3, [r3, #5]
 315 00cc 1B02     		lsls	r3, r3, #8
 316 00ce 1343     		orrs	r3, r2
 317 00d0 9BB2     		uxth	r3, r3
 318 00d2 1900     		movs	r1, r3
 319 00d4 FFF7FEFF 		bl	CYMEMZERO
 320              	.LBE3:
 268:Generated_Source\PSoC4/cyfitter_cfg.c **** 		{
 321              		.loc 1 268 0 discriminator 3
 322 00d8 FB1D     		adds	r3, r7, #7
 323 00da 1A78     		ldrb	r2, [r3]
 324 00dc FB1D     		adds	r3, r7, #7
 325 00de 0132     		adds	r2, r2, #1
 326 00e0 1A70     		strb	r2, [r3]
 327              	.L11:
 268:Generated_Source\PSoC4/cyfitter_cfg.c **** 		{
 328              		.loc 1 268 0 is_stmt 0 discriminator 1
 329 00e2 FB1D     		adds	r3, r7, #7
 330 00e4 1B78     		ldrb	r3, [r3]
 331 00e6 012B     		cmp	r3, #1
 332 00e8 D8D9     		bls	.L12
 272:Generated_Source\PSoC4/cyfitter_cfg.c **** 		}
 273:Generated_Source\PSoC4/cyfitter_cfg.c **** 
 274:Generated_Source\PSoC4/cyfitter_cfg.c **** 		/* HSIOM Starting address: CYDEV_HSIOM_BASE */
 275:Generated_Source\PSoC4/cyfitter_cfg.c **** 		CY_SET_REG32((void *)(CYREG_HSIOM_PORT_SEL3), 0x0000EE00u);
 333              		.loc 1 275 0 is_stmt 1
 334 00ea 1F4B     		ldr	r3, .L13+4
 335 00ec EE22     		movs	r2, #238
 336 00ee 1202     		lsls	r2, r2, #8
 337 00f0 1A60     		str	r2, [r3]
 276:Generated_Source\PSoC4/cyfitter_cfg.c **** 		CY_SET_REG32((void *)(CYREG_HSIOM_PORT_SEL4), 0x00000090u);
 338              		.loc 1 276 0
 339 00f2 1E4B     		ldr	r3, .L13+8
 340 00f4 9022     		movs	r2, #144
 341 00f6 1A60     		str	r2, [r3]
 277:Generated_Source\PSoC4/cyfitter_cfg.c **** 
 278:Generated_Source\PSoC4/cyfitter_cfg.c **** 		/* UDB_PA_1 Starting address: CYDEV_UDB_PA1_BASE */
 279:Generated_Source\PSoC4/cyfitter_cfg.c **** 		CY_SET_REG32((void *)(CYDEV_UDB_PA1_BASE), 0x00990000u);
 342              		.loc 1 279 0
 343 00f8 1D4B     		ldr	r3, .L13+12
 344 00fa 9922     		movs	r2, #153
 345 00fc 1204     		lsls	r2, r2, #16
 346 00fe 1A60     		str	r2, [r3]
ARM GAS  C:\Users\jagumiel\AppData\Local\Temp\cca1tp66.s 			page 12


 280:Generated_Source\PSoC4/cyfitter_cfg.c **** 
 281:Generated_Source\PSoC4/cyfitter_cfg.c **** 		/* UDB_PA_2 Starting address: CYDEV_UDB_PA2_BASE */
 282:Generated_Source\PSoC4/cyfitter_cfg.c **** 		CY_SET_REG32((void *)(CYDEV_UDB_PA2_BASE), 0x00990000u);
 347              		.loc 1 282 0
 348 0100 1C4B     		ldr	r3, .L13+16
 349 0102 9922     		movs	r2, #153
 350 0104 1204     		lsls	r2, r2, #16
 351 0106 1A60     		str	r2, [r3]
 283:Generated_Source\PSoC4/cyfitter_cfg.c **** 
 284:Generated_Source\PSoC4/cyfitter_cfg.c **** 		/* UDB_PA_3 Starting address: CYDEV_UDB_PA3_BASE */
 285:Generated_Source\PSoC4/cyfitter_cfg.c **** 		CY_SET_REG32((void *)(CYDEV_UDB_PA3_BASE), 0x00990000u);
 352              		.loc 1 285 0
 353 0108 1B4B     		ldr	r3, .L13+20
 354 010a 9922     		movs	r2, #153
 355 010c 1204     		lsls	r2, r2, #16
 356 010e 1A60     		str	r2, [r3]
 286:Generated_Source\PSoC4/cyfitter_cfg.c **** 
 287:Generated_Source\PSoC4/cyfitter_cfg.c **** 		/* Enable digital routing */
 288:Generated_Source\PSoC4/cyfitter_cfg.c **** 		CY_SET_XTND_REG8((void *)CYREG_UDB_UDBIF_BANK_CTL, (uint8)(CY_GET_XTND_REG8((void *)CYREG_UDB_UDB
 357              		.loc 1 288 0
 358 0110 1A4A     		ldr	r2, .L13+24
 359 0112 1A4B     		ldr	r3, .L13+24
 360 0114 1B78     		ldrb	r3, [r3]
 361 0116 DBB2     		uxtb	r3, r3
 362 0118 0621     		movs	r1, #6
 363 011a 0B43     		orrs	r3, r1
 364 011c DBB2     		uxtb	r3, r3
 365 011e 1370     		strb	r3, [r2]
 366              	.LBE2:
 289:Generated_Source\PSoC4/cyfitter_cfg.c **** 	}
 290:Generated_Source\PSoC4/cyfitter_cfg.c **** 
 291:Generated_Source\PSoC4/cyfitter_cfg.c **** 	/* Perform second pass device configuration. These items must be configured in specific order afte
 292:Generated_Source\PSoC4/cyfitter_cfg.c **** 	/* IOPINS0_1 Starting address: CYDEV_PRT1_BASE */
 293:Generated_Source\PSoC4/cyfitter_cfg.c **** 	CY_SET_REG32((void *)(CYDEV_PRT1_BASE), 0x00000040u);
 367              		.loc 1 293 0
 368 0120 174B     		ldr	r3, .L13+28
 369 0122 4022     		movs	r2, #64
 370 0124 1A60     		str	r2, [r3]
 294:Generated_Source\PSoC4/cyfitter_cfg.c **** 	CY_SET_REG32((void *)(CYREG_PRT1_PC), 0x00100000u);
 371              		.loc 1 294 0
 372 0126 174B     		ldr	r3, .L13+32
 373 0128 8022     		movs	r2, #128
 374 012a 5203     		lsls	r2, r2, #13
 375 012c 1A60     		str	r2, [r3]
 295:Generated_Source\PSoC4/cyfitter_cfg.c **** 
 296:Generated_Source\PSoC4/cyfitter_cfg.c **** 	/* IOPINS0_2 Starting address: CYDEV_PRT2_BASE */
 297:Generated_Source\PSoC4/cyfitter_cfg.c **** 	CY_SET_REG32((void *)(CYDEV_PRT2_BASE), 0x00000008u);
 376              		.loc 1 297 0
 377 012e 164B     		ldr	r3, .L13+36
 378 0130 0822     		movs	r2, #8
 379 0132 1A60     		str	r2, [r3]
 298:Generated_Source\PSoC4/cyfitter_cfg.c **** 	CY_SET_REG32((void *)(CYREG_PRT2_PC2), 0x00000008u);
 380              		.loc 1 298 0
 381 0134 154B     		ldr	r3, .L13+40
 382 0136 0822     		movs	r2, #8
 383 0138 1A60     		str	r2, [r3]
 299:Generated_Source\PSoC4/cyfitter_cfg.c **** 
ARM GAS  C:\Users\jagumiel\AppData\Local\Temp\cca1tp66.s 			page 13


 300:Generated_Source\PSoC4/cyfitter_cfg.c **** 	/* IOPINS0_3 Starting address: CYDEV_PRT3_BASE */
 301:Generated_Source\PSoC4/cyfitter_cfg.c **** 	CY_SET_REG32((void *)(CYREG_PRT3_PC), 0x00000D80u);
 384              		.loc 1 301 0
 385 013a 154B     		ldr	r3, .L13+44
 386 013c D822     		movs	r2, #216
 387 013e 1201     		lsls	r2, r2, #4
 388 0140 1A60     		str	r2, [r3]
 302:Generated_Source\PSoC4/cyfitter_cfg.c **** 
 303:Generated_Source\PSoC4/cyfitter_cfg.c **** 	/* IOPINS0_4 Starting address: CYDEV_PRT4_BASE */
 304:Generated_Source\PSoC4/cyfitter_cfg.c **** 	CY_SET_REG32((void *)(CYDEV_PRT4_BASE), 0x00000002u);
 389              		.loc 1 304 0
 390 0142 144B     		ldr	r3, .L13+48
 391 0144 0222     		movs	r2, #2
 392 0146 1A60     		str	r2, [r3]
 305:Generated_Source\PSoC4/cyfitter_cfg.c **** 	CY_SET_REG32((void *)(CYREG_PRT4_PC), 0x00000030u);
 393              		.loc 1 305 0
 394 0148 134B     		ldr	r3, .L13+52
 395 014a 3022     		movs	r2, #48
 396 014c 1A60     		str	r2, [r3]
 306:Generated_Source\PSoC4/cyfitter_cfg.c **** 	CY_SET_REG32((void *)(CYREG_PRT4_PC2), 0x00000002u);
 397              		.loc 1 306 0
 398 014e 134B     		ldr	r3, .L13+56
 399 0150 0222     		movs	r2, #2
 400 0152 1A60     		str	r2, [r3]
 307:Generated_Source\PSoC4/cyfitter_cfg.c **** 
 308:Generated_Source\PSoC4/cyfitter_cfg.c **** 
 309:Generated_Source\PSoC4/cyfitter_cfg.c **** 	/* Setup clocks based on selections from Clock DWR */
 310:Generated_Source\PSoC4/cyfitter_cfg.c **** 	ClockSetup();
 401              		.loc 1 310 0
 402 0154 FFF754FF 		bl	ClockSetup
 311:Generated_Source\PSoC4/cyfitter_cfg.c **** 
 312:Generated_Source\PSoC4/cyfitter_cfg.c **** 	/* Perform basic analog initialization to defaults */
 313:Generated_Source\PSoC4/cyfitter_cfg.c **** 	AnalogSetDefault();
 403              		.loc 1 313 0
 404 0158 FFF7FEFF 		bl	AnalogSetDefault
 314:Generated_Source\PSoC4/cyfitter_cfg.c **** 
 315:Generated_Source\PSoC4/cyfitter_cfg.c **** }
 405              		.loc 1 315 0
 406 015c C046     		nop
 407 015e BD46     		mov	sp, r7
 408 0160 02B0     		add	sp, sp, #8
 409              		@ sp needed
 410 0162 80BD     		pop	{r7, pc}
 411              	.L14:
 412              		.align	2
 413              	.L13:
 414 0164 00000000 		.word	cfg_memset_list.4847
 415 0168 0C000140 		.word	1073807372
 416 016c 10000140 		.word	1073807376
 417 0170 10500F40 		.word	1074745360
 418 0174 20500F40 		.word	1074745376
 419 0178 30500F40 		.word	1074745392
 420 017c 00700F40 		.word	1074753536
 421 0180 00010440 		.word	1074004224
 422 0184 08010440 		.word	1074004232
 423 0188 00020440 		.word	1074004480
 424 018c 18020440 		.word	1074004504
ARM GAS  C:\Users\jagumiel\AppData\Local\Temp\cca1tp66.s 			page 14


 425 0190 08030440 		.word	1074004744
 426 0194 00040440 		.word	1074004992
 427 0198 08040440 		.word	1074005000
 428 019c 18040440 		.word	1074005016
 429              		.cfi_endproc
 430              	.LFE5:
 431              		.size	cyfitter_cfg, .-cyfitter_cfg
 432              		.section	.rodata
 433              		.align	2
 434              		.type	cfg_memset_list.4847, %object
 435              		.size	cfg_memset_list.4847, 12
 436              	cfg_memset_list.4847:
 437 0000 00300F40 		.word	1074737152
 438 0004 0004     		.short	1024
 439 0006 00400F40 		.4byte	1074741248
 440 000a 0004     		.short	1024
 441              		.text
 442              	.Letext0:
 443              		.file 2 "c:\\program files (x86)\\cypress\\psoc creator\\4.2\\psoc creator\\import\\gnu\\arm\\5.4.
 444              		.file 3 "Generated_Source\\PSoC4\\cytypes.h"
 445              		.section	.debug_info,"",%progbits
 446              	.Ldebug_info0:
 447 0000 52020000 		.4byte	0x252
 448 0004 0400     		.2byte	0x4
 449 0006 00000000 		.4byte	.Ldebug_abbrev0
 450 000a 04       		.byte	0x4
 451 000b 01       		.uleb128 0x1
 452 000c DE000000 		.4byte	.LASF30
 453 0010 0C       		.byte	0xc
 454 0011 1C020000 		.4byte	.LASF31
 455 0015 4C000000 		.4byte	.LASF32
 456 0019 00000000 		.4byte	.Ldebug_ranges0+0
 457 001d 00000000 		.4byte	0
 458 0021 00000000 		.4byte	.Ldebug_line0
 459 0025 02       		.uleb128 0x2
 460 0026 04       		.byte	0x4
 461 0027 05       		.byte	0x5
 462 0028 696E7400 		.ascii	"int\000"
 463 002c 03       		.uleb128 0x3
 464 002d 06000000 		.4byte	.LASF12
 465 0031 02       		.byte	0x2
 466 0032 D8       		.byte	0xd8
 467 0033 37000000 		.4byte	0x37
 468 0037 04       		.uleb128 0x4
 469 0038 04       		.byte	0x4
 470 0039 07       		.byte	0x7
 471 003a 9C010000 		.4byte	.LASF0
 472 003e 04       		.uleb128 0x4
 473 003f 08       		.byte	0x8
 474 0040 05       		.byte	0x5
 475 0041 DE010000 		.4byte	.LASF1
 476 0045 04       		.uleb128 0x4
 477 0046 08       		.byte	0x8
 478 0047 04       		.byte	0x4
 479 0048 04020000 		.4byte	.LASF2
 480 004c 04       		.uleb128 0x4
 481 004d 01       		.byte	0x1
ARM GAS  C:\Users\jagumiel\AppData\Local\Temp\cca1tp66.s 			page 15


 482 004e 06       		.byte	0x6
 483 004f 10020000 		.4byte	.LASF3
 484 0053 04       		.uleb128 0x4
 485 0054 01       		.byte	0x1
 486 0055 08       		.byte	0x8
 487 0056 6C010000 		.4byte	.LASF4
 488 005a 04       		.uleb128 0x4
 489 005b 02       		.byte	0x2
 490 005c 05       		.byte	0x5
 491 005d F1010000 		.4byte	.LASF5
 492 0061 04       		.uleb128 0x4
 493 0062 02       		.byte	0x2
 494 0063 07       		.byte	0x7
 495 0064 39000000 		.4byte	.LASF6
 496 0068 04       		.uleb128 0x4
 497 0069 04       		.byte	0x4
 498 006a 05       		.byte	0x5
 499 006b FB010000 		.4byte	.LASF7
 500 006f 04       		.uleb128 0x4
 501 0070 04       		.byte	0x4
 502 0071 07       		.byte	0x7
 503 0072 BC000000 		.4byte	.LASF8
 504 0076 04       		.uleb128 0x4
 505 0077 08       		.byte	0x8
 506 0078 07       		.byte	0x7
 507 0079 B1010000 		.4byte	.LASF9
 508 007d 04       		.uleb128 0x4
 509 007e 04       		.byte	0x4
 510 007f 07       		.byte	0x7
 511 0080 D5010000 		.4byte	.LASF10
 512 0084 05       		.uleb128 0x5
 513 0085 04       		.byte	0x4
 514 0086 04       		.uleb128 0x4
 515 0087 01       		.byte	0x1
 516 0088 08       		.byte	0x8
 517 0089 EC010000 		.4byte	.LASF11
 518 008d 06       		.uleb128 0x6
 519 008e CE000000 		.4byte	.LASF13
 520 0092 03       		.byte	0x3
 521 0093 E401     		.2byte	0x1e4
 522 0095 53000000 		.4byte	0x53
 523 0099 06       		.uleb128 0x6
 524 009a 8E010000 		.4byte	.LASF14
 525 009e 03       		.byte	0x3
 526 009f E501     		.2byte	0x1e5
 527 00a1 61000000 		.4byte	0x61
 528 00a5 06       		.uleb128 0x6
 529 00a6 95010000 		.4byte	.LASF15
 530 00aa 03       		.byte	0x3
 531 00ab E601     		.2byte	0x1e6
 532 00ad 6F000000 		.4byte	0x6f
 533 00b1 04       		.uleb128 0x4
 534 00b2 04       		.byte	0x4
 535 00b3 04       		.byte	0x4
 536 00b4 A7000000 		.4byte	.LASF16
 537 00b8 04       		.uleb128 0x4
 538 00b9 08       		.byte	0x8
ARM GAS  C:\Users\jagumiel\AppData\Local\Temp\cca1tp66.s 			page 16


 539 00ba 04       		.byte	0x4
 540 00bb 7A010000 		.4byte	.LASF17
 541 00bf 06       		.uleb128 0x6
 542 00c0 B7000000 		.4byte	.LASF18
 543 00c4 03       		.byte	0x3
 544 00c5 8E02     		.2byte	0x28e
 545 00c7 CB000000 		.4byte	0xcb
 546 00cb 07       		.uleb128 0x7
 547 00cc 8D000000 		.4byte	0x8d
 548 00d0 06       		.uleb128 0x6
 549 00d1 00000000 		.4byte	.LASF19
 550 00d5 03       		.byte	0x3
 551 00d6 9002     		.2byte	0x290
 552 00d8 DC000000 		.4byte	0xdc
 553 00dc 07       		.uleb128 0x7
 554 00dd A5000000 		.4byte	0xa5
 555 00e1 08       		.uleb128 0x8
 556 00e2 D4000000 		.4byte	.LASF20
 557 00e6 01       		.byte	0x1
 558 00e7 4B       		.byte	0x4b
 559 00e8 00000000 		.4byte	.LFB0
 560 00ec 1E000000 		.4byte	.LFE0-.LFB0
 561 00f0 01       		.uleb128 0x1
 562 00f1 9C       		.byte	0x9c
 563 00f2 0F010000 		.4byte	0x10f
 564 00f6 09       		.uleb128 0x9
 565 00f7 7300     		.ascii	"s\000"
 566 00f9 01       		.byte	0x1
 567 00fa 4B       		.byte	0x4b
 568 00fb 84000000 		.4byte	0x84
 569 00ff 02       		.uleb128 0x2
 570 0100 91       		.byte	0x91
 571 0101 74       		.sleb128 -12
 572 0102 09       		.uleb128 0x9
 573 0103 6E00     		.ascii	"n\000"
 574 0105 01       		.byte	0x1
 575 0106 4B       		.byte	0x4b
 576 0107 2C000000 		.4byte	0x2c
 577 010b 02       		.uleb128 0x2
 578 010c 91       		.byte	0x91
 579 010d 70       		.sleb128 -16
 580 010e 00       		.byte	0
 581 010f 08       		.uleb128 0x8
 582 0110 52020000 		.4byte	.LASF21
 583 0114 01       		.byte	0x1
 584 0115 52       		.byte	0x52
 585 0116 00000000 		.4byte	.LFB1
 586 011a 20000000 		.4byte	.LFE1-.LFB1
 587 011e 01       		.uleb128 0x1
 588 011f 9C       		.byte	0x9c
 589 0120 4D010000 		.4byte	0x14d
 590 0124 0A       		.uleb128 0xa
 591 0125 AD000000 		.4byte	.LASF22
 592 0129 01       		.byte	0x1
 593 012a 52       		.byte	0x52
 594 012b 84000000 		.4byte	0x84
 595 012f 02       		.uleb128 0x2
ARM GAS  C:\Users\jagumiel\AppData\Local\Temp\cca1tp66.s 			page 17


 596 0130 91       		.byte	0x91
 597 0131 74       		.sleb128 -12
 598 0132 09       		.uleb128 0x9
 599 0133 73726300 		.ascii	"src\000"
 600 0137 01       		.byte	0x1
 601 0138 52       		.byte	0x52
 602 0139 4D010000 		.4byte	0x14d
 603 013d 02       		.uleb128 0x2
 604 013e 91       		.byte	0x91
 605 013f 70       		.sleb128 -16
 606 0140 09       		.uleb128 0x9
 607 0141 6E00     		.ascii	"n\000"
 608 0143 01       		.byte	0x1
 609 0144 52       		.byte	0x52
 610 0145 2C000000 		.4byte	0x2c
 611 0149 02       		.uleb128 0x2
 612 014a 91       		.byte	0x91
 613 014b 6C       		.sleb128 -20
 614 014c 00       		.byte	0
 615 014d 0B       		.uleb128 0xb
 616 014e 04       		.byte	0x4
 617 014f 53010000 		.4byte	0x153
 618 0153 0C       		.uleb128 0xc
 619 0154 08       		.uleb128 0x8
 620 0155 42020000 		.4byte	.LASF23
 621 0159 01       		.byte	0x1
 622 015a 59       		.byte	0x59
 623 015b 00000000 		.4byte	.LFB2
 624 015f 20000000 		.4byte	.LFE2-.LFB2
 625 0163 01       		.uleb128 0x1
 626 0164 9C       		.byte	0x9c
 627 0165 92010000 		.4byte	0x192
 628 0169 0A       		.uleb128 0xa
 629 016a AD000000 		.4byte	.LASF22
 630 016e 01       		.byte	0x1
 631 016f 59       		.byte	0x59
 632 0170 84000000 		.4byte	0x84
 633 0174 02       		.uleb128 0x2
 634 0175 91       		.byte	0x91
 635 0176 74       		.sleb128 -12
 636 0177 09       		.uleb128 0x9
 637 0178 73726300 		.ascii	"src\000"
 638 017c 01       		.byte	0x1
 639 017d 59       		.byte	0x59
 640 017e 4D010000 		.4byte	0x14d
 641 0182 02       		.uleb128 0x2
 642 0183 91       		.byte	0x91
 643 0184 70       		.sleb128 -16
 644 0185 09       		.uleb128 0x9
 645 0186 6E00     		.ascii	"n\000"
 646 0188 01       		.byte	0x1
 647 0189 59       		.byte	0x59
 648 018a 2C000000 		.4byte	0x2c
 649 018e 02       		.uleb128 0x2
 650 018f 91       		.byte	0x91
 651 0190 6C       		.sleb128 -20
 652 0191 00       		.byte	0
ARM GAS  C:\Users\jagumiel\AppData\Local\Temp\cca1tp66.s 			page 18


 653 0192 0D       		.uleb128 0xd
 654 0193 2E000000 		.4byte	.LASF24
 655 0197 01       		.byte	0x1
 656 0198 A9       		.byte	0xa9
 657 0199 00000000 		.4byte	.LFB3
 658 019d 8C000000 		.4byte	.LFE3-.LFB3
 659 01a1 01       		.uleb128 0x1
 660 01a2 9C       		.byte	0x9c
 661 01a3 0E       		.uleb128 0xe
 662 01a4 0D000000 		.4byte	.LASF25
 663 01a8 01       		.byte	0x1
 664 01a9 DE       		.byte	0xde
 665 01aa 00000000 		.4byte	.LFB4
 666 01ae 14000000 		.4byte	.LFE4-.LFB4
 667 01b2 01       		.uleb128 0x1
 668 01b3 9C       		.byte	0x9c
 669 01b4 0F       		.uleb128 0xf
 670 01b5 81010000 		.4byte	.LASF33
 671 01b9 01       		.byte	0x1
 672 01ba F7       		.byte	0xf7
 673 01bb 8C000000 		.4byte	.LFB5
 674 01bf 14010000 		.4byte	.LFE5-.LFB5
 675 01c3 01       		.uleb128 0x1
 676 01c4 9C       		.byte	0x9c
 677 01c5 10       		.uleb128 0x10
 678 01c6 94000000 		.4byte	.LBB2
 679 01ca 8C000000 		.4byte	.LBE2-.LBB2
 680 01ce 11       		.uleb128 0x11
 681 01cf 06       		.byte	0x6
 682 01d0 01       		.byte	0x1
 683 01d1 FE       		.byte	0xfe
 684 01d2 F0010000 		.4byte	0x1f0
 685 01d6 12       		.uleb128 0x12
 686 01d7 A9010000 		.4byte	.LASF26
 687 01db 01       		.byte	0x1
 688 01dc FF       		.byte	0xff
 689 01dd 84000000 		.4byte	0x84
 690 01e1 00       		.byte	0
 691 01e2 13       		.uleb128 0x13
 692 01e3 B2000000 		.4byte	.LASF27
 693 01e7 01       		.byte	0x1
 694 01e8 0001     		.2byte	0x100
 695 01ea 99000000 		.4byte	0x99
 696 01ee 04       		.byte	0x4
 697 01ef 00       		.byte	0
 698 01f0 06       		.uleb128 0x6
 699 01f1 C8010000 		.4byte	.LASF28
 700 01f5 01       		.byte	0x1
 701 01f6 0101     		.2byte	0x101
 702 01f8 CE010000 		.4byte	0x1ce
 703 01fc 14       		.uleb128 0x14
 704 01fd 0C020000 		.4byte	0x20c
 705 0201 0C020000 		.4byte	0x20c
 706 0205 15       		.uleb128 0x15
 707 0206 7D000000 		.4byte	0x7d
 708 020a 01       		.byte	0x1
 709 020b 00       		.byte	0
ARM GAS  C:\Users\jagumiel\AppData\Local\Temp\cca1tp66.s 			page 19


 710 020c 16       		.uleb128 0x16
 711 020d F0010000 		.4byte	0x1f0
 712 0211 17       		.uleb128 0x17
 713 0212 1E000000 		.4byte	.LASF29
 714 0216 01       		.byte	0x1
 715 0217 0301     		.2byte	0x103
 716 0219 23020000 		.4byte	0x223
 717 021d 05       		.uleb128 0x5
 718 021e 03       		.byte	0x3
 719 021f 00000000 		.4byte	cfg_memset_list.4847
 720 0223 16       		.uleb128 0x16
 721 0224 FC010000 		.4byte	0x1fc
 722 0228 18       		.uleb128 0x18
 723 0229 6900     		.ascii	"i\000"
 724 022b 01       		.byte	0x1
 725 022c 0901     		.2byte	0x109
 726 022e 8D000000 		.4byte	0x8d
 727 0232 02       		.uleb128 0x2
 728 0233 91       		.byte	0x91
 729 0234 77       		.sleb128 -9
 730 0235 10       		.uleb128 0x10
 731 0236 9C000000 		.4byte	.LBB3
 732 023a 3C000000 		.4byte	.LBE3-.LBB3
 733 023e 18       		.uleb128 0x18
 734 023f 6D7300   		.ascii	"ms\000"
 735 0242 01       		.byte	0x1
 736 0243 0E01     		.2byte	0x10e
 737 0245 4C020000 		.4byte	0x24c
 738 0249 02       		.uleb128 0x2
 739 024a 91       		.byte	0x91
 740 024b 70       		.sleb128 -16
 741 024c 0B       		.uleb128 0xb
 742 024d 04       		.byte	0x4
 743 024e 0C020000 		.4byte	0x20c
 744 0252 00       		.byte	0
 745 0253 00       		.byte	0
 746 0254 00       		.byte	0
 747 0255 00       		.byte	0
 748              		.section	.debug_abbrev,"",%progbits
 749              	.Ldebug_abbrev0:
 750 0000 01       		.uleb128 0x1
 751 0001 11       		.uleb128 0x11
 752 0002 01       		.byte	0x1
 753 0003 25       		.uleb128 0x25
 754 0004 0E       		.uleb128 0xe
 755 0005 13       		.uleb128 0x13
 756 0006 0B       		.uleb128 0xb
 757 0007 03       		.uleb128 0x3
 758 0008 0E       		.uleb128 0xe
 759 0009 1B       		.uleb128 0x1b
 760 000a 0E       		.uleb128 0xe
 761 000b 55       		.uleb128 0x55
 762 000c 17       		.uleb128 0x17
 763 000d 11       		.uleb128 0x11
 764 000e 01       		.uleb128 0x1
 765 000f 10       		.uleb128 0x10
 766 0010 17       		.uleb128 0x17
ARM GAS  C:\Users\jagumiel\AppData\Local\Temp\cca1tp66.s 			page 20


 767 0011 00       		.byte	0
 768 0012 00       		.byte	0
 769 0013 02       		.uleb128 0x2
 770 0014 24       		.uleb128 0x24
 771 0015 00       		.byte	0
 772 0016 0B       		.uleb128 0xb
 773 0017 0B       		.uleb128 0xb
 774 0018 3E       		.uleb128 0x3e
 775 0019 0B       		.uleb128 0xb
 776 001a 03       		.uleb128 0x3
 777 001b 08       		.uleb128 0x8
 778 001c 00       		.byte	0
 779 001d 00       		.byte	0
 780 001e 03       		.uleb128 0x3
 781 001f 16       		.uleb128 0x16
 782 0020 00       		.byte	0
 783 0021 03       		.uleb128 0x3
 784 0022 0E       		.uleb128 0xe
 785 0023 3A       		.uleb128 0x3a
 786 0024 0B       		.uleb128 0xb
 787 0025 3B       		.uleb128 0x3b
 788 0026 0B       		.uleb128 0xb
 789 0027 49       		.uleb128 0x49
 790 0028 13       		.uleb128 0x13
 791 0029 00       		.byte	0
 792 002a 00       		.byte	0
 793 002b 04       		.uleb128 0x4
 794 002c 24       		.uleb128 0x24
 795 002d 00       		.byte	0
 796 002e 0B       		.uleb128 0xb
 797 002f 0B       		.uleb128 0xb
 798 0030 3E       		.uleb128 0x3e
 799 0031 0B       		.uleb128 0xb
 800 0032 03       		.uleb128 0x3
 801 0033 0E       		.uleb128 0xe
 802 0034 00       		.byte	0
 803 0035 00       		.byte	0
 804 0036 05       		.uleb128 0x5
 805 0037 0F       		.uleb128 0xf
 806 0038 00       		.byte	0
 807 0039 0B       		.uleb128 0xb
 808 003a 0B       		.uleb128 0xb
 809 003b 00       		.byte	0
 810 003c 00       		.byte	0
 811 003d 06       		.uleb128 0x6
 812 003e 16       		.uleb128 0x16
 813 003f 00       		.byte	0
 814 0040 03       		.uleb128 0x3
 815 0041 0E       		.uleb128 0xe
 816 0042 3A       		.uleb128 0x3a
 817 0043 0B       		.uleb128 0xb
 818 0044 3B       		.uleb128 0x3b
 819 0045 05       		.uleb128 0x5
 820 0046 49       		.uleb128 0x49
 821 0047 13       		.uleb128 0x13
 822 0048 00       		.byte	0
 823 0049 00       		.byte	0
ARM GAS  C:\Users\jagumiel\AppData\Local\Temp\cca1tp66.s 			page 21


 824 004a 07       		.uleb128 0x7
 825 004b 35       		.uleb128 0x35
 826 004c 00       		.byte	0
 827 004d 49       		.uleb128 0x49
 828 004e 13       		.uleb128 0x13
 829 004f 00       		.byte	0
 830 0050 00       		.byte	0
 831 0051 08       		.uleb128 0x8
 832 0052 2E       		.uleb128 0x2e
 833 0053 01       		.byte	0x1
 834 0054 03       		.uleb128 0x3
 835 0055 0E       		.uleb128 0xe
 836 0056 3A       		.uleb128 0x3a
 837 0057 0B       		.uleb128 0xb
 838 0058 3B       		.uleb128 0x3b
 839 0059 0B       		.uleb128 0xb
 840 005a 27       		.uleb128 0x27
 841 005b 19       		.uleb128 0x19
 842 005c 11       		.uleb128 0x11
 843 005d 01       		.uleb128 0x1
 844 005e 12       		.uleb128 0x12
 845 005f 06       		.uleb128 0x6
 846 0060 40       		.uleb128 0x40
 847 0061 18       		.uleb128 0x18
 848 0062 9642     		.uleb128 0x2116
 849 0064 19       		.uleb128 0x19
 850 0065 01       		.uleb128 0x1
 851 0066 13       		.uleb128 0x13
 852 0067 00       		.byte	0
 853 0068 00       		.byte	0
 854 0069 09       		.uleb128 0x9
 855 006a 05       		.uleb128 0x5
 856 006b 00       		.byte	0
 857 006c 03       		.uleb128 0x3
 858 006d 08       		.uleb128 0x8
 859 006e 3A       		.uleb128 0x3a
 860 006f 0B       		.uleb128 0xb
 861 0070 3B       		.uleb128 0x3b
 862 0071 0B       		.uleb128 0xb
 863 0072 49       		.uleb128 0x49
 864 0073 13       		.uleb128 0x13
 865 0074 02       		.uleb128 0x2
 866 0075 18       		.uleb128 0x18
 867 0076 00       		.byte	0
 868 0077 00       		.byte	0
 869 0078 0A       		.uleb128 0xa
 870 0079 05       		.uleb128 0x5
 871 007a 00       		.byte	0
 872 007b 03       		.uleb128 0x3
 873 007c 0E       		.uleb128 0xe
 874 007d 3A       		.uleb128 0x3a
 875 007e 0B       		.uleb128 0xb
 876 007f 3B       		.uleb128 0x3b
 877 0080 0B       		.uleb128 0xb
 878 0081 49       		.uleb128 0x49
 879 0082 13       		.uleb128 0x13
 880 0083 02       		.uleb128 0x2
ARM GAS  C:\Users\jagumiel\AppData\Local\Temp\cca1tp66.s 			page 22


 881 0084 18       		.uleb128 0x18
 882 0085 00       		.byte	0
 883 0086 00       		.byte	0
 884 0087 0B       		.uleb128 0xb
 885 0088 0F       		.uleb128 0xf
 886 0089 00       		.byte	0
 887 008a 0B       		.uleb128 0xb
 888 008b 0B       		.uleb128 0xb
 889 008c 49       		.uleb128 0x49
 890 008d 13       		.uleb128 0x13
 891 008e 00       		.byte	0
 892 008f 00       		.byte	0
 893 0090 0C       		.uleb128 0xc
 894 0091 26       		.uleb128 0x26
 895 0092 00       		.byte	0
 896 0093 00       		.byte	0
 897 0094 00       		.byte	0
 898 0095 0D       		.uleb128 0xd
 899 0096 2E       		.uleb128 0x2e
 900 0097 00       		.byte	0
 901 0098 03       		.uleb128 0x3
 902 0099 0E       		.uleb128 0xe
 903 009a 3A       		.uleb128 0x3a
 904 009b 0B       		.uleb128 0xb
 905 009c 3B       		.uleb128 0x3b
 906 009d 0B       		.uleb128 0xb
 907 009e 27       		.uleb128 0x27
 908 009f 19       		.uleb128 0x19
 909 00a0 11       		.uleb128 0x11
 910 00a1 01       		.uleb128 0x1
 911 00a2 12       		.uleb128 0x12
 912 00a3 06       		.uleb128 0x6
 913 00a4 40       		.uleb128 0x40
 914 00a5 18       		.uleb128 0x18
 915 00a6 9642     		.uleb128 0x2116
 916 00a8 19       		.uleb128 0x19
 917 00a9 00       		.byte	0
 918 00aa 00       		.byte	0
 919 00ab 0E       		.uleb128 0xe
 920 00ac 2E       		.uleb128 0x2e
 921 00ad 00       		.byte	0
 922 00ae 03       		.uleb128 0x3
 923 00af 0E       		.uleb128 0xe
 924 00b0 3A       		.uleb128 0x3a
 925 00b1 0B       		.uleb128 0xb
 926 00b2 3B       		.uleb128 0x3b
 927 00b3 0B       		.uleb128 0xb
 928 00b4 27       		.uleb128 0x27
 929 00b5 19       		.uleb128 0x19
 930 00b6 11       		.uleb128 0x11
 931 00b7 01       		.uleb128 0x1
 932 00b8 12       		.uleb128 0x12
 933 00b9 06       		.uleb128 0x6
 934 00ba 40       		.uleb128 0x40
 935 00bb 18       		.uleb128 0x18
 936 00bc 9742     		.uleb128 0x2117
 937 00be 19       		.uleb128 0x19
ARM GAS  C:\Users\jagumiel\AppData\Local\Temp\cca1tp66.s 			page 23


 938 00bf 00       		.byte	0
 939 00c0 00       		.byte	0
 940 00c1 0F       		.uleb128 0xf
 941 00c2 2E       		.uleb128 0x2e
 942 00c3 01       		.byte	0x1
 943 00c4 3F       		.uleb128 0x3f
 944 00c5 19       		.uleb128 0x19
 945 00c6 03       		.uleb128 0x3
 946 00c7 0E       		.uleb128 0xe
 947 00c8 3A       		.uleb128 0x3a
 948 00c9 0B       		.uleb128 0xb
 949 00ca 3B       		.uleb128 0x3b
 950 00cb 0B       		.uleb128 0xb
 951 00cc 27       		.uleb128 0x27
 952 00cd 19       		.uleb128 0x19
 953 00ce 11       		.uleb128 0x11
 954 00cf 01       		.uleb128 0x1
 955 00d0 12       		.uleb128 0x12
 956 00d1 06       		.uleb128 0x6
 957 00d2 40       		.uleb128 0x40
 958 00d3 18       		.uleb128 0x18
 959 00d4 9642     		.uleb128 0x2116
 960 00d6 19       		.uleb128 0x19
 961 00d7 00       		.byte	0
 962 00d8 00       		.byte	0
 963 00d9 10       		.uleb128 0x10
 964 00da 0B       		.uleb128 0xb
 965 00db 01       		.byte	0x1
 966 00dc 11       		.uleb128 0x11
 967 00dd 01       		.uleb128 0x1
 968 00de 12       		.uleb128 0x12
 969 00df 06       		.uleb128 0x6
 970 00e0 00       		.byte	0
 971 00e1 00       		.byte	0
 972 00e2 11       		.uleb128 0x11
 973 00e3 13       		.uleb128 0x13
 974 00e4 01       		.byte	0x1
 975 00e5 0B       		.uleb128 0xb
 976 00e6 0B       		.uleb128 0xb
 977 00e7 3A       		.uleb128 0x3a
 978 00e8 0B       		.uleb128 0xb
 979 00e9 3B       		.uleb128 0x3b
 980 00ea 0B       		.uleb128 0xb
 981 00eb 01       		.uleb128 0x1
 982 00ec 13       		.uleb128 0x13
 983 00ed 00       		.byte	0
 984 00ee 00       		.byte	0
 985 00ef 12       		.uleb128 0x12
 986 00f0 0D       		.uleb128 0xd
 987 00f1 00       		.byte	0
 988 00f2 03       		.uleb128 0x3
 989 00f3 0E       		.uleb128 0xe
 990 00f4 3A       		.uleb128 0x3a
 991 00f5 0B       		.uleb128 0xb
 992 00f6 3B       		.uleb128 0x3b
 993 00f7 0B       		.uleb128 0xb
 994 00f8 49       		.uleb128 0x49
ARM GAS  C:\Users\jagumiel\AppData\Local\Temp\cca1tp66.s 			page 24


 995 00f9 13       		.uleb128 0x13
 996 00fa 38       		.uleb128 0x38
 997 00fb 0B       		.uleb128 0xb
 998 00fc 00       		.byte	0
 999 00fd 00       		.byte	0
 1000 00fe 13       		.uleb128 0x13
 1001 00ff 0D       		.uleb128 0xd
 1002 0100 00       		.byte	0
 1003 0101 03       		.uleb128 0x3
 1004 0102 0E       		.uleb128 0xe
 1005 0103 3A       		.uleb128 0x3a
 1006 0104 0B       		.uleb128 0xb
 1007 0105 3B       		.uleb128 0x3b
 1008 0106 05       		.uleb128 0x5
 1009 0107 49       		.uleb128 0x49
 1010 0108 13       		.uleb128 0x13
 1011 0109 38       		.uleb128 0x38
 1012 010a 0B       		.uleb128 0xb
 1013 010b 00       		.byte	0
 1014 010c 00       		.byte	0
 1015 010d 14       		.uleb128 0x14
 1016 010e 01       		.uleb128 0x1
 1017 010f 01       		.byte	0x1
 1018 0110 49       		.uleb128 0x49
 1019 0111 13       		.uleb128 0x13
 1020 0112 01       		.uleb128 0x1
 1021 0113 13       		.uleb128 0x13
 1022 0114 00       		.byte	0
 1023 0115 00       		.byte	0
 1024 0116 15       		.uleb128 0x15
 1025 0117 21       		.uleb128 0x21
 1026 0118 00       		.byte	0
 1027 0119 49       		.uleb128 0x49
 1028 011a 13       		.uleb128 0x13
 1029 011b 2F       		.uleb128 0x2f
 1030 011c 0B       		.uleb128 0xb
 1031 011d 00       		.byte	0
 1032 011e 00       		.byte	0
 1033 011f 16       		.uleb128 0x16
 1034 0120 26       		.uleb128 0x26
 1035 0121 00       		.byte	0
 1036 0122 49       		.uleb128 0x49
 1037 0123 13       		.uleb128 0x13
 1038 0124 00       		.byte	0
 1039 0125 00       		.byte	0
 1040 0126 17       		.uleb128 0x17
 1041 0127 34       		.uleb128 0x34
 1042 0128 00       		.byte	0
 1043 0129 03       		.uleb128 0x3
 1044 012a 0E       		.uleb128 0xe
 1045 012b 3A       		.uleb128 0x3a
 1046 012c 0B       		.uleb128 0xb
 1047 012d 3B       		.uleb128 0x3b
 1048 012e 05       		.uleb128 0x5
 1049 012f 49       		.uleb128 0x49
 1050 0130 13       		.uleb128 0x13
 1051 0131 02       		.uleb128 0x2
ARM GAS  C:\Users\jagumiel\AppData\Local\Temp\cca1tp66.s 			page 25


 1052 0132 18       		.uleb128 0x18
 1053 0133 00       		.byte	0
 1054 0134 00       		.byte	0
 1055 0135 18       		.uleb128 0x18
 1056 0136 34       		.uleb128 0x34
 1057 0137 00       		.byte	0
 1058 0138 03       		.uleb128 0x3
 1059 0139 08       		.uleb128 0x8
 1060 013a 3A       		.uleb128 0x3a
 1061 013b 0B       		.uleb128 0xb
 1062 013c 3B       		.uleb128 0x3b
 1063 013d 05       		.uleb128 0x5
 1064 013e 49       		.uleb128 0x49
 1065 013f 13       		.uleb128 0x13
 1066 0140 02       		.uleb128 0x2
 1067 0141 18       		.uleb128 0x18
 1068 0142 00       		.byte	0
 1069 0143 00       		.byte	0
 1070 0144 00       		.byte	0
 1071              		.section	.debug_aranges,"",%progbits
 1072 0000 44000000 		.4byte	0x44
 1073 0004 0200     		.2byte	0x2
 1074 0006 00000000 		.4byte	.Ldebug_info0
 1075 000a 04       		.byte	0x4
 1076 000b 00       		.byte	0
 1077 000c 0000     		.2byte	0
 1078 000e 0000     		.2byte	0
 1079 0010 00000000 		.4byte	.LFB0
 1080 0014 1E000000 		.4byte	.LFE0-.LFB0
 1081 0018 00000000 		.4byte	.LFB1
 1082 001c 20000000 		.4byte	.LFE1-.LFB1
 1083 0020 00000000 		.4byte	.LFB2
 1084 0024 20000000 		.4byte	.LFE2-.LFB2
 1085 0028 00000000 		.4byte	.LFB3
 1086 002c 8C000000 		.4byte	.LFE3-.LFB3
 1087 0030 00000000 		.4byte	.LFB4
 1088 0034 14000000 		.4byte	.LFE4-.LFB4
 1089 0038 8C000000 		.4byte	.LFB5
 1090 003c 14010000 		.4byte	.LFE5-.LFB5
 1091 0040 00000000 		.4byte	0
 1092 0044 00000000 		.4byte	0
 1093              		.section	.debug_ranges,"",%progbits
 1094              	.Ldebug_ranges0:
 1095 0000 00000000 		.4byte	.LFB0
 1096 0004 1E000000 		.4byte	.LFE0
 1097 0008 00000000 		.4byte	.LFB1
 1098 000c 20000000 		.4byte	.LFE1
 1099 0010 00000000 		.4byte	.LFB2
 1100 0014 20000000 		.4byte	.LFE2
 1101 0018 00000000 		.4byte	.LFB3
 1102 001c 8C000000 		.4byte	.LFE3
 1103 0020 00000000 		.4byte	.LFB4
 1104 0024 14000000 		.4byte	.LFE4
 1105 0028 8C000000 		.4byte	.LFB5
 1106 002c A0010000 		.4byte	.LFE5
 1107 0030 00000000 		.4byte	0
 1108 0034 00000000 		.4byte	0
ARM GAS  C:\Users\jagumiel\AppData\Local\Temp\cca1tp66.s 			page 26


 1109              		.section	.debug_line,"",%progbits
 1110              	.Ldebug_line0:
 1111 0000 65010000 		.section	.debug_str,"MS",%progbits,1
 1111      0200CB00 
 1111      00000201 
 1111      FB0E0D00 
 1111      01010101 
 1112              	.LASF19:
 1113 0000 72656733 		.ascii	"reg32\000"
 1113      3200
 1114              	.LASF12:
 1115 0006 73697A65 		.ascii	"size_t\000"
 1115      5F7400
 1116              	.LASF25:
 1117 000d 416E616C 		.ascii	"AnalogSetDefault\000"
 1117      6F675365 
 1117      74446566 
 1117      61756C74 
 1117      00
 1118              	.LASF29:
 1119 001e 6366675F 		.ascii	"cfg_memset_list\000"
 1119      6D656D73 
 1119      65745F6C 
 1119      69737400 
 1120              	.LASF24:
 1121 002e 436C6F63 		.ascii	"ClockSetup\000"
 1121      6B536574 
 1121      757000
 1122              	.LASF6:
 1123 0039 73686F72 		.ascii	"short unsigned int\000"
 1123      7420756E 
 1123      7369676E 
 1123      65642069 
 1123      6E7400
 1124              	.LASF32:
 1125 004c 443A5C55 		.ascii	"D:\\Users\\jagumiel\\Documents\\PSoC Creator\\PSoC-"
 1125      73657273 
 1125      5C6A6167 
 1125      756D6965 
 1125      6C5C446F 
 1126 007a 3130315C 		.ascii	"101\\PSoC-101\\TrainingProjects\\ADC-UART.cydsn\000"
 1126      50536F43 
 1126      2D313031 
 1126      5C547261 
 1126      696E696E 
 1127              	.LASF16:
 1128 00a7 666C6F61 		.ascii	"float\000"
 1128      7400
 1129              	.LASF22:
 1130 00ad 64657374 		.ascii	"dest\000"
 1130      00
 1131              	.LASF27:
 1132 00b2 73697A65 		.ascii	"size\000"
 1132      00
 1133              	.LASF18:
 1134 00b7 72656738 		.ascii	"reg8\000"
 1134      00
ARM GAS  C:\Users\jagumiel\AppData\Local\Temp\cca1tp66.s 			page 27


 1135              	.LASF8:
 1136 00bc 6C6F6E67 		.ascii	"long unsigned int\000"
 1136      20756E73 
 1136      69676E65 
 1136      6420696E 
 1136      7400
 1137              	.LASF13:
 1138 00ce 75696E74 		.ascii	"uint8\000"
 1138      3800
 1139              	.LASF20:
 1140 00d4 43594D45 		.ascii	"CYMEMZERO\000"
 1140      4D5A4552 
 1140      4F00
 1141              	.LASF30:
 1142 00de 474E5520 		.ascii	"GNU C11 5.4.1 20160609 (release) [ARM/embedded-5-br"
 1142      43313120 
 1142      352E342E 
 1142      31203230 
 1142      31363036 
 1143 0111 616E6368 		.ascii	"anch revision 237715] -mcpu=cortex-m0 -mthumb -g -O"
 1143      20726576 
 1143      6973696F 
 1143      6E203233 
 1143      37373135 
 1144 0144 30202D66 		.ascii	"0 -ffunction-sections -ffat-lto-objects\000"
 1144      66756E63 
 1144      74696F6E 
 1144      2D736563 
 1144      74696F6E 
 1145              	.LASF4:
 1146 016c 756E7369 		.ascii	"unsigned char\000"
 1146      676E6564 
 1146      20636861 
 1146      7200
 1147              	.LASF17:
 1148 017a 646F7562 		.ascii	"double\000"
 1148      6C6500
 1149              	.LASF33:
 1150 0181 63796669 		.ascii	"cyfitter_cfg\000"
 1150      74746572 
 1150      5F636667 
 1150      00
 1151              	.LASF14:
 1152 018e 75696E74 		.ascii	"uint16\000"
 1152      313600
 1153              	.LASF15:
 1154 0195 75696E74 		.ascii	"uint32\000"
 1154      333200
 1155              	.LASF0:
 1156 019c 756E7369 		.ascii	"unsigned int\000"
 1156      676E6564 
 1156      20696E74 
 1156      00
 1157              	.LASF26:
 1158 01a9 61646472 		.ascii	"address\000"
 1158      65737300 
 1159              	.LASF9:
ARM GAS  C:\Users\jagumiel\AppData\Local\Temp\cca1tp66.s 			page 28


 1160 01b1 6C6F6E67 		.ascii	"long long unsigned int\000"
 1160      206C6F6E 
 1160      6720756E 
 1160      7369676E 
 1160      65642069 
 1161              	.LASF28:
 1162 01c8 6366675F 		.ascii	"cfg_memset_t\000"
 1162      6D656D73 
 1162      65745F74 
 1162      00
 1163              	.LASF10:
 1164 01d5 73697A65 		.ascii	"sizetype\000"
 1164      74797065 
 1164      00
 1165              	.LASF1:
 1166 01de 6C6F6E67 		.ascii	"long long int\000"
 1166      206C6F6E 
 1166      6720696E 
 1166      7400
 1167              	.LASF11:
 1168 01ec 63686172 		.ascii	"char\000"
 1168      00
 1169              	.LASF5:
 1170 01f1 73686F72 		.ascii	"short int\000"
 1170      7420696E 
 1170      7400
 1171              	.LASF7:
 1172 01fb 6C6F6E67 		.ascii	"long int\000"
 1172      20696E74 
 1172      00
 1173              	.LASF2:
 1174 0204 6C6F6E67 		.ascii	"long double\000"
 1174      20646F75 
 1174      626C6500 
 1175              	.LASF3:
 1176 0210 7369676E 		.ascii	"signed char\000"
 1176      65642063 
 1176      68617200 
 1177              	.LASF31:
 1178 021c 47656E65 		.ascii	"Generated_Source\\PSoC4\\cyfitter_cfg.c\000"
 1178      72617465 
 1178      645F536F 
 1178      75726365 
 1178      5C50536F 
 1179              	.LASF23:
 1180 0242 4359434F 		.ascii	"CYCONFIGCPYCODE\000"
 1180      4E464947 
 1180      43505943 
 1180      4F444500 
 1181              	.LASF21:
 1182 0252 4359434F 		.ascii	"CYCONFIGCPY\000"
 1182      4E464947 
 1182      43505900 
 1183              		.ident	"GCC: (GNU Tools for ARM Embedded Processors) 5.4.1 20160609 (release) [ARM/embedded-5-bran
