ARM GAS  C:\Users\jagumiel\AppData\Local\Temp\cc4zqSJJ.s 			page 1


   1              		.syntax unified
   2              		.cpu cortex-m0
   3              		.fpu softvfp
   4              		.eabi_attribute 20, 1
   5              		.eabi_attribute 21, 1
   6              		.eabi_attribute 23, 3
   7              		.eabi_attribute 24, 1
   8              		.eabi_attribute 25, 1
   9              		.eabi_attribute 26, 1
  10              		.eabi_attribute 30, 1
  11              		.eabi_attribute 34, 0
  12              		.eabi_attribute 18, 4
  13              		.thumb
  14              		.syntax unified
  15              		.file	"cyfitter_cfg.c"
  16              		.text
  17              	.Ltext0:
  18              		.cfi_sections	.debug_frame
  19              		.section	.text.cfg_write_bytes32,"ax",%progbits
  20              		.align	2
  21              		.code	16
  22              		.thumb_func
  23              		.type	cfg_write_bytes32, %function
  24              	cfg_write_bytes32:
  25              	.LFB3:
  26              		.file 1 "Generated_Source\\PSoC4\\cyfitter_cfg.c"
   1:Generated_Source\PSoC4/cyfitter_cfg.c **** 
   2:Generated_Source\PSoC4/cyfitter_cfg.c **** /*******************************************************************************
   3:Generated_Source\PSoC4/cyfitter_cfg.c **** * File Name: cyfitter_cfg.c
   4:Generated_Source\PSoC4/cyfitter_cfg.c **** * 
   5:Generated_Source\PSoC4/cyfitter_cfg.c **** * PSoC Creator  4.2
   6:Generated_Source\PSoC4/cyfitter_cfg.c **** *
   7:Generated_Source\PSoC4/cyfitter_cfg.c **** * Description:
   8:Generated_Source\PSoC4/cyfitter_cfg.c **** * This file contains device initialization code.
   9:Generated_Source\PSoC4/cyfitter_cfg.c **** * Except for the user defined sections in CyClockStartupError(), this file should not be modified.
  10:Generated_Source\PSoC4/cyfitter_cfg.c **** * This file is automatically generated by PSoC Creator.
  11:Generated_Source\PSoC4/cyfitter_cfg.c **** *
  12:Generated_Source\PSoC4/cyfitter_cfg.c **** ********************************************************************************
  13:Generated_Source\PSoC4/cyfitter_cfg.c **** * Copyright (c) 2007-2018 Cypress Semiconductor.  All rights reserved.
  14:Generated_Source\PSoC4/cyfitter_cfg.c **** * You may use this file only in accordance with the license, terms, conditions, 
  15:Generated_Source\PSoC4/cyfitter_cfg.c **** * disclaimers, and limitations in the end user license agreement accompanying 
  16:Generated_Source\PSoC4/cyfitter_cfg.c **** * the software package with which this file was provided.
  17:Generated_Source\PSoC4/cyfitter_cfg.c **** ********************************************************************************/
  18:Generated_Source\PSoC4/cyfitter_cfg.c **** 
  19:Generated_Source\PSoC4/cyfitter_cfg.c **** #include <string.h>
  20:Generated_Source\PSoC4/cyfitter_cfg.c **** #include "cytypes.h"
  21:Generated_Source\PSoC4/cyfitter_cfg.c **** #include "cydevice_trm.h"
  22:Generated_Source\PSoC4/cyfitter_cfg.c **** #include "cyfitter.h"
  23:Generated_Source\PSoC4/cyfitter_cfg.c **** #include "CyLib.h"
  24:Generated_Source\PSoC4/cyfitter_cfg.c **** #include "CyLFClk.h"
  25:Generated_Source\PSoC4/cyfitter_cfg.c **** #include "cyfitter_cfg.h"
  26:Generated_Source\PSoC4/cyfitter_cfg.c **** #include "cyapicallbacks.h"
  27:Generated_Source\PSoC4/cyfitter_cfg.c **** 
  28:Generated_Source\PSoC4/cyfitter_cfg.c **** 
  29:Generated_Source\PSoC4/cyfitter_cfg.c **** #if defined(__GNUC__) || defined(__ARMCC_VERSION)
  30:Generated_Source\PSoC4/cyfitter_cfg.c ****     #define CYPACKED 
  31:Generated_Source\PSoC4/cyfitter_cfg.c ****     #define CYPACKED_ATTR __attribute__ ((packed))
ARM GAS  C:\Users\jagumiel\AppData\Local\Temp\cc4zqSJJ.s 			page 2


  32:Generated_Source\PSoC4/cyfitter_cfg.c ****     #define CYALIGNED __attribute__ ((aligned))
  33:Generated_Source\PSoC4/cyfitter_cfg.c ****     #define CY_CFG_UNUSED __attribute__ ((unused))
  34:Generated_Source\PSoC4/cyfitter_cfg.c ****     #ifndef CY_CFG_SECTION
  35:Generated_Source\PSoC4/cyfitter_cfg.c ****         #define CY_CFG_SECTION __attribute__ ((section(".psocinit")))
  36:Generated_Source\PSoC4/cyfitter_cfg.c ****     #endif
  37:Generated_Source\PSoC4/cyfitter_cfg.c ****     
  38:Generated_Source\PSoC4/cyfitter_cfg.c ****     #if defined(__ARMCC_VERSION)
  39:Generated_Source\PSoC4/cyfitter_cfg.c ****         #define CY_CFG_MEMORY_BARRIER() __memory_changed()
  40:Generated_Source\PSoC4/cyfitter_cfg.c ****     #else
  41:Generated_Source\PSoC4/cyfitter_cfg.c ****         #define CY_CFG_MEMORY_BARRIER() __sync_synchronize()
  42:Generated_Source\PSoC4/cyfitter_cfg.c ****     #endif
  43:Generated_Source\PSoC4/cyfitter_cfg.c ****     
  44:Generated_Source\PSoC4/cyfitter_cfg.c **** #elif defined(__ICCARM__)
  45:Generated_Source\PSoC4/cyfitter_cfg.c ****     #include <intrinsics.h>
  46:Generated_Source\PSoC4/cyfitter_cfg.c **** 
  47:Generated_Source\PSoC4/cyfitter_cfg.c ****     #define CYPACKED __packed
  48:Generated_Source\PSoC4/cyfitter_cfg.c ****     #define CYPACKED_ATTR 
  49:Generated_Source\PSoC4/cyfitter_cfg.c ****     #define CYALIGNED _Pragma("data_alignment=4")
  50:Generated_Source\PSoC4/cyfitter_cfg.c ****     #define CY_CFG_UNUSED _Pragma("diag_suppress=Pe177")
  51:Generated_Source\PSoC4/cyfitter_cfg.c ****     #define CY_CFG_SECTION _Pragma("location=\".psocinit\"")
  52:Generated_Source\PSoC4/cyfitter_cfg.c ****     
  53:Generated_Source\PSoC4/cyfitter_cfg.c ****     #define CY_CFG_MEMORY_BARRIER() __DMB()
  54:Generated_Source\PSoC4/cyfitter_cfg.c ****     
  55:Generated_Source\PSoC4/cyfitter_cfg.c **** #else
  56:Generated_Source\PSoC4/cyfitter_cfg.c ****     #error Unsupported toolchain
  57:Generated_Source\PSoC4/cyfitter_cfg.c **** #endif
  58:Generated_Source\PSoC4/cyfitter_cfg.c **** 
  59:Generated_Source\PSoC4/cyfitter_cfg.c **** #ifndef CYCODE
  60:Generated_Source\PSoC4/cyfitter_cfg.c ****     #define CYCODE
  61:Generated_Source\PSoC4/cyfitter_cfg.c **** #endif
  62:Generated_Source\PSoC4/cyfitter_cfg.c **** #ifndef CYDATA
  63:Generated_Source\PSoC4/cyfitter_cfg.c ****     #define CYDATA
  64:Generated_Source\PSoC4/cyfitter_cfg.c **** #endif
  65:Generated_Source\PSoC4/cyfitter_cfg.c **** #ifndef CYFAR
  66:Generated_Source\PSoC4/cyfitter_cfg.c ****     #define CYFAR
  67:Generated_Source\PSoC4/cyfitter_cfg.c **** #endif
  68:Generated_Source\PSoC4/cyfitter_cfg.c **** #ifndef CYXDATA
  69:Generated_Source\PSoC4/cyfitter_cfg.c ****     #define CYXDATA
  70:Generated_Source\PSoC4/cyfitter_cfg.c **** #endif
  71:Generated_Source\PSoC4/cyfitter_cfg.c **** 
  72:Generated_Source\PSoC4/cyfitter_cfg.c **** 
  73:Generated_Source\PSoC4/cyfitter_cfg.c **** CY_CFG_UNUSED
  74:Generated_Source\PSoC4/cyfitter_cfg.c **** static void CYMEMZERO(void *s, size_t n);
  75:Generated_Source\PSoC4/cyfitter_cfg.c **** CY_CFG_UNUSED
  76:Generated_Source\PSoC4/cyfitter_cfg.c **** static void CYMEMZERO(void *s, size_t n)
  77:Generated_Source\PSoC4/cyfitter_cfg.c **** {
  78:Generated_Source\PSoC4/cyfitter_cfg.c **** 	(void)memset(s, 0, n);
  79:Generated_Source\PSoC4/cyfitter_cfg.c **** }
  80:Generated_Source\PSoC4/cyfitter_cfg.c **** CY_CFG_UNUSED
  81:Generated_Source\PSoC4/cyfitter_cfg.c **** static void CYCONFIGCPY(void *dest, const void *src, size_t n);
  82:Generated_Source\PSoC4/cyfitter_cfg.c **** CY_CFG_UNUSED
  83:Generated_Source\PSoC4/cyfitter_cfg.c **** static void CYCONFIGCPY(void *dest, const void *src, size_t n)
  84:Generated_Source\PSoC4/cyfitter_cfg.c **** {
  85:Generated_Source\PSoC4/cyfitter_cfg.c **** 	(void)memcpy(dest, src, n);
  86:Generated_Source\PSoC4/cyfitter_cfg.c **** }
  87:Generated_Source\PSoC4/cyfitter_cfg.c **** CY_CFG_UNUSED
  88:Generated_Source\PSoC4/cyfitter_cfg.c **** static void CYCONFIGCPYCODE(void *dest, const void *src, size_t n);
ARM GAS  C:\Users\jagumiel\AppData\Local\Temp\cc4zqSJJ.s 			page 3


  89:Generated_Source\PSoC4/cyfitter_cfg.c **** CY_CFG_UNUSED
  90:Generated_Source\PSoC4/cyfitter_cfg.c **** static void CYCONFIGCPYCODE(void *dest, const void *src, size_t n)
  91:Generated_Source\PSoC4/cyfitter_cfg.c **** {
  92:Generated_Source\PSoC4/cyfitter_cfg.c **** 	(void)memcpy(dest, src, n);
  93:Generated_Source\PSoC4/cyfitter_cfg.c **** }
  94:Generated_Source\PSoC4/cyfitter_cfg.c **** 
  95:Generated_Source\PSoC4/cyfitter_cfg.c **** 
  96:Generated_Source\PSoC4/cyfitter_cfg.c **** 
  97:Generated_Source\PSoC4/cyfitter_cfg.c **** 
  98:Generated_Source\PSoC4/cyfitter_cfg.c **** /* Clock startup error codes                                                   */
  99:Generated_Source\PSoC4/cyfitter_cfg.c **** #define CYCLOCKSTART_NO_ERROR    0u
 100:Generated_Source\PSoC4/cyfitter_cfg.c **** #define CYCLOCKSTART_XTAL_ERROR  1u
 101:Generated_Source\PSoC4/cyfitter_cfg.c **** #define CYCLOCKSTART_32KHZ_ERROR 2u
 102:Generated_Source\PSoC4/cyfitter_cfg.c **** #define CYCLOCKSTART_PLL_ERROR   3u
 103:Generated_Source\PSoC4/cyfitter_cfg.c **** #define CYCLOCKSTART_FLL_ERROR   4u
 104:Generated_Source\PSoC4/cyfitter_cfg.c **** #define CYCLOCKSTART_WCO_ERROR   5u
 105:Generated_Source\PSoC4/cyfitter_cfg.c **** 
 106:Generated_Source\PSoC4/cyfitter_cfg.c **** 
 107:Generated_Source\PSoC4/cyfitter_cfg.c **** #ifdef CY_NEED_CYCLOCKSTARTUPERROR
 108:Generated_Source\PSoC4/cyfitter_cfg.c **** /*******************************************************************************
 109:Generated_Source\PSoC4/cyfitter_cfg.c **** * Function Name: CyClockStartupError
 110:Generated_Source\PSoC4/cyfitter_cfg.c **** ********************************************************************************
 111:Generated_Source\PSoC4/cyfitter_cfg.c **** * Summary:
 112:Generated_Source\PSoC4/cyfitter_cfg.c **** *  If an error is encountered during clock configuration (crystal startup error,
 113:Generated_Source\PSoC4/cyfitter_cfg.c **** *  PLL lock error, etc.), the system will end up here.  Unless reimplemented by
 114:Generated_Source\PSoC4/cyfitter_cfg.c **** *  the customer, this function will stop in an infinite loop.
 115:Generated_Source\PSoC4/cyfitter_cfg.c **** *
 116:Generated_Source\PSoC4/cyfitter_cfg.c **** * Parameters:
 117:Generated_Source\PSoC4/cyfitter_cfg.c **** *   void
 118:Generated_Source\PSoC4/cyfitter_cfg.c **** *
 119:Generated_Source\PSoC4/cyfitter_cfg.c **** * Return:
 120:Generated_Source\PSoC4/cyfitter_cfg.c **** *   void
 121:Generated_Source\PSoC4/cyfitter_cfg.c **** *
 122:Generated_Source\PSoC4/cyfitter_cfg.c **** *******************************************************************************/
 123:Generated_Source\PSoC4/cyfitter_cfg.c **** CY_CFG_UNUSED
 124:Generated_Source\PSoC4/cyfitter_cfg.c **** static void CyClockStartupError(uint8 errorCode);
 125:Generated_Source\PSoC4/cyfitter_cfg.c **** CY_CFG_UNUSED
 126:Generated_Source\PSoC4/cyfitter_cfg.c **** static void CyClockStartupError(uint8 errorCode)
 127:Generated_Source\PSoC4/cyfitter_cfg.c **** {
 128:Generated_Source\PSoC4/cyfitter_cfg.c ****     /* To remove the compiler warning if errorCode not used.                */
 129:Generated_Source\PSoC4/cyfitter_cfg.c ****     errorCode = errorCode;
 130:Generated_Source\PSoC4/cyfitter_cfg.c **** 
 131:Generated_Source\PSoC4/cyfitter_cfg.c ****     /* If we have a clock startup error (bad MHz crystal, PLL lock, etc.),  */
 132:Generated_Source\PSoC4/cyfitter_cfg.c ****     /* we will end up here to allow the customer to implement something to  */
 133:Generated_Source\PSoC4/cyfitter_cfg.c ****     /* deal with the clock condition.                                       */
 134:Generated_Source\PSoC4/cyfitter_cfg.c **** 
 135:Generated_Source\PSoC4/cyfitter_cfg.c **** #ifdef CY_CFG_CLOCK_STARTUP_ERROR_CALLBACK
 136:Generated_Source\PSoC4/cyfitter_cfg.c ****     CY_CFG_Clock_Startup_ErrorCallback();
 137:Generated_Source\PSoC4/cyfitter_cfg.c **** #else
 138:Generated_Source\PSoC4/cyfitter_cfg.c ****     /*  If not using CY_CFG_CLOCK_STARTUP_ERROR_CALLBACK, place your clock startup code here. */
 139:Generated_Source\PSoC4/cyfitter_cfg.c ****     /* `#START CyClockStartupError` */
 140:Generated_Source\PSoC4/cyfitter_cfg.c **** 
 141:Generated_Source\PSoC4/cyfitter_cfg.c **** 
 142:Generated_Source\PSoC4/cyfitter_cfg.c **** 
 143:Generated_Source\PSoC4/cyfitter_cfg.c ****     /* `#END` */
 144:Generated_Source\PSoC4/cyfitter_cfg.c **** 
 145:Generated_Source\PSoC4/cyfitter_cfg.c ****     while(1) {}
ARM GAS  C:\Users\jagumiel\AppData\Local\Temp\cc4zqSJJ.s 			page 4


 146:Generated_Source\PSoC4/cyfitter_cfg.c **** #endif /* CY_CFG_CLOCK_STARTUP_ERROR_CALLBACK */
 147:Generated_Source\PSoC4/cyfitter_cfg.c **** }
 148:Generated_Source\PSoC4/cyfitter_cfg.c **** #endif
 149:Generated_Source\PSoC4/cyfitter_cfg.c **** 
 150:Generated_Source\PSoC4/cyfitter_cfg.c **** #define CY_CFG_BASE_ADDR_COUNT 1u
 151:Generated_Source\PSoC4/cyfitter_cfg.c **** CYPACKED typedef struct
 152:Generated_Source\PSoC4/cyfitter_cfg.c **** {
 153:Generated_Source\PSoC4/cyfitter_cfg.c **** 	uint8 offset;
 154:Generated_Source\PSoC4/cyfitter_cfg.c **** 	uint8 value;
 155:Generated_Source\PSoC4/cyfitter_cfg.c **** } CYPACKED_ATTR cy_cfg_addrvalue_t;
 156:Generated_Source\PSoC4/cyfitter_cfg.c **** 
 157:Generated_Source\PSoC4/cyfitter_cfg.c **** 
 158:Generated_Source\PSoC4/cyfitter_cfg.c **** 
 159:Generated_Source\PSoC4/cyfitter_cfg.c **** /*******************************************************************************
 160:Generated_Source\PSoC4/cyfitter_cfg.c **** * Function Name: cfg_write_bytes32
 161:Generated_Source\PSoC4/cyfitter_cfg.c **** ********************************************************************************
 162:Generated_Source\PSoC4/cyfitter_cfg.c **** * Summary:
 163:Generated_Source\PSoC4/cyfitter_cfg.c **** *  This function is used for setting up the chip configuration areas that
 164:Generated_Source\PSoC4/cyfitter_cfg.c **** *  contain relatively sparse data.
 165:Generated_Source\PSoC4/cyfitter_cfg.c **** *
 166:Generated_Source\PSoC4/cyfitter_cfg.c **** * Parameters:
 167:Generated_Source\PSoC4/cyfitter_cfg.c **** *   void
 168:Generated_Source\PSoC4/cyfitter_cfg.c **** *
 169:Generated_Source\PSoC4/cyfitter_cfg.c **** * Return:
 170:Generated_Source\PSoC4/cyfitter_cfg.c **** *   void
 171:Generated_Source\PSoC4/cyfitter_cfg.c **** *
 172:Generated_Source\PSoC4/cyfitter_cfg.c **** *******************************************************************************/
 173:Generated_Source\PSoC4/cyfitter_cfg.c **** static void cfg_write_bytes32(const uint32 addr_table[], const cy_cfg_addrvalue_t data_table[]);
 174:Generated_Source\PSoC4/cyfitter_cfg.c **** static void cfg_write_bytes32(const uint32 addr_table[], const cy_cfg_addrvalue_t data_table[])
 175:Generated_Source\PSoC4/cyfitter_cfg.c **** {
  27              		.loc 1 175 0
  28              		.cfi_startproc
  29              		@ args = 0, pretend = 0, frame = 0
  30              		@ frame_needed = 0, uses_anonymous_args = 0
  31              	.LVL0:
  32 0000 F0B5     		push	{r4, r5, r6, r7, lr}
  33              		.cfi_def_cfa_offset 20
  34              		.cfi_offset 4, -20
  35              		.cfi_offset 5, -16
  36              		.cfi_offset 6, -12
  37              		.cfi_offset 7, -8
  38              		.cfi_offset 14, -4
  39              	.LVL1:
 176:Generated_Source\PSoC4/cyfitter_cfg.c **** 	/* For 32-bit little-endian architectures */
 177:Generated_Source\PSoC4/cyfitter_cfg.c **** 	uint32 i, j = 0u;
  40              		.loc 1 177 0
  41 0002 0025     		movs	r5, #0
 178:Generated_Source\PSoC4/cyfitter_cfg.c **** 	for (i = 0u; i < CY_CFG_BASE_ADDR_COUNT; i++)
  42              		.loc 1 178 0
  43 0004 0027     		movs	r7, #0
  44 0006 11E0     		b	.L2
  45              	.LVL2:
  46              	.L5:
  47              	.LBB2:
 179:Generated_Source\PSoC4/cyfitter_cfg.c **** 	{
 180:Generated_Source\PSoC4/cyfitter_cfg.c **** 		uint32 baseAddr = addr_table[i];
  48              		.loc 1 180 0
ARM GAS  C:\Users\jagumiel\AppData\Local\Temp\cc4zqSJJ.s 			page 5


  49 0008 BB00     		lsls	r3, r7, #2
  50 000a C658     		ldr	r6, [r0, r3]
  51              	.LVL3:
 181:Generated_Source\PSoC4/cyfitter_cfg.c **** 		uint8 count = (uint8)baseAddr;
  52              		.loc 1 181 0
  53 000c F3B2     		uxtb	r3, r6
  54              	.LVL4:
 182:Generated_Source\PSoC4/cyfitter_cfg.c **** 		baseAddr &= 0xFFFFFF00u;
  55              		.loc 1 182 0
  56 000e FF22     		movs	r2, #255
  57 0010 9643     		bics	r6, r2
  58              	.LVL5:
 183:Generated_Source\PSoC4/cyfitter_cfg.c **** 		while (count != 0u)
  59              		.loc 1 183 0
  60 0012 08E0     		b	.L3
  61              	.L4:
 184:Generated_Source\PSoC4/cyfitter_cfg.c **** 		{
 185:Generated_Source\PSoC4/cyfitter_cfg.c **** 			CY_SET_REG8((void *)(baseAddr + data_table[j].offset), data_table[j].value);
  62              		.loc 1 185 0
  63 0014 6A00     		lsls	r2, r5, #1
  64 0016 8A18     		adds	r2, r1, r2
  65 0018 1478     		ldrb	r4, [r2]
  66 001a A419     		adds	r4, r4, r6
  67 001c 5278     		ldrb	r2, [r2, #1]
  68 001e 2270     		strb	r2, [r4]
 186:Generated_Source\PSoC4/cyfitter_cfg.c **** 			j++;
  69              		.loc 1 186 0
  70 0020 0135     		adds	r5, r5, #1
  71              	.LVL6:
 187:Generated_Source\PSoC4/cyfitter_cfg.c **** 			count--;
  72              		.loc 1 187 0
  73 0022 013B     		subs	r3, r3, #1
  74              	.LVL7:
  75 0024 DBB2     		uxtb	r3, r3
  76              	.LVL8:
  77              	.L3:
 183:Generated_Source\PSoC4/cyfitter_cfg.c **** 		{
  78              		.loc 1 183 0
  79 0026 002B     		cmp	r3, #0
  80 0028 F4D1     		bne	.L4
  81              	.LBE2:
 178:Generated_Source\PSoC4/cyfitter_cfg.c **** 	{
  82              		.loc 1 178 0 discriminator 2
  83 002a 0137     		adds	r7, r7, #1
  84              	.LVL9:
  85              	.L2:
 178:Generated_Source\PSoC4/cyfitter_cfg.c **** 	{
  86              		.loc 1 178 0 is_stmt 0 discriminator 1
  87 002c 002F     		cmp	r7, #0
  88 002e EBD0     		beq	.L5
 188:Generated_Source\PSoC4/cyfitter_cfg.c **** 		}
 189:Generated_Source\PSoC4/cyfitter_cfg.c **** 	}
 190:Generated_Source\PSoC4/cyfitter_cfg.c **** }
  89              		.loc 1 190 0 is_stmt 1
  90              		@ sp needed
  91              	.LVL10:
  92              	.LVL11:
ARM GAS  C:\Users\jagumiel\AppData\Local\Temp\cc4zqSJJ.s 			page 6


  93 0030 F0BD     		pop	{r4, r5, r6, r7, pc}
  94              		.cfi_endproc
  95              	.LFE3:
  96              		.size	cfg_write_bytes32, .-cfg_write_bytes32
  97 0032 C046     		.section	.text.CYMEMZERO,"ax",%progbits
  98              		.align	2
  99              		.code	16
 100              		.thumb_func
 101              		.type	CYMEMZERO, %function
 102              	CYMEMZERO:
 103              	.LFB0:
  77:Generated_Source\PSoC4/cyfitter_cfg.c **** 	(void)memset(s, 0, n);
 104              		.loc 1 77 0
 105              		.cfi_startproc
 106              		@ args = 0, pretend = 0, frame = 0
 107              		@ frame_needed = 0, uses_anonymous_args = 0
 108              	.LVL12:
 109 0000 10B5     		push	{r4, lr}
 110              		.cfi_def_cfa_offset 8
 111              		.cfi_offset 4, -8
 112              		.cfi_offset 14, -4
 113 0002 0A00     		movs	r2, r1
  78:Generated_Source\PSoC4/cyfitter_cfg.c **** }
 114              		.loc 1 78 0
 115 0004 0021     		movs	r1, #0
 116              	.LVL13:
 117 0006 FFF7FEFF 		bl	memset
 118              	.LVL14:
  79:Generated_Source\PSoC4/cyfitter_cfg.c **** CY_CFG_UNUSED
 119              		.loc 1 79 0
 120              		@ sp needed
 121 000a 10BD     		pop	{r4, pc}
 122              		.cfi_endproc
 123              	.LFE0:
 124              		.size	CYMEMZERO, .-CYMEMZERO
 125              		.section	.psocinit,"ax",%progbits
 126              		.align	2
 127              		.code	16
 128              		.thumb_func
 129              		.type	ClockSetup, %function
 130              	ClockSetup:
 131              	.LFB4:
 191:Generated_Source\PSoC4/cyfitter_cfg.c **** 
 192:Generated_Source\PSoC4/cyfitter_cfg.c **** 
 193:Generated_Source\PSoC4/cyfitter_cfg.c **** /*******************************************************************************
 194:Generated_Source\PSoC4/cyfitter_cfg.c **** * Function Name: ClockSetup
 195:Generated_Source\PSoC4/cyfitter_cfg.c **** ********************************************************************************
 196:Generated_Source\PSoC4/cyfitter_cfg.c **** *
 197:Generated_Source\PSoC4/cyfitter_cfg.c **** * Summary:
 198:Generated_Source\PSoC4/cyfitter_cfg.c **** *   Performs the initialization of all of the clocks in the device based on the
 199:Generated_Source\PSoC4/cyfitter_cfg.c **** *   settings in the Clock tab of the DWR.  This includes enabling the requested
 200:Generated_Source\PSoC4/cyfitter_cfg.c **** *   clocks and setting the necessary dividers to produce the desired frequency. 
 201:Generated_Source\PSoC4/cyfitter_cfg.c **** *
 202:Generated_Source\PSoC4/cyfitter_cfg.c **** * Parameters:
 203:Generated_Source\PSoC4/cyfitter_cfg.c **** *   void
 204:Generated_Source\PSoC4/cyfitter_cfg.c **** *
 205:Generated_Source\PSoC4/cyfitter_cfg.c **** * Return:
ARM GAS  C:\Users\jagumiel\AppData\Local\Temp\cc4zqSJJ.s 			page 7


 206:Generated_Source\PSoC4/cyfitter_cfg.c **** *   void
 207:Generated_Source\PSoC4/cyfitter_cfg.c **** *
 208:Generated_Source\PSoC4/cyfitter_cfg.c **** *******************************************************************************/
 209:Generated_Source\PSoC4/cyfitter_cfg.c **** static void ClockSetup(void);
 210:Generated_Source\PSoC4/cyfitter_cfg.c **** CY_CFG_SECTION
 211:Generated_Source\PSoC4/cyfitter_cfg.c **** static void ClockSetup(void)
 212:Generated_Source\PSoC4/cyfitter_cfg.c **** {
 132              		.loc 1 212 0
 133              		.cfi_startproc
 134              		@ args = 0, pretend = 0, frame = 0
 135              		@ frame_needed = 0, uses_anonymous_args = 0
 136 0000 70B5     		push	{r4, r5, r6, lr}
 137              		.cfi_def_cfa_offset 16
 138              		.cfi_offset 4, -16
 139              		.cfi_offset 5, -12
 140              		.cfi_offset 6, -8
 141              		.cfi_offset 14, -4
 213:Generated_Source\PSoC4/cyfitter_cfg.c **** 	/* Enable HALF_EN before trimming for the flash accelerator. */
 214:Generated_Source\PSoC4/cyfitter_cfg.c **** 	CY_SET_REG32((void CYXDATA *)(CYREG_CLK_SELECT), (CY_GET_REG32((void *)CYREG_CLK_SELECT) | 0x00040
 142              		.loc 1 214 0
 143 0002 1B4C     		ldr	r4, .L8
 144 0004 2368     		ldr	r3, [r4]
 145 0006 8022     		movs	r2, #128
 146 0008 D202     		lsls	r2, r2, #11
 147 000a 1343     		orrs	r3, r2
 148 000c 2360     		str	r3, [r4]
 215:Generated_Source\PSoC4/cyfitter_cfg.c **** 
 216:Generated_Source\PSoC4/cyfitter_cfg.c **** 	/* Setup and trim IMO based on desired frequency. */
 217:Generated_Source\PSoC4/cyfitter_cfg.c **** 	CySysClkWriteImoFreq(24u);
 149              		.loc 1 217 0
 150 000e 1820     		movs	r0, #24
 151 0010 FFF7FEFF 		bl	CySysClkWriteImoFreq
 152              	.LVL15:
 218:Generated_Source\PSoC4/cyfitter_cfg.c **** 
 219:Generated_Source\PSoC4/cyfitter_cfg.c **** 	/* Disable HALF_EN since it is not required at this IMO frequency. */
 220:Generated_Source\PSoC4/cyfitter_cfg.c **** 	CY_SET_REG32((void CYXDATA *)(CYREG_CLK_SELECT), (CY_GET_REG32((void *)CYREG_CLK_SELECT) & 0xFFFBF
 153              		.loc 1 220 0
 154 0014 2268     		ldr	r2, [r4]
 155 0016 174B     		ldr	r3, .L8+4
 156 0018 1340     		ands	r3, r2
 157 001a 2360     		str	r3, [r4]
 221:Generated_Source\PSoC4/cyfitter_cfg.c **** 	/* CYDEV_CLK_ILO_CONFIG Starting address: CYDEV_CLK_ILO_CONFIG */
 222:Generated_Source\PSoC4/cyfitter_cfg.c **** 	CY_SET_REG32((void *)(CYREG_CLK_ILO_CONFIG), 0x80000006u);
 158              		.loc 1 222 0
 159 001c 164A     		ldr	r2, .L8+8
 160 001e 174B     		ldr	r3, .L8+12
 161 0020 1A60     		str	r2, [r3]
 223:Generated_Source\PSoC4/cyfitter_cfg.c **** 
 224:Generated_Source\PSoC4/cyfitter_cfg.c **** 
 225:Generated_Source\PSoC4/cyfitter_cfg.c **** 	/* CYDEV_CLK_SELECT00 Starting address: CYDEV_CLK_SELECT00 */
 226:Generated_Source\PSoC4/cyfitter_cfg.c **** 	CY_SET_REG32((void *)(CYREG_CLK_SELECT02), 0x00000010u);
 162              		.loc 1 226 0
 163 0022 1022     		movs	r2, #16
 164 0024 164B     		ldr	r3, .L8+16
 165 0026 1A60     		str	r2, [r3]
 227:Generated_Source\PSoC4/cyfitter_cfg.c **** 	CY_SET_REG32((void *)(CYREG_CLK_SELECT03), 0x00000020u);
 166              		.loc 1 227 0
ARM GAS  C:\Users\jagumiel\AppData\Local\Temp\cc4zqSJJ.s 			page 8


 167 0028 1032     		adds	r2, r2, #16
 168 002a 164B     		ldr	r3, .L8+20
 169 002c 1A60     		str	r2, [r3]
 228:Generated_Source\PSoC4/cyfitter_cfg.c **** 	CY_SET_REG32((void *)(CYREG_CLK_SELECT08), 0x00000030u);
 170              		.loc 1 228 0
 171 002e 3023     		movs	r3, #48
 172 0030 154A     		ldr	r2, .L8+24
 173 0032 1360     		str	r3, [r2]
 229:Generated_Source\PSoC4/cyfitter_cfg.c **** 	CY_SET_REG32((void *)(CYREG_CLK_SELECT09), 0x00000030u);
 174              		.loc 1 229 0
 175 0034 154A     		ldr	r2, .L8+28
 176 0036 1360     		str	r3, [r2]
 230:Generated_Source\PSoC4/cyfitter_cfg.c **** 	CY_SET_REG32((void *)(CYREG_CLK_SELECT10), 0x00000030u);
 177              		.loc 1 230 0
 178 0038 154A     		ldr	r2, .L8+32
 179 003a 1360     		str	r3, [r2]
 231:Generated_Source\PSoC4/cyfitter_cfg.c **** 
 232:Generated_Source\PSoC4/cyfitter_cfg.c **** 	/* CYDEV_CLK_IMO_CONFIG Starting address: CYDEV_CLK_IMO_CONFIG */
 233:Generated_Source\PSoC4/cyfitter_cfg.c **** 	CY_SET_REG32((void *)(CYREG_CLK_IMO_CONFIG), 0x80000000u);
 180              		.loc 1 233 0
 181 003c 8022     		movs	r2, #128
 182 003e 1206     		lsls	r2, r2, #24
 183 0040 144B     		ldr	r3, .L8+36
 184 0042 1A60     		str	r2, [r3]
 234:Generated_Source\PSoC4/cyfitter_cfg.c **** 
 235:Generated_Source\PSoC4/cyfitter_cfg.c **** 	/* CYDEV_CLK_SELECT Starting address: CYDEV_CLK_SELECT */
 236:Generated_Source\PSoC4/cyfitter_cfg.c **** 	CY_SET_REG32((void *)(CYREG_CLK_SELECT), 0x00000000u);
 185              		.loc 1 236 0
 186 0044 0025     		movs	r5, #0
 187 0046 2560     		str	r5, [r4]
 237:Generated_Source\PSoC4/cyfitter_cfg.c **** 
 238:Generated_Source\PSoC4/cyfitter_cfg.c **** 	/* CYDEV_CLK_DIVIDER_A00 Starting address: CYDEV_CLK_DIVIDER_A00 */
 239:Generated_Source\PSoC4/cyfitter_cfg.c **** 	CY_SET_REG32((void *)(CYREG_CLK_DIVIDER_A00), 0x8000000Eu);
 188              		.loc 1 239 0
 189 0048 134A     		ldr	r2, .L8+40
 190 004a 144B     		ldr	r3, .L8+44
 191 004c 1A60     		str	r2, [r3]
 240:Generated_Source\PSoC4/cyfitter_cfg.c **** 
 241:Generated_Source\PSoC4/cyfitter_cfg.c **** 	/* CYDEV_CLK_DIVIDER_B00 Starting address: CYDEV_CLK_DIVIDER_B00 */
 242:Generated_Source\PSoC4/cyfitter_cfg.c **** 	CY_SET_REG32((void *)(CYREG_CLK_DIVIDER_B00), 0x80000010u);
 192              		.loc 1 242 0
 193 004e 144A     		ldr	r2, .L8+48
 194 0050 144B     		ldr	r3, .L8+52
 195 0052 1A60     		str	r2, [r3]
 243:Generated_Source\PSoC4/cyfitter_cfg.c **** 
 244:Generated_Source\PSoC4/cyfitter_cfg.c **** 	/* CYDEV_CLK_DIVIDER_C00 Starting address: CYDEV_CLK_DIVIDER_C00 */
 245:Generated_Source\PSoC4/cyfitter_cfg.c **** 	CY_SET_REG32((void *)(CYREG_CLK_DIVIDER_C00), 0x80005DBFu);
 196              		.loc 1 245 0
 197 0054 144A     		ldr	r2, .L8+56
 198 0056 154B     		ldr	r3, .L8+60
 199 0058 1A60     		str	r2, [r3]
 246:Generated_Source\PSoC4/cyfitter_cfg.c **** 
 247:Generated_Source\PSoC4/cyfitter_cfg.c **** 	(void)CyIntSetVector(9u, &CySysWdtIsr);
 200              		.loc 1 247 0
 201 005a 1549     		ldr	r1, .L8+64
 202 005c 0920     		movs	r0, #9
 203 005e FFF7FEFF 		bl	CyIntSetVector
ARM GAS  C:\Users\jagumiel\AppData\Local\Temp\cc4zqSJJ.s 			page 9


 204              	.LVL16:
 248:Generated_Source\PSoC4/cyfitter_cfg.c **** 	CyIntEnable(9u);
 205              		.loc 1 248 0
 206 0062 0920     		movs	r0, #9
 207 0064 FFF7FEFF 		bl	CyIntEnable
 208              	.LVL17:
 249:Generated_Source\PSoC4/cyfitter_cfg.c **** 	CY_SET_REG32((void *)(CYREG_WDT_CONFIG), 0x00000000u);
 209              		.loc 1 249 0
 210 0068 124B     		ldr	r3, .L8+68
 211 006a 1D60     		str	r5, [r3]
 250:Generated_Source\PSoC4/cyfitter_cfg.c **** }
 212              		.loc 1 250 0
 213              		@ sp needed
 214 006c 70BD     		pop	{r4, r5, r6, pc}
 215              	.L9:
 216 006e C046     		.align	2
 217              	.L8:
 218 0070 00010B40 		.word	1074462976
 219 0074 FFFFFBFF 		.word	-262145
 220 0078 06000080 		.word	-2147483642
 221 007c 04010B40 		.word	1074462980
 222 0080 08020240 		.word	1073873416
 223 0084 0C020240 		.word	1073873420
 224 0088 20020240 		.word	1073873440
 225 008c 24020240 		.word	1073873444
 226 0090 28020240 		.word	1073873448
 227 0094 08010B40 		.word	1074462984
 228 0098 0E000080 		.word	-2147483634
 229 009c 00000240 		.word	1073872896
 230 00a0 10000080 		.word	-2147483632
 231 00a4 40000240 		.word	1073872960
 232 00a8 BF5D0080 		.word	-2147459649
 233 00ac 80000240 		.word	1073873024
 234 00b0 00000000 		.word	CySysWdtIsr
 235 00b4 0C020B40 		.word	1074463244
 236              		.cfi_endproc
 237              	.LFE4:
 238              		.size	ClockSetup, .-ClockSetup
 239              		.align	2
 240              		.global	cyfitter_cfg
 241              		.code	16
 242              		.thumb_func
 243              		.type	cyfitter_cfg, %function
 244              	cyfitter_cfg:
 245              	.LFB6:
 251:Generated_Source\PSoC4/cyfitter_cfg.c **** 
 252:Generated_Source\PSoC4/cyfitter_cfg.c **** 
 253:Generated_Source\PSoC4/cyfitter_cfg.c **** /* Analog API Functions */
 254:Generated_Source\PSoC4/cyfitter_cfg.c **** 
 255:Generated_Source\PSoC4/cyfitter_cfg.c **** 
 256:Generated_Source\PSoC4/cyfitter_cfg.c **** /*******************************************************************************
 257:Generated_Source\PSoC4/cyfitter_cfg.c **** * Function Name: AnalogSetDefault
 258:Generated_Source\PSoC4/cyfitter_cfg.c **** ********************************************************************************
 259:Generated_Source\PSoC4/cyfitter_cfg.c **** *
 260:Generated_Source\PSoC4/cyfitter_cfg.c **** * Summary:
 261:Generated_Source\PSoC4/cyfitter_cfg.c **** *  Sets up the analog portions of the chip to default values based on chip
 262:Generated_Source\PSoC4/cyfitter_cfg.c **** *  configuration options from the project.
ARM GAS  C:\Users\jagumiel\AppData\Local\Temp\cc4zqSJJ.s 			page 10


 263:Generated_Source\PSoC4/cyfitter_cfg.c **** *
 264:Generated_Source\PSoC4/cyfitter_cfg.c **** * Parameters:
 265:Generated_Source\PSoC4/cyfitter_cfg.c **** *  void
 266:Generated_Source\PSoC4/cyfitter_cfg.c **** *
 267:Generated_Source\PSoC4/cyfitter_cfg.c **** * Return:
 268:Generated_Source\PSoC4/cyfitter_cfg.c **** *  void
 269:Generated_Source\PSoC4/cyfitter_cfg.c **** *
 270:Generated_Source\PSoC4/cyfitter_cfg.c **** *******************************************************************************/
 271:Generated_Source\PSoC4/cyfitter_cfg.c **** static void AnalogSetDefault(void);
 272:Generated_Source\PSoC4/cyfitter_cfg.c **** static void AnalogSetDefault(void)
 273:Generated_Source\PSoC4/cyfitter_cfg.c **** {
 274:Generated_Source\PSoC4/cyfitter_cfg.c **** }
 275:Generated_Source\PSoC4/cyfitter_cfg.c **** 
 276:Generated_Source\PSoC4/cyfitter_cfg.c **** 
 277:Generated_Source\PSoC4/cyfitter_cfg.c **** 
 278:Generated_Source\PSoC4/cyfitter_cfg.c **** 
 279:Generated_Source\PSoC4/cyfitter_cfg.c **** /*******************************************************************************
 280:Generated_Source\PSoC4/cyfitter_cfg.c **** * Function Name: cyfitter_cfg
 281:Generated_Source\PSoC4/cyfitter_cfg.c **** ********************************************************************************
 282:Generated_Source\PSoC4/cyfitter_cfg.c **** * Summary:
 283:Generated_Source\PSoC4/cyfitter_cfg.c **** *  This function is called by the start-up code for the selected device. It
 284:Generated_Source\PSoC4/cyfitter_cfg.c **** *  performs all of the necessary device configuration based on the design
 285:Generated_Source\PSoC4/cyfitter_cfg.c **** *  settings.  This includes settings from the Design Wide Resources (DWR) such
 286:Generated_Source\PSoC4/cyfitter_cfg.c **** *  as Clocks and Pins as well as any component configuration that is necessary.
 287:Generated_Source\PSoC4/cyfitter_cfg.c **** *
 288:Generated_Source\PSoC4/cyfitter_cfg.c **** * Parameters:
 289:Generated_Source\PSoC4/cyfitter_cfg.c **** *   void
 290:Generated_Source\PSoC4/cyfitter_cfg.c **** *
 291:Generated_Source\PSoC4/cyfitter_cfg.c **** * Return:
 292:Generated_Source\PSoC4/cyfitter_cfg.c **** *   void
 293:Generated_Source\PSoC4/cyfitter_cfg.c **** *
 294:Generated_Source\PSoC4/cyfitter_cfg.c **** *******************************************************************************/
 295:Generated_Source\PSoC4/cyfitter_cfg.c **** CY_CFG_SECTION
 296:Generated_Source\PSoC4/cyfitter_cfg.c **** void cyfitter_cfg(void)
 297:Generated_Source\PSoC4/cyfitter_cfg.c **** {
 246              		.loc 1 297 0
 247              		.cfi_startproc
 248              		@ args = 0, pretend = 0, frame = 0
 249              		@ frame_needed = 0, uses_anonymous_args = 0
 250 00b8 10B5     		push	{r4, lr}
 251              		.cfi_def_cfa_offset 8
 252              		.cfi_offset 4, -8
 253              		.cfi_offset 14, -4
 298:Generated_Source\PSoC4/cyfitter_cfg.c **** 	/* Disable interrupts by default. Let user enable if/when they want. */
 299:Generated_Source\PSoC4/cyfitter_cfg.c **** 	CyGlobalIntDisable;
 254              		.loc 1 299 0
 255              		.syntax divided
 256              	@ 299 "Generated_Source\PSoC4\cyfitter_cfg.c" 1
 257 00ba 72B6     		CPSID   i
 258              	@ 0 "" 2
 259              	.LVL18:
 260              		.thumb
 261              		.syntax unified
 262              	.LBB3:
 300:Generated_Source\PSoC4/cyfitter_cfg.c **** 
 301:Generated_Source\PSoC4/cyfitter_cfg.c **** 	{
 302:Generated_Source\PSoC4/cyfitter_cfg.c **** 		static const uint32 CYCODE cy_cfg_addr_table[] = {
ARM GAS  C:\Users\jagumiel\AppData\Local\Temp\cc4zqSJJ.s 			page 11


 303:Generated_Source\PSoC4/cyfitter_cfg.c **** 			0x400F6002u, /* Base address: 0x400F6000 Count: 2 */
 304:Generated_Source\PSoC4/cyfitter_cfg.c **** 		};
 305:Generated_Source\PSoC4/cyfitter_cfg.c **** 
 306:Generated_Source\PSoC4/cyfitter_cfg.c **** 		static const cy_cfg_addrvalue_t CYCODE cy_cfg_data_table[] = {
 307:Generated_Source\PSoC4/cyfitter_cfg.c **** 			{0x02u, 0x01u},
 308:Generated_Source\PSoC4/cyfitter_cfg.c **** 			{0x11u, 0x01u},
 309:Generated_Source\PSoC4/cyfitter_cfg.c **** 		};
 310:Generated_Source\PSoC4/cyfitter_cfg.c **** 
 311:Generated_Source\PSoC4/cyfitter_cfg.c **** 
 312:Generated_Source\PSoC4/cyfitter_cfg.c **** 
 313:Generated_Source\PSoC4/cyfitter_cfg.c **** 		CYPACKED typedef struct {
 314:Generated_Source\PSoC4/cyfitter_cfg.c **** 			void CYFAR *address;
 315:Generated_Source\PSoC4/cyfitter_cfg.c **** 			uint16 size;
 316:Generated_Source\PSoC4/cyfitter_cfg.c **** 		} CYPACKED_ATTR cfg_memset_t;
 317:Generated_Source\PSoC4/cyfitter_cfg.c **** 
 318:Generated_Source\PSoC4/cyfitter_cfg.c **** 		static const cfg_memset_t CYCODE cfg_memset_list[] = {
 319:Generated_Source\PSoC4/cyfitter_cfg.c **** 			/* address, size */
 320:Generated_Source\PSoC4/cyfitter_cfg.c **** 			{(void CYFAR *)(CYDEV_UDB_P0_U0_BASE), 1024u},
 321:Generated_Source\PSoC4/cyfitter_cfg.c **** 			{(void CYFAR *)(CYDEV_UDB_DSI0_BASE), 1024u},
 322:Generated_Source\PSoC4/cyfitter_cfg.c **** 		};
 323:Generated_Source\PSoC4/cyfitter_cfg.c **** 
 324:Generated_Source\PSoC4/cyfitter_cfg.c **** 		uint8 CYDATA i;
 325:Generated_Source\PSoC4/cyfitter_cfg.c **** 
 326:Generated_Source\PSoC4/cyfitter_cfg.c **** 		/* Zero out critical memory blocks before beginning configuration */
 327:Generated_Source\PSoC4/cyfitter_cfg.c **** 		for (i = 0u; i < (sizeof(cfg_memset_list)/sizeof(cfg_memset_list[0])); i++)
 263              		.loc 1 327 0
 264 00bc 0024     		movs	r4, #0
 265 00be 0FE0     		b	.L11
 266              	.LVL19:
 267              	.L12:
 268              	.LBB4:
 328:Generated_Source\PSoC4/cyfitter_cfg.c **** 		{
 329:Generated_Source\PSoC4/cyfitter_cfg.c **** 			const cfg_memset_t CYCODE * CYDATA ms = &cfg_memset_list[i];
 330:Generated_Source\PSoC4/cyfitter_cfg.c **** 			CYMEMZERO(ms->address, (size_t)(uint32)(ms->size));
 269              		.loc 1 330 0 discriminator 3
 270 00c0 3048     		ldr	r0, .L13
 271 00c2 6200     		lsls	r2, r4, #1
 272 00c4 1319     		adds	r3, r2, r4
 273 00c6 5900     		lsls	r1, r3, #1
 274 00c8 0B00     		movs	r3, r1
 275 00ca 4118     		adds	r1, r0, r1
 276 00cc 8988     		ldrh	r1, [r1, #4]
 277 00ce 1A5A     		ldrh	r2, [r3, r0]
 278 00d0 C318     		adds	r3, r0, r3
 279 00d2 5888     		ldrh	r0, [r3, #2]
 280 00d4 0004     		lsls	r0, r0, #16
 281 00d6 1043     		orrs	r0, r2
 282 00d8 FFF7FEFF 		bl	CYMEMZERO
 283              	.LVL20:
 284              	.LBE4:
 327:Generated_Source\PSoC4/cyfitter_cfg.c **** 		{
 285              		.loc 1 327 0 discriminator 3
 286 00dc 0134     		adds	r4, r4, #1
 287              	.LVL21:
 288 00de E4B2     		uxtb	r4, r4
 289              	.LVL22:
 290              	.L11:
ARM GAS  C:\Users\jagumiel\AppData\Local\Temp\cc4zqSJJ.s 			page 12


 327:Generated_Source\PSoC4/cyfitter_cfg.c **** 		{
 291              		.loc 1 327 0 is_stmt 0 discriminator 1
 292 00e0 012C     		cmp	r4, #1
 293 00e2 EDD9     		bls	.L12
 331:Generated_Source\PSoC4/cyfitter_cfg.c **** 		}
 332:Generated_Source\PSoC4/cyfitter_cfg.c **** 
 333:Generated_Source\PSoC4/cyfitter_cfg.c **** 		cfg_write_bytes32(cy_cfg_addr_table, cy_cfg_data_table);
 294              		.loc 1 333 0 is_stmt 1
 295 00e4 2748     		ldr	r0, .L13
 296 00e6 0100     		movs	r1, r0
 297 00e8 0C31     		adds	r1, r1, #12
 298 00ea 1030     		adds	r0, r0, #16
 299 00ec FFF7FEFF 		bl	cfg_write_bytes32
 300              	.LVL23:
 334:Generated_Source\PSoC4/cyfitter_cfg.c **** 
 335:Generated_Source\PSoC4/cyfitter_cfg.c **** 		/* HSIOM Starting address: CYDEV_HSIOM_BASE */
 336:Generated_Source\PSoC4/cyfitter_cfg.c **** 		CY_SET_REG32((void *)(CYDEV_HSIOM_BASE), 0x00990000u);
 301              		.loc 1 336 0
 302 00f0 9923     		movs	r3, #153
 303 00f2 1B04     		lsls	r3, r3, #16
 304 00f4 244A     		ldr	r2, .L13+4
 305 00f6 1360     		str	r3, [r2]
 337:Generated_Source\PSoC4/cyfitter_cfg.c **** 		CY_SET_REG32((void *)(CYREG_HSIOM_PORT_SEL1), 0x00000008u);
 306              		.loc 1 337 0
 307 00f8 0821     		movs	r1, #8
 308 00fa 244A     		ldr	r2, .L13+8
 309 00fc 1160     		str	r1, [r2]
 338:Generated_Source\PSoC4/cyfitter_cfg.c **** 		CY_SET_REG32((void *)(CYREG_HSIOM_PORT_SEL2), 0x08080000u);
 310              		.loc 1 338 0
 311 00fe 2449     		ldr	r1, .L13+12
 312 0100 244A     		ldr	r2, .L13+16
 313 0102 1160     		str	r1, [r2]
 339:Generated_Source\PSoC4/cyfitter_cfg.c **** 		CY_SET_REG32((void *)(CYREG_HSIOM_PORT_SEL3), 0x0000EE00u);
 314              		.loc 1 339 0
 315 0104 EE21     		movs	r1, #238
 316 0106 0902     		lsls	r1, r1, #8
 317 0108 234A     		ldr	r2, .L13+20
 318 010a 1160     		str	r1, [r2]
 340:Generated_Source\PSoC4/cyfitter_cfg.c **** 		CY_SET_REG32((void *)(CYREG_HSIOM_PORT_SEL4), 0x000000EEu);
 319              		.loc 1 340 0
 320 010c EE21     		movs	r1, #238
 321 010e 234A     		ldr	r2, .L13+24
 322 0110 1160     		str	r1, [r2]
 341:Generated_Source\PSoC4/cyfitter_cfg.c **** 
 342:Generated_Source\PSoC4/cyfitter_cfg.c **** 		/* UDB_PA_0 Starting address: CYDEV_UDB_PA0_BASE */
 343:Generated_Source\PSoC4/cyfitter_cfg.c **** 		CY_SET_REG32((void *)(CYDEV_UDB_PA0_BASE), 0x00990000u);
 323              		.loc 1 343 0
 324 0112 234A     		ldr	r2, .L13+28
 325 0114 1360     		str	r3, [r2]
 344:Generated_Source\PSoC4/cyfitter_cfg.c **** 		CY_SET_REG32((void *)(CYREG_UDB_PA0_CFG4), 0x80000000u);
 326              		.loc 1 344 0
 327 0116 8021     		movs	r1, #128
 328 0118 0906     		lsls	r1, r1, #24
 329 011a 224A     		ldr	r2, .L13+32
 330 011c 1160     		str	r1, [r2]
 345:Generated_Source\PSoC4/cyfitter_cfg.c **** 
 346:Generated_Source\PSoC4/cyfitter_cfg.c **** 		/* UDB_PA_1 Starting address: CYDEV_UDB_PA1_BASE */
ARM GAS  C:\Users\jagumiel\AppData\Local\Temp\cc4zqSJJ.s 			page 13


 347:Generated_Source\PSoC4/cyfitter_cfg.c **** 		CY_SET_REG32((void *)(CYDEV_UDB_PA1_BASE), 0x00990000u);
 331              		.loc 1 347 0
 332 011e 224A     		ldr	r2, .L13+36
 333 0120 1360     		str	r3, [r2]
 348:Generated_Source\PSoC4/cyfitter_cfg.c **** 
 349:Generated_Source\PSoC4/cyfitter_cfg.c **** 		/* UDB_PA_2 Starting address: CYDEV_UDB_PA2_BASE */
 350:Generated_Source\PSoC4/cyfitter_cfg.c **** 		CY_SET_REG32((void *)(CYDEV_UDB_PA2_BASE), 0x00990000u);
 334              		.loc 1 350 0
 335 0122 224A     		ldr	r2, .L13+40
 336 0124 1360     		str	r3, [r2]
 351:Generated_Source\PSoC4/cyfitter_cfg.c **** 
 352:Generated_Source\PSoC4/cyfitter_cfg.c **** 		/* UDB_PA_3 Starting address: CYDEV_UDB_PA3_BASE */
 353:Generated_Source\PSoC4/cyfitter_cfg.c **** 		CY_SET_REG32((void *)(CYDEV_UDB_PA3_BASE), 0x00990000u);
 337              		.loc 1 353 0
 338 0126 224A     		ldr	r2, .L13+44
 339 0128 1360     		str	r3, [r2]
 354:Generated_Source\PSoC4/cyfitter_cfg.c **** 
 355:Generated_Source\PSoC4/cyfitter_cfg.c **** 		/* Enable digital routing */
 356:Generated_Source\PSoC4/cyfitter_cfg.c **** 		CY_SET_XTND_REG8((void *)CYREG_UDB_UDBIF_BANK_CTL, (uint8)(CY_GET_XTND_REG8((void *)CYREG_UDB_UDB
 340              		.loc 1 356 0
 341 012a 224A     		ldr	r2, .L13+48
 342 012c 1178     		ldrb	r1, [r2]
 343 012e 0623     		movs	r3, #6
 344 0130 0B43     		orrs	r3, r1
 345 0132 DBB2     		uxtb	r3, r3
 346 0134 1370     		strb	r3, [r2]
 347              	.LBE3:
 357:Generated_Source\PSoC4/cyfitter_cfg.c **** 	}
 358:Generated_Source\PSoC4/cyfitter_cfg.c **** 
 359:Generated_Source\PSoC4/cyfitter_cfg.c **** 	/* Perform second pass device configuration. These items must be configured in specific order afte
 360:Generated_Source\PSoC4/cyfitter_cfg.c **** 	/* IOPINS0_0 Starting address: CYDEV_PRT0_BASE */
 361:Generated_Source\PSoC4/cyfitter_cfg.c **** 	CY_SET_REG32((void *)(CYDEV_PRT0_BASE), 0x000000A0u);
 348              		.loc 1 361 0
 349 0136 A022     		movs	r2, #160
 350 0138 1F4B     		ldr	r3, .L13+52
 351 013a 1A60     		str	r2, [r3]
 362:Generated_Source\PSoC4/cyfitter_cfg.c **** 	CY_SET_REG32((void *)(CYREG_PRT0_PC), 0x00431000u);
 352              		.loc 1 362 0
 353 013c 1F4A     		ldr	r2, .L13+56
 354 013e 204B     		ldr	r3, .L13+60
 355 0140 1A60     		str	r2, [r3]
 363:Generated_Source\PSoC4/cyfitter_cfg.c **** 	CY_SET_REG32((void *)(CYREG_PRT0_INTCFG), 0x00008000u);
 356              		.loc 1 363 0
 357 0142 8022     		movs	r2, #128
 358 0144 1202     		lsls	r2, r2, #8
 359 0146 1F4B     		ldr	r3, .L13+64
 360 0148 1A60     		str	r2, [r3]
 364:Generated_Source\PSoC4/cyfitter_cfg.c **** 	CY_SET_REG32((void *)(CYREG_PRT0_PC2), 0x00000020u);
 361              		.loc 1 364 0
 362 014a 2022     		movs	r2, #32
 363 014c 1E4B     		ldr	r3, .L13+68
 364 014e 1A60     		str	r2, [r3]
 365:Generated_Source\PSoC4/cyfitter_cfg.c **** 
 366:Generated_Source\PSoC4/cyfitter_cfg.c **** 	/* IOPINS0_1 Starting address: CYDEV_PRT1_BASE */
 367:Generated_Source\PSoC4/cyfitter_cfg.c **** 	CY_SET_REG32((void *)(CYDEV_PRT1_BASE), 0x00000001u);
 365              		.loc 1 367 0
 366 0150 1F3A     		subs	r2, r2, #31
ARM GAS  C:\Users\jagumiel\AppData\Local\Temp\cc4zqSJJ.s 			page 14


 367 0152 1E4B     		ldr	r3, .L13+72
 368 0154 1A60     		str	r2, [r3]
 368:Generated_Source\PSoC4/cyfitter_cfg.c **** 	CY_SET_REG32((void *)(CYREG_PRT1_PC), 0x00000006u);
 369              		.loc 1 368 0
 370 0156 1E4B     		ldr	r3, .L13+76
 371 0158 0532     		adds	r2, r2, #5
 372 015a 1A60     		str	r2, [r3]
 369:Generated_Source\PSoC4/cyfitter_cfg.c **** 
 370:Generated_Source\PSoC4/cyfitter_cfg.c **** 	/* IOPINS0_2 Starting address: CYDEV_PRT2_BASE */
 371:Generated_Source\PSoC4/cyfitter_cfg.c **** 	CY_SET_REG32((void *)(CYDEV_PRT2_BASE), 0x00000050u);
 373              		.loc 1 371 0
 374 015c 4A32     		adds	r2, r2, #74
 375 015e 1D4B     		ldr	r3, .L13+80
 376 0160 1A60     		str	r2, [r3]
 372:Generated_Source\PSoC4/cyfitter_cfg.c **** 	CY_SET_REG32((void *)(CYREG_PRT2_PC), 0x00186000u);
 377              		.loc 1 372 0
 378 0162 C322     		movs	r2, #195
 379 0164 5203     		lsls	r2, r2, #13
 380 0166 1C4B     		ldr	r3, .L13+84
 381 0168 1A60     		str	r2, [r3]
 373:Generated_Source\PSoC4/cyfitter_cfg.c **** 
 374:Generated_Source\PSoC4/cyfitter_cfg.c **** 	/* IOPINS0_3 Starting address: CYDEV_PRT3_BASE */
 375:Generated_Source\PSoC4/cyfitter_cfg.c **** 	CY_SET_REG32((void *)(CYREG_PRT3_PC), 0x00000D80u);
 382              		.loc 1 375 0
 383 016a D822     		movs	r2, #216
 384 016c 1201     		lsls	r2, r2, #4
 385 016e 1B4B     		ldr	r3, .L13+88
 386 0170 1A60     		str	r2, [r3]
 376:Generated_Source\PSoC4/cyfitter_cfg.c **** 
 377:Generated_Source\PSoC4/cyfitter_cfg.c **** 	/* IOPINS0_4 Starting address: CYDEV_PRT4_BASE */
 378:Generated_Source\PSoC4/cyfitter_cfg.c **** 	CY_SET_REG32((void *)(CYDEV_PRT4_BASE), 0x00000003u);
 387              		.loc 1 378 0
 388 0172 0322     		movs	r2, #3
 389 0174 1A4B     		ldr	r3, .L13+92
 390 0176 1A60     		str	r2, [r3]
 379:Generated_Source\PSoC4/cyfitter_cfg.c **** 	CY_SET_REG32((void *)(CYREG_PRT4_PC), 0x00000024u);
 391              		.loc 1 379 0
 392 0178 2132     		adds	r2, r2, #33
 393 017a 1A4B     		ldr	r3, .L13+96
 394 017c 1A60     		str	r2, [r3]
 380:Generated_Source\PSoC4/cyfitter_cfg.c **** 
 381:Generated_Source\PSoC4/cyfitter_cfg.c **** 
 382:Generated_Source\PSoC4/cyfitter_cfg.c **** 	/* Setup clocks based on selections from Clock DWR */
 383:Generated_Source\PSoC4/cyfitter_cfg.c **** 	ClockSetup();
 395              		.loc 1 383 0
 396 017e FFF73FFF 		bl	ClockSetup
 397              	.LVL24:
 384:Generated_Source\PSoC4/cyfitter_cfg.c **** 
 385:Generated_Source\PSoC4/cyfitter_cfg.c **** 	/* Perform basic analog initialization to defaults */
 386:Generated_Source\PSoC4/cyfitter_cfg.c **** 	AnalogSetDefault();
 387:Generated_Source\PSoC4/cyfitter_cfg.c **** 
 388:Generated_Source\PSoC4/cyfitter_cfg.c **** }
 398              		.loc 1 388 0
 399              		@ sp needed
 400              	.LVL25:
 401 0182 10BD     		pop	{r4, pc}
 402              	.L14:
ARM GAS  C:\Users\jagumiel\AppData\Local\Temp\cc4zqSJJ.s 			page 15


 403              		.align	2
 404              	.L13:
 405 0184 00000000 		.word	.LANCHOR0
 406 0188 00000140 		.word	1073807360
 407 018c 04000140 		.word	1073807364
 408 0190 00000808 		.word	134742016
 409 0194 08000140 		.word	1073807368
 410 0198 0C000140 		.word	1073807372
 411 019c 10000140 		.word	1073807376
 412 01a0 00500F40 		.word	1074745344
 413 01a4 04500F40 		.word	1074745348
 414 01a8 10500F40 		.word	1074745360
 415 01ac 20500F40 		.word	1074745376
 416 01b0 30500F40 		.word	1074745392
 417 01b4 00700F40 		.word	1074753536
 418 01b8 00000440 		.word	1074003968
 419 01bc 00104300 		.word	4395008
 420 01c0 08000440 		.word	1074003976
 421 01c4 0C000440 		.word	1074003980
 422 01c8 18000440 		.word	1074003992
 423 01cc 00010440 		.word	1074004224
 424 01d0 08010440 		.word	1074004232
 425 01d4 00020440 		.word	1074004480
 426 01d8 08020440 		.word	1074004488
 427 01dc 08030440 		.word	1074004744
 428 01e0 00040440 		.word	1074004992
 429 01e4 08040440 		.word	1074005000
 430              		.cfi_endproc
 431              	.LFE6:
 432              		.size	cyfitter_cfg, .-cyfitter_cfg
 433              		.section	.rodata
 434              		.align	2
 435              		.set	.LANCHOR0,. + 0
 436              		.type	cfg_memset_list.4870, %object
 437              		.size	cfg_memset_list.4870, 12
 438              	cfg_memset_list.4870:
 439 0000 00300F40 		.word	1074737152
 440 0004 0004     		.short	1024
 441 0006 00400F40 		.4byte	1074741248
 442 000a 0004     		.short	1024
 443              		.type	cy_cfg_data_table.4865, %object
 444              		.size	cy_cfg_data_table.4865, 4
 445              	cy_cfg_data_table.4865:
 446 000c 02       		.byte	2
 447 000d 01       		.byte	1
 448 000e 11       		.byte	17
 449 000f 01       		.byte	1
 450              		.type	cy_cfg_addr_table.4864, %object
 451              		.size	cy_cfg_addr_table.4864, 4
 452              	cy_cfg_addr_table.4864:
 453 0010 02600F40 		.word	1074749442
 454              		.text
 455              	.Letext0:
 456              		.file 2 "c:\\program files (x86)\\cypress\\psoc creator\\4.2\\psoc creator\\import\\gnu\\arm\\5.4.
 457              		.file 3 "Generated_Source\\PSoC4\\cytypes.h"
 458              		.file 4 "Generated_Source\\PSoC4\\CyLib.h"
 459              		.section	.debug_info,"",%progbits
ARM GAS  C:\Users\jagumiel\AppData\Local\Temp\cc4zqSJJ.s 			page 16


 460              	.Ldebug_info0:
 461 0000 9C030000 		.4byte	0x39c
 462 0004 0400     		.2byte	0x4
 463 0006 00000000 		.4byte	.Ldebug_abbrev0
 464 000a 04       		.byte	0x4
 465 000b 01       		.uleb128 0x1
 466 000c 30010000 		.4byte	.LASF39
 467 0010 0C       		.byte	0xc
 468 0011 A9020000 		.4byte	.LASF40
 469 0015 D4010000 		.4byte	.LASF41
 470 0019 00000000 		.4byte	.Ldebug_ranges0+0
 471 001d 00000000 		.4byte	0
 472 0021 00000000 		.4byte	.Ldebug_line0
 473 0025 02       		.uleb128 0x2
 474 0026 04       		.byte	0x4
 475 0027 05       		.byte	0x5
 476 0028 696E7400 		.ascii	"int\000"
 477 002c 03       		.uleb128 0x3
 478 002d 06000000 		.4byte	.LASF12
 479 0031 02       		.byte	0x2
 480 0032 D8       		.byte	0xd8
 481 0033 37000000 		.4byte	0x37
 482 0037 04       		.uleb128 0x4
 483 0038 04       		.byte	0x4
 484 0039 07       		.byte	0x7
 485 003a F7000000 		.4byte	.LASF0
 486 003e 04       		.uleb128 0x4
 487 003f 08       		.byte	0x8
 488 0040 05       		.byte	0x5
 489 0041 33020000 		.4byte	.LASF1
 490 0045 04       		.uleb128 0x4
 491 0046 08       		.byte	0x8
 492 0047 04       		.byte	0x4
 493 0048 91020000 		.4byte	.LASF2
 494 004c 04       		.uleb128 0x4
 495 004d 01       		.byte	0x1
 496 004e 06       		.byte	0x6
 497 004f 9D020000 		.4byte	.LASF3
 498 0053 04       		.uleb128 0x4
 499 0054 01       		.byte	0x1
 500 0055 08       		.byte	0x8
 501 0056 99000000 		.4byte	.LASF4
 502 005a 04       		.uleb128 0x4
 503 005b 02       		.byte	0x2
 504 005c 05       		.byte	0x5
 505 005d 69020000 		.4byte	.LASF5
 506 0061 04       		.uleb128 0x4
 507 0062 02       		.byte	0x2
 508 0063 07       		.byte	0x7
 509 0064 20020000 		.4byte	.LASF6
 510 0068 04       		.uleb128 0x4
 511 0069 04       		.byte	0x4
 512 006a 05       		.byte	0x5
 513 006b 88020000 		.4byte	.LASF7
 514 006f 04       		.uleb128 0x4
 515 0070 04       		.byte	0x4
 516 0071 07       		.byte	0x7
ARM GAS  C:\Users\jagumiel\AppData\Local\Temp\cc4zqSJJ.s 			page 17


 517 0072 77000000 		.4byte	.LASF8
 518 0076 04       		.uleb128 0x4
 519 0077 08       		.byte	0x8
 520 0078 07       		.byte	0x7
 521 0079 19010000 		.4byte	.LASF9
 522 007d 04       		.uleb128 0x4
 523 007e 04       		.byte	0x4
 524 007f 07       		.byte	0x7
 525 0080 41020000 		.4byte	.LASF10
 526 0084 05       		.uleb128 0x5
 527 0085 04       		.byte	0x4
 528 0086 04       		.uleb128 0x4
 529 0087 01       		.byte	0x1
 530 0088 08       		.byte	0x8
 531 0089 4A020000 		.4byte	.LASF11
 532 008d 06       		.uleb128 0x6
 533 008e 89000000 		.4byte	.LASF13
 534 0092 03       		.byte	0x3
 535 0093 E401     		.2byte	0x1e4
 536 0095 53000000 		.4byte	0x53
 537 0099 06       		.uleb128 0x6
 538 009a DE000000 		.4byte	.LASF14
 539 009e 03       		.byte	0x3
 540 009f E501     		.2byte	0x1e5
 541 00a1 61000000 		.4byte	0x61
 542 00a5 06       		.uleb128 0x6
 543 00a6 F0000000 		.4byte	.LASF15
 544 00aa 03       		.byte	0x3
 545 00ab E601     		.2byte	0x1e6
 546 00ad 6F000000 		.4byte	0x6f
 547 00b1 04       		.uleb128 0x4
 548 00b2 04       		.byte	0x4
 549 00b3 04       		.byte	0x4
 550 00b4 57000000 		.4byte	.LASF16
 551 00b8 04       		.uleb128 0x4
 552 00b9 08       		.byte	0x8
 553 00ba 04       		.byte	0x4
 554 00bb AE000000 		.4byte	.LASF17
 555 00bf 06       		.uleb128 0x6
 556 00c0 72000000 		.4byte	.LASF18
 557 00c4 03       		.byte	0x3
 558 00c5 8E02     		.2byte	0x28e
 559 00c7 CB000000 		.4byte	0xcb
 560 00cb 07       		.uleb128 0x7
 561 00cc 8D000000 		.4byte	0x8d
 562 00d0 06       		.uleb128 0x6
 563 00d1 00000000 		.4byte	.LASF19
 564 00d5 03       		.byte	0x3
 565 00d6 9002     		.2byte	0x290
 566 00d8 DC000000 		.4byte	0xdc
 567 00dc 07       		.uleb128 0x7
 568 00dd A5000000 		.4byte	0xa5
 569 00e1 08       		.uleb128 0x8
 570 00e2 02       		.byte	0x2
 571 00e3 01       		.byte	0x1
 572 00e4 97       		.byte	0x97
 573 00e5 02010000 		.4byte	0x102
ARM GAS  C:\Users\jagumiel\AppData\Local\Temp\cc4zqSJJ.s 			page 18


 574 00e9 09       		.uleb128 0x9
 575 00ea 62020000 		.4byte	.LASF20
 576 00ee 01       		.byte	0x1
 577 00ef 99       		.byte	0x99
 578 00f0 8D000000 		.4byte	0x8d
 579 00f4 00       		.byte	0
 580 00f5 09       		.uleb128 0x9
 581 00f6 1C000000 		.4byte	.LASF21
 582 00fa 01       		.byte	0x1
 583 00fb 9A       		.byte	0x9a
 584 00fc 8D000000 		.4byte	0x8d
 585 0100 01       		.byte	0x1
 586 0101 00       		.byte	0
 587 0102 03       		.uleb128 0x3
 588 0103 4F020000 		.4byte	.LASF22
 589 0107 01       		.byte	0x1
 590 0108 9B       		.byte	0x9b
 591 0109 E1000000 		.4byte	0xe1
 592 010d 0A       		.uleb128 0xa
 593 010e B5000000 		.4byte	.LASF27
 594 0112 01       		.byte	0x1
 595 0113 AE       		.byte	0xae
 596 0114 00000000 		.4byte	.LFB3
 597 0118 32000000 		.4byte	.LFE3-.LFB3
 598 011c 01       		.uleb128 0x1
 599 011d 9C       		.byte	0x9c
 600 011e 7F010000 		.4byte	0x17f
 601 0122 0B       		.uleb128 0xb
 602 0123 D3000000 		.4byte	.LASF23
 603 0127 01       		.byte	0x1
 604 0128 AE       		.byte	0xae
 605 0129 7F010000 		.4byte	0x17f
 606 012d 01       		.uleb128 0x1
 607 012e 50       		.byte	0x50
 608 012f 0B       		.uleb128 0xb
 609 0130 E5000000 		.4byte	.LASF24
 610 0134 01       		.byte	0x1
 611 0135 AE       		.byte	0xae
 612 0136 8A010000 		.4byte	0x18a
 613 013a 01       		.uleb128 0x1
 614 013b 51       		.byte	0x51
 615 013c 0C       		.uleb128 0xc
 616 013d 6900     		.ascii	"i\000"
 617 013f 01       		.byte	0x1
 618 0140 B1       		.byte	0xb1
 619 0141 A5000000 		.4byte	0xa5
 620 0145 00000000 		.4byte	.LLST0
 621 0149 0C       		.uleb128 0xc
 622 014a 6A00     		.ascii	"j\000"
 623 014c 01       		.byte	0x1
 624 014d B1       		.byte	0xb1
 625 014e A5000000 		.4byte	0xa5
 626 0152 1F000000 		.4byte	.LLST1
 627 0156 0D       		.uleb128 0xd
 628 0157 08000000 		.4byte	.LBB2
 629 015b 22000000 		.4byte	.LBE2-.LBB2
 630 015f 0E       		.uleb128 0xe
ARM GAS  C:\Users\jagumiel\AppData\Local\Temp\cc4zqSJJ.s 			page 19


 631 0160 CB010000 		.4byte	.LASF25
 632 0164 01       		.byte	0x1
 633 0165 B4       		.byte	0xb4
 634 0166 A5000000 		.4byte	0xa5
 635 016a 3E000000 		.4byte	.LLST2
 636 016e 0E       		.uleb128 0xe
 637 016f 22000000 		.4byte	.LASF26
 638 0173 01       		.byte	0x1
 639 0174 B5       		.byte	0xb5
 640 0175 8D000000 		.4byte	0x8d
 641 0179 51000000 		.4byte	.LLST3
 642 017d 00       		.byte	0
 643 017e 00       		.byte	0
 644 017f 0F       		.uleb128 0xf
 645 0180 04       		.byte	0x4
 646 0181 85010000 		.4byte	0x185
 647 0185 10       		.uleb128 0x10
 648 0186 A5000000 		.4byte	0xa5
 649 018a 0F       		.uleb128 0xf
 650 018b 04       		.byte	0x4
 651 018c 90010000 		.4byte	0x190
 652 0190 10       		.uleb128 0x10
 653 0191 02010000 		.4byte	0x102
 654 0195 0A       		.uleb128 0xa
 655 0196 8F000000 		.4byte	.LASF28
 656 019a 01       		.byte	0x1
 657 019b 4C       		.byte	0x4c
 658 019c 00000000 		.4byte	.LFB0
 659 01a0 0C000000 		.4byte	.LFE0-.LFB0
 660 01a4 01       		.uleb128 0x1
 661 01a5 9C       		.byte	0x9c
 662 01a6 E2010000 		.4byte	0x1e2
 663 01aa 11       		.uleb128 0x11
 664 01ab 7300     		.ascii	"s\000"
 665 01ad 01       		.byte	0x1
 666 01ae 4C       		.byte	0x4c
 667 01af 84000000 		.4byte	0x84
 668 01b3 6F000000 		.4byte	.LLST4
 669 01b7 11       		.uleb128 0x11
 670 01b8 6E00     		.ascii	"n\000"
 671 01ba 01       		.byte	0x1
 672 01bb 4C       		.byte	0x4c
 673 01bc 2C000000 		.4byte	0x2c
 674 01c0 90000000 		.4byte	.LLST5
 675 01c4 12       		.uleb128 0x12
 676 01c5 0A000000 		.4byte	.LVL14
 677 01c9 75030000 		.4byte	0x375
 678 01cd 13       		.uleb128 0x13
 679 01ce 01       		.uleb128 0x1
 680 01cf 50       		.byte	0x50
 681 01d0 03       		.uleb128 0x3
 682 01d1 F3       		.byte	0xf3
 683 01d2 01       		.uleb128 0x1
 684 01d3 50       		.byte	0x50
 685 01d4 13       		.uleb128 0x13
 686 01d5 01       		.uleb128 0x1
 687 01d6 51       		.byte	0x51
ARM GAS  C:\Users\jagumiel\AppData\Local\Temp\cc4zqSJJ.s 			page 20


 688 01d7 01       		.uleb128 0x1
 689 01d8 30       		.byte	0x30
 690 01d9 13       		.uleb128 0x13
 691 01da 01       		.uleb128 0x1
 692 01db 52       		.byte	0x52
 693 01dc 03       		.uleb128 0x3
 694 01dd F3       		.byte	0xf3
 695 01de 01       		.uleb128 0x1
 696 01df 51       		.byte	0x51
 697 01e0 00       		.byte	0
 698 01e1 00       		.byte	0
 699 01e2 0A       		.uleb128 0xa
 700 01e3 28000000 		.4byte	.LASF29
 701 01e7 01       		.byte	0x1
 702 01e8 D3       		.byte	0xd3
 703 01e9 00000000 		.4byte	.LFB4
 704 01ed B8000000 		.4byte	.LFE4-.LFB4
 705 01f1 01       		.uleb128 0x1
 706 01f2 9C       		.byte	0x9c
 707 01f3 2D020000 		.4byte	0x22d
 708 01f7 14       		.uleb128 0x14
 709 01f8 14000000 		.4byte	.LVL15
 710 01fc 7E030000 		.4byte	0x37e
 711 0200 0A020000 		.4byte	0x20a
 712 0204 13       		.uleb128 0x13
 713 0205 01       		.uleb128 0x1
 714 0206 50       		.byte	0x50
 715 0207 01       		.uleb128 0x1
 716 0208 48       		.byte	0x48
 717 0209 00       		.byte	0
 718 020a 14       		.uleb128 0x14
 719 020b 62000000 		.4byte	.LVL16
 720 020f 89030000 		.4byte	0x389
 721 0213 1D020000 		.4byte	0x21d
 722 0217 13       		.uleb128 0x13
 723 0218 01       		.uleb128 0x1
 724 0219 50       		.byte	0x50
 725 021a 01       		.uleb128 0x1
 726 021b 39       		.byte	0x39
 727 021c 00       		.byte	0
 728 021d 12       		.uleb128 0x12
 729 021e 68000000 		.4byte	.LVL17
 730 0222 94030000 		.4byte	0x394
 731 0226 13       		.uleb128 0x13
 732 0227 01       		.uleb128 0x1
 733 0228 50       		.byte	0x50
 734 0229 01       		.uleb128 0x1
 735 022a 39       		.byte	0x39
 736 022b 00       		.byte	0
 737 022c 00       		.byte	0
 738 022d 15       		.uleb128 0x15
 739 022e 04010000 		.4byte	.LASF42
 740 0232 01       		.byte	0x1
 741 0233 2801     		.2byte	0x128
 742 0235 B8000000 		.4byte	.LFB6
 743 0239 30010000 		.4byte	.LFE6-.LFB6
 744 023d 01       		.uleb128 0x1
ARM GAS  C:\Users\jagumiel\AppData\Local\Temp\cc4zqSJJ.s 			page 21


 745 023e 9C       		.byte	0x9c
 746 023f 4B030000 		.4byte	0x34b
 747 0243 16       		.uleb128 0x16
 748 0244 BC000000 		.4byte	.LBB3
 749 0248 7A000000 		.4byte	.LBE3-.LBB3
 750 024c 41030000 		.4byte	0x341
 751 0250 17       		.uleb128 0x17
 752 0251 33000000 		.4byte	.LASF30
 753 0255 01       		.byte	0x1
 754 0256 2E01     		.2byte	0x12e
 755 0258 5B030000 		.4byte	0x35b
 756 025c 05       		.uleb128 0x5
 757 025d 03       		.byte	0x3
 758 025e 10000000 		.4byte	cy_cfg_addr_table.4864
 759 0262 17       		.uleb128 0x17
 760 0263 45000000 		.4byte	.LASF31
 761 0267 01       		.byte	0x1
 762 0268 3201     		.2byte	0x132
 763 026a 70030000 		.4byte	0x370
 764 026e 05       		.uleb128 0x5
 765 026f 03       		.byte	0x3
 766 0270 0C000000 		.4byte	cy_cfg_data_table.4865
 767 0274 18       		.uleb128 0x18
 768 0275 06       		.byte	0x6
 769 0276 01       		.byte	0x1
 770 0277 3901     		.2byte	0x139
 771 0279 98020000 		.4byte	0x298
 772 027d 19       		.uleb128 0x19
 773 027e 11010000 		.4byte	.LASF32
 774 0282 01       		.byte	0x1
 775 0283 3A01     		.2byte	0x13a
 776 0285 84000000 		.4byte	0x84
 777 0289 00       		.byte	0
 778 028a 19       		.uleb128 0x19
 779 028b 6D000000 		.4byte	.LASF33
 780 028f 01       		.byte	0x1
 781 0290 3B01     		.2byte	0x13b
 782 0292 99000000 		.4byte	0x99
 783 0296 04       		.byte	0x4
 784 0297 00       		.byte	0
 785 0298 06       		.uleb128 0x6
 786 0299 BE010000 		.4byte	.LASF34
 787 029d 01       		.byte	0x1
 788 029e 3C01     		.2byte	0x13c
 789 02a0 74020000 		.4byte	0x274
 790 02a4 1A       		.uleb128 0x1a
 791 02a5 B4020000 		.4byte	0x2b4
 792 02a9 B4020000 		.4byte	0x2b4
 793 02ad 1B       		.uleb128 0x1b
 794 02ae 7D000000 		.4byte	0x7d
 795 02b2 01       		.byte	0x1
 796 02b3 00       		.byte	0
 797 02b4 10       		.uleb128 0x10
 798 02b5 98020000 		.4byte	0x298
 799 02b9 17       		.uleb128 0x17
 800 02ba 5D000000 		.4byte	.LASF35
 801 02be 01       		.byte	0x1
ARM GAS  C:\Users\jagumiel\AppData\Local\Temp\cc4zqSJJ.s 			page 22


 802 02bf 3E01     		.2byte	0x13e
 803 02c1 CB020000 		.4byte	0x2cb
 804 02c5 05       		.uleb128 0x5
 805 02c6 03       		.byte	0x3
 806 02c7 00000000 		.4byte	cfg_memset_list.4870
 807 02cb 10       		.uleb128 0x10
 808 02cc A4020000 		.4byte	0x2a4
 809 02d0 1C       		.uleb128 0x1c
 810 02d1 6900     		.ascii	"i\000"
 811 02d3 01       		.byte	0x1
 812 02d4 4401     		.2byte	0x144
 813 02d6 8D000000 		.4byte	0x8d
 814 02da BC000000 		.4byte	.LLST6
 815 02de 16       		.uleb128 0x16
 816 02df C0000000 		.4byte	.LBB4
 817 02e3 1C000000 		.4byte	.LBE4-.LBB4
 818 02e7 24030000 		.4byte	0x324
 819 02eb 1C       		.uleb128 0x1c
 820 02ec 6D7300   		.ascii	"ms\000"
 821 02ef 01       		.byte	0x1
 822 02f0 4901     		.2byte	0x149
 823 02f2 FA020000 		.4byte	0x2fa
 824 02f6 E6000000 		.4byte	.LLST7
 825 02fa 0F       		.uleb128 0xf
 826 02fb 04       		.byte	0x4
 827 02fc B4020000 		.4byte	0x2b4
 828 0300 12       		.uleb128 0x12
 829 0301 DC000000 		.4byte	.LVL20
 830 0305 95010000 		.4byte	0x195
 831 0309 13       		.uleb128 0x13
 832 030a 01       		.uleb128 0x1
 833 030b 51       		.byte	0x51
 834 030c 15       		.uleb128 0x15
 835 030d 74       		.byte	0x74
 836 030e 00       		.sleb128 0
 837 030f 31       		.byte	0x31
 838 0310 24       		.byte	0x24
 839 0311 74       		.byte	0x74
 840 0312 00       		.sleb128 0
 841 0313 22       		.byte	0x22
 842 0314 31       		.byte	0x31
 843 0315 24       		.byte	0x24
 844 0316 03       		.byte	0x3
 845 0317 04000000 		.4byte	.LANCHOR0+4
 846 031b 22       		.byte	0x22
 847 031c 94       		.byte	0x94
 848 031d 02       		.byte	0x2
 849 031e 0A       		.byte	0xa
 850 031f FFFF     		.2byte	0xffff
 851 0321 1A       		.byte	0x1a
 852 0322 00       		.byte	0
 853 0323 00       		.byte	0
 854 0324 12       		.uleb128 0x12
 855 0325 F0000000 		.4byte	.LVL23
 856 0329 0D010000 		.4byte	0x10d
 857 032d 13       		.uleb128 0x13
 858 032e 01       		.uleb128 0x1
ARM GAS  C:\Users\jagumiel\AppData\Local\Temp\cc4zqSJJ.s 			page 23


 859 032f 50       		.byte	0x50
 860 0330 05       		.uleb128 0x5
 861 0331 03       		.byte	0x3
 862 0332 10000000 		.4byte	.LANCHOR0+16
 863 0336 13       		.uleb128 0x13
 864 0337 01       		.uleb128 0x1
 865 0338 51       		.byte	0x51
 866 0339 05       		.uleb128 0x5
 867 033a 03       		.byte	0x3
 868 033b 0C000000 		.4byte	.LANCHOR0+12
 869 033f 00       		.byte	0
 870 0340 00       		.byte	0
 871 0341 1D       		.uleb128 0x1d
 872 0342 82010000 		.4byte	.LVL24
 873 0346 E2010000 		.4byte	0x1e2
 874 034a 00       		.byte	0
 875 034b 1A       		.uleb128 0x1a
 876 034c 85010000 		.4byte	0x185
 877 0350 5B030000 		.4byte	0x35b
 878 0354 1B       		.uleb128 0x1b
 879 0355 7D000000 		.4byte	0x7d
 880 0359 00       		.byte	0
 881 035a 00       		.byte	0
 882 035b 10       		.uleb128 0x10
 883 035c 4B030000 		.4byte	0x34b
 884 0360 1A       		.uleb128 0x1a
 885 0361 90010000 		.4byte	0x190
 886 0365 70030000 		.4byte	0x370
 887 0369 1B       		.uleb128 0x1b
 888 036a 7D000000 		.4byte	0x7d
 889 036e 01       		.byte	0x1
 890 036f 00       		.byte	0
 891 0370 10       		.uleb128 0x10
 892 0371 60030000 		.4byte	0x360
 893 0375 1E       		.uleb128 0x1e
 894 0376 A7000000 		.4byte	.LASF43
 895 037a A7000000 		.4byte	.LASF43
 896 037e 1F       		.uleb128 0x1f
 897 037f 73020000 		.4byte	.LASF36
 898 0383 73020000 		.4byte	.LASF36
 899 0387 04       		.byte	0x4
 900 0388 6C       		.byte	0x6c
 901 0389 1F       		.uleb128 0x1f
 902 038a 0D000000 		.4byte	.LASF37
 903 038e 0D000000 		.4byte	.LASF37
 904 0392 04       		.byte	0x4
 905 0393 BD       		.byte	0xbd
 906 0394 1F       		.uleb128 0x1f
 907 0395 C7000000 		.4byte	.LASF38
 908 0399 C7000000 		.4byte	.LASF38
 909 039d 04       		.byte	0x4
 910 039e C3       		.byte	0xc3
 911 039f 00       		.byte	0
 912              		.section	.debug_abbrev,"",%progbits
 913              	.Ldebug_abbrev0:
 914 0000 01       		.uleb128 0x1
 915 0001 11       		.uleb128 0x11
ARM GAS  C:\Users\jagumiel\AppData\Local\Temp\cc4zqSJJ.s 			page 24


 916 0002 01       		.byte	0x1
 917 0003 25       		.uleb128 0x25
 918 0004 0E       		.uleb128 0xe
 919 0005 13       		.uleb128 0x13
 920 0006 0B       		.uleb128 0xb
 921 0007 03       		.uleb128 0x3
 922 0008 0E       		.uleb128 0xe
 923 0009 1B       		.uleb128 0x1b
 924 000a 0E       		.uleb128 0xe
 925 000b 55       		.uleb128 0x55
 926 000c 17       		.uleb128 0x17
 927 000d 11       		.uleb128 0x11
 928 000e 01       		.uleb128 0x1
 929 000f 10       		.uleb128 0x10
 930 0010 17       		.uleb128 0x17
 931 0011 00       		.byte	0
 932 0012 00       		.byte	0
 933 0013 02       		.uleb128 0x2
 934 0014 24       		.uleb128 0x24
 935 0015 00       		.byte	0
 936 0016 0B       		.uleb128 0xb
 937 0017 0B       		.uleb128 0xb
 938 0018 3E       		.uleb128 0x3e
 939 0019 0B       		.uleb128 0xb
 940 001a 03       		.uleb128 0x3
 941 001b 08       		.uleb128 0x8
 942 001c 00       		.byte	0
 943 001d 00       		.byte	0
 944 001e 03       		.uleb128 0x3
 945 001f 16       		.uleb128 0x16
 946 0020 00       		.byte	0
 947 0021 03       		.uleb128 0x3
 948 0022 0E       		.uleb128 0xe
 949 0023 3A       		.uleb128 0x3a
 950 0024 0B       		.uleb128 0xb
 951 0025 3B       		.uleb128 0x3b
 952 0026 0B       		.uleb128 0xb
 953 0027 49       		.uleb128 0x49
 954 0028 13       		.uleb128 0x13
 955 0029 00       		.byte	0
 956 002a 00       		.byte	0
 957 002b 04       		.uleb128 0x4
 958 002c 24       		.uleb128 0x24
 959 002d 00       		.byte	0
 960 002e 0B       		.uleb128 0xb
 961 002f 0B       		.uleb128 0xb
 962 0030 3E       		.uleb128 0x3e
 963 0031 0B       		.uleb128 0xb
 964 0032 03       		.uleb128 0x3
 965 0033 0E       		.uleb128 0xe
 966 0034 00       		.byte	0
 967 0035 00       		.byte	0
 968 0036 05       		.uleb128 0x5
 969 0037 0F       		.uleb128 0xf
 970 0038 00       		.byte	0
 971 0039 0B       		.uleb128 0xb
 972 003a 0B       		.uleb128 0xb
ARM GAS  C:\Users\jagumiel\AppData\Local\Temp\cc4zqSJJ.s 			page 25


 973 003b 00       		.byte	0
 974 003c 00       		.byte	0
 975 003d 06       		.uleb128 0x6
 976 003e 16       		.uleb128 0x16
 977 003f 00       		.byte	0
 978 0040 03       		.uleb128 0x3
 979 0041 0E       		.uleb128 0xe
 980 0042 3A       		.uleb128 0x3a
 981 0043 0B       		.uleb128 0xb
 982 0044 3B       		.uleb128 0x3b
 983 0045 05       		.uleb128 0x5
 984 0046 49       		.uleb128 0x49
 985 0047 13       		.uleb128 0x13
 986 0048 00       		.byte	0
 987 0049 00       		.byte	0
 988 004a 07       		.uleb128 0x7
 989 004b 35       		.uleb128 0x35
 990 004c 00       		.byte	0
 991 004d 49       		.uleb128 0x49
 992 004e 13       		.uleb128 0x13
 993 004f 00       		.byte	0
 994 0050 00       		.byte	0
 995 0051 08       		.uleb128 0x8
 996 0052 13       		.uleb128 0x13
 997 0053 01       		.byte	0x1
 998 0054 0B       		.uleb128 0xb
 999 0055 0B       		.uleb128 0xb
 1000 0056 3A       		.uleb128 0x3a
 1001 0057 0B       		.uleb128 0xb
 1002 0058 3B       		.uleb128 0x3b
 1003 0059 0B       		.uleb128 0xb
 1004 005a 01       		.uleb128 0x1
 1005 005b 13       		.uleb128 0x13
 1006 005c 00       		.byte	0
 1007 005d 00       		.byte	0
 1008 005e 09       		.uleb128 0x9
 1009 005f 0D       		.uleb128 0xd
 1010 0060 00       		.byte	0
 1011 0061 03       		.uleb128 0x3
 1012 0062 0E       		.uleb128 0xe
 1013 0063 3A       		.uleb128 0x3a
 1014 0064 0B       		.uleb128 0xb
 1015 0065 3B       		.uleb128 0x3b
 1016 0066 0B       		.uleb128 0xb
 1017 0067 49       		.uleb128 0x49
 1018 0068 13       		.uleb128 0x13
 1019 0069 38       		.uleb128 0x38
 1020 006a 0B       		.uleb128 0xb
 1021 006b 00       		.byte	0
 1022 006c 00       		.byte	0
 1023 006d 0A       		.uleb128 0xa
 1024 006e 2E       		.uleb128 0x2e
 1025 006f 01       		.byte	0x1
 1026 0070 03       		.uleb128 0x3
 1027 0071 0E       		.uleb128 0xe
 1028 0072 3A       		.uleb128 0x3a
 1029 0073 0B       		.uleb128 0xb
ARM GAS  C:\Users\jagumiel\AppData\Local\Temp\cc4zqSJJ.s 			page 26


 1030 0074 3B       		.uleb128 0x3b
 1031 0075 0B       		.uleb128 0xb
 1032 0076 27       		.uleb128 0x27
 1033 0077 19       		.uleb128 0x19
 1034 0078 11       		.uleb128 0x11
 1035 0079 01       		.uleb128 0x1
 1036 007a 12       		.uleb128 0x12
 1037 007b 06       		.uleb128 0x6
 1038 007c 40       		.uleb128 0x40
 1039 007d 18       		.uleb128 0x18
 1040 007e 9742     		.uleb128 0x2117
 1041 0080 19       		.uleb128 0x19
 1042 0081 01       		.uleb128 0x1
 1043 0082 13       		.uleb128 0x13
 1044 0083 00       		.byte	0
 1045 0084 00       		.byte	0
 1046 0085 0B       		.uleb128 0xb
 1047 0086 05       		.uleb128 0x5
 1048 0087 00       		.byte	0
 1049 0088 03       		.uleb128 0x3
 1050 0089 0E       		.uleb128 0xe
 1051 008a 3A       		.uleb128 0x3a
 1052 008b 0B       		.uleb128 0xb
 1053 008c 3B       		.uleb128 0x3b
 1054 008d 0B       		.uleb128 0xb
 1055 008e 49       		.uleb128 0x49
 1056 008f 13       		.uleb128 0x13
 1057 0090 02       		.uleb128 0x2
 1058 0091 18       		.uleb128 0x18
 1059 0092 00       		.byte	0
 1060 0093 00       		.byte	0
 1061 0094 0C       		.uleb128 0xc
 1062 0095 34       		.uleb128 0x34
 1063 0096 00       		.byte	0
 1064 0097 03       		.uleb128 0x3
 1065 0098 08       		.uleb128 0x8
 1066 0099 3A       		.uleb128 0x3a
 1067 009a 0B       		.uleb128 0xb
 1068 009b 3B       		.uleb128 0x3b
 1069 009c 0B       		.uleb128 0xb
 1070 009d 49       		.uleb128 0x49
 1071 009e 13       		.uleb128 0x13
 1072 009f 02       		.uleb128 0x2
 1073 00a0 17       		.uleb128 0x17
 1074 00a1 00       		.byte	0
 1075 00a2 00       		.byte	0
 1076 00a3 0D       		.uleb128 0xd
 1077 00a4 0B       		.uleb128 0xb
 1078 00a5 01       		.byte	0x1
 1079 00a6 11       		.uleb128 0x11
 1080 00a7 01       		.uleb128 0x1
 1081 00a8 12       		.uleb128 0x12
 1082 00a9 06       		.uleb128 0x6
 1083 00aa 00       		.byte	0
 1084 00ab 00       		.byte	0
 1085 00ac 0E       		.uleb128 0xe
 1086 00ad 34       		.uleb128 0x34
ARM GAS  C:\Users\jagumiel\AppData\Local\Temp\cc4zqSJJ.s 			page 27


 1087 00ae 00       		.byte	0
 1088 00af 03       		.uleb128 0x3
 1089 00b0 0E       		.uleb128 0xe
 1090 00b1 3A       		.uleb128 0x3a
 1091 00b2 0B       		.uleb128 0xb
 1092 00b3 3B       		.uleb128 0x3b
 1093 00b4 0B       		.uleb128 0xb
 1094 00b5 49       		.uleb128 0x49
 1095 00b6 13       		.uleb128 0x13
 1096 00b7 02       		.uleb128 0x2
 1097 00b8 17       		.uleb128 0x17
 1098 00b9 00       		.byte	0
 1099 00ba 00       		.byte	0
 1100 00bb 0F       		.uleb128 0xf
 1101 00bc 0F       		.uleb128 0xf
 1102 00bd 00       		.byte	0
 1103 00be 0B       		.uleb128 0xb
 1104 00bf 0B       		.uleb128 0xb
 1105 00c0 49       		.uleb128 0x49
 1106 00c1 13       		.uleb128 0x13
 1107 00c2 00       		.byte	0
 1108 00c3 00       		.byte	0
 1109 00c4 10       		.uleb128 0x10
 1110 00c5 26       		.uleb128 0x26
 1111 00c6 00       		.byte	0
 1112 00c7 49       		.uleb128 0x49
 1113 00c8 13       		.uleb128 0x13
 1114 00c9 00       		.byte	0
 1115 00ca 00       		.byte	0
 1116 00cb 11       		.uleb128 0x11
 1117 00cc 05       		.uleb128 0x5
 1118 00cd 00       		.byte	0
 1119 00ce 03       		.uleb128 0x3
 1120 00cf 08       		.uleb128 0x8
 1121 00d0 3A       		.uleb128 0x3a
 1122 00d1 0B       		.uleb128 0xb
 1123 00d2 3B       		.uleb128 0x3b
 1124 00d3 0B       		.uleb128 0xb
 1125 00d4 49       		.uleb128 0x49
 1126 00d5 13       		.uleb128 0x13
 1127 00d6 02       		.uleb128 0x2
 1128 00d7 17       		.uleb128 0x17
 1129 00d8 00       		.byte	0
 1130 00d9 00       		.byte	0
 1131 00da 12       		.uleb128 0x12
 1132 00db 898201   		.uleb128 0x4109
 1133 00de 01       		.byte	0x1
 1134 00df 11       		.uleb128 0x11
 1135 00e0 01       		.uleb128 0x1
 1136 00e1 31       		.uleb128 0x31
 1137 00e2 13       		.uleb128 0x13
 1138 00e3 00       		.byte	0
 1139 00e4 00       		.byte	0
 1140 00e5 13       		.uleb128 0x13
 1141 00e6 8A8201   		.uleb128 0x410a
 1142 00e9 00       		.byte	0
 1143 00ea 02       		.uleb128 0x2
ARM GAS  C:\Users\jagumiel\AppData\Local\Temp\cc4zqSJJ.s 			page 28


 1144 00eb 18       		.uleb128 0x18
 1145 00ec 9142     		.uleb128 0x2111
 1146 00ee 18       		.uleb128 0x18
 1147 00ef 00       		.byte	0
 1148 00f0 00       		.byte	0
 1149 00f1 14       		.uleb128 0x14
 1150 00f2 898201   		.uleb128 0x4109
 1151 00f5 01       		.byte	0x1
 1152 00f6 11       		.uleb128 0x11
 1153 00f7 01       		.uleb128 0x1
 1154 00f8 31       		.uleb128 0x31
 1155 00f9 13       		.uleb128 0x13
 1156 00fa 01       		.uleb128 0x1
 1157 00fb 13       		.uleb128 0x13
 1158 00fc 00       		.byte	0
 1159 00fd 00       		.byte	0
 1160 00fe 15       		.uleb128 0x15
 1161 00ff 2E       		.uleb128 0x2e
 1162 0100 01       		.byte	0x1
 1163 0101 3F       		.uleb128 0x3f
 1164 0102 19       		.uleb128 0x19
 1165 0103 03       		.uleb128 0x3
 1166 0104 0E       		.uleb128 0xe
 1167 0105 3A       		.uleb128 0x3a
 1168 0106 0B       		.uleb128 0xb
 1169 0107 3B       		.uleb128 0x3b
 1170 0108 05       		.uleb128 0x5
 1171 0109 27       		.uleb128 0x27
 1172 010a 19       		.uleb128 0x19
 1173 010b 11       		.uleb128 0x11
 1174 010c 01       		.uleb128 0x1
 1175 010d 12       		.uleb128 0x12
 1176 010e 06       		.uleb128 0x6
 1177 010f 40       		.uleb128 0x40
 1178 0110 18       		.uleb128 0x18
 1179 0111 9742     		.uleb128 0x2117
 1180 0113 19       		.uleb128 0x19
 1181 0114 01       		.uleb128 0x1
 1182 0115 13       		.uleb128 0x13
 1183 0116 00       		.byte	0
 1184 0117 00       		.byte	0
 1185 0118 16       		.uleb128 0x16
 1186 0119 0B       		.uleb128 0xb
 1187 011a 01       		.byte	0x1
 1188 011b 11       		.uleb128 0x11
 1189 011c 01       		.uleb128 0x1
 1190 011d 12       		.uleb128 0x12
 1191 011e 06       		.uleb128 0x6
 1192 011f 01       		.uleb128 0x1
 1193 0120 13       		.uleb128 0x13
 1194 0121 00       		.byte	0
 1195 0122 00       		.byte	0
 1196 0123 17       		.uleb128 0x17
 1197 0124 34       		.uleb128 0x34
 1198 0125 00       		.byte	0
 1199 0126 03       		.uleb128 0x3
 1200 0127 0E       		.uleb128 0xe
ARM GAS  C:\Users\jagumiel\AppData\Local\Temp\cc4zqSJJ.s 			page 29


 1201 0128 3A       		.uleb128 0x3a
 1202 0129 0B       		.uleb128 0xb
 1203 012a 3B       		.uleb128 0x3b
 1204 012b 05       		.uleb128 0x5
 1205 012c 49       		.uleb128 0x49
 1206 012d 13       		.uleb128 0x13
 1207 012e 02       		.uleb128 0x2
 1208 012f 18       		.uleb128 0x18
 1209 0130 00       		.byte	0
 1210 0131 00       		.byte	0
 1211 0132 18       		.uleb128 0x18
 1212 0133 13       		.uleb128 0x13
 1213 0134 01       		.byte	0x1
 1214 0135 0B       		.uleb128 0xb
 1215 0136 0B       		.uleb128 0xb
 1216 0137 3A       		.uleb128 0x3a
 1217 0138 0B       		.uleb128 0xb
 1218 0139 3B       		.uleb128 0x3b
 1219 013a 05       		.uleb128 0x5
 1220 013b 01       		.uleb128 0x1
 1221 013c 13       		.uleb128 0x13
 1222 013d 00       		.byte	0
 1223 013e 00       		.byte	0
 1224 013f 19       		.uleb128 0x19
 1225 0140 0D       		.uleb128 0xd
 1226 0141 00       		.byte	0
 1227 0142 03       		.uleb128 0x3
 1228 0143 0E       		.uleb128 0xe
 1229 0144 3A       		.uleb128 0x3a
 1230 0145 0B       		.uleb128 0xb
 1231 0146 3B       		.uleb128 0x3b
 1232 0147 05       		.uleb128 0x5
 1233 0148 49       		.uleb128 0x49
 1234 0149 13       		.uleb128 0x13
 1235 014a 38       		.uleb128 0x38
 1236 014b 0B       		.uleb128 0xb
 1237 014c 00       		.byte	0
 1238 014d 00       		.byte	0
 1239 014e 1A       		.uleb128 0x1a
 1240 014f 01       		.uleb128 0x1
 1241 0150 01       		.byte	0x1
 1242 0151 49       		.uleb128 0x49
 1243 0152 13       		.uleb128 0x13
 1244 0153 01       		.uleb128 0x1
 1245 0154 13       		.uleb128 0x13
 1246 0155 00       		.byte	0
 1247 0156 00       		.byte	0
 1248 0157 1B       		.uleb128 0x1b
 1249 0158 21       		.uleb128 0x21
 1250 0159 00       		.byte	0
 1251 015a 49       		.uleb128 0x49
 1252 015b 13       		.uleb128 0x13
 1253 015c 2F       		.uleb128 0x2f
 1254 015d 0B       		.uleb128 0xb
 1255 015e 00       		.byte	0
 1256 015f 00       		.byte	0
 1257 0160 1C       		.uleb128 0x1c
ARM GAS  C:\Users\jagumiel\AppData\Local\Temp\cc4zqSJJ.s 			page 30


 1258 0161 34       		.uleb128 0x34
 1259 0162 00       		.byte	0
 1260 0163 03       		.uleb128 0x3
 1261 0164 08       		.uleb128 0x8
 1262 0165 3A       		.uleb128 0x3a
 1263 0166 0B       		.uleb128 0xb
 1264 0167 3B       		.uleb128 0x3b
 1265 0168 05       		.uleb128 0x5
 1266 0169 49       		.uleb128 0x49
 1267 016a 13       		.uleb128 0x13
 1268 016b 02       		.uleb128 0x2
 1269 016c 17       		.uleb128 0x17
 1270 016d 00       		.byte	0
 1271 016e 00       		.byte	0
 1272 016f 1D       		.uleb128 0x1d
 1273 0170 898201   		.uleb128 0x4109
 1274 0173 00       		.byte	0
 1275 0174 11       		.uleb128 0x11
 1276 0175 01       		.uleb128 0x1
 1277 0176 31       		.uleb128 0x31
 1278 0177 13       		.uleb128 0x13
 1279 0178 00       		.byte	0
 1280 0179 00       		.byte	0
 1281 017a 1E       		.uleb128 0x1e
 1282 017b 2E       		.uleb128 0x2e
 1283 017c 00       		.byte	0
 1284 017d 3F       		.uleb128 0x3f
 1285 017e 19       		.uleb128 0x19
 1286 017f 3C       		.uleb128 0x3c
 1287 0180 19       		.uleb128 0x19
 1288 0181 6E       		.uleb128 0x6e
 1289 0182 0E       		.uleb128 0xe
 1290 0183 03       		.uleb128 0x3
 1291 0184 0E       		.uleb128 0xe
 1292 0185 00       		.byte	0
 1293 0186 00       		.byte	0
 1294 0187 1F       		.uleb128 0x1f
 1295 0188 2E       		.uleb128 0x2e
 1296 0189 00       		.byte	0
 1297 018a 3F       		.uleb128 0x3f
 1298 018b 19       		.uleb128 0x19
 1299 018c 3C       		.uleb128 0x3c
 1300 018d 19       		.uleb128 0x19
 1301 018e 6E       		.uleb128 0x6e
 1302 018f 0E       		.uleb128 0xe
 1303 0190 03       		.uleb128 0x3
 1304 0191 0E       		.uleb128 0xe
 1305 0192 3A       		.uleb128 0x3a
 1306 0193 0B       		.uleb128 0xb
 1307 0194 3B       		.uleb128 0x3b
 1308 0195 0B       		.uleb128 0xb
 1309 0196 00       		.byte	0
 1310 0197 00       		.byte	0
 1311 0198 00       		.byte	0
 1312              		.section	.debug_loc,"",%progbits
 1313              	.Ldebug_loc0:
 1314              	.LLST0:
ARM GAS  C:\Users\jagumiel\AppData\Local\Temp\cc4zqSJJ.s 			page 31


 1315 0000 02000000 		.4byte	.LVL1
 1316 0004 08000000 		.4byte	.LVL2
 1317 0008 0200     		.2byte	0x2
 1318 000a 30       		.byte	0x30
 1319 000b 9F       		.byte	0x9f
 1320 000c 08000000 		.4byte	.LVL2
 1321 0010 30000000 		.4byte	.LVL11
 1322 0014 0100     		.2byte	0x1
 1323 0016 57       		.byte	0x57
 1324 0017 00000000 		.4byte	0
 1325 001b 00000000 		.4byte	0
 1326              	.LLST1:
 1327 001f 02000000 		.4byte	.LVL1
 1328 0023 08000000 		.4byte	.LVL2
 1329 0027 0200     		.2byte	0x2
 1330 0029 30       		.byte	0x30
 1331 002a 9F       		.byte	0x9f
 1332 002b 08000000 		.4byte	.LVL2
 1333 002f 30000000 		.4byte	.LVL10
 1334 0033 0100     		.2byte	0x1
 1335 0035 55       		.byte	0x55
 1336 0036 00000000 		.4byte	0
 1337 003a 00000000 		.4byte	0
 1338              	.LLST2:
 1339 003e 0C000000 		.4byte	.LVL3
 1340 0042 2C000000 		.4byte	.LVL9
 1341 0046 0100     		.2byte	0x1
 1342 0048 56       		.byte	0x56
 1343 0049 00000000 		.4byte	0
 1344 004d 00000000 		.4byte	0
 1345              	.LLST3:
 1346 0051 0E000000 		.4byte	.LVL4
 1347 0055 24000000 		.4byte	.LVL7
 1348 0059 0100     		.2byte	0x1
 1349 005b 53       		.byte	0x53
 1350 005c 26000000 		.4byte	.LVL8
 1351 0060 2C000000 		.4byte	.LVL9
 1352 0064 0100     		.2byte	0x1
 1353 0066 53       		.byte	0x53
 1354 0067 00000000 		.4byte	0
 1355 006b 00000000 		.4byte	0
 1356              	.LLST4:
 1357 006f 00000000 		.4byte	.LVL12
 1358 0073 09000000 		.4byte	.LVL14-1
 1359 0077 0100     		.2byte	0x1
 1360 0079 50       		.byte	0x50
 1361 007a 09000000 		.4byte	.LVL14-1
 1362 007e 0C000000 		.4byte	.LFE0
 1363 0082 0400     		.2byte	0x4
 1364 0084 F3       		.byte	0xf3
 1365 0085 01       		.uleb128 0x1
 1366 0086 50       		.byte	0x50
 1367 0087 9F       		.byte	0x9f
 1368 0088 00000000 		.4byte	0
 1369 008c 00000000 		.4byte	0
 1370              	.LLST5:
 1371 0090 00000000 		.4byte	.LVL12
ARM GAS  C:\Users\jagumiel\AppData\Local\Temp\cc4zqSJJ.s 			page 32


 1372 0094 06000000 		.4byte	.LVL13
 1373 0098 0100     		.2byte	0x1
 1374 009a 51       		.byte	0x51
 1375 009b 06000000 		.4byte	.LVL13
 1376 009f 09000000 		.4byte	.LVL14-1
 1377 00a3 0100     		.2byte	0x1
 1378 00a5 52       		.byte	0x52
 1379 00a6 09000000 		.4byte	.LVL14-1
 1380 00aa 0C000000 		.4byte	.LFE0
 1381 00ae 0400     		.2byte	0x4
 1382 00b0 F3       		.byte	0xf3
 1383 00b1 01       		.uleb128 0x1
 1384 00b2 51       		.byte	0x51
 1385 00b3 9F       		.byte	0x9f
 1386 00b4 00000000 		.4byte	0
 1387 00b8 00000000 		.4byte	0
 1388              	.LLST6:
 1389 00bc BC000000 		.4byte	.LVL18
 1390 00c0 C0000000 		.4byte	.LVL19
 1391 00c4 0200     		.2byte	0x2
 1392 00c6 30       		.byte	0x30
 1393 00c7 9F       		.byte	0x9f
 1394 00c8 C0000000 		.4byte	.LVL19
 1395 00cc DE000000 		.4byte	.LVL21
 1396 00d0 0100     		.2byte	0x1
 1397 00d2 54       		.byte	0x54
 1398 00d3 E0000000 		.4byte	.LVL22
 1399 00d7 82010000 		.4byte	.LVL25
 1400 00db 0100     		.2byte	0x1
 1401 00dd 54       		.byte	0x54
 1402 00de 00000000 		.4byte	0
 1403 00e2 00000000 		.4byte	0
 1404              	.LLST7:
 1405 00e6 C0000000 		.4byte	.LVL19
 1406 00ea DE000000 		.4byte	.LVL21
 1407 00ee 0B00     		.2byte	0xb
 1408 00f0 74       		.byte	0x74
 1409 00f1 00       		.sleb128 0
 1410 00f2 36       		.byte	0x36
 1411 00f3 1E       		.byte	0x1e
 1412 00f4 03       		.byte	0x3
 1413 00f5 00000000 		.4byte	cfg_memset_list.4870
 1414 00f9 22       		.byte	0x22
 1415 00fa 9F       		.byte	0x9f
 1416 00fb DE000000 		.4byte	.LVL21
 1417 00ff E0000000 		.4byte	.LVL22
 1418 0103 0B00     		.2byte	0xb
 1419 0105 74       		.byte	0x74
 1420 0106 7F       		.sleb128 -1
 1421 0107 36       		.byte	0x36
 1422 0108 1E       		.byte	0x1e
 1423 0109 03       		.byte	0x3
 1424 010a 00000000 		.4byte	cfg_memset_list.4870
 1425 010e 22       		.byte	0x22
 1426 010f 9F       		.byte	0x9f
 1427 0110 00000000 		.4byte	0
 1428 0114 00000000 		.4byte	0
ARM GAS  C:\Users\jagumiel\AppData\Local\Temp\cc4zqSJJ.s 			page 33


 1429              		.section	.debug_aranges,"",%progbits
 1430 0000 34000000 		.4byte	0x34
 1431 0004 0200     		.2byte	0x2
 1432 0006 00000000 		.4byte	.Ldebug_info0
 1433 000a 04       		.byte	0x4
 1434 000b 00       		.byte	0
 1435 000c 0000     		.2byte	0
 1436 000e 0000     		.2byte	0
 1437 0010 00000000 		.4byte	.LFB3
 1438 0014 32000000 		.4byte	.LFE3-.LFB3
 1439 0018 00000000 		.4byte	.LFB0
 1440 001c 0C000000 		.4byte	.LFE0-.LFB0
 1441 0020 00000000 		.4byte	.LFB4
 1442 0024 B8000000 		.4byte	.LFE4-.LFB4
 1443 0028 B8000000 		.4byte	.LFB6
 1444 002c 30010000 		.4byte	.LFE6-.LFB6
 1445 0030 00000000 		.4byte	0
 1446 0034 00000000 		.4byte	0
 1447              		.section	.debug_ranges,"",%progbits
 1448              	.Ldebug_ranges0:
 1449 0000 00000000 		.4byte	.LFB3
 1450 0004 32000000 		.4byte	.LFE3
 1451 0008 00000000 		.4byte	.LFB0
 1452 000c 0C000000 		.4byte	.LFE0
 1453 0010 00000000 		.4byte	.LFB4
 1454 0014 B8000000 		.4byte	.LFE4
 1455 0018 B8000000 		.4byte	.LFB6
 1456 001c E8010000 		.4byte	.LFE6
 1457 0020 00000000 		.4byte	0
 1458 0024 00000000 		.4byte	0
 1459              		.section	.debug_line,"",%progbits
 1460              	.Ldebug_line0:
 1461 0000 6C010000 		.section	.debug_str,"MS",%progbits,1
 1461      0200D600 
 1461      00000201 
 1461      FB0E0D00 
 1461      01010101 
 1462              	.LASF19:
 1463 0000 72656733 		.ascii	"reg32\000"
 1463      3200
 1464              	.LASF12:
 1465 0006 73697A65 		.ascii	"size_t\000"
 1465      5F7400
 1466              	.LASF37:
 1467 000d 4379496E 		.ascii	"CyIntSetVector\000"
 1467      74536574 
 1467      56656374 
 1467      6F7200
 1468              	.LASF21:
 1469 001c 76616C75 		.ascii	"value\000"
 1469      6500
 1470              	.LASF26:
 1471 0022 636F756E 		.ascii	"count\000"
 1471      7400
 1472              	.LASF29:
 1473 0028 436C6F63 		.ascii	"ClockSetup\000"
 1473      6B536574 
ARM GAS  C:\Users\jagumiel\AppData\Local\Temp\cc4zqSJJ.s 			page 34


 1473      757000
 1474              	.LASF30:
 1475 0033 63795F63 		.ascii	"cy_cfg_addr_table\000"
 1475      66675F61 
 1475      6464725F 
 1475      7461626C 
 1475      6500
 1476              	.LASF31:
 1477 0045 63795F63 		.ascii	"cy_cfg_data_table\000"
 1477      66675F64 
 1477      6174615F 
 1477      7461626C 
 1477      6500
 1478              	.LASF16:
 1479 0057 666C6F61 		.ascii	"float\000"
 1479      7400
 1480              	.LASF35:
 1481 005d 6366675F 		.ascii	"cfg_memset_list\000"
 1481      6D656D73 
 1481      65745F6C 
 1481      69737400 
 1482              	.LASF33:
 1483 006d 73697A65 		.ascii	"size\000"
 1483      00
 1484              	.LASF18:
 1485 0072 72656738 		.ascii	"reg8\000"
 1485      00
 1486              	.LASF8:
 1487 0077 6C6F6E67 		.ascii	"long unsigned int\000"
 1487      20756E73 
 1487      69676E65 
 1487      6420696E 
 1487      7400
 1488              	.LASF13:
 1489 0089 75696E74 		.ascii	"uint8\000"
 1489      3800
 1490              	.LASF28:
 1491 008f 43594D45 		.ascii	"CYMEMZERO\000"
 1491      4D5A4552 
 1491      4F00
 1492              	.LASF4:
 1493 0099 756E7369 		.ascii	"unsigned char\000"
 1493      676E6564 
 1493      20636861 
 1493      7200
 1494              	.LASF43:
 1495 00a7 6D656D73 		.ascii	"memset\000"
 1495      657400
 1496              	.LASF17:
 1497 00ae 646F7562 		.ascii	"double\000"
 1497      6C6500
 1498              	.LASF27:
 1499 00b5 6366675F 		.ascii	"cfg_write_bytes32\000"
 1499      77726974 
 1499      655F6279 
 1499      74657333 
 1499      3200
ARM GAS  C:\Users\jagumiel\AppData\Local\Temp\cc4zqSJJ.s 			page 35


 1500              	.LASF38:
 1501 00c7 4379496E 		.ascii	"CyIntEnable\000"
 1501      74456E61 
 1501      626C6500 
 1502              	.LASF23:
 1503 00d3 61646472 		.ascii	"addr_table\000"
 1503      5F746162 
 1503      6C6500
 1504              	.LASF14:
 1505 00de 75696E74 		.ascii	"uint16\000"
 1505      313600
 1506              	.LASF24:
 1507 00e5 64617461 		.ascii	"data_table\000"
 1507      5F746162 
 1507      6C6500
 1508              	.LASF15:
 1509 00f0 75696E74 		.ascii	"uint32\000"
 1509      333200
 1510              	.LASF0:
 1511 00f7 756E7369 		.ascii	"unsigned int\000"
 1511      676E6564 
 1511      20696E74 
 1511      00
 1512              	.LASF42:
 1513 0104 63796669 		.ascii	"cyfitter_cfg\000"
 1513      74746572 
 1513      5F636667 
 1513      00
 1514              	.LASF32:
 1515 0111 61646472 		.ascii	"address\000"
 1515      65737300 
 1516              	.LASF9:
 1517 0119 6C6F6E67 		.ascii	"long long unsigned int\000"
 1517      206C6F6E 
 1517      6720756E 
 1517      7369676E 
 1517      65642069 
 1518              	.LASF39:
 1519 0130 474E5520 		.ascii	"GNU C11 5.4.1 20160609 (release) [ARM/embedded-5-br"
 1519      43313120 
 1519      352E342E 
 1519      31203230 
 1519      31363036 
 1520 0163 616E6368 		.ascii	"anch revision 237715] -mcpu=cortex-m0 -mthumb -g -O"
 1520      20726576 
 1520      6973696F 
 1520      6E203233 
 1520      37373135 
 1521 0196 67202D66 		.ascii	"g -ffunction-sections -ffat-lto-objects\000"
 1521      66756E63 
 1521      74696F6E 
 1521      2D736563 
 1521      74696F6E 
 1522              	.LASF34:
 1523 01be 6366675F 		.ascii	"cfg_memset_t\000"
 1523      6D656D73 
 1523      65745F74 
ARM GAS  C:\Users\jagumiel\AppData\Local\Temp\cc4zqSJJ.s 			page 36


 1523      00
 1524              	.LASF25:
 1525 01cb 62617365 		.ascii	"baseAddr\000"
 1525      41646472 
 1525      00
 1526              	.LASF41:
 1527 01d4 443A5C55 		.ascii	"D:\\Users\\jagumiel\\Documents\\PSoC Creator\\PSoC-"
 1527      73657273 
 1527      5C6A6167 
 1527      756D6965 
 1527      6C5C446F 
 1528 0202 3130315C 		.ascii	"101\\PSoC-101\\Lesson16-b.cydsn\000"
 1528      50536F43 
 1528      2D313031 
 1528      5C4C6573 
 1528      736F6E31 
 1529              	.LASF6:
 1530 0220 73686F72 		.ascii	"short unsigned int\000"
 1530      7420756E 
 1530      7369676E 
 1530      65642069 
 1530      6E7400
 1531              	.LASF1:
 1532 0233 6C6F6E67 		.ascii	"long long int\000"
 1532      206C6F6E 
 1532      6720696E 
 1532      7400
 1533              	.LASF10:
 1534 0241 73697A65 		.ascii	"sizetype\000"
 1534      74797065 
 1534      00
 1535              	.LASF11:
 1536 024a 63686172 		.ascii	"char\000"
 1536      00
 1537              	.LASF22:
 1538 024f 63795F63 		.ascii	"cy_cfg_addrvalue_t\000"
 1538      66675F61 
 1538      64647276 
 1538      616C7565 
 1538      5F7400
 1539              	.LASF20:
 1540 0262 6F666673 		.ascii	"offset\000"
 1540      657400
 1541              	.LASF5:
 1542 0269 73686F72 		.ascii	"short int\000"
 1542      7420696E 
 1542      7400
 1543              	.LASF36:
 1544 0273 43795379 		.ascii	"CySysClkWriteImoFreq\000"
 1544      73436C6B 
 1544      57726974 
 1544      65496D6F 
 1544      46726571 
 1545              	.LASF7:
 1546 0288 6C6F6E67 		.ascii	"long int\000"
 1546      20696E74 
 1546      00
ARM GAS  C:\Users\jagumiel\AppData\Local\Temp\cc4zqSJJ.s 			page 37


 1547              	.LASF2:
 1548 0291 6C6F6E67 		.ascii	"long double\000"
 1548      20646F75 
 1548      626C6500 
 1549              	.LASF3:
 1550 029d 7369676E 		.ascii	"signed char\000"
 1550      65642063 
 1550      68617200 
 1551              	.LASF40:
 1552 02a9 47656E65 		.ascii	"Generated_Source\\PSoC4\\cyfitter_cfg.c\000"
 1552      72617465 
 1552      645F536F 
 1552      75726365 
 1552      5C50536F 
 1553              		.ident	"GCC: (GNU Tools for ARM Embedded Processors) 5.4.1 20160609 (release) [ARM/embedded-5-bran
