ARM GAS  C:\Users\jagumiel\AppData\Local\Temp\cclaKnWW.s 			page 1


   1              		.syntax unified
   2              		.cpu cortex-m0
   3              		.fpu softvfp
   4              		.eabi_attribute 20, 1
   5              		.eabi_attribute 21, 1
   6              		.eabi_attribute 23, 3
   7              		.eabi_attribute 24, 1
   8              		.eabi_attribute 25, 1
   9              		.eabi_attribute 26, 1
  10              		.eabi_attribute 30, 1
  11              		.eabi_attribute 34, 0
  12              		.eabi_attribute 18, 4
  13              		.thumb
  14              		.syntax unified
  15              		.file	"cyfitter_cfg.c"
  16              		.text
  17              	.Ltext0:
  18              		.cfi_sections	.debug_frame
  19              		.section	.text.cfg_write_bytes32,"ax",%progbits
  20              		.align	2
  21              		.code	16
  22              		.thumb_func
  23              		.type	cfg_write_bytes32, %function
  24              	cfg_write_bytes32:
  25              	.LFB3:
  26              		.file 1 "Generated_Source\\PSoC4\\cyfitter_cfg.c"
   1:Generated_Source\PSoC4/cyfitter_cfg.c **** 
   2:Generated_Source\PSoC4/cyfitter_cfg.c **** /*******************************************************************************
   3:Generated_Source\PSoC4/cyfitter_cfg.c **** * File Name: cyfitter_cfg.c
   4:Generated_Source\PSoC4/cyfitter_cfg.c **** * 
   5:Generated_Source\PSoC4/cyfitter_cfg.c **** * PSoC Creator  4.2
   6:Generated_Source\PSoC4/cyfitter_cfg.c **** *
   7:Generated_Source\PSoC4/cyfitter_cfg.c **** * Description:
   8:Generated_Source\PSoC4/cyfitter_cfg.c **** * This file contains device initialization code.
   9:Generated_Source\PSoC4/cyfitter_cfg.c **** * Except for the user defined sections in CyClockStartupError(), this file should not be modified.
  10:Generated_Source\PSoC4/cyfitter_cfg.c **** * This file is automatically generated by PSoC Creator.
  11:Generated_Source\PSoC4/cyfitter_cfg.c **** *
  12:Generated_Source\PSoC4/cyfitter_cfg.c **** ********************************************************************************
  13:Generated_Source\PSoC4/cyfitter_cfg.c **** * Copyright (c) 2007-2018 Cypress Semiconductor.  All rights reserved.
  14:Generated_Source\PSoC4/cyfitter_cfg.c **** * You may use this file only in accordance with the license, terms, conditions, 
  15:Generated_Source\PSoC4/cyfitter_cfg.c **** * disclaimers, and limitations in the end user license agreement accompanying 
  16:Generated_Source\PSoC4/cyfitter_cfg.c **** * the software package with which this file was provided.
  17:Generated_Source\PSoC4/cyfitter_cfg.c **** ********************************************************************************/
  18:Generated_Source\PSoC4/cyfitter_cfg.c **** 
  19:Generated_Source\PSoC4/cyfitter_cfg.c **** #include <string.h>
  20:Generated_Source\PSoC4/cyfitter_cfg.c **** #include "cytypes.h"
  21:Generated_Source\PSoC4/cyfitter_cfg.c **** #include "cydevice_trm.h"
  22:Generated_Source\PSoC4/cyfitter_cfg.c **** #include "cyfitter.h"
  23:Generated_Source\PSoC4/cyfitter_cfg.c **** #include "CyLib.h"
  24:Generated_Source\PSoC4/cyfitter_cfg.c **** #include "CyLFClk.h"
  25:Generated_Source\PSoC4/cyfitter_cfg.c **** #include "cyfitter_cfg.h"
  26:Generated_Source\PSoC4/cyfitter_cfg.c **** #include "cyapicallbacks.h"
  27:Generated_Source\PSoC4/cyfitter_cfg.c **** 
  28:Generated_Source\PSoC4/cyfitter_cfg.c **** 
  29:Generated_Source\PSoC4/cyfitter_cfg.c **** #if defined(__GNUC__) || defined(__ARMCC_VERSION)
  30:Generated_Source\PSoC4/cyfitter_cfg.c ****     #define CYPACKED 
  31:Generated_Source\PSoC4/cyfitter_cfg.c ****     #define CYPACKED_ATTR __attribute__ ((packed))
ARM GAS  C:\Users\jagumiel\AppData\Local\Temp\cclaKnWW.s 			page 2


  32:Generated_Source\PSoC4/cyfitter_cfg.c ****     #define CYALIGNED __attribute__ ((aligned))
  33:Generated_Source\PSoC4/cyfitter_cfg.c ****     #define CY_CFG_UNUSED __attribute__ ((unused))
  34:Generated_Source\PSoC4/cyfitter_cfg.c ****     #ifndef CY_CFG_SECTION
  35:Generated_Source\PSoC4/cyfitter_cfg.c ****         #define CY_CFG_SECTION __attribute__ ((section(".psocinit")))
  36:Generated_Source\PSoC4/cyfitter_cfg.c ****     #endif
  37:Generated_Source\PSoC4/cyfitter_cfg.c ****     
  38:Generated_Source\PSoC4/cyfitter_cfg.c ****     #if defined(__ARMCC_VERSION)
  39:Generated_Source\PSoC4/cyfitter_cfg.c ****         #define CY_CFG_MEMORY_BARRIER() __memory_changed()
  40:Generated_Source\PSoC4/cyfitter_cfg.c ****     #else
  41:Generated_Source\PSoC4/cyfitter_cfg.c ****         #define CY_CFG_MEMORY_BARRIER() __sync_synchronize()
  42:Generated_Source\PSoC4/cyfitter_cfg.c ****     #endif
  43:Generated_Source\PSoC4/cyfitter_cfg.c ****     
  44:Generated_Source\PSoC4/cyfitter_cfg.c **** #elif defined(__ICCARM__)
  45:Generated_Source\PSoC4/cyfitter_cfg.c ****     #include <intrinsics.h>
  46:Generated_Source\PSoC4/cyfitter_cfg.c **** 
  47:Generated_Source\PSoC4/cyfitter_cfg.c ****     #define CYPACKED __packed
  48:Generated_Source\PSoC4/cyfitter_cfg.c ****     #define CYPACKED_ATTR 
  49:Generated_Source\PSoC4/cyfitter_cfg.c ****     #define CYALIGNED _Pragma("data_alignment=4")
  50:Generated_Source\PSoC4/cyfitter_cfg.c ****     #define CY_CFG_UNUSED _Pragma("diag_suppress=Pe177")
  51:Generated_Source\PSoC4/cyfitter_cfg.c ****     #define CY_CFG_SECTION _Pragma("location=\".psocinit\"")
  52:Generated_Source\PSoC4/cyfitter_cfg.c ****     
  53:Generated_Source\PSoC4/cyfitter_cfg.c ****     #define CY_CFG_MEMORY_BARRIER() __DMB()
  54:Generated_Source\PSoC4/cyfitter_cfg.c ****     
  55:Generated_Source\PSoC4/cyfitter_cfg.c **** #else
  56:Generated_Source\PSoC4/cyfitter_cfg.c ****     #error Unsupported toolchain
  57:Generated_Source\PSoC4/cyfitter_cfg.c **** #endif
  58:Generated_Source\PSoC4/cyfitter_cfg.c **** 
  59:Generated_Source\PSoC4/cyfitter_cfg.c **** #ifndef CYCODE
  60:Generated_Source\PSoC4/cyfitter_cfg.c ****     #define CYCODE
  61:Generated_Source\PSoC4/cyfitter_cfg.c **** #endif
  62:Generated_Source\PSoC4/cyfitter_cfg.c **** #ifndef CYDATA
  63:Generated_Source\PSoC4/cyfitter_cfg.c ****     #define CYDATA
  64:Generated_Source\PSoC4/cyfitter_cfg.c **** #endif
  65:Generated_Source\PSoC4/cyfitter_cfg.c **** #ifndef CYFAR
  66:Generated_Source\PSoC4/cyfitter_cfg.c ****     #define CYFAR
  67:Generated_Source\PSoC4/cyfitter_cfg.c **** #endif
  68:Generated_Source\PSoC4/cyfitter_cfg.c **** #ifndef CYXDATA
  69:Generated_Source\PSoC4/cyfitter_cfg.c ****     #define CYXDATA
  70:Generated_Source\PSoC4/cyfitter_cfg.c **** #endif
  71:Generated_Source\PSoC4/cyfitter_cfg.c **** 
  72:Generated_Source\PSoC4/cyfitter_cfg.c **** 
  73:Generated_Source\PSoC4/cyfitter_cfg.c **** CY_CFG_UNUSED
  74:Generated_Source\PSoC4/cyfitter_cfg.c **** static void CYMEMZERO(void *s, size_t n);
  75:Generated_Source\PSoC4/cyfitter_cfg.c **** CY_CFG_UNUSED
  76:Generated_Source\PSoC4/cyfitter_cfg.c **** static void CYMEMZERO(void *s, size_t n)
  77:Generated_Source\PSoC4/cyfitter_cfg.c **** {
  78:Generated_Source\PSoC4/cyfitter_cfg.c **** 	(void)memset(s, 0, n);
  79:Generated_Source\PSoC4/cyfitter_cfg.c **** }
  80:Generated_Source\PSoC4/cyfitter_cfg.c **** CY_CFG_UNUSED
  81:Generated_Source\PSoC4/cyfitter_cfg.c **** static void CYCONFIGCPY(void *dest, const void *src, size_t n);
  82:Generated_Source\PSoC4/cyfitter_cfg.c **** CY_CFG_UNUSED
  83:Generated_Source\PSoC4/cyfitter_cfg.c **** static void CYCONFIGCPY(void *dest, const void *src, size_t n)
  84:Generated_Source\PSoC4/cyfitter_cfg.c **** {
  85:Generated_Source\PSoC4/cyfitter_cfg.c **** 	(void)memcpy(dest, src, n);
  86:Generated_Source\PSoC4/cyfitter_cfg.c **** }
  87:Generated_Source\PSoC4/cyfitter_cfg.c **** CY_CFG_UNUSED
  88:Generated_Source\PSoC4/cyfitter_cfg.c **** static void CYCONFIGCPYCODE(void *dest, const void *src, size_t n);
ARM GAS  C:\Users\jagumiel\AppData\Local\Temp\cclaKnWW.s 			page 3


  89:Generated_Source\PSoC4/cyfitter_cfg.c **** CY_CFG_UNUSED
  90:Generated_Source\PSoC4/cyfitter_cfg.c **** static void CYCONFIGCPYCODE(void *dest, const void *src, size_t n)
  91:Generated_Source\PSoC4/cyfitter_cfg.c **** {
  92:Generated_Source\PSoC4/cyfitter_cfg.c **** 	(void)memcpy(dest, src, n);
  93:Generated_Source\PSoC4/cyfitter_cfg.c **** }
  94:Generated_Source\PSoC4/cyfitter_cfg.c **** 
  95:Generated_Source\PSoC4/cyfitter_cfg.c **** 
  96:Generated_Source\PSoC4/cyfitter_cfg.c **** 
  97:Generated_Source\PSoC4/cyfitter_cfg.c **** 
  98:Generated_Source\PSoC4/cyfitter_cfg.c **** /* Clock startup error codes                                                   */
  99:Generated_Source\PSoC4/cyfitter_cfg.c **** #define CYCLOCKSTART_NO_ERROR    0u
 100:Generated_Source\PSoC4/cyfitter_cfg.c **** #define CYCLOCKSTART_XTAL_ERROR  1u
 101:Generated_Source\PSoC4/cyfitter_cfg.c **** #define CYCLOCKSTART_32KHZ_ERROR 2u
 102:Generated_Source\PSoC4/cyfitter_cfg.c **** #define CYCLOCKSTART_PLL_ERROR   3u
 103:Generated_Source\PSoC4/cyfitter_cfg.c **** #define CYCLOCKSTART_FLL_ERROR   4u
 104:Generated_Source\PSoC4/cyfitter_cfg.c **** #define CYCLOCKSTART_WCO_ERROR   5u
 105:Generated_Source\PSoC4/cyfitter_cfg.c **** 
 106:Generated_Source\PSoC4/cyfitter_cfg.c **** 
 107:Generated_Source\PSoC4/cyfitter_cfg.c **** #ifdef CY_NEED_CYCLOCKSTARTUPERROR
 108:Generated_Source\PSoC4/cyfitter_cfg.c **** /*******************************************************************************
 109:Generated_Source\PSoC4/cyfitter_cfg.c **** * Function Name: CyClockStartupError
 110:Generated_Source\PSoC4/cyfitter_cfg.c **** ********************************************************************************
 111:Generated_Source\PSoC4/cyfitter_cfg.c **** * Summary:
 112:Generated_Source\PSoC4/cyfitter_cfg.c **** *  If an error is encountered during clock configuration (crystal startup error,
 113:Generated_Source\PSoC4/cyfitter_cfg.c **** *  PLL lock error, etc.), the system will end up here.  Unless reimplemented by
 114:Generated_Source\PSoC4/cyfitter_cfg.c **** *  the customer, this function will stop in an infinite loop.
 115:Generated_Source\PSoC4/cyfitter_cfg.c **** *
 116:Generated_Source\PSoC4/cyfitter_cfg.c **** * Parameters:
 117:Generated_Source\PSoC4/cyfitter_cfg.c **** *   void
 118:Generated_Source\PSoC4/cyfitter_cfg.c **** *
 119:Generated_Source\PSoC4/cyfitter_cfg.c **** * Return:
 120:Generated_Source\PSoC4/cyfitter_cfg.c **** *   void
 121:Generated_Source\PSoC4/cyfitter_cfg.c **** *
 122:Generated_Source\PSoC4/cyfitter_cfg.c **** *******************************************************************************/
 123:Generated_Source\PSoC4/cyfitter_cfg.c **** CY_CFG_UNUSED
 124:Generated_Source\PSoC4/cyfitter_cfg.c **** static void CyClockStartupError(uint8 errorCode);
 125:Generated_Source\PSoC4/cyfitter_cfg.c **** CY_CFG_UNUSED
 126:Generated_Source\PSoC4/cyfitter_cfg.c **** static void CyClockStartupError(uint8 errorCode)
 127:Generated_Source\PSoC4/cyfitter_cfg.c **** {
 128:Generated_Source\PSoC4/cyfitter_cfg.c ****     /* To remove the compiler warning if errorCode not used.                */
 129:Generated_Source\PSoC4/cyfitter_cfg.c ****     errorCode = errorCode;
 130:Generated_Source\PSoC4/cyfitter_cfg.c **** 
 131:Generated_Source\PSoC4/cyfitter_cfg.c ****     /* If we have a clock startup error (bad MHz crystal, PLL lock, etc.),  */
 132:Generated_Source\PSoC4/cyfitter_cfg.c ****     /* we will end up here to allow the customer to implement something to  */
 133:Generated_Source\PSoC4/cyfitter_cfg.c ****     /* deal with the clock condition.                                       */
 134:Generated_Source\PSoC4/cyfitter_cfg.c **** 
 135:Generated_Source\PSoC4/cyfitter_cfg.c **** #ifdef CY_CFG_CLOCK_STARTUP_ERROR_CALLBACK
 136:Generated_Source\PSoC4/cyfitter_cfg.c ****     CY_CFG_Clock_Startup_ErrorCallback();
 137:Generated_Source\PSoC4/cyfitter_cfg.c **** #else
 138:Generated_Source\PSoC4/cyfitter_cfg.c ****     /*  If not using CY_CFG_CLOCK_STARTUP_ERROR_CALLBACK, place your clock startup code here. */
 139:Generated_Source\PSoC4/cyfitter_cfg.c ****     /* `#START CyClockStartupError` */
 140:Generated_Source\PSoC4/cyfitter_cfg.c **** 
 141:Generated_Source\PSoC4/cyfitter_cfg.c **** 
 142:Generated_Source\PSoC4/cyfitter_cfg.c **** 
 143:Generated_Source\PSoC4/cyfitter_cfg.c ****     /* `#END` */
 144:Generated_Source\PSoC4/cyfitter_cfg.c **** 
 145:Generated_Source\PSoC4/cyfitter_cfg.c ****     while(1) {}
ARM GAS  C:\Users\jagumiel\AppData\Local\Temp\cclaKnWW.s 			page 4


 146:Generated_Source\PSoC4/cyfitter_cfg.c **** #endif /* CY_CFG_CLOCK_STARTUP_ERROR_CALLBACK */
 147:Generated_Source\PSoC4/cyfitter_cfg.c **** }
 148:Generated_Source\PSoC4/cyfitter_cfg.c **** #endif
 149:Generated_Source\PSoC4/cyfitter_cfg.c **** 
 150:Generated_Source\PSoC4/cyfitter_cfg.c **** #define CY_CFG_BASE_ADDR_COUNT 5u
 151:Generated_Source\PSoC4/cyfitter_cfg.c **** CYPACKED typedef struct
 152:Generated_Source\PSoC4/cyfitter_cfg.c **** {
 153:Generated_Source\PSoC4/cyfitter_cfg.c **** 	uint8 offset;
 154:Generated_Source\PSoC4/cyfitter_cfg.c **** 	uint8 value;
 155:Generated_Source\PSoC4/cyfitter_cfg.c **** } CYPACKED_ATTR cy_cfg_addrvalue_t;
 156:Generated_Source\PSoC4/cyfitter_cfg.c **** 
 157:Generated_Source\PSoC4/cyfitter_cfg.c **** 
 158:Generated_Source\PSoC4/cyfitter_cfg.c **** 
 159:Generated_Source\PSoC4/cyfitter_cfg.c **** /*******************************************************************************
 160:Generated_Source\PSoC4/cyfitter_cfg.c **** * Function Name: cfg_write_bytes32
 161:Generated_Source\PSoC4/cyfitter_cfg.c **** ********************************************************************************
 162:Generated_Source\PSoC4/cyfitter_cfg.c **** * Summary:
 163:Generated_Source\PSoC4/cyfitter_cfg.c **** *  This function is used for setting up the chip configuration areas that
 164:Generated_Source\PSoC4/cyfitter_cfg.c **** *  contain relatively sparse data.
 165:Generated_Source\PSoC4/cyfitter_cfg.c **** *
 166:Generated_Source\PSoC4/cyfitter_cfg.c **** * Parameters:
 167:Generated_Source\PSoC4/cyfitter_cfg.c **** *   void
 168:Generated_Source\PSoC4/cyfitter_cfg.c **** *
 169:Generated_Source\PSoC4/cyfitter_cfg.c **** * Return:
 170:Generated_Source\PSoC4/cyfitter_cfg.c **** *   void
 171:Generated_Source\PSoC4/cyfitter_cfg.c **** *
 172:Generated_Source\PSoC4/cyfitter_cfg.c **** *******************************************************************************/
 173:Generated_Source\PSoC4/cyfitter_cfg.c **** static void cfg_write_bytes32(const uint32 addr_table[], const cy_cfg_addrvalue_t data_table[]);
 174:Generated_Source\PSoC4/cyfitter_cfg.c **** static void cfg_write_bytes32(const uint32 addr_table[], const cy_cfg_addrvalue_t data_table[])
 175:Generated_Source\PSoC4/cyfitter_cfg.c **** {
  27              		.loc 1 175 0
  28              		.cfi_startproc
  29              		@ args = 0, pretend = 0, frame = 0
  30              		@ frame_needed = 0, uses_anonymous_args = 0
  31              	.LVL0:
  32 0000 F0B5     		push	{r4, r5, r6, r7, lr}
  33              		.cfi_def_cfa_offset 20
  34              		.cfi_offset 4, -20
  35              		.cfi_offset 5, -16
  36              		.cfi_offset 6, -12
  37              		.cfi_offset 7, -8
  38              		.cfi_offset 14, -4
  39              	.LVL1:
 176:Generated_Source\PSoC4/cyfitter_cfg.c **** 	/* For 32-bit little-endian architectures */
 177:Generated_Source\PSoC4/cyfitter_cfg.c **** 	uint32 i, j = 0u;
  40              		.loc 1 177 0
  41 0002 0025     		movs	r5, #0
 178:Generated_Source\PSoC4/cyfitter_cfg.c **** 	for (i = 0u; i < CY_CFG_BASE_ADDR_COUNT; i++)
  42              		.loc 1 178 0
  43 0004 0027     		movs	r7, #0
  44 0006 11E0     		b	.L2
  45              	.LVL2:
  46              	.L5:
  47              	.LBB2:
 179:Generated_Source\PSoC4/cyfitter_cfg.c **** 	{
 180:Generated_Source\PSoC4/cyfitter_cfg.c **** 		uint32 baseAddr = addr_table[i];
  48              		.loc 1 180 0
ARM GAS  C:\Users\jagumiel\AppData\Local\Temp\cclaKnWW.s 			page 5


  49 0008 BB00     		lsls	r3, r7, #2
  50 000a C658     		ldr	r6, [r0, r3]
  51              	.LVL3:
 181:Generated_Source\PSoC4/cyfitter_cfg.c **** 		uint8 count = (uint8)baseAddr;
  52              		.loc 1 181 0
  53 000c F3B2     		uxtb	r3, r6
  54              	.LVL4:
 182:Generated_Source\PSoC4/cyfitter_cfg.c **** 		baseAddr &= 0xFFFFFF00u;
  55              		.loc 1 182 0
  56 000e FF22     		movs	r2, #255
  57 0010 9643     		bics	r6, r2
  58              	.LVL5:
 183:Generated_Source\PSoC4/cyfitter_cfg.c **** 		while (count != 0u)
  59              		.loc 1 183 0
  60 0012 08E0     		b	.L3
  61              	.L4:
 184:Generated_Source\PSoC4/cyfitter_cfg.c **** 		{
 185:Generated_Source\PSoC4/cyfitter_cfg.c **** 			CY_SET_REG8((void *)(baseAddr + data_table[j].offset), data_table[j].value);
  62              		.loc 1 185 0
  63 0014 6A00     		lsls	r2, r5, #1
  64 0016 8A18     		adds	r2, r1, r2
  65 0018 1478     		ldrb	r4, [r2]
  66 001a A419     		adds	r4, r4, r6
  67 001c 5278     		ldrb	r2, [r2, #1]
  68 001e 2270     		strb	r2, [r4]
 186:Generated_Source\PSoC4/cyfitter_cfg.c **** 			j++;
  69              		.loc 1 186 0
  70 0020 0135     		adds	r5, r5, #1
  71              	.LVL6:
 187:Generated_Source\PSoC4/cyfitter_cfg.c **** 			count--;
  72              		.loc 1 187 0
  73 0022 013B     		subs	r3, r3, #1
  74              	.LVL7:
  75 0024 DBB2     		uxtb	r3, r3
  76              	.LVL8:
  77              	.L3:
 183:Generated_Source\PSoC4/cyfitter_cfg.c **** 		{
  78              		.loc 1 183 0
  79 0026 002B     		cmp	r3, #0
  80 0028 F4D1     		bne	.L4
  81              	.LBE2:
 178:Generated_Source\PSoC4/cyfitter_cfg.c **** 	{
  82              		.loc 1 178 0 discriminator 2
  83 002a 0137     		adds	r7, r7, #1
  84              	.LVL9:
  85              	.L2:
 178:Generated_Source\PSoC4/cyfitter_cfg.c **** 	{
  86              		.loc 1 178 0 is_stmt 0 discriminator 1
  87 002c 042F     		cmp	r7, #4
  88 002e EBD9     		bls	.L5
 188:Generated_Source\PSoC4/cyfitter_cfg.c **** 		}
 189:Generated_Source\PSoC4/cyfitter_cfg.c **** 	}
 190:Generated_Source\PSoC4/cyfitter_cfg.c **** }
  89              		.loc 1 190 0 is_stmt 1
  90              		@ sp needed
  91              	.LVL10:
  92              	.LVL11:
ARM GAS  C:\Users\jagumiel\AppData\Local\Temp\cclaKnWW.s 			page 6


  93 0030 F0BD     		pop	{r4, r5, r6, r7, pc}
  94              		.cfi_endproc
  95              	.LFE3:
  96              		.size	cfg_write_bytes32, .-cfg_write_bytes32
  97 0032 C046     		.section	.text.CYMEMZERO,"ax",%progbits
  98              		.align	2
  99              		.code	16
 100              		.thumb_func
 101              		.type	CYMEMZERO, %function
 102              	CYMEMZERO:
 103              	.LFB0:
  77:Generated_Source\PSoC4/cyfitter_cfg.c **** 	(void)memset(s, 0, n);
 104              		.loc 1 77 0
 105              		.cfi_startproc
 106              		@ args = 0, pretend = 0, frame = 0
 107              		@ frame_needed = 0, uses_anonymous_args = 0
 108              	.LVL12:
 109 0000 10B5     		push	{r4, lr}
 110              		.cfi_def_cfa_offset 8
 111              		.cfi_offset 4, -8
 112              		.cfi_offset 14, -4
 113 0002 0A00     		movs	r2, r1
  78:Generated_Source\PSoC4/cyfitter_cfg.c **** }
 114              		.loc 1 78 0
 115 0004 0021     		movs	r1, #0
 116              	.LVL13:
 117 0006 FFF7FEFF 		bl	memset
 118              	.LVL14:
  79:Generated_Source\PSoC4/cyfitter_cfg.c **** CY_CFG_UNUSED
 119              		.loc 1 79 0
 120              		@ sp needed
 121 000a 10BD     		pop	{r4, pc}
 122              		.cfi_endproc
 123              	.LFE0:
 124              		.size	CYMEMZERO, .-CYMEMZERO
 125              		.section	.psocinit,"ax",%progbits
 126              		.align	2
 127              		.code	16
 128              		.thumb_func
 129              		.type	ClockSetup, %function
 130              	ClockSetup:
 131              	.LFB4:
 191:Generated_Source\PSoC4/cyfitter_cfg.c **** 
 192:Generated_Source\PSoC4/cyfitter_cfg.c **** 
 193:Generated_Source\PSoC4/cyfitter_cfg.c **** /*******************************************************************************
 194:Generated_Source\PSoC4/cyfitter_cfg.c **** * Function Name: ClockSetup
 195:Generated_Source\PSoC4/cyfitter_cfg.c **** ********************************************************************************
 196:Generated_Source\PSoC4/cyfitter_cfg.c **** *
 197:Generated_Source\PSoC4/cyfitter_cfg.c **** * Summary:
 198:Generated_Source\PSoC4/cyfitter_cfg.c **** *   Performs the initialization of all of the clocks in the device based on the
 199:Generated_Source\PSoC4/cyfitter_cfg.c **** *   settings in the Clock tab of the DWR.  This includes enabling the requested
 200:Generated_Source\PSoC4/cyfitter_cfg.c **** *   clocks and setting the necessary dividers to produce the desired frequency. 
 201:Generated_Source\PSoC4/cyfitter_cfg.c **** *
 202:Generated_Source\PSoC4/cyfitter_cfg.c **** * Parameters:
 203:Generated_Source\PSoC4/cyfitter_cfg.c **** *   void
 204:Generated_Source\PSoC4/cyfitter_cfg.c **** *
 205:Generated_Source\PSoC4/cyfitter_cfg.c **** * Return:
ARM GAS  C:\Users\jagumiel\AppData\Local\Temp\cclaKnWW.s 			page 7


 206:Generated_Source\PSoC4/cyfitter_cfg.c **** *   void
 207:Generated_Source\PSoC4/cyfitter_cfg.c **** *
 208:Generated_Source\PSoC4/cyfitter_cfg.c **** *******************************************************************************/
 209:Generated_Source\PSoC4/cyfitter_cfg.c **** static void ClockSetup(void);
 210:Generated_Source\PSoC4/cyfitter_cfg.c **** CY_CFG_SECTION
 211:Generated_Source\PSoC4/cyfitter_cfg.c **** static void ClockSetup(void)
 212:Generated_Source\PSoC4/cyfitter_cfg.c **** {
 132              		.loc 1 212 0
 133              		.cfi_startproc
 134              		@ args = 0, pretend = 0, frame = 0
 135              		@ frame_needed = 0, uses_anonymous_args = 0
 136 0000 70B5     		push	{r4, r5, r6, lr}
 137              		.cfi_def_cfa_offset 16
 138              		.cfi_offset 4, -16
 139              		.cfi_offset 5, -12
 140              		.cfi_offset 6, -8
 141              		.cfi_offset 14, -4
 213:Generated_Source\PSoC4/cyfitter_cfg.c **** 	/* Enable HALF_EN before trimming for the flash accelerator. */
 214:Generated_Source\PSoC4/cyfitter_cfg.c **** 	CY_SET_REG32((void CYXDATA *)(CYREG_CLK_SELECT), (CY_GET_REG32((void *)CYREG_CLK_SELECT) | 0x00040
 142              		.loc 1 214 0
 143 0002 164C     		ldr	r4, .L8
 144 0004 2368     		ldr	r3, [r4]
 145 0006 8022     		movs	r2, #128
 146 0008 D202     		lsls	r2, r2, #11
 147 000a 1343     		orrs	r3, r2
 148 000c 2360     		str	r3, [r4]
 215:Generated_Source\PSoC4/cyfitter_cfg.c **** 
 216:Generated_Source\PSoC4/cyfitter_cfg.c **** 	/* Setup and trim IMO based on desired frequency. */
 217:Generated_Source\PSoC4/cyfitter_cfg.c **** 	CySysClkWriteImoFreq(24u);
 149              		.loc 1 217 0
 150 000e 1820     		movs	r0, #24
 151 0010 FFF7FEFF 		bl	CySysClkWriteImoFreq
 152              	.LVL15:
 218:Generated_Source\PSoC4/cyfitter_cfg.c **** 
 219:Generated_Source\PSoC4/cyfitter_cfg.c **** 	/* Disable HALF_EN since it is not required at this IMO frequency. */
 220:Generated_Source\PSoC4/cyfitter_cfg.c **** 	CY_SET_REG32((void CYXDATA *)(CYREG_CLK_SELECT), (CY_GET_REG32((void *)CYREG_CLK_SELECT) & 0xFFFBF
 153              		.loc 1 220 0
 154 0014 2268     		ldr	r2, [r4]
 155 0016 124B     		ldr	r3, .L8+4
 156 0018 1340     		ands	r3, r2
 157 001a 2360     		str	r3, [r4]
 221:Generated_Source\PSoC4/cyfitter_cfg.c **** 	/* CYDEV_CLK_ILO_CONFIG Starting address: CYDEV_CLK_ILO_CONFIG */
 222:Generated_Source\PSoC4/cyfitter_cfg.c **** 	CY_SET_REG32((void *)(CYREG_CLK_ILO_CONFIG), 0x80000006u);
 158              		.loc 1 222 0
 159 001c 114A     		ldr	r2, .L8+8
 160 001e 124B     		ldr	r3, .L8+12
 161 0020 1A60     		str	r2, [r3]
 223:Generated_Source\PSoC4/cyfitter_cfg.c **** 
 224:Generated_Source\PSoC4/cyfitter_cfg.c **** 
 225:Generated_Source\PSoC4/cyfitter_cfg.c **** 	/* CYDEV_CLK_SELECT00 Starting address: CYDEV_CLK_SELECT00 */
 226:Generated_Source\PSoC4/cyfitter_cfg.c **** 	CY_SET_REG32((void *)(CYREG_CLK_SELECT08), 0x00000010u);
 162              		.loc 1 226 0
 163 0022 1022     		movs	r2, #16
 164 0024 114B     		ldr	r3, .L8+16
 165 0026 1A60     		str	r2, [r3]
 227:Generated_Source\PSoC4/cyfitter_cfg.c **** 	CY_SET_REG32((void *)(CYREG_CLK_SELECT09), 0x00000020u);
 166              		.loc 1 227 0
ARM GAS  C:\Users\jagumiel\AppData\Local\Temp\cclaKnWW.s 			page 8


 167 0028 1032     		adds	r2, r2, #16
 168 002a 114B     		ldr	r3, .L8+20
 169 002c 1A60     		str	r2, [r3]
 228:Generated_Source\PSoC4/cyfitter_cfg.c **** 
 229:Generated_Source\PSoC4/cyfitter_cfg.c **** 	/* CYDEV_CLK_IMO_CONFIG Starting address: CYDEV_CLK_IMO_CONFIG */
 230:Generated_Source\PSoC4/cyfitter_cfg.c **** 	CY_SET_REG32((void *)(CYREG_CLK_IMO_CONFIG), 0x80000000u);
 170              		.loc 1 230 0
 171 002e 8022     		movs	r2, #128
 172 0030 1206     		lsls	r2, r2, #24
 173 0032 104B     		ldr	r3, .L8+24
 174 0034 1A60     		str	r2, [r3]
 231:Generated_Source\PSoC4/cyfitter_cfg.c **** 
 232:Generated_Source\PSoC4/cyfitter_cfg.c **** 	/* CYDEV_CLK_SELECT Starting address: CYDEV_CLK_SELECT */
 233:Generated_Source\PSoC4/cyfitter_cfg.c **** 	CY_SET_REG32((void *)(CYREG_CLK_SELECT), 0x00000000u);
 175              		.loc 1 233 0
 176 0036 0025     		movs	r5, #0
 177 0038 2560     		str	r5, [r4]
 234:Generated_Source\PSoC4/cyfitter_cfg.c **** 
 235:Generated_Source\PSoC4/cyfitter_cfg.c **** 	/* CYDEV_CLK_DIVIDER_A00 Starting address: CYDEV_CLK_DIVIDER_A00 */
 236:Generated_Source\PSoC4/cyfitter_cfg.c **** 	CY_SET_REG32((void *)(CYREG_CLK_DIVIDER_A00), 0x80000001u);
 178              		.loc 1 236 0
 179 003a 0F4A     		ldr	r2, .L8+28
 180 003c 0F4B     		ldr	r3, .L8+32
 181 003e 1A60     		str	r2, [r3]
 237:Generated_Source\PSoC4/cyfitter_cfg.c **** 
 238:Generated_Source\PSoC4/cyfitter_cfg.c **** 	/* CYDEV_CLK_DIVIDER_B00 Starting address: CYDEV_CLK_DIVIDER_B00 */
 239:Generated_Source\PSoC4/cyfitter_cfg.c **** 	CY_SET_REG32((void *)(CYREG_CLK_DIVIDER_B00), 0x80005DBFu);
 182              		.loc 1 239 0
 183 0040 0F4A     		ldr	r2, .L8+36
 184 0042 104B     		ldr	r3, .L8+40
 185 0044 1A60     		str	r2, [r3]
 240:Generated_Source\PSoC4/cyfitter_cfg.c **** 
 241:Generated_Source\PSoC4/cyfitter_cfg.c **** 	(void)CyIntSetVector(9u, &CySysWdtIsr);
 186              		.loc 1 241 0
 187 0046 1049     		ldr	r1, .L8+44
 188 0048 0920     		movs	r0, #9
 189 004a FFF7FEFF 		bl	CyIntSetVector
 190              	.LVL16:
 242:Generated_Source\PSoC4/cyfitter_cfg.c **** 	CyIntEnable(9u);
 191              		.loc 1 242 0
 192 004e 0920     		movs	r0, #9
 193 0050 FFF7FEFF 		bl	CyIntEnable
 194              	.LVL17:
 243:Generated_Source\PSoC4/cyfitter_cfg.c **** 	CY_SET_REG32((void *)(CYREG_WDT_CONFIG), 0x00000000u);
 195              		.loc 1 243 0
 196 0054 0D4B     		ldr	r3, .L8+48
 197 0056 1D60     		str	r5, [r3]
 244:Generated_Source\PSoC4/cyfitter_cfg.c **** }
 198              		.loc 1 244 0
 199              		@ sp needed
 200 0058 70BD     		pop	{r4, r5, r6, pc}
 201              	.L9:
 202 005a C046     		.align	2
 203              	.L8:
 204 005c 00010B40 		.word	1074462976
 205 0060 FFFFFBFF 		.word	-262145
 206 0064 06000080 		.word	-2147483642
ARM GAS  C:\Users\jagumiel\AppData\Local\Temp\cclaKnWW.s 			page 9


 207 0068 04010B40 		.word	1074462980
 208 006c 20020240 		.word	1073873440
 209 0070 24020240 		.word	1073873444
 210 0074 08010B40 		.word	1074462984
 211 0078 01000080 		.word	-2147483647
 212 007c 00000240 		.word	1073872896
 213 0080 BF5D0080 		.word	-2147459649
 214 0084 40000240 		.word	1073872960
 215 0088 00000000 		.word	CySysWdtIsr
 216 008c 0C020B40 		.word	1074463244
 217              		.cfi_endproc
 218              	.LFE4:
 219              		.size	ClockSetup, .-ClockSetup
 220              		.align	2
 221              		.global	cyfitter_cfg
 222              		.code	16
 223              		.thumb_func
 224              		.type	cyfitter_cfg, %function
 225              	cyfitter_cfg:
 226              	.LFB6:
 245:Generated_Source\PSoC4/cyfitter_cfg.c **** 
 246:Generated_Source\PSoC4/cyfitter_cfg.c **** 
 247:Generated_Source\PSoC4/cyfitter_cfg.c **** /* Analog API Functions */
 248:Generated_Source\PSoC4/cyfitter_cfg.c **** 
 249:Generated_Source\PSoC4/cyfitter_cfg.c **** 
 250:Generated_Source\PSoC4/cyfitter_cfg.c **** /*******************************************************************************
 251:Generated_Source\PSoC4/cyfitter_cfg.c **** * Function Name: AnalogSetDefault
 252:Generated_Source\PSoC4/cyfitter_cfg.c **** ********************************************************************************
 253:Generated_Source\PSoC4/cyfitter_cfg.c **** *
 254:Generated_Source\PSoC4/cyfitter_cfg.c **** * Summary:
 255:Generated_Source\PSoC4/cyfitter_cfg.c **** *  Sets up the analog portions of the chip to default values based on chip
 256:Generated_Source\PSoC4/cyfitter_cfg.c **** *  configuration options from the project.
 257:Generated_Source\PSoC4/cyfitter_cfg.c **** *
 258:Generated_Source\PSoC4/cyfitter_cfg.c **** * Parameters:
 259:Generated_Source\PSoC4/cyfitter_cfg.c **** *  void
 260:Generated_Source\PSoC4/cyfitter_cfg.c **** *
 261:Generated_Source\PSoC4/cyfitter_cfg.c **** * Return:
 262:Generated_Source\PSoC4/cyfitter_cfg.c **** *  void
 263:Generated_Source\PSoC4/cyfitter_cfg.c **** *
 264:Generated_Source\PSoC4/cyfitter_cfg.c **** *******************************************************************************/
 265:Generated_Source\PSoC4/cyfitter_cfg.c **** static void AnalogSetDefault(void);
 266:Generated_Source\PSoC4/cyfitter_cfg.c **** static void AnalogSetDefault(void)
 267:Generated_Source\PSoC4/cyfitter_cfg.c **** {
 268:Generated_Source\PSoC4/cyfitter_cfg.c **** }
 269:Generated_Source\PSoC4/cyfitter_cfg.c **** 
 270:Generated_Source\PSoC4/cyfitter_cfg.c **** 
 271:Generated_Source\PSoC4/cyfitter_cfg.c **** 
 272:Generated_Source\PSoC4/cyfitter_cfg.c **** 
 273:Generated_Source\PSoC4/cyfitter_cfg.c **** /*******************************************************************************
 274:Generated_Source\PSoC4/cyfitter_cfg.c **** * Function Name: cyfitter_cfg
 275:Generated_Source\PSoC4/cyfitter_cfg.c **** ********************************************************************************
 276:Generated_Source\PSoC4/cyfitter_cfg.c **** * Summary:
 277:Generated_Source\PSoC4/cyfitter_cfg.c **** *  This function is called by the start-up code for the selected device. It
 278:Generated_Source\PSoC4/cyfitter_cfg.c **** *  performs all of the necessary device configuration based on the design
 279:Generated_Source\PSoC4/cyfitter_cfg.c **** *  settings.  This includes settings from the Design Wide Resources (DWR) such
 280:Generated_Source\PSoC4/cyfitter_cfg.c **** *  as Clocks and Pins as well as any component configuration that is necessary.
 281:Generated_Source\PSoC4/cyfitter_cfg.c **** *
ARM GAS  C:\Users\jagumiel\AppData\Local\Temp\cclaKnWW.s 			page 10


 282:Generated_Source\PSoC4/cyfitter_cfg.c **** * Parameters:
 283:Generated_Source\PSoC4/cyfitter_cfg.c **** *   void
 284:Generated_Source\PSoC4/cyfitter_cfg.c **** *
 285:Generated_Source\PSoC4/cyfitter_cfg.c **** * Return:
 286:Generated_Source\PSoC4/cyfitter_cfg.c **** *   void
 287:Generated_Source\PSoC4/cyfitter_cfg.c **** *
 288:Generated_Source\PSoC4/cyfitter_cfg.c **** *******************************************************************************/
 289:Generated_Source\PSoC4/cyfitter_cfg.c **** CY_CFG_SECTION
 290:Generated_Source\PSoC4/cyfitter_cfg.c **** void cyfitter_cfg(void)
 291:Generated_Source\PSoC4/cyfitter_cfg.c **** {
 227              		.loc 1 291 0
 228              		.cfi_startproc
 229              		@ args = 0, pretend = 0, frame = 0
 230              		@ frame_needed = 0, uses_anonymous_args = 0
 231 0090 10B5     		push	{r4, lr}
 232              		.cfi_def_cfa_offset 8
 233              		.cfi_offset 4, -8
 234              		.cfi_offset 14, -4
 292:Generated_Source\PSoC4/cyfitter_cfg.c **** 	/* Disable interrupts by default. Let user enable if/when they want. */
 293:Generated_Source\PSoC4/cyfitter_cfg.c **** 	CyGlobalIntDisable;
 235              		.loc 1 293 0
 236              		.syntax divided
 237              	@ 293 "Generated_Source\PSoC4\cyfitter_cfg.c" 1
 238 0092 72B6     		CPSID   i
 239              	@ 0 "" 2
 240              	.LVL18:
 241              		.thumb
 242              		.syntax unified
 243              	.LBB3:
 294:Generated_Source\PSoC4/cyfitter_cfg.c **** 
 295:Generated_Source\PSoC4/cyfitter_cfg.c **** 	{
 296:Generated_Source\PSoC4/cyfitter_cfg.c **** 		static const uint32 CYCODE cy_cfg_addr_table[] = {
 297:Generated_Source\PSoC4/cyfitter_cfg.c **** 			0x400F3301u, /* Base address: 0x400F3300 Count: 1 */
 298:Generated_Source\PSoC4/cyfitter_cfg.c **** 			0x400F4002u, /* Base address: 0x400F4000 Count: 2 */
 299:Generated_Source\PSoC4/cyfitter_cfg.c **** 			0x400F4106u, /* Base address: 0x400F4100 Count: 6 */
 300:Generated_Source\PSoC4/cyfitter_cfg.c **** 			0x400F4304u, /* Base address: 0x400F4300 Count: 4 */
 301:Generated_Source\PSoC4/cyfitter_cfg.c **** 			0x400F6002u, /* Base address: 0x400F6000 Count: 2 */
 302:Generated_Source\PSoC4/cyfitter_cfg.c **** 		};
 303:Generated_Source\PSoC4/cyfitter_cfg.c **** 
 304:Generated_Source\PSoC4/cyfitter_cfg.c **** 		static const cy_cfg_addrvalue_t CYCODE cy_cfg_data_table[] = {
 305:Generated_Source\PSoC4/cyfitter_cfg.c **** 			{0xE6u, 0x10u},
 306:Generated_Source\PSoC4/cyfitter_cfg.c **** 			{0x0Eu, 0x08u},
 307:Generated_Source\PSoC4/cyfitter_cfg.c **** 			{0xC2u, 0x80u},
 308:Generated_Source\PSoC4/cyfitter_cfg.c **** 			{0x4Au, 0x04u},
 309:Generated_Source\PSoC4/cyfitter_cfg.c **** 			{0x62u, 0x04u},
 310:Generated_Source\PSoC4/cyfitter_cfg.c **** 			{0x8Eu, 0x04u},
 311:Generated_Source\PSoC4/cyfitter_cfg.c **** 			{0xA2u, 0x04u},
 312:Generated_Source\PSoC4/cyfitter_cfg.c **** 			{0xD2u, 0x10u},
 313:Generated_Source\PSoC4/cyfitter_cfg.c **** 			{0xD8u, 0x40u},
 314:Generated_Source\PSoC4/cyfitter_cfg.c **** 			{0x18u, 0x80u},
 315:Generated_Source\PSoC4/cyfitter_cfg.c **** 			{0x8Cu, 0x40u},
 316:Generated_Source\PSoC4/cyfitter_cfg.c **** 			{0xC6u, 0x08u},
 317:Generated_Source\PSoC4/cyfitter_cfg.c **** 			{0xE6u, 0x08u},
 318:Generated_Source\PSoC4/cyfitter_cfg.c **** 			{0x02u, 0x01u},
 319:Generated_Source\PSoC4/cyfitter_cfg.c **** 			{0x11u, 0x01u},
 320:Generated_Source\PSoC4/cyfitter_cfg.c **** 		};
 321:Generated_Source\PSoC4/cyfitter_cfg.c **** 
ARM GAS  C:\Users\jagumiel\AppData\Local\Temp\cclaKnWW.s 			page 11


 322:Generated_Source\PSoC4/cyfitter_cfg.c **** 
 323:Generated_Source\PSoC4/cyfitter_cfg.c **** 
 324:Generated_Source\PSoC4/cyfitter_cfg.c **** 		CYPACKED typedef struct {
 325:Generated_Source\PSoC4/cyfitter_cfg.c **** 			void CYFAR *address;
 326:Generated_Source\PSoC4/cyfitter_cfg.c **** 			uint16 size;
 327:Generated_Source\PSoC4/cyfitter_cfg.c **** 		} CYPACKED_ATTR cfg_memset_t;
 328:Generated_Source\PSoC4/cyfitter_cfg.c **** 
 329:Generated_Source\PSoC4/cyfitter_cfg.c **** 		static const cfg_memset_t CYCODE cfg_memset_list[] = {
 330:Generated_Source\PSoC4/cyfitter_cfg.c **** 			/* address, size */
 331:Generated_Source\PSoC4/cyfitter_cfg.c **** 			{(void CYFAR *)(CYDEV_UDB_P0_U0_BASE), 1024u},
 332:Generated_Source\PSoC4/cyfitter_cfg.c **** 			{(void CYFAR *)(CYDEV_UDB_DSI0_BASE), 1024u},
 333:Generated_Source\PSoC4/cyfitter_cfg.c **** 		};
 334:Generated_Source\PSoC4/cyfitter_cfg.c **** 
 335:Generated_Source\PSoC4/cyfitter_cfg.c **** 		uint8 CYDATA i;
 336:Generated_Source\PSoC4/cyfitter_cfg.c **** 
 337:Generated_Source\PSoC4/cyfitter_cfg.c **** 		/* Zero out critical memory blocks before beginning configuration */
 338:Generated_Source\PSoC4/cyfitter_cfg.c **** 		for (i = 0u; i < (sizeof(cfg_memset_list)/sizeof(cfg_memset_list[0])); i++)
 244              		.loc 1 338 0
 245 0094 0024     		movs	r4, #0
 246 0096 0FE0     		b	.L11
 247              	.LVL19:
 248              	.L12:
 249              	.LBB4:
 339:Generated_Source\PSoC4/cyfitter_cfg.c **** 		{
 340:Generated_Source\PSoC4/cyfitter_cfg.c **** 			const cfg_memset_t CYCODE * CYDATA ms = &cfg_memset_list[i];
 341:Generated_Source\PSoC4/cyfitter_cfg.c **** 			CYMEMZERO(ms->address, (size_t)(uint32)(ms->size));
 250              		.loc 1 341 0 discriminator 3
 251 0098 2648     		ldr	r0, .L13
 252 009a 6200     		lsls	r2, r4, #1
 253 009c 1319     		adds	r3, r2, r4
 254 009e 5900     		lsls	r1, r3, #1
 255 00a0 0B00     		movs	r3, r1
 256 00a2 4118     		adds	r1, r0, r1
 257 00a4 8988     		ldrh	r1, [r1, #4]
 258 00a6 1A5A     		ldrh	r2, [r3, r0]
 259 00a8 C318     		adds	r3, r0, r3
 260 00aa 5888     		ldrh	r0, [r3, #2]
 261 00ac 0004     		lsls	r0, r0, #16
 262 00ae 1043     		orrs	r0, r2
 263 00b0 FFF7FEFF 		bl	CYMEMZERO
 264              	.LVL20:
 265              	.LBE4:
 338:Generated_Source\PSoC4/cyfitter_cfg.c **** 		{
 266              		.loc 1 338 0 discriminator 3
 267 00b4 0134     		adds	r4, r4, #1
 268              	.LVL21:
 269 00b6 E4B2     		uxtb	r4, r4
 270              	.LVL22:
 271              	.L11:
 338:Generated_Source\PSoC4/cyfitter_cfg.c **** 		{
 272              		.loc 1 338 0 is_stmt 0 discriminator 1
 273 00b8 012C     		cmp	r4, #1
 274 00ba EDD9     		bls	.L12
 342:Generated_Source\PSoC4/cyfitter_cfg.c **** 		}
 343:Generated_Source\PSoC4/cyfitter_cfg.c **** 
 344:Generated_Source\PSoC4/cyfitter_cfg.c **** 		cfg_write_bytes32(cy_cfg_addr_table, cy_cfg_data_table);
 275              		.loc 1 344 0 is_stmt 1
ARM GAS  C:\Users\jagumiel\AppData\Local\Temp\cclaKnWW.s 			page 12


 276 00bc 1D48     		ldr	r0, .L13
 277 00be 0100     		movs	r1, r0
 278 00c0 0C31     		adds	r1, r1, #12
 279 00c2 2C30     		adds	r0, r0, #44
 280 00c4 FFF7FEFF 		bl	cfg_write_bytes32
 281              	.LVL23:
 345:Generated_Source\PSoC4/cyfitter_cfg.c **** 
 346:Generated_Source\PSoC4/cyfitter_cfg.c **** 		/* HSIOM Starting address: CYDEV_HSIOM_BASE */
 347:Generated_Source\PSoC4/cyfitter_cfg.c **** 		CY_SET_REG32((void *)(CYREG_HSIOM_PORT_SEL1), 0x03000000u);
 282              		.loc 1 347 0
 283 00c8 C022     		movs	r2, #192
 284 00ca 9204     		lsls	r2, r2, #18
 285 00cc 1A4B     		ldr	r3, .L13+4
 286 00ce 1A60     		str	r2, [r3]
 348:Generated_Source\PSoC4/cyfitter_cfg.c **** 		CY_SET_REG32((void *)(CYREG_HSIOM_PORT_SEL3), 0x0000EE00u);
 287              		.loc 1 348 0
 288 00d0 EE22     		movs	r2, #238
 289 00d2 1202     		lsls	r2, r2, #8
 290 00d4 194B     		ldr	r3, .L13+8
 291 00d6 1A60     		str	r2, [r3]
 349:Generated_Source\PSoC4/cyfitter_cfg.c **** 
 350:Generated_Source\PSoC4/cyfitter_cfg.c **** 		/* UDB_PA_0 Starting address: CYDEV_UDB_PA0_BASE */
 351:Generated_Source\PSoC4/cyfitter_cfg.c **** 		CY_SET_REG32((void *)(CYDEV_UDB_PA0_BASE), 0x00990004u);
 292              		.loc 1 351 0
 293 00d8 194A     		ldr	r2, .L13+12
 294 00da 1A4B     		ldr	r3, .L13+16
 295 00dc 1A60     		str	r2, [r3]
 352:Generated_Source\PSoC4/cyfitter_cfg.c **** 		CY_SET_REG32((void *)(CYREG_UDB_PA0_CFG4), 0x80000000u);
 296              		.loc 1 352 0
 297 00de 8022     		movs	r2, #128
 298 00e0 1206     		lsls	r2, r2, #24
 299 00e2 194B     		ldr	r3, .L13+20
 300 00e4 1A60     		str	r2, [r3]
 353:Generated_Source\PSoC4/cyfitter_cfg.c **** 
 354:Generated_Source\PSoC4/cyfitter_cfg.c **** 		/* UDB_PA_1 Starting address: CYDEV_UDB_PA1_BASE */
 355:Generated_Source\PSoC4/cyfitter_cfg.c **** 		CY_SET_REG32((void *)(CYDEV_UDB_PA1_BASE), 0x00990000u);
 301              		.loc 1 355 0
 302 00e6 9923     		movs	r3, #153
 303 00e8 1B04     		lsls	r3, r3, #16
 304 00ea 184A     		ldr	r2, .L13+24
 305 00ec 1360     		str	r3, [r2]
 356:Generated_Source\PSoC4/cyfitter_cfg.c **** 		CY_SET_REG32((void *)(CYREG_UDB_PA1_CFG8), 0x20000000u);
 306              		.loc 1 356 0
 307 00ee 8021     		movs	r1, #128
 308 00f0 8905     		lsls	r1, r1, #22
 309 00f2 174A     		ldr	r2, .L13+28
 310 00f4 1160     		str	r1, [r2]
 357:Generated_Source\PSoC4/cyfitter_cfg.c **** 
 358:Generated_Source\PSoC4/cyfitter_cfg.c **** 		/* UDB_PA_3 Starting address: CYDEV_UDB_PA3_BASE */
 359:Generated_Source\PSoC4/cyfitter_cfg.c **** 		CY_SET_REG32((void *)(CYDEV_UDB_PA3_BASE), 0x00990000u);
 311              		.loc 1 359 0
 312 00f6 174A     		ldr	r2, .L13+32
 313 00f8 1360     		str	r3, [r2]
 360:Generated_Source\PSoC4/cyfitter_cfg.c **** 
 361:Generated_Source\PSoC4/cyfitter_cfg.c **** 		/* TCPWM_CNT1 Starting address: CYDEV_TCPWM_CNT1_TR_CTRL0 */
 362:Generated_Source\PSoC4/cyfitter_cfg.c **** 		CY_SET_REG32((void *)(CYREG_TCPWM_CNT1_TR_CTRL0), 0x000EEE1Eu);
 314              		.loc 1 362 0
ARM GAS  C:\Users\jagumiel\AppData\Local\Temp\cclaKnWW.s 			page 13


 315 00fa 174A     		ldr	r2, .L13+36
 316 00fc 174B     		ldr	r3, .L13+40
 317 00fe 1A60     		str	r2, [r3]
 363:Generated_Source\PSoC4/cyfitter_cfg.c **** 
 364:Generated_Source\PSoC4/cyfitter_cfg.c **** 		/* Enable digital routing */
 365:Generated_Source\PSoC4/cyfitter_cfg.c **** 		CY_SET_XTND_REG8((void *)CYREG_UDB_UDBIF_BANK_CTL, (uint8)(CY_GET_XTND_REG8((void *)CYREG_UDB_UDB
 318              		.loc 1 365 0
 319 0100 174A     		ldr	r2, .L13+44
 320 0102 1178     		ldrb	r1, [r2]
 321 0104 0623     		movs	r3, #6
 322 0106 0B43     		orrs	r3, r1
 323 0108 DBB2     		uxtb	r3, r3
 324 010a 1370     		strb	r3, [r2]
 325              	.LBE3:
 366:Generated_Source\PSoC4/cyfitter_cfg.c **** 	}
 367:Generated_Source\PSoC4/cyfitter_cfg.c **** 
 368:Generated_Source\PSoC4/cyfitter_cfg.c **** 	/* Perform second pass device configuration. These items must be configured in specific order afte
 369:Generated_Source\PSoC4/cyfitter_cfg.c **** 	/* IOPINS0_0 Starting address: CYDEV_PRT0_BASE */
 370:Generated_Source\PSoC4/cyfitter_cfg.c **** 	CY_SET_REG32((void *)(CYDEV_PRT0_BASE), 0x0000008Cu);
 326              		.loc 1 370 0
 327 010c 8C22     		movs	r2, #140
 328 010e 154B     		ldr	r3, .L13+48
 329 0110 1A60     		str	r2, [r3]
 371:Generated_Source\PSoC4/cyfitter_cfg.c **** 	CY_SET_REG32((void *)(CYREG_PRT0_PC), 0x00400D80u);
 330              		.loc 1 371 0
 331 0112 154A     		ldr	r2, .L13+52
 332 0114 154B     		ldr	r3, .L13+56
 333 0116 1A60     		str	r2, [r3]
 372:Generated_Source\PSoC4/cyfitter_cfg.c **** 
 373:Generated_Source\PSoC4/cyfitter_cfg.c **** 	/* IOPINS0_1 Starting address: CYDEV_PRT1_BASE */
 374:Generated_Source\PSoC4/cyfitter_cfg.c **** 	CY_SET_REG32((void *)(CYDEV_PRT1_BASE), 0x00000040u);
 334              		.loc 1 374 0
 335 0118 4022     		movs	r2, #64
 336 011a 154B     		ldr	r3, .L13+60
 337 011c 1A60     		str	r2, [r3]
 375:Generated_Source\PSoC4/cyfitter_cfg.c **** 	CY_SET_REG32((void *)(CYREG_PRT1_PC), 0x00180000u);
 338              		.loc 1 375 0
 339 011e C022     		movs	r2, #192
 340 0120 5203     		lsls	r2, r2, #13
 341 0122 144B     		ldr	r3, .L13+64
 342 0124 1A60     		str	r2, [r3]
 376:Generated_Source\PSoC4/cyfitter_cfg.c **** 
 377:Generated_Source\PSoC4/cyfitter_cfg.c **** 	/* IOPINS0_3 Starting address: CYDEV_PRT3_BASE */
 378:Generated_Source\PSoC4/cyfitter_cfg.c **** 	CY_SET_REG32((void *)(CYREG_PRT3_PC), 0x00000D80u);
 343              		.loc 1 378 0
 344 0126 D822     		movs	r2, #216
 345 0128 1201     		lsls	r2, r2, #4
 346 012a 134B     		ldr	r3, .L13+68
 347 012c 1A60     		str	r2, [r3]
 379:Generated_Source\PSoC4/cyfitter_cfg.c **** 
 380:Generated_Source\PSoC4/cyfitter_cfg.c **** 
 381:Generated_Source\PSoC4/cyfitter_cfg.c **** 	/* Setup clocks based on selections from Clock DWR */
 382:Generated_Source\PSoC4/cyfitter_cfg.c **** 	ClockSetup();
 348              		.loc 1 382 0
 349 012e FFF767FF 		bl	ClockSetup
 350              	.LVL24:
 383:Generated_Source\PSoC4/cyfitter_cfg.c **** 
ARM GAS  C:\Users\jagumiel\AppData\Local\Temp\cclaKnWW.s 			page 14


 384:Generated_Source\PSoC4/cyfitter_cfg.c **** 	/* Perform basic analog initialization to defaults */
 385:Generated_Source\PSoC4/cyfitter_cfg.c **** 	AnalogSetDefault();
 386:Generated_Source\PSoC4/cyfitter_cfg.c **** 
 387:Generated_Source\PSoC4/cyfitter_cfg.c **** }
 351              		.loc 1 387 0
 352              		@ sp needed
 353              	.LVL25:
 354 0132 10BD     		pop	{r4, pc}
 355              	.L14:
 356              		.align	2
 357              	.L13:
 358 0134 00000000 		.word	.LANCHOR0
 359 0138 04000140 		.word	1073807364
 360 013c 0C000140 		.word	1073807372
 361 0140 04009900 		.word	10027012
 362 0144 00500F40 		.word	1074745344
 363 0148 04500F40 		.word	1074745348
 364 014c 10500F40 		.word	1074745360
 365 0150 18500F40 		.word	1074745368
 366 0154 30500F40 		.word	1074745392
 367 0158 1EEE0E00 		.word	978462
 368 015c 60010540 		.word	1074069856
 369 0160 00700F40 		.word	1074753536
 370 0164 00000440 		.word	1074003968
 371 0168 800D4000 		.word	4197760
 372 016c 08000440 		.word	1074003976
 373 0170 00010440 		.word	1074004224
 374 0174 08010440 		.word	1074004232
 375 0178 08030440 		.word	1074004744
 376              		.cfi_endproc
 377              	.LFE6:
 378              		.size	cyfitter_cfg, .-cyfitter_cfg
 379              		.section	.rodata
 380              		.align	2
 381              		.set	.LANCHOR0,. + 0
 382              		.type	cfg_memset_list.4870, %object
 383              		.size	cfg_memset_list.4870, 12
 384              	cfg_memset_list.4870:
 385 0000 00300F40 		.word	1074737152
 386 0004 0004     		.short	1024
 387 0006 00400F40 		.4byte	1074741248
 388 000a 0004     		.short	1024
 389              		.type	cy_cfg_data_table.4865, %object
 390              		.size	cy_cfg_data_table.4865, 30
 391              	cy_cfg_data_table.4865:
 392 000c E6       		.byte	-26
 393 000d 10       		.byte	16
 394 000e 0E       		.byte	14
 395 000f 08       		.byte	8
 396 0010 C2       		.byte	-62
 397 0011 80       		.byte	-128
 398 0012 4A       		.byte	74
 399 0013 04       		.byte	4
 400 0014 62       		.byte	98
 401 0015 04       		.byte	4
 402 0016 8E       		.byte	-114
 403 0017 04       		.byte	4
ARM GAS  C:\Users\jagumiel\AppData\Local\Temp\cclaKnWW.s 			page 15


 404 0018 A2       		.byte	-94
 405 0019 04       		.byte	4
 406 001a D2       		.byte	-46
 407 001b 10       		.byte	16
 408 001c D8       		.byte	-40
 409 001d 40       		.byte	64
 410 001e 18       		.byte	24
 411 001f 80       		.byte	-128
 412 0020 8C       		.byte	-116
 413 0021 40       		.byte	64
 414 0022 C6       		.byte	-58
 415 0023 08       		.byte	8
 416 0024 E6       		.byte	-26
 417 0025 08       		.byte	8
 418 0026 02       		.byte	2
 419 0027 01       		.byte	1
 420 0028 11       		.byte	17
 421 0029 01       		.byte	1
 422 002a 0000     		.space	2
 423              		.type	cy_cfg_addr_table.4864, %object
 424              		.size	cy_cfg_addr_table.4864, 20
 425              	cy_cfg_addr_table.4864:
 426 002c 01330F40 		.word	1074737921
 427 0030 02400F40 		.word	1074741250
 428 0034 06410F40 		.word	1074741510
 429 0038 04430F40 		.word	1074742020
 430 003c 02600F40 		.word	1074749442
 431              		.text
 432              	.Letext0:
 433              		.file 2 "c:\\program files (x86)\\cypress\\psoc creator\\4.2\\psoc creator\\import\\gnu\\arm\\5.4.
 434              		.file 3 "Generated_Source\\PSoC4\\cytypes.h"
 435              		.file 4 "Generated_Source\\PSoC4\\CyLib.h"
 436              		.section	.debug_info,"",%progbits
 437              	.Ldebug_info0:
 438 0000 9C030000 		.4byte	0x39c
 439 0004 0400     		.2byte	0x4
 440 0006 00000000 		.4byte	.Ldebug_abbrev0
 441 000a 04       		.byte	0x4
 442 000b 01       		.uleb128 0x1
 443 000c 30010000 		.4byte	.LASF39
 444 0010 0C       		.byte	0xc
 445 0011 A6020000 		.4byte	.LASF40
 446 0015 3C020000 		.4byte	.LASF41
 447 0019 00000000 		.4byte	.Ldebug_ranges0+0
 448 001d 00000000 		.4byte	0
 449 0021 00000000 		.4byte	.Ldebug_line0
 450 0025 02       		.uleb128 0x2
 451 0026 04       		.byte	0x4
 452 0027 05       		.byte	0x5
 453 0028 696E7400 		.ascii	"int\000"
 454 002c 03       		.uleb128 0x3
 455 002d 06000000 		.4byte	.LASF12
 456 0031 02       		.byte	0x2
 457 0032 D8       		.byte	0xd8
 458 0033 37000000 		.4byte	0x37
 459 0037 04       		.uleb128 0x4
 460 0038 04       		.byte	0x4
ARM GAS  C:\Users\jagumiel\AppData\Local\Temp\cclaKnWW.s 			page 16


 461 0039 07       		.byte	0x7
 462 003a F7000000 		.4byte	.LASF0
 463 003e 04       		.uleb128 0x4
 464 003f 08       		.byte	0x8
 465 0040 05       		.byte	0x5
 466 0041 F0010000 		.4byte	.LASF1
 467 0045 04       		.uleb128 0x4
 468 0046 08       		.byte	0x8
 469 0047 04       		.byte	0x4
 470 0048 8E020000 		.4byte	.LASF2
 471 004c 04       		.uleb128 0x4
 472 004d 01       		.byte	0x1
 473 004e 06       		.byte	0x6
 474 004f 9A020000 		.4byte	.LASF3
 475 0053 04       		.uleb128 0x4
 476 0054 01       		.byte	0x1
 477 0055 08       		.byte	0x8
 478 0056 99000000 		.4byte	.LASF4
 479 005a 04       		.uleb128 0x4
 480 005b 02       		.byte	0x2
 481 005c 05       		.byte	0x5
 482 005d 1D020000 		.4byte	.LASF5
 483 0061 04       		.uleb128 0x4
 484 0062 02       		.byte	0x2
 485 0063 07       		.byte	0x7
 486 0064 DD010000 		.4byte	.LASF6
 487 0068 04       		.uleb128 0x4
 488 0069 04       		.byte	0x4
 489 006a 05       		.byte	0x5
 490 006b 85020000 		.4byte	.LASF7
 491 006f 04       		.uleb128 0x4
 492 0070 04       		.byte	0x4
 493 0071 07       		.byte	0x7
 494 0072 77000000 		.4byte	.LASF8
 495 0076 04       		.uleb128 0x4
 496 0077 08       		.byte	0x8
 497 0078 07       		.byte	0x7
 498 0079 19010000 		.4byte	.LASF9
 499 007d 04       		.uleb128 0x4
 500 007e 04       		.byte	0x4
 501 007f 07       		.byte	0x7
 502 0080 D4010000 		.4byte	.LASF10
 503 0084 05       		.uleb128 0x5
 504 0085 04       		.byte	0x4
 505 0086 04       		.uleb128 0x4
 506 0087 01       		.byte	0x1
 507 0088 08       		.byte	0x8
 508 0089 FE010000 		.4byte	.LASF11
 509 008d 06       		.uleb128 0x6
 510 008e 89000000 		.4byte	.LASF13
 511 0092 03       		.byte	0x3
 512 0093 E401     		.2byte	0x1e4
 513 0095 53000000 		.4byte	0x53
 514 0099 06       		.uleb128 0x6
 515 009a DE000000 		.4byte	.LASF14
 516 009e 03       		.byte	0x3
 517 009f E501     		.2byte	0x1e5
ARM GAS  C:\Users\jagumiel\AppData\Local\Temp\cclaKnWW.s 			page 17


 518 00a1 61000000 		.4byte	0x61
 519 00a5 06       		.uleb128 0x6
 520 00a6 F0000000 		.4byte	.LASF15
 521 00aa 03       		.byte	0x3
 522 00ab E601     		.2byte	0x1e6
 523 00ad 6F000000 		.4byte	0x6f
 524 00b1 04       		.uleb128 0x4
 525 00b2 04       		.byte	0x4
 526 00b3 04       		.byte	0x4
 527 00b4 57000000 		.4byte	.LASF16
 528 00b8 04       		.uleb128 0x4
 529 00b9 08       		.byte	0x8
 530 00ba 04       		.byte	0x4
 531 00bb AE000000 		.4byte	.LASF17
 532 00bf 06       		.uleb128 0x6
 533 00c0 72000000 		.4byte	.LASF18
 534 00c4 03       		.byte	0x3
 535 00c5 8E02     		.2byte	0x28e
 536 00c7 CB000000 		.4byte	0xcb
 537 00cb 07       		.uleb128 0x7
 538 00cc 8D000000 		.4byte	0x8d
 539 00d0 06       		.uleb128 0x6
 540 00d1 00000000 		.4byte	.LASF19
 541 00d5 03       		.byte	0x3
 542 00d6 9002     		.2byte	0x290
 543 00d8 DC000000 		.4byte	0xdc
 544 00dc 07       		.uleb128 0x7
 545 00dd A5000000 		.4byte	0xa5
 546 00e1 08       		.uleb128 0x8
 547 00e2 02       		.byte	0x2
 548 00e3 01       		.byte	0x1
 549 00e4 97       		.byte	0x97
 550 00e5 02010000 		.4byte	0x102
 551 00e9 09       		.uleb128 0x9
 552 00ea 16020000 		.4byte	.LASF20
 553 00ee 01       		.byte	0x1
 554 00ef 99       		.byte	0x99
 555 00f0 8D000000 		.4byte	0x8d
 556 00f4 00       		.byte	0
 557 00f5 09       		.uleb128 0x9
 558 00f6 1C000000 		.4byte	.LASF21
 559 00fa 01       		.byte	0x1
 560 00fb 9A       		.byte	0x9a
 561 00fc 8D000000 		.4byte	0x8d
 562 0100 01       		.byte	0x1
 563 0101 00       		.byte	0
 564 0102 03       		.uleb128 0x3
 565 0103 03020000 		.4byte	.LASF22
 566 0107 01       		.byte	0x1
 567 0108 9B       		.byte	0x9b
 568 0109 E1000000 		.4byte	0xe1
 569 010d 0A       		.uleb128 0xa
 570 010e B5000000 		.4byte	.LASF27
 571 0112 01       		.byte	0x1
 572 0113 AE       		.byte	0xae
 573 0114 00000000 		.4byte	.LFB3
 574 0118 32000000 		.4byte	.LFE3-.LFB3
ARM GAS  C:\Users\jagumiel\AppData\Local\Temp\cclaKnWW.s 			page 18


 575 011c 01       		.uleb128 0x1
 576 011d 9C       		.byte	0x9c
 577 011e 7F010000 		.4byte	0x17f
 578 0122 0B       		.uleb128 0xb
 579 0123 D3000000 		.4byte	.LASF23
 580 0127 01       		.byte	0x1
 581 0128 AE       		.byte	0xae
 582 0129 7F010000 		.4byte	0x17f
 583 012d 01       		.uleb128 0x1
 584 012e 50       		.byte	0x50
 585 012f 0B       		.uleb128 0xb
 586 0130 E5000000 		.4byte	.LASF24
 587 0134 01       		.byte	0x1
 588 0135 AE       		.byte	0xae
 589 0136 8A010000 		.4byte	0x18a
 590 013a 01       		.uleb128 0x1
 591 013b 51       		.byte	0x51
 592 013c 0C       		.uleb128 0xc
 593 013d 6900     		.ascii	"i\000"
 594 013f 01       		.byte	0x1
 595 0140 B1       		.byte	0xb1
 596 0141 A5000000 		.4byte	0xa5
 597 0145 00000000 		.4byte	.LLST0
 598 0149 0C       		.uleb128 0xc
 599 014a 6A00     		.ascii	"j\000"
 600 014c 01       		.byte	0x1
 601 014d B1       		.byte	0xb1
 602 014e A5000000 		.4byte	0xa5
 603 0152 1F000000 		.4byte	.LLST1
 604 0156 0D       		.uleb128 0xd
 605 0157 08000000 		.4byte	.LBB2
 606 015b 22000000 		.4byte	.LBE2-.LBB2
 607 015f 0E       		.uleb128 0xe
 608 0160 CB010000 		.4byte	.LASF25
 609 0164 01       		.byte	0x1
 610 0165 B4       		.byte	0xb4
 611 0166 A5000000 		.4byte	0xa5
 612 016a 3E000000 		.4byte	.LLST2
 613 016e 0E       		.uleb128 0xe
 614 016f 22000000 		.4byte	.LASF26
 615 0173 01       		.byte	0x1
 616 0174 B5       		.byte	0xb5
 617 0175 8D000000 		.4byte	0x8d
 618 0179 51000000 		.4byte	.LLST3
 619 017d 00       		.byte	0
 620 017e 00       		.byte	0
 621 017f 0F       		.uleb128 0xf
 622 0180 04       		.byte	0x4
 623 0181 85010000 		.4byte	0x185
 624 0185 10       		.uleb128 0x10
 625 0186 A5000000 		.4byte	0xa5
 626 018a 0F       		.uleb128 0xf
 627 018b 04       		.byte	0x4
 628 018c 90010000 		.4byte	0x190
 629 0190 10       		.uleb128 0x10
 630 0191 02010000 		.4byte	0x102
 631 0195 0A       		.uleb128 0xa
ARM GAS  C:\Users\jagumiel\AppData\Local\Temp\cclaKnWW.s 			page 19


 632 0196 8F000000 		.4byte	.LASF28
 633 019a 01       		.byte	0x1
 634 019b 4C       		.byte	0x4c
 635 019c 00000000 		.4byte	.LFB0
 636 01a0 0C000000 		.4byte	.LFE0-.LFB0
 637 01a4 01       		.uleb128 0x1
 638 01a5 9C       		.byte	0x9c
 639 01a6 E2010000 		.4byte	0x1e2
 640 01aa 11       		.uleb128 0x11
 641 01ab 7300     		.ascii	"s\000"
 642 01ad 01       		.byte	0x1
 643 01ae 4C       		.byte	0x4c
 644 01af 84000000 		.4byte	0x84
 645 01b3 6F000000 		.4byte	.LLST4
 646 01b7 11       		.uleb128 0x11
 647 01b8 6E00     		.ascii	"n\000"
 648 01ba 01       		.byte	0x1
 649 01bb 4C       		.byte	0x4c
 650 01bc 2C000000 		.4byte	0x2c
 651 01c0 90000000 		.4byte	.LLST5
 652 01c4 12       		.uleb128 0x12
 653 01c5 0A000000 		.4byte	.LVL14
 654 01c9 75030000 		.4byte	0x375
 655 01cd 13       		.uleb128 0x13
 656 01ce 01       		.uleb128 0x1
 657 01cf 50       		.byte	0x50
 658 01d0 03       		.uleb128 0x3
 659 01d1 F3       		.byte	0xf3
 660 01d2 01       		.uleb128 0x1
 661 01d3 50       		.byte	0x50
 662 01d4 13       		.uleb128 0x13
 663 01d5 01       		.uleb128 0x1
 664 01d6 51       		.byte	0x51
 665 01d7 01       		.uleb128 0x1
 666 01d8 30       		.byte	0x30
 667 01d9 13       		.uleb128 0x13
 668 01da 01       		.uleb128 0x1
 669 01db 52       		.byte	0x52
 670 01dc 03       		.uleb128 0x3
 671 01dd F3       		.byte	0xf3
 672 01de 01       		.uleb128 0x1
 673 01df 51       		.byte	0x51
 674 01e0 00       		.byte	0
 675 01e1 00       		.byte	0
 676 01e2 0A       		.uleb128 0xa
 677 01e3 28000000 		.4byte	.LASF29
 678 01e7 01       		.byte	0x1
 679 01e8 D3       		.byte	0xd3
 680 01e9 00000000 		.4byte	.LFB4
 681 01ed 90000000 		.4byte	.LFE4-.LFB4
 682 01f1 01       		.uleb128 0x1
 683 01f2 9C       		.byte	0x9c
 684 01f3 2D020000 		.4byte	0x22d
 685 01f7 14       		.uleb128 0x14
 686 01f8 14000000 		.4byte	.LVL15
 687 01fc 7E030000 		.4byte	0x37e
 688 0200 0A020000 		.4byte	0x20a
ARM GAS  C:\Users\jagumiel\AppData\Local\Temp\cclaKnWW.s 			page 20


 689 0204 13       		.uleb128 0x13
 690 0205 01       		.uleb128 0x1
 691 0206 50       		.byte	0x50
 692 0207 01       		.uleb128 0x1
 693 0208 48       		.byte	0x48
 694 0209 00       		.byte	0
 695 020a 14       		.uleb128 0x14
 696 020b 4E000000 		.4byte	.LVL16
 697 020f 89030000 		.4byte	0x389
 698 0213 1D020000 		.4byte	0x21d
 699 0217 13       		.uleb128 0x13
 700 0218 01       		.uleb128 0x1
 701 0219 50       		.byte	0x50
 702 021a 01       		.uleb128 0x1
 703 021b 39       		.byte	0x39
 704 021c 00       		.byte	0
 705 021d 12       		.uleb128 0x12
 706 021e 54000000 		.4byte	.LVL17
 707 0222 94030000 		.4byte	0x394
 708 0226 13       		.uleb128 0x13
 709 0227 01       		.uleb128 0x1
 710 0228 50       		.byte	0x50
 711 0229 01       		.uleb128 0x1
 712 022a 39       		.byte	0x39
 713 022b 00       		.byte	0
 714 022c 00       		.byte	0
 715 022d 15       		.uleb128 0x15
 716 022e 04010000 		.4byte	.LASF42
 717 0232 01       		.byte	0x1
 718 0233 2201     		.2byte	0x122
 719 0235 90000000 		.4byte	.LFB6
 720 0239 EC000000 		.4byte	.LFE6-.LFB6
 721 023d 01       		.uleb128 0x1
 722 023e 9C       		.byte	0x9c
 723 023f 4B030000 		.4byte	0x34b
 724 0243 16       		.uleb128 0x16
 725 0244 94000000 		.4byte	.LBB3
 726 0248 78000000 		.4byte	.LBE3-.LBB3
 727 024c 41030000 		.4byte	0x341
 728 0250 17       		.uleb128 0x17
 729 0251 33000000 		.4byte	.LASF30
 730 0255 01       		.byte	0x1
 731 0256 2801     		.2byte	0x128
 732 0258 5B030000 		.4byte	0x35b
 733 025c 05       		.uleb128 0x5
 734 025d 03       		.byte	0x3
 735 025e 2C000000 		.4byte	cy_cfg_addr_table.4864
 736 0262 17       		.uleb128 0x17
 737 0263 45000000 		.4byte	.LASF31
 738 0267 01       		.byte	0x1
 739 0268 3001     		.2byte	0x130
 740 026a 70030000 		.4byte	0x370
 741 026e 05       		.uleb128 0x5
 742 026f 03       		.byte	0x3
 743 0270 0C000000 		.4byte	cy_cfg_data_table.4865
 744 0274 18       		.uleb128 0x18
 745 0275 06       		.byte	0x6
ARM GAS  C:\Users\jagumiel\AppData\Local\Temp\cclaKnWW.s 			page 21


 746 0276 01       		.byte	0x1
 747 0277 4401     		.2byte	0x144
 748 0279 98020000 		.4byte	0x298
 749 027d 19       		.uleb128 0x19
 750 027e 11010000 		.4byte	.LASF32
 751 0282 01       		.byte	0x1
 752 0283 4501     		.2byte	0x145
 753 0285 84000000 		.4byte	0x84
 754 0289 00       		.byte	0
 755 028a 19       		.uleb128 0x19
 756 028b 6D000000 		.4byte	.LASF33
 757 028f 01       		.byte	0x1
 758 0290 4601     		.2byte	0x146
 759 0292 99000000 		.4byte	0x99
 760 0296 04       		.byte	0x4
 761 0297 00       		.byte	0
 762 0298 06       		.uleb128 0x6
 763 0299 BE010000 		.4byte	.LASF34
 764 029d 01       		.byte	0x1
 765 029e 4701     		.2byte	0x147
 766 02a0 74020000 		.4byte	0x274
 767 02a4 1A       		.uleb128 0x1a
 768 02a5 B4020000 		.4byte	0x2b4
 769 02a9 B4020000 		.4byte	0x2b4
 770 02ad 1B       		.uleb128 0x1b
 771 02ae 7D000000 		.4byte	0x7d
 772 02b2 01       		.byte	0x1
 773 02b3 00       		.byte	0
 774 02b4 10       		.uleb128 0x10
 775 02b5 98020000 		.4byte	0x298
 776 02b9 17       		.uleb128 0x17
 777 02ba 5D000000 		.4byte	.LASF35
 778 02be 01       		.byte	0x1
 779 02bf 4901     		.2byte	0x149
 780 02c1 CB020000 		.4byte	0x2cb
 781 02c5 05       		.uleb128 0x5
 782 02c6 03       		.byte	0x3
 783 02c7 00000000 		.4byte	cfg_memset_list.4870
 784 02cb 10       		.uleb128 0x10
 785 02cc A4020000 		.4byte	0x2a4
 786 02d0 1C       		.uleb128 0x1c
 787 02d1 6900     		.ascii	"i\000"
 788 02d3 01       		.byte	0x1
 789 02d4 4F01     		.2byte	0x14f
 790 02d6 8D000000 		.4byte	0x8d
 791 02da BC000000 		.4byte	.LLST6
 792 02de 16       		.uleb128 0x16
 793 02df 98000000 		.4byte	.LBB4
 794 02e3 1C000000 		.4byte	.LBE4-.LBB4
 795 02e7 24030000 		.4byte	0x324
 796 02eb 1C       		.uleb128 0x1c
 797 02ec 6D7300   		.ascii	"ms\000"
 798 02ef 01       		.byte	0x1
 799 02f0 5401     		.2byte	0x154
 800 02f2 FA020000 		.4byte	0x2fa
 801 02f6 E6000000 		.4byte	.LLST7
 802 02fa 0F       		.uleb128 0xf
ARM GAS  C:\Users\jagumiel\AppData\Local\Temp\cclaKnWW.s 			page 22


 803 02fb 04       		.byte	0x4
 804 02fc B4020000 		.4byte	0x2b4
 805 0300 12       		.uleb128 0x12
 806 0301 B4000000 		.4byte	.LVL20
 807 0305 95010000 		.4byte	0x195
 808 0309 13       		.uleb128 0x13
 809 030a 01       		.uleb128 0x1
 810 030b 51       		.byte	0x51
 811 030c 15       		.uleb128 0x15
 812 030d 74       		.byte	0x74
 813 030e 00       		.sleb128 0
 814 030f 31       		.byte	0x31
 815 0310 24       		.byte	0x24
 816 0311 74       		.byte	0x74
 817 0312 00       		.sleb128 0
 818 0313 22       		.byte	0x22
 819 0314 31       		.byte	0x31
 820 0315 24       		.byte	0x24
 821 0316 03       		.byte	0x3
 822 0317 04000000 		.4byte	.LANCHOR0+4
 823 031b 22       		.byte	0x22
 824 031c 94       		.byte	0x94
 825 031d 02       		.byte	0x2
 826 031e 0A       		.byte	0xa
 827 031f FFFF     		.2byte	0xffff
 828 0321 1A       		.byte	0x1a
 829 0322 00       		.byte	0
 830 0323 00       		.byte	0
 831 0324 12       		.uleb128 0x12
 832 0325 C8000000 		.4byte	.LVL23
 833 0329 0D010000 		.4byte	0x10d
 834 032d 13       		.uleb128 0x13
 835 032e 01       		.uleb128 0x1
 836 032f 50       		.byte	0x50
 837 0330 05       		.uleb128 0x5
 838 0331 03       		.byte	0x3
 839 0332 2C000000 		.4byte	.LANCHOR0+44
 840 0336 13       		.uleb128 0x13
 841 0337 01       		.uleb128 0x1
 842 0338 51       		.byte	0x51
 843 0339 05       		.uleb128 0x5
 844 033a 03       		.byte	0x3
 845 033b 0C000000 		.4byte	.LANCHOR0+12
 846 033f 00       		.byte	0
 847 0340 00       		.byte	0
 848 0341 1D       		.uleb128 0x1d
 849 0342 32010000 		.4byte	.LVL24
 850 0346 E2010000 		.4byte	0x1e2
 851 034a 00       		.byte	0
 852 034b 1A       		.uleb128 0x1a
 853 034c 85010000 		.4byte	0x185
 854 0350 5B030000 		.4byte	0x35b
 855 0354 1B       		.uleb128 0x1b
 856 0355 7D000000 		.4byte	0x7d
 857 0359 04       		.byte	0x4
 858 035a 00       		.byte	0
 859 035b 10       		.uleb128 0x10
ARM GAS  C:\Users\jagumiel\AppData\Local\Temp\cclaKnWW.s 			page 23


 860 035c 4B030000 		.4byte	0x34b
 861 0360 1A       		.uleb128 0x1a
 862 0361 90010000 		.4byte	0x190
 863 0365 70030000 		.4byte	0x370
 864 0369 1B       		.uleb128 0x1b
 865 036a 7D000000 		.4byte	0x7d
 866 036e 0E       		.byte	0xe
 867 036f 00       		.byte	0
 868 0370 10       		.uleb128 0x10
 869 0371 60030000 		.4byte	0x360
 870 0375 1E       		.uleb128 0x1e
 871 0376 A7000000 		.4byte	.LASF43
 872 037a A7000000 		.4byte	.LASF43
 873 037e 1F       		.uleb128 0x1f
 874 037f 27020000 		.4byte	.LASF36
 875 0383 27020000 		.4byte	.LASF36
 876 0387 04       		.byte	0x4
 877 0388 6C       		.byte	0x6c
 878 0389 1F       		.uleb128 0x1f
 879 038a 0D000000 		.4byte	.LASF37
 880 038e 0D000000 		.4byte	.LASF37
 881 0392 04       		.byte	0x4
 882 0393 BD       		.byte	0xbd
 883 0394 1F       		.uleb128 0x1f
 884 0395 C7000000 		.4byte	.LASF38
 885 0399 C7000000 		.4byte	.LASF38
 886 039d 04       		.byte	0x4
 887 039e C3       		.byte	0xc3
 888 039f 00       		.byte	0
 889              		.section	.debug_abbrev,"",%progbits
 890              	.Ldebug_abbrev0:
 891 0000 01       		.uleb128 0x1
 892 0001 11       		.uleb128 0x11
 893 0002 01       		.byte	0x1
 894 0003 25       		.uleb128 0x25
 895 0004 0E       		.uleb128 0xe
 896 0005 13       		.uleb128 0x13
 897 0006 0B       		.uleb128 0xb
 898 0007 03       		.uleb128 0x3
 899 0008 0E       		.uleb128 0xe
 900 0009 1B       		.uleb128 0x1b
 901 000a 0E       		.uleb128 0xe
 902 000b 55       		.uleb128 0x55
 903 000c 17       		.uleb128 0x17
 904 000d 11       		.uleb128 0x11
 905 000e 01       		.uleb128 0x1
 906 000f 10       		.uleb128 0x10
 907 0010 17       		.uleb128 0x17
 908 0011 00       		.byte	0
 909 0012 00       		.byte	0
 910 0013 02       		.uleb128 0x2
 911 0014 24       		.uleb128 0x24
 912 0015 00       		.byte	0
 913 0016 0B       		.uleb128 0xb
 914 0017 0B       		.uleb128 0xb
 915 0018 3E       		.uleb128 0x3e
 916 0019 0B       		.uleb128 0xb
ARM GAS  C:\Users\jagumiel\AppData\Local\Temp\cclaKnWW.s 			page 24


 917 001a 03       		.uleb128 0x3
 918 001b 08       		.uleb128 0x8
 919 001c 00       		.byte	0
 920 001d 00       		.byte	0
 921 001e 03       		.uleb128 0x3
 922 001f 16       		.uleb128 0x16
 923 0020 00       		.byte	0
 924 0021 03       		.uleb128 0x3
 925 0022 0E       		.uleb128 0xe
 926 0023 3A       		.uleb128 0x3a
 927 0024 0B       		.uleb128 0xb
 928 0025 3B       		.uleb128 0x3b
 929 0026 0B       		.uleb128 0xb
 930 0027 49       		.uleb128 0x49
 931 0028 13       		.uleb128 0x13
 932 0029 00       		.byte	0
 933 002a 00       		.byte	0
 934 002b 04       		.uleb128 0x4
 935 002c 24       		.uleb128 0x24
 936 002d 00       		.byte	0
 937 002e 0B       		.uleb128 0xb
 938 002f 0B       		.uleb128 0xb
 939 0030 3E       		.uleb128 0x3e
 940 0031 0B       		.uleb128 0xb
 941 0032 03       		.uleb128 0x3
 942 0033 0E       		.uleb128 0xe
 943 0034 00       		.byte	0
 944 0035 00       		.byte	0
 945 0036 05       		.uleb128 0x5
 946 0037 0F       		.uleb128 0xf
 947 0038 00       		.byte	0
 948 0039 0B       		.uleb128 0xb
 949 003a 0B       		.uleb128 0xb
 950 003b 00       		.byte	0
 951 003c 00       		.byte	0
 952 003d 06       		.uleb128 0x6
 953 003e 16       		.uleb128 0x16
 954 003f 00       		.byte	0
 955 0040 03       		.uleb128 0x3
 956 0041 0E       		.uleb128 0xe
 957 0042 3A       		.uleb128 0x3a
 958 0043 0B       		.uleb128 0xb
 959 0044 3B       		.uleb128 0x3b
 960 0045 05       		.uleb128 0x5
 961 0046 49       		.uleb128 0x49
 962 0047 13       		.uleb128 0x13
 963 0048 00       		.byte	0
 964 0049 00       		.byte	0
 965 004a 07       		.uleb128 0x7
 966 004b 35       		.uleb128 0x35
 967 004c 00       		.byte	0
 968 004d 49       		.uleb128 0x49
 969 004e 13       		.uleb128 0x13
 970 004f 00       		.byte	0
 971 0050 00       		.byte	0
 972 0051 08       		.uleb128 0x8
 973 0052 13       		.uleb128 0x13
ARM GAS  C:\Users\jagumiel\AppData\Local\Temp\cclaKnWW.s 			page 25


 974 0053 01       		.byte	0x1
 975 0054 0B       		.uleb128 0xb
 976 0055 0B       		.uleb128 0xb
 977 0056 3A       		.uleb128 0x3a
 978 0057 0B       		.uleb128 0xb
 979 0058 3B       		.uleb128 0x3b
 980 0059 0B       		.uleb128 0xb
 981 005a 01       		.uleb128 0x1
 982 005b 13       		.uleb128 0x13
 983 005c 00       		.byte	0
 984 005d 00       		.byte	0
 985 005e 09       		.uleb128 0x9
 986 005f 0D       		.uleb128 0xd
 987 0060 00       		.byte	0
 988 0061 03       		.uleb128 0x3
 989 0062 0E       		.uleb128 0xe
 990 0063 3A       		.uleb128 0x3a
 991 0064 0B       		.uleb128 0xb
 992 0065 3B       		.uleb128 0x3b
 993 0066 0B       		.uleb128 0xb
 994 0067 49       		.uleb128 0x49
 995 0068 13       		.uleb128 0x13
 996 0069 38       		.uleb128 0x38
 997 006a 0B       		.uleb128 0xb
 998 006b 00       		.byte	0
 999 006c 00       		.byte	0
 1000 006d 0A       		.uleb128 0xa
 1001 006e 2E       		.uleb128 0x2e
 1002 006f 01       		.byte	0x1
 1003 0070 03       		.uleb128 0x3
 1004 0071 0E       		.uleb128 0xe
 1005 0072 3A       		.uleb128 0x3a
 1006 0073 0B       		.uleb128 0xb
 1007 0074 3B       		.uleb128 0x3b
 1008 0075 0B       		.uleb128 0xb
 1009 0076 27       		.uleb128 0x27
 1010 0077 19       		.uleb128 0x19
 1011 0078 11       		.uleb128 0x11
 1012 0079 01       		.uleb128 0x1
 1013 007a 12       		.uleb128 0x12
 1014 007b 06       		.uleb128 0x6
 1015 007c 40       		.uleb128 0x40
 1016 007d 18       		.uleb128 0x18
 1017 007e 9742     		.uleb128 0x2117
 1018 0080 19       		.uleb128 0x19
 1019 0081 01       		.uleb128 0x1
 1020 0082 13       		.uleb128 0x13
 1021 0083 00       		.byte	0
 1022 0084 00       		.byte	0
 1023 0085 0B       		.uleb128 0xb
 1024 0086 05       		.uleb128 0x5
 1025 0087 00       		.byte	0
 1026 0088 03       		.uleb128 0x3
 1027 0089 0E       		.uleb128 0xe
 1028 008a 3A       		.uleb128 0x3a
 1029 008b 0B       		.uleb128 0xb
 1030 008c 3B       		.uleb128 0x3b
ARM GAS  C:\Users\jagumiel\AppData\Local\Temp\cclaKnWW.s 			page 26


 1031 008d 0B       		.uleb128 0xb
 1032 008e 49       		.uleb128 0x49
 1033 008f 13       		.uleb128 0x13
 1034 0090 02       		.uleb128 0x2
 1035 0091 18       		.uleb128 0x18
 1036 0092 00       		.byte	0
 1037 0093 00       		.byte	0
 1038 0094 0C       		.uleb128 0xc
 1039 0095 34       		.uleb128 0x34
 1040 0096 00       		.byte	0
 1041 0097 03       		.uleb128 0x3
 1042 0098 08       		.uleb128 0x8
 1043 0099 3A       		.uleb128 0x3a
 1044 009a 0B       		.uleb128 0xb
 1045 009b 3B       		.uleb128 0x3b
 1046 009c 0B       		.uleb128 0xb
 1047 009d 49       		.uleb128 0x49
 1048 009e 13       		.uleb128 0x13
 1049 009f 02       		.uleb128 0x2
 1050 00a0 17       		.uleb128 0x17
 1051 00a1 00       		.byte	0
 1052 00a2 00       		.byte	0
 1053 00a3 0D       		.uleb128 0xd
 1054 00a4 0B       		.uleb128 0xb
 1055 00a5 01       		.byte	0x1
 1056 00a6 11       		.uleb128 0x11
 1057 00a7 01       		.uleb128 0x1
 1058 00a8 12       		.uleb128 0x12
 1059 00a9 06       		.uleb128 0x6
 1060 00aa 00       		.byte	0
 1061 00ab 00       		.byte	0
 1062 00ac 0E       		.uleb128 0xe
 1063 00ad 34       		.uleb128 0x34
 1064 00ae 00       		.byte	0
 1065 00af 03       		.uleb128 0x3
 1066 00b0 0E       		.uleb128 0xe
 1067 00b1 3A       		.uleb128 0x3a
 1068 00b2 0B       		.uleb128 0xb
 1069 00b3 3B       		.uleb128 0x3b
 1070 00b4 0B       		.uleb128 0xb
 1071 00b5 49       		.uleb128 0x49
 1072 00b6 13       		.uleb128 0x13
 1073 00b7 02       		.uleb128 0x2
 1074 00b8 17       		.uleb128 0x17
 1075 00b9 00       		.byte	0
 1076 00ba 00       		.byte	0
 1077 00bb 0F       		.uleb128 0xf
 1078 00bc 0F       		.uleb128 0xf
 1079 00bd 00       		.byte	0
 1080 00be 0B       		.uleb128 0xb
 1081 00bf 0B       		.uleb128 0xb
 1082 00c0 49       		.uleb128 0x49
 1083 00c1 13       		.uleb128 0x13
 1084 00c2 00       		.byte	0
 1085 00c3 00       		.byte	0
 1086 00c4 10       		.uleb128 0x10
 1087 00c5 26       		.uleb128 0x26
ARM GAS  C:\Users\jagumiel\AppData\Local\Temp\cclaKnWW.s 			page 27


 1088 00c6 00       		.byte	0
 1089 00c7 49       		.uleb128 0x49
 1090 00c8 13       		.uleb128 0x13
 1091 00c9 00       		.byte	0
 1092 00ca 00       		.byte	0
 1093 00cb 11       		.uleb128 0x11
 1094 00cc 05       		.uleb128 0x5
 1095 00cd 00       		.byte	0
 1096 00ce 03       		.uleb128 0x3
 1097 00cf 08       		.uleb128 0x8
 1098 00d0 3A       		.uleb128 0x3a
 1099 00d1 0B       		.uleb128 0xb
 1100 00d2 3B       		.uleb128 0x3b
 1101 00d3 0B       		.uleb128 0xb
 1102 00d4 49       		.uleb128 0x49
 1103 00d5 13       		.uleb128 0x13
 1104 00d6 02       		.uleb128 0x2
 1105 00d7 17       		.uleb128 0x17
 1106 00d8 00       		.byte	0
 1107 00d9 00       		.byte	0
 1108 00da 12       		.uleb128 0x12
 1109 00db 898201   		.uleb128 0x4109
 1110 00de 01       		.byte	0x1
 1111 00df 11       		.uleb128 0x11
 1112 00e0 01       		.uleb128 0x1
 1113 00e1 31       		.uleb128 0x31
 1114 00e2 13       		.uleb128 0x13
 1115 00e3 00       		.byte	0
 1116 00e4 00       		.byte	0
 1117 00e5 13       		.uleb128 0x13
 1118 00e6 8A8201   		.uleb128 0x410a
 1119 00e9 00       		.byte	0
 1120 00ea 02       		.uleb128 0x2
 1121 00eb 18       		.uleb128 0x18
 1122 00ec 9142     		.uleb128 0x2111
 1123 00ee 18       		.uleb128 0x18
 1124 00ef 00       		.byte	0
 1125 00f0 00       		.byte	0
 1126 00f1 14       		.uleb128 0x14
 1127 00f2 898201   		.uleb128 0x4109
 1128 00f5 01       		.byte	0x1
 1129 00f6 11       		.uleb128 0x11
 1130 00f7 01       		.uleb128 0x1
 1131 00f8 31       		.uleb128 0x31
 1132 00f9 13       		.uleb128 0x13
 1133 00fa 01       		.uleb128 0x1
 1134 00fb 13       		.uleb128 0x13
 1135 00fc 00       		.byte	0
 1136 00fd 00       		.byte	0
 1137 00fe 15       		.uleb128 0x15
 1138 00ff 2E       		.uleb128 0x2e
 1139 0100 01       		.byte	0x1
 1140 0101 3F       		.uleb128 0x3f
 1141 0102 19       		.uleb128 0x19
 1142 0103 03       		.uleb128 0x3
 1143 0104 0E       		.uleb128 0xe
 1144 0105 3A       		.uleb128 0x3a
ARM GAS  C:\Users\jagumiel\AppData\Local\Temp\cclaKnWW.s 			page 28


 1145 0106 0B       		.uleb128 0xb
 1146 0107 3B       		.uleb128 0x3b
 1147 0108 05       		.uleb128 0x5
 1148 0109 27       		.uleb128 0x27
 1149 010a 19       		.uleb128 0x19
 1150 010b 11       		.uleb128 0x11
 1151 010c 01       		.uleb128 0x1
 1152 010d 12       		.uleb128 0x12
 1153 010e 06       		.uleb128 0x6
 1154 010f 40       		.uleb128 0x40
 1155 0110 18       		.uleb128 0x18
 1156 0111 9742     		.uleb128 0x2117
 1157 0113 19       		.uleb128 0x19
 1158 0114 01       		.uleb128 0x1
 1159 0115 13       		.uleb128 0x13
 1160 0116 00       		.byte	0
 1161 0117 00       		.byte	0
 1162 0118 16       		.uleb128 0x16
 1163 0119 0B       		.uleb128 0xb
 1164 011a 01       		.byte	0x1
 1165 011b 11       		.uleb128 0x11
 1166 011c 01       		.uleb128 0x1
 1167 011d 12       		.uleb128 0x12
 1168 011e 06       		.uleb128 0x6
 1169 011f 01       		.uleb128 0x1
 1170 0120 13       		.uleb128 0x13
 1171 0121 00       		.byte	0
 1172 0122 00       		.byte	0
 1173 0123 17       		.uleb128 0x17
 1174 0124 34       		.uleb128 0x34
 1175 0125 00       		.byte	0
 1176 0126 03       		.uleb128 0x3
 1177 0127 0E       		.uleb128 0xe
 1178 0128 3A       		.uleb128 0x3a
 1179 0129 0B       		.uleb128 0xb
 1180 012a 3B       		.uleb128 0x3b
 1181 012b 05       		.uleb128 0x5
 1182 012c 49       		.uleb128 0x49
 1183 012d 13       		.uleb128 0x13
 1184 012e 02       		.uleb128 0x2
 1185 012f 18       		.uleb128 0x18
 1186 0130 00       		.byte	0
 1187 0131 00       		.byte	0
 1188 0132 18       		.uleb128 0x18
 1189 0133 13       		.uleb128 0x13
 1190 0134 01       		.byte	0x1
 1191 0135 0B       		.uleb128 0xb
 1192 0136 0B       		.uleb128 0xb
 1193 0137 3A       		.uleb128 0x3a
 1194 0138 0B       		.uleb128 0xb
 1195 0139 3B       		.uleb128 0x3b
 1196 013a 05       		.uleb128 0x5
 1197 013b 01       		.uleb128 0x1
 1198 013c 13       		.uleb128 0x13
 1199 013d 00       		.byte	0
 1200 013e 00       		.byte	0
 1201 013f 19       		.uleb128 0x19
ARM GAS  C:\Users\jagumiel\AppData\Local\Temp\cclaKnWW.s 			page 29


 1202 0140 0D       		.uleb128 0xd
 1203 0141 00       		.byte	0
 1204 0142 03       		.uleb128 0x3
 1205 0143 0E       		.uleb128 0xe
 1206 0144 3A       		.uleb128 0x3a
 1207 0145 0B       		.uleb128 0xb
 1208 0146 3B       		.uleb128 0x3b
 1209 0147 05       		.uleb128 0x5
 1210 0148 49       		.uleb128 0x49
 1211 0149 13       		.uleb128 0x13
 1212 014a 38       		.uleb128 0x38
 1213 014b 0B       		.uleb128 0xb
 1214 014c 00       		.byte	0
 1215 014d 00       		.byte	0
 1216 014e 1A       		.uleb128 0x1a
 1217 014f 01       		.uleb128 0x1
 1218 0150 01       		.byte	0x1
 1219 0151 49       		.uleb128 0x49
 1220 0152 13       		.uleb128 0x13
 1221 0153 01       		.uleb128 0x1
 1222 0154 13       		.uleb128 0x13
 1223 0155 00       		.byte	0
 1224 0156 00       		.byte	0
 1225 0157 1B       		.uleb128 0x1b
 1226 0158 21       		.uleb128 0x21
 1227 0159 00       		.byte	0
 1228 015a 49       		.uleb128 0x49
 1229 015b 13       		.uleb128 0x13
 1230 015c 2F       		.uleb128 0x2f
 1231 015d 0B       		.uleb128 0xb
 1232 015e 00       		.byte	0
 1233 015f 00       		.byte	0
 1234 0160 1C       		.uleb128 0x1c
 1235 0161 34       		.uleb128 0x34
 1236 0162 00       		.byte	0
 1237 0163 03       		.uleb128 0x3
 1238 0164 08       		.uleb128 0x8
 1239 0165 3A       		.uleb128 0x3a
 1240 0166 0B       		.uleb128 0xb
 1241 0167 3B       		.uleb128 0x3b
 1242 0168 05       		.uleb128 0x5
 1243 0169 49       		.uleb128 0x49
 1244 016a 13       		.uleb128 0x13
 1245 016b 02       		.uleb128 0x2
 1246 016c 17       		.uleb128 0x17
 1247 016d 00       		.byte	0
 1248 016e 00       		.byte	0
 1249 016f 1D       		.uleb128 0x1d
 1250 0170 898201   		.uleb128 0x4109
 1251 0173 00       		.byte	0
 1252 0174 11       		.uleb128 0x11
 1253 0175 01       		.uleb128 0x1
 1254 0176 31       		.uleb128 0x31
 1255 0177 13       		.uleb128 0x13
 1256 0178 00       		.byte	0
 1257 0179 00       		.byte	0
 1258 017a 1E       		.uleb128 0x1e
ARM GAS  C:\Users\jagumiel\AppData\Local\Temp\cclaKnWW.s 			page 30


 1259 017b 2E       		.uleb128 0x2e
 1260 017c 00       		.byte	0
 1261 017d 3F       		.uleb128 0x3f
 1262 017e 19       		.uleb128 0x19
 1263 017f 3C       		.uleb128 0x3c
 1264 0180 19       		.uleb128 0x19
 1265 0181 6E       		.uleb128 0x6e
 1266 0182 0E       		.uleb128 0xe
 1267 0183 03       		.uleb128 0x3
 1268 0184 0E       		.uleb128 0xe
 1269 0185 00       		.byte	0
 1270 0186 00       		.byte	0
 1271 0187 1F       		.uleb128 0x1f
 1272 0188 2E       		.uleb128 0x2e
 1273 0189 00       		.byte	0
 1274 018a 3F       		.uleb128 0x3f
 1275 018b 19       		.uleb128 0x19
 1276 018c 3C       		.uleb128 0x3c
 1277 018d 19       		.uleb128 0x19
 1278 018e 6E       		.uleb128 0x6e
 1279 018f 0E       		.uleb128 0xe
 1280 0190 03       		.uleb128 0x3
 1281 0191 0E       		.uleb128 0xe
 1282 0192 3A       		.uleb128 0x3a
 1283 0193 0B       		.uleb128 0xb
 1284 0194 3B       		.uleb128 0x3b
 1285 0195 0B       		.uleb128 0xb
 1286 0196 00       		.byte	0
 1287 0197 00       		.byte	0
 1288 0198 00       		.byte	0
 1289              		.section	.debug_loc,"",%progbits
 1290              	.Ldebug_loc0:
 1291              	.LLST0:
 1292 0000 02000000 		.4byte	.LVL1
 1293 0004 08000000 		.4byte	.LVL2
 1294 0008 0200     		.2byte	0x2
 1295 000a 30       		.byte	0x30
 1296 000b 9F       		.byte	0x9f
 1297 000c 08000000 		.4byte	.LVL2
 1298 0010 30000000 		.4byte	.LVL11
 1299 0014 0100     		.2byte	0x1
 1300 0016 57       		.byte	0x57
 1301 0017 00000000 		.4byte	0
 1302 001b 00000000 		.4byte	0
 1303              	.LLST1:
 1304 001f 02000000 		.4byte	.LVL1
 1305 0023 08000000 		.4byte	.LVL2
 1306 0027 0200     		.2byte	0x2
 1307 0029 30       		.byte	0x30
 1308 002a 9F       		.byte	0x9f
 1309 002b 08000000 		.4byte	.LVL2
 1310 002f 30000000 		.4byte	.LVL10
 1311 0033 0100     		.2byte	0x1
 1312 0035 55       		.byte	0x55
 1313 0036 00000000 		.4byte	0
 1314 003a 00000000 		.4byte	0
 1315              	.LLST2:
ARM GAS  C:\Users\jagumiel\AppData\Local\Temp\cclaKnWW.s 			page 31


 1316 003e 0C000000 		.4byte	.LVL3
 1317 0042 2C000000 		.4byte	.LVL9
 1318 0046 0100     		.2byte	0x1
 1319 0048 56       		.byte	0x56
 1320 0049 00000000 		.4byte	0
 1321 004d 00000000 		.4byte	0
 1322              	.LLST3:
 1323 0051 0E000000 		.4byte	.LVL4
 1324 0055 24000000 		.4byte	.LVL7
 1325 0059 0100     		.2byte	0x1
 1326 005b 53       		.byte	0x53
 1327 005c 26000000 		.4byte	.LVL8
 1328 0060 2C000000 		.4byte	.LVL9
 1329 0064 0100     		.2byte	0x1
 1330 0066 53       		.byte	0x53
 1331 0067 00000000 		.4byte	0
 1332 006b 00000000 		.4byte	0
 1333              	.LLST4:
 1334 006f 00000000 		.4byte	.LVL12
 1335 0073 09000000 		.4byte	.LVL14-1
 1336 0077 0100     		.2byte	0x1
 1337 0079 50       		.byte	0x50
 1338 007a 09000000 		.4byte	.LVL14-1
 1339 007e 0C000000 		.4byte	.LFE0
 1340 0082 0400     		.2byte	0x4
 1341 0084 F3       		.byte	0xf3
 1342 0085 01       		.uleb128 0x1
 1343 0086 50       		.byte	0x50
 1344 0087 9F       		.byte	0x9f
 1345 0088 00000000 		.4byte	0
 1346 008c 00000000 		.4byte	0
 1347              	.LLST5:
 1348 0090 00000000 		.4byte	.LVL12
 1349 0094 06000000 		.4byte	.LVL13
 1350 0098 0100     		.2byte	0x1
 1351 009a 51       		.byte	0x51
 1352 009b 06000000 		.4byte	.LVL13
 1353 009f 09000000 		.4byte	.LVL14-1
 1354 00a3 0100     		.2byte	0x1
 1355 00a5 52       		.byte	0x52
 1356 00a6 09000000 		.4byte	.LVL14-1
 1357 00aa 0C000000 		.4byte	.LFE0
 1358 00ae 0400     		.2byte	0x4
 1359 00b0 F3       		.byte	0xf3
 1360 00b1 01       		.uleb128 0x1
 1361 00b2 51       		.byte	0x51
 1362 00b3 9F       		.byte	0x9f
 1363 00b4 00000000 		.4byte	0
 1364 00b8 00000000 		.4byte	0
 1365              	.LLST6:
 1366 00bc 94000000 		.4byte	.LVL18
 1367 00c0 98000000 		.4byte	.LVL19
 1368 00c4 0200     		.2byte	0x2
 1369 00c6 30       		.byte	0x30
 1370 00c7 9F       		.byte	0x9f
 1371 00c8 98000000 		.4byte	.LVL19
 1372 00cc B6000000 		.4byte	.LVL21
ARM GAS  C:\Users\jagumiel\AppData\Local\Temp\cclaKnWW.s 			page 32


 1373 00d0 0100     		.2byte	0x1
 1374 00d2 54       		.byte	0x54
 1375 00d3 B8000000 		.4byte	.LVL22
 1376 00d7 32010000 		.4byte	.LVL25
 1377 00db 0100     		.2byte	0x1
 1378 00dd 54       		.byte	0x54
 1379 00de 00000000 		.4byte	0
 1380 00e2 00000000 		.4byte	0
 1381              	.LLST7:
 1382 00e6 98000000 		.4byte	.LVL19
 1383 00ea B6000000 		.4byte	.LVL21
 1384 00ee 0B00     		.2byte	0xb
 1385 00f0 74       		.byte	0x74
 1386 00f1 00       		.sleb128 0
 1387 00f2 36       		.byte	0x36
 1388 00f3 1E       		.byte	0x1e
 1389 00f4 03       		.byte	0x3
 1390 00f5 00000000 		.4byte	cfg_memset_list.4870
 1391 00f9 22       		.byte	0x22
 1392 00fa 9F       		.byte	0x9f
 1393 00fb B6000000 		.4byte	.LVL21
 1394 00ff B8000000 		.4byte	.LVL22
 1395 0103 0B00     		.2byte	0xb
 1396 0105 74       		.byte	0x74
 1397 0106 7F       		.sleb128 -1
 1398 0107 36       		.byte	0x36
 1399 0108 1E       		.byte	0x1e
 1400 0109 03       		.byte	0x3
 1401 010a 00000000 		.4byte	cfg_memset_list.4870
 1402 010e 22       		.byte	0x22
 1403 010f 9F       		.byte	0x9f
 1404 0110 00000000 		.4byte	0
 1405 0114 00000000 		.4byte	0
 1406              		.section	.debug_aranges,"",%progbits
 1407 0000 34000000 		.4byte	0x34
 1408 0004 0200     		.2byte	0x2
 1409 0006 00000000 		.4byte	.Ldebug_info0
 1410 000a 04       		.byte	0x4
 1411 000b 00       		.byte	0
 1412 000c 0000     		.2byte	0
 1413 000e 0000     		.2byte	0
 1414 0010 00000000 		.4byte	.LFB3
 1415 0014 32000000 		.4byte	.LFE3-.LFB3
 1416 0018 00000000 		.4byte	.LFB0
 1417 001c 0C000000 		.4byte	.LFE0-.LFB0
 1418 0020 00000000 		.4byte	.LFB4
 1419 0024 90000000 		.4byte	.LFE4-.LFB4
 1420 0028 90000000 		.4byte	.LFB6
 1421 002c EC000000 		.4byte	.LFE6-.LFB6
 1422 0030 00000000 		.4byte	0
 1423 0034 00000000 		.4byte	0
 1424              		.section	.debug_ranges,"",%progbits
 1425              	.Ldebug_ranges0:
 1426 0000 00000000 		.4byte	.LFB3
 1427 0004 32000000 		.4byte	.LFE3
 1428 0008 00000000 		.4byte	.LFB0
 1429 000c 0C000000 		.4byte	.LFE0
ARM GAS  C:\Users\jagumiel\AppData\Local\Temp\cclaKnWW.s 			page 33


 1430 0010 00000000 		.4byte	.LFB4
 1431 0014 90000000 		.4byte	.LFE4
 1432 0018 90000000 		.4byte	.LFB6
 1433 001c 7C010000 		.4byte	.LFE6
 1434 0020 00000000 		.4byte	0
 1435 0024 00000000 		.4byte	0
 1436              		.section	.debug_line,"",%progbits
 1437              	.Ldebug_line0:
 1438 0000 5F010000 		.section	.debug_str,"MS",%progbits,1
 1438      0200D600 
 1438      00000201 
 1438      FB0E0D00 
 1438      01010101 
 1439              	.LASF19:
 1440 0000 72656733 		.ascii	"reg32\000"
 1440      3200
 1441              	.LASF12:
 1442 0006 73697A65 		.ascii	"size_t\000"
 1442      5F7400
 1443              	.LASF37:
 1444 000d 4379496E 		.ascii	"CyIntSetVector\000"
 1444      74536574 
 1444      56656374 
 1444      6F7200
 1445              	.LASF21:
 1446 001c 76616C75 		.ascii	"value\000"
 1446      6500
 1447              	.LASF26:
 1448 0022 636F756E 		.ascii	"count\000"
 1448      7400
 1449              	.LASF29:
 1450 0028 436C6F63 		.ascii	"ClockSetup\000"
 1450      6B536574 
 1450      757000
 1451              	.LASF30:
 1452 0033 63795F63 		.ascii	"cy_cfg_addr_table\000"
 1452      66675F61 
 1452      6464725F 
 1452      7461626C 
 1452      6500
 1453              	.LASF31:
 1454 0045 63795F63 		.ascii	"cy_cfg_data_table\000"
 1454      66675F64 
 1454      6174615F 
 1454      7461626C 
 1454      6500
 1455              	.LASF16:
 1456 0057 666C6F61 		.ascii	"float\000"
 1456      7400
 1457              	.LASF35:
 1458 005d 6366675F 		.ascii	"cfg_memset_list\000"
 1458      6D656D73 
 1458      65745F6C 
 1458      69737400 
 1459              	.LASF33:
 1460 006d 73697A65 		.ascii	"size\000"
 1460      00
ARM GAS  C:\Users\jagumiel\AppData\Local\Temp\cclaKnWW.s 			page 34


 1461              	.LASF18:
 1462 0072 72656738 		.ascii	"reg8\000"
 1462      00
 1463              	.LASF8:
 1464 0077 6C6F6E67 		.ascii	"long unsigned int\000"
 1464      20756E73 
 1464      69676E65 
 1464      6420696E 
 1464      7400
 1465              	.LASF13:
 1466 0089 75696E74 		.ascii	"uint8\000"
 1466      3800
 1467              	.LASF28:
 1468 008f 43594D45 		.ascii	"CYMEMZERO\000"
 1468      4D5A4552 
 1468      4F00
 1469              	.LASF4:
 1470 0099 756E7369 		.ascii	"unsigned char\000"
 1470      676E6564 
 1470      20636861 
 1470      7200
 1471              	.LASF43:
 1472 00a7 6D656D73 		.ascii	"memset\000"
 1472      657400
 1473              	.LASF17:
 1474 00ae 646F7562 		.ascii	"double\000"
 1474      6C6500
 1475              	.LASF27:
 1476 00b5 6366675F 		.ascii	"cfg_write_bytes32\000"
 1476      77726974 
 1476      655F6279 
 1476      74657333 
 1476      3200
 1477              	.LASF38:
 1478 00c7 4379496E 		.ascii	"CyIntEnable\000"
 1478      74456E61 
 1478      626C6500 
 1479              	.LASF23:
 1480 00d3 61646472 		.ascii	"addr_table\000"
 1480      5F746162 
 1480      6C6500
 1481              	.LASF14:
 1482 00de 75696E74 		.ascii	"uint16\000"
 1482      313600
 1483              	.LASF24:
 1484 00e5 64617461 		.ascii	"data_table\000"
 1484      5F746162 
 1484      6C6500
 1485              	.LASF15:
 1486 00f0 75696E74 		.ascii	"uint32\000"
 1486      333200
 1487              	.LASF0:
 1488 00f7 756E7369 		.ascii	"unsigned int\000"
 1488      676E6564 
 1488      20696E74 
 1488      00
 1489              	.LASF42:
ARM GAS  C:\Users\jagumiel\AppData\Local\Temp\cclaKnWW.s 			page 35


 1490 0104 63796669 		.ascii	"cyfitter_cfg\000"
 1490      74746572 
 1490      5F636667 
 1490      00
 1491              	.LASF32:
 1492 0111 61646472 		.ascii	"address\000"
 1492      65737300 
 1493              	.LASF9:
 1494 0119 6C6F6E67 		.ascii	"long long unsigned int\000"
 1494      206C6F6E 
 1494      6720756E 
 1494      7369676E 
 1494      65642069 
 1495              	.LASF39:
 1496 0130 474E5520 		.ascii	"GNU C11 5.4.1 20160609 (release) [ARM/embedded-5-br"
 1496      43313120 
 1496      352E342E 
 1496      31203230 
 1496      31363036 
 1497 0163 616E6368 		.ascii	"anch revision 237715] -mcpu=cortex-m0 -mthumb -g -O"
 1497      20726576 
 1497      6973696F 
 1497      6E203233 
 1497      37373135 
 1498 0196 67202D66 		.ascii	"g -ffunction-sections -ffat-lto-objects\000"
 1498      66756E63 
 1498      74696F6E 
 1498      2D736563 
 1498      74696F6E 
 1499              	.LASF34:
 1500 01be 6366675F 		.ascii	"cfg_memset_t\000"
 1500      6D656D73 
 1500      65745F74 
 1500      00
 1501              	.LASF25:
 1502 01cb 62617365 		.ascii	"baseAddr\000"
 1502      41646472 
 1502      00
 1503              	.LASF10:
 1504 01d4 73697A65 		.ascii	"sizetype\000"
 1504      74797065 
 1504      00
 1505              	.LASF6:
 1506 01dd 73686F72 		.ascii	"short unsigned int\000"
 1506      7420756E 
 1506      7369676E 
 1506      65642069 
 1506      6E7400
 1507              	.LASF1:
 1508 01f0 6C6F6E67 		.ascii	"long long int\000"
 1508      206C6F6E 
 1508      6720696E 
 1508      7400
 1509              	.LASF11:
 1510 01fe 63686172 		.ascii	"char\000"
 1510      00
 1511              	.LASF22:
ARM GAS  C:\Users\jagumiel\AppData\Local\Temp\cclaKnWW.s 			page 36


 1512 0203 63795F63 		.ascii	"cy_cfg_addrvalue_t\000"
 1512      66675F61 
 1512      64647276 
 1512      616C7565 
 1512      5F7400
 1513              	.LASF20:
 1514 0216 6F666673 		.ascii	"offset\000"
 1514      657400
 1515              	.LASF5:
 1516 021d 73686F72 		.ascii	"short int\000"
 1516      7420696E 
 1516      7400
 1517              	.LASF36:
 1518 0227 43795379 		.ascii	"CySysClkWriteImoFreq\000"
 1518      73436C6B 
 1518      57726974 
 1518      65496D6F 
 1518      46726571 
 1519              	.LASF41:
 1520 023c 443A5C55 		.ascii	"D:\\Users\\jagumiel\\Documents\\PSoC Creator\\PSoC-"
 1520      73657273 
 1520      5C6A6167 
 1520      756D6965 
 1520      6C5C446F 
 1521 026a 3130315C 		.ascii	"101\\PSoC-101\\Lesson9.cydsn\000"
 1521      50536F43 
 1521      2D313031 
 1521      5C4C6573 
 1521      736F6E39 
 1522              	.LASF7:
 1523 0285 6C6F6E67 		.ascii	"long int\000"
 1523      20696E74 
 1523      00
 1524              	.LASF2:
 1525 028e 6C6F6E67 		.ascii	"long double\000"
 1525      20646F75 
 1525      626C6500 
 1526              	.LASF3:
 1527 029a 7369676E 		.ascii	"signed char\000"
 1527      65642063 
 1527      68617200 
 1528              	.LASF40:
 1529 02a6 47656E65 		.ascii	"Generated_Source\\PSoC4\\cyfitter_cfg.c\000"
 1529      72617465 
 1529      645F536F 
 1529      75726365 
 1529      5C50536F 
 1530              		.ident	"GCC: (GNU Tools for ARM Embedded Processors) 5.4.1 20160609 (release) [ARM/embedded-5-bran
