ARM GAS  C:\Users\jagumiel\AppData\Local\Temp\ccYf7uTI.s 			page 1


   1              		.syntax unified
   2              		.cpu cortex-m0
   3              		.fpu softvfp
   4              		.eabi_attribute 20, 1
   5              		.eabi_attribute 21, 1
   6              		.eabi_attribute 23, 3
   7              		.eabi_attribute 24, 1
   8              		.eabi_attribute 25, 1
   9              		.eabi_attribute 26, 1
  10              		.eabi_attribute 30, 1
  11              		.eabi_attribute 34, 0
  12              		.eabi_attribute 18, 4
  13              		.thumb
  14              		.syntax unified
  15              		.file	"cyfitter_cfg.c"
  16              		.text
  17              	.Ltext0:
  18              		.cfi_sections	.debug_frame
  19              		.section	.text.cfg_write_bytes32,"ax",%progbits
  20              		.align	2
  21              		.code	16
  22              		.thumb_func
  23              		.type	cfg_write_bytes32, %function
  24              	cfg_write_bytes32:
  25              	.LFB3:
  26              		.file 1 "Generated_Source\\PSoC4\\cyfitter_cfg.c"
   1:Generated_Source\PSoC4/cyfitter_cfg.c **** 
   2:Generated_Source\PSoC4/cyfitter_cfg.c **** /*******************************************************************************
   3:Generated_Source\PSoC4/cyfitter_cfg.c **** * File Name: cyfitter_cfg.c
   4:Generated_Source\PSoC4/cyfitter_cfg.c **** * 
   5:Generated_Source\PSoC4/cyfitter_cfg.c **** * PSoC Creator  4.2
   6:Generated_Source\PSoC4/cyfitter_cfg.c **** *
   7:Generated_Source\PSoC4/cyfitter_cfg.c **** * Description:
   8:Generated_Source\PSoC4/cyfitter_cfg.c **** * This file contains device initialization code.
   9:Generated_Source\PSoC4/cyfitter_cfg.c **** * Except for the user defined sections in CyClockStartupError(), this file should not be modified.
  10:Generated_Source\PSoC4/cyfitter_cfg.c **** * This file is automatically generated by PSoC Creator.
  11:Generated_Source\PSoC4/cyfitter_cfg.c **** *
  12:Generated_Source\PSoC4/cyfitter_cfg.c **** ********************************************************************************
  13:Generated_Source\PSoC4/cyfitter_cfg.c **** * Copyright (c) 2007-2018 Cypress Semiconductor.  All rights reserved.
  14:Generated_Source\PSoC4/cyfitter_cfg.c **** * You may use this file only in accordance with the license, terms, conditions, 
  15:Generated_Source\PSoC4/cyfitter_cfg.c **** * disclaimers, and limitations in the end user license agreement accompanying 
  16:Generated_Source\PSoC4/cyfitter_cfg.c **** * the software package with which this file was provided.
  17:Generated_Source\PSoC4/cyfitter_cfg.c **** ********************************************************************************/
  18:Generated_Source\PSoC4/cyfitter_cfg.c **** 
  19:Generated_Source\PSoC4/cyfitter_cfg.c **** #include <string.h>
  20:Generated_Source\PSoC4/cyfitter_cfg.c **** #include "cytypes.h"
  21:Generated_Source\PSoC4/cyfitter_cfg.c **** #include "cydevice_trm.h"
  22:Generated_Source\PSoC4/cyfitter_cfg.c **** #include "cyfitter.h"
  23:Generated_Source\PSoC4/cyfitter_cfg.c **** #include "CyLib.h"
  24:Generated_Source\PSoC4/cyfitter_cfg.c **** #include "CyLFClk.h"
  25:Generated_Source\PSoC4/cyfitter_cfg.c **** #include "cyfitter_cfg.h"
  26:Generated_Source\PSoC4/cyfitter_cfg.c **** #include "cyapicallbacks.h"
  27:Generated_Source\PSoC4/cyfitter_cfg.c **** 
  28:Generated_Source\PSoC4/cyfitter_cfg.c **** 
  29:Generated_Source\PSoC4/cyfitter_cfg.c **** #if defined(__GNUC__) || defined(__ARMCC_VERSION)
  30:Generated_Source\PSoC4/cyfitter_cfg.c ****     #define CYPACKED 
  31:Generated_Source\PSoC4/cyfitter_cfg.c ****     #define CYPACKED_ATTR __attribute__ ((packed))
ARM GAS  C:\Users\jagumiel\AppData\Local\Temp\ccYf7uTI.s 			page 2


  32:Generated_Source\PSoC4/cyfitter_cfg.c ****     #define CYALIGNED __attribute__ ((aligned))
  33:Generated_Source\PSoC4/cyfitter_cfg.c ****     #define CY_CFG_UNUSED __attribute__ ((unused))
  34:Generated_Source\PSoC4/cyfitter_cfg.c ****     #ifndef CY_CFG_SECTION
  35:Generated_Source\PSoC4/cyfitter_cfg.c ****         #define CY_CFG_SECTION __attribute__ ((section(".psocinit")))
  36:Generated_Source\PSoC4/cyfitter_cfg.c ****     #endif
  37:Generated_Source\PSoC4/cyfitter_cfg.c ****     
  38:Generated_Source\PSoC4/cyfitter_cfg.c ****     #if defined(__ARMCC_VERSION)
  39:Generated_Source\PSoC4/cyfitter_cfg.c ****         #define CY_CFG_MEMORY_BARRIER() __memory_changed()
  40:Generated_Source\PSoC4/cyfitter_cfg.c ****     #else
  41:Generated_Source\PSoC4/cyfitter_cfg.c ****         #define CY_CFG_MEMORY_BARRIER() __sync_synchronize()
  42:Generated_Source\PSoC4/cyfitter_cfg.c ****     #endif
  43:Generated_Source\PSoC4/cyfitter_cfg.c ****     
  44:Generated_Source\PSoC4/cyfitter_cfg.c **** #elif defined(__ICCARM__)
  45:Generated_Source\PSoC4/cyfitter_cfg.c ****     #include <intrinsics.h>
  46:Generated_Source\PSoC4/cyfitter_cfg.c **** 
  47:Generated_Source\PSoC4/cyfitter_cfg.c ****     #define CYPACKED __packed
  48:Generated_Source\PSoC4/cyfitter_cfg.c ****     #define CYPACKED_ATTR 
  49:Generated_Source\PSoC4/cyfitter_cfg.c ****     #define CYALIGNED _Pragma("data_alignment=4")
  50:Generated_Source\PSoC4/cyfitter_cfg.c ****     #define CY_CFG_UNUSED _Pragma("diag_suppress=Pe177")
  51:Generated_Source\PSoC4/cyfitter_cfg.c ****     #define CY_CFG_SECTION _Pragma("location=\".psocinit\"")
  52:Generated_Source\PSoC4/cyfitter_cfg.c ****     
  53:Generated_Source\PSoC4/cyfitter_cfg.c ****     #define CY_CFG_MEMORY_BARRIER() __DMB()
  54:Generated_Source\PSoC4/cyfitter_cfg.c ****     
  55:Generated_Source\PSoC4/cyfitter_cfg.c **** #else
  56:Generated_Source\PSoC4/cyfitter_cfg.c ****     #error Unsupported toolchain
  57:Generated_Source\PSoC4/cyfitter_cfg.c **** #endif
  58:Generated_Source\PSoC4/cyfitter_cfg.c **** 
  59:Generated_Source\PSoC4/cyfitter_cfg.c **** #ifndef CYCODE
  60:Generated_Source\PSoC4/cyfitter_cfg.c ****     #define CYCODE
  61:Generated_Source\PSoC4/cyfitter_cfg.c **** #endif
  62:Generated_Source\PSoC4/cyfitter_cfg.c **** #ifndef CYDATA
  63:Generated_Source\PSoC4/cyfitter_cfg.c ****     #define CYDATA
  64:Generated_Source\PSoC4/cyfitter_cfg.c **** #endif
  65:Generated_Source\PSoC4/cyfitter_cfg.c **** #ifndef CYFAR
  66:Generated_Source\PSoC4/cyfitter_cfg.c ****     #define CYFAR
  67:Generated_Source\PSoC4/cyfitter_cfg.c **** #endif
  68:Generated_Source\PSoC4/cyfitter_cfg.c **** #ifndef CYXDATA
  69:Generated_Source\PSoC4/cyfitter_cfg.c ****     #define CYXDATA
  70:Generated_Source\PSoC4/cyfitter_cfg.c **** #endif
  71:Generated_Source\PSoC4/cyfitter_cfg.c **** 
  72:Generated_Source\PSoC4/cyfitter_cfg.c **** 
  73:Generated_Source\PSoC4/cyfitter_cfg.c **** CY_CFG_UNUSED
  74:Generated_Source\PSoC4/cyfitter_cfg.c **** static void CYMEMZERO(void *s, size_t n);
  75:Generated_Source\PSoC4/cyfitter_cfg.c **** CY_CFG_UNUSED
  76:Generated_Source\PSoC4/cyfitter_cfg.c **** static void CYMEMZERO(void *s, size_t n)
  77:Generated_Source\PSoC4/cyfitter_cfg.c **** {
  78:Generated_Source\PSoC4/cyfitter_cfg.c **** 	(void)memset(s, 0, n);
  79:Generated_Source\PSoC4/cyfitter_cfg.c **** }
  80:Generated_Source\PSoC4/cyfitter_cfg.c **** CY_CFG_UNUSED
  81:Generated_Source\PSoC4/cyfitter_cfg.c **** static void CYCONFIGCPY(void *dest, const void *src, size_t n);
  82:Generated_Source\PSoC4/cyfitter_cfg.c **** CY_CFG_UNUSED
  83:Generated_Source\PSoC4/cyfitter_cfg.c **** static void CYCONFIGCPY(void *dest, const void *src, size_t n)
  84:Generated_Source\PSoC4/cyfitter_cfg.c **** {
  85:Generated_Source\PSoC4/cyfitter_cfg.c **** 	(void)memcpy(dest, src, n);
  86:Generated_Source\PSoC4/cyfitter_cfg.c **** }
  87:Generated_Source\PSoC4/cyfitter_cfg.c **** CY_CFG_UNUSED
  88:Generated_Source\PSoC4/cyfitter_cfg.c **** static void CYCONFIGCPYCODE(void *dest, const void *src, size_t n);
ARM GAS  C:\Users\jagumiel\AppData\Local\Temp\ccYf7uTI.s 			page 3


  89:Generated_Source\PSoC4/cyfitter_cfg.c **** CY_CFG_UNUSED
  90:Generated_Source\PSoC4/cyfitter_cfg.c **** static void CYCONFIGCPYCODE(void *dest, const void *src, size_t n)
  91:Generated_Source\PSoC4/cyfitter_cfg.c **** {
  92:Generated_Source\PSoC4/cyfitter_cfg.c **** 	(void)memcpy(dest, src, n);
  93:Generated_Source\PSoC4/cyfitter_cfg.c **** }
  94:Generated_Source\PSoC4/cyfitter_cfg.c **** 
  95:Generated_Source\PSoC4/cyfitter_cfg.c **** 
  96:Generated_Source\PSoC4/cyfitter_cfg.c **** 
  97:Generated_Source\PSoC4/cyfitter_cfg.c **** 
  98:Generated_Source\PSoC4/cyfitter_cfg.c **** /* Clock startup error codes                                                   */
  99:Generated_Source\PSoC4/cyfitter_cfg.c **** #define CYCLOCKSTART_NO_ERROR    0u
 100:Generated_Source\PSoC4/cyfitter_cfg.c **** #define CYCLOCKSTART_XTAL_ERROR  1u
 101:Generated_Source\PSoC4/cyfitter_cfg.c **** #define CYCLOCKSTART_32KHZ_ERROR 2u
 102:Generated_Source\PSoC4/cyfitter_cfg.c **** #define CYCLOCKSTART_PLL_ERROR   3u
 103:Generated_Source\PSoC4/cyfitter_cfg.c **** #define CYCLOCKSTART_FLL_ERROR   4u
 104:Generated_Source\PSoC4/cyfitter_cfg.c **** #define CYCLOCKSTART_WCO_ERROR   5u
 105:Generated_Source\PSoC4/cyfitter_cfg.c **** 
 106:Generated_Source\PSoC4/cyfitter_cfg.c **** 
 107:Generated_Source\PSoC4/cyfitter_cfg.c **** #ifdef CY_NEED_CYCLOCKSTARTUPERROR
 108:Generated_Source\PSoC4/cyfitter_cfg.c **** /*******************************************************************************
 109:Generated_Source\PSoC4/cyfitter_cfg.c **** * Function Name: CyClockStartupError
 110:Generated_Source\PSoC4/cyfitter_cfg.c **** ********************************************************************************
 111:Generated_Source\PSoC4/cyfitter_cfg.c **** * Summary:
 112:Generated_Source\PSoC4/cyfitter_cfg.c **** *  If an error is encountered during clock configuration (crystal startup error,
 113:Generated_Source\PSoC4/cyfitter_cfg.c **** *  PLL lock error, etc.), the system will end up here.  Unless reimplemented by
 114:Generated_Source\PSoC4/cyfitter_cfg.c **** *  the customer, this function will stop in an infinite loop.
 115:Generated_Source\PSoC4/cyfitter_cfg.c **** *
 116:Generated_Source\PSoC4/cyfitter_cfg.c **** * Parameters:
 117:Generated_Source\PSoC4/cyfitter_cfg.c **** *   void
 118:Generated_Source\PSoC4/cyfitter_cfg.c **** *
 119:Generated_Source\PSoC4/cyfitter_cfg.c **** * Return:
 120:Generated_Source\PSoC4/cyfitter_cfg.c **** *   void
 121:Generated_Source\PSoC4/cyfitter_cfg.c **** *
 122:Generated_Source\PSoC4/cyfitter_cfg.c **** *******************************************************************************/
 123:Generated_Source\PSoC4/cyfitter_cfg.c **** CY_CFG_UNUSED
 124:Generated_Source\PSoC4/cyfitter_cfg.c **** static void CyClockStartupError(uint8 errorCode);
 125:Generated_Source\PSoC4/cyfitter_cfg.c **** CY_CFG_UNUSED
 126:Generated_Source\PSoC4/cyfitter_cfg.c **** static void CyClockStartupError(uint8 errorCode)
 127:Generated_Source\PSoC4/cyfitter_cfg.c **** {
 128:Generated_Source\PSoC4/cyfitter_cfg.c ****     /* To remove the compiler warning if errorCode not used.                */
 129:Generated_Source\PSoC4/cyfitter_cfg.c ****     errorCode = errorCode;
 130:Generated_Source\PSoC4/cyfitter_cfg.c **** 
 131:Generated_Source\PSoC4/cyfitter_cfg.c ****     /* If we have a clock startup error (bad MHz crystal, PLL lock, etc.),  */
 132:Generated_Source\PSoC4/cyfitter_cfg.c ****     /* we will end up here to allow the customer to implement something to  */
 133:Generated_Source\PSoC4/cyfitter_cfg.c ****     /* deal with the clock condition.                                       */
 134:Generated_Source\PSoC4/cyfitter_cfg.c **** 
 135:Generated_Source\PSoC4/cyfitter_cfg.c **** #ifdef CY_CFG_CLOCK_STARTUP_ERROR_CALLBACK
 136:Generated_Source\PSoC4/cyfitter_cfg.c ****     CY_CFG_Clock_Startup_ErrorCallback();
 137:Generated_Source\PSoC4/cyfitter_cfg.c **** #else
 138:Generated_Source\PSoC4/cyfitter_cfg.c ****     /*  If not using CY_CFG_CLOCK_STARTUP_ERROR_CALLBACK, place your clock startup code here. */
 139:Generated_Source\PSoC4/cyfitter_cfg.c ****     /* `#START CyClockStartupError` */
 140:Generated_Source\PSoC4/cyfitter_cfg.c **** 
 141:Generated_Source\PSoC4/cyfitter_cfg.c **** 
 142:Generated_Source\PSoC4/cyfitter_cfg.c **** 
 143:Generated_Source\PSoC4/cyfitter_cfg.c ****     /* `#END` */
 144:Generated_Source\PSoC4/cyfitter_cfg.c **** 
 145:Generated_Source\PSoC4/cyfitter_cfg.c ****     while(1) {}
ARM GAS  C:\Users\jagumiel\AppData\Local\Temp\ccYf7uTI.s 			page 4


 146:Generated_Source\PSoC4/cyfitter_cfg.c **** #endif /* CY_CFG_CLOCK_STARTUP_ERROR_CALLBACK */
 147:Generated_Source\PSoC4/cyfitter_cfg.c **** }
 148:Generated_Source\PSoC4/cyfitter_cfg.c **** #endif
 149:Generated_Source\PSoC4/cyfitter_cfg.c **** 
 150:Generated_Source\PSoC4/cyfitter_cfg.c **** #define CY_CFG_BASE_ADDR_COUNT 6u
 151:Generated_Source\PSoC4/cyfitter_cfg.c **** CYPACKED typedef struct
 152:Generated_Source\PSoC4/cyfitter_cfg.c **** {
 153:Generated_Source\PSoC4/cyfitter_cfg.c **** 	uint8 offset;
 154:Generated_Source\PSoC4/cyfitter_cfg.c **** 	uint8 value;
 155:Generated_Source\PSoC4/cyfitter_cfg.c **** } CYPACKED_ATTR cy_cfg_addrvalue_t;
 156:Generated_Source\PSoC4/cyfitter_cfg.c **** 
 157:Generated_Source\PSoC4/cyfitter_cfg.c **** 
 158:Generated_Source\PSoC4/cyfitter_cfg.c **** 
 159:Generated_Source\PSoC4/cyfitter_cfg.c **** /*******************************************************************************
 160:Generated_Source\PSoC4/cyfitter_cfg.c **** * Function Name: cfg_write_bytes32
 161:Generated_Source\PSoC4/cyfitter_cfg.c **** ********************************************************************************
 162:Generated_Source\PSoC4/cyfitter_cfg.c **** * Summary:
 163:Generated_Source\PSoC4/cyfitter_cfg.c **** *  This function is used for setting up the chip configuration areas that
 164:Generated_Source\PSoC4/cyfitter_cfg.c **** *  contain relatively sparse data.
 165:Generated_Source\PSoC4/cyfitter_cfg.c **** *
 166:Generated_Source\PSoC4/cyfitter_cfg.c **** * Parameters:
 167:Generated_Source\PSoC4/cyfitter_cfg.c **** *   void
 168:Generated_Source\PSoC4/cyfitter_cfg.c **** *
 169:Generated_Source\PSoC4/cyfitter_cfg.c **** * Return:
 170:Generated_Source\PSoC4/cyfitter_cfg.c **** *   void
 171:Generated_Source\PSoC4/cyfitter_cfg.c **** *
 172:Generated_Source\PSoC4/cyfitter_cfg.c **** *******************************************************************************/
 173:Generated_Source\PSoC4/cyfitter_cfg.c **** static void cfg_write_bytes32(const uint32 addr_table[], const cy_cfg_addrvalue_t data_table[]);
 174:Generated_Source\PSoC4/cyfitter_cfg.c **** static void cfg_write_bytes32(const uint32 addr_table[], const cy_cfg_addrvalue_t data_table[])
 175:Generated_Source\PSoC4/cyfitter_cfg.c **** {
  27              		.loc 1 175 0
  28              		.cfi_startproc
  29              		@ args = 0, pretend = 0, frame = 0
  30              		@ frame_needed = 0, uses_anonymous_args = 0
  31              	.LVL0:
  32 0000 F0B5     		push	{r4, r5, r6, r7, lr}
  33              		.cfi_def_cfa_offset 20
  34              		.cfi_offset 4, -20
  35              		.cfi_offset 5, -16
  36              		.cfi_offset 6, -12
  37              		.cfi_offset 7, -8
  38              		.cfi_offset 14, -4
  39              	.LVL1:
 176:Generated_Source\PSoC4/cyfitter_cfg.c **** 	/* For 32-bit little-endian architectures */
 177:Generated_Source\PSoC4/cyfitter_cfg.c **** 	uint32 i, j = 0u;
  40              		.loc 1 177 0
  41 0002 0025     		movs	r5, #0
 178:Generated_Source\PSoC4/cyfitter_cfg.c **** 	for (i = 0u; i < CY_CFG_BASE_ADDR_COUNT; i++)
  42              		.loc 1 178 0
  43 0004 0027     		movs	r7, #0
  44 0006 11E0     		b	.L2
  45              	.LVL2:
  46              	.L5:
  47              	.LBB2:
 179:Generated_Source\PSoC4/cyfitter_cfg.c **** 	{
 180:Generated_Source\PSoC4/cyfitter_cfg.c **** 		uint32 baseAddr = addr_table[i];
  48              		.loc 1 180 0
ARM GAS  C:\Users\jagumiel\AppData\Local\Temp\ccYf7uTI.s 			page 5


  49 0008 BB00     		lsls	r3, r7, #2
  50 000a C658     		ldr	r6, [r0, r3]
  51              	.LVL3:
 181:Generated_Source\PSoC4/cyfitter_cfg.c **** 		uint8 count = (uint8)baseAddr;
  52              		.loc 1 181 0
  53 000c F3B2     		uxtb	r3, r6
  54              	.LVL4:
 182:Generated_Source\PSoC4/cyfitter_cfg.c **** 		baseAddr &= 0xFFFFFF00u;
  55              		.loc 1 182 0
  56 000e FF22     		movs	r2, #255
  57 0010 9643     		bics	r6, r2
  58              	.LVL5:
 183:Generated_Source\PSoC4/cyfitter_cfg.c **** 		while (count != 0u)
  59              		.loc 1 183 0
  60 0012 08E0     		b	.L3
  61              	.L4:
 184:Generated_Source\PSoC4/cyfitter_cfg.c **** 		{
 185:Generated_Source\PSoC4/cyfitter_cfg.c **** 			CY_SET_REG8((void *)(baseAddr + data_table[j].offset), data_table[j].value);
  62              		.loc 1 185 0
  63 0014 6A00     		lsls	r2, r5, #1
  64 0016 8A18     		adds	r2, r1, r2
  65 0018 1478     		ldrb	r4, [r2]
  66 001a A419     		adds	r4, r4, r6
  67 001c 5278     		ldrb	r2, [r2, #1]
  68 001e 2270     		strb	r2, [r4]
 186:Generated_Source\PSoC4/cyfitter_cfg.c **** 			j++;
  69              		.loc 1 186 0
  70 0020 0135     		adds	r5, r5, #1
  71              	.LVL6:
 187:Generated_Source\PSoC4/cyfitter_cfg.c **** 			count--;
  72              		.loc 1 187 0
  73 0022 013B     		subs	r3, r3, #1
  74              	.LVL7:
  75 0024 DBB2     		uxtb	r3, r3
  76              	.LVL8:
  77              	.L3:
 183:Generated_Source\PSoC4/cyfitter_cfg.c **** 		{
  78              		.loc 1 183 0
  79 0026 002B     		cmp	r3, #0
  80 0028 F4D1     		bne	.L4
  81              	.LBE2:
 178:Generated_Source\PSoC4/cyfitter_cfg.c **** 	{
  82              		.loc 1 178 0 discriminator 2
  83 002a 0137     		adds	r7, r7, #1
  84              	.LVL9:
  85              	.L2:
 178:Generated_Source\PSoC4/cyfitter_cfg.c **** 	{
  86              		.loc 1 178 0 is_stmt 0 discriminator 1
  87 002c 052F     		cmp	r7, #5
  88 002e EBD9     		bls	.L5
 188:Generated_Source\PSoC4/cyfitter_cfg.c **** 		}
 189:Generated_Source\PSoC4/cyfitter_cfg.c **** 	}
 190:Generated_Source\PSoC4/cyfitter_cfg.c **** }
  89              		.loc 1 190 0 is_stmt 1
  90              		@ sp needed
  91              	.LVL10:
  92              	.LVL11:
ARM GAS  C:\Users\jagumiel\AppData\Local\Temp\ccYf7uTI.s 			page 6


  93 0030 F0BD     		pop	{r4, r5, r6, r7, pc}
  94              		.cfi_endproc
  95              	.LFE3:
  96              		.size	cfg_write_bytes32, .-cfg_write_bytes32
  97 0032 C046     		.section	.text.CYMEMZERO,"ax",%progbits
  98              		.align	2
  99              		.code	16
 100              		.thumb_func
 101              		.type	CYMEMZERO, %function
 102              	CYMEMZERO:
 103              	.LFB0:
  77:Generated_Source\PSoC4/cyfitter_cfg.c **** 	(void)memset(s, 0, n);
 104              		.loc 1 77 0
 105              		.cfi_startproc
 106              		@ args = 0, pretend = 0, frame = 0
 107              		@ frame_needed = 0, uses_anonymous_args = 0
 108              	.LVL12:
 109 0000 10B5     		push	{r4, lr}
 110              		.cfi_def_cfa_offset 8
 111              		.cfi_offset 4, -8
 112              		.cfi_offset 14, -4
 113 0002 0A00     		movs	r2, r1
  78:Generated_Source\PSoC4/cyfitter_cfg.c **** }
 114              		.loc 1 78 0
 115 0004 0021     		movs	r1, #0
 116              	.LVL13:
 117 0006 FFF7FEFF 		bl	memset
 118              	.LVL14:
  79:Generated_Source\PSoC4/cyfitter_cfg.c **** CY_CFG_UNUSED
 119              		.loc 1 79 0
 120              		@ sp needed
 121 000a 10BD     		pop	{r4, pc}
 122              		.cfi_endproc
 123              	.LFE0:
 124              		.size	CYMEMZERO, .-CYMEMZERO
 125              		.section	.psocinit,"ax",%progbits
 126              		.align	2
 127              		.code	16
 128              		.thumb_func
 129              		.type	ClockSetup, %function
 130              	ClockSetup:
 131              	.LFB4:
 191:Generated_Source\PSoC4/cyfitter_cfg.c **** 
 192:Generated_Source\PSoC4/cyfitter_cfg.c **** 
 193:Generated_Source\PSoC4/cyfitter_cfg.c **** /*******************************************************************************
 194:Generated_Source\PSoC4/cyfitter_cfg.c **** * Function Name: ClockSetup
 195:Generated_Source\PSoC4/cyfitter_cfg.c **** ********************************************************************************
 196:Generated_Source\PSoC4/cyfitter_cfg.c **** *
 197:Generated_Source\PSoC4/cyfitter_cfg.c **** * Summary:
 198:Generated_Source\PSoC4/cyfitter_cfg.c **** *   Performs the initialization of all of the clocks in the device based on the
 199:Generated_Source\PSoC4/cyfitter_cfg.c **** *   settings in the Clock tab of the DWR.  This includes enabling the requested
 200:Generated_Source\PSoC4/cyfitter_cfg.c **** *   clocks and setting the necessary dividers to produce the desired frequency. 
 201:Generated_Source\PSoC4/cyfitter_cfg.c **** *
 202:Generated_Source\PSoC4/cyfitter_cfg.c **** * Parameters:
 203:Generated_Source\PSoC4/cyfitter_cfg.c **** *   void
 204:Generated_Source\PSoC4/cyfitter_cfg.c **** *
 205:Generated_Source\PSoC4/cyfitter_cfg.c **** * Return:
ARM GAS  C:\Users\jagumiel\AppData\Local\Temp\ccYf7uTI.s 			page 7


 206:Generated_Source\PSoC4/cyfitter_cfg.c **** *   void
 207:Generated_Source\PSoC4/cyfitter_cfg.c **** *
 208:Generated_Source\PSoC4/cyfitter_cfg.c **** *******************************************************************************/
 209:Generated_Source\PSoC4/cyfitter_cfg.c **** static void ClockSetup(void);
 210:Generated_Source\PSoC4/cyfitter_cfg.c **** CY_CFG_SECTION
 211:Generated_Source\PSoC4/cyfitter_cfg.c **** static void ClockSetup(void)
 212:Generated_Source\PSoC4/cyfitter_cfg.c **** {
 132              		.loc 1 212 0
 133              		.cfi_startproc
 134              		@ args = 0, pretend = 0, frame = 0
 135              		@ frame_needed = 0, uses_anonymous_args = 0
 136 0000 70B5     		push	{r4, r5, r6, lr}
 137              		.cfi_def_cfa_offset 16
 138              		.cfi_offset 4, -16
 139              		.cfi_offset 5, -12
 140              		.cfi_offset 6, -8
 141              		.cfi_offset 14, -4
 213:Generated_Source\PSoC4/cyfitter_cfg.c **** 	/* Enable HALF_EN before trimming for the flash accelerator. */
 214:Generated_Source\PSoC4/cyfitter_cfg.c **** 	CY_SET_REG32((void CYXDATA *)(CYREG_CLK_SELECT), (CY_GET_REG32((void *)CYREG_CLK_SELECT) | 0x00040
 142              		.loc 1 214 0
 143 0002 0F4C     		ldr	r4, .L8
 144 0004 2368     		ldr	r3, [r4]
 145 0006 8022     		movs	r2, #128
 146 0008 D202     		lsls	r2, r2, #11
 147 000a 1343     		orrs	r3, r2
 148 000c 2360     		str	r3, [r4]
 215:Generated_Source\PSoC4/cyfitter_cfg.c **** 
 216:Generated_Source\PSoC4/cyfitter_cfg.c **** 	/* Setup and trim IMO based on desired frequency. */
 217:Generated_Source\PSoC4/cyfitter_cfg.c **** 	CySysClkWriteImoFreq(24u);
 149              		.loc 1 217 0
 150 000e 1820     		movs	r0, #24
 151 0010 FFF7FEFF 		bl	CySysClkWriteImoFreq
 152              	.LVL15:
 218:Generated_Source\PSoC4/cyfitter_cfg.c **** 
 219:Generated_Source\PSoC4/cyfitter_cfg.c **** 	/* Disable HALF_EN since it is not required at this IMO frequency. */
 220:Generated_Source\PSoC4/cyfitter_cfg.c **** 	CY_SET_REG32((void CYXDATA *)(CYREG_CLK_SELECT), (CY_GET_REG32((void *)CYREG_CLK_SELECT) & 0xFFFBF
 153              		.loc 1 220 0
 154 0014 2268     		ldr	r2, [r4]
 155 0016 0B4B     		ldr	r3, .L8+4
 156 0018 1340     		ands	r3, r2
 157 001a 2360     		str	r3, [r4]
 221:Generated_Source\PSoC4/cyfitter_cfg.c **** 	/* CYDEV_CLK_ILO_CONFIG Starting address: CYDEV_CLK_ILO_CONFIG */
 222:Generated_Source\PSoC4/cyfitter_cfg.c **** 	CY_SET_REG32((void *)(CYREG_CLK_ILO_CONFIG), 0x80000006u);
 158              		.loc 1 222 0
 159 001c 0A4A     		ldr	r2, .L8+8
 160 001e 0B4B     		ldr	r3, .L8+12
 161 0020 1A60     		str	r2, [r3]
 223:Generated_Source\PSoC4/cyfitter_cfg.c **** 
 224:Generated_Source\PSoC4/cyfitter_cfg.c **** 
 225:Generated_Source\PSoC4/cyfitter_cfg.c **** 	/* CYDEV_CLK_IMO_CONFIG Starting address: CYDEV_CLK_IMO_CONFIG */
 226:Generated_Source\PSoC4/cyfitter_cfg.c **** 	CY_SET_REG32((void *)(CYREG_CLK_IMO_CONFIG), 0x80000000u);
 162              		.loc 1 226 0
 163 0022 063A     		subs	r2, r2, #6
 164 0024 0A4B     		ldr	r3, .L8+16
 165 0026 1A60     		str	r2, [r3]
 227:Generated_Source\PSoC4/cyfitter_cfg.c **** 
 228:Generated_Source\PSoC4/cyfitter_cfg.c **** 	/* CYDEV_CLK_SELECT Starting address: CYDEV_CLK_SELECT */
ARM GAS  C:\Users\jagumiel\AppData\Local\Temp\ccYf7uTI.s 			page 8


 229:Generated_Source\PSoC4/cyfitter_cfg.c **** 	CY_SET_REG32((void *)(CYREG_CLK_SELECT), 0x00000000u);
 166              		.loc 1 229 0
 167 0028 0025     		movs	r5, #0
 168 002a 2560     		str	r5, [r4]
 230:Generated_Source\PSoC4/cyfitter_cfg.c **** 
 231:Generated_Source\PSoC4/cyfitter_cfg.c **** 	(void)CyIntSetVector(9u, &CySysWdtIsr);
 169              		.loc 1 231 0
 170 002c 0949     		ldr	r1, .L8+20
 171 002e 0920     		movs	r0, #9
 172 0030 FFF7FEFF 		bl	CyIntSetVector
 173              	.LVL16:
 232:Generated_Source\PSoC4/cyfitter_cfg.c **** 	CyIntEnable(9u);
 174              		.loc 1 232 0
 175 0034 0920     		movs	r0, #9
 176 0036 FFF7FEFF 		bl	CyIntEnable
 177              	.LVL17:
 233:Generated_Source\PSoC4/cyfitter_cfg.c **** 	CY_SET_REG32((void *)(CYREG_WDT_CONFIG), 0x00000000u);
 178              		.loc 1 233 0
 179 003a 074B     		ldr	r3, .L8+24
 180 003c 1D60     		str	r5, [r3]
 234:Generated_Source\PSoC4/cyfitter_cfg.c **** }
 181              		.loc 1 234 0
 182              		@ sp needed
 183 003e 70BD     		pop	{r4, r5, r6, pc}
 184              	.L9:
 185              		.align	2
 186              	.L8:
 187 0040 00010B40 		.word	1074462976
 188 0044 FFFFFBFF 		.word	-262145
 189 0048 06000080 		.word	-2147483642
 190 004c 04010B40 		.word	1074462980
 191 0050 08010B40 		.word	1074462984
 192 0054 00000000 		.word	CySysWdtIsr
 193 0058 0C020B40 		.word	1074463244
 194              		.cfi_endproc
 195              	.LFE4:
 196              		.size	ClockSetup, .-ClockSetup
 197              		.align	2
 198              		.global	cyfitter_cfg
 199              		.code	16
 200              		.thumb_func
 201              		.type	cyfitter_cfg, %function
 202              	cyfitter_cfg:
 203              	.LFB6:
 235:Generated_Source\PSoC4/cyfitter_cfg.c **** 
 236:Generated_Source\PSoC4/cyfitter_cfg.c **** 
 237:Generated_Source\PSoC4/cyfitter_cfg.c **** /* Analog API Functions */
 238:Generated_Source\PSoC4/cyfitter_cfg.c **** 
 239:Generated_Source\PSoC4/cyfitter_cfg.c **** 
 240:Generated_Source\PSoC4/cyfitter_cfg.c **** /*******************************************************************************
 241:Generated_Source\PSoC4/cyfitter_cfg.c **** * Function Name: AnalogSetDefault
 242:Generated_Source\PSoC4/cyfitter_cfg.c **** ********************************************************************************
 243:Generated_Source\PSoC4/cyfitter_cfg.c **** *
 244:Generated_Source\PSoC4/cyfitter_cfg.c **** * Summary:
 245:Generated_Source\PSoC4/cyfitter_cfg.c **** *  Sets up the analog portions of the chip to default values based on chip
 246:Generated_Source\PSoC4/cyfitter_cfg.c **** *  configuration options from the project.
 247:Generated_Source\PSoC4/cyfitter_cfg.c **** *
ARM GAS  C:\Users\jagumiel\AppData\Local\Temp\ccYf7uTI.s 			page 9


 248:Generated_Source\PSoC4/cyfitter_cfg.c **** * Parameters:
 249:Generated_Source\PSoC4/cyfitter_cfg.c **** *  void
 250:Generated_Source\PSoC4/cyfitter_cfg.c **** *
 251:Generated_Source\PSoC4/cyfitter_cfg.c **** * Return:
 252:Generated_Source\PSoC4/cyfitter_cfg.c **** *  void
 253:Generated_Source\PSoC4/cyfitter_cfg.c **** *
 254:Generated_Source\PSoC4/cyfitter_cfg.c **** *******************************************************************************/
 255:Generated_Source\PSoC4/cyfitter_cfg.c **** static void AnalogSetDefault(void);
 256:Generated_Source\PSoC4/cyfitter_cfg.c **** static void AnalogSetDefault(void)
 257:Generated_Source\PSoC4/cyfitter_cfg.c **** {
 258:Generated_Source\PSoC4/cyfitter_cfg.c **** }
 259:Generated_Source\PSoC4/cyfitter_cfg.c **** 
 260:Generated_Source\PSoC4/cyfitter_cfg.c **** 
 261:Generated_Source\PSoC4/cyfitter_cfg.c **** 
 262:Generated_Source\PSoC4/cyfitter_cfg.c **** 
 263:Generated_Source\PSoC4/cyfitter_cfg.c **** /*******************************************************************************
 264:Generated_Source\PSoC4/cyfitter_cfg.c **** * Function Name: cyfitter_cfg
 265:Generated_Source\PSoC4/cyfitter_cfg.c **** ********************************************************************************
 266:Generated_Source\PSoC4/cyfitter_cfg.c **** * Summary:
 267:Generated_Source\PSoC4/cyfitter_cfg.c **** *  This function is called by the start-up code for the selected device. It
 268:Generated_Source\PSoC4/cyfitter_cfg.c **** *  performs all of the necessary device configuration based on the design
 269:Generated_Source\PSoC4/cyfitter_cfg.c **** *  settings.  This includes settings from the Design Wide Resources (DWR) such
 270:Generated_Source\PSoC4/cyfitter_cfg.c **** *  as Clocks and Pins as well as any component configuration that is necessary.
 271:Generated_Source\PSoC4/cyfitter_cfg.c **** *
 272:Generated_Source\PSoC4/cyfitter_cfg.c **** * Parameters:
 273:Generated_Source\PSoC4/cyfitter_cfg.c **** *   void
 274:Generated_Source\PSoC4/cyfitter_cfg.c **** *
 275:Generated_Source\PSoC4/cyfitter_cfg.c **** * Return:
 276:Generated_Source\PSoC4/cyfitter_cfg.c **** *   void
 277:Generated_Source\PSoC4/cyfitter_cfg.c **** *
 278:Generated_Source\PSoC4/cyfitter_cfg.c **** *******************************************************************************/
 279:Generated_Source\PSoC4/cyfitter_cfg.c **** CY_CFG_SECTION
 280:Generated_Source\PSoC4/cyfitter_cfg.c **** void cyfitter_cfg(void)
 281:Generated_Source\PSoC4/cyfitter_cfg.c **** {
 204              		.loc 1 281 0
 205              		.cfi_startproc
 206              		@ args = 0, pretend = 0, frame = 0
 207              		@ frame_needed = 0, uses_anonymous_args = 0
 208 005c 10B5     		push	{r4, lr}
 209              		.cfi_def_cfa_offset 8
 210              		.cfi_offset 4, -8
 211              		.cfi_offset 14, -4
 282:Generated_Source\PSoC4/cyfitter_cfg.c **** 	/* Disable interrupts by default. Let user enable if/when they want. */
 283:Generated_Source\PSoC4/cyfitter_cfg.c **** 	CyGlobalIntDisable;
 212              		.loc 1 283 0
 213              		.syntax divided
 214              	@ 283 "Generated_Source\PSoC4\cyfitter_cfg.c" 1
 215 005e 72B6     		CPSID   i
 216              	@ 0 "" 2
 217              	.LVL18:
 218              		.thumb
 219              		.syntax unified
 220              	.LBB3:
 284:Generated_Source\PSoC4/cyfitter_cfg.c **** 
 285:Generated_Source\PSoC4/cyfitter_cfg.c **** 	{
 286:Generated_Source\PSoC4/cyfitter_cfg.c **** 		static const uint32 CYCODE cy_cfg_addr_table[] = {
 287:Generated_Source\PSoC4/cyfitter_cfg.c **** 			0x400F3005u, /* Base address: 0x400F3000 Count: 5 */
ARM GAS  C:\Users\jagumiel\AppData\Local\Temp\ccYf7uTI.s 			page 10


 288:Generated_Source\PSoC4/cyfitter_cfg.c **** 			0x400F3103u, /* Base address: 0x400F3100 Count: 3 */
 289:Generated_Source\PSoC4/cyfitter_cfg.c **** 			0x400F3302u, /* Base address: 0x400F3300 Count: 2 */
 290:Generated_Source\PSoC4/cyfitter_cfg.c **** 			0x400F4005u, /* Base address: 0x400F4000 Count: 5 */
 291:Generated_Source\PSoC4/cyfitter_cfg.c **** 			0x400F4107u, /* Base address: 0x400F4100 Count: 7 */
 292:Generated_Source\PSoC4/cyfitter_cfg.c **** 			0x400F6002u, /* Base address: 0x400F6000 Count: 2 */
 293:Generated_Source\PSoC4/cyfitter_cfg.c **** 		};
 294:Generated_Source\PSoC4/cyfitter_cfg.c **** 
 295:Generated_Source\PSoC4/cyfitter_cfg.c **** 		static const cy_cfg_addrvalue_t CYCODE cy_cfg_data_table[] = {
 296:Generated_Source\PSoC4/cyfitter_cfg.c **** 			{0x90u, 0x01u},
 297:Generated_Source\PSoC4/cyfitter_cfg.c **** 			{0xB6u, 0x01u},
 298:Generated_Source\PSoC4/cyfitter_cfg.c **** 			{0xBEu, 0x40u},
 299:Generated_Source\PSoC4/cyfitter_cfg.c **** 			{0xD8u, 0x04u},
 300:Generated_Source\PSoC4/cyfitter_cfg.c **** 			{0xDFu, 0x01u},
 301:Generated_Source\PSoC4/cyfitter_cfg.c **** 			{0x0Fu, 0x80u},
 302:Generated_Source\PSoC4/cyfitter_cfg.c **** 			{0x1Fu, 0x80u},
 303:Generated_Source\PSoC4/cyfitter_cfg.c **** 			{0xC2u, 0x10u},
 304:Generated_Source\PSoC4/cyfitter_cfg.c **** 			{0xABu, 0x40u},
 305:Generated_Source\PSoC4/cyfitter_cfg.c **** 			{0xAFu, 0x80u},
 306:Generated_Source\PSoC4/cyfitter_cfg.c **** 			{0x0Du, 0x20u},
 307:Generated_Source\PSoC4/cyfitter_cfg.c **** 			{0x0Fu, 0x08u},
 308:Generated_Source\PSoC4/cyfitter_cfg.c **** 			{0x57u, 0x20u},
 309:Generated_Source\PSoC4/cyfitter_cfg.c **** 			{0xC2u, 0x80u},
 310:Generated_Source\PSoC4/cyfitter_cfg.c **** 			{0xD4u, 0x40u},
 311:Generated_Source\PSoC4/cyfitter_cfg.c **** 			{0x63u, 0x08u},
 312:Generated_Source\PSoC4/cyfitter_cfg.c **** 			{0xA3u, 0x04u},
 313:Generated_Source\PSoC4/cyfitter_cfg.c **** 			{0xA9u, 0x20u},
 314:Generated_Source\PSoC4/cyfitter_cfg.c **** 			{0xAFu, 0x20u},
 315:Generated_Source\PSoC4/cyfitter_cfg.c **** 			{0xD8u, 0x40u},
 316:Generated_Source\PSoC4/cyfitter_cfg.c **** 			{0xE8u, 0x20u},
 317:Generated_Source\PSoC4/cyfitter_cfg.c **** 			{0xEEu, 0x10u},
 318:Generated_Source\PSoC4/cyfitter_cfg.c **** 			{0x02u, 0x01u},
 319:Generated_Source\PSoC4/cyfitter_cfg.c **** 			{0x11u, 0x01u},
 320:Generated_Source\PSoC4/cyfitter_cfg.c **** 		};
 321:Generated_Source\PSoC4/cyfitter_cfg.c **** 
 322:Generated_Source\PSoC4/cyfitter_cfg.c **** 
 323:Generated_Source\PSoC4/cyfitter_cfg.c **** 
 324:Generated_Source\PSoC4/cyfitter_cfg.c **** 		CYPACKED typedef struct {
 325:Generated_Source\PSoC4/cyfitter_cfg.c **** 			void CYFAR *address;
 326:Generated_Source\PSoC4/cyfitter_cfg.c **** 			uint16 size;
 327:Generated_Source\PSoC4/cyfitter_cfg.c **** 		} CYPACKED_ATTR cfg_memset_t;
 328:Generated_Source\PSoC4/cyfitter_cfg.c **** 
 329:Generated_Source\PSoC4/cyfitter_cfg.c **** 		static const cfg_memset_t CYCODE cfg_memset_list[] = {
 330:Generated_Source\PSoC4/cyfitter_cfg.c **** 			/* address, size */
 331:Generated_Source\PSoC4/cyfitter_cfg.c **** 			{(void CYFAR *)(CYDEV_UDB_P0_U0_BASE), 1024u},
 332:Generated_Source\PSoC4/cyfitter_cfg.c **** 			{(void CYFAR *)(CYDEV_UDB_DSI0_BASE), 1024u},
 333:Generated_Source\PSoC4/cyfitter_cfg.c **** 		};
 334:Generated_Source\PSoC4/cyfitter_cfg.c **** 
 335:Generated_Source\PSoC4/cyfitter_cfg.c **** 		uint8 CYDATA i;
 336:Generated_Source\PSoC4/cyfitter_cfg.c **** 
 337:Generated_Source\PSoC4/cyfitter_cfg.c **** 		/* Zero out critical memory blocks before beginning configuration */
 338:Generated_Source\PSoC4/cyfitter_cfg.c **** 		for (i = 0u; i < (sizeof(cfg_memset_list)/sizeof(cfg_memset_list[0])); i++)
 221              		.loc 1 338 0
 222 0060 0024     		movs	r4, #0
 223 0062 0FE0     		b	.L11
 224              	.LVL19:
 225              	.L12:
 226              	.LBB4:
ARM GAS  C:\Users\jagumiel\AppData\Local\Temp\ccYf7uTI.s 			page 11


 339:Generated_Source\PSoC4/cyfitter_cfg.c **** 		{
 340:Generated_Source\PSoC4/cyfitter_cfg.c **** 			const cfg_memset_t CYCODE * CYDATA ms = &cfg_memset_list[i];
 341:Generated_Source\PSoC4/cyfitter_cfg.c **** 			CYMEMZERO(ms->address, (size_t)(uint32)(ms->size));
 227              		.loc 1 341 0 discriminator 3
 228 0064 2D48     		ldr	r0, .L13
 229 0066 6200     		lsls	r2, r4, #1
 230 0068 1319     		adds	r3, r2, r4
 231 006a 5900     		lsls	r1, r3, #1
 232 006c 0B00     		movs	r3, r1
 233 006e 4118     		adds	r1, r0, r1
 234 0070 8988     		ldrh	r1, [r1, #4]
 235 0072 1A5A     		ldrh	r2, [r3, r0]
 236 0074 C318     		adds	r3, r0, r3
 237 0076 5888     		ldrh	r0, [r3, #2]
 238 0078 0004     		lsls	r0, r0, #16
 239 007a 1043     		orrs	r0, r2
 240 007c FFF7FEFF 		bl	CYMEMZERO
 241              	.LVL20:
 242              	.LBE4:
 338:Generated_Source\PSoC4/cyfitter_cfg.c **** 		{
 243              		.loc 1 338 0 discriminator 3
 244 0080 0134     		adds	r4, r4, #1
 245              	.LVL21:
 246 0082 E4B2     		uxtb	r4, r4
 247              	.LVL22:
 248              	.L11:
 338:Generated_Source\PSoC4/cyfitter_cfg.c **** 		{
 249              		.loc 1 338 0 is_stmt 0 discriminator 1
 250 0084 012C     		cmp	r4, #1
 251 0086 EDD9     		bls	.L12
 342:Generated_Source\PSoC4/cyfitter_cfg.c **** 		}
 343:Generated_Source\PSoC4/cyfitter_cfg.c **** 
 344:Generated_Source\PSoC4/cyfitter_cfg.c **** 		cfg_write_bytes32(cy_cfg_addr_table, cy_cfg_data_table);
 252              		.loc 1 344 0 is_stmt 1
 253 0088 2448     		ldr	r0, .L13
 254 008a 0100     		movs	r1, r0
 255 008c 0C31     		adds	r1, r1, #12
 256 008e 3C30     		adds	r0, r0, #60
 257 0090 FFF7FEFF 		bl	cfg_write_bytes32
 258              	.LVL23:
 345:Generated_Source\PSoC4/cyfitter_cfg.c **** 
 346:Generated_Source\PSoC4/cyfitter_cfg.c **** 		/* HSIOM Starting address: CYDEV_HSIOM_BASE */
 347:Generated_Source\PSoC4/cyfitter_cfg.c **** 		CY_SET_REG32((void *)(CYDEV_HSIOM_BASE), 0x00000300u);
 259              		.loc 1 347 0
 260 0094 C022     		movs	r2, #192
 261 0096 9200     		lsls	r2, r2, #2
 262 0098 214B     		ldr	r3, .L13+4
 263 009a 1A60     		str	r2, [r3]
 348:Generated_Source\PSoC4/cyfitter_cfg.c **** 		CY_SET_REG32((void *)(CYREG_HSIOM_PORT_SEL1), 0x03000000u);
 264              		.loc 1 348 0
 265 009c C022     		movs	r2, #192
 266 009e 9204     		lsls	r2, r2, #18
 267 00a0 204B     		ldr	r3, .L13+8
 268 00a2 1A60     		str	r2, [r3]
 349:Generated_Source\PSoC4/cyfitter_cfg.c **** 		CY_SET_REG32((void *)(CYREG_HSIOM_PORT_SEL3), 0x0000EE00u);
 269              		.loc 1 349 0
 270 00a4 EE22     		movs	r2, #238
ARM GAS  C:\Users\jagumiel\AppData\Local\Temp\ccYf7uTI.s 			page 12


 271 00a6 1202     		lsls	r2, r2, #8
 272 00a8 1F4B     		ldr	r3, .L13+12
 273 00aa 1A60     		str	r2, [r3]
 350:Generated_Source\PSoC4/cyfitter_cfg.c **** 
 351:Generated_Source\PSoC4/cyfitter_cfg.c **** 		/* UDB_PA_0 Starting address: CYDEV_UDB_PA0_BASE */
 352:Generated_Source\PSoC4/cyfitter_cfg.c **** 		CY_SET_REG32((void *)(CYDEV_UDB_PA0_BASE), 0x00990004u);
 274              		.loc 1 352 0
 275 00ac 1F4A     		ldr	r2, .L13+16
 276 00ae 204B     		ldr	r3, .L13+20
 277 00b0 1A60     		str	r2, [r3]
 353:Generated_Source\PSoC4/cyfitter_cfg.c **** 		CY_SET_REG32((void *)(CYREG_UDB_PA0_CFG4), 0x80000000u);
 278              		.loc 1 353 0
 279 00b2 8022     		movs	r2, #128
 280 00b4 1206     		lsls	r2, r2, #24
 281 00b6 1F4B     		ldr	r3, .L13+24
 282 00b8 1A60     		str	r2, [r3]
 354:Generated_Source\PSoC4/cyfitter_cfg.c **** 		CY_SET_REG32((void *)(CYREG_UDB_PA0_CFG8), 0x00100000u);
 283              		.loc 1 354 0
 284 00ba 8022     		movs	r2, #128
 285 00bc 5203     		lsls	r2, r2, #13
 286 00be 1E4B     		ldr	r3, .L13+28
 287 00c0 1A60     		str	r2, [r3]
 355:Generated_Source\PSoC4/cyfitter_cfg.c **** 
 356:Generated_Source\PSoC4/cyfitter_cfg.c **** 		/* UDB_PA_1 Starting address: CYDEV_UDB_PA1_BASE */
 357:Generated_Source\PSoC4/cyfitter_cfg.c **** 		CY_SET_REG32((void *)(CYDEV_UDB_PA1_BASE), 0x00990000u);
 288              		.loc 1 357 0
 289 00c2 9923     		movs	r3, #153
 290 00c4 1B04     		lsls	r3, r3, #16
 291 00c6 1D4A     		ldr	r2, .L13+32
 292 00c8 1360     		str	r3, [r2]
 358:Generated_Source\PSoC4/cyfitter_cfg.c **** 		CY_SET_REG32((void *)(CYREG_UDB_PA1_CFG8), 0x20000000u);
 293              		.loc 1 358 0
 294 00ca 8021     		movs	r1, #128
 295 00cc 8905     		lsls	r1, r1, #22
 296 00ce 1C4A     		ldr	r2, .L13+36
 297 00d0 1160     		str	r1, [r2]
 359:Generated_Source\PSoC4/cyfitter_cfg.c **** 
 360:Generated_Source\PSoC4/cyfitter_cfg.c **** 		/* UDB_PA_3 Starting address: CYDEV_UDB_PA3_BASE */
 361:Generated_Source\PSoC4/cyfitter_cfg.c **** 		CY_SET_REG32((void *)(CYDEV_UDB_PA3_BASE), 0x00990000u);
 298              		.loc 1 361 0
 299 00d2 1C4A     		ldr	r2, .L13+40
 300 00d4 1360     		str	r3, [r2]
 362:Generated_Source\PSoC4/cyfitter_cfg.c **** 
 363:Generated_Source\PSoC4/cyfitter_cfg.c **** 		/* Enable UDB array and digital routing */
 364:Generated_Source\PSoC4/cyfitter_cfg.c **** 		CY_SET_XTND_REG8((void *)CYREG_UDB_UDBIF_WAIT_CFG, (uint8)((CY_GET_XTND_REG8((void *)CYREG_UDB_UD
 301              		.loc 1 364 0
 302 00d6 1C49     		ldr	r1, .L13+44
 303 00d8 0B78     		ldrb	r3, [r1]
 304 00da 3C22     		movs	r2, #60
 305 00dc 9343     		bics	r3, r2
 306 00de 1422     		movs	r2, #20
 307 00e0 1343     		orrs	r3, r2
 308 00e2 DBB2     		uxtb	r3, r3
 309 00e4 0B70     		strb	r3, [r1]
 365:Generated_Source\PSoC4/cyfitter_cfg.c **** 		CY_SET_XTND_REG8((void *)CYREG_UDB_UDBIF_BANK_CTL, (uint8)(CY_GET_XTND_REG8((void *)CYREG_UDB_UDB
 310              		.loc 1 365 0
 311 00e6 194A     		ldr	r2, .L13+48
ARM GAS  C:\Users\jagumiel\AppData\Local\Temp\ccYf7uTI.s 			page 13


 312 00e8 1178     		ldrb	r1, [r2]
 313 00ea 1623     		movs	r3, #22
 314 00ec 0B43     		orrs	r3, r1
 315 00ee DBB2     		uxtb	r3, r3
 316 00f0 1370     		strb	r3, [r2]
 317              	.LBE3:
 366:Generated_Source\PSoC4/cyfitter_cfg.c **** 	}
 367:Generated_Source\PSoC4/cyfitter_cfg.c **** 
 368:Generated_Source\PSoC4/cyfitter_cfg.c **** 	/* Perform second pass device configuration. These items must be configured in specific order afte
 369:Generated_Source\PSoC4/cyfitter_cfg.c **** 	/* IOPINS0_0 Starting address: CYDEV_PRT0_BASE */
 370:Generated_Source\PSoC4/cyfitter_cfg.c **** 	CY_SET_REG32((void *)(CYDEV_PRT0_BASE), 0x0000008Cu);
 318              		.loc 1 370 0
 319 00f2 8C22     		movs	r2, #140
 320 00f4 164B     		ldr	r3, .L13+52
 321 00f6 1A60     		str	r2, [r3]
 371:Generated_Source\PSoC4/cyfitter_cfg.c **** 	CY_SET_REG32((void *)(CYREG_PRT0_PC), 0x00400D80u);
 322              		.loc 1 371 0
 323 00f8 164A     		ldr	r2, .L13+56
 324 00fa 174B     		ldr	r3, .L13+60
 325 00fc 1A60     		str	r2, [r3]
 372:Generated_Source\PSoC4/cyfitter_cfg.c **** 
 373:Generated_Source\PSoC4/cyfitter_cfg.c **** 	/* IOPINS0_1 Starting address: CYDEV_PRT1_BASE */
 374:Generated_Source\PSoC4/cyfitter_cfg.c **** 	CY_SET_REG32((void *)(CYDEV_PRT1_BASE), 0x00000040u);
 326              		.loc 1 374 0
 327 00fe 4022     		movs	r2, #64
 328 0100 164B     		ldr	r3, .L13+64
 329 0102 1A60     		str	r2, [r3]
 375:Generated_Source\PSoC4/cyfitter_cfg.c **** 	CY_SET_REG32((void *)(CYREG_PRT1_PC), 0x00180000u);
 330              		.loc 1 375 0
 331 0104 C022     		movs	r2, #192
 332 0106 5203     		lsls	r2, r2, #13
 333 0108 154B     		ldr	r3, .L13+68
 334 010a 1A60     		str	r2, [r3]
 376:Generated_Source\PSoC4/cyfitter_cfg.c **** 
 377:Generated_Source\PSoC4/cyfitter_cfg.c **** 	/* IOPINS0_3 Starting address: CYDEV_PRT3_BASE */
 378:Generated_Source\PSoC4/cyfitter_cfg.c **** 	CY_SET_REG32((void *)(CYREG_PRT3_PC), 0x00000D80u);
 335              		.loc 1 378 0
 336 010c D822     		movs	r2, #216
 337 010e 1201     		lsls	r2, r2, #4
 338 0110 144B     		ldr	r3, .L13+72
 339 0112 1A60     		str	r2, [r3]
 379:Generated_Source\PSoC4/cyfitter_cfg.c **** 
 380:Generated_Source\PSoC4/cyfitter_cfg.c **** 
 381:Generated_Source\PSoC4/cyfitter_cfg.c **** 	/* Setup clocks based on selections from Clock DWR */
 382:Generated_Source\PSoC4/cyfitter_cfg.c **** 	ClockSetup();
 340              		.loc 1 382 0
 341 0114 FFF774FF 		bl	ClockSetup
 342              	.LVL24:
 383:Generated_Source\PSoC4/cyfitter_cfg.c **** 
 384:Generated_Source\PSoC4/cyfitter_cfg.c **** 	/* Perform basic analog initialization to defaults */
 385:Generated_Source\PSoC4/cyfitter_cfg.c **** 	AnalogSetDefault();
 386:Generated_Source\PSoC4/cyfitter_cfg.c **** 
 387:Generated_Source\PSoC4/cyfitter_cfg.c **** }
 343              		.loc 1 387 0
 344              		@ sp needed
 345              	.LVL25:
 346 0118 10BD     		pop	{r4, pc}
ARM GAS  C:\Users\jagumiel\AppData\Local\Temp\ccYf7uTI.s 			page 14


 347              	.L14:
 348 011a C046     		.align	2
 349              	.L13:
 350 011c 00000000 		.word	.LANCHOR0
 351 0120 00000140 		.word	1073807360
 352 0124 04000140 		.word	1073807364
 353 0128 0C000140 		.word	1073807372
 354 012c 04009900 		.word	10027012
 355 0130 00500F40 		.word	1074745344
 356 0134 04500F40 		.word	1074745348
 357 0138 08500F40 		.word	1074745352
 358 013c 10500F40 		.word	1074745360
 359 0140 18500F40 		.word	1074745368
 360 0144 30500F40 		.word	1074745392
 361 0148 01700F40 		.word	1074753537
 362 014c 00700F40 		.word	1074753536
 363 0150 00000440 		.word	1074003968
 364 0154 800D4000 		.word	4197760
 365 0158 08000440 		.word	1074003976
 366 015c 00010440 		.word	1074004224
 367 0160 08010440 		.word	1074004232
 368 0164 08030440 		.word	1074004744
 369              		.cfi_endproc
 370              	.LFE6:
 371              		.size	cyfitter_cfg, .-cyfitter_cfg
 372              		.section	.rodata
 373              		.align	2
 374              		.set	.LANCHOR0,. + 0
 375              		.type	cfg_memset_list.4870, %object
 376              		.size	cfg_memset_list.4870, 12
 377              	cfg_memset_list.4870:
 378 0000 00300F40 		.word	1074737152
 379 0004 0004     		.short	1024
 380 0006 00400F40 		.4byte	1074741248
 381 000a 0004     		.short	1024
 382              		.type	cy_cfg_data_table.4865, %object
 383              		.size	cy_cfg_data_table.4865, 48
 384              	cy_cfg_data_table.4865:
 385 000c 90       		.byte	-112
 386 000d 01       		.byte	1
 387 000e B6       		.byte	-74
 388 000f 01       		.byte	1
 389 0010 BE       		.byte	-66
 390 0011 40       		.byte	64
 391 0012 D8       		.byte	-40
 392 0013 04       		.byte	4
 393 0014 DF       		.byte	-33
 394 0015 01       		.byte	1
 395 0016 0F       		.byte	15
 396 0017 80       		.byte	-128
 397 0018 1F       		.byte	31
 398 0019 80       		.byte	-128
 399 001a C2       		.byte	-62
 400 001b 10       		.byte	16
 401 001c AB       		.byte	-85
 402 001d 40       		.byte	64
 403 001e AF       		.byte	-81
ARM GAS  C:\Users\jagumiel\AppData\Local\Temp\ccYf7uTI.s 			page 15


 404 001f 80       		.byte	-128
 405 0020 0D       		.byte	13
 406 0021 20       		.byte	32
 407 0022 0F       		.byte	15
 408 0023 08       		.byte	8
 409 0024 57       		.byte	87
 410 0025 20       		.byte	32
 411 0026 C2       		.byte	-62
 412 0027 80       		.byte	-128
 413 0028 D4       		.byte	-44
 414 0029 40       		.byte	64
 415 002a 63       		.byte	99
 416 002b 08       		.byte	8
 417 002c A3       		.byte	-93
 418 002d 04       		.byte	4
 419 002e A9       		.byte	-87
 420 002f 20       		.byte	32
 421 0030 AF       		.byte	-81
 422 0031 20       		.byte	32
 423 0032 D8       		.byte	-40
 424 0033 40       		.byte	64
 425 0034 E8       		.byte	-24
 426 0035 20       		.byte	32
 427 0036 EE       		.byte	-18
 428 0037 10       		.byte	16
 429 0038 02       		.byte	2
 430 0039 01       		.byte	1
 431 003a 11       		.byte	17
 432 003b 01       		.byte	1
 433              		.type	cy_cfg_addr_table.4864, %object
 434              		.size	cy_cfg_addr_table.4864, 24
 435              	cy_cfg_addr_table.4864:
 436 003c 05300F40 		.word	1074737157
 437 0040 03310F40 		.word	1074737411
 438 0044 02330F40 		.word	1074737922
 439 0048 05400F40 		.word	1074741253
 440 004c 07410F40 		.word	1074741511
 441 0050 02600F40 		.word	1074749442
 442              		.text
 443              	.Letext0:
 444              		.file 2 "c:\\program files (x86)\\cypress\\psoc creator\\4.2\\psoc creator\\import\\gnu\\arm\\5.4.
 445              		.file 3 "Generated_Source\\PSoC4\\cytypes.h"
 446              		.file 4 "Generated_Source\\PSoC4\\CyLib.h"
 447              		.section	.debug_info,"",%progbits
 448              	.Ldebug_info0:
 449 0000 9C030000 		.4byte	0x39c
 450 0004 0400     		.2byte	0x4
 451 0006 00000000 		.4byte	.Ldebug_abbrev0
 452 000a 04       		.byte	0x4
 453 000b 01       		.uleb128 0x1
 454 000c 79010000 		.4byte	.LASF39
 455 0010 0C       		.byte	0xc
 456 0011 A6020000 		.4byte	.LASF40
 457 0015 8F000000 		.4byte	.LASF41
 458 0019 00000000 		.4byte	.Ldebug_ranges0+0
 459 001d 00000000 		.4byte	0
 460 0021 00000000 		.4byte	.Ldebug_line0
ARM GAS  C:\Users\jagumiel\AppData\Local\Temp\ccYf7uTI.s 			page 16


 461 0025 02       		.uleb128 0x2
 462 0026 04       		.byte	0x4
 463 0027 05       		.byte	0x5
 464 0028 696E7400 		.ascii	"int\000"
 465 002c 03       		.uleb128 0x3
 466 002d 06000000 		.4byte	.LASF12
 467 0031 02       		.byte	0x2
 468 0032 D8       		.byte	0xd8
 469 0033 37000000 		.4byte	0x37
 470 0037 04       		.uleb128 0x4
 471 0038 04       		.byte	0x4
 472 0039 07       		.byte	0x7
 473 003a 40010000 		.4byte	.LASF0
 474 003e 04       		.uleb128 0x4
 475 003f 08       		.byte	0x8
 476 0040 05       		.byte	0x5
 477 0041 39020000 		.4byte	.LASF1
 478 0045 04       		.uleb128 0x4
 479 0046 08       		.byte	0x8
 480 0047 04       		.byte	0x4
 481 0048 8E020000 		.4byte	.LASF2
 482 004c 04       		.uleb128 0x4
 483 004d 01       		.byte	0x1
 484 004e 06       		.byte	0x6
 485 004f 9A020000 		.4byte	.LASF3
 486 0053 04       		.uleb128 0x4
 487 0054 01       		.byte	0x1
 488 0055 08       		.byte	0x8
 489 0056 E2000000 		.4byte	.LASF4
 490 005a 04       		.uleb128 0x4
 491 005b 02       		.byte	0x2
 492 005c 05       		.byte	0x5
 493 005d 66020000 		.4byte	.LASF5
 494 0061 04       		.uleb128 0x4
 495 0062 02       		.byte	0x2
 496 0063 07       		.byte	0x7
 497 0064 26020000 		.4byte	.LASF6
 498 0068 04       		.uleb128 0x4
 499 0069 04       		.byte	0x4
 500 006a 05       		.byte	0x5
 501 006b 85020000 		.4byte	.LASF7
 502 006f 04       		.uleb128 0x4
 503 0070 04       		.byte	0x4
 504 0071 07       		.byte	0x7
 505 0072 77000000 		.4byte	.LASF8
 506 0076 04       		.uleb128 0x4
 507 0077 08       		.byte	0x8
 508 0078 07       		.byte	0x7
 509 0079 62010000 		.4byte	.LASF9
 510 007d 04       		.uleb128 0x4
 511 007e 04       		.byte	0x4
 512 007f 07       		.byte	0x7
 513 0080 1D020000 		.4byte	.LASF10
 514 0084 05       		.uleb128 0x5
 515 0085 04       		.byte	0x4
 516 0086 04       		.uleb128 0x4
 517 0087 01       		.byte	0x1
ARM GAS  C:\Users\jagumiel\AppData\Local\Temp\ccYf7uTI.s 			page 17


 518 0088 08       		.byte	0x8
 519 0089 47020000 		.4byte	.LASF11
 520 008d 06       		.uleb128 0x6
 521 008e 89000000 		.4byte	.LASF13
 522 0092 03       		.byte	0x3
 523 0093 E401     		.2byte	0x1e4
 524 0095 53000000 		.4byte	0x53
 525 0099 06       		.uleb128 0x6
 526 009a 27010000 		.4byte	.LASF14
 527 009e 03       		.byte	0x3
 528 009f E501     		.2byte	0x1e5
 529 00a1 61000000 		.4byte	0x61
 530 00a5 06       		.uleb128 0x6
 531 00a6 39010000 		.4byte	.LASF15
 532 00aa 03       		.byte	0x3
 533 00ab E601     		.2byte	0x1e6
 534 00ad 6F000000 		.4byte	0x6f
 535 00b1 04       		.uleb128 0x4
 536 00b2 04       		.byte	0x4
 537 00b3 04       		.byte	0x4
 538 00b4 57000000 		.4byte	.LASF16
 539 00b8 04       		.uleb128 0x4
 540 00b9 08       		.byte	0x8
 541 00ba 04       		.byte	0x4
 542 00bb F7000000 		.4byte	.LASF17
 543 00bf 06       		.uleb128 0x6
 544 00c0 72000000 		.4byte	.LASF18
 545 00c4 03       		.byte	0x3
 546 00c5 8E02     		.2byte	0x28e
 547 00c7 CB000000 		.4byte	0xcb
 548 00cb 07       		.uleb128 0x7
 549 00cc 8D000000 		.4byte	0x8d
 550 00d0 06       		.uleb128 0x6
 551 00d1 00000000 		.4byte	.LASF19
 552 00d5 03       		.byte	0x3
 553 00d6 9002     		.2byte	0x290
 554 00d8 DC000000 		.4byte	0xdc
 555 00dc 07       		.uleb128 0x7
 556 00dd A5000000 		.4byte	0xa5
 557 00e1 08       		.uleb128 0x8
 558 00e2 02       		.byte	0x2
 559 00e3 01       		.byte	0x1
 560 00e4 97       		.byte	0x97
 561 00e5 02010000 		.4byte	0x102
 562 00e9 09       		.uleb128 0x9
 563 00ea 5F020000 		.4byte	.LASF20
 564 00ee 01       		.byte	0x1
 565 00ef 99       		.byte	0x99
 566 00f0 8D000000 		.4byte	0x8d
 567 00f4 00       		.byte	0
 568 00f5 09       		.uleb128 0x9
 569 00f6 1C000000 		.4byte	.LASF21
 570 00fa 01       		.byte	0x1
 571 00fb 9A       		.byte	0x9a
 572 00fc 8D000000 		.4byte	0x8d
 573 0100 01       		.byte	0x1
 574 0101 00       		.byte	0
ARM GAS  C:\Users\jagumiel\AppData\Local\Temp\ccYf7uTI.s 			page 18


 575 0102 03       		.uleb128 0x3
 576 0103 4C020000 		.4byte	.LASF22
 577 0107 01       		.byte	0x1
 578 0108 9B       		.byte	0x9b
 579 0109 E1000000 		.4byte	0xe1
 580 010d 0A       		.uleb128 0xa
 581 010e FE000000 		.4byte	.LASF27
 582 0112 01       		.byte	0x1
 583 0113 AE       		.byte	0xae
 584 0114 00000000 		.4byte	.LFB3
 585 0118 32000000 		.4byte	.LFE3-.LFB3
 586 011c 01       		.uleb128 0x1
 587 011d 9C       		.byte	0x9c
 588 011e 7F010000 		.4byte	0x17f
 589 0122 0B       		.uleb128 0xb
 590 0123 1C010000 		.4byte	.LASF23
 591 0127 01       		.byte	0x1
 592 0128 AE       		.byte	0xae
 593 0129 7F010000 		.4byte	0x17f
 594 012d 01       		.uleb128 0x1
 595 012e 50       		.byte	0x50
 596 012f 0B       		.uleb128 0xb
 597 0130 2E010000 		.4byte	.LASF24
 598 0134 01       		.byte	0x1
 599 0135 AE       		.byte	0xae
 600 0136 8A010000 		.4byte	0x18a
 601 013a 01       		.uleb128 0x1
 602 013b 51       		.byte	0x51
 603 013c 0C       		.uleb128 0xc
 604 013d 6900     		.ascii	"i\000"
 605 013f 01       		.byte	0x1
 606 0140 B1       		.byte	0xb1
 607 0141 A5000000 		.4byte	0xa5
 608 0145 00000000 		.4byte	.LLST0
 609 0149 0C       		.uleb128 0xc
 610 014a 6A00     		.ascii	"j\000"
 611 014c 01       		.byte	0x1
 612 014d B1       		.byte	0xb1
 613 014e A5000000 		.4byte	0xa5
 614 0152 1F000000 		.4byte	.LLST1
 615 0156 0D       		.uleb128 0xd
 616 0157 08000000 		.4byte	.LBB2
 617 015b 22000000 		.4byte	.LBE2-.LBB2
 618 015f 0E       		.uleb128 0xe
 619 0160 14020000 		.4byte	.LASF25
 620 0164 01       		.byte	0x1
 621 0165 B4       		.byte	0xb4
 622 0166 A5000000 		.4byte	0xa5
 623 016a 3E000000 		.4byte	.LLST2
 624 016e 0E       		.uleb128 0xe
 625 016f 22000000 		.4byte	.LASF26
 626 0173 01       		.byte	0x1
 627 0174 B5       		.byte	0xb5
 628 0175 8D000000 		.4byte	0x8d
 629 0179 51000000 		.4byte	.LLST3
 630 017d 00       		.byte	0
 631 017e 00       		.byte	0
ARM GAS  C:\Users\jagumiel\AppData\Local\Temp\ccYf7uTI.s 			page 19


 632 017f 0F       		.uleb128 0xf
 633 0180 04       		.byte	0x4
 634 0181 85010000 		.4byte	0x185
 635 0185 10       		.uleb128 0x10
 636 0186 A5000000 		.4byte	0xa5
 637 018a 0F       		.uleb128 0xf
 638 018b 04       		.byte	0x4
 639 018c 90010000 		.4byte	0x190
 640 0190 10       		.uleb128 0x10
 641 0191 02010000 		.4byte	0x102
 642 0195 0A       		.uleb128 0xa
 643 0196 D8000000 		.4byte	.LASF28
 644 019a 01       		.byte	0x1
 645 019b 4C       		.byte	0x4c
 646 019c 00000000 		.4byte	.LFB0
 647 01a0 0C000000 		.4byte	.LFE0-.LFB0
 648 01a4 01       		.uleb128 0x1
 649 01a5 9C       		.byte	0x9c
 650 01a6 E2010000 		.4byte	0x1e2
 651 01aa 11       		.uleb128 0x11
 652 01ab 7300     		.ascii	"s\000"
 653 01ad 01       		.byte	0x1
 654 01ae 4C       		.byte	0x4c
 655 01af 84000000 		.4byte	0x84
 656 01b3 6F000000 		.4byte	.LLST4
 657 01b7 11       		.uleb128 0x11
 658 01b8 6E00     		.ascii	"n\000"
 659 01ba 01       		.byte	0x1
 660 01bb 4C       		.byte	0x4c
 661 01bc 2C000000 		.4byte	0x2c
 662 01c0 90000000 		.4byte	.LLST5
 663 01c4 12       		.uleb128 0x12
 664 01c5 0A000000 		.4byte	.LVL14
 665 01c9 75030000 		.4byte	0x375
 666 01cd 13       		.uleb128 0x13
 667 01ce 01       		.uleb128 0x1
 668 01cf 50       		.byte	0x50
 669 01d0 03       		.uleb128 0x3
 670 01d1 F3       		.byte	0xf3
 671 01d2 01       		.uleb128 0x1
 672 01d3 50       		.byte	0x50
 673 01d4 13       		.uleb128 0x13
 674 01d5 01       		.uleb128 0x1
 675 01d6 51       		.byte	0x51
 676 01d7 01       		.uleb128 0x1
 677 01d8 30       		.byte	0x30
 678 01d9 13       		.uleb128 0x13
 679 01da 01       		.uleb128 0x1
 680 01db 52       		.byte	0x52
 681 01dc 03       		.uleb128 0x3
 682 01dd F3       		.byte	0xf3
 683 01de 01       		.uleb128 0x1
 684 01df 51       		.byte	0x51
 685 01e0 00       		.byte	0
 686 01e1 00       		.byte	0
 687 01e2 0A       		.uleb128 0xa
 688 01e3 28000000 		.4byte	.LASF29
ARM GAS  C:\Users\jagumiel\AppData\Local\Temp\ccYf7uTI.s 			page 20


 689 01e7 01       		.byte	0x1
 690 01e8 D3       		.byte	0xd3
 691 01e9 00000000 		.4byte	.LFB4
 692 01ed 5C000000 		.4byte	.LFE4-.LFB4
 693 01f1 01       		.uleb128 0x1
 694 01f2 9C       		.byte	0x9c
 695 01f3 2D020000 		.4byte	0x22d
 696 01f7 14       		.uleb128 0x14
 697 01f8 14000000 		.4byte	.LVL15
 698 01fc 7E030000 		.4byte	0x37e
 699 0200 0A020000 		.4byte	0x20a
 700 0204 13       		.uleb128 0x13
 701 0205 01       		.uleb128 0x1
 702 0206 50       		.byte	0x50
 703 0207 01       		.uleb128 0x1
 704 0208 48       		.byte	0x48
 705 0209 00       		.byte	0
 706 020a 14       		.uleb128 0x14
 707 020b 34000000 		.4byte	.LVL16
 708 020f 89030000 		.4byte	0x389
 709 0213 1D020000 		.4byte	0x21d
 710 0217 13       		.uleb128 0x13
 711 0218 01       		.uleb128 0x1
 712 0219 50       		.byte	0x50
 713 021a 01       		.uleb128 0x1
 714 021b 39       		.byte	0x39
 715 021c 00       		.byte	0
 716 021d 12       		.uleb128 0x12
 717 021e 3A000000 		.4byte	.LVL17
 718 0222 94030000 		.4byte	0x394
 719 0226 13       		.uleb128 0x13
 720 0227 01       		.uleb128 0x1
 721 0228 50       		.byte	0x50
 722 0229 01       		.uleb128 0x1
 723 022a 39       		.byte	0x39
 724 022b 00       		.byte	0
 725 022c 00       		.byte	0
 726 022d 15       		.uleb128 0x15
 727 022e 4D010000 		.4byte	.LASF42
 728 0232 01       		.byte	0x1
 729 0233 1801     		.2byte	0x118
 730 0235 5C000000 		.4byte	.LFB6
 731 0239 0C010000 		.4byte	.LFE6-.LFB6
 732 023d 01       		.uleb128 0x1
 733 023e 9C       		.byte	0x9c
 734 023f 4B030000 		.4byte	0x34b
 735 0243 16       		.uleb128 0x16
 736 0244 60000000 		.4byte	.LBB3
 737 0248 92000000 		.4byte	.LBE3-.LBB3
 738 024c 41030000 		.4byte	0x341
 739 0250 17       		.uleb128 0x17
 740 0251 33000000 		.4byte	.LASF30
 741 0255 01       		.byte	0x1
 742 0256 1E01     		.2byte	0x11e
 743 0258 5B030000 		.4byte	0x35b
 744 025c 05       		.uleb128 0x5
 745 025d 03       		.byte	0x3
ARM GAS  C:\Users\jagumiel\AppData\Local\Temp\ccYf7uTI.s 			page 21


 746 025e 3C000000 		.4byte	cy_cfg_addr_table.4864
 747 0262 17       		.uleb128 0x17
 748 0263 45000000 		.4byte	.LASF31
 749 0267 01       		.byte	0x1
 750 0268 2701     		.2byte	0x127
 751 026a 70030000 		.4byte	0x370
 752 026e 05       		.uleb128 0x5
 753 026f 03       		.byte	0x3
 754 0270 0C000000 		.4byte	cy_cfg_data_table.4865
 755 0274 18       		.uleb128 0x18
 756 0275 06       		.byte	0x6
 757 0276 01       		.byte	0x1
 758 0277 4401     		.2byte	0x144
 759 0279 98020000 		.4byte	0x298
 760 027d 19       		.uleb128 0x19
 761 027e 5A010000 		.4byte	.LASF32
 762 0282 01       		.byte	0x1
 763 0283 4501     		.2byte	0x145
 764 0285 84000000 		.4byte	0x84
 765 0289 00       		.byte	0
 766 028a 19       		.uleb128 0x19
 767 028b 6D000000 		.4byte	.LASF33
 768 028f 01       		.byte	0x1
 769 0290 4601     		.2byte	0x146
 770 0292 99000000 		.4byte	0x99
 771 0296 04       		.byte	0x4
 772 0297 00       		.byte	0
 773 0298 06       		.uleb128 0x6
 774 0299 07020000 		.4byte	.LASF34
 775 029d 01       		.byte	0x1
 776 029e 4701     		.2byte	0x147
 777 02a0 74020000 		.4byte	0x274
 778 02a4 1A       		.uleb128 0x1a
 779 02a5 B4020000 		.4byte	0x2b4
 780 02a9 B4020000 		.4byte	0x2b4
 781 02ad 1B       		.uleb128 0x1b
 782 02ae 7D000000 		.4byte	0x7d
 783 02b2 01       		.byte	0x1
 784 02b3 00       		.byte	0
 785 02b4 10       		.uleb128 0x10
 786 02b5 98020000 		.4byte	0x298
 787 02b9 17       		.uleb128 0x17
 788 02ba 5D000000 		.4byte	.LASF35
 789 02be 01       		.byte	0x1
 790 02bf 4901     		.2byte	0x149
 791 02c1 CB020000 		.4byte	0x2cb
 792 02c5 05       		.uleb128 0x5
 793 02c6 03       		.byte	0x3
 794 02c7 00000000 		.4byte	cfg_memset_list.4870
 795 02cb 10       		.uleb128 0x10
 796 02cc A4020000 		.4byte	0x2a4
 797 02d0 1C       		.uleb128 0x1c
 798 02d1 6900     		.ascii	"i\000"
 799 02d3 01       		.byte	0x1
 800 02d4 4F01     		.2byte	0x14f
 801 02d6 8D000000 		.4byte	0x8d
 802 02da BC000000 		.4byte	.LLST6
ARM GAS  C:\Users\jagumiel\AppData\Local\Temp\ccYf7uTI.s 			page 22


 803 02de 16       		.uleb128 0x16
 804 02df 64000000 		.4byte	.LBB4
 805 02e3 1C000000 		.4byte	.LBE4-.LBB4
 806 02e7 24030000 		.4byte	0x324
 807 02eb 1C       		.uleb128 0x1c
 808 02ec 6D7300   		.ascii	"ms\000"
 809 02ef 01       		.byte	0x1
 810 02f0 5401     		.2byte	0x154
 811 02f2 FA020000 		.4byte	0x2fa
 812 02f6 E6000000 		.4byte	.LLST7
 813 02fa 0F       		.uleb128 0xf
 814 02fb 04       		.byte	0x4
 815 02fc B4020000 		.4byte	0x2b4
 816 0300 12       		.uleb128 0x12
 817 0301 80000000 		.4byte	.LVL20
 818 0305 95010000 		.4byte	0x195
 819 0309 13       		.uleb128 0x13
 820 030a 01       		.uleb128 0x1
 821 030b 51       		.byte	0x51
 822 030c 15       		.uleb128 0x15
 823 030d 74       		.byte	0x74
 824 030e 00       		.sleb128 0
 825 030f 31       		.byte	0x31
 826 0310 24       		.byte	0x24
 827 0311 74       		.byte	0x74
 828 0312 00       		.sleb128 0
 829 0313 22       		.byte	0x22
 830 0314 31       		.byte	0x31
 831 0315 24       		.byte	0x24
 832 0316 03       		.byte	0x3
 833 0317 04000000 		.4byte	.LANCHOR0+4
 834 031b 22       		.byte	0x22
 835 031c 94       		.byte	0x94
 836 031d 02       		.byte	0x2
 837 031e 0A       		.byte	0xa
 838 031f FFFF     		.2byte	0xffff
 839 0321 1A       		.byte	0x1a
 840 0322 00       		.byte	0
 841 0323 00       		.byte	0
 842 0324 12       		.uleb128 0x12
 843 0325 94000000 		.4byte	.LVL23
 844 0329 0D010000 		.4byte	0x10d
 845 032d 13       		.uleb128 0x13
 846 032e 01       		.uleb128 0x1
 847 032f 50       		.byte	0x50
 848 0330 05       		.uleb128 0x5
 849 0331 03       		.byte	0x3
 850 0332 3C000000 		.4byte	.LANCHOR0+60
 851 0336 13       		.uleb128 0x13
 852 0337 01       		.uleb128 0x1
 853 0338 51       		.byte	0x51
 854 0339 05       		.uleb128 0x5
 855 033a 03       		.byte	0x3
 856 033b 0C000000 		.4byte	.LANCHOR0+12
 857 033f 00       		.byte	0
 858 0340 00       		.byte	0
 859 0341 1D       		.uleb128 0x1d
ARM GAS  C:\Users\jagumiel\AppData\Local\Temp\ccYf7uTI.s 			page 23


 860 0342 18010000 		.4byte	.LVL24
 861 0346 E2010000 		.4byte	0x1e2
 862 034a 00       		.byte	0
 863 034b 1A       		.uleb128 0x1a
 864 034c 85010000 		.4byte	0x185
 865 0350 5B030000 		.4byte	0x35b
 866 0354 1B       		.uleb128 0x1b
 867 0355 7D000000 		.4byte	0x7d
 868 0359 05       		.byte	0x5
 869 035a 00       		.byte	0
 870 035b 10       		.uleb128 0x10
 871 035c 4B030000 		.4byte	0x34b
 872 0360 1A       		.uleb128 0x1a
 873 0361 90010000 		.4byte	0x190
 874 0365 70030000 		.4byte	0x370
 875 0369 1B       		.uleb128 0x1b
 876 036a 7D000000 		.4byte	0x7d
 877 036e 17       		.byte	0x17
 878 036f 00       		.byte	0
 879 0370 10       		.uleb128 0x10
 880 0371 60030000 		.4byte	0x360
 881 0375 1E       		.uleb128 0x1e
 882 0376 F0000000 		.4byte	.LASF43
 883 037a F0000000 		.4byte	.LASF43
 884 037e 1F       		.uleb128 0x1f
 885 037f 70020000 		.4byte	.LASF36
 886 0383 70020000 		.4byte	.LASF36
 887 0387 04       		.byte	0x4
 888 0388 6C       		.byte	0x6c
 889 0389 1F       		.uleb128 0x1f
 890 038a 0D000000 		.4byte	.LASF37
 891 038e 0D000000 		.4byte	.LASF37
 892 0392 04       		.byte	0x4
 893 0393 BD       		.byte	0xbd
 894 0394 1F       		.uleb128 0x1f
 895 0395 10010000 		.4byte	.LASF38
 896 0399 10010000 		.4byte	.LASF38
 897 039d 04       		.byte	0x4
 898 039e C3       		.byte	0xc3
 899 039f 00       		.byte	0
 900              		.section	.debug_abbrev,"",%progbits
 901              	.Ldebug_abbrev0:
 902 0000 01       		.uleb128 0x1
 903 0001 11       		.uleb128 0x11
 904 0002 01       		.byte	0x1
 905 0003 25       		.uleb128 0x25
 906 0004 0E       		.uleb128 0xe
 907 0005 13       		.uleb128 0x13
 908 0006 0B       		.uleb128 0xb
 909 0007 03       		.uleb128 0x3
 910 0008 0E       		.uleb128 0xe
 911 0009 1B       		.uleb128 0x1b
 912 000a 0E       		.uleb128 0xe
 913 000b 55       		.uleb128 0x55
 914 000c 17       		.uleb128 0x17
 915 000d 11       		.uleb128 0x11
 916 000e 01       		.uleb128 0x1
ARM GAS  C:\Users\jagumiel\AppData\Local\Temp\ccYf7uTI.s 			page 24


 917 000f 10       		.uleb128 0x10
 918 0010 17       		.uleb128 0x17
 919 0011 00       		.byte	0
 920 0012 00       		.byte	0
 921 0013 02       		.uleb128 0x2
 922 0014 24       		.uleb128 0x24
 923 0015 00       		.byte	0
 924 0016 0B       		.uleb128 0xb
 925 0017 0B       		.uleb128 0xb
 926 0018 3E       		.uleb128 0x3e
 927 0019 0B       		.uleb128 0xb
 928 001a 03       		.uleb128 0x3
 929 001b 08       		.uleb128 0x8
 930 001c 00       		.byte	0
 931 001d 00       		.byte	0
 932 001e 03       		.uleb128 0x3
 933 001f 16       		.uleb128 0x16
 934 0020 00       		.byte	0
 935 0021 03       		.uleb128 0x3
 936 0022 0E       		.uleb128 0xe
 937 0023 3A       		.uleb128 0x3a
 938 0024 0B       		.uleb128 0xb
 939 0025 3B       		.uleb128 0x3b
 940 0026 0B       		.uleb128 0xb
 941 0027 49       		.uleb128 0x49
 942 0028 13       		.uleb128 0x13
 943 0029 00       		.byte	0
 944 002a 00       		.byte	0
 945 002b 04       		.uleb128 0x4
 946 002c 24       		.uleb128 0x24
 947 002d 00       		.byte	0
 948 002e 0B       		.uleb128 0xb
 949 002f 0B       		.uleb128 0xb
 950 0030 3E       		.uleb128 0x3e
 951 0031 0B       		.uleb128 0xb
 952 0032 03       		.uleb128 0x3
 953 0033 0E       		.uleb128 0xe
 954 0034 00       		.byte	0
 955 0035 00       		.byte	0
 956 0036 05       		.uleb128 0x5
 957 0037 0F       		.uleb128 0xf
 958 0038 00       		.byte	0
 959 0039 0B       		.uleb128 0xb
 960 003a 0B       		.uleb128 0xb
 961 003b 00       		.byte	0
 962 003c 00       		.byte	0
 963 003d 06       		.uleb128 0x6
 964 003e 16       		.uleb128 0x16
 965 003f 00       		.byte	0
 966 0040 03       		.uleb128 0x3
 967 0041 0E       		.uleb128 0xe
 968 0042 3A       		.uleb128 0x3a
 969 0043 0B       		.uleb128 0xb
 970 0044 3B       		.uleb128 0x3b
 971 0045 05       		.uleb128 0x5
 972 0046 49       		.uleb128 0x49
 973 0047 13       		.uleb128 0x13
ARM GAS  C:\Users\jagumiel\AppData\Local\Temp\ccYf7uTI.s 			page 25


 974 0048 00       		.byte	0
 975 0049 00       		.byte	0
 976 004a 07       		.uleb128 0x7
 977 004b 35       		.uleb128 0x35
 978 004c 00       		.byte	0
 979 004d 49       		.uleb128 0x49
 980 004e 13       		.uleb128 0x13
 981 004f 00       		.byte	0
 982 0050 00       		.byte	0
 983 0051 08       		.uleb128 0x8
 984 0052 13       		.uleb128 0x13
 985 0053 01       		.byte	0x1
 986 0054 0B       		.uleb128 0xb
 987 0055 0B       		.uleb128 0xb
 988 0056 3A       		.uleb128 0x3a
 989 0057 0B       		.uleb128 0xb
 990 0058 3B       		.uleb128 0x3b
 991 0059 0B       		.uleb128 0xb
 992 005a 01       		.uleb128 0x1
 993 005b 13       		.uleb128 0x13
 994 005c 00       		.byte	0
 995 005d 00       		.byte	0
 996 005e 09       		.uleb128 0x9
 997 005f 0D       		.uleb128 0xd
 998 0060 00       		.byte	0
 999 0061 03       		.uleb128 0x3
 1000 0062 0E       		.uleb128 0xe
 1001 0063 3A       		.uleb128 0x3a
 1002 0064 0B       		.uleb128 0xb
 1003 0065 3B       		.uleb128 0x3b
 1004 0066 0B       		.uleb128 0xb
 1005 0067 49       		.uleb128 0x49
 1006 0068 13       		.uleb128 0x13
 1007 0069 38       		.uleb128 0x38
 1008 006a 0B       		.uleb128 0xb
 1009 006b 00       		.byte	0
 1010 006c 00       		.byte	0
 1011 006d 0A       		.uleb128 0xa
 1012 006e 2E       		.uleb128 0x2e
 1013 006f 01       		.byte	0x1
 1014 0070 03       		.uleb128 0x3
 1015 0071 0E       		.uleb128 0xe
 1016 0072 3A       		.uleb128 0x3a
 1017 0073 0B       		.uleb128 0xb
 1018 0074 3B       		.uleb128 0x3b
 1019 0075 0B       		.uleb128 0xb
 1020 0076 27       		.uleb128 0x27
 1021 0077 19       		.uleb128 0x19
 1022 0078 11       		.uleb128 0x11
 1023 0079 01       		.uleb128 0x1
 1024 007a 12       		.uleb128 0x12
 1025 007b 06       		.uleb128 0x6
 1026 007c 40       		.uleb128 0x40
 1027 007d 18       		.uleb128 0x18
 1028 007e 9742     		.uleb128 0x2117
 1029 0080 19       		.uleb128 0x19
 1030 0081 01       		.uleb128 0x1
ARM GAS  C:\Users\jagumiel\AppData\Local\Temp\ccYf7uTI.s 			page 26


 1031 0082 13       		.uleb128 0x13
 1032 0083 00       		.byte	0
 1033 0084 00       		.byte	0
 1034 0085 0B       		.uleb128 0xb
 1035 0086 05       		.uleb128 0x5
 1036 0087 00       		.byte	0
 1037 0088 03       		.uleb128 0x3
 1038 0089 0E       		.uleb128 0xe
 1039 008a 3A       		.uleb128 0x3a
 1040 008b 0B       		.uleb128 0xb
 1041 008c 3B       		.uleb128 0x3b
 1042 008d 0B       		.uleb128 0xb
 1043 008e 49       		.uleb128 0x49
 1044 008f 13       		.uleb128 0x13
 1045 0090 02       		.uleb128 0x2
 1046 0091 18       		.uleb128 0x18
 1047 0092 00       		.byte	0
 1048 0093 00       		.byte	0
 1049 0094 0C       		.uleb128 0xc
 1050 0095 34       		.uleb128 0x34
 1051 0096 00       		.byte	0
 1052 0097 03       		.uleb128 0x3
 1053 0098 08       		.uleb128 0x8
 1054 0099 3A       		.uleb128 0x3a
 1055 009a 0B       		.uleb128 0xb
 1056 009b 3B       		.uleb128 0x3b
 1057 009c 0B       		.uleb128 0xb
 1058 009d 49       		.uleb128 0x49
 1059 009e 13       		.uleb128 0x13
 1060 009f 02       		.uleb128 0x2
 1061 00a0 17       		.uleb128 0x17
 1062 00a1 00       		.byte	0
 1063 00a2 00       		.byte	0
 1064 00a3 0D       		.uleb128 0xd
 1065 00a4 0B       		.uleb128 0xb
 1066 00a5 01       		.byte	0x1
 1067 00a6 11       		.uleb128 0x11
 1068 00a7 01       		.uleb128 0x1
 1069 00a8 12       		.uleb128 0x12
 1070 00a9 06       		.uleb128 0x6
 1071 00aa 00       		.byte	0
 1072 00ab 00       		.byte	0
 1073 00ac 0E       		.uleb128 0xe
 1074 00ad 34       		.uleb128 0x34
 1075 00ae 00       		.byte	0
 1076 00af 03       		.uleb128 0x3
 1077 00b0 0E       		.uleb128 0xe
 1078 00b1 3A       		.uleb128 0x3a
 1079 00b2 0B       		.uleb128 0xb
 1080 00b3 3B       		.uleb128 0x3b
 1081 00b4 0B       		.uleb128 0xb
 1082 00b5 49       		.uleb128 0x49
 1083 00b6 13       		.uleb128 0x13
 1084 00b7 02       		.uleb128 0x2
 1085 00b8 17       		.uleb128 0x17
 1086 00b9 00       		.byte	0
 1087 00ba 00       		.byte	0
ARM GAS  C:\Users\jagumiel\AppData\Local\Temp\ccYf7uTI.s 			page 27


 1088 00bb 0F       		.uleb128 0xf
 1089 00bc 0F       		.uleb128 0xf
 1090 00bd 00       		.byte	0
 1091 00be 0B       		.uleb128 0xb
 1092 00bf 0B       		.uleb128 0xb
 1093 00c0 49       		.uleb128 0x49
 1094 00c1 13       		.uleb128 0x13
 1095 00c2 00       		.byte	0
 1096 00c3 00       		.byte	0
 1097 00c4 10       		.uleb128 0x10
 1098 00c5 26       		.uleb128 0x26
 1099 00c6 00       		.byte	0
 1100 00c7 49       		.uleb128 0x49
 1101 00c8 13       		.uleb128 0x13
 1102 00c9 00       		.byte	0
 1103 00ca 00       		.byte	0
 1104 00cb 11       		.uleb128 0x11
 1105 00cc 05       		.uleb128 0x5
 1106 00cd 00       		.byte	0
 1107 00ce 03       		.uleb128 0x3
 1108 00cf 08       		.uleb128 0x8
 1109 00d0 3A       		.uleb128 0x3a
 1110 00d1 0B       		.uleb128 0xb
 1111 00d2 3B       		.uleb128 0x3b
 1112 00d3 0B       		.uleb128 0xb
 1113 00d4 49       		.uleb128 0x49
 1114 00d5 13       		.uleb128 0x13
 1115 00d6 02       		.uleb128 0x2
 1116 00d7 17       		.uleb128 0x17
 1117 00d8 00       		.byte	0
 1118 00d9 00       		.byte	0
 1119 00da 12       		.uleb128 0x12
 1120 00db 898201   		.uleb128 0x4109
 1121 00de 01       		.byte	0x1
 1122 00df 11       		.uleb128 0x11
 1123 00e0 01       		.uleb128 0x1
 1124 00e1 31       		.uleb128 0x31
 1125 00e2 13       		.uleb128 0x13
 1126 00e3 00       		.byte	0
 1127 00e4 00       		.byte	0
 1128 00e5 13       		.uleb128 0x13
 1129 00e6 8A8201   		.uleb128 0x410a
 1130 00e9 00       		.byte	0
 1131 00ea 02       		.uleb128 0x2
 1132 00eb 18       		.uleb128 0x18
 1133 00ec 9142     		.uleb128 0x2111
 1134 00ee 18       		.uleb128 0x18
 1135 00ef 00       		.byte	0
 1136 00f0 00       		.byte	0
 1137 00f1 14       		.uleb128 0x14
 1138 00f2 898201   		.uleb128 0x4109
 1139 00f5 01       		.byte	0x1
 1140 00f6 11       		.uleb128 0x11
 1141 00f7 01       		.uleb128 0x1
 1142 00f8 31       		.uleb128 0x31
 1143 00f9 13       		.uleb128 0x13
 1144 00fa 01       		.uleb128 0x1
ARM GAS  C:\Users\jagumiel\AppData\Local\Temp\ccYf7uTI.s 			page 28


 1145 00fb 13       		.uleb128 0x13
 1146 00fc 00       		.byte	0
 1147 00fd 00       		.byte	0
 1148 00fe 15       		.uleb128 0x15
 1149 00ff 2E       		.uleb128 0x2e
 1150 0100 01       		.byte	0x1
 1151 0101 3F       		.uleb128 0x3f
 1152 0102 19       		.uleb128 0x19
 1153 0103 03       		.uleb128 0x3
 1154 0104 0E       		.uleb128 0xe
 1155 0105 3A       		.uleb128 0x3a
 1156 0106 0B       		.uleb128 0xb
 1157 0107 3B       		.uleb128 0x3b
 1158 0108 05       		.uleb128 0x5
 1159 0109 27       		.uleb128 0x27
 1160 010a 19       		.uleb128 0x19
 1161 010b 11       		.uleb128 0x11
 1162 010c 01       		.uleb128 0x1
 1163 010d 12       		.uleb128 0x12
 1164 010e 06       		.uleb128 0x6
 1165 010f 40       		.uleb128 0x40
 1166 0110 18       		.uleb128 0x18
 1167 0111 9742     		.uleb128 0x2117
 1168 0113 19       		.uleb128 0x19
 1169 0114 01       		.uleb128 0x1
 1170 0115 13       		.uleb128 0x13
 1171 0116 00       		.byte	0
 1172 0117 00       		.byte	0
 1173 0118 16       		.uleb128 0x16
 1174 0119 0B       		.uleb128 0xb
 1175 011a 01       		.byte	0x1
 1176 011b 11       		.uleb128 0x11
 1177 011c 01       		.uleb128 0x1
 1178 011d 12       		.uleb128 0x12
 1179 011e 06       		.uleb128 0x6
 1180 011f 01       		.uleb128 0x1
 1181 0120 13       		.uleb128 0x13
 1182 0121 00       		.byte	0
 1183 0122 00       		.byte	0
 1184 0123 17       		.uleb128 0x17
 1185 0124 34       		.uleb128 0x34
 1186 0125 00       		.byte	0
 1187 0126 03       		.uleb128 0x3
 1188 0127 0E       		.uleb128 0xe
 1189 0128 3A       		.uleb128 0x3a
 1190 0129 0B       		.uleb128 0xb
 1191 012a 3B       		.uleb128 0x3b
 1192 012b 05       		.uleb128 0x5
 1193 012c 49       		.uleb128 0x49
 1194 012d 13       		.uleb128 0x13
 1195 012e 02       		.uleb128 0x2
 1196 012f 18       		.uleb128 0x18
 1197 0130 00       		.byte	0
 1198 0131 00       		.byte	0
 1199 0132 18       		.uleb128 0x18
 1200 0133 13       		.uleb128 0x13
 1201 0134 01       		.byte	0x1
ARM GAS  C:\Users\jagumiel\AppData\Local\Temp\ccYf7uTI.s 			page 29


 1202 0135 0B       		.uleb128 0xb
 1203 0136 0B       		.uleb128 0xb
 1204 0137 3A       		.uleb128 0x3a
 1205 0138 0B       		.uleb128 0xb
 1206 0139 3B       		.uleb128 0x3b
 1207 013a 05       		.uleb128 0x5
 1208 013b 01       		.uleb128 0x1
 1209 013c 13       		.uleb128 0x13
 1210 013d 00       		.byte	0
 1211 013e 00       		.byte	0
 1212 013f 19       		.uleb128 0x19
 1213 0140 0D       		.uleb128 0xd
 1214 0141 00       		.byte	0
 1215 0142 03       		.uleb128 0x3
 1216 0143 0E       		.uleb128 0xe
 1217 0144 3A       		.uleb128 0x3a
 1218 0145 0B       		.uleb128 0xb
 1219 0146 3B       		.uleb128 0x3b
 1220 0147 05       		.uleb128 0x5
 1221 0148 49       		.uleb128 0x49
 1222 0149 13       		.uleb128 0x13
 1223 014a 38       		.uleb128 0x38
 1224 014b 0B       		.uleb128 0xb
 1225 014c 00       		.byte	0
 1226 014d 00       		.byte	0
 1227 014e 1A       		.uleb128 0x1a
 1228 014f 01       		.uleb128 0x1
 1229 0150 01       		.byte	0x1
 1230 0151 49       		.uleb128 0x49
 1231 0152 13       		.uleb128 0x13
 1232 0153 01       		.uleb128 0x1
 1233 0154 13       		.uleb128 0x13
 1234 0155 00       		.byte	0
 1235 0156 00       		.byte	0
 1236 0157 1B       		.uleb128 0x1b
 1237 0158 21       		.uleb128 0x21
 1238 0159 00       		.byte	0
 1239 015a 49       		.uleb128 0x49
 1240 015b 13       		.uleb128 0x13
 1241 015c 2F       		.uleb128 0x2f
 1242 015d 0B       		.uleb128 0xb
 1243 015e 00       		.byte	0
 1244 015f 00       		.byte	0
 1245 0160 1C       		.uleb128 0x1c
 1246 0161 34       		.uleb128 0x34
 1247 0162 00       		.byte	0
 1248 0163 03       		.uleb128 0x3
 1249 0164 08       		.uleb128 0x8
 1250 0165 3A       		.uleb128 0x3a
 1251 0166 0B       		.uleb128 0xb
 1252 0167 3B       		.uleb128 0x3b
 1253 0168 05       		.uleb128 0x5
 1254 0169 49       		.uleb128 0x49
 1255 016a 13       		.uleb128 0x13
 1256 016b 02       		.uleb128 0x2
 1257 016c 17       		.uleb128 0x17
 1258 016d 00       		.byte	0
ARM GAS  C:\Users\jagumiel\AppData\Local\Temp\ccYf7uTI.s 			page 30


 1259 016e 00       		.byte	0
 1260 016f 1D       		.uleb128 0x1d
 1261 0170 898201   		.uleb128 0x4109
 1262 0173 00       		.byte	0
 1263 0174 11       		.uleb128 0x11
 1264 0175 01       		.uleb128 0x1
 1265 0176 31       		.uleb128 0x31
 1266 0177 13       		.uleb128 0x13
 1267 0178 00       		.byte	0
 1268 0179 00       		.byte	0
 1269 017a 1E       		.uleb128 0x1e
 1270 017b 2E       		.uleb128 0x2e
 1271 017c 00       		.byte	0
 1272 017d 3F       		.uleb128 0x3f
 1273 017e 19       		.uleb128 0x19
 1274 017f 3C       		.uleb128 0x3c
 1275 0180 19       		.uleb128 0x19
 1276 0181 6E       		.uleb128 0x6e
 1277 0182 0E       		.uleb128 0xe
 1278 0183 03       		.uleb128 0x3
 1279 0184 0E       		.uleb128 0xe
 1280 0185 00       		.byte	0
 1281 0186 00       		.byte	0
 1282 0187 1F       		.uleb128 0x1f
 1283 0188 2E       		.uleb128 0x2e
 1284 0189 00       		.byte	0
 1285 018a 3F       		.uleb128 0x3f
 1286 018b 19       		.uleb128 0x19
 1287 018c 3C       		.uleb128 0x3c
 1288 018d 19       		.uleb128 0x19
 1289 018e 6E       		.uleb128 0x6e
 1290 018f 0E       		.uleb128 0xe
 1291 0190 03       		.uleb128 0x3
 1292 0191 0E       		.uleb128 0xe
 1293 0192 3A       		.uleb128 0x3a
 1294 0193 0B       		.uleb128 0xb
 1295 0194 3B       		.uleb128 0x3b
 1296 0195 0B       		.uleb128 0xb
 1297 0196 00       		.byte	0
 1298 0197 00       		.byte	0
 1299 0198 00       		.byte	0
 1300              		.section	.debug_loc,"",%progbits
 1301              	.Ldebug_loc0:
 1302              	.LLST0:
 1303 0000 02000000 		.4byte	.LVL1
 1304 0004 08000000 		.4byte	.LVL2
 1305 0008 0200     		.2byte	0x2
 1306 000a 30       		.byte	0x30
 1307 000b 9F       		.byte	0x9f
 1308 000c 08000000 		.4byte	.LVL2
 1309 0010 30000000 		.4byte	.LVL11
 1310 0014 0100     		.2byte	0x1
 1311 0016 57       		.byte	0x57
 1312 0017 00000000 		.4byte	0
 1313 001b 00000000 		.4byte	0
 1314              	.LLST1:
 1315 001f 02000000 		.4byte	.LVL1
ARM GAS  C:\Users\jagumiel\AppData\Local\Temp\ccYf7uTI.s 			page 31


 1316 0023 08000000 		.4byte	.LVL2
 1317 0027 0200     		.2byte	0x2
 1318 0029 30       		.byte	0x30
 1319 002a 9F       		.byte	0x9f
 1320 002b 08000000 		.4byte	.LVL2
 1321 002f 30000000 		.4byte	.LVL10
 1322 0033 0100     		.2byte	0x1
 1323 0035 55       		.byte	0x55
 1324 0036 00000000 		.4byte	0
 1325 003a 00000000 		.4byte	0
 1326              	.LLST2:
 1327 003e 0C000000 		.4byte	.LVL3
 1328 0042 2C000000 		.4byte	.LVL9
 1329 0046 0100     		.2byte	0x1
 1330 0048 56       		.byte	0x56
 1331 0049 00000000 		.4byte	0
 1332 004d 00000000 		.4byte	0
 1333              	.LLST3:
 1334 0051 0E000000 		.4byte	.LVL4
 1335 0055 24000000 		.4byte	.LVL7
 1336 0059 0100     		.2byte	0x1
 1337 005b 53       		.byte	0x53
 1338 005c 26000000 		.4byte	.LVL8
 1339 0060 2C000000 		.4byte	.LVL9
 1340 0064 0100     		.2byte	0x1
 1341 0066 53       		.byte	0x53
 1342 0067 00000000 		.4byte	0
 1343 006b 00000000 		.4byte	0
 1344              	.LLST4:
 1345 006f 00000000 		.4byte	.LVL12
 1346 0073 09000000 		.4byte	.LVL14-1
 1347 0077 0100     		.2byte	0x1
 1348 0079 50       		.byte	0x50
 1349 007a 09000000 		.4byte	.LVL14-1
 1350 007e 0C000000 		.4byte	.LFE0
 1351 0082 0400     		.2byte	0x4
 1352 0084 F3       		.byte	0xf3
 1353 0085 01       		.uleb128 0x1
 1354 0086 50       		.byte	0x50
 1355 0087 9F       		.byte	0x9f
 1356 0088 00000000 		.4byte	0
 1357 008c 00000000 		.4byte	0
 1358              	.LLST5:
 1359 0090 00000000 		.4byte	.LVL12
 1360 0094 06000000 		.4byte	.LVL13
 1361 0098 0100     		.2byte	0x1
 1362 009a 51       		.byte	0x51
 1363 009b 06000000 		.4byte	.LVL13
 1364 009f 09000000 		.4byte	.LVL14-1
 1365 00a3 0100     		.2byte	0x1
 1366 00a5 52       		.byte	0x52
 1367 00a6 09000000 		.4byte	.LVL14-1
 1368 00aa 0C000000 		.4byte	.LFE0
 1369 00ae 0400     		.2byte	0x4
 1370 00b0 F3       		.byte	0xf3
 1371 00b1 01       		.uleb128 0x1
 1372 00b2 51       		.byte	0x51
ARM GAS  C:\Users\jagumiel\AppData\Local\Temp\ccYf7uTI.s 			page 32


 1373 00b3 9F       		.byte	0x9f
 1374 00b4 00000000 		.4byte	0
 1375 00b8 00000000 		.4byte	0
 1376              	.LLST6:
 1377 00bc 60000000 		.4byte	.LVL18
 1378 00c0 64000000 		.4byte	.LVL19
 1379 00c4 0200     		.2byte	0x2
 1380 00c6 30       		.byte	0x30
 1381 00c7 9F       		.byte	0x9f
 1382 00c8 64000000 		.4byte	.LVL19
 1383 00cc 82000000 		.4byte	.LVL21
 1384 00d0 0100     		.2byte	0x1
 1385 00d2 54       		.byte	0x54
 1386 00d3 84000000 		.4byte	.LVL22
 1387 00d7 18010000 		.4byte	.LVL25
 1388 00db 0100     		.2byte	0x1
 1389 00dd 54       		.byte	0x54
 1390 00de 00000000 		.4byte	0
 1391 00e2 00000000 		.4byte	0
 1392              	.LLST7:
 1393 00e6 64000000 		.4byte	.LVL19
 1394 00ea 82000000 		.4byte	.LVL21
 1395 00ee 0B00     		.2byte	0xb
 1396 00f0 74       		.byte	0x74
 1397 00f1 00       		.sleb128 0
 1398 00f2 36       		.byte	0x36
 1399 00f3 1E       		.byte	0x1e
 1400 00f4 03       		.byte	0x3
 1401 00f5 00000000 		.4byte	cfg_memset_list.4870
 1402 00f9 22       		.byte	0x22
 1403 00fa 9F       		.byte	0x9f
 1404 00fb 82000000 		.4byte	.LVL21
 1405 00ff 84000000 		.4byte	.LVL22
 1406 0103 0B00     		.2byte	0xb
 1407 0105 74       		.byte	0x74
 1408 0106 7F       		.sleb128 -1
 1409 0107 36       		.byte	0x36
 1410 0108 1E       		.byte	0x1e
 1411 0109 03       		.byte	0x3
 1412 010a 00000000 		.4byte	cfg_memset_list.4870
 1413 010e 22       		.byte	0x22
 1414 010f 9F       		.byte	0x9f
 1415 0110 00000000 		.4byte	0
 1416 0114 00000000 		.4byte	0
 1417              		.section	.debug_aranges,"",%progbits
 1418 0000 34000000 		.4byte	0x34
 1419 0004 0200     		.2byte	0x2
 1420 0006 00000000 		.4byte	.Ldebug_info0
 1421 000a 04       		.byte	0x4
 1422 000b 00       		.byte	0
 1423 000c 0000     		.2byte	0
 1424 000e 0000     		.2byte	0
 1425 0010 00000000 		.4byte	.LFB3
 1426 0014 32000000 		.4byte	.LFE3-.LFB3
 1427 0018 00000000 		.4byte	.LFB0
 1428 001c 0C000000 		.4byte	.LFE0-.LFB0
 1429 0020 00000000 		.4byte	.LFB4
ARM GAS  C:\Users\jagumiel\AppData\Local\Temp\ccYf7uTI.s 			page 33


 1430 0024 5C000000 		.4byte	.LFE4-.LFB4
 1431 0028 5C000000 		.4byte	.LFB6
 1432 002c 0C010000 		.4byte	.LFE6-.LFB6
 1433 0030 00000000 		.4byte	0
 1434 0034 00000000 		.4byte	0
 1435              		.section	.debug_ranges,"",%progbits
 1436              	.Ldebug_ranges0:
 1437 0000 00000000 		.4byte	.LFB3
 1438 0004 32000000 		.4byte	.LFE3
 1439 0008 00000000 		.4byte	.LFB0
 1440 000c 0C000000 		.4byte	.LFE0
 1441 0010 00000000 		.4byte	.LFB4
 1442 0014 5C000000 		.4byte	.LFE4
 1443 0018 5C000000 		.4byte	.LFB6
 1444 001c 68010000 		.4byte	.LFE6
 1445 0020 00000000 		.4byte	0
 1446 0024 00000000 		.4byte	0
 1447              		.section	.debug_line,"",%progbits
 1448              	.Ldebug_line0:
 1449 0000 5C010000 		.section	.debug_str,"MS",%progbits,1
 1449      0200D600 
 1449      00000201 
 1449      FB0E0D00 
 1449      01010101 
 1450              	.LASF19:
 1451 0000 72656733 		.ascii	"reg32\000"
 1451      3200
 1452              	.LASF12:
 1453 0006 73697A65 		.ascii	"size_t\000"
 1453      5F7400
 1454              	.LASF37:
 1455 000d 4379496E 		.ascii	"CyIntSetVector\000"
 1455      74536574 
 1455      56656374 
 1455      6F7200
 1456              	.LASF21:
 1457 001c 76616C75 		.ascii	"value\000"
 1457      6500
 1458              	.LASF26:
 1459 0022 636F756E 		.ascii	"count\000"
 1459      7400
 1460              	.LASF29:
 1461 0028 436C6F63 		.ascii	"ClockSetup\000"
 1461      6B536574 
 1461      757000
 1462              	.LASF30:
 1463 0033 63795F63 		.ascii	"cy_cfg_addr_table\000"
 1463      66675F61 
 1463      6464725F 
 1463      7461626C 
 1463      6500
 1464              	.LASF31:
 1465 0045 63795F63 		.ascii	"cy_cfg_data_table\000"
 1465      66675F64 
 1465      6174615F 
 1465      7461626C 
 1465      6500
ARM GAS  C:\Users\jagumiel\AppData\Local\Temp\ccYf7uTI.s 			page 34


 1466              	.LASF16:
 1467 0057 666C6F61 		.ascii	"float\000"
 1467      7400
 1468              	.LASF35:
 1469 005d 6366675F 		.ascii	"cfg_memset_list\000"
 1469      6D656D73 
 1469      65745F6C 
 1469      69737400 
 1470              	.LASF33:
 1471 006d 73697A65 		.ascii	"size\000"
 1471      00
 1472              	.LASF18:
 1473 0072 72656738 		.ascii	"reg8\000"
 1473      00
 1474              	.LASF8:
 1475 0077 6C6F6E67 		.ascii	"long unsigned int\000"
 1475      20756E73 
 1475      69676E65 
 1475      6420696E 
 1475      7400
 1476              	.LASF13:
 1477 0089 75696E74 		.ascii	"uint8\000"
 1477      3800
 1478              	.LASF41:
 1479 008f 443A5C55 		.ascii	"D:\\Users\\jagumiel\\Documents\\PSoC Creator\\PSoC-"
 1479      73657273 
 1479      5C6A6167 
 1479      756D6965 
 1479      6C5C446F 
 1480 00bd 3130315C 		.ascii	"101\\PSoC-101\\Lesson4.cydsn\000"
 1480      50536F43 
 1480      2D313031 
 1480      5C4C6573 
 1480      736F6E34 
 1481              	.LASF28:
 1482 00d8 43594D45 		.ascii	"CYMEMZERO\000"
 1482      4D5A4552 
 1482      4F00
 1483              	.LASF4:
 1484 00e2 756E7369 		.ascii	"unsigned char\000"
 1484      676E6564 
 1484      20636861 
 1484      7200
 1485              	.LASF43:
 1486 00f0 6D656D73 		.ascii	"memset\000"
 1486      657400
 1487              	.LASF17:
 1488 00f7 646F7562 		.ascii	"double\000"
 1488      6C6500
 1489              	.LASF27:
 1490 00fe 6366675F 		.ascii	"cfg_write_bytes32\000"
 1490      77726974 
 1490      655F6279 
 1490      74657333 
 1490      3200
 1491              	.LASF38:
 1492 0110 4379496E 		.ascii	"CyIntEnable\000"
ARM GAS  C:\Users\jagumiel\AppData\Local\Temp\ccYf7uTI.s 			page 35


 1492      74456E61 
 1492      626C6500 
 1493              	.LASF23:
 1494 011c 61646472 		.ascii	"addr_table\000"
 1494      5F746162 
 1494      6C6500
 1495              	.LASF14:
 1496 0127 75696E74 		.ascii	"uint16\000"
 1496      313600
 1497              	.LASF24:
 1498 012e 64617461 		.ascii	"data_table\000"
 1498      5F746162 
 1498      6C6500
 1499              	.LASF15:
 1500 0139 75696E74 		.ascii	"uint32\000"
 1500      333200
 1501              	.LASF0:
 1502 0140 756E7369 		.ascii	"unsigned int\000"
 1502      676E6564 
 1502      20696E74 
 1502      00
 1503              	.LASF42:
 1504 014d 63796669 		.ascii	"cyfitter_cfg\000"
 1504      74746572 
 1504      5F636667 
 1504      00
 1505              	.LASF32:
 1506 015a 61646472 		.ascii	"address\000"
 1506      65737300 
 1507              	.LASF9:
 1508 0162 6C6F6E67 		.ascii	"long long unsigned int\000"
 1508      206C6F6E 
 1508      6720756E 
 1508      7369676E 
 1508      65642069 
 1509              	.LASF39:
 1510 0179 474E5520 		.ascii	"GNU C11 5.4.1 20160609 (release) [ARM/embedded-5-br"
 1510      43313120 
 1510      352E342E 
 1510      31203230 
 1510      31363036 
 1511 01ac 616E6368 		.ascii	"anch revision 237715] -mcpu=cortex-m0 -mthumb -g -O"
 1511      20726576 
 1511      6973696F 
 1511      6E203233 
 1511      37373135 
 1512 01df 67202D66 		.ascii	"g -ffunction-sections -ffat-lto-objects\000"
 1512      66756E63 
 1512      74696F6E 
 1512      2D736563 
 1512      74696F6E 
 1513              	.LASF34:
 1514 0207 6366675F 		.ascii	"cfg_memset_t\000"
 1514      6D656D73 
 1514      65745F74 
 1514      00
 1515              	.LASF25:
ARM GAS  C:\Users\jagumiel\AppData\Local\Temp\ccYf7uTI.s 			page 36


 1516 0214 62617365 		.ascii	"baseAddr\000"
 1516      41646472 
 1516      00
 1517              	.LASF10:
 1518 021d 73697A65 		.ascii	"sizetype\000"
 1518      74797065 
 1518      00
 1519              	.LASF6:
 1520 0226 73686F72 		.ascii	"short unsigned int\000"
 1520      7420756E 
 1520      7369676E 
 1520      65642069 
 1520      6E7400
 1521              	.LASF1:
 1522 0239 6C6F6E67 		.ascii	"long long int\000"
 1522      206C6F6E 
 1522      6720696E 
 1522      7400
 1523              	.LASF11:
 1524 0247 63686172 		.ascii	"char\000"
 1524      00
 1525              	.LASF22:
 1526 024c 63795F63 		.ascii	"cy_cfg_addrvalue_t\000"
 1526      66675F61 
 1526      64647276 
 1526      616C7565 
 1526      5F7400
 1527              	.LASF20:
 1528 025f 6F666673 		.ascii	"offset\000"
 1528      657400
 1529              	.LASF5:
 1530 0266 73686F72 		.ascii	"short int\000"
 1530      7420696E 
 1530      7400
 1531              	.LASF36:
 1532 0270 43795379 		.ascii	"CySysClkWriteImoFreq\000"
 1532      73436C6B 
 1532      57726974 
 1532      65496D6F 
 1532      46726571 
 1533              	.LASF7:
 1534 0285 6C6F6E67 		.ascii	"long int\000"
 1534      20696E74 
 1534      00
 1535              	.LASF2:
 1536 028e 6C6F6E67 		.ascii	"long double\000"
 1536      20646F75 
 1536      626C6500 
 1537              	.LASF3:
 1538 029a 7369676E 		.ascii	"signed char\000"
 1538      65642063 
 1538      68617200 
 1539              	.LASF40:
 1540 02a6 47656E65 		.ascii	"Generated_Source\\PSoC4\\cyfitter_cfg.c\000"
 1540      72617465 
 1540      645F536F 
 1540      75726365 
ARM GAS  C:\Users\jagumiel\AppData\Local\Temp\ccYf7uTI.s 			page 37


 1540      5C50536F 
 1541              		.ident	"GCC: (GNU Tools for ARM Embedded Processors) 5.4.1 20160609 (release) [ARM/embedded-5-bran
