ARM GAS  C:\Users\jagumiel\AppData\Local\Temp\ccf9VMht.s 			page 1


   1              		.syntax unified
   2              		.cpu cortex-m0
   3              		.fpu softvfp
   4              		.eabi_attribute 20, 1
   5              		.eabi_attribute 21, 1
   6              		.eabi_attribute 23, 3
   7              		.eabi_attribute 24, 1
   8              		.eabi_attribute 25, 1
   9              		.eabi_attribute 26, 1
  10              		.eabi_attribute 30, 1
  11              		.eabi_attribute 34, 0
  12              		.eabi_attribute 18, 4
  13              		.thumb
  14              		.syntax unified
  15              		.file	"main.c"
  16              		.text
  17              	.Ltext0:
  18              		.cfi_sections	.debug_frame
  19              		.section	.text.main,"ax",%progbits
  20              		.align	2
  21              		.global	main
  22              		.code	16
  23              		.thumb_func
  24              		.type	main, %function
  25              	main:
  26              	.LFB32:
  27              		.file 1 "main.c"
   1:main.c        **** /* ========================================
   2:main.c        ****  *
   3:main.c        ****  * Copyright YOUR COMPANY, THE YEAR
   4:main.c        ****  * All Rights Reserved
   5:main.c        ****  * UNPUBLISHED, LICENSED SOFTWARE.
   6:main.c        ****  *
   7:main.c        ****  * CONFIDENTIAL AND PROPRIETARY INFORMATION
   8:main.c        ****  * WHICH IS THE PROPERTY OF your company.
   9:main.c        ****  *
  10:main.c        ****  * ========================================
  11:main.c        **** */
  12:main.c        **** #include "project.h"
  13:main.c        **** 
  14:main.c        **** int main(void)
  15:main.c        **** {
  28              		.loc 1 15 0
  29              		.cfi_startproc
  30              		@ Volatile: function does not return.
  31              		@ args = 0, pretend = 0, frame = 0
  32              		@ frame_needed = 0, uses_anonymous_args = 0
  33              		@ link register save eliminated.
  16:main.c        ****     CyGlobalIntEnable; /* Enable global interrupts. */
  34              		.loc 1 16 0
  35              		.syntax divided
  36              	@ 16 "main.c" 1
  37 0000 62B6     		CPSIE   i
  38              	@ 0 "" 2
  39              		.thumb
  40              		.syntax unified
  41              	.L2:
ARM GAS  C:\Users\jagumiel\AppData\Local\Temp\ccf9VMht.s 			page 2


  42 0002 FEE7     		b	.L2
  43              		.cfi_endproc
  44              	.LFE32:
  45              		.size	main, .-main
  46              		.text
  47              	.Letext0:
  48              		.section	.debug_info,"",%progbits
  49              	.Ldebug_info0:
  50 0000 A0000000 		.4byte	0xa0
  51 0004 0400     		.2byte	0x4
  52 0006 00000000 		.4byte	.Ldebug_abbrev0
  53 000a 04       		.byte	0x4
  54 000b 01       		.uleb128 0x1
  55 000c C2000000 		.4byte	.LASF14
  56 0010 0C       		.byte	0xc
  57 0011 64000000 		.4byte	.LASF15
  58 0015 0E000000 		.4byte	.LASF16
  59 0019 00000000 		.4byte	.Ldebug_ranges0+0
  60 001d 00000000 		.4byte	0
  61 0021 00000000 		.4byte	.Ldebug_line0
  62 0025 02       		.uleb128 0x2
  63 0026 01       		.byte	0x1
  64 0027 06       		.byte	0x6
  65 0028 63010000 		.4byte	.LASF0
  66 002c 02       		.uleb128 0x2
  67 002d 01       		.byte	0x1
  68 002e 08       		.byte	0x8
  69 002f 9F000000 		.4byte	.LASF1
  70 0033 02       		.uleb128 0x2
  71 0034 02       		.byte	0x2
  72 0035 05       		.byte	0x5
  73 0036 7B010000 		.4byte	.LASF2
  74 003a 02       		.uleb128 0x2
  75 003b 02       		.byte	0x2
  76 003c 07       		.byte	0x7
  77 003d 50010000 		.4byte	.LASF3
  78 0041 02       		.uleb128 0x2
  79 0042 04       		.byte	0x4
  80 0043 05       		.byte	0x5
  81 0044 B2000000 		.4byte	.LASF4
  82 0048 02       		.uleb128 0x2
  83 0049 04       		.byte	0x4
  84 004a 07       		.byte	0x7
  85 004b 70000000 		.4byte	.LASF5
  86 004f 02       		.uleb128 0x2
  87 0050 08       		.byte	0x8
  88 0051 05       		.byte	0x5
  89 0052 00000000 		.4byte	.LASF6
  90 0056 02       		.uleb128 0x2
  91 0057 08       		.byte	0x8
  92 0058 07       		.byte	0x7
  93 0059 82000000 		.4byte	.LASF7
  94 005d 03       		.uleb128 0x3
  95 005e 04       		.byte	0x4
  96 005f 05       		.byte	0x5
  97 0060 696E7400 		.ascii	"int\000"
  98 0064 02       		.uleb128 0x2
ARM GAS  C:\Users\jagumiel\AppData\Local\Temp\ccf9VMht.s 			page 3


  99 0065 04       		.byte	0x4
 100 0066 07       		.byte	0x7
 101 0067 57000000 		.4byte	.LASF8
 102 006b 02       		.uleb128 0x2
 103 006c 04       		.byte	0x4
 104 006d 04       		.byte	0x4
 105 006e 99000000 		.4byte	.LASF9
 106 0072 02       		.uleb128 0x2
 107 0073 08       		.byte	0x8
 108 0074 04       		.byte	0x4
 109 0075 BB000000 		.4byte	.LASF10
 110 0079 02       		.uleb128 0x2
 111 007a 01       		.byte	0x1
 112 007b 08       		.byte	0x8
 113 007c AD000000 		.4byte	.LASF11
 114 0080 02       		.uleb128 0x2
 115 0081 08       		.byte	0x8
 116 0082 04       		.byte	0x4
 117 0083 6F010000 		.4byte	.LASF12
 118 0087 02       		.uleb128 0x2
 119 0088 04       		.byte	0x4
 120 0089 07       		.byte	0x7
 121 008a 85010000 		.4byte	.LASF13
 122 008e 04       		.uleb128 0x4
 123 008f 6B000000 		.4byte	.LASF17
 124 0093 01       		.byte	0x1
 125 0094 0E       		.byte	0xe
 126 0095 5D000000 		.4byte	0x5d
 127 0099 00000000 		.4byte	.LFB32
 128 009d 04000000 		.4byte	.LFE32-.LFB32
 129 00a1 01       		.uleb128 0x1
 130 00a2 9C       		.byte	0x9c
 131 00a3 00       		.byte	0
 132              		.section	.debug_abbrev,"",%progbits
 133              	.Ldebug_abbrev0:
 134 0000 01       		.uleb128 0x1
 135 0001 11       		.uleb128 0x11
 136 0002 01       		.byte	0x1
 137 0003 25       		.uleb128 0x25
 138 0004 0E       		.uleb128 0xe
 139 0005 13       		.uleb128 0x13
 140 0006 0B       		.uleb128 0xb
 141 0007 03       		.uleb128 0x3
 142 0008 0E       		.uleb128 0xe
 143 0009 1B       		.uleb128 0x1b
 144 000a 0E       		.uleb128 0xe
 145 000b 55       		.uleb128 0x55
 146 000c 17       		.uleb128 0x17
 147 000d 11       		.uleb128 0x11
 148 000e 01       		.uleb128 0x1
 149 000f 10       		.uleb128 0x10
 150 0010 17       		.uleb128 0x17
 151 0011 00       		.byte	0
 152 0012 00       		.byte	0
 153 0013 02       		.uleb128 0x2
 154 0014 24       		.uleb128 0x24
 155 0015 00       		.byte	0
ARM GAS  C:\Users\jagumiel\AppData\Local\Temp\ccf9VMht.s 			page 4


 156 0016 0B       		.uleb128 0xb
 157 0017 0B       		.uleb128 0xb
 158 0018 3E       		.uleb128 0x3e
 159 0019 0B       		.uleb128 0xb
 160 001a 03       		.uleb128 0x3
 161 001b 0E       		.uleb128 0xe
 162 001c 00       		.byte	0
 163 001d 00       		.byte	0
 164 001e 03       		.uleb128 0x3
 165 001f 24       		.uleb128 0x24
 166 0020 00       		.byte	0
 167 0021 0B       		.uleb128 0xb
 168 0022 0B       		.uleb128 0xb
 169 0023 3E       		.uleb128 0x3e
 170 0024 0B       		.uleb128 0xb
 171 0025 03       		.uleb128 0x3
 172 0026 08       		.uleb128 0x8
 173 0027 00       		.byte	0
 174 0028 00       		.byte	0
 175 0029 04       		.uleb128 0x4
 176 002a 2E       		.uleb128 0x2e
 177 002b 00       		.byte	0
 178 002c 3F       		.uleb128 0x3f
 179 002d 19       		.uleb128 0x19
 180 002e 03       		.uleb128 0x3
 181 002f 0E       		.uleb128 0xe
 182 0030 3A       		.uleb128 0x3a
 183 0031 0B       		.uleb128 0xb
 184 0032 3B       		.uleb128 0x3b
 185 0033 0B       		.uleb128 0xb
 186 0034 27       		.uleb128 0x27
 187 0035 19       		.uleb128 0x19
 188 0036 49       		.uleb128 0x49
 189 0037 13       		.uleb128 0x13
 190 0038 8701     		.uleb128 0x87
 191 003a 19       		.uleb128 0x19
 192 003b 11       		.uleb128 0x11
 193 003c 01       		.uleb128 0x1
 194 003d 12       		.uleb128 0x12
 195 003e 06       		.uleb128 0x6
 196 003f 40       		.uleb128 0x40
 197 0040 18       		.uleb128 0x18
 198 0041 9742     		.uleb128 0x2117
 199 0043 19       		.uleb128 0x19
 200 0044 00       		.byte	0
 201 0045 00       		.byte	0
 202 0046 00       		.byte	0
 203              		.section	.debug_aranges,"",%progbits
 204 0000 1C000000 		.4byte	0x1c
 205 0004 0200     		.2byte	0x2
 206 0006 00000000 		.4byte	.Ldebug_info0
 207 000a 04       		.byte	0x4
 208 000b 00       		.byte	0
 209 000c 0000     		.2byte	0
 210 000e 0000     		.2byte	0
 211 0010 00000000 		.4byte	.LFB32
 212 0014 04000000 		.4byte	.LFE32-.LFB32
ARM GAS  C:\Users\jagumiel\AppData\Local\Temp\ccf9VMht.s 			page 5


 213 0018 00000000 		.4byte	0
 214 001c 00000000 		.4byte	0
 215              		.section	.debug_ranges,"",%progbits
 216              	.Ldebug_ranges0:
 217 0000 00000000 		.4byte	.LFB32
 218 0004 04000000 		.4byte	.LFE32
 219 0008 00000000 		.4byte	0
 220 000c 00000000 		.4byte	0
 221              		.section	.debug_line,"",%progbits
 222              	.Ldebug_line0:
 223 0000 33000000 		.section	.debug_str,"MS",%progbits,1
 223      02001D00 
 223      00000201 
 223      FB0E0D00 
 223      01010101 
 224              	.LASF6:
 225 0000 6C6F6E67 		.ascii	"long long int\000"
 225      206C6F6E 
 225      6720696E 
 225      7400
 226              	.LASF16:
 227 000e 443A5C55 		.ascii	"D:\\Users\\jagumiel\\Documents\\PSoC Creator\\PSoC-"
 227      73657273 
 227      5C6A6167 
 227      756D6965 
 227      6C5C446F 
 228 003c 3130315C 		.ascii	"101\\PSoC-101\\Lesson4.cydsn\000"
 228      50536F43 
 228      2D313031 
 228      5C4C6573 
 228      736F6E34 
 229              	.LASF8:
 230 0057 756E7369 		.ascii	"unsigned int\000"
 230      676E6564 
 230      20696E74 
 230      00
 231              	.LASF15:
 232 0064 6D61696E 		.ascii	"main.c\000"
 232      2E6300
 233              	.LASF17:
 234 006b 6D61696E 		.ascii	"main\000"
 234      00
 235              	.LASF5:
 236 0070 6C6F6E67 		.ascii	"long unsigned int\000"
 236      20756E73 
 236      69676E65 
 236      6420696E 
 236      7400
 237              	.LASF7:
 238 0082 6C6F6E67 		.ascii	"long long unsigned int\000"
 238      206C6F6E 
 238      6720756E 
 238      7369676E 
 238      65642069 
 239              	.LASF9:
 240 0099 666C6F61 		.ascii	"float\000"
 240      7400
ARM GAS  C:\Users\jagumiel\AppData\Local\Temp\ccf9VMht.s 			page 6


 241              	.LASF1:
 242 009f 756E7369 		.ascii	"unsigned char\000"
 242      676E6564 
 242      20636861 
 242      7200
 243              	.LASF11:
 244 00ad 63686172 		.ascii	"char\000"
 244      00
 245              	.LASF4:
 246 00b2 6C6F6E67 		.ascii	"long int\000"
 246      20696E74 
 246      00
 247              	.LASF10:
 248 00bb 646F7562 		.ascii	"double\000"
 248      6C6500
 249              	.LASF14:
 250 00c2 474E5520 		.ascii	"GNU C11 5.4.1 20160609 (release) [ARM/embedded-5-br"
 250      43313120 
 250      352E342E 
 250      31203230 
 250      31363036 
 251 00f5 616E6368 		.ascii	"anch revision 237715] -mcpu=cortex-m0 -mthumb -g -O"
 251      20726576 
 251      6973696F 
 251      6E203233 
 251      37373135 
 252 0128 67202D66 		.ascii	"g -ffunction-sections -ffat-lto-objects\000"
 252      66756E63 
 252      74696F6E 
 252      2D736563 
 252      74696F6E 
 253              	.LASF3:
 254 0150 73686F72 		.ascii	"short unsigned int\000"
 254      7420756E 
 254      7369676E 
 254      65642069 
 254      6E7400
 255              	.LASF0:
 256 0163 7369676E 		.ascii	"signed char\000"
 256      65642063 
 256      68617200 
 257              	.LASF12:
 258 016f 6C6F6E67 		.ascii	"long double\000"
 258      20646F75 
 258      626C6500 
 259              	.LASF2:
 260 017b 73686F72 		.ascii	"short int\000"
 260      7420696E 
 260      7400
 261              	.LASF13:
 262 0185 73697A65 		.ascii	"sizetype\000"
 262      74797065 
 262      00
 263              		.ident	"GCC: (GNU Tools for ARM Embedded Processors) 5.4.1 20160609 (release) [ARM/embedded-5-bran
