ARM GAS  C:\Users\jagumiel\AppData\Local\Temp\cckvpAGG.s 			page 1


   1              		.syntax unified
   2              		.cpu cortex-m0
   3              		.fpu softvfp
   4              		.eabi_attribute 20, 1
   5              		.eabi_attribute 21, 1
   6              		.eabi_attribute 23, 3
   7              		.eabi_attribute 24, 1
   8              		.eabi_attribute 25, 1
   9              		.eabi_attribute 26, 1
  10              		.eabi_attribute 30, 1
  11              		.eabi_attribute 34, 0
  12              		.eabi_attribute 18, 4
  13              		.thumb
  14              		.syntax unified
  15              		.file	"cyfitter_cfg.c"
  16              		.text
  17              	.Ltext0:
  18              		.cfi_sections	.debug_frame
  19              		.section	.text.cfg_write_bytes32,"ax",%progbits
  20              		.align	2
  21              		.code	16
  22              		.thumb_func
  23              		.type	cfg_write_bytes32, %function
  24              	cfg_write_bytes32:
  25              	.LFB3:
  26              		.file 1 "Generated_Source\\PSoC4\\cyfitter_cfg.c"
   1:Generated_Source\PSoC4/cyfitter_cfg.c **** 
   2:Generated_Source\PSoC4/cyfitter_cfg.c **** /*******************************************************************************
   3:Generated_Source\PSoC4/cyfitter_cfg.c **** * File Name: cyfitter_cfg.c
   4:Generated_Source\PSoC4/cyfitter_cfg.c **** * 
   5:Generated_Source\PSoC4/cyfitter_cfg.c **** * PSoC Creator  4.2
   6:Generated_Source\PSoC4/cyfitter_cfg.c **** *
   7:Generated_Source\PSoC4/cyfitter_cfg.c **** * Description:
   8:Generated_Source\PSoC4/cyfitter_cfg.c **** * This file contains device initialization code.
   9:Generated_Source\PSoC4/cyfitter_cfg.c **** * Except for the user defined sections in CyClockStartupError(), this file should not be modified.
  10:Generated_Source\PSoC4/cyfitter_cfg.c **** * This file is automatically generated by PSoC Creator.
  11:Generated_Source\PSoC4/cyfitter_cfg.c **** *
  12:Generated_Source\PSoC4/cyfitter_cfg.c **** ********************************************************************************
  13:Generated_Source\PSoC4/cyfitter_cfg.c **** * Copyright (c) 2007-2018 Cypress Semiconductor.  All rights reserved.
  14:Generated_Source\PSoC4/cyfitter_cfg.c **** * You may use this file only in accordance with the license, terms, conditions, 
  15:Generated_Source\PSoC4/cyfitter_cfg.c **** * disclaimers, and limitations in the end user license agreement accompanying 
  16:Generated_Source\PSoC4/cyfitter_cfg.c **** * the software package with which this file was provided.
  17:Generated_Source\PSoC4/cyfitter_cfg.c **** ********************************************************************************/
  18:Generated_Source\PSoC4/cyfitter_cfg.c **** 
  19:Generated_Source\PSoC4/cyfitter_cfg.c **** #include <string.h>
  20:Generated_Source\PSoC4/cyfitter_cfg.c **** #include "cytypes.h"
  21:Generated_Source\PSoC4/cyfitter_cfg.c **** #include "cydevice_trm.h"
  22:Generated_Source\PSoC4/cyfitter_cfg.c **** #include "cyfitter.h"
  23:Generated_Source\PSoC4/cyfitter_cfg.c **** #include "CyLib.h"
  24:Generated_Source\PSoC4/cyfitter_cfg.c **** #include "CyLFClk.h"
  25:Generated_Source\PSoC4/cyfitter_cfg.c **** #include "cyfitter_cfg.h"
  26:Generated_Source\PSoC4/cyfitter_cfg.c **** #include "cyapicallbacks.h"
  27:Generated_Source\PSoC4/cyfitter_cfg.c **** 
  28:Generated_Source\PSoC4/cyfitter_cfg.c **** 
  29:Generated_Source\PSoC4/cyfitter_cfg.c **** #if defined(__GNUC__) || defined(__ARMCC_VERSION)
  30:Generated_Source\PSoC4/cyfitter_cfg.c ****     #define CYPACKED 
  31:Generated_Source\PSoC4/cyfitter_cfg.c ****     #define CYPACKED_ATTR __attribute__ ((packed))
ARM GAS  C:\Users\jagumiel\AppData\Local\Temp\cckvpAGG.s 			page 2


  32:Generated_Source\PSoC4/cyfitter_cfg.c ****     #define CYALIGNED __attribute__ ((aligned))
  33:Generated_Source\PSoC4/cyfitter_cfg.c ****     #define CY_CFG_UNUSED __attribute__ ((unused))
  34:Generated_Source\PSoC4/cyfitter_cfg.c ****     #ifndef CY_CFG_SECTION
  35:Generated_Source\PSoC4/cyfitter_cfg.c ****         #define CY_CFG_SECTION __attribute__ ((section(".psocinit")))
  36:Generated_Source\PSoC4/cyfitter_cfg.c ****     #endif
  37:Generated_Source\PSoC4/cyfitter_cfg.c ****     
  38:Generated_Source\PSoC4/cyfitter_cfg.c ****     #if defined(__ARMCC_VERSION)
  39:Generated_Source\PSoC4/cyfitter_cfg.c ****         #define CY_CFG_MEMORY_BARRIER() __memory_changed()
  40:Generated_Source\PSoC4/cyfitter_cfg.c ****     #else
  41:Generated_Source\PSoC4/cyfitter_cfg.c ****         #define CY_CFG_MEMORY_BARRIER() __sync_synchronize()
  42:Generated_Source\PSoC4/cyfitter_cfg.c ****     #endif
  43:Generated_Source\PSoC4/cyfitter_cfg.c ****     
  44:Generated_Source\PSoC4/cyfitter_cfg.c **** #elif defined(__ICCARM__)
  45:Generated_Source\PSoC4/cyfitter_cfg.c ****     #include <intrinsics.h>
  46:Generated_Source\PSoC4/cyfitter_cfg.c **** 
  47:Generated_Source\PSoC4/cyfitter_cfg.c ****     #define CYPACKED __packed
  48:Generated_Source\PSoC4/cyfitter_cfg.c ****     #define CYPACKED_ATTR 
  49:Generated_Source\PSoC4/cyfitter_cfg.c ****     #define CYALIGNED _Pragma("data_alignment=4")
  50:Generated_Source\PSoC4/cyfitter_cfg.c ****     #define CY_CFG_UNUSED _Pragma("diag_suppress=Pe177")
  51:Generated_Source\PSoC4/cyfitter_cfg.c ****     #define CY_CFG_SECTION _Pragma("location=\".psocinit\"")
  52:Generated_Source\PSoC4/cyfitter_cfg.c ****     
  53:Generated_Source\PSoC4/cyfitter_cfg.c ****     #define CY_CFG_MEMORY_BARRIER() __DMB()
  54:Generated_Source\PSoC4/cyfitter_cfg.c ****     
  55:Generated_Source\PSoC4/cyfitter_cfg.c **** #else
  56:Generated_Source\PSoC4/cyfitter_cfg.c ****     #error Unsupported toolchain
  57:Generated_Source\PSoC4/cyfitter_cfg.c **** #endif
  58:Generated_Source\PSoC4/cyfitter_cfg.c **** 
  59:Generated_Source\PSoC4/cyfitter_cfg.c **** #ifndef CYCODE
  60:Generated_Source\PSoC4/cyfitter_cfg.c ****     #define CYCODE
  61:Generated_Source\PSoC4/cyfitter_cfg.c **** #endif
  62:Generated_Source\PSoC4/cyfitter_cfg.c **** #ifndef CYDATA
  63:Generated_Source\PSoC4/cyfitter_cfg.c ****     #define CYDATA
  64:Generated_Source\PSoC4/cyfitter_cfg.c **** #endif
  65:Generated_Source\PSoC4/cyfitter_cfg.c **** #ifndef CYFAR
  66:Generated_Source\PSoC4/cyfitter_cfg.c ****     #define CYFAR
  67:Generated_Source\PSoC4/cyfitter_cfg.c **** #endif
  68:Generated_Source\PSoC4/cyfitter_cfg.c **** #ifndef CYXDATA
  69:Generated_Source\PSoC4/cyfitter_cfg.c ****     #define CYXDATA
  70:Generated_Source\PSoC4/cyfitter_cfg.c **** #endif
  71:Generated_Source\PSoC4/cyfitter_cfg.c **** 
  72:Generated_Source\PSoC4/cyfitter_cfg.c **** 
  73:Generated_Source\PSoC4/cyfitter_cfg.c **** CY_CFG_UNUSED
  74:Generated_Source\PSoC4/cyfitter_cfg.c **** static void CYMEMZERO(void *s, size_t n);
  75:Generated_Source\PSoC4/cyfitter_cfg.c **** CY_CFG_UNUSED
  76:Generated_Source\PSoC4/cyfitter_cfg.c **** static void CYMEMZERO(void *s, size_t n)
  77:Generated_Source\PSoC4/cyfitter_cfg.c **** {
  78:Generated_Source\PSoC4/cyfitter_cfg.c **** 	(void)memset(s, 0, n);
  79:Generated_Source\PSoC4/cyfitter_cfg.c **** }
  80:Generated_Source\PSoC4/cyfitter_cfg.c **** CY_CFG_UNUSED
  81:Generated_Source\PSoC4/cyfitter_cfg.c **** static void CYCONFIGCPY(void *dest, const void *src, size_t n);
  82:Generated_Source\PSoC4/cyfitter_cfg.c **** CY_CFG_UNUSED
  83:Generated_Source\PSoC4/cyfitter_cfg.c **** static void CYCONFIGCPY(void *dest, const void *src, size_t n)
  84:Generated_Source\PSoC4/cyfitter_cfg.c **** {
  85:Generated_Source\PSoC4/cyfitter_cfg.c **** 	(void)memcpy(dest, src, n);
  86:Generated_Source\PSoC4/cyfitter_cfg.c **** }
  87:Generated_Source\PSoC4/cyfitter_cfg.c **** CY_CFG_UNUSED
  88:Generated_Source\PSoC4/cyfitter_cfg.c **** static void CYCONFIGCPYCODE(void *dest, const void *src, size_t n);
ARM GAS  C:\Users\jagumiel\AppData\Local\Temp\cckvpAGG.s 			page 3


  89:Generated_Source\PSoC4/cyfitter_cfg.c **** CY_CFG_UNUSED
  90:Generated_Source\PSoC4/cyfitter_cfg.c **** static void CYCONFIGCPYCODE(void *dest, const void *src, size_t n)
  91:Generated_Source\PSoC4/cyfitter_cfg.c **** {
  92:Generated_Source\PSoC4/cyfitter_cfg.c **** 	(void)memcpy(dest, src, n);
  93:Generated_Source\PSoC4/cyfitter_cfg.c **** }
  94:Generated_Source\PSoC4/cyfitter_cfg.c **** 
  95:Generated_Source\PSoC4/cyfitter_cfg.c **** 
  96:Generated_Source\PSoC4/cyfitter_cfg.c **** 
  97:Generated_Source\PSoC4/cyfitter_cfg.c **** 
  98:Generated_Source\PSoC4/cyfitter_cfg.c **** /* Clock startup error codes                                                   */
  99:Generated_Source\PSoC4/cyfitter_cfg.c **** #define CYCLOCKSTART_NO_ERROR    0u
 100:Generated_Source\PSoC4/cyfitter_cfg.c **** #define CYCLOCKSTART_XTAL_ERROR  1u
 101:Generated_Source\PSoC4/cyfitter_cfg.c **** #define CYCLOCKSTART_32KHZ_ERROR 2u
 102:Generated_Source\PSoC4/cyfitter_cfg.c **** #define CYCLOCKSTART_PLL_ERROR   3u
 103:Generated_Source\PSoC4/cyfitter_cfg.c **** #define CYCLOCKSTART_FLL_ERROR   4u
 104:Generated_Source\PSoC4/cyfitter_cfg.c **** #define CYCLOCKSTART_WCO_ERROR   5u
 105:Generated_Source\PSoC4/cyfitter_cfg.c **** 
 106:Generated_Source\PSoC4/cyfitter_cfg.c **** 
 107:Generated_Source\PSoC4/cyfitter_cfg.c **** #ifdef CY_NEED_CYCLOCKSTARTUPERROR
 108:Generated_Source\PSoC4/cyfitter_cfg.c **** /*******************************************************************************
 109:Generated_Source\PSoC4/cyfitter_cfg.c **** * Function Name: CyClockStartupError
 110:Generated_Source\PSoC4/cyfitter_cfg.c **** ********************************************************************************
 111:Generated_Source\PSoC4/cyfitter_cfg.c **** * Summary:
 112:Generated_Source\PSoC4/cyfitter_cfg.c **** *  If an error is encountered during clock configuration (crystal startup error,
 113:Generated_Source\PSoC4/cyfitter_cfg.c **** *  PLL lock error, etc.), the system will end up here.  Unless reimplemented by
 114:Generated_Source\PSoC4/cyfitter_cfg.c **** *  the customer, this function will stop in an infinite loop.
 115:Generated_Source\PSoC4/cyfitter_cfg.c **** *
 116:Generated_Source\PSoC4/cyfitter_cfg.c **** * Parameters:
 117:Generated_Source\PSoC4/cyfitter_cfg.c **** *   void
 118:Generated_Source\PSoC4/cyfitter_cfg.c **** *
 119:Generated_Source\PSoC4/cyfitter_cfg.c **** * Return:
 120:Generated_Source\PSoC4/cyfitter_cfg.c **** *   void
 121:Generated_Source\PSoC4/cyfitter_cfg.c **** *
 122:Generated_Source\PSoC4/cyfitter_cfg.c **** *******************************************************************************/
 123:Generated_Source\PSoC4/cyfitter_cfg.c **** CY_CFG_UNUSED
 124:Generated_Source\PSoC4/cyfitter_cfg.c **** static void CyClockStartupError(uint8 errorCode);
 125:Generated_Source\PSoC4/cyfitter_cfg.c **** CY_CFG_UNUSED
 126:Generated_Source\PSoC4/cyfitter_cfg.c **** static void CyClockStartupError(uint8 errorCode)
 127:Generated_Source\PSoC4/cyfitter_cfg.c **** {
 128:Generated_Source\PSoC4/cyfitter_cfg.c ****     /* To remove the compiler warning if errorCode not used.                */
 129:Generated_Source\PSoC4/cyfitter_cfg.c ****     errorCode = errorCode;
 130:Generated_Source\PSoC4/cyfitter_cfg.c **** 
 131:Generated_Source\PSoC4/cyfitter_cfg.c ****     /* If we have a clock startup error (bad MHz crystal, PLL lock, etc.),  */
 132:Generated_Source\PSoC4/cyfitter_cfg.c ****     /* we will end up here to allow the customer to implement something to  */
 133:Generated_Source\PSoC4/cyfitter_cfg.c ****     /* deal with the clock condition.                                       */
 134:Generated_Source\PSoC4/cyfitter_cfg.c **** 
 135:Generated_Source\PSoC4/cyfitter_cfg.c **** #ifdef CY_CFG_CLOCK_STARTUP_ERROR_CALLBACK
 136:Generated_Source\PSoC4/cyfitter_cfg.c ****     CY_CFG_Clock_Startup_ErrorCallback();
 137:Generated_Source\PSoC4/cyfitter_cfg.c **** #else
 138:Generated_Source\PSoC4/cyfitter_cfg.c ****     /*  If not using CY_CFG_CLOCK_STARTUP_ERROR_CALLBACK, place your clock startup code here. */
 139:Generated_Source\PSoC4/cyfitter_cfg.c ****     /* `#START CyClockStartupError` */
 140:Generated_Source\PSoC4/cyfitter_cfg.c **** 
 141:Generated_Source\PSoC4/cyfitter_cfg.c **** 
 142:Generated_Source\PSoC4/cyfitter_cfg.c **** 
 143:Generated_Source\PSoC4/cyfitter_cfg.c ****     /* `#END` */
 144:Generated_Source\PSoC4/cyfitter_cfg.c **** 
 145:Generated_Source\PSoC4/cyfitter_cfg.c ****     while(1) {}
ARM GAS  C:\Users\jagumiel\AppData\Local\Temp\cckvpAGG.s 			page 4


 146:Generated_Source\PSoC4/cyfitter_cfg.c **** #endif /* CY_CFG_CLOCK_STARTUP_ERROR_CALLBACK */
 147:Generated_Source\PSoC4/cyfitter_cfg.c **** }
 148:Generated_Source\PSoC4/cyfitter_cfg.c **** #endif
 149:Generated_Source\PSoC4/cyfitter_cfg.c **** 
 150:Generated_Source\PSoC4/cyfitter_cfg.c **** #define CY_CFG_BASE_ADDR_COUNT 4u
 151:Generated_Source\PSoC4/cyfitter_cfg.c **** CYPACKED typedef struct
 152:Generated_Source\PSoC4/cyfitter_cfg.c **** {
 153:Generated_Source\PSoC4/cyfitter_cfg.c **** 	uint8 offset;
 154:Generated_Source\PSoC4/cyfitter_cfg.c **** 	uint8 value;
 155:Generated_Source\PSoC4/cyfitter_cfg.c **** } CYPACKED_ATTR cy_cfg_addrvalue_t;
 156:Generated_Source\PSoC4/cyfitter_cfg.c **** 
 157:Generated_Source\PSoC4/cyfitter_cfg.c **** 
 158:Generated_Source\PSoC4/cyfitter_cfg.c **** 
 159:Generated_Source\PSoC4/cyfitter_cfg.c **** /*******************************************************************************
 160:Generated_Source\PSoC4/cyfitter_cfg.c **** * Function Name: cfg_write_bytes32
 161:Generated_Source\PSoC4/cyfitter_cfg.c **** ********************************************************************************
 162:Generated_Source\PSoC4/cyfitter_cfg.c **** * Summary:
 163:Generated_Source\PSoC4/cyfitter_cfg.c **** *  This function is used for setting up the chip configuration areas that
 164:Generated_Source\PSoC4/cyfitter_cfg.c **** *  contain relatively sparse data.
 165:Generated_Source\PSoC4/cyfitter_cfg.c **** *
 166:Generated_Source\PSoC4/cyfitter_cfg.c **** * Parameters:
 167:Generated_Source\PSoC4/cyfitter_cfg.c **** *   void
 168:Generated_Source\PSoC4/cyfitter_cfg.c **** *
 169:Generated_Source\PSoC4/cyfitter_cfg.c **** * Return:
 170:Generated_Source\PSoC4/cyfitter_cfg.c **** *   void
 171:Generated_Source\PSoC4/cyfitter_cfg.c **** *
 172:Generated_Source\PSoC4/cyfitter_cfg.c **** *******************************************************************************/
 173:Generated_Source\PSoC4/cyfitter_cfg.c **** static void cfg_write_bytes32(const uint32 addr_table[], const cy_cfg_addrvalue_t data_table[]);
 174:Generated_Source\PSoC4/cyfitter_cfg.c **** static void cfg_write_bytes32(const uint32 addr_table[], const cy_cfg_addrvalue_t data_table[])
 175:Generated_Source\PSoC4/cyfitter_cfg.c **** {
  27              		.loc 1 175 0
  28              		.cfi_startproc
  29              		@ args = 0, pretend = 0, frame = 0
  30              		@ frame_needed = 0, uses_anonymous_args = 0
  31              	.LVL0:
  32 0000 F0B5     		push	{r4, r5, r6, r7, lr}
  33              		.cfi_def_cfa_offset 20
  34              		.cfi_offset 4, -20
  35              		.cfi_offset 5, -16
  36              		.cfi_offset 6, -12
  37              		.cfi_offset 7, -8
  38              		.cfi_offset 14, -4
  39              	.LVL1:
 176:Generated_Source\PSoC4/cyfitter_cfg.c **** 	/* For 32-bit little-endian architectures */
 177:Generated_Source\PSoC4/cyfitter_cfg.c **** 	uint32 i, j = 0u;
  40              		.loc 1 177 0
  41 0002 0025     		movs	r5, #0
 178:Generated_Source\PSoC4/cyfitter_cfg.c **** 	for (i = 0u; i < CY_CFG_BASE_ADDR_COUNT; i++)
  42              		.loc 1 178 0
  43 0004 0027     		movs	r7, #0
  44 0006 11E0     		b	.L2
  45              	.LVL2:
  46              	.L5:
  47              	.LBB2:
 179:Generated_Source\PSoC4/cyfitter_cfg.c **** 	{
 180:Generated_Source\PSoC4/cyfitter_cfg.c **** 		uint32 baseAddr = addr_table[i];
  48              		.loc 1 180 0
ARM GAS  C:\Users\jagumiel\AppData\Local\Temp\cckvpAGG.s 			page 5


  49 0008 BB00     		lsls	r3, r7, #2
  50 000a C658     		ldr	r6, [r0, r3]
  51              	.LVL3:
 181:Generated_Source\PSoC4/cyfitter_cfg.c **** 		uint8 count = (uint8)baseAddr;
  52              		.loc 1 181 0
  53 000c F3B2     		uxtb	r3, r6
  54              	.LVL4:
 182:Generated_Source\PSoC4/cyfitter_cfg.c **** 		baseAddr &= 0xFFFFFF00u;
  55              		.loc 1 182 0
  56 000e FF22     		movs	r2, #255
  57 0010 9643     		bics	r6, r2
  58              	.LVL5:
 183:Generated_Source\PSoC4/cyfitter_cfg.c **** 		while (count != 0u)
  59              		.loc 1 183 0
  60 0012 08E0     		b	.L3
  61              	.L4:
 184:Generated_Source\PSoC4/cyfitter_cfg.c **** 		{
 185:Generated_Source\PSoC4/cyfitter_cfg.c **** 			CY_SET_REG8((void *)(baseAddr + data_table[j].offset), data_table[j].value);
  62              		.loc 1 185 0
  63 0014 6A00     		lsls	r2, r5, #1
  64 0016 8A18     		adds	r2, r1, r2
  65 0018 1478     		ldrb	r4, [r2]
  66 001a A419     		adds	r4, r4, r6
  67 001c 5278     		ldrb	r2, [r2, #1]
  68 001e 2270     		strb	r2, [r4]
 186:Generated_Source\PSoC4/cyfitter_cfg.c **** 			j++;
  69              		.loc 1 186 0
  70 0020 0135     		adds	r5, r5, #1
  71              	.LVL6:
 187:Generated_Source\PSoC4/cyfitter_cfg.c **** 			count--;
  72              		.loc 1 187 0
  73 0022 013B     		subs	r3, r3, #1
  74              	.LVL7:
  75 0024 DBB2     		uxtb	r3, r3
  76              	.LVL8:
  77              	.L3:
 183:Generated_Source\PSoC4/cyfitter_cfg.c **** 		{
  78              		.loc 1 183 0
  79 0026 002B     		cmp	r3, #0
  80 0028 F4D1     		bne	.L4
  81              	.LBE2:
 178:Generated_Source\PSoC4/cyfitter_cfg.c **** 	{
  82              		.loc 1 178 0 discriminator 2
  83 002a 0137     		adds	r7, r7, #1
  84              	.LVL9:
  85              	.L2:
 178:Generated_Source\PSoC4/cyfitter_cfg.c **** 	{
  86              		.loc 1 178 0 is_stmt 0 discriminator 1
  87 002c 032F     		cmp	r7, #3
  88 002e EBD9     		bls	.L5
 188:Generated_Source\PSoC4/cyfitter_cfg.c **** 		}
 189:Generated_Source\PSoC4/cyfitter_cfg.c **** 	}
 190:Generated_Source\PSoC4/cyfitter_cfg.c **** }
  89              		.loc 1 190 0 is_stmt 1
  90              		@ sp needed
  91              	.LVL10:
  92              	.LVL11:
ARM GAS  C:\Users\jagumiel\AppData\Local\Temp\cckvpAGG.s 			page 6


  93 0030 F0BD     		pop	{r4, r5, r6, r7, pc}
  94              		.cfi_endproc
  95              	.LFE3:
  96              		.size	cfg_write_bytes32, .-cfg_write_bytes32
  97 0032 C046     		.section	.text.CYMEMZERO,"ax",%progbits
  98              		.align	2
  99              		.code	16
 100              		.thumb_func
 101              		.type	CYMEMZERO, %function
 102              	CYMEMZERO:
 103              	.LFB0:
  77:Generated_Source\PSoC4/cyfitter_cfg.c **** 	(void)memset(s, 0, n);
 104              		.loc 1 77 0
 105              		.cfi_startproc
 106              		@ args = 0, pretend = 0, frame = 0
 107              		@ frame_needed = 0, uses_anonymous_args = 0
 108              	.LVL12:
 109 0000 10B5     		push	{r4, lr}
 110              		.cfi_def_cfa_offset 8
 111              		.cfi_offset 4, -8
 112              		.cfi_offset 14, -4
 113 0002 0A00     		movs	r2, r1
  78:Generated_Source\PSoC4/cyfitter_cfg.c **** }
 114              		.loc 1 78 0
 115 0004 0021     		movs	r1, #0
 116              	.LVL13:
 117 0006 FFF7FEFF 		bl	memset
 118              	.LVL14:
  79:Generated_Source\PSoC4/cyfitter_cfg.c **** CY_CFG_UNUSED
 119              		.loc 1 79 0
 120              		@ sp needed
 121 000a 10BD     		pop	{r4, pc}
 122              		.cfi_endproc
 123              	.LFE0:
 124              		.size	CYMEMZERO, .-CYMEMZERO
 125              		.section	.psocinit,"ax",%progbits
 126              		.align	2
 127              		.code	16
 128              		.thumb_func
 129              		.type	ClockSetup, %function
 130              	ClockSetup:
 131              	.LFB4:
 191:Generated_Source\PSoC4/cyfitter_cfg.c **** 
 192:Generated_Source\PSoC4/cyfitter_cfg.c **** 
 193:Generated_Source\PSoC4/cyfitter_cfg.c **** /*******************************************************************************
 194:Generated_Source\PSoC4/cyfitter_cfg.c **** * Function Name: ClockSetup
 195:Generated_Source\PSoC4/cyfitter_cfg.c **** ********************************************************************************
 196:Generated_Source\PSoC4/cyfitter_cfg.c **** *
 197:Generated_Source\PSoC4/cyfitter_cfg.c **** * Summary:
 198:Generated_Source\PSoC4/cyfitter_cfg.c **** *   Performs the initialization of all of the clocks in the device based on the
 199:Generated_Source\PSoC4/cyfitter_cfg.c **** *   settings in the Clock tab of the DWR.  This includes enabling the requested
 200:Generated_Source\PSoC4/cyfitter_cfg.c **** *   clocks and setting the necessary dividers to produce the desired frequency. 
 201:Generated_Source\PSoC4/cyfitter_cfg.c **** *
 202:Generated_Source\PSoC4/cyfitter_cfg.c **** * Parameters:
 203:Generated_Source\PSoC4/cyfitter_cfg.c **** *   void
 204:Generated_Source\PSoC4/cyfitter_cfg.c **** *
 205:Generated_Source\PSoC4/cyfitter_cfg.c **** * Return:
ARM GAS  C:\Users\jagumiel\AppData\Local\Temp\cckvpAGG.s 			page 7


 206:Generated_Source\PSoC4/cyfitter_cfg.c **** *   void
 207:Generated_Source\PSoC4/cyfitter_cfg.c **** *
 208:Generated_Source\PSoC4/cyfitter_cfg.c **** *******************************************************************************/
 209:Generated_Source\PSoC4/cyfitter_cfg.c **** static void ClockSetup(void);
 210:Generated_Source\PSoC4/cyfitter_cfg.c **** CY_CFG_SECTION
 211:Generated_Source\PSoC4/cyfitter_cfg.c **** static void ClockSetup(void)
 212:Generated_Source\PSoC4/cyfitter_cfg.c **** {
 132              		.loc 1 212 0
 133              		.cfi_startproc
 134              		@ args = 0, pretend = 0, frame = 0
 135              		@ frame_needed = 0, uses_anonymous_args = 0
 136 0000 70B5     		push	{r4, r5, r6, lr}
 137              		.cfi_def_cfa_offset 16
 138              		.cfi_offset 4, -16
 139              		.cfi_offset 5, -12
 140              		.cfi_offset 6, -8
 141              		.cfi_offset 14, -4
 213:Generated_Source\PSoC4/cyfitter_cfg.c **** 	/* Enable HALF_EN before trimming for the flash accelerator. */
 214:Generated_Source\PSoC4/cyfitter_cfg.c **** 	CY_SET_REG32((void CYXDATA *)(CYREG_CLK_SELECT), (CY_GET_REG32((void *)CYREG_CLK_SELECT) | 0x00040
 142              		.loc 1 214 0
 143 0002 164C     		ldr	r4, .L8
 144 0004 2368     		ldr	r3, [r4]
 145 0006 8022     		movs	r2, #128
 146 0008 D202     		lsls	r2, r2, #11
 147 000a 1343     		orrs	r3, r2
 148 000c 2360     		str	r3, [r4]
 215:Generated_Source\PSoC4/cyfitter_cfg.c **** 
 216:Generated_Source\PSoC4/cyfitter_cfg.c **** 	/* Setup and trim IMO based on desired frequency. */
 217:Generated_Source\PSoC4/cyfitter_cfg.c **** 	CySysClkWriteImoFreq(24u);
 149              		.loc 1 217 0
 150 000e 1820     		movs	r0, #24
 151 0010 FFF7FEFF 		bl	CySysClkWriteImoFreq
 152              	.LVL15:
 218:Generated_Source\PSoC4/cyfitter_cfg.c **** 
 219:Generated_Source\PSoC4/cyfitter_cfg.c **** 	/* Disable HALF_EN since it is not required at this IMO frequency. */
 220:Generated_Source\PSoC4/cyfitter_cfg.c **** 	CY_SET_REG32((void CYXDATA *)(CYREG_CLK_SELECT), (CY_GET_REG32((void *)CYREG_CLK_SELECT) & 0xFFFBF
 153              		.loc 1 220 0
 154 0014 2268     		ldr	r2, [r4]
 155 0016 124B     		ldr	r3, .L8+4
 156 0018 1340     		ands	r3, r2
 157 001a 2360     		str	r3, [r4]
 221:Generated_Source\PSoC4/cyfitter_cfg.c **** 	/* CYDEV_CLK_ILO_CONFIG Starting address: CYDEV_CLK_ILO_CONFIG */
 222:Generated_Source\PSoC4/cyfitter_cfg.c **** 	CY_SET_REG32((void *)(CYREG_CLK_ILO_CONFIG), 0x80000006u);
 158              		.loc 1 222 0
 159 001c 114A     		ldr	r2, .L8+8
 160 001e 124B     		ldr	r3, .L8+12
 161 0020 1A60     		str	r2, [r3]
 223:Generated_Source\PSoC4/cyfitter_cfg.c **** 
 224:Generated_Source\PSoC4/cyfitter_cfg.c **** 
 225:Generated_Source\PSoC4/cyfitter_cfg.c **** 	/* CYDEV_CLK_SELECT00 Starting address: CYDEV_CLK_SELECT00 */
 226:Generated_Source\PSoC4/cyfitter_cfg.c **** 	CY_SET_REG32((void *)(CYREG_CLK_SELECT03), 0x00000010u);
 162              		.loc 1 226 0
 163 0022 1022     		movs	r2, #16
 164 0024 114B     		ldr	r3, .L8+16
 165 0026 1A60     		str	r2, [r3]
 227:Generated_Source\PSoC4/cyfitter_cfg.c **** 	CY_SET_REG32((void *)(CYREG_CLK_SELECT08), 0x00000020u);
 166              		.loc 1 227 0
ARM GAS  C:\Users\jagumiel\AppData\Local\Temp\cckvpAGG.s 			page 8


 167 0028 1032     		adds	r2, r2, #16
 168 002a 114B     		ldr	r3, .L8+20
 169 002c 1A60     		str	r2, [r3]
 228:Generated_Source\PSoC4/cyfitter_cfg.c **** 
 229:Generated_Source\PSoC4/cyfitter_cfg.c **** 	/* CYDEV_CLK_IMO_CONFIG Starting address: CYDEV_CLK_IMO_CONFIG */
 230:Generated_Source\PSoC4/cyfitter_cfg.c **** 	CY_SET_REG32((void *)(CYREG_CLK_IMO_CONFIG), 0x80000000u);
 170              		.loc 1 230 0
 171 002e 8022     		movs	r2, #128
 172 0030 1206     		lsls	r2, r2, #24
 173 0032 104B     		ldr	r3, .L8+24
 174 0034 1A60     		str	r2, [r3]
 231:Generated_Source\PSoC4/cyfitter_cfg.c **** 
 232:Generated_Source\PSoC4/cyfitter_cfg.c **** 	/* CYDEV_CLK_SELECT Starting address: CYDEV_CLK_SELECT */
 233:Generated_Source\PSoC4/cyfitter_cfg.c **** 	CY_SET_REG32((void *)(CYREG_CLK_SELECT), 0x00000000u);
 175              		.loc 1 233 0
 176 0036 0025     		movs	r5, #0
 177 0038 2560     		str	r5, [r4]
 234:Generated_Source\PSoC4/cyfitter_cfg.c **** 
 235:Generated_Source\PSoC4/cyfitter_cfg.c **** 	/* CYDEV_CLK_DIVIDER_A00 Starting address: CYDEV_CLK_DIVIDER_A00 */
 236:Generated_Source\PSoC4/cyfitter_cfg.c **** 	CY_SET_REG32((void *)(CYREG_CLK_DIVIDER_A00), 0x8000000Eu);
 178              		.loc 1 236 0
 179 003a 0F4A     		ldr	r2, .L8+28
 180 003c 0F4B     		ldr	r3, .L8+32
 181 003e 1A60     		str	r2, [r3]
 237:Generated_Source\PSoC4/cyfitter_cfg.c **** 
 238:Generated_Source\PSoC4/cyfitter_cfg.c **** 	/* CYDEV_CLK_DIVIDER_B00 Starting address: CYDEV_CLK_DIVIDER_B00 */
 239:Generated_Source\PSoC4/cyfitter_cfg.c **** 	CY_SET_REG32((void *)(CYREG_CLK_DIVIDER_B00), 0x80005DBFu);
 182              		.loc 1 239 0
 183 0040 0F4A     		ldr	r2, .L8+36
 184 0042 104B     		ldr	r3, .L8+40
 185 0044 1A60     		str	r2, [r3]
 240:Generated_Source\PSoC4/cyfitter_cfg.c **** 
 241:Generated_Source\PSoC4/cyfitter_cfg.c **** 	(void)CyIntSetVector(9u, &CySysWdtIsr);
 186              		.loc 1 241 0
 187 0046 1049     		ldr	r1, .L8+44
 188 0048 0920     		movs	r0, #9
 189 004a FFF7FEFF 		bl	CyIntSetVector
 190              	.LVL16:
 242:Generated_Source\PSoC4/cyfitter_cfg.c **** 	CyIntEnable(9u);
 191              		.loc 1 242 0
 192 004e 0920     		movs	r0, #9
 193 0050 FFF7FEFF 		bl	CyIntEnable
 194              	.LVL17:
 243:Generated_Source\PSoC4/cyfitter_cfg.c **** 	CY_SET_REG32((void *)(CYREG_WDT_CONFIG), 0x00000000u);
 195              		.loc 1 243 0
 196 0054 0D4B     		ldr	r3, .L8+48
 197 0056 1D60     		str	r5, [r3]
 244:Generated_Source\PSoC4/cyfitter_cfg.c **** }
 198              		.loc 1 244 0
 199              		@ sp needed
 200 0058 70BD     		pop	{r4, r5, r6, pc}
 201              	.L9:
 202 005a C046     		.align	2
 203              	.L8:
 204 005c 00010B40 		.word	1074462976
 205 0060 FFFFFBFF 		.word	-262145
 206 0064 06000080 		.word	-2147483642
ARM GAS  C:\Users\jagumiel\AppData\Local\Temp\cckvpAGG.s 			page 9


 207 0068 04010B40 		.word	1074462980
 208 006c 0C020240 		.word	1073873420
 209 0070 20020240 		.word	1073873440
 210 0074 08010B40 		.word	1074462984
 211 0078 0E000080 		.word	-2147483634
 212 007c 00000240 		.word	1073872896
 213 0080 BF5D0080 		.word	-2147459649
 214 0084 40000240 		.word	1073872960
 215 0088 00000000 		.word	CySysWdtIsr
 216 008c 0C020B40 		.word	1074463244
 217              		.cfi_endproc
 218              	.LFE4:
 219              		.size	ClockSetup, .-ClockSetup
 220              		.align	2
 221              		.global	cyfitter_cfg
 222              		.code	16
 223              		.thumb_func
 224              		.type	cyfitter_cfg, %function
 225              	cyfitter_cfg:
 226              	.LFB6:
 245:Generated_Source\PSoC4/cyfitter_cfg.c **** 
 246:Generated_Source\PSoC4/cyfitter_cfg.c **** 
 247:Generated_Source\PSoC4/cyfitter_cfg.c **** /* Analog API Functions */
 248:Generated_Source\PSoC4/cyfitter_cfg.c **** 
 249:Generated_Source\PSoC4/cyfitter_cfg.c **** 
 250:Generated_Source\PSoC4/cyfitter_cfg.c **** /*******************************************************************************
 251:Generated_Source\PSoC4/cyfitter_cfg.c **** * Function Name: AnalogSetDefault
 252:Generated_Source\PSoC4/cyfitter_cfg.c **** ********************************************************************************
 253:Generated_Source\PSoC4/cyfitter_cfg.c **** *
 254:Generated_Source\PSoC4/cyfitter_cfg.c **** * Summary:
 255:Generated_Source\PSoC4/cyfitter_cfg.c **** *  Sets up the analog portions of the chip to default values based on chip
 256:Generated_Source\PSoC4/cyfitter_cfg.c **** *  configuration options from the project.
 257:Generated_Source\PSoC4/cyfitter_cfg.c **** *
 258:Generated_Source\PSoC4/cyfitter_cfg.c **** * Parameters:
 259:Generated_Source\PSoC4/cyfitter_cfg.c **** *  void
 260:Generated_Source\PSoC4/cyfitter_cfg.c **** *
 261:Generated_Source\PSoC4/cyfitter_cfg.c **** * Return:
 262:Generated_Source\PSoC4/cyfitter_cfg.c **** *  void
 263:Generated_Source\PSoC4/cyfitter_cfg.c **** *
 264:Generated_Source\PSoC4/cyfitter_cfg.c **** *******************************************************************************/
 265:Generated_Source\PSoC4/cyfitter_cfg.c **** static void AnalogSetDefault(void);
 266:Generated_Source\PSoC4/cyfitter_cfg.c **** static void AnalogSetDefault(void)
 267:Generated_Source\PSoC4/cyfitter_cfg.c **** {
 268:Generated_Source\PSoC4/cyfitter_cfg.c **** }
 269:Generated_Source\PSoC4/cyfitter_cfg.c **** 
 270:Generated_Source\PSoC4/cyfitter_cfg.c **** 
 271:Generated_Source\PSoC4/cyfitter_cfg.c **** 
 272:Generated_Source\PSoC4/cyfitter_cfg.c **** 
 273:Generated_Source\PSoC4/cyfitter_cfg.c **** /*******************************************************************************
 274:Generated_Source\PSoC4/cyfitter_cfg.c **** * Function Name: cyfitter_cfg
 275:Generated_Source\PSoC4/cyfitter_cfg.c **** ********************************************************************************
 276:Generated_Source\PSoC4/cyfitter_cfg.c **** * Summary:
 277:Generated_Source\PSoC4/cyfitter_cfg.c **** *  This function is called by the start-up code for the selected device. It
 278:Generated_Source\PSoC4/cyfitter_cfg.c **** *  performs all of the necessary device configuration based on the design
 279:Generated_Source\PSoC4/cyfitter_cfg.c **** *  settings.  This includes settings from the Design Wide Resources (DWR) such
 280:Generated_Source\PSoC4/cyfitter_cfg.c **** *  as Clocks and Pins as well as any component configuration that is necessary.
 281:Generated_Source\PSoC4/cyfitter_cfg.c **** *
ARM GAS  C:\Users\jagumiel\AppData\Local\Temp\cckvpAGG.s 			page 10


 282:Generated_Source\PSoC4/cyfitter_cfg.c **** * Parameters:
 283:Generated_Source\PSoC4/cyfitter_cfg.c **** *   void
 284:Generated_Source\PSoC4/cyfitter_cfg.c **** *
 285:Generated_Source\PSoC4/cyfitter_cfg.c **** * Return:
 286:Generated_Source\PSoC4/cyfitter_cfg.c **** *   void
 287:Generated_Source\PSoC4/cyfitter_cfg.c **** *
 288:Generated_Source\PSoC4/cyfitter_cfg.c **** *******************************************************************************/
 289:Generated_Source\PSoC4/cyfitter_cfg.c **** CY_CFG_SECTION
 290:Generated_Source\PSoC4/cyfitter_cfg.c **** void cyfitter_cfg(void)
 291:Generated_Source\PSoC4/cyfitter_cfg.c **** {
 227              		.loc 1 291 0
 228              		.cfi_startproc
 229              		@ args = 0, pretend = 0, frame = 0
 230              		@ frame_needed = 0, uses_anonymous_args = 0
 231 0090 10B5     		push	{r4, lr}
 232              		.cfi_def_cfa_offset 8
 233              		.cfi_offset 4, -8
 234              		.cfi_offset 14, -4
 292:Generated_Source\PSoC4/cyfitter_cfg.c **** 	/* Disable interrupts by default. Let user enable if/when they want. */
 293:Generated_Source\PSoC4/cyfitter_cfg.c **** 	CyGlobalIntDisable;
 235              		.loc 1 293 0
 236              		.syntax divided
 237              	@ 293 "Generated_Source\PSoC4\cyfitter_cfg.c" 1
 238 0092 72B6     		CPSID   i
 239              	@ 0 "" 2
 240              	.LVL18:
 241              		.thumb
 242              		.syntax unified
 243              	.LBB3:
 294:Generated_Source\PSoC4/cyfitter_cfg.c **** 
 295:Generated_Source\PSoC4/cyfitter_cfg.c **** 	{
 296:Generated_Source\PSoC4/cyfitter_cfg.c **** 		static const uint32 CYCODE cy_cfg_addr_table[] = {
 297:Generated_Source\PSoC4/cyfitter_cfg.c **** 			0x400F3301u, /* Base address: 0x400F3300 Count: 1 */
 298:Generated_Source\PSoC4/cyfitter_cfg.c **** 			0x400F4103u, /* Base address: 0x400F4100 Count: 3 */
 299:Generated_Source\PSoC4/cyfitter_cfg.c **** 			0x400F4304u, /* Base address: 0x400F4300 Count: 4 */
 300:Generated_Source\PSoC4/cyfitter_cfg.c **** 			0x400F6002u, /* Base address: 0x400F6000 Count: 2 */
 301:Generated_Source\PSoC4/cyfitter_cfg.c **** 		};
 302:Generated_Source\PSoC4/cyfitter_cfg.c **** 
 303:Generated_Source\PSoC4/cyfitter_cfg.c **** 		static const cy_cfg_addrvalue_t CYCODE cy_cfg_data_table[] = {
 304:Generated_Source\PSoC4/cyfitter_cfg.c **** 			{0xE6u, 0x10u},
 305:Generated_Source\PSoC4/cyfitter_cfg.c **** 			{0x62u, 0x04u},
 306:Generated_Source\PSoC4/cyfitter_cfg.c **** 			{0x8Eu, 0x04u},
 307:Generated_Source\PSoC4/cyfitter_cfg.c **** 			{0xD8u, 0x40u},
 308:Generated_Source\PSoC4/cyfitter_cfg.c **** 			{0x18u, 0x80u},
 309:Generated_Source\PSoC4/cyfitter_cfg.c **** 			{0x8Cu, 0x40u},
 310:Generated_Source\PSoC4/cyfitter_cfg.c **** 			{0xC6u, 0x08u},
 311:Generated_Source\PSoC4/cyfitter_cfg.c **** 			{0xE6u, 0x08u},
 312:Generated_Source\PSoC4/cyfitter_cfg.c **** 			{0x02u, 0x01u},
 313:Generated_Source\PSoC4/cyfitter_cfg.c **** 			{0x11u, 0x01u},
 314:Generated_Source\PSoC4/cyfitter_cfg.c **** 		};
 315:Generated_Source\PSoC4/cyfitter_cfg.c **** 
 316:Generated_Source\PSoC4/cyfitter_cfg.c **** 
 317:Generated_Source\PSoC4/cyfitter_cfg.c **** 
 318:Generated_Source\PSoC4/cyfitter_cfg.c **** 		CYPACKED typedef struct {
 319:Generated_Source\PSoC4/cyfitter_cfg.c **** 			void CYFAR *address;
 320:Generated_Source\PSoC4/cyfitter_cfg.c **** 			uint16 size;
 321:Generated_Source\PSoC4/cyfitter_cfg.c **** 		} CYPACKED_ATTR cfg_memset_t;
ARM GAS  C:\Users\jagumiel\AppData\Local\Temp\cckvpAGG.s 			page 11


 322:Generated_Source\PSoC4/cyfitter_cfg.c **** 
 323:Generated_Source\PSoC4/cyfitter_cfg.c **** 		static const cfg_memset_t CYCODE cfg_memset_list[] = {
 324:Generated_Source\PSoC4/cyfitter_cfg.c **** 			/* address, size */
 325:Generated_Source\PSoC4/cyfitter_cfg.c **** 			{(void CYFAR *)(CYDEV_UDB_P0_U0_BASE), 1024u},
 326:Generated_Source\PSoC4/cyfitter_cfg.c **** 			{(void CYFAR *)(CYDEV_UDB_DSI0_BASE), 1024u},
 327:Generated_Source\PSoC4/cyfitter_cfg.c **** 		};
 328:Generated_Source\PSoC4/cyfitter_cfg.c **** 
 329:Generated_Source\PSoC4/cyfitter_cfg.c **** 		uint8 CYDATA i;
 330:Generated_Source\PSoC4/cyfitter_cfg.c **** 
 331:Generated_Source\PSoC4/cyfitter_cfg.c **** 		/* Zero out critical memory blocks before beginning configuration */
 332:Generated_Source\PSoC4/cyfitter_cfg.c **** 		for (i = 0u; i < (sizeof(cfg_memset_list)/sizeof(cfg_memset_list[0])); i++)
 244              		.loc 1 332 0
 245 0094 0024     		movs	r4, #0
 246 0096 0FE0     		b	.L11
 247              	.LVL19:
 248              	.L12:
 249              	.LBB4:
 333:Generated_Source\PSoC4/cyfitter_cfg.c **** 		{
 334:Generated_Source\PSoC4/cyfitter_cfg.c **** 			const cfg_memset_t CYCODE * CYDATA ms = &cfg_memset_list[i];
 335:Generated_Source\PSoC4/cyfitter_cfg.c **** 			CYMEMZERO(ms->address, (size_t)(uint32)(ms->size));
 250              		.loc 1 335 0 discriminator 3
 251 0098 2548     		ldr	r0, .L13
 252 009a 6200     		lsls	r2, r4, #1
 253 009c 1319     		adds	r3, r2, r4
 254 009e 5900     		lsls	r1, r3, #1
 255 00a0 0B00     		movs	r3, r1
 256 00a2 4118     		adds	r1, r0, r1
 257 00a4 8988     		ldrh	r1, [r1, #4]
 258 00a6 1A5A     		ldrh	r2, [r3, r0]
 259 00a8 C318     		adds	r3, r0, r3
 260 00aa 5888     		ldrh	r0, [r3, #2]
 261 00ac 0004     		lsls	r0, r0, #16
 262 00ae 1043     		orrs	r0, r2
 263 00b0 FFF7FEFF 		bl	CYMEMZERO
 264              	.LVL20:
 265              	.LBE4:
 332:Generated_Source\PSoC4/cyfitter_cfg.c **** 		{
 266              		.loc 1 332 0 discriminator 3
 267 00b4 0134     		adds	r4, r4, #1
 268              	.LVL21:
 269 00b6 E4B2     		uxtb	r4, r4
 270              	.LVL22:
 271              	.L11:
 332:Generated_Source\PSoC4/cyfitter_cfg.c **** 		{
 272              		.loc 1 332 0 is_stmt 0 discriminator 1
 273 00b8 012C     		cmp	r4, #1
 274 00ba EDD9     		bls	.L12
 336:Generated_Source\PSoC4/cyfitter_cfg.c **** 		}
 337:Generated_Source\PSoC4/cyfitter_cfg.c **** 
 338:Generated_Source\PSoC4/cyfitter_cfg.c **** 		cfg_write_bytes32(cy_cfg_addr_table, cy_cfg_data_table);
 275              		.loc 1 338 0 is_stmt 1
 276 00bc 1C48     		ldr	r0, .L13
 277 00be 0100     		movs	r1, r0
 278 00c0 0C31     		adds	r1, r1, #12
 279 00c2 2030     		adds	r0, r0, #32
 280 00c4 FFF7FEFF 		bl	cfg_write_bytes32
 281              	.LVL23:
ARM GAS  C:\Users\jagumiel\AppData\Local\Temp\cckvpAGG.s 			page 12


 339:Generated_Source\PSoC4/cyfitter_cfg.c **** 
 340:Generated_Source\PSoC4/cyfitter_cfg.c **** 		/* HSIOM Starting address: CYDEV_HSIOM_BASE */
 341:Generated_Source\PSoC4/cyfitter_cfg.c **** 		CY_SET_REG32((void *)(CYREG_HSIOM_PORT_SEL1), 0x03000000u);
 282              		.loc 1 341 0
 283 00c8 C022     		movs	r2, #192
 284 00ca 9204     		lsls	r2, r2, #18
 285 00cc 194B     		ldr	r3, .L13+4
 286 00ce 1A60     		str	r2, [r3]
 342:Generated_Source\PSoC4/cyfitter_cfg.c **** 		CY_SET_REG32((void *)(CYREG_HSIOM_PORT_SEL3), 0x0000EEEEu);
 287              		.loc 1 342 0
 288 00d0 194A     		ldr	r2, .L13+8
 289 00d2 1A4B     		ldr	r3, .L13+12
 290 00d4 1A60     		str	r2, [r3]
 343:Generated_Source\PSoC4/cyfitter_cfg.c **** 
 344:Generated_Source\PSoC4/cyfitter_cfg.c **** 		/* UDB_PA_0 Starting address: CYDEV_UDB_PA0_BASE */
 345:Generated_Source\PSoC4/cyfitter_cfg.c **** 		CY_SET_REG32((void *)(CYDEV_UDB_PA0_BASE), 0x00990000u);
 291              		.loc 1 345 0
 292 00d6 9923     		movs	r3, #153
 293 00d8 1B04     		lsls	r3, r3, #16
 294 00da 194A     		ldr	r2, .L13+16
 295 00dc 1360     		str	r3, [r2]
 346:Generated_Source\PSoC4/cyfitter_cfg.c **** 		CY_SET_REG32((void *)(CYREG_UDB_PA0_CFG4), 0x80000000u);
 296              		.loc 1 346 0
 297 00de 8021     		movs	r1, #128
 298 00e0 0906     		lsls	r1, r1, #24
 299 00e2 184A     		ldr	r2, .L13+20
 300 00e4 1160     		str	r1, [r2]
 347:Generated_Source\PSoC4/cyfitter_cfg.c **** 
 348:Generated_Source\PSoC4/cyfitter_cfg.c **** 		/* UDB_PA_1 Starting address: CYDEV_UDB_PA1_BASE */
 349:Generated_Source\PSoC4/cyfitter_cfg.c **** 		CY_SET_REG32((void *)(CYDEV_UDB_PA1_BASE), 0x00990000u);
 301              		.loc 1 349 0
 302 00e6 184A     		ldr	r2, .L13+24
 303 00e8 1360     		str	r3, [r2]
 350:Generated_Source\PSoC4/cyfitter_cfg.c **** 		CY_SET_REG32((void *)(CYREG_UDB_PA1_CFG8), 0x20000000u);
 304              		.loc 1 350 0
 305 00ea 8021     		movs	r1, #128
 306 00ec 8905     		lsls	r1, r1, #22
 307 00ee 174A     		ldr	r2, .L13+28
 308 00f0 1160     		str	r1, [r2]
 351:Generated_Source\PSoC4/cyfitter_cfg.c **** 
 352:Generated_Source\PSoC4/cyfitter_cfg.c **** 		/* UDB_PA_3 Starting address: CYDEV_UDB_PA3_BASE */
 353:Generated_Source\PSoC4/cyfitter_cfg.c **** 		CY_SET_REG32((void *)(CYDEV_UDB_PA3_BASE), 0x00990000u);
 309              		.loc 1 353 0
 310 00f2 174A     		ldr	r2, .L13+32
 311 00f4 1360     		str	r3, [r2]
 354:Generated_Source\PSoC4/cyfitter_cfg.c **** 
 355:Generated_Source\PSoC4/cyfitter_cfg.c **** 		/* Enable digital routing */
 356:Generated_Source\PSoC4/cyfitter_cfg.c **** 		CY_SET_XTND_REG8((void *)CYREG_UDB_UDBIF_BANK_CTL, (uint8)(CY_GET_XTND_REG8((void *)CYREG_UDB_UDB
 312              		.loc 1 356 0
 313 00f6 174A     		ldr	r2, .L13+36
 314 00f8 1178     		ldrb	r1, [r2]
 315 00fa 0623     		movs	r3, #6
 316 00fc 0B43     		orrs	r3, r1
 317 00fe DBB2     		uxtb	r3, r3
 318 0100 1370     		strb	r3, [r2]
 319              	.LBE3:
 357:Generated_Source\PSoC4/cyfitter_cfg.c **** 	}
ARM GAS  C:\Users\jagumiel\AppData\Local\Temp\cckvpAGG.s 			page 13


 358:Generated_Source\PSoC4/cyfitter_cfg.c **** 
 359:Generated_Source\PSoC4/cyfitter_cfg.c **** 	/* Perform second pass device configuration. These items must be configured in specific order afte
 360:Generated_Source\PSoC4/cyfitter_cfg.c **** 	/* IOPINS0_0 Starting address: CYDEV_PRT0_BASE */
 361:Generated_Source\PSoC4/cyfitter_cfg.c **** 	CY_SET_REG32((void *)(CYDEV_PRT0_BASE), 0x0000008Cu);
 320              		.loc 1 361 0
 321 0102 8C22     		movs	r2, #140
 322 0104 144B     		ldr	r3, .L13+40
 323 0106 1A60     		str	r2, [r3]
 362:Generated_Source\PSoC4/cyfitter_cfg.c **** 	CY_SET_REG32((void *)(CYREG_PRT0_PC), 0x00400D80u);
 324              		.loc 1 362 0
 325 0108 144A     		ldr	r2, .L13+44
 326 010a 154B     		ldr	r3, .L13+48
 327 010c 1A60     		str	r2, [r3]
 363:Generated_Source\PSoC4/cyfitter_cfg.c **** 
 364:Generated_Source\PSoC4/cyfitter_cfg.c **** 	/* IOPINS0_1 Starting address: CYDEV_PRT1_BASE */
 365:Generated_Source\PSoC4/cyfitter_cfg.c **** 	CY_SET_REG32((void *)(CYDEV_PRT1_BASE), 0x00000040u);
 328              		.loc 1 365 0
 329 010e 4022     		movs	r2, #64
 330 0110 144B     		ldr	r3, .L13+52
 331 0112 1A60     		str	r2, [r3]
 366:Generated_Source\PSoC4/cyfitter_cfg.c **** 	CY_SET_REG32((void *)(CYREG_PRT1_PC), 0x00180000u);
 332              		.loc 1 366 0
 333 0114 C022     		movs	r2, #192
 334 0116 5203     		lsls	r2, r2, #13
 335 0118 134B     		ldr	r3, .L13+56
 336 011a 1A60     		str	r2, [r3]
 367:Generated_Source\PSoC4/cyfitter_cfg.c **** 
 368:Generated_Source\PSoC4/cyfitter_cfg.c **** 	/* IOPINS0_3 Starting address: CYDEV_PRT3_BASE */
 369:Generated_Source\PSoC4/cyfitter_cfg.c **** 	CY_SET_REG32((void *)(CYDEV_PRT3_BASE), 0x00000003u);
 337              		.loc 1 369 0
 338 011c 0322     		movs	r2, #3
 339 011e 134B     		ldr	r3, .L13+60
 340 0120 1A60     		str	r2, [r3]
 370:Generated_Source\PSoC4/cyfitter_cfg.c **** 	CY_SET_REG32((void *)(CYREG_PRT3_PC), 0x00000DA4u);
 341              		.loc 1 370 0
 342 0122 134A     		ldr	r2, .L13+64
 343 0124 134B     		ldr	r3, .L13+68
 344 0126 1A60     		str	r2, [r3]
 371:Generated_Source\PSoC4/cyfitter_cfg.c **** 
 372:Generated_Source\PSoC4/cyfitter_cfg.c **** 
 373:Generated_Source\PSoC4/cyfitter_cfg.c **** 	/* Setup clocks based on selections from Clock DWR */
 374:Generated_Source\PSoC4/cyfitter_cfg.c **** 	ClockSetup();
 345              		.loc 1 374 0
 346 0128 FFF76AFF 		bl	ClockSetup
 347              	.LVL24:
 375:Generated_Source\PSoC4/cyfitter_cfg.c **** 
 376:Generated_Source\PSoC4/cyfitter_cfg.c **** 	/* Perform basic analog initialization to defaults */
 377:Generated_Source\PSoC4/cyfitter_cfg.c **** 	AnalogSetDefault();
 378:Generated_Source\PSoC4/cyfitter_cfg.c **** 
 379:Generated_Source\PSoC4/cyfitter_cfg.c **** }
 348              		.loc 1 379 0
 349              		@ sp needed
 350              	.LVL25:
 351 012c 10BD     		pop	{r4, pc}
 352              	.L14:
 353 012e C046     		.align	2
 354              	.L13:
ARM GAS  C:\Users\jagumiel\AppData\Local\Temp\cckvpAGG.s 			page 14


 355 0130 00000000 		.word	.LANCHOR0
 356 0134 04000140 		.word	1073807364
 357 0138 EEEE0000 		.word	61166
 358 013c 0C000140 		.word	1073807372
 359 0140 00500F40 		.word	1074745344
 360 0144 04500F40 		.word	1074745348
 361 0148 10500F40 		.word	1074745360
 362 014c 18500F40 		.word	1074745368
 363 0150 30500F40 		.word	1074745392
 364 0154 00700F40 		.word	1074753536
 365 0158 00000440 		.word	1074003968
 366 015c 800D4000 		.word	4197760
 367 0160 08000440 		.word	1074003976
 368 0164 00010440 		.word	1074004224
 369 0168 08010440 		.word	1074004232
 370 016c 00030440 		.word	1074004736
 371 0170 A40D0000 		.word	3492
 372 0174 08030440 		.word	1074004744
 373              		.cfi_endproc
 374              	.LFE6:
 375              		.size	cyfitter_cfg, .-cyfitter_cfg
 376              		.section	.rodata
 377              		.align	2
 378              		.set	.LANCHOR0,. + 0
 379              		.type	cfg_memset_list.4870, %object
 380              		.size	cfg_memset_list.4870, 12
 381              	cfg_memset_list.4870:
 382 0000 00300F40 		.word	1074737152
 383 0004 0004     		.short	1024
 384 0006 00400F40 		.4byte	1074741248
 385 000a 0004     		.short	1024
 386              		.type	cy_cfg_data_table.4865, %object
 387              		.size	cy_cfg_data_table.4865, 20
 388              	cy_cfg_data_table.4865:
 389 000c E6       		.byte	-26
 390 000d 10       		.byte	16
 391 000e 62       		.byte	98
 392 000f 04       		.byte	4
 393 0010 8E       		.byte	-114
 394 0011 04       		.byte	4
 395 0012 D8       		.byte	-40
 396 0013 40       		.byte	64
 397 0014 18       		.byte	24
 398 0015 80       		.byte	-128
 399 0016 8C       		.byte	-116
 400 0017 40       		.byte	64
 401 0018 C6       		.byte	-58
 402 0019 08       		.byte	8
 403 001a E6       		.byte	-26
 404 001b 08       		.byte	8
 405 001c 02       		.byte	2
 406 001d 01       		.byte	1
 407 001e 11       		.byte	17
 408 001f 01       		.byte	1
 409              		.type	cy_cfg_addr_table.4864, %object
 410              		.size	cy_cfg_addr_table.4864, 16
 411              	cy_cfg_addr_table.4864:
ARM GAS  C:\Users\jagumiel\AppData\Local\Temp\cckvpAGG.s 			page 15


 412 0020 01330F40 		.word	1074737921
 413 0024 03410F40 		.word	1074741507
 414 0028 04430F40 		.word	1074742020
 415 002c 02600F40 		.word	1074749442
 416              		.text
 417              	.Letext0:
 418              		.file 2 "c:\\program files (x86)\\cypress\\psoc creator\\4.2\\psoc creator\\import\\gnu\\arm\\5.4.
 419              		.file 3 "Generated_Source\\PSoC4\\cytypes.h"
 420              		.file 4 "Generated_Source\\PSoC4\\CyLib.h"
 421              		.section	.debug_info,"",%progbits
 422              	.Ldebug_info0:
 423 0000 9C030000 		.4byte	0x39c
 424 0004 0400     		.2byte	0x4
 425 0006 00000000 		.4byte	.Ldebug_abbrev0
 426 000a 04       		.byte	0x4
 427 000b 01       		.uleb128 0x1
 428 000c 7A010000 		.4byte	.LASF39
 429 0010 0C       		.byte	0xc
 430 0011 A7020000 		.4byte	.LASF40
 431 0015 77000000 		.4byte	.LASF41
 432 0019 00000000 		.4byte	.Ldebug_ranges0+0
 433 001d 00000000 		.4byte	0
 434 0021 00000000 		.4byte	.Ldebug_line0
 435 0025 02       		.uleb128 0x2
 436 0026 04       		.byte	0x4
 437 0027 05       		.byte	0x5
 438 0028 696E7400 		.ascii	"int\000"
 439 002c 03       		.uleb128 0x3
 440 002d 06000000 		.4byte	.LASF12
 441 0031 02       		.byte	0x2
 442 0032 D8       		.byte	0xd8
 443 0033 37000000 		.4byte	0x37
 444 0037 04       		.uleb128 0x4
 445 0038 04       		.byte	0x4
 446 0039 07       		.byte	0x7
 447 003a 41010000 		.4byte	.LASF0
 448 003e 04       		.uleb128 0x4
 449 003f 08       		.byte	0x8
 450 0040 05       		.byte	0x5
 451 0041 3A020000 		.4byte	.LASF1
 452 0045 04       		.uleb128 0x4
 453 0046 08       		.byte	0x8
 454 0047 04       		.byte	0x4
 455 0048 8F020000 		.4byte	.LASF2
 456 004c 04       		.uleb128 0x4
 457 004d 01       		.byte	0x1
 458 004e 06       		.byte	0x6
 459 004f 9B020000 		.4byte	.LASF3
 460 0053 04       		.uleb128 0x4
 461 0054 01       		.byte	0x1
 462 0055 08       		.byte	0x8
 463 0056 E3000000 		.4byte	.LASF4
 464 005a 04       		.uleb128 0x4
 465 005b 02       		.byte	0x2
 466 005c 05       		.byte	0x5
 467 005d 67020000 		.4byte	.LASF5
 468 0061 04       		.uleb128 0x4
ARM GAS  C:\Users\jagumiel\AppData\Local\Temp\cckvpAGG.s 			page 16


 469 0062 02       		.byte	0x2
 470 0063 07       		.byte	0x7
 471 0064 27020000 		.4byte	.LASF6
 472 0068 04       		.uleb128 0x4
 473 0069 04       		.byte	0x4
 474 006a 05       		.byte	0x5
 475 006b 86020000 		.4byte	.LASF7
 476 006f 04       		.uleb128 0x4
 477 0070 04       		.byte	0x4
 478 0071 07       		.byte	0x7
 479 0072 C1000000 		.4byte	.LASF8
 480 0076 04       		.uleb128 0x4
 481 0077 08       		.byte	0x8
 482 0078 07       		.byte	0x7
 483 0079 63010000 		.4byte	.LASF9
 484 007d 04       		.uleb128 0x4
 485 007e 04       		.byte	0x4
 486 007f 07       		.byte	0x7
 487 0080 1E020000 		.4byte	.LASF10
 488 0084 05       		.uleb128 0x5
 489 0085 04       		.byte	0x4
 490 0086 04       		.uleb128 0x4
 491 0087 01       		.byte	0x1
 492 0088 08       		.byte	0x8
 493 0089 48020000 		.4byte	.LASF11
 494 008d 06       		.uleb128 0x6
 495 008e D3000000 		.4byte	.LASF13
 496 0092 03       		.byte	0x3
 497 0093 E401     		.2byte	0x1e4
 498 0095 53000000 		.4byte	0x53
 499 0099 06       		.uleb128 0x6
 500 009a 28010000 		.4byte	.LASF14
 501 009e 03       		.byte	0x3
 502 009f E501     		.2byte	0x1e5
 503 00a1 61000000 		.4byte	0x61
 504 00a5 06       		.uleb128 0x6
 505 00a6 3A010000 		.4byte	.LASF15
 506 00aa 03       		.byte	0x3
 507 00ab E601     		.2byte	0x1e6
 508 00ad 6F000000 		.4byte	0x6f
 509 00b1 04       		.uleb128 0x4
 510 00b2 04       		.byte	0x4
 511 00b3 04       		.byte	0x4
 512 00b4 57000000 		.4byte	.LASF16
 513 00b8 04       		.uleb128 0x4
 514 00b9 08       		.byte	0x8
 515 00ba 04       		.byte	0x4
 516 00bb F8000000 		.4byte	.LASF17
 517 00bf 06       		.uleb128 0x6
 518 00c0 72000000 		.4byte	.LASF18
 519 00c4 03       		.byte	0x3
 520 00c5 8E02     		.2byte	0x28e
 521 00c7 CB000000 		.4byte	0xcb
 522 00cb 07       		.uleb128 0x7
 523 00cc 8D000000 		.4byte	0x8d
 524 00d0 06       		.uleb128 0x6
 525 00d1 00000000 		.4byte	.LASF19
ARM GAS  C:\Users\jagumiel\AppData\Local\Temp\cckvpAGG.s 			page 17


 526 00d5 03       		.byte	0x3
 527 00d6 9002     		.2byte	0x290
 528 00d8 DC000000 		.4byte	0xdc
 529 00dc 07       		.uleb128 0x7
 530 00dd A5000000 		.4byte	0xa5
 531 00e1 08       		.uleb128 0x8
 532 00e2 02       		.byte	0x2
 533 00e3 01       		.byte	0x1
 534 00e4 97       		.byte	0x97
 535 00e5 02010000 		.4byte	0x102
 536 00e9 09       		.uleb128 0x9
 537 00ea 60020000 		.4byte	.LASF20
 538 00ee 01       		.byte	0x1
 539 00ef 99       		.byte	0x99
 540 00f0 8D000000 		.4byte	0x8d
 541 00f4 00       		.byte	0
 542 00f5 09       		.uleb128 0x9
 543 00f6 1C000000 		.4byte	.LASF21
 544 00fa 01       		.byte	0x1
 545 00fb 9A       		.byte	0x9a
 546 00fc 8D000000 		.4byte	0x8d
 547 0100 01       		.byte	0x1
 548 0101 00       		.byte	0
 549 0102 03       		.uleb128 0x3
 550 0103 4D020000 		.4byte	.LASF22
 551 0107 01       		.byte	0x1
 552 0108 9B       		.byte	0x9b
 553 0109 E1000000 		.4byte	0xe1
 554 010d 0A       		.uleb128 0xa
 555 010e FF000000 		.4byte	.LASF27
 556 0112 01       		.byte	0x1
 557 0113 AE       		.byte	0xae
 558 0114 00000000 		.4byte	.LFB3
 559 0118 32000000 		.4byte	.LFE3-.LFB3
 560 011c 01       		.uleb128 0x1
 561 011d 9C       		.byte	0x9c
 562 011e 7F010000 		.4byte	0x17f
 563 0122 0B       		.uleb128 0xb
 564 0123 1D010000 		.4byte	.LASF23
 565 0127 01       		.byte	0x1
 566 0128 AE       		.byte	0xae
 567 0129 7F010000 		.4byte	0x17f
 568 012d 01       		.uleb128 0x1
 569 012e 50       		.byte	0x50
 570 012f 0B       		.uleb128 0xb
 571 0130 2F010000 		.4byte	.LASF24
 572 0134 01       		.byte	0x1
 573 0135 AE       		.byte	0xae
 574 0136 8A010000 		.4byte	0x18a
 575 013a 01       		.uleb128 0x1
 576 013b 51       		.byte	0x51
 577 013c 0C       		.uleb128 0xc
 578 013d 6900     		.ascii	"i\000"
 579 013f 01       		.byte	0x1
 580 0140 B1       		.byte	0xb1
 581 0141 A5000000 		.4byte	0xa5
 582 0145 00000000 		.4byte	.LLST0
ARM GAS  C:\Users\jagumiel\AppData\Local\Temp\cckvpAGG.s 			page 18


 583 0149 0C       		.uleb128 0xc
 584 014a 6A00     		.ascii	"j\000"
 585 014c 01       		.byte	0x1
 586 014d B1       		.byte	0xb1
 587 014e A5000000 		.4byte	0xa5
 588 0152 1F000000 		.4byte	.LLST1
 589 0156 0D       		.uleb128 0xd
 590 0157 08000000 		.4byte	.LBB2
 591 015b 22000000 		.4byte	.LBE2-.LBB2
 592 015f 0E       		.uleb128 0xe
 593 0160 15020000 		.4byte	.LASF25
 594 0164 01       		.byte	0x1
 595 0165 B4       		.byte	0xb4
 596 0166 A5000000 		.4byte	0xa5
 597 016a 3E000000 		.4byte	.LLST2
 598 016e 0E       		.uleb128 0xe
 599 016f 22000000 		.4byte	.LASF26
 600 0173 01       		.byte	0x1
 601 0174 B5       		.byte	0xb5
 602 0175 8D000000 		.4byte	0x8d
 603 0179 51000000 		.4byte	.LLST3
 604 017d 00       		.byte	0
 605 017e 00       		.byte	0
 606 017f 0F       		.uleb128 0xf
 607 0180 04       		.byte	0x4
 608 0181 85010000 		.4byte	0x185
 609 0185 10       		.uleb128 0x10
 610 0186 A5000000 		.4byte	0xa5
 611 018a 0F       		.uleb128 0xf
 612 018b 04       		.byte	0x4
 613 018c 90010000 		.4byte	0x190
 614 0190 10       		.uleb128 0x10
 615 0191 02010000 		.4byte	0x102
 616 0195 0A       		.uleb128 0xa
 617 0196 D9000000 		.4byte	.LASF28
 618 019a 01       		.byte	0x1
 619 019b 4C       		.byte	0x4c
 620 019c 00000000 		.4byte	.LFB0
 621 01a0 0C000000 		.4byte	.LFE0-.LFB0
 622 01a4 01       		.uleb128 0x1
 623 01a5 9C       		.byte	0x9c
 624 01a6 E2010000 		.4byte	0x1e2
 625 01aa 11       		.uleb128 0x11
 626 01ab 7300     		.ascii	"s\000"
 627 01ad 01       		.byte	0x1
 628 01ae 4C       		.byte	0x4c
 629 01af 84000000 		.4byte	0x84
 630 01b3 6F000000 		.4byte	.LLST4
 631 01b7 11       		.uleb128 0x11
 632 01b8 6E00     		.ascii	"n\000"
 633 01ba 01       		.byte	0x1
 634 01bb 4C       		.byte	0x4c
 635 01bc 2C000000 		.4byte	0x2c
 636 01c0 90000000 		.4byte	.LLST5
 637 01c4 12       		.uleb128 0x12
 638 01c5 0A000000 		.4byte	.LVL14
 639 01c9 75030000 		.4byte	0x375
ARM GAS  C:\Users\jagumiel\AppData\Local\Temp\cckvpAGG.s 			page 19


 640 01cd 13       		.uleb128 0x13
 641 01ce 01       		.uleb128 0x1
 642 01cf 50       		.byte	0x50
 643 01d0 03       		.uleb128 0x3
 644 01d1 F3       		.byte	0xf3
 645 01d2 01       		.uleb128 0x1
 646 01d3 50       		.byte	0x50
 647 01d4 13       		.uleb128 0x13
 648 01d5 01       		.uleb128 0x1
 649 01d6 51       		.byte	0x51
 650 01d7 01       		.uleb128 0x1
 651 01d8 30       		.byte	0x30
 652 01d9 13       		.uleb128 0x13
 653 01da 01       		.uleb128 0x1
 654 01db 52       		.byte	0x52
 655 01dc 03       		.uleb128 0x3
 656 01dd F3       		.byte	0xf3
 657 01de 01       		.uleb128 0x1
 658 01df 51       		.byte	0x51
 659 01e0 00       		.byte	0
 660 01e1 00       		.byte	0
 661 01e2 0A       		.uleb128 0xa
 662 01e3 28000000 		.4byte	.LASF29
 663 01e7 01       		.byte	0x1
 664 01e8 D3       		.byte	0xd3
 665 01e9 00000000 		.4byte	.LFB4
 666 01ed 90000000 		.4byte	.LFE4-.LFB4
 667 01f1 01       		.uleb128 0x1
 668 01f2 9C       		.byte	0x9c
 669 01f3 2D020000 		.4byte	0x22d
 670 01f7 14       		.uleb128 0x14
 671 01f8 14000000 		.4byte	.LVL15
 672 01fc 7E030000 		.4byte	0x37e
 673 0200 0A020000 		.4byte	0x20a
 674 0204 13       		.uleb128 0x13
 675 0205 01       		.uleb128 0x1
 676 0206 50       		.byte	0x50
 677 0207 01       		.uleb128 0x1
 678 0208 48       		.byte	0x48
 679 0209 00       		.byte	0
 680 020a 14       		.uleb128 0x14
 681 020b 4E000000 		.4byte	.LVL16
 682 020f 89030000 		.4byte	0x389
 683 0213 1D020000 		.4byte	0x21d
 684 0217 13       		.uleb128 0x13
 685 0218 01       		.uleb128 0x1
 686 0219 50       		.byte	0x50
 687 021a 01       		.uleb128 0x1
 688 021b 39       		.byte	0x39
 689 021c 00       		.byte	0
 690 021d 12       		.uleb128 0x12
 691 021e 54000000 		.4byte	.LVL17
 692 0222 94030000 		.4byte	0x394
 693 0226 13       		.uleb128 0x13
 694 0227 01       		.uleb128 0x1
 695 0228 50       		.byte	0x50
 696 0229 01       		.uleb128 0x1
ARM GAS  C:\Users\jagumiel\AppData\Local\Temp\cckvpAGG.s 			page 20


 697 022a 39       		.byte	0x39
 698 022b 00       		.byte	0
 699 022c 00       		.byte	0
 700 022d 15       		.uleb128 0x15
 701 022e 4E010000 		.4byte	.LASF42
 702 0232 01       		.byte	0x1
 703 0233 2201     		.2byte	0x122
 704 0235 90000000 		.4byte	.LFB6
 705 0239 E8000000 		.4byte	.LFE6-.LFB6
 706 023d 01       		.uleb128 0x1
 707 023e 9C       		.byte	0x9c
 708 023f 4B030000 		.4byte	0x34b
 709 0243 16       		.uleb128 0x16
 710 0244 94000000 		.4byte	.LBB3
 711 0248 6E000000 		.4byte	.LBE3-.LBB3
 712 024c 41030000 		.4byte	0x341
 713 0250 17       		.uleb128 0x17
 714 0251 33000000 		.4byte	.LASF30
 715 0255 01       		.byte	0x1
 716 0256 2801     		.2byte	0x128
 717 0258 5B030000 		.4byte	0x35b
 718 025c 05       		.uleb128 0x5
 719 025d 03       		.byte	0x3
 720 025e 20000000 		.4byte	cy_cfg_addr_table.4864
 721 0262 17       		.uleb128 0x17
 722 0263 45000000 		.4byte	.LASF31
 723 0267 01       		.byte	0x1
 724 0268 2F01     		.2byte	0x12f
 725 026a 70030000 		.4byte	0x370
 726 026e 05       		.uleb128 0x5
 727 026f 03       		.byte	0x3
 728 0270 0C000000 		.4byte	cy_cfg_data_table.4865
 729 0274 18       		.uleb128 0x18
 730 0275 06       		.byte	0x6
 731 0276 01       		.byte	0x1
 732 0277 3E01     		.2byte	0x13e
 733 0279 98020000 		.4byte	0x298
 734 027d 19       		.uleb128 0x19
 735 027e 5B010000 		.4byte	.LASF32
 736 0282 01       		.byte	0x1
 737 0283 3F01     		.2byte	0x13f
 738 0285 84000000 		.4byte	0x84
 739 0289 00       		.byte	0
 740 028a 19       		.uleb128 0x19
 741 028b 6D000000 		.4byte	.LASF33
 742 028f 01       		.byte	0x1
 743 0290 4001     		.2byte	0x140
 744 0292 99000000 		.4byte	0x99
 745 0296 04       		.byte	0x4
 746 0297 00       		.byte	0
 747 0298 06       		.uleb128 0x6
 748 0299 08020000 		.4byte	.LASF34
 749 029d 01       		.byte	0x1
 750 029e 4101     		.2byte	0x141
 751 02a0 74020000 		.4byte	0x274
 752 02a4 1A       		.uleb128 0x1a
 753 02a5 B4020000 		.4byte	0x2b4
ARM GAS  C:\Users\jagumiel\AppData\Local\Temp\cckvpAGG.s 			page 21


 754 02a9 B4020000 		.4byte	0x2b4
 755 02ad 1B       		.uleb128 0x1b
 756 02ae 7D000000 		.4byte	0x7d
 757 02b2 01       		.byte	0x1
 758 02b3 00       		.byte	0
 759 02b4 10       		.uleb128 0x10
 760 02b5 98020000 		.4byte	0x298
 761 02b9 17       		.uleb128 0x17
 762 02ba 5D000000 		.4byte	.LASF35
 763 02be 01       		.byte	0x1
 764 02bf 4301     		.2byte	0x143
 765 02c1 CB020000 		.4byte	0x2cb
 766 02c5 05       		.uleb128 0x5
 767 02c6 03       		.byte	0x3
 768 02c7 00000000 		.4byte	cfg_memset_list.4870
 769 02cb 10       		.uleb128 0x10
 770 02cc A4020000 		.4byte	0x2a4
 771 02d0 1C       		.uleb128 0x1c
 772 02d1 6900     		.ascii	"i\000"
 773 02d3 01       		.byte	0x1
 774 02d4 4901     		.2byte	0x149
 775 02d6 8D000000 		.4byte	0x8d
 776 02da BC000000 		.4byte	.LLST6
 777 02de 16       		.uleb128 0x16
 778 02df 98000000 		.4byte	.LBB4
 779 02e3 1C000000 		.4byte	.LBE4-.LBB4
 780 02e7 24030000 		.4byte	0x324
 781 02eb 1C       		.uleb128 0x1c
 782 02ec 6D7300   		.ascii	"ms\000"
 783 02ef 01       		.byte	0x1
 784 02f0 4E01     		.2byte	0x14e
 785 02f2 FA020000 		.4byte	0x2fa
 786 02f6 E6000000 		.4byte	.LLST7
 787 02fa 0F       		.uleb128 0xf
 788 02fb 04       		.byte	0x4
 789 02fc B4020000 		.4byte	0x2b4
 790 0300 12       		.uleb128 0x12
 791 0301 B4000000 		.4byte	.LVL20
 792 0305 95010000 		.4byte	0x195
 793 0309 13       		.uleb128 0x13
 794 030a 01       		.uleb128 0x1
 795 030b 51       		.byte	0x51
 796 030c 15       		.uleb128 0x15
 797 030d 74       		.byte	0x74
 798 030e 00       		.sleb128 0
 799 030f 31       		.byte	0x31
 800 0310 24       		.byte	0x24
 801 0311 74       		.byte	0x74
 802 0312 00       		.sleb128 0
 803 0313 22       		.byte	0x22
 804 0314 31       		.byte	0x31
 805 0315 24       		.byte	0x24
 806 0316 03       		.byte	0x3
 807 0317 04000000 		.4byte	.LANCHOR0+4
 808 031b 22       		.byte	0x22
 809 031c 94       		.byte	0x94
 810 031d 02       		.byte	0x2
ARM GAS  C:\Users\jagumiel\AppData\Local\Temp\cckvpAGG.s 			page 22


 811 031e 0A       		.byte	0xa
 812 031f FFFF     		.2byte	0xffff
 813 0321 1A       		.byte	0x1a
 814 0322 00       		.byte	0
 815 0323 00       		.byte	0
 816 0324 12       		.uleb128 0x12
 817 0325 C8000000 		.4byte	.LVL23
 818 0329 0D010000 		.4byte	0x10d
 819 032d 13       		.uleb128 0x13
 820 032e 01       		.uleb128 0x1
 821 032f 50       		.byte	0x50
 822 0330 05       		.uleb128 0x5
 823 0331 03       		.byte	0x3
 824 0332 20000000 		.4byte	.LANCHOR0+32
 825 0336 13       		.uleb128 0x13
 826 0337 01       		.uleb128 0x1
 827 0338 51       		.byte	0x51
 828 0339 05       		.uleb128 0x5
 829 033a 03       		.byte	0x3
 830 033b 0C000000 		.4byte	.LANCHOR0+12
 831 033f 00       		.byte	0
 832 0340 00       		.byte	0
 833 0341 1D       		.uleb128 0x1d
 834 0342 2C010000 		.4byte	.LVL24
 835 0346 E2010000 		.4byte	0x1e2
 836 034a 00       		.byte	0
 837 034b 1A       		.uleb128 0x1a
 838 034c 85010000 		.4byte	0x185
 839 0350 5B030000 		.4byte	0x35b
 840 0354 1B       		.uleb128 0x1b
 841 0355 7D000000 		.4byte	0x7d
 842 0359 03       		.byte	0x3
 843 035a 00       		.byte	0
 844 035b 10       		.uleb128 0x10
 845 035c 4B030000 		.4byte	0x34b
 846 0360 1A       		.uleb128 0x1a
 847 0361 90010000 		.4byte	0x190
 848 0365 70030000 		.4byte	0x370
 849 0369 1B       		.uleb128 0x1b
 850 036a 7D000000 		.4byte	0x7d
 851 036e 09       		.byte	0x9
 852 036f 00       		.byte	0
 853 0370 10       		.uleb128 0x10
 854 0371 60030000 		.4byte	0x360
 855 0375 1E       		.uleb128 0x1e
 856 0376 F1000000 		.4byte	.LASF43
 857 037a F1000000 		.4byte	.LASF43
 858 037e 1F       		.uleb128 0x1f
 859 037f 71020000 		.4byte	.LASF36
 860 0383 71020000 		.4byte	.LASF36
 861 0387 04       		.byte	0x4
 862 0388 6C       		.byte	0x6c
 863 0389 1F       		.uleb128 0x1f
 864 038a 0D000000 		.4byte	.LASF37
 865 038e 0D000000 		.4byte	.LASF37
 866 0392 04       		.byte	0x4
 867 0393 BD       		.byte	0xbd
ARM GAS  C:\Users\jagumiel\AppData\Local\Temp\cckvpAGG.s 			page 23


 868 0394 1F       		.uleb128 0x1f
 869 0395 11010000 		.4byte	.LASF38
 870 0399 11010000 		.4byte	.LASF38
 871 039d 04       		.byte	0x4
 872 039e C3       		.byte	0xc3
 873 039f 00       		.byte	0
 874              		.section	.debug_abbrev,"",%progbits
 875              	.Ldebug_abbrev0:
 876 0000 01       		.uleb128 0x1
 877 0001 11       		.uleb128 0x11
 878 0002 01       		.byte	0x1
 879 0003 25       		.uleb128 0x25
 880 0004 0E       		.uleb128 0xe
 881 0005 13       		.uleb128 0x13
 882 0006 0B       		.uleb128 0xb
 883 0007 03       		.uleb128 0x3
 884 0008 0E       		.uleb128 0xe
 885 0009 1B       		.uleb128 0x1b
 886 000a 0E       		.uleb128 0xe
 887 000b 55       		.uleb128 0x55
 888 000c 17       		.uleb128 0x17
 889 000d 11       		.uleb128 0x11
 890 000e 01       		.uleb128 0x1
 891 000f 10       		.uleb128 0x10
 892 0010 17       		.uleb128 0x17
 893 0011 00       		.byte	0
 894 0012 00       		.byte	0
 895 0013 02       		.uleb128 0x2
 896 0014 24       		.uleb128 0x24
 897 0015 00       		.byte	0
 898 0016 0B       		.uleb128 0xb
 899 0017 0B       		.uleb128 0xb
 900 0018 3E       		.uleb128 0x3e
 901 0019 0B       		.uleb128 0xb
 902 001a 03       		.uleb128 0x3
 903 001b 08       		.uleb128 0x8
 904 001c 00       		.byte	0
 905 001d 00       		.byte	0
 906 001e 03       		.uleb128 0x3
 907 001f 16       		.uleb128 0x16
 908 0020 00       		.byte	0
 909 0021 03       		.uleb128 0x3
 910 0022 0E       		.uleb128 0xe
 911 0023 3A       		.uleb128 0x3a
 912 0024 0B       		.uleb128 0xb
 913 0025 3B       		.uleb128 0x3b
 914 0026 0B       		.uleb128 0xb
 915 0027 49       		.uleb128 0x49
 916 0028 13       		.uleb128 0x13
 917 0029 00       		.byte	0
 918 002a 00       		.byte	0
 919 002b 04       		.uleb128 0x4
 920 002c 24       		.uleb128 0x24
 921 002d 00       		.byte	0
 922 002e 0B       		.uleb128 0xb
 923 002f 0B       		.uleb128 0xb
 924 0030 3E       		.uleb128 0x3e
ARM GAS  C:\Users\jagumiel\AppData\Local\Temp\cckvpAGG.s 			page 24


 925 0031 0B       		.uleb128 0xb
 926 0032 03       		.uleb128 0x3
 927 0033 0E       		.uleb128 0xe
 928 0034 00       		.byte	0
 929 0035 00       		.byte	0
 930 0036 05       		.uleb128 0x5
 931 0037 0F       		.uleb128 0xf
 932 0038 00       		.byte	0
 933 0039 0B       		.uleb128 0xb
 934 003a 0B       		.uleb128 0xb
 935 003b 00       		.byte	0
 936 003c 00       		.byte	0
 937 003d 06       		.uleb128 0x6
 938 003e 16       		.uleb128 0x16
 939 003f 00       		.byte	0
 940 0040 03       		.uleb128 0x3
 941 0041 0E       		.uleb128 0xe
 942 0042 3A       		.uleb128 0x3a
 943 0043 0B       		.uleb128 0xb
 944 0044 3B       		.uleb128 0x3b
 945 0045 05       		.uleb128 0x5
 946 0046 49       		.uleb128 0x49
 947 0047 13       		.uleb128 0x13
 948 0048 00       		.byte	0
 949 0049 00       		.byte	0
 950 004a 07       		.uleb128 0x7
 951 004b 35       		.uleb128 0x35
 952 004c 00       		.byte	0
 953 004d 49       		.uleb128 0x49
 954 004e 13       		.uleb128 0x13
 955 004f 00       		.byte	0
 956 0050 00       		.byte	0
 957 0051 08       		.uleb128 0x8
 958 0052 13       		.uleb128 0x13
 959 0053 01       		.byte	0x1
 960 0054 0B       		.uleb128 0xb
 961 0055 0B       		.uleb128 0xb
 962 0056 3A       		.uleb128 0x3a
 963 0057 0B       		.uleb128 0xb
 964 0058 3B       		.uleb128 0x3b
 965 0059 0B       		.uleb128 0xb
 966 005a 01       		.uleb128 0x1
 967 005b 13       		.uleb128 0x13
 968 005c 00       		.byte	0
 969 005d 00       		.byte	0
 970 005e 09       		.uleb128 0x9
 971 005f 0D       		.uleb128 0xd
 972 0060 00       		.byte	0
 973 0061 03       		.uleb128 0x3
 974 0062 0E       		.uleb128 0xe
 975 0063 3A       		.uleb128 0x3a
 976 0064 0B       		.uleb128 0xb
 977 0065 3B       		.uleb128 0x3b
 978 0066 0B       		.uleb128 0xb
 979 0067 49       		.uleb128 0x49
 980 0068 13       		.uleb128 0x13
 981 0069 38       		.uleb128 0x38
ARM GAS  C:\Users\jagumiel\AppData\Local\Temp\cckvpAGG.s 			page 25


 982 006a 0B       		.uleb128 0xb
 983 006b 00       		.byte	0
 984 006c 00       		.byte	0
 985 006d 0A       		.uleb128 0xa
 986 006e 2E       		.uleb128 0x2e
 987 006f 01       		.byte	0x1
 988 0070 03       		.uleb128 0x3
 989 0071 0E       		.uleb128 0xe
 990 0072 3A       		.uleb128 0x3a
 991 0073 0B       		.uleb128 0xb
 992 0074 3B       		.uleb128 0x3b
 993 0075 0B       		.uleb128 0xb
 994 0076 27       		.uleb128 0x27
 995 0077 19       		.uleb128 0x19
 996 0078 11       		.uleb128 0x11
 997 0079 01       		.uleb128 0x1
 998 007a 12       		.uleb128 0x12
 999 007b 06       		.uleb128 0x6
 1000 007c 40       		.uleb128 0x40
 1001 007d 18       		.uleb128 0x18
 1002 007e 9742     		.uleb128 0x2117
 1003 0080 19       		.uleb128 0x19
 1004 0081 01       		.uleb128 0x1
 1005 0082 13       		.uleb128 0x13
 1006 0083 00       		.byte	0
 1007 0084 00       		.byte	0
 1008 0085 0B       		.uleb128 0xb
 1009 0086 05       		.uleb128 0x5
 1010 0087 00       		.byte	0
 1011 0088 03       		.uleb128 0x3
 1012 0089 0E       		.uleb128 0xe
 1013 008a 3A       		.uleb128 0x3a
 1014 008b 0B       		.uleb128 0xb
 1015 008c 3B       		.uleb128 0x3b
 1016 008d 0B       		.uleb128 0xb
 1017 008e 49       		.uleb128 0x49
 1018 008f 13       		.uleb128 0x13
 1019 0090 02       		.uleb128 0x2
 1020 0091 18       		.uleb128 0x18
 1021 0092 00       		.byte	0
 1022 0093 00       		.byte	0
 1023 0094 0C       		.uleb128 0xc
 1024 0095 34       		.uleb128 0x34
 1025 0096 00       		.byte	0
 1026 0097 03       		.uleb128 0x3
 1027 0098 08       		.uleb128 0x8
 1028 0099 3A       		.uleb128 0x3a
 1029 009a 0B       		.uleb128 0xb
 1030 009b 3B       		.uleb128 0x3b
 1031 009c 0B       		.uleb128 0xb
 1032 009d 49       		.uleb128 0x49
 1033 009e 13       		.uleb128 0x13
 1034 009f 02       		.uleb128 0x2
 1035 00a0 17       		.uleb128 0x17
 1036 00a1 00       		.byte	0
 1037 00a2 00       		.byte	0
 1038 00a3 0D       		.uleb128 0xd
ARM GAS  C:\Users\jagumiel\AppData\Local\Temp\cckvpAGG.s 			page 26


 1039 00a4 0B       		.uleb128 0xb
 1040 00a5 01       		.byte	0x1
 1041 00a6 11       		.uleb128 0x11
 1042 00a7 01       		.uleb128 0x1
 1043 00a8 12       		.uleb128 0x12
 1044 00a9 06       		.uleb128 0x6
 1045 00aa 00       		.byte	0
 1046 00ab 00       		.byte	0
 1047 00ac 0E       		.uleb128 0xe
 1048 00ad 34       		.uleb128 0x34
 1049 00ae 00       		.byte	0
 1050 00af 03       		.uleb128 0x3
 1051 00b0 0E       		.uleb128 0xe
 1052 00b1 3A       		.uleb128 0x3a
 1053 00b2 0B       		.uleb128 0xb
 1054 00b3 3B       		.uleb128 0x3b
 1055 00b4 0B       		.uleb128 0xb
 1056 00b5 49       		.uleb128 0x49
 1057 00b6 13       		.uleb128 0x13
 1058 00b7 02       		.uleb128 0x2
 1059 00b8 17       		.uleb128 0x17
 1060 00b9 00       		.byte	0
 1061 00ba 00       		.byte	0
 1062 00bb 0F       		.uleb128 0xf
 1063 00bc 0F       		.uleb128 0xf
 1064 00bd 00       		.byte	0
 1065 00be 0B       		.uleb128 0xb
 1066 00bf 0B       		.uleb128 0xb
 1067 00c0 49       		.uleb128 0x49
 1068 00c1 13       		.uleb128 0x13
 1069 00c2 00       		.byte	0
 1070 00c3 00       		.byte	0
 1071 00c4 10       		.uleb128 0x10
 1072 00c5 26       		.uleb128 0x26
 1073 00c6 00       		.byte	0
 1074 00c7 49       		.uleb128 0x49
 1075 00c8 13       		.uleb128 0x13
 1076 00c9 00       		.byte	0
 1077 00ca 00       		.byte	0
 1078 00cb 11       		.uleb128 0x11
 1079 00cc 05       		.uleb128 0x5
 1080 00cd 00       		.byte	0
 1081 00ce 03       		.uleb128 0x3
 1082 00cf 08       		.uleb128 0x8
 1083 00d0 3A       		.uleb128 0x3a
 1084 00d1 0B       		.uleb128 0xb
 1085 00d2 3B       		.uleb128 0x3b
 1086 00d3 0B       		.uleb128 0xb
 1087 00d4 49       		.uleb128 0x49
 1088 00d5 13       		.uleb128 0x13
 1089 00d6 02       		.uleb128 0x2
 1090 00d7 17       		.uleb128 0x17
 1091 00d8 00       		.byte	0
 1092 00d9 00       		.byte	0
 1093 00da 12       		.uleb128 0x12
 1094 00db 898201   		.uleb128 0x4109
 1095 00de 01       		.byte	0x1
ARM GAS  C:\Users\jagumiel\AppData\Local\Temp\cckvpAGG.s 			page 27


 1096 00df 11       		.uleb128 0x11
 1097 00e0 01       		.uleb128 0x1
 1098 00e1 31       		.uleb128 0x31
 1099 00e2 13       		.uleb128 0x13
 1100 00e3 00       		.byte	0
 1101 00e4 00       		.byte	0
 1102 00e5 13       		.uleb128 0x13
 1103 00e6 8A8201   		.uleb128 0x410a
 1104 00e9 00       		.byte	0
 1105 00ea 02       		.uleb128 0x2
 1106 00eb 18       		.uleb128 0x18
 1107 00ec 9142     		.uleb128 0x2111
 1108 00ee 18       		.uleb128 0x18
 1109 00ef 00       		.byte	0
 1110 00f0 00       		.byte	0
 1111 00f1 14       		.uleb128 0x14
 1112 00f2 898201   		.uleb128 0x4109
 1113 00f5 01       		.byte	0x1
 1114 00f6 11       		.uleb128 0x11
 1115 00f7 01       		.uleb128 0x1
 1116 00f8 31       		.uleb128 0x31
 1117 00f9 13       		.uleb128 0x13
 1118 00fa 01       		.uleb128 0x1
 1119 00fb 13       		.uleb128 0x13
 1120 00fc 00       		.byte	0
 1121 00fd 00       		.byte	0
 1122 00fe 15       		.uleb128 0x15
 1123 00ff 2E       		.uleb128 0x2e
 1124 0100 01       		.byte	0x1
 1125 0101 3F       		.uleb128 0x3f
 1126 0102 19       		.uleb128 0x19
 1127 0103 03       		.uleb128 0x3
 1128 0104 0E       		.uleb128 0xe
 1129 0105 3A       		.uleb128 0x3a
 1130 0106 0B       		.uleb128 0xb
 1131 0107 3B       		.uleb128 0x3b
 1132 0108 05       		.uleb128 0x5
 1133 0109 27       		.uleb128 0x27
 1134 010a 19       		.uleb128 0x19
 1135 010b 11       		.uleb128 0x11
 1136 010c 01       		.uleb128 0x1
 1137 010d 12       		.uleb128 0x12
 1138 010e 06       		.uleb128 0x6
 1139 010f 40       		.uleb128 0x40
 1140 0110 18       		.uleb128 0x18
 1141 0111 9742     		.uleb128 0x2117
 1142 0113 19       		.uleb128 0x19
 1143 0114 01       		.uleb128 0x1
 1144 0115 13       		.uleb128 0x13
 1145 0116 00       		.byte	0
 1146 0117 00       		.byte	0
 1147 0118 16       		.uleb128 0x16
 1148 0119 0B       		.uleb128 0xb
 1149 011a 01       		.byte	0x1
 1150 011b 11       		.uleb128 0x11
 1151 011c 01       		.uleb128 0x1
 1152 011d 12       		.uleb128 0x12
ARM GAS  C:\Users\jagumiel\AppData\Local\Temp\cckvpAGG.s 			page 28


 1153 011e 06       		.uleb128 0x6
 1154 011f 01       		.uleb128 0x1
 1155 0120 13       		.uleb128 0x13
 1156 0121 00       		.byte	0
 1157 0122 00       		.byte	0
 1158 0123 17       		.uleb128 0x17
 1159 0124 34       		.uleb128 0x34
 1160 0125 00       		.byte	0
 1161 0126 03       		.uleb128 0x3
 1162 0127 0E       		.uleb128 0xe
 1163 0128 3A       		.uleb128 0x3a
 1164 0129 0B       		.uleb128 0xb
 1165 012a 3B       		.uleb128 0x3b
 1166 012b 05       		.uleb128 0x5
 1167 012c 49       		.uleb128 0x49
 1168 012d 13       		.uleb128 0x13
 1169 012e 02       		.uleb128 0x2
 1170 012f 18       		.uleb128 0x18
 1171 0130 00       		.byte	0
 1172 0131 00       		.byte	0
 1173 0132 18       		.uleb128 0x18
 1174 0133 13       		.uleb128 0x13
 1175 0134 01       		.byte	0x1
 1176 0135 0B       		.uleb128 0xb
 1177 0136 0B       		.uleb128 0xb
 1178 0137 3A       		.uleb128 0x3a
 1179 0138 0B       		.uleb128 0xb
 1180 0139 3B       		.uleb128 0x3b
 1181 013a 05       		.uleb128 0x5
 1182 013b 01       		.uleb128 0x1
 1183 013c 13       		.uleb128 0x13
 1184 013d 00       		.byte	0
 1185 013e 00       		.byte	0
 1186 013f 19       		.uleb128 0x19
 1187 0140 0D       		.uleb128 0xd
 1188 0141 00       		.byte	0
 1189 0142 03       		.uleb128 0x3
 1190 0143 0E       		.uleb128 0xe
 1191 0144 3A       		.uleb128 0x3a
 1192 0145 0B       		.uleb128 0xb
 1193 0146 3B       		.uleb128 0x3b
 1194 0147 05       		.uleb128 0x5
 1195 0148 49       		.uleb128 0x49
 1196 0149 13       		.uleb128 0x13
 1197 014a 38       		.uleb128 0x38
 1198 014b 0B       		.uleb128 0xb
 1199 014c 00       		.byte	0
 1200 014d 00       		.byte	0
 1201 014e 1A       		.uleb128 0x1a
 1202 014f 01       		.uleb128 0x1
 1203 0150 01       		.byte	0x1
 1204 0151 49       		.uleb128 0x49
 1205 0152 13       		.uleb128 0x13
 1206 0153 01       		.uleb128 0x1
 1207 0154 13       		.uleb128 0x13
 1208 0155 00       		.byte	0
 1209 0156 00       		.byte	0
ARM GAS  C:\Users\jagumiel\AppData\Local\Temp\cckvpAGG.s 			page 29


 1210 0157 1B       		.uleb128 0x1b
 1211 0158 21       		.uleb128 0x21
 1212 0159 00       		.byte	0
 1213 015a 49       		.uleb128 0x49
 1214 015b 13       		.uleb128 0x13
 1215 015c 2F       		.uleb128 0x2f
 1216 015d 0B       		.uleb128 0xb
 1217 015e 00       		.byte	0
 1218 015f 00       		.byte	0
 1219 0160 1C       		.uleb128 0x1c
 1220 0161 34       		.uleb128 0x34
 1221 0162 00       		.byte	0
 1222 0163 03       		.uleb128 0x3
 1223 0164 08       		.uleb128 0x8
 1224 0165 3A       		.uleb128 0x3a
 1225 0166 0B       		.uleb128 0xb
 1226 0167 3B       		.uleb128 0x3b
 1227 0168 05       		.uleb128 0x5
 1228 0169 49       		.uleb128 0x49
 1229 016a 13       		.uleb128 0x13
 1230 016b 02       		.uleb128 0x2
 1231 016c 17       		.uleb128 0x17
 1232 016d 00       		.byte	0
 1233 016e 00       		.byte	0
 1234 016f 1D       		.uleb128 0x1d
 1235 0170 898201   		.uleb128 0x4109
 1236 0173 00       		.byte	0
 1237 0174 11       		.uleb128 0x11
 1238 0175 01       		.uleb128 0x1
 1239 0176 31       		.uleb128 0x31
 1240 0177 13       		.uleb128 0x13
 1241 0178 00       		.byte	0
 1242 0179 00       		.byte	0
 1243 017a 1E       		.uleb128 0x1e
 1244 017b 2E       		.uleb128 0x2e
 1245 017c 00       		.byte	0
 1246 017d 3F       		.uleb128 0x3f
 1247 017e 19       		.uleb128 0x19
 1248 017f 3C       		.uleb128 0x3c
 1249 0180 19       		.uleb128 0x19
 1250 0181 6E       		.uleb128 0x6e
 1251 0182 0E       		.uleb128 0xe
 1252 0183 03       		.uleb128 0x3
 1253 0184 0E       		.uleb128 0xe
 1254 0185 00       		.byte	0
 1255 0186 00       		.byte	0
 1256 0187 1F       		.uleb128 0x1f
 1257 0188 2E       		.uleb128 0x2e
 1258 0189 00       		.byte	0
 1259 018a 3F       		.uleb128 0x3f
 1260 018b 19       		.uleb128 0x19
 1261 018c 3C       		.uleb128 0x3c
 1262 018d 19       		.uleb128 0x19
 1263 018e 6E       		.uleb128 0x6e
 1264 018f 0E       		.uleb128 0xe
 1265 0190 03       		.uleb128 0x3
 1266 0191 0E       		.uleb128 0xe
ARM GAS  C:\Users\jagumiel\AppData\Local\Temp\cckvpAGG.s 			page 30


 1267 0192 3A       		.uleb128 0x3a
 1268 0193 0B       		.uleb128 0xb
 1269 0194 3B       		.uleb128 0x3b
 1270 0195 0B       		.uleb128 0xb
 1271 0196 00       		.byte	0
 1272 0197 00       		.byte	0
 1273 0198 00       		.byte	0
 1274              		.section	.debug_loc,"",%progbits
 1275              	.Ldebug_loc0:
 1276              	.LLST0:
 1277 0000 02000000 		.4byte	.LVL1
 1278 0004 08000000 		.4byte	.LVL2
 1279 0008 0200     		.2byte	0x2
 1280 000a 30       		.byte	0x30
 1281 000b 9F       		.byte	0x9f
 1282 000c 08000000 		.4byte	.LVL2
 1283 0010 30000000 		.4byte	.LVL11
 1284 0014 0100     		.2byte	0x1
 1285 0016 57       		.byte	0x57
 1286 0017 00000000 		.4byte	0
 1287 001b 00000000 		.4byte	0
 1288              	.LLST1:
 1289 001f 02000000 		.4byte	.LVL1
 1290 0023 08000000 		.4byte	.LVL2
 1291 0027 0200     		.2byte	0x2
 1292 0029 30       		.byte	0x30
 1293 002a 9F       		.byte	0x9f
 1294 002b 08000000 		.4byte	.LVL2
 1295 002f 30000000 		.4byte	.LVL10
 1296 0033 0100     		.2byte	0x1
 1297 0035 55       		.byte	0x55
 1298 0036 00000000 		.4byte	0
 1299 003a 00000000 		.4byte	0
 1300              	.LLST2:
 1301 003e 0C000000 		.4byte	.LVL3
 1302 0042 2C000000 		.4byte	.LVL9
 1303 0046 0100     		.2byte	0x1
 1304 0048 56       		.byte	0x56
 1305 0049 00000000 		.4byte	0
 1306 004d 00000000 		.4byte	0
 1307              	.LLST3:
 1308 0051 0E000000 		.4byte	.LVL4
 1309 0055 24000000 		.4byte	.LVL7
 1310 0059 0100     		.2byte	0x1
 1311 005b 53       		.byte	0x53
 1312 005c 26000000 		.4byte	.LVL8
 1313 0060 2C000000 		.4byte	.LVL9
 1314 0064 0100     		.2byte	0x1
 1315 0066 53       		.byte	0x53
 1316 0067 00000000 		.4byte	0
 1317 006b 00000000 		.4byte	0
 1318              	.LLST4:
 1319 006f 00000000 		.4byte	.LVL12
 1320 0073 09000000 		.4byte	.LVL14-1
 1321 0077 0100     		.2byte	0x1
 1322 0079 50       		.byte	0x50
 1323 007a 09000000 		.4byte	.LVL14-1
ARM GAS  C:\Users\jagumiel\AppData\Local\Temp\cckvpAGG.s 			page 31


 1324 007e 0C000000 		.4byte	.LFE0
 1325 0082 0400     		.2byte	0x4
 1326 0084 F3       		.byte	0xf3
 1327 0085 01       		.uleb128 0x1
 1328 0086 50       		.byte	0x50
 1329 0087 9F       		.byte	0x9f
 1330 0088 00000000 		.4byte	0
 1331 008c 00000000 		.4byte	0
 1332              	.LLST5:
 1333 0090 00000000 		.4byte	.LVL12
 1334 0094 06000000 		.4byte	.LVL13
 1335 0098 0100     		.2byte	0x1
 1336 009a 51       		.byte	0x51
 1337 009b 06000000 		.4byte	.LVL13
 1338 009f 09000000 		.4byte	.LVL14-1
 1339 00a3 0100     		.2byte	0x1
 1340 00a5 52       		.byte	0x52
 1341 00a6 09000000 		.4byte	.LVL14-1
 1342 00aa 0C000000 		.4byte	.LFE0
 1343 00ae 0400     		.2byte	0x4
 1344 00b0 F3       		.byte	0xf3
 1345 00b1 01       		.uleb128 0x1
 1346 00b2 51       		.byte	0x51
 1347 00b3 9F       		.byte	0x9f
 1348 00b4 00000000 		.4byte	0
 1349 00b8 00000000 		.4byte	0
 1350              	.LLST6:
 1351 00bc 94000000 		.4byte	.LVL18
 1352 00c0 98000000 		.4byte	.LVL19
 1353 00c4 0200     		.2byte	0x2
 1354 00c6 30       		.byte	0x30
 1355 00c7 9F       		.byte	0x9f
 1356 00c8 98000000 		.4byte	.LVL19
 1357 00cc B6000000 		.4byte	.LVL21
 1358 00d0 0100     		.2byte	0x1
 1359 00d2 54       		.byte	0x54
 1360 00d3 B8000000 		.4byte	.LVL22
 1361 00d7 2C010000 		.4byte	.LVL25
 1362 00db 0100     		.2byte	0x1
 1363 00dd 54       		.byte	0x54
 1364 00de 00000000 		.4byte	0
 1365 00e2 00000000 		.4byte	0
 1366              	.LLST7:
 1367 00e6 98000000 		.4byte	.LVL19
 1368 00ea B6000000 		.4byte	.LVL21
 1369 00ee 0B00     		.2byte	0xb
 1370 00f0 74       		.byte	0x74
 1371 00f1 00       		.sleb128 0
 1372 00f2 36       		.byte	0x36
 1373 00f3 1E       		.byte	0x1e
 1374 00f4 03       		.byte	0x3
 1375 00f5 00000000 		.4byte	cfg_memset_list.4870
 1376 00f9 22       		.byte	0x22
 1377 00fa 9F       		.byte	0x9f
 1378 00fb B6000000 		.4byte	.LVL21
 1379 00ff B8000000 		.4byte	.LVL22
 1380 0103 0B00     		.2byte	0xb
ARM GAS  C:\Users\jagumiel\AppData\Local\Temp\cckvpAGG.s 			page 32


 1381 0105 74       		.byte	0x74
 1382 0106 7F       		.sleb128 -1
 1383 0107 36       		.byte	0x36
 1384 0108 1E       		.byte	0x1e
 1385 0109 03       		.byte	0x3
 1386 010a 00000000 		.4byte	cfg_memset_list.4870
 1387 010e 22       		.byte	0x22
 1388 010f 9F       		.byte	0x9f
 1389 0110 00000000 		.4byte	0
 1390 0114 00000000 		.4byte	0
 1391              		.section	.debug_aranges,"",%progbits
 1392 0000 34000000 		.4byte	0x34
 1393 0004 0200     		.2byte	0x2
 1394 0006 00000000 		.4byte	.Ldebug_info0
 1395 000a 04       		.byte	0x4
 1396 000b 00       		.byte	0
 1397 000c 0000     		.2byte	0
 1398 000e 0000     		.2byte	0
 1399 0010 00000000 		.4byte	.LFB3
 1400 0014 32000000 		.4byte	.LFE3-.LFB3
 1401 0018 00000000 		.4byte	.LFB0
 1402 001c 0C000000 		.4byte	.LFE0-.LFB0
 1403 0020 00000000 		.4byte	.LFB4
 1404 0024 90000000 		.4byte	.LFE4-.LFB4
 1405 0028 90000000 		.4byte	.LFB6
 1406 002c E8000000 		.4byte	.LFE6-.LFB6
 1407 0030 00000000 		.4byte	0
 1408 0034 00000000 		.4byte	0
 1409              		.section	.debug_ranges,"",%progbits
 1410              	.Ldebug_ranges0:
 1411 0000 00000000 		.4byte	.LFB3
 1412 0004 32000000 		.4byte	.LFE3
 1413 0008 00000000 		.4byte	.LFB0
 1414 000c 0C000000 		.4byte	.LFE0
 1415 0010 00000000 		.4byte	.LFB4
 1416 0014 90000000 		.4byte	.LFE4
 1417 0018 90000000 		.4byte	.LFB6
 1418 001c 78010000 		.4byte	.LFE6
 1419 0020 00000000 		.4byte	0
 1420 0024 00000000 		.4byte	0
 1421              		.section	.debug_line,"",%progbits
 1422              	.Ldebug_line0:
 1423 0000 5F010000 		.section	.debug_str,"MS",%progbits,1
 1423      0200D600 
 1423      00000201 
 1423      FB0E0D00 
 1423      01010101 
 1424              	.LASF19:
 1425 0000 72656733 		.ascii	"reg32\000"
 1425      3200
 1426              	.LASF12:
 1427 0006 73697A65 		.ascii	"size_t\000"
 1427      5F7400
 1428              	.LASF37:
 1429 000d 4379496E 		.ascii	"CyIntSetVector\000"
 1429      74536574 
 1429      56656374 
ARM GAS  C:\Users\jagumiel\AppData\Local\Temp\cckvpAGG.s 			page 33


 1429      6F7200
 1430              	.LASF21:
 1431 001c 76616C75 		.ascii	"value\000"
 1431      6500
 1432              	.LASF26:
 1433 0022 636F756E 		.ascii	"count\000"
 1433      7400
 1434              	.LASF29:
 1435 0028 436C6F63 		.ascii	"ClockSetup\000"
 1435      6B536574 
 1435      757000
 1436              	.LASF30:
 1437 0033 63795F63 		.ascii	"cy_cfg_addr_table\000"
 1437      66675F61 
 1437      6464725F 
 1437      7461626C 
 1437      6500
 1438              	.LASF31:
 1439 0045 63795F63 		.ascii	"cy_cfg_data_table\000"
 1439      66675F64 
 1439      6174615F 
 1439      7461626C 
 1439      6500
 1440              	.LASF16:
 1441 0057 666C6F61 		.ascii	"float\000"
 1441      7400
 1442              	.LASF35:
 1443 005d 6366675F 		.ascii	"cfg_memset_list\000"
 1443      6D656D73 
 1443      65745F6C 
 1443      69737400 
 1444              	.LASF33:
 1445 006d 73697A65 		.ascii	"size\000"
 1445      00
 1446              	.LASF18:
 1447 0072 72656738 		.ascii	"reg8\000"
 1447      00
 1448              	.LASF41:
 1449 0077 443A5C55 		.ascii	"D:\\Users\\jagumiel\\Documents\\PSoC Creator\\PSoC-"
 1449      73657273 
 1449      5C6A6167 
 1449      756D6965 
 1449      6C5C446F 
 1450 00a5 3130315C 		.ascii	"101\\PSoC-101\\Lesson11.cydsn\000"
 1450      50536F43 
 1450      2D313031 
 1450      5C4C6573 
 1450      736F6E31 
 1451              	.LASF8:
 1452 00c1 6C6F6E67 		.ascii	"long unsigned int\000"
 1452      20756E73 
 1452      69676E65 
 1452      6420696E 
 1452      7400
 1453              	.LASF13:
 1454 00d3 75696E74 		.ascii	"uint8\000"
 1454      3800
ARM GAS  C:\Users\jagumiel\AppData\Local\Temp\cckvpAGG.s 			page 34


 1455              	.LASF28:
 1456 00d9 43594D45 		.ascii	"CYMEMZERO\000"
 1456      4D5A4552 
 1456      4F00
 1457              	.LASF4:
 1458 00e3 756E7369 		.ascii	"unsigned char\000"
 1458      676E6564 
 1458      20636861 
 1458      7200
 1459              	.LASF43:
 1460 00f1 6D656D73 		.ascii	"memset\000"
 1460      657400
 1461              	.LASF17:
 1462 00f8 646F7562 		.ascii	"double\000"
 1462      6C6500
 1463              	.LASF27:
 1464 00ff 6366675F 		.ascii	"cfg_write_bytes32\000"
 1464      77726974 
 1464      655F6279 
 1464      74657333 
 1464      3200
 1465              	.LASF38:
 1466 0111 4379496E 		.ascii	"CyIntEnable\000"
 1466      74456E61 
 1466      626C6500 
 1467              	.LASF23:
 1468 011d 61646472 		.ascii	"addr_table\000"
 1468      5F746162 
 1468      6C6500
 1469              	.LASF14:
 1470 0128 75696E74 		.ascii	"uint16\000"
 1470      313600
 1471              	.LASF24:
 1472 012f 64617461 		.ascii	"data_table\000"
 1472      5F746162 
 1472      6C6500
 1473              	.LASF15:
 1474 013a 75696E74 		.ascii	"uint32\000"
 1474      333200
 1475              	.LASF0:
 1476 0141 756E7369 		.ascii	"unsigned int\000"
 1476      676E6564 
 1476      20696E74 
 1476      00
 1477              	.LASF42:
 1478 014e 63796669 		.ascii	"cyfitter_cfg\000"
 1478      74746572 
 1478      5F636667 
 1478      00
 1479              	.LASF32:
 1480 015b 61646472 		.ascii	"address\000"
 1480      65737300 
 1481              	.LASF9:
 1482 0163 6C6F6E67 		.ascii	"long long unsigned int\000"
 1482      206C6F6E 
 1482      6720756E 
 1482      7369676E 
ARM GAS  C:\Users\jagumiel\AppData\Local\Temp\cckvpAGG.s 			page 35


 1482      65642069 
 1483              	.LASF39:
 1484 017a 474E5520 		.ascii	"GNU C11 5.4.1 20160609 (release) [ARM/embedded-5-br"
 1484      43313120 
 1484      352E342E 
 1484      31203230 
 1484      31363036 
 1485 01ad 616E6368 		.ascii	"anch revision 237715] -mcpu=cortex-m0 -mthumb -g -O"
 1485      20726576 
 1485      6973696F 
 1485      6E203233 
 1485      37373135 
 1486 01e0 67202D66 		.ascii	"g -ffunction-sections -ffat-lto-objects\000"
 1486      66756E63 
 1486      74696F6E 
 1486      2D736563 
 1486      74696F6E 
 1487              	.LASF34:
 1488 0208 6366675F 		.ascii	"cfg_memset_t\000"
 1488      6D656D73 
 1488      65745F74 
 1488      00
 1489              	.LASF25:
 1490 0215 62617365 		.ascii	"baseAddr\000"
 1490      41646472 
 1490      00
 1491              	.LASF10:
 1492 021e 73697A65 		.ascii	"sizetype\000"
 1492      74797065 
 1492      00
 1493              	.LASF6:
 1494 0227 73686F72 		.ascii	"short unsigned int\000"
 1494      7420756E 
 1494      7369676E 
 1494      65642069 
 1494      6E7400
 1495              	.LASF1:
 1496 023a 6C6F6E67 		.ascii	"long long int\000"
 1496      206C6F6E 
 1496      6720696E 
 1496      7400
 1497              	.LASF11:
 1498 0248 63686172 		.ascii	"char\000"
 1498      00
 1499              	.LASF22:
 1500 024d 63795F63 		.ascii	"cy_cfg_addrvalue_t\000"
 1500      66675F61 
 1500      64647276 
 1500      616C7565 
 1500      5F7400
 1501              	.LASF20:
 1502 0260 6F666673 		.ascii	"offset\000"
 1502      657400
 1503              	.LASF5:
 1504 0267 73686F72 		.ascii	"short int\000"
 1504      7420696E 
 1504      7400
ARM GAS  C:\Users\jagumiel\AppData\Local\Temp\cckvpAGG.s 			page 36


 1505              	.LASF36:
 1506 0271 43795379 		.ascii	"CySysClkWriteImoFreq\000"
 1506      73436C6B 
 1506      57726974 
 1506      65496D6F 
 1506      46726571 
 1507              	.LASF7:
 1508 0286 6C6F6E67 		.ascii	"long int\000"
 1508      20696E74 
 1508      00
 1509              	.LASF2:
 1510 028f 6C6F6E67 		.ascii	"long double\000"
 1510      20646F75 
 1510      626C6500 
 1511              	.LASF3:
 1512 029b 7369676E 		.ascii	"signed char\000"
 1512      65642063 
 1512      68617200 
 1513              	.LASF40:
 1514 02a7 47656E65 		.ascii	"Generated_Source\\PSoC4\\cyfitter_cfg.c\000"
 1514      72617465 
 1514      645F536F 
 1514      75726365 
 1514      5C50536F 
 1515              		.ident	"GCC: (GNU Tools for ARM Embedded Processors) 5.4.1 20160609 (release) [ARM/embedded-5-bran
