ARM GAS  C:\Users\jagumiel\AppData\Local\Temp\cc7a5geW.s 			page 1


   1              		.syntax unified
   2              		.cpu cortex-m0
   3              		.fpu softvfp
   4              		.eabi_attribute 20, 1
   5              		.eabi_attribute 21, 1
   6              		.eabi_attribute 23, 3
   7              		.eabi_attribute 24, 1
   8              		.eabi_attribute 25, 1
   9              		.eabi_attribute 26, 1
  10              		.eabi_attribute 30, 1
  11              		.eabi_attribute 34, 0
  12              		.eabi_attribute 18, 4
  13              		.thumb
  14              		.syntax unified
  15              		.file	"I2C_EZI2C.c"
  16              		.text
  17              	.Ltext0:
  18              		.cfi_sections	.debug_frame
  19              		.section	.text.I2C_EzI2CInit,"ax",%progbits
  20              		.align	2
  21              		.global	I2C_EzI2CInit
  22              		.code	16
  23              		.thumb_func
  24              		.type	I2C_EzI2CInit, %function
  25              	I2C_EzI2CInit:
  26              	.LFB0:
  27              		.file 1 "Generated_Source\\PSoC4\\I2C_EZI2C.c"
   1:Generated_Source\PSoC4/I2C_EZI2C.c **** /***************************************************************************//**
   2:Generated_Source\PSoC4/I2C_EZI2C.c **** * \file I2C_EZI2C.c
   3:Generated_Source\PSoC4/I2C_EZI2C.c **** * \version 4.0
   4:Generated_Source\PSoC4/I2C_EZI2C.c **** *
   5:Generated_Source\PSoC4/I2C_EZI2C.c **** * \brief
   6:Generated_Source\PSoC4/I2C_EZI2C.c **** *  This file provides the source code to the API for the SCB Component in
   7:Generated_Source\PSoC4/I2C_EZI2C.c **** *  EZI2C mode.
   8:Generated_Source\PSoC4/I2C_EZI2C.c **** *
   9:Generated_Source\PSoC4/I2C_EZI2C.c **** * Note:
  10:Generated_Source\PSoC4/I2C_EZI2C.c **** *
  11:Generated_Source\PSoC4/I2C_EZI2C.c **** *******************************************************************************
  12:Generated_Source\PSoC4/I2C_EZI2C.c **** * \copyright
  13:Generated_Source\PSoC4/I2C_EZI2C.c **** * Copyright 2013-2017, Cypress Semiconductor Corporation.  All rights reserved.
  14:Generated_Source\PSoC4/I2C_EZI2C.c **** * You may use this file only in accordance with the license, terms, conditions,
  15:Generated_Source\PSoC4/I2C_EZI2C.c **** * disclaimers, and limitations in the end user license agreement accompanying
  16:Generated_Source\PSoC4/I2C_EZI2C.c **** * the software package with which this file was provided.
  17:Generated_Source\PSoC4/I2C_EZI2C.c **** *******************************************************************************/
  18:Generated_Source\PSoC4/I2C_EZI2C.c **** 
  19:Generated_Source\PSoC4/I2C_EZI2C.c **** #include "I2C_PVT.h"
  20:Generated_Source\PSoC4/I2C_EZI2C.c **** #include "I2C_EZI2C_PVT.h"
  21:Generated_Source\PSoC4/I2C_EZI2C.c **** 
  22:Generated_Source\PSoC4/I2C_EZI2C.c **** 
  23:Generated_Source\PSoC4/I2C_EZI2C.c **** /***************************************
  24:Generated_Source\PSoC4/I2C_EZI2C.c **** *      EZI2C Private Vars
  25:Generated_Source\PSoC4/I2C_EZI2C.c **** ***************************************/
  26:Generated_Source\PSoC4/I2C_EZI2C.c **** 
  27:Generated_Source\PSoC4/I2C_EZI2C.c **** volatile uint8 I2C_curStatus; /* Status byte */
  28:Generated_Source\PSoC4/I2C_EZI2C.c **** uint8 I2C_fsmState;           /* FSM state   */
  29:Generated_Source\PSoC4/I2C_EZI2C.c **** 
  30:Generated_Source\PSoC4/I2C_EZI2C.c **** /* Variables intended to be used with Buffer 1: Primary slave address */
ARM GAS  C:\Users\jagumiel\AppData\Local\Temp\cc7a5geW.s 			page 2


  31:Generated_Source\PSoC4/I2C_EZI2C.c **** volatile uint8 * I2C_dataBuffer1; /* Pointer to data buffer 1 */
  32:Generated_Source\PSoC4/I2C_EZI2C.c **** uint16 I2C_bufSizeBuf1;           /* Size of buffer 1 in bytes      */
  33:Generated_Source\PSoC4/I2C_EZI2C.c **** uint16 I2C_protectBuf1;           /* Start index of write protected area buffer 1 */
  34:Generated_Source\PSoC4/I2C_EZI2C.c **** uint8 I2C_offsetBuf1; /* Current offset within buffer 1 */
  35:Generated_Source\PSoC4/I2C_EZI2C.c **** uint16 I2C_indexBuf1;             /* Current index within buffer 1  */
  36:Generated_Source\PSoC4/I2C_EZI2C.c **** 
  37:Generated_Source\PSoC4/I2C_EZI2C.c **** #if(I2C_SECONDARY_ADDRESS_ENABLE_CONST)
  38:Generated_Source\PSoC4/I2C_EZI2C.c ****     uint8 I2C_addrBuf1; /* Primary slave address. Used for software comparison   */
  39:Generated_Source\PSoC4/I2C_EZI2C.c ****     uint8 I2C_addrBuf2; /* Secondary slave address. Used for software comparison */
  40:Generated_Source\PSoC4/I2C_EZI2C.c **** 
  41:Generated_Source\PSoC4/I2C_EZI2C.c ****     /* Variables intended to be used with Buffer 2: Primary slave address */
  42:Generated_Source\PSoC4/I2C_EZI2C.c ****     volatile uint8 * I2C_dataBuffer2; /* Pointer to data buffer 2 */
  43:Generated_Source\PSoC4/I2C_EZI2C.c ****     uint16 I2C_bufSizeBuf2;           /* Size of buffer 2 in bytes */
  44:Generated_Source\PSoC4/I2C_EZI2C.c ****     uint16 I2C_protectBuf2;           /* Start index of write protected area buffer 2 */
  45:Generated_Source\PSoC4/I2C_EZI2C.c ****     uint8 I2C_offsetBuf2; /* Current offset within buffer 2 */
  46:Generated_Source\PSoC4/I2C_EZI2C.c ****     uint16 I2C_indexBuf2;             /* Current index within buffer 2 */
  47:Generated_Source\PSoC4/I2C_EZI2C.c **** #endif /* (I2C_SECONDARY_ADDRESS_ENABLE_CONST) */
  48:Generated_Source\PSoC4/I2C_EZI2C.c **** 
  49:Generated_Source\PSoC4/I2C_EZI2C.c **** 
  50:Generated_Source\PSoC4/I2C_EZI2C.c **** /***************************************
  51:Generated_Source\PSoC4/I2C_EZI2C.c **** *      EZI2C Private Functions
  52:Generated_Source\PSoC4/I2C_EZI2C.c **** ***************************************/
  53:Generated_Source\PSoC4/I2C_EZI2C.c **** 
  54:Generated_Source\PSoC4/I2C_EZI2C.c **** #if(I2C_SECONDARY_ADDRESS_ENABLE_CONST)
  55:Generated_Source\PSoC4/I2C_EZI2C.c ****     static uint32 I2C_EzI2CUpdateRxMatchReg(uint32 addr1, uint32 addr2);
  56:Generated_Source\PSoC4/I2C_EZI2C.c **** #endif /* (I2C_SECONDARY_ADDRESS_ENABLE_CONST) */
  57:Generated_Source\PSoC4/I2C_EZI2C.c **** 
  58:Generated_Source\PSoC4/I2C_EZI2C.c **** #if(I2C_SCB_MODE_UNCONFIG_CONST_CFG)
  59:Generated_Source\PSoC4/I2C_EZI2C.c **** 
  60:Generated_Source\PSoC4/I2C_EZI2C.c ****     /***************************************
  61:Generated_Source\PSoC4/I2C_EZI2C.c ****     *  Configuration Structure Initialization
  62:Generated_Source\PSoC4/I2C_EZI2C.c ****     ***************************************/
  63:Generated_Source\PSoC4/I2C_EZI2C.c **** 
  64:Generated_Source\PSoC4/I2C_EZI2C.c ****     /* Constant configuration of EZI2C */
  65:Generated_Source\PSoC4/I2C_EZI2C.c ****     const I2C_EZI2C_INIT_STRUCT I2C_configEzI2C =
  66:Generated_Source\PSoC4/I2C_EZI2C.c ****     {
  67:Generated_Source\PSoC4/I2C_EZI2C.c ****         I2C_EZI2C_CLOCK_STRETCHING,
  68:Generated_Source\PSoC4/I2C_EZI2C.c ****         I2C_EZI2C_MEDIAN_FILTER_ENABLE,
  69:Generated_Source\PSoC4/I2C_EZI2C.c ****         I2C_EZI2C_NUMBER_OF_ADDRESSES,
  70:Generated_Source\PSoC4/I2C_EZI2C.c ****         I2C_EZI2C_PRIMARY_SLAVE_ADDRESS,
  71:Generated_Source\PSoC4/I2C_EZI2C.c ****         I2C_EZI2C_SECONDARY_SLAVE_ADDRESS,
  72:Generated_Source\PSoC4/I2C_EZI2C.c ****         I2C_EZI2C_SUB_ADDRESS_SIZE,
  73:Generated_Source\PSoC4/I2C_EZI2C.c ****         I2C_EZI2C_WAKE_ENABLE,
  74:Generated_Source\PSoC4/I2C_EZI2C.c ****         I2C_EZI2C_BYTE_MODE_ENABLE
  75:Generated_Source\PSoC4/I2C_EZI2C.c ****     };
  76:Generated_Source\PSoC4/I2C_EZI2C.c **** 
  77:Generated_Source\PSoC4/I2C_EZI2C.c ****     /*******************************************************************************
  78:Generated_Source\PSoC4/I2C_EZI2C.c ****     * Function Name: I2C_EzI2CInit
  79:Generated_Source\PSoC4/I2C_EZI2C.c ****     ****************************************************************************//**
  80:Generated_Source\PSoC4/I2C_EZI2C.c ****     *
  81:Generated_Source\PSoC4/I2C_EZI2C.c ****     *  Configures the I2C for EZI2C operation.
  82:Generated_Source\PSoC4/I2C_EZI2C.c ****     *
  83:Generated_Source\PSoC4/I2C_EZI2C.c ****     *  This function is intended specifically to be used when the I2C 
  84:Generated_Source\PSoC4/I2C_EZI2C.c ****     *  configuration is set to “Unconfigured I2C” in the customizer. 
  85:Generated_Source\PSoC4/I2C_EZI2C.c ****     *  After initializing the I2C in EZI2C mode using this function, 
  86:Generated_Source\PSoC4/I2C_EZI2C.c ****     *  the component can be enabled using the I2C_Start() or 
  87:Generated_Source\PSoC4/I2C_EZI2C.c ****     * I2C_Enable() function.
ARM GAS  C:\Users\jagumiel\AppData\Local\Temp\cc7a5geW.s 			page 3


  88:Generated_Source\PSoC4/I2C_EZI2C.c ****     *  This function uses a pointer to a structure that provides the configuration 
  89:Generated_Source\PSoC4/I2C_EZI2C.c ****     *  settings. This structure contains the same information that would otherwise 
  90:Generated_Source\PSoC4/I2C_EZI2C.c ****     *  be provided by the customizer settings.
  91:Generated_Source\PSoC4/I2C_EZI2C.c ****     *
  92:Generated_Source\PSoC4/I2C_EZI2C.c ****     * \param config: pointer to a structure that contains the following list of 
  93:Generated_Source\PSoC4/I2C_EZI2C.c ****     *  fields. These fields match the selections available in the customizer. 
  94:Generated_Source\PSoC4/I2C_EZI2C.c ****     *  Refer to the customizer for further description of the settings.
  95:Generated_Source\PSoC4/I2C_EZI2C.c ****     *
  96:Generated_Source\PSoC4/I2C_EZI2C.c ****     *******************************************************************************/
  97:Generated_Source\PSoC4/I2C_EZI2C.c ****     void I2C_EzI2CInit(const I2C_EZI2C_INIT_STRUCT *config)
  98:Generated_Source\PSoC4/I2C_EZI2C.c ****     {
  99:Generated_Source\PSoC4/I2C_EZI2C.c ****         if(NULL == config)
 100:Generated_Source\PSoC4/I2C_EZI2C.c ****         {
 101:Generated_Source\PSoC4/I2C_EZI2C.c ****             CYASSERT(0u != 0u); /* Halt execution due to bad function parameter */
 102:Generated_Source\PSoC4/I2C_EZI2C.c ****         }
 103:Generated_Source\PSoC4/I2C_EZI2C.c ****         else
 104:Generated_Source\PSoC4/I2C_EZI2C.c ****         {
 105:Generated_Source\PSoC4/I2C_EZI2C.c ****             /* Configure pins */
 106:Generated_Source\PSoC4/I2C_EZI2C.c ****             I2C_SetPins(I2C_SCB_MODE_EZI2C, I2C_DUMMY_PARAM,
 107:Generated_Source\PSoC4/I2C_EZI2C.c ****                                                                       I2C_DUMMY_PARAM);
 108:Generated_Source\PSoC4/I2C_EZI2C.c **** 
 109:Generated_Source\PSoC4/I2C_EZI2C.c ****             /* Store internal configuration */
 110:Generated_Source\PSoC4/I2C_EZI2C.c ****             I2C_scbMode       = (uint8) I2C_SCB_MODE_EZI2C;
 111:Generated_Source\PSoC4/I2C_EZI2C.c ****             I2C_scbEnableWake = (uint8) config->enableWake;
 112:Generated_Source\PSoC4/I2C_EZI2C.c ****             I2C_scbEnableIntr = (uint8) I2C_SCB_IRQ_INTERNAL;
 113:Generated_Source\PSoC4/I2C_EZI2C.c **** 
 114:Generated_Source\PSoC4/I2C_EZI2C.c ****             I2C_numberOfAddr  = (uint8) config->numberOfAddresses;
 115:Generated_Source\PSoC4/I2C_EZI2C.c ****             I2C_subAddrSize   = (uint8) config->subAddrSize;
 116:Generated_Source\PSoC4/I2C_EZI2C.c **** 
 117:Generated_Source\PSoC4/I2C_EZI2C.c ****         #if (I2C_CY_SCBIP_V0)
 118:Generated_Source\PSoC4/I2C_EZI2C.c ****             /* Adjust SDA filter settings. Ticket ID#150521 */
 119:Generated_Source\PSoC4/I2C_EZI2C.c ****             I2C_SET_I2C_CFG_SDA_FILT_TRIM(I2C_EC_AM_I2C_CFG_SDA_FILT_TRIM);
 120:Generated_Source\PSoC4/I2C_EZI2C.c ****         #endif /* (I2C_CY_SCBIP_V0) */
 121:Generated_Source\PSoC4/I2C_EZI2C.c **** 
 122:Generated_Source\PSoC4/I2C_EZI2C.c ****             /* Adjust AF and DF filter settings, AF = 1, DF = 0. Ticket ID#176179 */
 123:Generated_Source\PSoC4/I2C_EZI2C.c ****             I2C_I2C_CFG_ANALOG_FITER_ENABLE;
 124:Generated_Source\PSoC4/I2C_EZI2C.c **** 
 125:Generated_Source\PSoC4/I2C_EZI2C.c ****             /* Configure I2C interface */
 126:Generated_Source\PSoC4/I2C_EZI2C.c ****             I2C_CTRL_REG     = I2C_GET_CTRL_BYTE_MODE  (config->enableByteMode)    |
 127:Generated_Source\PSoC4/I2C_EZI2C.c ****                                             I2C_GET_CTRL_ADDR_ACCEPT(config->numberOfAddresses) |
 128:Generated_Source\PSoC4/I2C_EZI2C.c ****                                             I2C_GET_CTRL_EC_AM_MODE (config->enableWake);
 129:Generated_Source\PSoC4/I2C_EZI2C.c **** 
 130:Generated_Source\PSoC4/I2C_EZI2C.c ****             I2C_I2C_CTRL_REG = I2C_EZI2C_CTRL;
 131:Generated_Source\PSoC4/I2C_EZI2C.c **** 
 132:Generated_Source\PSoC4/I2C_EZI2C.c ****             /* Configure RX direction */
 133:Generated_Source\PSoC4/I2C_EZI2C.c ****             I2C_RX_CTRL_REG = I2C_EZI2C_RX_CTRL |
 134:Generated_Source\PSoC4/I2C_EZI2C.c ****                                         I2C_GET_RX_CTRL_MEDIAN(I2C_DIGITAL_FILTER_DISABLE);
 135:Generated_Source\PSoC4/I2C_EZI2C.c ****                                                 ;
 136:Generated_Source\PSoC4/I2C_EZI2C.c ****             I2C_RX_FIFO_CTRL_REG = I2C_CLEAR_REG;
 137:Generated_Source\PSoC4/I2C_EZI2C.c **** 
 138:Generated_Source\PSoC4/I2C_EZI2C.c ****             /* Set default address and mask */
 139:Generated_Source\PSoC4/I2C_EZI2C.c ****             if(I2C_EZI2C_PRIMARY_ADDRESS == config->numberOfAddresses)
 140:Generated_Source\PSoC4/I2C_EZI2C.c ****             {
 141:Generated_Source\PSoC4/I2C_EZI2C.c ****                 I2C_RX_MATCH_REG = I2C_EzI2CUpdateRxMatchReg(config->primarySlaveAddr,
 142:Generated_Source\PSoC4/I2C_EZI2C.c ****                                                                                        config->prim
 143:Generated_Source\PSoC4/I2C_EZI2C.c ****             }
 144:Generated_Source\PSoC4/I2C_EZI2C.c ****             else
ARM GAS  C:\Users\jagumiel\AppData\Local\Temp\cc7a5geW.s 			page 4


 145:Generated_Source\PSoC4/I2C_EZI2C.c ****             {
 146:Generated_Source\PSoC4/I2C_EZI2C.c ****                 I2C_RX_MATCH_REG = I2C_EzI2CUpdateRxMatchReg(config->primarySlaveAddr,
 147:Generated_Source\PSoC4/I2C_EZI2C.c ****                                                                                        config->seco
 148:Generated_Source\PSoC4/I2C_EZI2C.c ****             }
 149:Generated_Source\PSoC4/I2C_EZI2C.c **** 
 150:Generated_Source\PSoC4/I2C_EZI2C.c ****             /* Configure TX direction */
 151:Generated_Source\PSoC4/I2C_EZI2C.c ****             I2C_TX_CTRL_REG      = I2C_EZI2C_TX_CTRL;
 152:Generated_Source\PSoC4/I2C_EZI2C.c ****             I2C_TX_FIFO_CTRL_REG = ((0u != (config->enableClockStretch)) ?
 153:Generated_Source\PSoC4/I2C_EZI2C.c ****                                                  I2C_CLEAR_REG : I2C_EZI2C_TX_FIFO_CTRL);
 154:Generated_Source\PSoC4/I2C_EZI2C.c **** 
 155:Generated_Source\PSoC4/I2C_EZI2C.c ****             /* Configure interrupt sources */
 156:Generated_Source\PSoC4/I2C_EZI2C.c ****         #if (!I2C_CY_SCBIP_V1)
 157:Generated_Source\PSoC4/I2C_EZI2C.c ****            I2C_INTR_SPI_EC_MASK_REG = I2C_NO_INTR_SOURCES;
 158:Generated_Source\PSoC4/I2C_EZI2C.c ****         #endif /* (!I2C_CY_SCBIP_V1) */
 159:Generated_Source\PSoC4/I2C_EZI2C.c **** 
 160:Generated_Source\PSoC4/I2C_EZI2C.c ****             I2C_INTR_I2C_EC_MASK_REG = I2C_NO_INTR_SOURCES;
 161:Generated_Source\PSoC4/I2C_EZI2C.c ****             I2C_INTR_MASTER_MASK_REG = I2C_NO_INTR_SOURCES;
 162:Generated_Source\PSoC4/I2C_EZI2C.c ****             I2C_INTR_SLAVE_MASK_REG  = I2C_EZI2C_INTR_SLAVE_MASK;
 163:Generated_Source\PSoC4/I2C_EZI2C.c ****             I2C_INTR_TX_MASK_REG     = I2C_NO_INTR_SOURCES;
 164:Generated_Source\PSoC4/I2C_EZI2C.c **** 
 165:Generated_Source\PSoC4/I2C_EZI2C.c ****             /* Configure interrupt with EZI2C handler but do not enable it */
 166:Generated_Source\PSoC4/I2C_EZI2C.c ****             CyIntDisable    (I2C_ISR_NUMBER);
 167:Generated_Source\PSoC4/I2C_EZI2C.c ****             CyIntSetPriority(I2C_ISR_NUMBER, I2C_ISR_PRIORITY);
 168:Generated_Source\PSoC4/I2C_EZI2C.c ****             (void) CyIntSetVector(I2C_ISR_NUMBER, (0u != (config->enableClockStretch)) ?
 169:Generated_Source\PSoC4/I2C_EZI2C.c ****                                                                       (&I2C_EZI2C_STRETCH_ISR) :
 170:Generated_Source\PSoC4/I2C_EZI2C.c ****                                                                       (&I2C_EZI2C_NO_STRETCH_ISR));
 171:Generated_Source\PSoC4/I2C_EZI2C.c **** 
 172:Generated_Source\PSoC4/I2C_EZI2C.c ****             if(0u != (config->enableClockStretch))
 173:Generated_Source\PSoC4/I2C_EZI2C.c ****             {
 174:Generated_Source\PSoC4/I2C_EZI2C.c ****                 /* Configure interrupt sources */
 175:Generated_Source\PSoC4/I2C_EZI2C.c ****                 I2C_INTR_SLAVE_MASK_REG |= I2C_INTR_SLAVE_I2C_ADDR_MATCH;
 176:Generated_Source\PSoC4/I2C_EZI2C.c ****                 I2C_INTR_RX_MASK_REG     = I2C_NO_INTR_SOURCES;
 177:Generated_Source\PSoC4/I2C_EZI2C.c ****             }
 178:Generated_Source\PSoC4/I2C_EZI2C.c ****             else
 179:Generated_Source\PSoC4/I2C_EZI2C.c ****             {
 180:Generated_Source\PSoC4/I2C_EZI2C.c ****                 /* Enable Auto ACK/NACK features */
 181:Generated_Source\PSoC4/I2C_EZI2C.c ****                 I2C_I2C_CTRL_REG |= I2C_EZI2C_CTRL_AUTO;
 182:Generated_Source\PSoC4/I2C_EZI2C.c **** 
 183:Generated_Source\PSoC4/I2C_EZI2C.c ****                 /* Configure RX interrupt source */
 184:Generated_Source\PSoC4/I2C_EZI2C.c ****                 I2C_INTR_SLAVE_MASK_REG |= I2C_INTR_SLAVE_I2C_START;
 185:Generated_Source\PSoC4/I2C_EZI2C.c ****                 I2C_INTR_RX_MASK_REG     = I2C_INTR_RX_NOT_EMPTY;
 186:Generated_Source\PSoC4/I2C_EZI2C.c ****             }
 187:Generated_Source\PSoC4/I2C_EZI2C.c **** 
 188:Generated_Source\PSoC4/I2C_EZI2C.c ****             /* Configure global variables */
 189:Generated_Source\PSoC4/I2C_EZI2C.c ****             I2C_fsmState = I2C_EZI2C_FSM_IDLE;
 190:Generated_Source\PSoC4/I2C_EZI2C.c **** 
 191:Generated_Source\PSoC4/I2C_EZI2C.c ****             I2C_curStatus  = 0u;
 192:Generated_Source\PSoC4/I2C_EZI2C.c ****             I2C_indexBuf1  = 0u;
 193:Generated_Source\PSoC4/I2C_EZI2C.c ****             I2C_offsetBuf1 = 0u;
 194:Generated_Source\PSoC4/I2C_EZI2C.c ****             I2C_indexBuf2  = 0u;
 195:Generated_Source\PSoC4/I2C_EZI2C.c ****             I2C_offsetBuf2 = 0u;
 196:Generated_Source\PSoC4/I2C_EZI2C.c **** 
 197:Generated_Source\PSoC4/I2C_EZI2C.c ****             I2C_addrBuf1 = (uint8) config->primarySlaveAddr;
 198:Generated_Source\PSoC4/I2C_EZI2C.c ****             I2C_addrBuf2 = (uint8) config->secondarySlaveAddr;
 199:Generated_Source\PSoC4/I2C_EZI2C.c ****         }
 200:Generated_Source\PSoC4/I2C_EZI2C.c ****     }
 201:Generated_Source\PSoC4/I2C_EZI2C.c **** 
ARM GAS  C:\Users\jagumiel\AppData\Local\Temp\cc7a5geW.s 			page 5


 202:Generated_Source\PSoC4/I2C_EZI2C.c **** #else
 203:Generated_Source\PSoC4/I2C_EZI2C.c **** 
 204:Generated_Source\PSoC4/I2C_EZI2C.c ****     /*******************************************************************************
 205:Generated_Source\PSoC4/I2C_EZI2C.c ****     * Function Name: I2C_EzI2CInit
 206:Generated_Source\PSoC4/I2C_EZI2C.c ****     ****************************************************************************//**
 207:Generated_Source\PSoC4/I2C_EZI2C.c ****     *
 208:Generated_Source\PSoC4/I2C_EZI2C.c ****     *  Configures the SCB for the EZI2C operation.
 209:Generated_Source\PSoC4/I2C_EZI2C.c ****     *
 210:Generated_Source\PSoC4/I2C_EZI2C.c ****     *******************************************************************************/
 211:Generated_Source\PSoC4/I2C_EZI2C.c ****     void I2C_EzI2CInit(void)
 212:Generated_Source\PSoC4/I2C_EZI2C.c ****     {
  28              		.loc 1 212 0
  29              		.cfi_startproc
  30              		@ args = 0, pretend = 0, frame = 0
  31              		@ frame_needed = 0, uses_anonymous_args = 0
  32 0000 10B5     		push	{r4, lr}
  33              		.cfi_def_cfa_offset 8
  34              		.cfi_offset 4, -8
  35              		.cfi_offset 14, -4
 213:Generated_Source\PSoC4/I2C_EZI2C.c ****         /* Configure I2C interface */
 214:Generated_Source\PSoC4/I2C_EZI2C.c ****         I2C_CTRL_REG     = I2C_EZI2C_DEFAULT_CTRL;
  36              		.loc 1 214 0
  37 0002 0024     		movs	r4, #0
  38 0004 1C4B     		ldr	r3, .L2
  39 0006 1C60     		str	r4, [r3]
 215:Generated_Source\PSoC4/I2C_EZI2C.c ****         I2C_I2C_CTRL_REG = I2C_EZI2C_DEFAULT_I2C_CTRL;
  40              		.loc 1 215 0
  41 0008 1C4A     		ldr	r2, .L2+4
  42 000a 1D4B     		ldr	r3, .L2+8
  43 000c 1A60     		str	r2, [r3]
 216:Generated_Source\PSoC4/I2C_EZI2C.c **** 
 217:Generated_Source\PSoC4/I2C_EZI2C.c ****     #if (I2C_CY_SCBIP_V0)
 218:Generated_Source\PSoC4/I2C_EZI2C.c ****         /* Adjust SDA filter settings. Ticket ID#150521 */
 219:Generated_Source\PSoC4/I2C_EZI2C.c ****         I2C_SET_I2C_CFG_SDA_FILT_TRIM(I2C_EC_AM_I2C_CFG_SDA_FILT_TRIM);
  44              		.loc 1 219 0
  45 000e 1D4A     		ldr	r2, .L2+12
  46 0010 1168     		ldr	r1, [r2]
  47 0012 0C23     		movs	r3, #12
  48 0014 0B43     		orrs	r3, r1
  49 0016 1360     		str	r3, [r2]
 220:Generated_Source\PSoC4/I2C_EZI2C.c ****     #endif /* (I2C_CY_SCBIP_V0) */
 221:Generated_Source\PSoC4/I2C_EZI2C.c **** 
 222:Generated_Source\PSoC4/I2C_EZI2C.c ****         /* Configure RX direction */
 223:Generated_Source\PSoC4/I2C_EZI2C.c ****         I2C_RX_CTRL_REG      = I2C_EZI2C_DEFAULT_RX_CTRL;
  50              		.loc 1 223 0
  51 0018 1B4B     		ldr	r3, .L2+16
  52 001a 1C4A     		ldr	r2, .L2+20
  53 001c 1360     		str	r3, [r2]
 224:Generated_Source\PSoC4/I2C_EZI2C.c ****         I2C_RX_FIFO_CTRL_REG = I2C_EZI2C_DEFAULT_RX_FIFO_CTRL;
  54              		.loc 1 224 0
  55 001e 1C4A     		ldr	r2, .L2+24
  56 0020 1460     		str	r4, [r2]
 225:Generated_Source\PSoC4/I2C_EZI2C.c **** 
 226:Generated_Source\PSoC4/I2C_EZI2C.c ****         /* Set default address and mask */
 227:Generated_Source\PSoC4/I2C_EZI2C.c ****         I2C_RX_MATCH_REG     = I2C_EZI2C_DEFAULT_RX_MATCH;
  57              		.loc 1 227 0
  58 0022 1C49     		ldr	r1, .L2+28
ARM GAS  C:\Users\jagumiel\AppData\Local\Temp\cc7a5geW.s 			page 6


  59 0024 1C4A     		ldr	r2, .L2+32
  60 0026 1160     		str	r1, [r2]
 228:Generated_Source\PSoC4/I2C_EZI2C.c **** 
 229:Generated_Source\PSoC4/I2C_EZI2C.c ****         /* Configure TX direction */
 230:Generated_Source\PSoC4/I2C_EZI2C.c ****         I2C_TX_CTRL_REG      = I2C_EZI2C_DEFAULT_TX_CTRL;
  61              		.loc 1 230 0
  62 0028 1C4A     		ldr	r2, .L2+36
  63 002a 1360     		str	r3, [r2]
 231:Generated_Source\PSoC4/I2C_EZI2C.c ****         I2C_TX_FIFO_CTRL_REG = I2C_EZI2C_DEFAULT_TX_FIFO_CTRL;
  64              		.loc 1 231 0
  65 002c 1C4B     		ldr	r3, .L2+40
  66 002e 1C60     		str	r4, [r3]
 232:Generated_Source\PSoC4/I2C_EZI2C.c **** 
 233:Generated_Source\PSoC4/I2C_EZI2C.c ****         /* Configure interrupt with EZI2C handler but do not enable it */
 234:Generated_Source\PSoC4/I2C_EZI2C.c ****     #if !defined (CY_EXTERNAL_INTERRUPT_CONFIG)
 235:Generated_Source\PSoC4/I2C_EZI2C.c ****         CyIntDisable    (I2C_ISR_NUMBER);
  67              		.loc 1 235 0
  68 0030 0B20     		movs	r0, #11
  69 0032 FFF7FEFF 		bl	CyIntDisable
  70              	.LVL0:
 236:Generated_Source\PSoC4/I2C_EZI2C.c ****         CyIntSetPriority(I2C_ISR_NUMBER, I2C_ISR_PRIORITY);
  71              		.loc 1 236 0
  72 0036 0321     		movs	r1, #3
  73 0038 0B20     		movs	r0, #11
  74 003a FFF7FEFF 		bl	CyIntSetPriority
  75              	.LVL1:
 237:Generated_Source\PSoC4/I2C_EZI2C.c **** 
 238:Generated_Source\PSoC4/I2C_EZI2C.c ****     #if (I2C_EZI2C_SCL_STRETCH_ENABLE_CONST)
 239:Generated_Source\PSoC4/I2C_EZI2C.c ****         (void) CyIntSetVector(I2C_ISR_NUMBER, &I2C_EZI2C_STRETCH_ISR);
  76              		.loc 1 239 0
  77 003e 1949     		ldr	r1, .L2+44
  78 0040 0B20     		movs	r0, #11
  79 0042 FFF7FEFF 		bl	CyIntSetVector
  80              	.LVL2:
 240:Generated_Source\PSoC4/I2C_EZI2C.c ****     #else
 241:Generated_Source\PSoC4/I2C_EZI2C.c ****         (void) CyIntSetVector(I2C_ISR_NUMBER, &I2C_EZI2C_NO_STRETCH_ISR);
 242:Generated_Source\PSoC4/I2C_EZI2C.c ****     #endif /* (I2C_EZI2C_SCL_STRETCH_ENABLE_CONST) */
 243:Generated_Source\PSoC4/I2C_EZI2C.c **** 
 244:Generated_Source\PSoC4/I2C_EZI2C.c ****     #endif /* !defined (CY_EXTERNAL_INTERRUPT_CONFIG) */
 245:Generated_Source\PSoC4/I2C_EZI2C.c **** 
 246:Generated_Source\PSoC4/I2C_EZI2C.c ****         /* Configure interrupt sources */
 247:Generated_Source\PSoC4/I2C_EZI2C.c ****     #if (!I2C_CY_SCBIP_V1)
 248:Generated_Source\PSoC4/I2C_EZI2C.c ****         I2C_INTR_SPI_EC_MASK_REG = I2C_EZI2C_DEFAULT_INTR_SPI_EC_MASK;
  81              		.loc 1 248 0
  82 0046 184B     		ldr	r3, .L2+48
  83 0048 1C60     		str	r4, [r3]
 249:Generated_Source\PSoC4/I2C_EZI2C.c ****     #endif /* (!I2C_CY_SCBIP_V1) */
 250:Generated_Source\PSoC4/I2C_EZI2C.c **** 
 251:Generated_Source\PSoC4/I2C_EZI2C.c ****         I2C_INTR_I2C_EC_MASK_REG = I2C_EZI2C_DEFAULT_INTR_I2C_EC_MASK;
  84              		.loc 1 251 0
  85 004a 184B     		ldr	r3, .L2+52
  86 004c 1C60     		str	r4, [r3]
 252:Generated_Source\PSoC4/I2C_EZI2C.c ****         I2C_INTR_SLAVE_MASK_REG  = I2C_EZI2C_DEFAULT_INTR_SLAVE_MASK;
  87              		.loc 1 252 0
  88 004e 5222     		movs	r2, #82
  89 0050 FF32     		adds	r2, r2, #255
  90 0052 174B     		ldr	r3, .L2+56
ARM GAS  C:\Users\jagumiel\AppData\Local\Temp\cc7a5geW.s 			page 7


  91 0054 1A60     		str	r2, [r3]
 253:Generated_Source\PSoC4/I2C_EZI2C.c ****         I2C_INTR_MASTER_MASK_REG = I2C_EZI2C_DEFAULT_INTR_MASTER_MASK;
  92              		.loc 1 253 0
  93 0056 174B     		ldr	r3, .L2+60
  94 0058 1C60     		str	r4, [r3]
 254:Generated_Source\PSoC4/I2C_EZI2C.c ****         I2C_INTR_RX_MASK_REG     = I2C_EZI2C_DEFAULT_INTR_RX_MASK;
  95              		.loc 1 254 0
  96 005a 174B     		ldr	r3, .L2+64
  97 005c 1C60     		str	r4, [r3]
 255:Generated_Source\PSoC4/I2C_EZI2C.c ****         I2C_INTR_TX_MASK_REG     = I2C_EZI2C_DEFAULT_INTR_TX_MASK;
  98              		.loc 1 255 0
  99 005e 174B     		ldr	r3, .L2+68
 100 0060 1C60     		str	r4, [r3]
 256:Generated_Source\PSoC4/I2C_EZI2C.c **** 
 257:Generated_Source\PSoC4/I2C_EZI2C.c ****         /* Configure global variables */
 258:Generated_Source\PSoC4/I2C_EZI2C.c ****         I2C_fsmState = I2C_EZI2C_FSM_IDLE;
 101              		.loc 1 258 0
 102 0062 174B     		ldr	r3, .L2+72
 103 0064 1C70     		strb	r4, [r3]
 259:Generated_Source\PSoC4/I2C_EZI2C.c **** 
 260:Generated_Source\PSoC4/I2C_EZI2C.c ****         I2C_curStatus  = 0u;
 104              		.loc 1 260 0
 105 0066 174B     		ldr	r3, .L2+76
 106 0068 1C70     		strb	r4, [r3]
 261:Generated_Source\PSoC4/I2C_EZI2C.c ****         I2C_indexBuf1  = 0u;
 107              		.loc 1 261 0
 108 006a 174B     		ldr	r3, .L2+80
 109 006c 1C80     		strh	r4, [r3]
 262:Generated_Source\PSoC4/I2C_EZI2C.c ****         I2C_offsetBuf1 = 0u;
 110              		.loc 1 262 0
 111 006e 174B     		ldr	r3, .L2+84
 112 0070 0022     		movs	r2, #0
 113 0072 1A70     		strb	r2, [r3]
 263:Generated_Source\PSoC4/I2C_EZI2C.c **** 
 264:Generated_Source\PSoC4/I2C_EZI2C.c ****     #if(I2C_SECONDARY_ADDRESS_ENABLE_CONST)
 265:Generated_Source\PSoC4/I2C_EZI2C.c ****         I2C_indexBuf2  = 0u;
 266:Generated_Source\PSoC4/I2C_EZI2C.c ****         I2C_offsetBuf2 = 0u;
 267:Generated_Source\PSoC4/I2C_EZI2C.c **** 
 268:Generated_Source\PSoC4/I2C_EZI2C.c ****         I2C_addrBuf1 = I2C_EZI2C_PRIMARY_SLAVE_ADDRESS;
 269:Generated_Source\PSoC4/I2C_EZI2C.c ****         I2C_addrBuf2 = I2C_EZI2C_SECONDARY_SLAVE_ADDRESS;
 270:Generated_Source\PSoC4/I2C_EZI2C.c ****     #endif /* (I2C_SECONDARY_ADDRESS_ENABLE_CONST) */
 271:Generated_Source\PSoC4/I2C_EZI2C.c ****     }
 114              		.loc 1 271 0
 115              		@ sp needed
 116 0074 10BD     		pop	{r4, pc}
 117              	.L3:
 118 0076 C046     		.align	2
 119              	.L2:
 120 0078 00000740 		.word	1074200576
 121 007c 00080040 		.word	1073743872
 122 0080 60000740 		.word	1074200672
 123 0084 70000740 		.word	1074200688
 124 0088 07010080 		.word	-2147483385
 125 008c 00030740 		.word	1074201344
 126 0090 04030740 		.word	1074201348
 127 0094 1000FE00 		.word	16646160
 128 0098 10030740 		.word	1074201360
ARM GAS  C:\Users\jagumiel\AppData\Local\Temp\cc7a5geW.s 			page 8


 129 009c 00020740 		.word	1074201088
 130 00a0 04020740 		.word	1074201092
 131 00a4 00000000 		.word	I2C_EZI2C_STRETCH_ISR
 132 00a8 C80E0740 		.word	1074204360
 133 00ac 880E0740 		.word	1074204296
 134 00b0 480F0740 		.word	1074204488
 135 00b4 080F0740 		.word	1074204424
 136 00b8 C80F0740 		.word	1074204616
 137 00bc 880F0740 		.word	1074204552
 138 00c0 00000000 		.word	I2C_fsmState
 139 00c4 00000000 		.word	I2C_curStatus
 140 00c8 00000000 		.word	I2C_indexBuf1
 141 00cc 00000000 		.word	I2C_offsetBuf1
 142              		.cfi_endproc
 143              	.LFE0:
 144              		.size	I2C_EzI2CInit, .-I2C_EzI2CInit
 145              		.section	.text.I2C_EzI2CStop,"ax",%progbits
 146              		.align	2
 147              		.global	I2C_EzI2CStop
 148              		.code	16
 149              		.thumb_func
 150              		.type	I2C_EzI2CStop, %function
 151              	I2C_EzI2CStop:
 152              	.LFB1:
 272:Generated_Source\PSoC4/I2C_EZI2C.c **** #endif /* (I2C_SCB_MODE_UNCONFIG_CONST_CFG) */
 273:Generated_Source\PSoC4/I2C_EZI2C.c **** 
 274:Generated_Source\PSoC4/I2C_EZI2C.c **** 
 275:Generated_Source\PSoC4/I2C_EZI2C.c **** /*******************************************************************************
 276:Generated_Source\PSoC4/I2C_EZI2C.c **** * Function Name: I2C_EzI2CStop
 277:Generated_Source\PSoC4/I2C_EZI2C.c **** ****************************************************************************//**
 278:Generated_Source\PSoC4/I2C_EZI2C.c **** *
 279:Generated_Source\PSoC4/I2C_EZI2C.c **** *  Resets the EZI2C FSM into the default state.
 280:Generated_Source\PSoC4/I2C_EZI2C.c **** *
 281:Generated_Source\PSoC4/I2C_EZI2C.c **** *******************************************************************************/
 282:Generated_Source\PSoC4/I2C_EZI2C.c **** void I2C_EzI2CStop(void)
 283:Generated_Source\PSoC4/I2C_EZI2C.c **** {
 153              		.loc 1 283 0
 154              		.cfi_startproc
 155              		@ args = 0, pretend = 0, frame = 0
 156              		@ frame_needed = 0, uses_anonymous_args = 0
 157              		@ link register save eliminated.
 284:Generated_Source\PSoC4/I2C_EZI2C.c ****     I2C_fsmState = I2C_EZI2C_FSM_IDLE;
 158              		.loc 1 284 0
 159 0000 0022     		movs	r2, #0
 160 0002 014B     		ldr	r3, .L5
 161 0004 1A70     		strb	r2, [r3]
 285:Generated_Source\PSoC4/I2C_EZI2C.c **** }
 162              		.loc 1 285 0
 163              		@ sp needed
 164 0006 7047     		bx	lr
 165              	.L6:
 166              		.align	2
 167              	.L5:
 168 0008 00000000 		.word	I2C_fsmState
 169              		.cfi_endproc
 170              	.LFE1:
 171              		.size	I2C_EzI2CStop, .-I2C_EzI2CStop
ARM GAS  C:\Users\jagumiel\AppData\Local\Temp\cc7a5geW.s 			page 9


 172              		.section	.text.I2C_EzI2CGetActivity,"ax",%progbits
 173              		.align	2
 174              		.global	I2C_EzI2CGetActivity
 175              		.code	16
 176              		.thumb_func
 177              		.type	I2C_EzI2CGetActivity, %function
 178              	I2C_EzI2CGetActivity:
 179              	.LFB2:
 286:Generated_Source\PSoC4/I2C_EZI2C.c **** 
 287:Generated_Source\PSoC4/I2C_EZI2C.c **** 
 288:Generated_Source\PSoC4/I2C_EZI2C.c **** /*******************************************************************************
 289:Generated_Source\PSoC4/I2C_EZI2C.c **** * Function Name: I2C_EzI2CGetActivity
 290:Generated_Source\PSoC4/I2C_EZI2C.c **** ****************************************************************************//**
 291:Generated_Source\PSoC4/I2C_EZI2C.c **** *
 292:Generated_Source\PSoC4/I2C_EZI2C.c **** *  Returns the EZI2C slave status.
 293:Generated_Source\PSoC4/I2C_EZI2C.c **** *  The read, write and error status flags reset to zero after this function
 294:Generated_Source\PSoC4/I2C_EZI2C.c **** *  call. The busy status flag is cleared when the transaction intended for
 295:Generated_Source\PSoC4/I2C_EZI2C.c **** *  the EZI2C slave completes.
 296:Generated_Source\PSoC4/I2C_EZI2C.c **** *
 297:Generated_Source\PSoC4/I2C_EZI2C.c **** * \return
 298:Generated_Source\PSoC4/I2C_EZI2C.c **** *  Returns the status of the EZI2C Slave activity.
 299:Generated_Source\PSoC4/I2C_EZI2C.c **** *  - I2C_EZI2C_STATUS_READ1 - Read transfer complete. The transfer 
 300:Generated_Source\PSoC4/I2C_EZI2C.c **** *    used the primary slave address. The error condition status bit must be 
 301:Generated_Source\PSoC4/I2C_EZI2C.c **** *    checked to ensure that read transfer was completed successfully.
 302:Generated_Source\PSoC4/I2C_EZI2C.c **** *  - I2C_EZI2C_STATUS_WRITE1 - Write transfer complete. The buffer 
 303:Generated_Source\PSoC4/I2C_EZI2C.c **** *    content was modified. The transfer used the primary slave address. 
 304:Generated_Source\PSoC4/I2C_EZI2C.c **** *    The error condition status bit must be checked to ensure that write 
 305:Generated_Source\PSoC4/I2C_EZI2C.c **** *    transfer was completed successfully.
 306:Generated_Source\PSoC4/I2C_EZI2C.c **** *  - I2C_EZI2C_STATUS_READ2 - Read transfer complete. The transfer
 307:Generated_Source\PSoC4/I2C_EZI2C.c **** *    used the secondary slave address. The error condition status bit must be 
 308:Generated_Source\PSoC4/I2C_EZI2C.c **** *    checked to ensure that read transfer was completed successfully.
 309:Generated_Source\PSoC4/I2C_EZI2C.c **** *  - I2C_EZI2C_STATUS_WRITE2 - Write transfer complete. The buffer
 310:Generated_Source\PSoC4/I2C_EZI2C.c **** *    content was modified. The transfer used the secondary slave address. 
 311:Generated_Source\PSoC4/I2C_EZI2C.c **** *    The error condition status bit must be checked to ensure that write 
 312:Generated_Source\PSoC4/I2C_EZI2C.c **** *    transfer was completed successfully.
 313:Generated_Source\PSoC4/I2C_EZI2C.c **** *  - I2C_EZI2C_STATUS_BUSY - A transfer intended for the primary 
 314:Generated_Source\PSoC4/I2C_EZI2C.c **** *    or secondary address is in progress. The status bit is set after an 
 315:Generated_Source\PSoC4/I2C_EZI2C.c **** *    address match and cleared on a Stop or ReStart condition.
 316:Generated_Source\PSoC4/I2C_EZI2C.c **** *  - I2C_EZI2C_STATUS_ERR - An error occurred during a transfer 
 317:Generated_Source\PSoC4/I2C_EZI2C.c **** *    intended for the primary or secondary slave address. The sources of error
 318:Generated_Source\PSoC4/I2C_EZI2C.c **** *    are: misplaced Start or Stop condition or lost arbitration while slave 
 319:Generated_Source\PSoC4/I2C_EZI2C.c **** *    drives SDA.
 320:Generated_Source\PSoC4/I2C_EZI2C.c **** *    The write buffer may contain invalid byte or part of the transaction when 
 321:Generated_Source\PSoC4/I2C_EZI2C.c **** *    I2C_EZI2C_STATUS_ERR and I2C_EZI2C_STATUS_WRITE1/2 
 322:Generated_Source\PSoC4/I2C_EZI2C.c **** *    is set. It is recommended to discard buffer content in this case.
 323:Generated_Source\PSoC4/I2C_EZI2C.c **** *
 324:Generated_Source\PSoC4/I2C_EZI2C.c **** * \globalvars
 325:Generated_Source\PSoC4/I2C_EZI2C.c **** *  I2C_curStatus - used to store the current status of the EZI2C 
 326:Generated_Source\PSoC4/I2C_EZI2C.c **** *  slave.
 327:Generated_Source\PSoC4/I2C_EZI2C.c **** *
 328:Generated_Source\PSoC4/I2C_EZI2C.c **** *******************************************************************************/
 329:Generated_Source\PSoC4/I2C_EZI2C.c **** uint32 I2C_EzI2CGetActivity(void)
 330:Generated_Source\PSoC4/I2C_EZI2C.c **** {
 180              		.loc 1 330 0
 181              		.cfi_startproc
 182              		@ args = 0, pretend = 0, frame = 0
 183              		@ frame_needed = 0, uses_anonymous_args = 0
ARM GAS  C:\Users\jagumiel\AppData\Local\Temp\cc7a5geW.s 			page 10


 184 0000 10B5     		push	{r4, lr}
 185              		.cfi_def_cfa_offset 8
 186              		.cfi_offset 4, -8
 187              		.cfi_offset 14, -4
 331:Generated_Source\PSoC4/I2C_EZI2C.c ****     uint32 status;
 332:Generated_Source\PSoC4/I2C_EZI2C.c **** 
 333:Generated_Source\PSoC4/I2C_EZI2C.c ****     I2C_DisableInt();  /* Lock from interruption */
 188              		.loc 1 333 0
 189 0002 0B20     		movs	r0, #11
 190 0004 FFF7FEFF 		bl	CyIntDisable
 191              	.LVL3:
 334:Generated_Source\PSoC4/I2C_EZI2C.c **** 
 335:Generated_Source\PSoC4/I2C_EZI2C.c ****     status = I2C_curStatus;
 192              		.loc 1 335 0
 193 0008 054B     		ldr	r3, .L8
 194 000a 1C78     		ldrb	r4, [r3]
 195 000c E4B2     		uxtb	r4, r4
 196              	.LVL4:
 336:Generated_Source\PSoC4/I2C_EZI2C.c **** 
 337:Generated_Source\PSoC4/I2C_EZI2C.c ****     /* Relay on address match event from HW as bus busy status */
 338:Generated_Source\PSoC4/I2C_EZI2C.c ****     #if(I2C_EZI2C_SCL_STRETCH_DISABLE)
 339:Generated_Source\PSoC4/I2C_EZI2C.c ****     {
 340:Generated_Source\PSoC4/I2C_EZI2C.c ****         /* For I2C_CY_SCBIP_V0 the wake is prohibited by customizer */
 341:Generated_Source\PSoC4/I2C_EZI2C.c ****         #if(I2C_EZI2C_EC_AM_ENABLE)
 342:Generated_Source\PSoC4/I2C_EZI2C.c ****         {
 343:Generated_Source\PSoC4/I2C_EZI2C.c ****             status |= I2C_CHECK_INTR_I2C_EC(I2C_INTR_I2C_EC_WAKE_UP) ?
 344:Generated_Source\PSoC4/I2C_EZI2C.c ****                         I2C_EZI2C_STATUS_BUSY : 0u;
 345:Generated_Source\PSoC4/I2C_EZI2C.c ****         }
 346:Generated_Source\PSoC4/I2C_EZI2C.c ****         #else
 347:Generated_Source\PSoC4/I2C_EZI2C.c ****         {
 348:Generated_Source\PSoC4/I2C_EZI2C.c ****             status |= I2C_CHECK_INTR_SLAVE(I2C_INTR_SLAVE_I2C_ADDR_MATCH) ?
 349:Generated_Source\PSoC4/I2C_EZI2C.c ****                         I2C_EZI2C_STATUS_BUSY : 0u;
 350:Generated_Source\PSoC4/I2C_EZI2C.c ****         }
 351:Generated_Source\PSoC4/I2C_EZI2C.c ****         #endif
 352:Generated_Source\PSoC4/I2C_EZI2C.c ****     }
 353:Generated_Source\PSoC4/I2C_EZI2C.c ****     #endif
 354:Generated_Source\PSoC4/I2C_EZI2C.c **** 
 355:Generated_Source\PSoC4/I2C_EZI2C.c ****     I2C_curStatus &= ((uint8) ~I2C_EZI2C_CLEAR_STATUS);
 197              		.loc 1 355 0
 198 000e 1A78     		ldrb	r2, [r3]
 199 0010 1F21     		movs	r1, #31
 200 0012 8A43     		bics	r2, r1
 201 0014 1A70     		strb	r2, [r3]
 356:Generated_Source\PSoC4/I2C_EZI2C.c **** 
 357:Generated_Source\PSoC4/I2C_EZI2C.c ****     I2C_EnableInt();   /* Release lock */
 202              		.loc 1 357 0
 203 0016 0B20     		movs	r0, #11
 204 0018 FFF7FEFF 		bl	CyIntEnable
 205              	.LVL5:
 358:Generated_Source\PSoC4/I2C_EZI2C.c **** 
 359:Generated_Source\PSoC4/I2C_EZI2C.c ****     return(status);
 360:Generated_Source\PSoC4/I2C_EZI2C.c **** }
 206              		.loc 1 360 0
 207 001c 2000     		movs	r0, r4
 208              		@ sp needed
 209              	.LVL6:
 210 001e 10BD     		pop	{r4, pc}
ARM GAS  C:\Users\jagumiel\AppData\Local\Temp\cc7a5geW.s 			page 11


 211              	.L9:
 212              		.align	2
 213              	.L8:
 214 0020 00000000 		.word	I2C_curStatus
 215              		.cfi_endproc
 216              	.LFE2:
 217              		.size	I2C_EzI2CGetActivity, .-I2C_EzI2CGetActivity
 218              		.section	.text.I2C_EzI2CSetAddress1,"ax",%progbits
 219              		.align	2
 220              		.global	I2C_EzI2CSetAddress1
 221              		.code	16
 222              		.thumb_func
 223              		.type	I2C_EzI2CSetAddress1, %function
 224              	I2C_EzI2CSetAddress1:
 225              	.LFB3:
 361:Generated_Source\PSoC4/I2C_EZI2C.c **** 
 362:Generated_Source\PSoC4/I2C_EZI2C.c **** 
 363:Generated_Source\PSoC4/I2C_EZI2C.c **** /*******************************************************************************
 364:Generated_Source\PSoC4/I2C_EZI2C.c **** * Function Name: I2C_EzI2CSetAddress1
 365:Generated_Source\PSoC4/I2C_EZI2C.c **** ****************************************************************************//**
 366:Generated_Source\PSoC4/I2C_EZI2C.c **** *
 367:Generated_Source\PSoC4/I2C_EZI2C.c **** *  Sets the primary EZI2C slave address.
 368:Generated_Source\PSoC4/I2C_EZI2C.c **** *
 369:Generated_Source\PSoC4/I2C_EZI2C.c **** * \param address: I2C slave address for the secondary device.
 370:Generated_Source\PSoC4/I2C_EZI2C.c **** *  This address is the 7-bit right-justified slave address and does not 
 371:Generated_Source\PSoC4/I2C_EZI2C.c **** *   include the R/W bit.
 372:Generated_Source\PSoC4/I2C_EZI2C.c **** *
 373:Generated_Source\PSoC4/I2C_EZI2C.c **** *  The address value is not checked to see if it violates the I2C spec. 
 374:Generated_Source\PSoC4/I2C_EZI2C.c **** *  The preferred addresses are in the range between 8 and 120 (0x08 to 0x78).
 375:Generated_Source\PSoC4/I2C_EZI2C.c **** *
 376:Generated_Source\PSoC4/I2C_EZI2C.c **** * \globalvars
 377:Generated_Source\PSoC4/I2C_EZI2C.c **** *  I2C_addrBuf1 - used to store the primary 7-bit slave address 
 378:Generated_Source\PSoC4/I2C_EZI2C.c **** *  value.
 379:Generated_Source\PSoC4/I2C_EZI2C.c **** *
 380:Generated_Source\PSoC4/I2C_EZI2C.c **** *******************************************************************************/
 381:Generated_Source\PSoC4/I2C_EZI2C.c **** void I2C_EzI2CSetAddress1(uint32 address)
 382:Generated_Source\PSoC4/I2C_EZI2C.c **** {
 226              		.loc 1 382 0
 227              		.cfi_startproc
 228              		@ args = 0, pretend = 0, frame = 0
 229              		@ frame_needed = 0, uses_anonymous_args = 0
 230              		@ link register save eliminated.
 231              	.LVL7:
 232 0000 0300     		movs	r3, r0
 233              	.LBB2:
 383:Generated_Source\PSoC4/I2C_EZI2C.c ****     #if(I2C_SECONDARY_ADDRESS_ENABLE)
 384:Generated_Source\PSoC4/I2C_EZI2C.c ****     {
 385:Generated_Source\PSoC4/I2C_EZI2C.c ****         I2C_addrBuf1 = (uint8) address;
 386:Generated_Source\PSoC4/I2C_EZI2C.c **** 
 387:Generated_Source\PSoC4/I2C_EZI2C.c ****         I2C_RX_MATCH_REG = 
 388:Generated_Source\PSoC4/I2C_EZI2C.c ****                         I2C_EzI2CUpdateRxMatchReg(address, (uint32) I2C_addrBuf2);
 389:Generated_Source\PSoC4/I2C_EZI2C.c ****     }
 390:Generated_Source\PSoC4/I2C_EZI2C.c ****     #else
 391:Generated_Source\PSoC4/I2C_EZI2C.c ****     {
 392:Generated_Source\PSoC4/I2C_EZI2C.c ****         uint32 matchReg;
 393:Generated_Source\PSoC4/I2C_EZI2C.c **** 
 394:Generated_Source\PSoC4/I2C_EZI2C.c ****         matchReg = I2C_RX_MATCH_REG;
ARM GAS  C:\Users\jagumiel\AppData\Local\Temp\cc7a5geW.s 			page 12


 234              		.loc 1 394 0
 235 0002 0449     		ldr	r1, .L11
 236 0004 0A68     		ldr	r2, [r1]
 237              	.LVL8:
 395:Generated_Source\PSoC4/I2C_EZI2C.c **** 
 396:Generated_Source\PSoC4/I2C_EZI2C.c ****         /* Set address. */
 397:Generated_Source\PSoC4/I2C_EZI2C.c ****         matchReg &= (uint32) ~I2C_RX_MATCH_ADDR_MASK;
 238              		.loc 1 397 0
 239 0006 FF20     		movs	r0, #255
 240              	.LVL9:
 241 0008 8243     		bics	r2, r0
 242              	.LVL10:
 398:Generated_Source\PSoC4/I2C_EZI2C.c ****         matchReg |= (uint32)  I2C_GET_I2C_8BIT_ADDRESS(address);
 243              		.loc 1 398 0
 244 000a 5B00     		lsls	r3, r3, #1
 245              	.LVL11:
 246 000c 1840     		ands	r0, r3
 247 000e 1043     		orrs	r0, r2
 248              	.LVL12:
 399:Generated_Source\PSoC4/I2C_EZI2C.c **** 
 400:Generated_Source\PSoC4/I2C_EZI2C.c ****         I2C_RX_MATCH_REG = matchReg;
 249              		.loc 1 400 0
 250 0010 0860     		str	r0, [r1]
 251              	.LBE2:
 401:Generated_Source\PSoC4/I2C_EZI2C.c ****     }
 402:Generated_Source\PSoC4/I2C_EZI2C.c ****     #endif
 403:Generated_Source\PSoC4/I2C_EZI2C.c **** }
 252              		.loc 1 403 0
 253              		@ sp needed
 254 0012 7047     		bx	lr
 255              	.L12:
 256              		.align	2
 257              	.L11:
 258 0014 10030740 		.word	1074201360
 259              		.cfi_endproc
 260              	.LFE3:
 261              		.size	I2C_EzI2CSetAddress1, .-I2C_EzI2CSetAddress1
 262              		.section	.text.I2C_EzI2CGetAddress1,"ax",%progbits
 263              		.align	2
 264              		.global	I2C_EzI2CGetAddress1
 265              		.code	16
 266              		.thumb_func
 267              		.type	I2C_EzI2CGetAddress1, %function
 268              	I2C_EzI2CGetAddress1:
 269              	.LFB4:
 404:Generated_Source\PSoC4/I2C_EZI2C.c **** 
 405:Generated_Source\PSoC4/I2C_EZI2C.c **** 
 406:Generated_Source\PSoC4/I2C_EZI2C.c **** /*******************************************************************************
 407:Generated_Source\PSoC4/I2C_EZI2C.c **** * Function Name: I2C_EzI2CGetAddress1
 408:Generated_Source\PSoC4/I2C_EZI2C.c **** ****************************************************************************//**
 409:Generated_Source\PSoC4/I2C_EZI2C.c **** *
 410:Generated_Source\PSoC4/I2C_EZI2C.c **** *  Returns primary the EZ I2C slave address.
 411:Generated_Source\PSoC4/I2C_EZI2C.c **** *  This address is the 7-bit right-justified slave address and does not include 
 412:Generated_Source\PSoC4/I2C_EZI2C.c **** *  the R/W bit.
 413:Generated_Source\PSoC4/I2C_EZI2C.c **** *
 414:Generated_Source\PSoC4/I2C_EZI2C.c **** * \return
 415:Generated_Source\PSoC4/I2C_EZI2C.c **** *  Primary EZI2C slave address.
ARM GAS  C:\Users\jagumiel\AppData\Local\Temp\cc7a5geW.s 			page 13


 416:Generated_Source\PSoC4/I2C_EZI2C.c **** *
 417:Generated_Source\PSoC4/I2C_EZI2C.c **** * \globalvars
 418:Generated_Source\PSoC4/I2C_EZI2C.c **** *  I2C_addrBuf1 - used to store the primary 7-bit slave address 
 419:Generated_Source\PSoC4/I2C_EZI2C.c **** *  value.
 420:Generated_Source\PSoC4/I2C_EZI2C.c **** *
 421:Generated_Source\PSoC4/I2C_EZI2C.c **** *******************************************************************************/
 422:Generated_Source\PSoC4/I2C_EZI2C.c **** uint32 I2C_EzI2CGetAddress1(void)
 423:Generated_Source\PSoC4/I2C_EZI2C.c **** {
 270              		.loc 1 423 0
 271              		.cfi_startproc
 272              		@ args = 0, pretend = 0, frame = 0
 273              		@ frame_needed = 0, uses_anonymous_args = 0
 274              		@ link register save eliminated.
 424:Generated_Source\PSoC4/I2C_EZI2C.c ****     uint32 address;
 425:Generated_Source\PSoC4/I2C_EZI2C.c **** 
 426:Generated_Source\PSoC4/I2C_EZI2C.c ****     #if(I2C_SECONDARY_ADDRESS_ENABLE)
 427:Generated_Source\PSoC4/I2C_EZI2C.c ****     {
 428:Generated_Source\PSoC4/I2C_EZI2C.c ****         address = (uint32) I2C_addrBuf1;
 429:Generated_Source\PSoC4/I2C_EZI2C.c ****     }
 430:Generated_Source\PSoC4/I2C_EZI2C.c ****     #else
 431:Generated_Source\PSoC4/I2C_EZI2C.c ****     {
 432:Generated_Source\PSoC4/I2C_EZI2C.c ****         address = (I2C_GET_RX_MATCH_ADDR(I2C_RX_MATCH_REG) >>
 275              		.loc 1 432 0
 276 0000 024B     		ldr	r3, .L14
 277 0002 1868     		ldr	r0, [r3]
 278 0004 4008     		lsrs	r0, r0, #1
 279 0006 7F23     		movs	r3, #127
 280 0008 1840     		ands	r0, r3
 281              	.LVL13:
 433:Generated_Source\PSoC4/I2C_EZI2C.c ****                    I2C_I2C_SLAVE_ADDR_POS);
 434:Generated_Source\PSoC4/I2C_EZI2C.c ****     }
 435:Generated_Source\PSoC4/I2C_EZI2C.c ****     #endif
 436:Generated_Source\PSoC4/I2C_EZI2C.c **** 
 437:Generated_Source\PSoC4/I2C_EZI2C.c ****     return(address);
 438:Generated_Source\PSoC4/I2C_EZI2C.c **** }
 282              		.loc 1 438 0
 283              		@ sp needed
 284 000a 7047     		bx	lr
 285              	.L15:
 286              		.align	2
 287              	.L14:
 288 000c 10030740 		.word	1074201360
 289              		.cfi_endproc
 290              	.LFE4:
 291              		.size	I2C_EzI2CGetAddress1, .-I2C_EzI2CGetAddress1
 292              		.section	.text.I2C_EzI2CSetBuffer1,"ax",%progbits
 293              		.align	2
 294              		.global	I2C_EzI2CSetBuffer1
 295              		.code	16
 296              		.thumb_func
 297              		.type	I2C_EzI2CSetBuffer1, %function
 298              	I2C_EzI2CSetBuffer1:
 299              	.LFB5:
 439:Generated_Source\PSoC4/I2C_EZI2C.c **** 
 440:Generated_Source\PSoC4/I2C_EZI2C.c **** 
 441:Generated_Source\PSoC4/I2C_EZI2C.c **** /*******************************************************************************
 442:Generated_Source\PSoC4/I2C_EZI2C.c **** * Function Name: I2C_EzI2CSetBuffer1
ARM GAS  C:\Users\jagumiel\AppData\Local\Temp\cc7a5geW.s 			page 14


 443:Generated_Source\PSoC4/I2C_EZI2C.c **** ****************************************************************************//**
 444:Generated_Source\PSoC4/I2C_EZI2C.c **** *
 445:Generated_Source\PSoC4/I2C_EZI2C.c **** *  Sets up the data buffer to be exposed to the I2C master on a primary slave
 446:Generated_Source\PSoC4/I2C_EZI2C.c **** *  address request.
 447:Generated_Source\PSoC4/I2C_EZI2C.c **** *
 448:Generated_Source\PSoC4/I2C_EZI2C.c **** * \param bufSize: Size of the buffer in bytes.
 449:Generated_Source\PSoC4/I2C_EZI2C.c **** * \param rwBoundary: Number of data bytes starting from the beginning of the 
 450:Generated_Source\PSoC4/I2C_EZI2C.c **** *  buffer with read and write access. Data bytes located at offset rwBoundary 
 451:Generated_Source\PSoC4/I2C_EZI2C.c **** *  or greater are read only.
 452:Generated_Source\PSoC4/I2C_EZI2C.c **** *  This value must be less than or equal to the buffer size.
 453:Generated_Source\PSoC4/I2C_EZI2C.c **** * \param buffer: Pointer to the data buffer.
 454:Generated_Source\PSoC4/I2C_EZI2C.c **** *
 455:Generated_Source\PSoC4/I2C_EZI2C.c **** * \sideeffect
 456:Generated_Source\PSoC4/I2C_EZI2C.c **** *  Calling this function in the middle of a transaction intended for the 
 457:Generated_Source\PSoC4/I2C_EZI2C.c **** *  primary slave address leads to unexpected behavior.
 458:Generated_Source\PSoC4/I2C_EZI2C.c **** *
 459:Generated_Source\PSoC4/I2C_EZI2C.c **** * \globalvars
 460:Generated_Source\PSoC4/I2C_EZI2C.c **** *  I2C_dataBuffer1 – the pointer to the buffer to be exposed to the
 461:Generated_Source\PSoC4/I2C_EZI2C.c **** *  master on a primary address.
 462:Generated_Source\PSoC4/I2C_EZI2C.c **** *  I2C_bufSizeBuf1 - the size of the buffer to be exposed to the 
 463:Generated_Source\PSoC4/I2C_EZI2C.c **** *  master on a primary address.
 464:Generated_Source\PSoC4/I2C_EZI2C.c **** *  I2C_protectBuf1 - the start index of the read-only region in the
 465:Generated_Source\PSoC4/I2C_EZI2C.c **** *  buffer to be exposed to the master on a primary address. The read-only region
 466:Generated_Source\PSoC4/I2C_EZI2C.c **** *  continues up to the end the buffer.
 467:Generated_Source\PSoC4/I2C_EZI2C.c **** *
 468:Generated_Source\PSoC4/I2C_EZI2C.c **** *******************************************************************************/
 469:Generated_Source\PSoC4/I2C_EZI2C.c **** void I2C_EzI2CSetBuffer1(uint32 bufSize, uint32 rwBoundary, volatile uint8 * buffer)
 470:Generated_Source\PSoC4/I2C_EZI2C.c **** {
 300              		.loc 1 470 0
 301              		.cfi_startproc
 302              		@ args = 0, pretend = 0, frame = 0
 303              		@ frame_needed = 0, uses_anonymous_args = 0
 304              	.LVL14:
 305 0000 70B5     		push	{r4, r5, r6, lr}
 306              		.cfi_def_cfa_offset 16
 307              		.cfi_offset 4, -16
 308              		.cfi_offset 5, -12
 309              		.cfi_offset 6, -8
 310              		.cfi_offset 14, -4
 311 0002 0600     		movs	r6, r0
 312 0004 0D00     		movs	r5, r1
 313 0006 141E     		subs	r4, r2, #0
 471:Generated_Source\PSoC4/I2C_EZI2C.c ****     if (NULL != buffer)
 314              		.loc 1 471 0
 315 0008 0BD0     		beq	.L16
 472:Generated_Source\PSoC4/I2C_EZI2C.c ****     {
 473:Generated_Source\PSoC4/I2C_EZI2C.c ****         I2C_DisableInt();  /* Lock from interruption */
 316              		.loc 1 473 0
 317 000a 0B20     		movs	r0, #11
 318              	.LVL15:
 319 000c FFF7FEFF 		bl	CyIntDisable
 320              	.LVL16:
 474:Generated_Source\PSoC4/I2C_EZI2C.c **** 
 475:Generated_Source\PSoC4/I2C_EZI2C.c ****         I2C_dataBuffer1 =  buffer;
 321              		.loc 1 475 0
 322 0010 044B     		ldr	r3, .L18
 323 0012 1C60     		str	r4, [r3]
ARM GAS  C:\Users\jagumiel\AppData\Local\Temp\cc7a5geW.s 			page 15


 476:Generated_Source\PSoC4/I2C_EZI2C.c ****         I2C_bufSizeBuf1 = (uint16) bufSize;
 324              		.loc 1 476 0
 325 0014 044B     		ldr	r3, .L18+4
 326 0016 1E80     		strh	r6, [r3]
 477:Generated_Source\PSoC4/I2C_EZI2C.c ****         I2C_protectBuf1 = (uint16) rwBoundary;
 327              		.loc 1 477 0
 328 0018 044B     		ldr	r3, .L18+8
 329 001a 1D80     		strh	r5, [r3]
 478:Generated_Source\PSoC4/I2C_EZI2C.c **** 
 479:Generated_Source\PSoC4/I2C_EZI2C.c ****         I2C_EnableInt();   /* Release lock */
 330              		.loc 1 479 0
 331 001c 0B20     		movs	r0, #11
 332 001e FFF7FEFF 		bl	CyIntEnable
 333              	.LVL17:
 334              	.L16:
 480:Generated_Source\PSoC4/I2C_EZI2C.c ****     }
 481:Generated_Source\PSoC4/I2C_EZI2C.c **** }
 335              		.loc 1 481 0
 336              		@ sp needed
 337              	.LVL18:
 338              	.LVL19:
 339              	.LVL20:
 340 0022 70BD     		pop	{r4, r5, r6, pc}
 341              	.L19:
 342              		.align	2
 343              	.L18:
 344 0024 00000000 		.word	I2C_dataBuffer1
 345 0028 00000000 		.word	I2C_bufSizeBuf1
 346 002c 00000000 		.word	I2C_protectBuf1
 347              		.cfi_endproc
 348              	.LFE5:
 349              		.size	I2C_EzI2CSetBuffer1, .-I2C_EzI2CSetBuffer1
 350              		.section	.text.I2C_EzI2CSetReadBoundaryBuffer1,"ax",%progbits
 351              		.align	2
 352              		.global	I2C_EzI2CSetReadBoundaryBuffer1
 353              		.code	16
 354              		.thumb_func
 355              		.type	I2C_EzI2CSetReadBoundaryBuffer1, %function
 356              	I2C_EzI2CSetReadBoundaryBuffer1:
 357              	.LFB6:
 482:Generated_Source\PSoC4/I2C_EZI2C.c **** 
 483:Generated_Source\PSoC4/I2C_EZI2C.c **** 
 484:Generated_Source\PSoC4/I2C_EZI2C.c **** /*******************************************************************************
 485:Generated_Source\PSoC4/I2C_EZI2C.c **** * Function Name: I2C_EzI2CSetReadBoundaryBuffer1
 486:Generated_Source\PSoC4/I2C_EZI2C.c **** ****************************************************************************//**
 487:Generated_Source\PSoC4/I2C_EZI2C.c **** *
 488:Generated_Source\PSoC4/I2C_EZI2C.c **** *  Sets the read only boundary in the data buffer to be exposed to the I2C
 489:Generated_Source\PSoC4/I2C_EZI2C.c **** *  master on a primary slave address request.
 490:Generated_Source\PSoC4/I2C_EZI2C.c **** *
 491:Generated_Source\PSoC4/I2C_EZI2C.c **** * \param rwBoundry: Number of data bytes starting from the beginning of the 
 492:Generated_Source\PSoC4/I2C_EZI2C.c **** *  buffer with read and write access. Data bytes located at offset rwBoundary 
 493:Generated_Source\PSoC4/I2C_EZI2C.c **** *  or greater are read only.
 494:Generated_Source\PSoC4/I2C_EZI2C.c **** *  This value must be less than or equal to the buffer size.
 495:Generated_Source\PSoC4/I2C_EZI2C.c **** *
 496:Generated_Source\PSoC4/I2C_EZI2C.c **** * \sideeffect
 497:Generated_Source\PSoC4/I2C_EZI2C.c **** *  Calling this function in the middle of a transaction intended for the 
 498:Generated_Source\PSoC4/I2C_EZI2C.c **** *  primary slave address leads to unexpected behavior.
ARM GAS  C:\Users\jagumiel\AppData\Local\Temp\cc7a5geW.s 			page 16


 499:Generated_Source\PSoC4/I2C_EZI2C.c **** *
 500:Generated_Source\PSoC4/I2C_EZI2C.c **** * \globalvars
 501:Generated_Source\PSoC4/I2C_EZI2C.c **** *  I2C_protectBuf1 - the start index of the read-only region in the
 502:Generated_Source\PSoC4/I2C_EZI2C.c **** *  buffer to be exposed to the master on a primary address. The read-only region
 503:Generated_Source\PSoC4/I2C_EZI2C.c **** *  continues up to the end the buffer.
 504:Generated_Source\PSoC4/I2C_EZI2C.c **** *
 505:Generated_Source\PSoC4/I2C_EZI2C.c **** *******************************************************************************/
 506:Generated_Source\PSoC4/I2C_EZI2C.c **** void I2C_EzI2CSetReadBoundaryBuffer1(uint32 rwBoundary)
 507:Generated_Source\PSoC4/I2C_EZI2C.c **** {
 358              		.loc 1 507 0
 359              		.cfi_startproc
 360              		@ args = 0, pretend = 0, frame = 0
 361              		@ frame_needed = 0, uses_anonymous_args = 0
 362              		@ link register save eliminated.
 363              	.LVL21:
 508:Generated_Source\PSoC4/I2C_EZI2C.c ****     I2C_protectBuf1 = (uint16) rwBoundary;
 364              		.loc 1 508 0
 365 0000 014B     		ldr	r3, .L21
 366 0002 1880     		strh	r0, [r3]
 509:Generated_Source\PSoC4/I2C_EZI2C.c **** }
 367              		.loc 1 509 0
 368              		@ sp needed
 369 0004 7047     		bx	lr
 370              	.L22:
 371 0006 C046     		.align	2
 372              	.L21:
 373 0008 00000000 		.word	I2C_protectBuf1
 374              		.cfi_endproc
 375              	.LFE6:
 376              		.size	I2C_EzI2CSetReadBoundaryBuffer1, .-I2C_EzI2CSetReadBoundaryBuffer1
 377              		.comm	I2C_indexBuf1,2,2
 378              		.comm	I2C_offsetBuf1,1,1
 379              		.comm	I2C_protectBuf1,2,2
 380              		.comm	I2C_bufSizeBuf1,2,2
 381              		.comm	I2C_dataBuffer1,4,4
 382              		.comm	I2C_fsmState,1,1
 383              		.comm	I2C_curStatus,1,1
 384              		.text
 385              	.Letext0:
 386              		.file 2 "Generated_Source\\PSoC4/cytypes.h"
 387              		.file 3 "Generated_Source\\PSoC4/CyLib.h"
 388              		.section	.debug_info,"",%progbits
 389              	.Ldebug_info0:
 390 0000 15030000 		.4byte	0x315
 391 0004 0400     		.2byte	0x4
 392 0006 00000000 		.4byte	.Ldebug_abbrev0
 393 000a 04       		.byte	0x4
 394 000b 01       		.uleb128 0x1
 395 000c EB010000 		.4byte	.LASF41
 396 0010 0C       		.byte	0xc
 397 0011 22010000 		.4byte	.LASF42
 398 0015 9F000000 		.4byte	.LASF43
 399 0019 00000000 		.4byte	.Ldebug_ranges0+0
 400 001d 00000000 		.4byte	0
 401 0021 00000000 		.4byte	.Ldebug_line0
 402 0025 02       		.uleb128 0x2
 403 0026 01       		.byte	0x1
ARM GAS  C:\Users\jagumiel\AppData\Local\Temp\cc7a5geW.s 			page 17


 404 0027 06       		.byte	0x6
 405 0028 16030000 		.4byte	.LASF0
 406 002c 02       		.uleb128 0x2
 407 002d 01       		.byte	0x1
 408 002e 08       		.byte	0x8
 409 002f 01010000 		.4byte	.LASF1
 410 0033 02       		.uleb128 0x2
 411 0034 02       		.byte	0x2
 412 0035 05       		.byte	0x5
 413 0036 A2020000 		.4byte	.LASF2
 414 003a 02       		.uleb128 0x2
 415 003b 02       		.byte	0x2
 416 003c 07       		.byte	0x7
 417 003d 3A000000 		.4byte	.LASF3
 418 0041 02       		.uleb128 0x2
 419 0042 04       		.byte	0x4
 420 0043 05       		.byte	0x5
 421 0044 CF020000 		.4byte	.LASF4
 422 0048 02       		.uleb128 0x2
 423 0049 04       		.byte	0x4
 424 004a 07       		.byte	0x7
 425 004b E9000000 		.4byte	.LASF5
 426 004f 02       		.uleb128 0x2
 427 0050 08       		.byte	0x8
 428 0051 05       		.byte	0x5
 429 0052 82020000 		.4byte	.LASF6
 430 0056 02       		.uleb128 0x2
 431 0057 08       		.byte	0x8
 432 0058 07       		.byte	0x7
 433 0059 99010000 		.4byte	.LASF7
 434 005d 03       		.uleb128 0x3
 435 005e 04       		.byte	0x4
 436 005f 05       		.byte	0x5
 437 0060 696E7400 		.ascii	"int\000"
 438 0064 02       		.uleb128 0x2
 439 0065 04       		.byte	0x4
 440 0066 07       		.byte	0x7
 441 0067 58000000 		.4byte	.LASF8
 442 006b 04       		.uleb128 0x4
 443 006c FB000000 		.4byte	.LASF9
 444 0070 02       		.byte	0x2
 445 0071 E401     		.2byte	0x1e4
 446 0073 2C000000 		.4byte	0x2c
 447 0077 04       		.uleb128 0x4
 448 0078 53010000 		.4byte	.LASF10
 449 007c 02       		.byte	0x2
 450 007d E501     		.2byte	0x1e5
 451 007f 3A000000 		.4byte	0x3a
 452 0083 04       		.uleb128 0x4
 453 0084 5A010000 		.4byte	.LASF11
 454 0088 02       		.byte	0x2
 455 0089 E601     		.2byte	0x1e6
 456 008b 48000000 		.4byte	0x48
 457 008f 02       		.uleb128 0x2
 458 0090 04       		.byte	0x4
 459 0091 04       		.byte	0x4
 460 0092 8B000000 		.4byte	.LASF12
ARM GAS  C:\Users\jagumiel\AppData\Local\Temp\cc7a5geW.s 			page 18


 461 0096 02       		.uleb128 0x2
 462 0097 08       		.byte	0x8
 463 0098 04       		.byte	0x4
 464 0099 0F010000 		.4byte	.LASF13
 465 009d 02       		.uleb128 0x2
 466 009e 01       		.byte	0x1
 467 009f 08       		.byte	0x8
 468 00a0 90020000 		.4byte	.LASF14
 469 00a4 05       		.uleb128 0x5
 470 00a5 6B000000 		.4byte	0x6b
 471 00a9 04       		.uleb128 0x4
 472 00aa 0E000000 		.4byte	.LASF15
 473 00ae 02       		.byte	0x2
 474 00af 9002     		.2byte	0x290
 475 00b1 B5000000 		.4byte	0xb5
 476 00b5 05       		.uleb128 0x5
 477 00b6 83000000 		.4byte	0x83
 478 00ba 02       		.uleb128 0x2
 479 00bb 08       		.byte	0x8
 480 00bc 04       		.byte	0x4
 481 00bd F5020000 		.4byte	.LASF16
 482 00c1 02       		.uleb128 0x2
 483 00c2 04       		.byte	0x4
 484 00c3 07       		.byte	0x7
 485 00c4 79020000 		.4byte	.LASF17
 486 00c8 06       		.uleb128 0x6
 487 00c9 C1020000 		.4byte	.LASF18
 488 00cd 01       		.byte	0x1
 489 00ce D3       		.byte	0xd3
 490 00cf 00000000 		.4byte	.LFB0
 491 00d3 D0000000 		.4byte	.LFE0-.LFB0
 492 00d7 01       		.uleb128 0x1
 493 00d8 9C       		.byte	0x9c
 494 00d9 18010000 		.4byte	0x118
 495 00dd 07       		.uleb128 0x7
 496 00de 36000000 		.4byte	.LVL0
 497 00e2 EC020000 		.4byte	0x2ec
 498 00e6 F0000000 		.4byte	0xf0
 499 00ea 08       		.uleb128 0x8
 500 00eb 01       		.uleb128 0x1
 501 00ec 50       		.byte	0x50
 502 00ed 01       		.uleb128 0x1
 503 00ee 3B       		.byte	0x3b
 504 00ef 00       		.byte	0
 505 00f0 07       		.uleb128 0x7
 506 00f1 3E000000 		.4byte	.LVL1
 507 00f5 F7020000 		.4byte	0x2f7
 508 00f9 08010000 		.4byte	0x108
 509 00fd 08       		.uleb128 0x8
 510 00fe 01       		.uleb128 0x1
 511 00ff 50       		.byte	0x50
 512 0100 01       		.uleb128 0x1
 513 0101 3B       		.byte	0x3b
 514 0102 08       		.uleb128 0x8
 515 0103 01       		.uleb128 0x1
 516 0104 51       		.byte	0x51
 517 0105 01       		.uleb128 0x1
ARM GAS  C:\Users\jagumiel\AppData\Local\Temp\cc7a5geW.s 			page 19


 518 0106 33       		.byte	0x33
 519 0107 00       		.byte	0
 520 0108 09       		.uleb128 0x9
 521 0109 46000000 		.4byte	.LVL2
 522 010d 02030000 		.4byte	0x302
 523 0111 08       		.uleb128 0x8
 524 0112 01       		.uleb128 0x1
 525 0113 50       		.byte	0x50
 526 0114 01       		.uleb128 0x1
 527 0115 3B       		.byte	0x3b
 528 0116 00       		.byte	0
 529 0117 00       		.byte	0
 530 0118 0A       		.uleb128 0xa
 531 0119 91000000 		.4byte	.LASF44
 532 011d 01       		.byte	0x1
 533 011e 1A01     		.2byte	0x11a
 534 0120 00000000 		.4byte	.LFB1
 535 0124 0C000000 		.4byte	.LFE1-.LFB1
 536 0128 01       		.uleb128 0x1
 537 0129 9C       		.byte	0x9c
 538 012a 0B       		.uleb128 0xb
 539 012b C1010000 		.4byte	.LASF22
 540 012f 01       		.byte	0x1
 541 0130 4901     		.2byte	0x149
 542 0132 83000000 		.4byte	0x83
 543 0136 00000000 		.4byte	.LFB2
 544 013a 24000000 		.4byte	.LFE2-.LFB2
 545 013e 01       		.uleb128 0x1
 546 013f 9C       		.byte	0x9c
 547 0140 77010000 		.4byte	0x177
 548 0144 0C       		.uleb128 0xc
 549 0145 65000000 		.4byte	.LASF20
 550 0149 01       		.byte	0x1
 551 014a 4B01     		.2byte	0x14b
 552 014c 83000000 		.4byte	0x83
 553 0150 00000000 		.4byte	.LLST0
 554 0154 07       		.uleb128 0x7
 555 0155 08000000 		.4byte	.LVL3
 556 0159 EC020000 		.4byte	0x2ec
 557 015d 67010000 		.4byte	0x167
 558 0161 08       		.uleb128 0x8
 559 0162 01       		.uleb128 0x1
 560 0163 50       		.byte	0x50
 561 0164 01       		.uleb128 0x1
 562 0165 3B       		.byte	0x3b
 563 0166 00       		.byte	0
 564 0167 09       		.uleb128 0x9
 565 0168 1C000000 		.4byte	.LVL5
 566 016c 0D030000 		.4byte	0x30d
 567 0170 08       		.uleb128 0x8
 568 0171 01       		.uleb128 0x1
 569 0172 50       		.byte	0x50
 570 0173 01       		.uleb128 0x1
 571 0174 3B       		.byte	0x3b
 572 0175 00       		.byte	0
 573 0176 00       		.byte	0
 574 0177 0D       		.uleb128 0xd
ARM GAS  C:\Users\jagumiel\AppData\Local\Temp\cc7a5geW.s 			page 20


 575 0178 01030000 		.4byte	.LASF19
 576 017c 01       		.byte	0x1
 577 017d 7D01     		.2byte	0x17d
 578 017f 00000000 		.4byte	.LFB3
 579 0183 18000000 		.4byte	.LFE3-.LFB3
 580 0187 01       		.uleb128 0x1
 581 0188 9C       		.byte	0x9c
 582 0189 B8010000 		.4byte	0x1b8
 583 018d 0E       		.uleb128 0xe
 584 018e 91010000 		.4byte	.LASF24
 585 0192 01       		.byte	0x1
 586 0193 7D01     		.2byte	0x17d
 587 0195 83000000 		.4byte	0x83
 588 0199 1E000000 		.4byte	.LLST1
 589 019d 0F       		.uleb128 0xf
 590 019e 02000000 		.4byte	.LBB2
 591 01a2 10000000 		.4byte	.LBE2-.LBB2
 592 01a6 0C       		.uleb128 0xc
 593 01a7 EC020000 		.4byte	.LASF21
 594 01ab 01       		.byte	0x1
 595 01ac 8801     		.2byte	0x188
 596 01ae 83000000 		.4byte	0x83
 597 01b2 4A000000 		.4byte	.LLST2
 598 01b6 00       		.byte	0
 599 01b7 00       		.byte	0
 600 01b8 0B       		.uleb128 0xb
 601 01b9 D6010000 		.4byte	.LASF23
 602 01bd 01       		.byte	0x1
 603 01be A601     		.2byte	0x1a6
 604 01c0 83000000 		.4byte	0x83
 605 01c4 00000000 		.4byte	.LFB4
 606 01c8 10000000 		.4byte	.LFE4-.LFB4
 607 01cc 01       		.uleb128 0x1
 608 01cd 9C       		.byte	0x9c
 609 01ce E1010000 		.4byte	0x1e1
 610 01d2 10       		.uleb128 0x10
 611 01d3 91010000 		.4byte	.LASF24
 612 01d7 01       		.byte	0x1
 613 01d8 A801     		.2byte	0x1a8
 614 01da 83000000 		.4byte	0x83
 615 01de 01       		.uleb128 0x1
 616 01df 50       		.byte	0x50
 617 01e0 00       		.byte	0
 618 01e1 0D       		.uleb128 0xd
 619 01e2 D8020000 		.4byte	.LASF25
 620 01e6 01       		.byte	0x1
 621 01e7 D501     		.2byte	0x1d5
 622 01e9 00000000 		.4byte	.LFB5
 623 01ed 30000000 		.4byte	.LFE5-.LFB5
 624 01f1 01       		.uleb128 0x1
 625 01f2 9C       		.byte	0x9c
 626 01f3 4A020000 		.4byte	0x24a
 627 01f7 0E       		.uleb128 0xe
 628 01f8 AC020000 		.4byte	.LASF26
 629 01fc 01       		.byte	0x1
 630 01fd D501     		.2byte	0x1d5
 631 01ff 83000000 		.4byte	0x83
ARM GAS  C:\Users\jagumiel\AppData\Local\Temp\cc7a5geW.s 			page 21


 632 0203 68000000 		.4byte	.LLST3
 633 0207 0E       		.uleb128 0xe
 634 0208 4D000000 		.4byte	.LASF27
 635 020c 01       		.byte	0x1
 636 020d D501     		.2byte	0x1d5
 637 020f 83000000 		.4byte	0x83
 638 0213 94000000 		.4byte	.LLST4
 639 0217 0E       		.uleb128 0xe
 640 0218 33000000 		.4byte	.LASF28
 641 021c 01       		.byte	0x1
 642 021d D501     		.2byte	0x1d5
 643 021f 4A020000 		.4byte	0x24a
 644 0223 C0000000 		.4byte	.LLST5
 645 0227 07       		.uleb128 0x7
 646 0228 10000000 		.4byte	.LVL16
 647 022c EC020000 		.4byte	0x2ec
 648 0230 3A020000 		.4byte	0x23a
 649 0234 08       		.uleb128 0x8
 650 0235 01       		.uleb128 0x1
 651 0236 50       		.byte	0x50
 652 0237 01       		.uleb128 0x1
 653 0238 3B       		.byte	0x3b
 654 0239 00       		.byte	0
 655 023a 09       		.uleb128 0x9
 656 023b 22000000 		.4byte	.LVL17
 657 023f 0D030000 		.4byte	0x30d
 658 0243 08       		.uleb128 0x8
 659 0244 01       		.uleb128 0x1
 660 0245 50       		.byte	0x50
 661 0246 01       		.uleb128 0x1
 662 0247 3B       		.byte	0x3b
 663 0248 00       		.byte	0
 664 0249 00       		.byte	0
 665 024a 11       		.uleb128 0x11
 666 024b 04       		.byte	0x4
 667 024c A4000000 		.4byte	0xa4
 668 0250 0D       		.uleb128 0xd
 669 0251 61010000 		.4byte	.LASF29
 670 0255 01       		.byte	0x1
 671 0256 FA01     		.2byte	0x1fa
 672 0258 00000000 		.4byte	.LFB6
 673 025c 0C000000 		.4byte	.LFE6-.LFB6
 674 0260 01       		.uleb128 0x1
 675 0261 9C       		.byte	0x9c
 676 0262 75020000 		.4byte	0x275
 677 0266 12       		.uleb128 0x12
 678 0267 4D000000 		.4byte	.LASF27
 679 026b 01       		.byte	0x1
 680 026c FA01     		.2byte	0x1fa
 681 026e 83000000 		.4byte	0x83
 682 0272 01       		.uleb128 0x1
 683 0273 50       		.byte	0x50
 684 0274 00       		.byte	0
 685 0275 13       		.uleb128 0x13
 686 0276 45010000 		.4byte	.LASF30
 687 027a 01       		.byte	0x1
 688 027b 1B       		.byte	0x1b
ARM GAS  C:\Users\jagumiel\AppData\Local\Temp\cc7a5geW.s 			page 22


 689 027c A4000000 		.4byte	0xa4
 690 0280 05       		.uleb128 0x5
 691 0281 03       		.byte	0x3
 692 0282 00000000 		.4byte	I2C_curStatus
 693 0286 13       		.uleb128 0x13
 694 0287 B4020000 		.4byte	.LASF31
 695 028b 01       		.byte	0x1
 696 028c 1C       		.byte	0x1c
 697 028d 6B000000 		.4byte	0x6b
 698 0291 05       		.uleb128 0x5
 699 0292 03       		.byte	0x3
 700 0293 00000000 		.4byte	I2C_fsmState
 701 0297 13       		.uleb128 0x13
 702 0298 6C000000 		.4byte	.LASF32
 703 029c 01       		.byte	0x1
 704 029d 1F       		.byte	0x1f
 705 029e 4A020000 		.4byte	0x24a
 706 02a2 05       		.uleb128 0x5
 707 02a3 03       		.byte	0x3
 708 02a4 00000000 		.4byte	I2C_dataBuffer1
 709 02a8 13       		.uleb128 0x13
 710 02a9 81010000 		.4byte	.LASF33
 711 02ad 01       		.byte	0x1
 712 02ae 20       		.byte	0x20
 713 02af 77000000 		.4byte	0x77
 714 02b3 05       		.uleb128 0x5
 715 02b4 03       		.byte	0x3
 716 02b5 00000000 		.4byte	I2C_bufSizeBuf1
 717 02b9 13       		.uleb128 0x13
 718 02ba 14000000 		.4byte	.LASF34
 719 02be 01       		.byte	0x1
 720 02bf 21       		.byte	0x21
 721 02c0 77000000 		.4byte	0x77
 722 02c4 05       		.uleb128 0x5
 723 02c5 03       		.byte	0x3
 724 02c6 00000000 		.4byte	I2C_protectBuf1
 725 02ca 13       		.uleb128 0x13
 726 02cb 7C000000 		.4byte	.LASF35
 727 02cf 01       		.byte	0x1
 728 02d0 22       		.byte	0x22
 729 02d1 6B000000 		.4byte	0x6b
 730 02d5 05       		.uleb128 0x5
 731 02d6 03       		.byte	0x3
 732 02d7 00000000 		.4byte	I2C_offsetBuf1
 733 02db 13       		.uleb128 0x13
 734 02dc 00000000 		.4byte	.LASF36
 735 02e0 01       		.byte	0x1
 736 02e1 23       		.byte	0x23
 737 02e2 77000000 		.4byte	0x77
 738 02e6 05       		.uleb128 0x5
 739 02e7 03       		.byte	0x3
 740 02e8 00000000 		.4byte	I2C_indexBuf1
 741 02ec 14       		.uleb128 0x14
 742 02ed 95020000 		.4byte	.LASF37
 743 02f1 95020000 		.4byte	.LASF37
 744 02f5 03       		.byte	0x3
 745 02f6 C5       		.byte	0xc5
ARM GAS  C:\Users\jagumiel\AppData\Local\Temp\cc7a5geW.s 			page 23


 746 02f7 14       		.uleb128 0x14
 747 02f8 B0010000 		.4byte	.LASF38
 748 02fc B0010000 		.4byte	.LASF38
 749 0300 03       		.byte	0x3
 750 0301 C0       		.byte	0xc0
 751 0302 14       		.uleb128 0x14
 752 0303 24000000 		.4byte	.LASF39
 753 0307 24000000 		.4byte	.LASF39
 754 030b 03       		.byte	0x3
 755 030c BD       		.byte	0xbd
 756 030d 14       		.uleb128 0x14
 757 030e 16010000 		.4byte	.LASF40
 758 0312 16010000 		.4byte	.LASF40
 759 0316 03       		.byte	0x3
 760 0317 C3       		.byte	0xc3
 761 0318 00       		.byte	0
 762              		.section	.debug_abbrev,"",%progbits
 763              	.Ldebug_abbrev0:
 764 0000 01       		.uleb128 0x1
 765 0001 11       		.uleb128 0x11
 766 0002 01       		.byte	0x1
 767 0003 25       		.uleb128 0x25
 768 0004 0E       		.uleb128 0xe
 769 0005 13       		.uleb128 0x13
 770 0006 0B       		.uleb128 0xb
 771 0007 03       		.uleb128 0x3
 772 0008 0E       		.uleb128 0xe
 773 0009 1B       		.uleb128 0x1b
 774 000a 0E       		.uleb128 0xe
 775 000b 55       		.uleb128 0x55
 776 000c 17       		.uleb128 0x17
 777 000d 11       		.uleb128 0x11
 778 000e 01       		.uleb128 0x1
 779 000f 10       		.uleb128 0x10
 780 0010 17       		.uleb128 0x17
 781 0011 00       		.byte	0
 782 0012 00       		.byte	0
 783 0013 02       		.uleb128 0x2
 784 0014 24       		.uleb128 0x24
 785 0015 00       		.byte	0
 786 0016 0B       		.uleb128 0xb
 787 0017 0B       		.uleb128 0xb
 788 0018 3E       		.uleb128 0x3e
 789 0019 0B       		.uleb128 0xb
 790 001a 03       		.uleb128 0x3
 791 001b 0E       		.uleb128 0xe
 792 001c 00       		.byte	0
 793 001d 00       		.byte	0
 794 001e 03       		.uleb128 0x3
 795 001f 24       		.uleb128 0x24
 796 0020 00       		.byte	0
 797 0021 0B       		.uleb128 0xb
 798 0022 0B       		.uleb128 0xb
 799 0023 3E       		.uleb128 0x3e
 800 0024 0B       		.uleb128 0xb
 801 0025 03       		.uleb128 0x3
 802 0026 08       		.uleb128 0x8
ARM GAS  C:\Users\jagumiel\AppData\Local\Temp\cc7a5geW.s 			page 24


 803 0027 00       		.byte	0
 804 0028 00       		.byte	0
 805 0029 04       		.uleb128 0x4
 806 002a 16       		.uleb128 0x16
 807 002b 00       		.byte	0
 808 002c 03       		.uleb128 0x3
 809 002d 0E       		.uleb128 0xe
 810 002e 3A       		.uleb128 0x3a
 811 002f 0B       		.uleb128 0xb
 812 0030 3B       		.uleb128 0x3b
 813 0031 05       		.uleb128 0x5
 814 0032 49       		.uleb128 0x49
 815 0033 13       		.uleb128 0x13
 816 0034 00       		.byte	0
 817 0035 00       		.byte	0
 818 0036 05       		.uleb128 0x5
 819 0037 35       		.uleb128 0x35
 820 0038 00       		.byte	0
 821 0039 49       		.uleb128 0x49
 822 003a 13       		.uleb128 0x13
 823 003b 00       		.byte	0
 824 003c 00       		.byte	0
 825 003d 06       		.uleb128 0x6
 826 003e 2E       		.uleb128 0x2e
 827 003f 01       		.byte	0x1
 828 0040 3F       		.uleb128 0x3f
 829 0041 19       		.uleb128 0x19
 830 0042 03       		.uleb128 0x3
 831 0043 0E       		.uleb128 0xe
 832 0044 3A       		.uleb128 0x3a
 833 0045 0B       		.uleb128 0xb
 834 0046 3B       		.uleb128 0x3b
 835 0047 0B       		.uleb128 0xb
 836 0048 27       		.uleb128 0x27
 837 0049 19       		.uleb128 0x19
 838 004a 11       		.uleb128 0x11
 839 004b 01       		.uleb128 0x1
 840 004c 12       		.uleb128 0x12
 841 004d 06       		.uleb128 0x6
 842 004e 40       		.uleb128 0x40
 843 004f 18       		.uleb128 0x18
 844 0050 9742     		.uleb128 0x2117
 845 0052 19       		.uleb128 0x19
 846 0053 01       		.uleb128 0x1
 847 0054 13       		.uleb128 0x13
 848 0055 00       		.byte	0
 849 0056 00       		.byte	0
 850 0057 07       		.uleb128 0x7
 851 0058 898201   		.uleb128 0x4109
 852 005b 01       		.byte	0x1
 853 005c 11       		.uleb128 0x11
 854 005d 01       		.uleb128 0x1
 855 005e 31       		.uleb128 0x31
 856 005f 13       		.uleb128 0x13
 857 0060 01       		.uleb128 0x1
 858 0061 13       		.uleb128 0x13
 859 0062 00       		.byte	0
ARM GAS  C:\Users\jagumiel\AppData\Local\Temp\cc7a5geW.s 			page 25


 860 0063 00       		.byte	0
 861 0064 08       		.uleb128 0x8
 862 0065 8A8201   		.uleb128 0x410a
 863 0068 00       		.byte	0
 864 0069 02       		.uleb128 0x2
 865 006a 18       		.uleb128 0x18
 866 006b 9142     		.uleb128 0x2111
 867 006d 18       		.uleb128 0x18
 868 006e 00       		.byte	0
 869 006f 00       		.byte	0
 870 0070 09       		.uleb128 0x9
 871 0071 898201   		.uleb128 0x4109
 872 0074 01       		.byte	0x1
 873 0075 11       		.uleb128 0x11
 874 0076 01       		.uleb128 0x1
 875 0077 31       		.uleb128 0x31
 876 0078 13       		.uleb128 0x13
 877 0079 00       		.byte	0
 878 007a 00       		.byte	0
 879 007b 0A       		.uleb128 0xa
 880 007c 2E       		.uleb128 0x2e
 881 007d 00       		.byte	0
 882 007e 3F       		.uleb128 0x3f
 883 007f 19       		.uleb128 0x19
 884 0080 03       		.uleb128 0x3
 885 0081 0E       		.uleb128 0xe
 886 0082 3A       		.uleb128 0x3a
 887 0083 0B       		.uleb128 0xb
 888 0084 3B       		.uleb128 0x3b
 889 0085 05       		.uleb128 0x5
 890 0086 27       		.uleb128 0x27
 891 0087 19       		.uleb128 0x19
 892 0088 11       		.uleb128 0x11
 893 0089 01       		.uleb128 0x1
 894 008a 12       		.uleb128 0x12
 895 008b 06       		.uleb128 0x6
 896 008c 40       		.uleb128 0x40
 897 008d 18       		.uleb128 0x18
 898 008e 9742     		.uleb128 0x2117
 899 0090 19       		.uleb128 0x19
 900 0091 00       		.byte	0
 901 0092 00       		.byte	0
 902 0093 0B       		.uleb128 0xb
 903 0094 2E       		.uleb128 0x2e
 904 0095 01       		.byte	0x1
 905 0096 3F       		.uleb128 0x3f
 906 0097 19       		.uleb128 0x19
 907 0098 03       		.uleb128 0x3
 908 0099 0E       		.uleb128 0xe
 909 009a 3A       		.uleb128 0x3a
 910 009b 0B       		.uleb128 0xb
 911 009c 3B       		.uleb128 0x3b
 912 009d 05       		.uleb128 0x5
 913 009e 27       		.uleb128 0x27
 914 009f 19       		.uleb128 0x19
 915 00a0 49       		.uleb128 0x49
 916 00a1 13       		.uleb128 0x13
ARM GAS  C:\Users\jagumiel\AppData\Local\Temp\cc7a5geW.s 			page 26


 917 00a2 11       		.uleb128 0x11
 918 00a3 01       		.uleb128 0x1
 919 00a4 12       		.uleb128 0x12
 920 00a5 06       		.uleb128 0x6
 921 00a6 40       		.uleb128 0x40
 922 00a7 18       		.uleb128 0x18
 923 00a8 9742     		.uleb128 0x2117
 924 00aa 19       		.uleb128 0x19
 925 00ab 01       		.uleb128 0x1
 926 00ac 13       		.uleb128 0x13
 927 00ad 00       		.byte	0
 928 00ae 00       		.byte	0
 929 00af 0C       		.uleb128 0xc
 930 00b0 34       		.uleb128 0x34
 931 00b1 00       		.byte	0
 932 00b2 03       		.uleb128 0x3
 933 00b3 0E       		.uleb128 0xe
 934 00b4 3A       		.uleb128 0x3a
 935 00b5 0B       		.uleb128 0xb
 936 00b6 3B       		.uleb128 0x3b
 937 00b7 05       		.uleb128 0x5
 938 00b8 49       		.uleb128 0x49
 939 00b9 13       		.uleb128 0x13
 940 00ba 02       		.uleb128 0x2
 941 00bb 17       		.uleb128 0x17
 942 00bc 00       		.byte	0
 943 00bd 00       		.byte	0
 944 00be 0D       		.uleb128 0xd
 945 00bf 2E       		.uleb128 0x2e
 946 00c0 01       		.byte	0x1
 947 00c1 3F       		.uleb128 0x3f
 948 00c2 19       		.uleb128 0x19
 949 00c3 03       		.uleb128 0x3
 950 00c4 0E       		.uleb128 0xe
 951 00c5 3A       		.uleb128 0x3a
 952 00c6 0B       		.uleb128 0xb
 953 00c7 3B       		.uleb128 0x3b
 954 00c8 05       		.uleb128 0x5
 955 00c9 27       		.uleb128 0x27
 956 00ca 19       		.uleb128 0x19
 957 00cb 11       		.uleb128 0x11
 958 00cc 01       		.uleb128 0x1
 959 00cd 12       		.uleb128 0x12
 960 00ce 06       		.uleb128 0x6
 961 00cf 40       		.uleb128 0x40
 962 00d0 18       		.uleb128 0x18
 963 00d1 9742     		.uleb128 0x2117
 964 00d3 19       		.uleb128 0x19
 965 00d4 01       		.uleb128 0x1
 966 00d5 13       		.uleb128 0x13
 967 00d6 00       		.byte	0
 968 00d7 00       		.byte	0
 969 00d8 0E       		.uleb128 0xe
 970 00d9 05       		.uleb128 0x5
 971 00da 00       		.byte	0
 972 00db 03       		.uleb128 0x3
 973 00dc 0E       		.uleb128 0xe
ARM GAS  C:\Users\jagumiel\AppData\Local\Temp\cc7a5geW.s 			page 27


 974 00dd 3A       		.uleb128 0x3a
 975 00de 0B       		.uleb128 0xb
 976 00df 3B       		.uleb128 0x3b
 977 00e0 05       		.uleb128 0x5
 978 00e1 49       		.uleb128 0x49
 979 00e2 13       		.uleb128 0x13
 980 00e3 02       		.uleb128 0x2
 981 00e4 17       		.uleb128 0x17
 982 00e5 00       		.byte	0
 983 00e6 00       		.byte	0
 984 00e7 0F       		.uleb128 0xf
 985 00e8 0B       		.uleb128 0xb
 986 00e9 01       		.byte	0x1
 987 00ea 11       		.uleb128 0x11
 988 00eb 01       		.uleb128 0x1
 989 00ec 12       		.uleb128 0x12
 990 00ed 06       		.uleb128 0x6
 991 00ee 00       		.byte	0
 992 00ef 00       		.byte	0
 993 00f0 10       		.uleb128 0x10
 994 00f1 34       		.uleb128 0x34
 995 00f2 00       		.byte	0
 996 00f3 03       		.uleb128 0x3
 997 00f4 0E       		.uleb128 0xe
 998 00f5 3A       		.uleb128 0x3a
 999 00f6 0B       		.uleb128 0xb
 1000 00f7 3B       		.uleb128 0x3b
 1001 00f8 05       		.uleb128 0x5
 1002 00f9 49       		.uleb128 0x49
 1003 00fa 13       		.uleb128 0x13
 1004 00fb 02       		.uleb128 0x2
 1005 00fc 18       		.uleb128 0x18
 1006 00fd 00       		.byte	0
 1007 00fe 00       		.byte	0
 1008 00ff 11       		.uleb128 0x11
 1009 0100 0F       		.uleb128 0xf
 1010 0101 00       		.byte	0
 1011 0102 0B       		.uleb128 0xb
 1012 0103 0B       		.uleb128 0xb
 1013 0104 49       		.uleb128 0x49
 1014 0105 13       		.uleb128 0x13
 1015 0106 00       		.byte	0
 1016 0107 00       		.byte	0
 1017 0108 12       		.uleb128 0x12
 1018 0109 05       		.uleb128 0x5
 1019 010a 00       		.byte	0
 1020 010b 03       		.uleb128 0x3
 1021 010c 0E       		.uleb128 0xe
 1022 010d 3A       		.uleb128 0x3a
 1023 010e 0B       		.uleb128 0xb
 1024 010f 3B       		.uleb128 0x3b
 1025 0110 05       		.uleb128 0x5
 1026 0111 49       		.uleb128 0x49
 1027 0112 13       		.uleb128 0x13
 1028 0113 02       		.uleb128 0x2
 1029 0114 18       		.uleb128 0x18
 1030 0115 00       		.byte	0
ARM GAS  C:\Users\jagumiel\AppData\Local\Temp\cc7a5geW.s 			page 28


 1031 0116 00       		.byte	0
 1032 0117 13       		.uleb128 0x13
 1033 0118 34       		.uleb128 0x34
 1034 0119 00       		.byte	0
 1035 011a 03       		.uleb128 0x3
 1036 011b 0E       		.uleb128 0xe
 1037 011c 3A       		.uleb128 0x3a
 1038 011d 0B       		.uleb128 0xb
 1039 011e 3B       		.uleb128 0x3b
 1040 011f 0B       		.uleb128 0xb
 1041 0120 49       		.uleb128 0x49
 1042 0121 13       		.uleb128 0x13
 1043 0122 3F       		.uleb128 0x3f
 1044 0123 19       		.uleb128 0x19
 1045 0124 02       		.uleb128 0x2
 1046 0125 18       		.uleb128 0x18
 1047 0126 00       		.byte	0
 1048 0127 00       		.byte	0
 1049 0128 14       		.uleb128 0x14
 1050 0129 2E       		.uleb128 0x2e
 1051 012a 00       		.byte	0
 1052 012b 3F       		.uleb128 0x3f
 1053 012c 19       		.uleb128 0x19
 1054 012d 3C       		.uleb128 0x3c
 1055 012e 19       		.uleb128 0x19
 1056 012f 6E       		.uleb128 0x6e
 1057 0130 0E       		.uleb128 0xe
 1058 0131 03       		.uleb128 0x3
 1059 0132 0E       		.uleb128 0xe
 1060 0133 3A       		.uleb128 0x3a
 1061 0134 0B       		.uleb128 0xb
 1062 0135 3B       		.uleb128 0x3b
 1063 0136 0B       		.uleb128 0xb
 1064 0137 00       		.byte	0
 1065 0138 00       		.byte	0
 1066 0139 00       		.byte	0
 1067              		.section	.debug_loc,"",%progbits
 1068              	.Ldebug_loc0:
 1069              	.LLST0:
 1070 0000 0E000000 		.4byte	.LVL4
 1071 0004 1E000000 		.4byte	.LVL6
 1072 0008 0100     		.2byte	0x1
 1073 000a 54       		.byte	0x54
 1074 000b 1E000000 		.4byte	.LVL6
 1075 000f 24000000 		.4byte	.LFE2
 1076 0013 0100     		.2byte	0x1
 1077 0015 50       		.byte	0x50
 1078 0016 00000000 		.4byte	0
 1079 001a 00000000 		.4byte	0
 1080              	.LLST1:
 1081 001e 00000000 		.4byte	.LVL7
 1082 0022 08000000 		.4byte	.LVL9
 1083 0026 0100     		.2byte	0x1
 1084 0028 50       		.byte	0x50
 1085 0029 08000000 		.4byte	.LVL9
 1086 002d 0C000000 		.4byte	.LVL11
 1087 0031 0100     		.2byte	0x1
ARM GAS  C:\Users\jagumiel\AppData\Local\Temp\cc7a5geW.s 			page 29


 1088 0033 53       		.byte	0x53
 1089 0034 0C000000 		.4byte	.LVL11
 1090 0038 18000000 		.4byte	.LFE3
 1091 003c 0400     		.2byte	0x4
 1092 003e F3       		.byte	0xf3
 1093 003f 01       		.uleb128 0x1
 1094 0040 50       		.byte	0x50
 1095 0041 9F       		.byte	0x9f
 1096 0042 00000000 		.4byte	0
 1097 0046 00000000 		.4byte	0
 1098              	.LLST2:
 1099 004a 06000000 		.4byte	.LVL8
 1100 004e 10000000 		.4byte	.LVL12
 1101 0052 0100     		.2byte	0x1
 1102 0054 52       		.byte	0x52
 1103 0055 10000000 		.4byte	.LVL12
 1104 0059 18000000 		.4byte	.LFE3
 1105 005d 0100     		.2byte	0x1
 1106 005f 50       		.byte	0x50
 1107 0060 00000000 		.4byte	0
 1108 0064 00000000 		.4byte	0
 1109              	.LLST3:
 1110 0068 00000000 		.4byte	.LVL14
 1111 006c 0C000000 		.4byte	.LVL15
 1112 0070 0100     		.2byte	0x1
 1113 0072 50       		.byte	0x50
 1114 0073 0C000000 		.4byte	.LVL15
 1115 0077 22000000 		.4byte	.LVL20
 1116 007b 0100     		.2byte	0x1
 1117 007d 56       		.byte	0x56
 1118 007e 22000000 		.4byte	.LVL20
 1119 0082 30000000 		.4byte	.LFE5
 1120 0086 0400     		.2byte	0x4
 1121 0088 F3       		.byte	0xf3
 1122 0089 01       		.uleb128 0x1
 1123 008a 50       		.byte	0x50
 1124 008b 9F       		.byte	0x9f
 1125 008c 00000000 		.4byte	0
 1126 0090 00000000 		.4byte	0
 1127              	.LLST4:
 1128 0094 00000000 		.4byte	.LVL14
 1129 0098 0F000000 		.4byte	.LVL16-1
 1130 009c 0100     		.2byte	0x1
 1131 009e 51       		.byte	0x51
 1132 009f 0F000000 		.4byte	.LVL16-1
 1133 00a3 22000000 		.4byte	.LVL19
 1134 00a7 0100     		.2byte	0x1
 1135 00a9 55       		.byte	0x55
 1136 00aa 22000000 		.4byte	.LVL19
 1137 00ae 30000000 		.4byte	.LFE5
 1138 00b2 0400     		.2byte	0x4
 1139 00b4 F3       		.byte	0xf3
 1140 00b5 01       		.uleb128 0x1
 1141 00b6 51       		.byte	0x51
 1142 00b7 9F       		.byte	0x9f
 1143 00b8 00000000 		.4byte	0
 1144 00bc 00000000 		.4byte	0
ARM GAS  C:\Users\jagumiel\AppData\Local\Temp\cc7a5geW.s 			page 30


 1145              	.LLST5:
 1146 00c0 00000000 		.4byte	.LVL14
 1147 00c4 0F000000 		.4byte	.LVL16-1
 1148 00c8 0100     		.2byte	0x1
 1149 00ca 52       		.byte	0x52
 1150 00cb 0F000000 		.4byte	.LVL16-1
 1151 00cf 22000000 		.4byte	.LVL18
 1152 00d3 0100     		.2byte	0x1
 1153 00d5 54       		.byte	0x54
 1154 00d6 22000000 		.4byte	.LVL18
 1155 00da 30000000 		.4byte	.LFE5
 1156 00de 0400     		.2byte	0x4
 1157 00e0 F3       		.byte	0xf3
 1158 00e1 01       		.uleb128 0x1
 1159 00e2 52       		.byte	0x52
 1160 00e3 9F       		.byte	0x9f
 1161 00e4 00000000 		.4byte	0
 1162 00e8 00000000 		.4byte	0
 1163              		.section	.debug_aranges,"",%progbits
 1164 0000 4C000000 		.4byte	0x4c
 1165 0004 0200     		.2byte	0x2
 1166 0006 00000000 		.4byte	.Ldebug_info0
 1167 000a 04       		.byte	0x4
 1168 000b 00       		.byte	0
 1169 000c 0000     		.2byte	0
 1170 000e 0000     		.2byte	0
 1171 0010 00000000 		.4byte	.LFB0
 1172 0014 D0000000 		.4byte	.LFE0-.LFB0
 1173 0018 00000000 		.4byte	.LFB1
 1174 001c 0C000000 		.4byte	.LFE1-.LFB1
 1175 0020 00000000 		.4byte	.LFB2
 1176 0024 24000000 		.4byte	.LFE2-.LFB2
 1177 0028 00000000 		.4byte	.LFB3
 1178 002c 18000000 		.4byte	.LFE3-.LFB3
 1179 0030 00000000 		.4byte	.LFB4
 1180 0034 10000000 		.4byte	.LFE4-.LFB4
 1181 0038 00000000 		.4byte	.LFB5
 1182 003c 30000000 		.4byte	.LFE5-.LFB5
 1183 0040 00000000 		.4byte	.LFB6
 1184 0044 0C000000 		.4byte	.LFE6-.LFB6
 1185 0048 00000000 		.4byte	0
 1186 004c 00000000 		.4byte	0
 1187              		.section	.debug_ranges,"",%progbits
 1188              	.Ldebug_ranges0:
 1189 0000 00000000 		.4byte	.LFB0
 1190 0004 D0000000 		.4byte	.LFE0
 1191 0008 00000000 		.4byte	.LFB1
 1192 000c 0C000000 		.4byte	.LFE1
 1193 0010 00000000 		.4byte	.LFB2
 1194 0014 24000000 		.4byte	.LFE2
 1195 0018 00000000 		.4byte	.LFB3
 1196 001c 18000000 		.4byte	.LFE3
 1197 0020 00000000 		.4byte	.LFB4
 1198 0024 10000000 		.4byte	.LFE4
 1199 0028 00000000 		.4byte	.LFB5
 1200 002c 30000000 		.4byte	.LFE5
 1201 0030 00000000 		.4byte	.LFB6
ARM GAS  C:\Users\jagumiel\AppData\Local\Temp\cc7a5geW.s 			page 31


 1202 0034 0C000000 		.4byte	.LFE6
 1203 0038 00000000 		.4byte	0
 1204 003c 00000000 		.4byte	0
 1205              		.section	.debug_line,"",%progbits
 1206              	.Ldebug_line0:
 1207 0000 FE000000 		.section	.debug_str,"MS",%progbits,1
 1207      02005100 
 1207      00000201 
 1207      FB0E0D00 
 1207      01010101 
 1208              	.LASF36:
 1209 0000 4932435F 		.ascii	"I2C_indexBuf1\000"
 1209      696E6465 
 1209      78427566 
 1209      3100
 1210              	.LASF15:
 1211 000e 72656733 		.ascii	"reg32\000"
 1211      3200
 1212              	.LASF34:
 1213 0014 4932435F 		.ascii	"I2C_protectBuf1\000"
 1213      70726F74 
 1213      65637442 
 1213      75663100 
 1214              	.LASF39:
 1215 0024 4379496E 		.ascii	"CyIntSetVector\000"
 1215      74536574 
 1215      56656374 
 1215      6F7200
 1216              	.LASF28:
 1217 0033 62756666 		.ascii	"buffer\000"
 1217      657200
 1218              	.LASF3:
 1219 003a 73686F72 		.ascii	"short unsigned int\000"
 1219      7420756E 
 1219      7369676E 
 1219      65642069 
 1219      6E7400
 1220              	.LASF27:
 1221 004d 7277426F 		.ascii	"rwBoundary\000"
 1221      756E6461 
 1221      727900
 1222              	.LASF8:
 1223 0058 756E7369 		.ascii	"unsigned int\000"
 1223      676E6564 
 1223      20696E74 
 1223      00
 1224              	.LASF20:
 1225 0065 73746174 		.ascii	"status\000"
 1225      757300
 1226              	.LASF32:
 1227 006c 4932435F 		.ascii	"I2C_dataBuffer1\000"
 1227      64617461 
 1227      42756666 
 1227      65723100 
 1228              	.LASF35:
 1229 007c 4932435F 		.ascii	"I2C_offsetBuf1\000"
 1229      6F666673 
ARM GAS  C:\Users\jagumiel\AppData\Local\Temp\cc7a5geW.s 			page 32


 1229      65744275 
 1229      663100
 1230              	.LASF12:
 1231 008b 666C6F61 		.ascii	"float\000"
 1231      7400
 1232              	.LASF44:
 1233 0091 4932435F 		.ascii	"I2C_EzI2CStop\000"
 1233      457A4932 
 1233      4353746F 
 1233      7000
 1234              	.LASF43:
 1235 009f 443A5C55 		.ascii	"D:\\Users\\jagumiel\\Documents\\PSoC Creator\\PSoC-"
 1235      73657273 
 1235      5C6A6167 
 1235      756D6965 
 1235      6C5C446F 
 1236 00cd 3130315C 		.ascii	"101\\PSoC-101\\Lesson11.cydsn\000"
 1236      50536F43 
 1236      2D313031 
 1236      5C4C6573 
 1236      736F6E31 
 1237              	.LASF5:
 1238 00e9 6C6F6E67 		.ascii	"long unsigned int\000"
 1238      20756E73 
 1238      69676E65 
 1238      6420696E 
 1238      7400
 1239              	.LASF9:
 1240 00fb 75696E74 		.ascii	"uint8\000"
 1240      3800
 1241              	.LASF1:
 1242 0101 756E7369 		.ascii	"unsigned char\000"
 1242      676E6564 
 1242      20636861 
 1242      7200
 1243              	.LASF13:
 1244 010f 646F7562 		.ascii	"double\000"
 1244      6C6500
 1245              	.LASF40:
 1246 0116 4379496E 		.ascii	"CyIntEnable\000"
 1246      74456E61 
 1246      626C6500 
 1247              	.LASF42:
 1248 0122 47656E65 		.ascii	"Generated_Source\\PSoC4\\I2C_EZI2C.c\000"
 1248      72617465 
 1248      645F536F 
 1248      75726365 
 1248      5C50536F 
 1249              	.LASF30:
 1250 0145 4932435F 		.ascii	"I2C_curStatus\000"
 1250      63757253 
 1250      74617475 
 1250      7300
 1251              	.LASF10:
 1252 0153 75696E74 		.ascii	"uint16\000"
 1252      313600
 1253              	.LASF11:
ARM GAS  C:\Users\jagumiel\AppData\Local\Temp\cc7a5geW.s 			page 33


 1254 015a 75696E74 		.ascii	"uint32\000"
 1254      333200
 1255              	.LASF29:
 1256 0161 4932435F 		.ascii	"I2C_EzI2CSetReadBoundaryBuffer1\000"
 1256      457A4932 
 1256      43536574 
 1256      52656164 
 1256      426F756E 
 1257              	.LASF33:
 1258 0181 4932435F 		.ascii	"I2C_bufSizeBuf1\000"
 1258      62756653 
 1258      697A6542 
 1258      75663100 
 1259              	.LASF24:
 1260 0191 61646472 		.ascii	"address\000"
 1260      65737300 
 1261              	.LASF7:
 1262 0199 6C6F6E67 		.ascii	"long long unsigned int\000"
 1262      206C6F6E 
 1262      6720756E 
 1262      7369676E 
 1262      65642069 
 1263              	.LASF38:
 1264 01b0 4379496E 		.ascii	"CyIntSetPriority\000"
 1264      74536574 
 1264      5072696F 
 1264      72697479 
 1264      00
 1265              	.LASF22:
 1266 01c1 4932435F 		.ascii	"I2C_EzI2CGetActivity\000"
 1266      457A4932 
 1266      43476574 
 1266      41637469 
 1266      76697479 
 1267              	.LASF23:
 1268 01d6 4932435F 		.ascii	"I2C_EzI2CGetAddress1\000"
 1268      457A4932 
 1268      43476574 
 1268      41646472 
 1268      65737331 
 1269              	.LASF41:
 1270 01eb 474E5520 		.ascii	"GNU C11 5.4.1 20160609 (release) [ARM/embedded-5-br"
 1270      43313120 
 1270      352E342E 
 1270      31203230 
 1270      31363036 
 1271 021e 616E6368 		.ascii	"anch revision 237715] -mcpu=cortex-m0 -mthumb -g -O"
 1271      20726576 
 1271      6973696F 
 1271      6E203233 
 1271      37373135 
 1272 0251 67202D66 		.ascii	"g -ffunction-sections -ffat-lto-objects\000"
 1272      66756E63 
 1272      74696F6E 
 1272      2D736563 
 1272      74696F6E 
 1273              	.LASF17:
ARM GAS  C:\Users\jagumiel\AppData\Local\Temp\cc7a5geW.s 			page 34


 1274 0279 73697A65 		.ascii	"sizetype\000"
 1274      74797065 
 1274      00
 1275              	.LASF6:
 1276 0282 6C6F6E67 		.ascii	"long long int\000"
 1276      206C6F6E 
 1276      6720696E 
 1276      7400
 1277              	.LASF14:
 1278 0290 63686172 		.ascii	"char\000"
 1278      00
 1279              	.LASF37:
 1280 0295 4379496E 		.ascii	"CyIntDisable\000"
 1280      74446973 
 1280      61626C65 
 1280      00
 1281              	.LASF2:
 1282 02a2 73686F72 		.ascii	"short int\000"
 1282      7420696E 
 1282      7400
 1283              	.LASF26:
 1284 02ac 62756653 		.ascii	"bufSize\000"
 1284      697A6500 
 1285              	.LASF31:
 1286 02b4 4932435F 		.ascii	"I2C_fsmState\000"
 1286      66736D53 
 1286      74617465 
 1286      00
 1287              	.LASF18:
 1288 02c1 4932435F 		.ascii	"I2C_EzI2CInit\000"
 1288      457A4932 
 1288      43496E69 
 1288      7400
 1289              	.LASF4:
 1290 02cf 6C6F6E67 		.ascii	"long int\000"
 1290      20696E74 
 1290      00
 1291              	.LASF25:
 1292 02d8 4932435F 		.ascii	"I2C_EzI2CSetBuffer1\000"
 1292      457A4932 
 1292      43536574 
 1292      42756666 
 1292      65723100 
 1293              	.LASF21:
 1294 02ec 6D617463 		.ascii	"matchReg\000"
 1294      68526567 
 1294      00
 1295              	.LASF16:
 1296 02f5 6C6F6E67 		.ascii	"long double\000"
 1296      20646F75 
 1296      626C6500 
 1297              	.LASF19:
 1298 0301 4932435F 		.ascii	"I2C_EzI2CSetAddress1\000"
 1298      457A4932 
 1298      43536574 
 1298      41646472 
 1298      65737331 
ARM GAS  C:\Users\jagumiel\AppData\Local\Temp\cc7a5geW.s 			page 35


 1299              	.LASF0:
 1300 0316 7369676E 		.ascii	"signed char\000"
 1300      65642063 
 1300      68617200 
 1301              		.ident	"GCC: (GNU Tools for ARM Embedded Processors) 5.4.1 20160609 (release) [ARM/embedded-5-bran
