ARM GAS  C:\Users\jagumiel\AppData\Local\Temp\ccriSRRa.s 			page 1


   1              		.syntax unified
   2              		.cpu cortex-m0
   3              		.fpu softvfp
   4              		.eabi_attribute 20, 1
   5              		.eabi_attribute 21, 1
   6              		.eabi_attribute 23, 3
   7              		.eabi_attribute 24, 1
   8              		.eabi_attribute 25, 1
   9              		.eabi_attribute 26, 1
  10              		.eabi_attribute 30, 1
  11              		.eabi_attribute 34, 0
  12              		.eabi_attribute 18, 4
  13              		.thumb
  14              		.syntax unified
  15              		.file	"cyfitter_cfg.c"
  16              		.text
  17              	.Ltext0:
  18              		.cfi_sections	.debug_frame
  19              		.section	.text.CYMEMZERO,"ax",%progbits
  20              		.align	2
  21              		.code	16
  22              		.thumb_func
  23              		.type	CYMEMZERO, %function
  24              	CYMEMZERO:
  25              	.LFB0:
  26              		.file 1 "Generated_Source\\PSoC4\\cyfitter_cfg.c"
   1:Generated_Source\PSoC4/cyfitter_cfg.c **** 
   2:Generated_Source\PSoC4/cyfitter_cfg.c **** /*******************************************************************************
   3:Generated_Source\PSoC4/cyfitter_cfg.c **** * File Name: cyfitter_cfg.c
   4:Generated_Source\PSoC4/cyfitter_cfg.c **** * 
   5:Generated_Source\PSoC4/cyfitter_cfg.c **** * PSoC Creator  4.2
   6:Generated_Source\PSoC4/cyfitter_cfg.c **** *
   7:Generated_Source\PSoC4/cyfitter_cfg.c **** * Description:
   8:Generated_Source\PSoC4/cyfitter_cfg.c **** * This file contains device initialization code.
   9:Generated_Source\PSoC4/cyfitter_cfg.c **** * Except for the user defined sections in CyClockStartupError(), this file should not be modified.
  10:Generated_Source\PSoC4/cyfitter_cfg.c **** * This file is automatically generated by PSoC Creator.
  11:Generated_Source\PSoC4/cyfitter_cfg.c **** *
  12:Generated_Source\PSoC4/cyfitter_cfg.c **** ********************************************************************************
  13:Generated_Source\PSoC4/cyfitter_cfg.c **** * Copyright (c) 2007-2018 Cypress Semiconductor.  All rights reserved.
  14:Generated_Source\PSoC4/cyfitter_cfg.c **** * You may use this file only in accordance with the license, terms, conditions, 
  15:Generated_Source\PSoC4/cyfitter_cfg.c **** * disclaimers, and limitations in the end user license agreement accompanying 
  16:Generated_Source\PSoC4/cyfitter_cfg.c **** * the software package with which this file was provided.
  17:Generated_Source\PSoC4/cyfitter_cfg.c **** ********************************************************************************/
  18:Generated_Source\PSoC4/cyfitter_cfg.c **** 
  19:Generated_Source\PSoC4/cyfitter_cfg.c **** #include <string.h>
  20:Generated_Source\PSoC4/cyfitter_cfg.c **** #include "cytypes.h"
  21:Generated_Source\PSoC4/cyfitter_cfg.c **** #include "cydevice_trm.h"
  22:Generated_Source\PSoC4/cyfitter_cfg.c **** #include "cyfitter.h"
  23:Generated_Source\PSoC4/cyfitter_cfg.c **** #include "CyLib.h"
  24:Generated_Source\PSoC4/cyfitter_cfg.c **** #include "CyLFClk.h"
  25:Generated_Source\PSoC4/cyfitter_cfg.c **** #include "cyfitter_cfg.h"
  26:Generated_Source\PSoC4/cyfitter_cfg.c **** #include "cyapicallbacks.h"
  27:Generated_Source\PSoC4/cyfitter_cfg.c **** 
  28:Generated_Source\PSoC4/cyfitter_cfg.c **** 
  29:Generated_Source\PSoC4/cyfitter_cfg.c **** #if defined(__GNUC__) || defined(__ARMCC_VERSION)
  30:Generated_Source\PSoC4/cyfitter_cfg.c ****     #define CYPACKED 
  31:Generated_Source\PSoC4/cyfitter_cfg.c ****     #define CYPACKED_ATTR __attribute__ ((packed))
ARM GAS  C:\Users\jagumiel\AppData\Local\Temp\ccriSRRa.s 			page 2


  32:Generated_Source\PSoC4/cyfitter_cfg.c ****     #define CYALIGNED __attribute__ ((aligned))
  33:Generated_Source\PSoC4/cyfitter_cfg.c ****     #define CY_CFG_UNUSED __attribute__ ((unused))
  34:Generated_Source\PSoC4/cyfitter_cfg.c ****     #ifndef CY_CFG_SECTION
  35:Generated_Source\PSoC4/cyfitter_cfg.c ****         #define CY_CFG_SECTION __attribute__ ((section(".psocinit")))
  36:Generated_Source\PSoC4/cyfitter_cfg.c ****     #endif
  37:Generated_Source\PSoC4/cyfitter_cfg.c ****     
  38:Generated_Source\PSoC4/cyfitter_cfg.c ****     #if defined(__ARMCC_VERSION)
  39:Generated_Source\PSoC4/cyfitter_cfg.c ****         #define CY_CFG_MEMORY_BARRIER() __memory_changed()
  40:Generated_Source\PSoC4/cyfitter_cfg.c ****     #else
  41:Generated_Source\PSoC4/cyfitter_cfg.c ****         #define CY_CFG_MEMORY_BARRIER() __sync_synchronize()
  42:Generated_Source\PSoC4/cyfitter_cfg.c ****     #endif
  43:Generated_Source\PSoC4/cyfitter_cfg.c ****     
  44:Generated_Source\PSoC4/cyfitter_cfg.c **** #elif defined(__ICCARM__)
  45:Generated_Source\PSoC4/cyfitter_cfg.c ****     #include <intrinsics.h>
  46:Generated_Source\PSoC4/cyfitter_cfg.c **** 
  47:Generated_Source\PSoC4/cyfitter_cfg.c ****     #define CYPACKED __packed
  48:Generated_Source\PSoC4/cyfitter_cfg.c ****     #define CYPACKED_ATTR 
  49:Generated_Source\PSoC4/cyfitter_cfg.c ****     #define CYALIGNED _Pragma("data_alignment=4")
  50:Generated_Source\PSoC4/cyfitter_cfg.c ****     #define CY_CFG_UNUSED _Pragma("diag_suppress=Pe177")
  51:Generated_Source\PSoC4/cyfitter_cfg.c ****     #define CY_CFG_SECTION _Pragma("location=\".psocinit\"")
  52:Generated_Source\PSoC4/cyfitter_cfg.c ****     
  53:Generated_Source\PSoC4/cyfitter_cfg.c ****     #define CY_CFG_MEMORY_BARRIER() __DMB()
  54:Generated_Source\PSoC4/cyfitter_cfg.c ****     
  55:Generated_Source\PSoC4/cyfitter_cfg.c **** #else
  56:Generated_Source\PSoC4/cyfitter_cfg.c ****     #error Unsupported toolchain
  57:Generated_Source\PSoC4/cyfitter_cfg.c **** #endif
  58:Generated_Source\PSoC4/cyfitter_cfg.c **** 
  59:Generated_Source\PSoC4/cyfitter_cfg.c **** #ifndef CYCODE
  60:Generated_Source\PSoC4/cyfitter_cfg.c ****     #define CYCODE
  61:Generated_Source\PSoC4/cyfitter_cfg.c **** #endif
  62:Generated_Source\PSoC4/cyfitter_cfg.c **** #ifndef CYDATA
  63:Generated_Source\PSoC4/cyfitter_cfg.c ****     #define CYDATA
  64:Generated_Source\PSoC4/cyfitter_cfg.c **** #endif
  65:Generated_Source\PSoC4/cyfitter_cfg.c **** #ifndef CYFAR
  66:Generated_Source\PSoC4/cyfitter_cfg.c ****     #define CYFAR
  67:Generated_Source\PSoC4/cyfitter_cfg.c **** #endif
  68:Generated_Source\PSoC4/cyfitter_cfg.c **** #ifndef CYXDATA
  69:Generated_Source\PSoC4/cyfitter_cfg.c ****     #define CYXDATA
  70:Generated_Source\PSoC4/cyfitter_cfg.c **** #endif
  71:Generated_Source\PSoC4/cyfitter_cfg.c **** 
  72:Generated_Source\PSoC4/cyfitter_cfg.c **** 
  73:Generated_Source\PSoC4/cyfitter_cfg.c **** CY_CFG_UNUSED
  74:Generated_Source\PSoC4/cyfitter_cfg.c **** static void CYMEMZERO(void *s, size_t n);
  75:Generated_Source\PSoC4/cyfitter_cfg.c **** CY_CFG_UNUSED
  76:Generated_Source\PSoC4/cyfitter_cfg.c **** static void CYMEMZERO(void *s, size_t n)
  77:Generated_Source\PSoC4/cyfitter_cfg.c **** {
  27              		.loc 1 77 0
  28              		.cfi_startproc
  29              		@ args = 0, pretend = 0, frame = 0
  30              		@ frame_needed = 0, uses_anonymous_args = 0
  31              	.LVL0:
  32 0000 10B5     		push	{r4, lr}
  33              		.cfi_def_cfa_offset 8
  34              		.cfi_offset 4, -8
  35              		.cfi_offset 14, -4
  36 0002 0A00     		movs	r2, r1
  78:Generated_Source\PSoC4/cyfitter_cfg.c **** 	(void)memset(s, 0, n);
ARM GAS  C:\Users\jagumiel\AppData\Local\Temp\ccriSRRa.s 			page 3


  37              		.loc 1 78 0
  38 0004 0021     		movs	r1, #0
  39              	.LVL1:
  40 0006 FFF7FEFF 		bl	memset
  41              	.LVL2:
  79:Generated_Source\PSoC4/cyfitter_cfg.c **** }
  42              		.loc 1 79 0
  43              		@ sp needed
  44 000a 10BD     		pop	{r4, pc}
  45              		.cfi_endproc
  46              	.LFE0:
  47              		.size	CYMEMZERO, .-CYMEMZERO
  48              		.section	.psocinit,"ax",%progbits
  49              		.align	2
  50              		.code	16
  51              		.thumb_func
  52              		.type	ClockSetup, %function
  53              	ClockSetup:
  54              	.LFB3:
  80:Generated_Source\PSoC4/cyfitter_cfg.c **** CY_CFG_UNUSED
  81:Generated_Source\PSoC4/cyfitter_cfg.c **** static void CYCONFIGCPY(void *dest, const void *src, size_t n);
  82:Generated_Source\PSoC4/cyfitter_cfg.c **** CY_CFG_UNUSED
  83:Generated_Source\PSoC4/cyfitter_cfg.c **** static void CYCONFIGCPY(void *dest, const void *src, size_t n)
  84:Generated_Source\PSoC4/cyfitter_cfg.c **** {
  85:Generated_Source\PSoC4/cyfitter_cfg.c **** 	(void)memcpy(dest, src, n);
  86:Generated_Source\PSoC4/cyfitter_cfg.c **** }
  87:Generated_Source\PSoC4/cyfitter_cfg.c **** CY_CFG_UNUSED
  88:Generated_Source\PSoC4/cyfitter_cfg.c **** static void CYCONFIGCPYCODE(void *dest, const void *src, size_t n);
  89:Generated_Source\PSoC4/cyfitter_cfg.c **** CY_CFG_UNUSED
  90:Generated_Source\PSoC4/cyfitter_cfg.c **** static void CYCONFIGCPYCODE(void *dest, const void *src, size_t n)
  91:Generated_Source\PSoC4/cyfitter_cfg.c **** {
  92:Generated_Source\PSoC4/cyfitter_cfg.c **** 	(void)memcpy(dest, src, n);
  93:Generated_Source\PSoC4/cyfitter_cfg.c **** }
  94:Generated_Source\PSoC4/cyfitter_cfg.c **** 
  95:Generated_Source\PSoC4/cyfitter_cfg.c **** 
  96:Generated_Source\PSoC4/cyfitter_cfg.c **** 
  97:Generated_Source\PSoC4/cyfitter_cfg.c **** 
  98:Generated_Source\PSoC4/cyfitter_cfg.c **** /* Clock startup error codes                                                   */
  99:Generated_Source\PSoC4/cyfitter_cfg.c **** #define CYCLOCKSTART_NO_ERROR    0u
 100:Generated_Source\PSoC4/cyfitter_cfg.c **** #define CYCLOCKSTART_XTAL_ERROR  1u
 101:Generated_Source\PSoC4/cyfitter_cfg.c **** #define CYCLOCKSTART_32KHZ_ERROR 2u
 102:Generated_Source\PSoC4/cyfitter_cfg.c **** #define CYCLOCKSTART_PLL_ERROR   3u
 103:Generated_Source\PSoC4/cyfitter_cfg.c **** #define CYCLOCKSTART_FLL_ERROR   4u
 104:Generated_Source\PSoC4/cyfitter_cfg.c **** #define CYCLOCKSTART_WCO_ERROR   5u
 105:Generated_Source\PSoC4/cyfitter_cfg.c **** 
 106:Generated_Source\PSoC4/cyfitter_cfg.c **** 
 107:Generated_Source\PSoC4/cyfitter_cfg.c **** #ifdef CY_NEED_CYCLOCKSTARTUPERROR
 108:Generated_Source\PSoC4/cyfitter_cfg.c **** /*******************************************************************************
 109:Generated_Source\PSoC4/cyfitter_cfg.c **** * Function Name: CyClockStartupError
 110:Generated_Source\PSoC4/cyfitter_cfg.c **** ********************************************************************************
 111:Generated_Source\PSoC4/cyfitter_cfg.c **** * Summary:
 112:Generated_Source\PSoC4/cyfitter_cfg.c **** *  If an error is encountered during clock configuration (crystal startup error,
 113:Generated_Source\PSoC4/cyfitter_cfg.c **** *  PLL lock error, etc.), the system will end up here.  Unless reimplemented by
 114:Generated_Source\PSoC4/cyfitter_cfg.c **** *  the customer, this function will stop in an infinite loop.
 115:Generated_Source\PSoC4/cyfitter_cfg.c **** *
 116:Generated_Source\PSoC4/cyfitter_cfg.c **** * Parameters:
 117:Generated_Source\PSoC4/cyfitter_cfg.c **** *   void
ARM GAS  C:\Users\jagumiel\AppData\Local\Temp\ccriSRRa.s 			page 4


 118:Generated_Source\PSoC4/cyfitter_cfg.c **** *
 119:Generated_Source\PSoC4/cyfitter_cfg.c **** * Return:
 120:Generated_Source\PSoC4/cyfitter_cfg.c **** *   void
 121:Generated_Source\PSoC4/cyfitter_cfg.c **** *
 122:Generated_Source\PSoC4/cyfitter_cfg.c **** *******************************************************************************/
 123:Generated_Source\PSoC4/cyfitter_cfg.c **** CY_CFG_UNUSED
 124:Generated_Source\PSoC4/cyfitter_cfg.c **** static void CyClockStartupError(uint8 errorCode);
 125:Generated_Source\PSoC4/cyfitter_cfg.c **** CY_CFG_UNUSED
 126:Generated_Source\PSoC4/cyfitter_cfg.c **** static void CyClockStartupError(uint8 errorCode)
 127:Generated_Source\PSoC4/cyfitter_cfg.c **** {
 128:Generated_Source\PSoC4/cyfitter_cfg.c ****     /* To remove the compiler warning if errorCode not used.                */
 129:Generated_Source\PSoC4/cyfitter_cfg.c ****     errorCode = errorCode;
 130:Generated_Source\PSoC4/cyfitter_cfg.c **** 
 131:Generated_Source\PSoC4/cyfitter_cfg.c ****     /* If we have a clock startup error (bad MHz crystal, PLL lock, etc.),  */
 132:Generated_Source\PSoC4/cyfitter_cfg.c ****     /* we will end up here to allow the customer to implement something to  */
 133:Generated_Source\PSoC4/cyfitter_cfg.c ****     /* deal with the clock condition.                                       */
 134:Generated_Source\PSoC4/cyfitter_cfg.c **** 
 135:Generated_Source\PSoC4/cyfitter_cfg.c **** #ifdef CY_CFG_CLOCK_STARTUP_ERROR_CALLBACK
 136:Generated_Source\PSoC4/cyfitter_cfg.c ****     CY_CFG_Clock_Startup_ErrorCallback();
 137:Generated_Source\PSoC4/cyfitter_cfg.c **** #else
 138:Generated_Source\PSoC4/cyfitter_cfg.c ****     /*  If not using CY_CFG_CLOCK_STARTUP_ERROR_CALLBACK, place your clock startup code here. */
 139:Generated_Source\PSoC4/cyfitter_cfg.c ****     /* `#START CyClockStartupError` */
 140:Generated_Source\PSoC4/cyfitter_cfg.c **** 
 141:Generated_Source\PSoC4/cyfitter_cfg.c **** 
 142:Generated_Source\PSoC4/cyfitter_cfg.c **** 
 143:Generated_Source\PSoC4/cyfitter_cfg.c ****     /* `#END` */
 144:Generated_Source\PSoC4/cyfitter_cfg.c **** 
 145:Generated_Source\PSoC4/cyfitter_cfg.c ****     while(1) {}
 146:Generated_Source\PSoC4/cyfitter_cfg.c **** #endif /* CY_CFG_CLOCK_STARTUP_ERROR_CALLBACK */
 147:Generated_Source\PSoC4/cyfitter_cfg.c **** }
 148:Generated_Source\PSoC4/cyfitter_cfg.c **** #endif
 149:Generated_Source\PSoC4/cyfitter_cfg.c **** 
 150:Generated_Source\PSoC4/cyfitter_cfg.c **** 
 151:Generated_Source\PSoC4/cyfitter_cfg.c **** 
 152:Generated_Source\PSoC4/cyfitter_cfg.c **** /*******************************************************************************
 153:Generated_Source\PSoC4/cyfitter_cfg.c **** * Function Name: ClockSetup
 154:Generated_Source\PSoC4/cyfitter_cfg.c **** ********************************************************************************
 155:Generated_Source\PSoC4/cyfitter_cfg.c **** *
 156:Generated_Source\PSoC4/cyfitter_cfg.c **** * Summary:
 157:Generated_Source\PSoC4/cyfitter_cfg.c **** *   Performs the initialization of all of the clocks in the device based on the
 158:Generated_Source\PSoC4/cyfitter_cfg.c **** *   settings in the Clock tab of the DWR.  This includes enabling the requested
 159:Generated_Source\PSoC4/cyfitter_cfg.c **** *   clocks and setting the necessary dividers to produce the desired frequency. 
 160:Generated_Source\PSoC4/cyfitter_cfg.c **** *
 161:Generated_Source\PSoC4/cyfitter_cfg.c **** * Parameters:
 162:Generated_Source\PSoC4/cyfitter_cfg.c **** *   void
 163:Generated_Source\PSoC4/cyfitter_cfg.c **** *
 164:Generated_Source\PSoC4/cyfitter_cfg.c **** * Return:
 165:Generated_Source\PSoC4/cyfitter_cfg.c **** *   void
 166:Generated_Source\PSoC4/cyfitter_cfg.c **** *
 167:Generated_Source\PSoC4/cyfitter_cfg.c **** *******************************************************************************/
 168:Generated_Source\PSoC4/cyfitter_cfg.c **** static void ClockSetup(void);
 169:Generated_Source\PSoC4/cyfitter_cfg.c **** CY_CFG_SECTION
 170:Generated_Source\PSoC4/cyfitter_cfg.c **** static void ClockSetup(void)
 171:Generated_Source\PSoC4/cyfitter_cfg.c **** {
  55              		.loc 1 171 0
  56              		.cfi_startproc
  57              		@ args = 0, pretend = 0, frame = 0
ARM GAS  C:\Users\jagumiel\AppData\Local\Temp\ccriSRRa.s 			page 5


  58              		@ frame_needed = 0, uses_anonymous_args = 0
  59 0000 70B5     		push	{r4, r5, r6, lr}
  60              		.cfi_def_cfa_offset 16
  61              		.cfi_offset 4, -16
  62              		.cfi_offset 5, -12
  63              		.cfi_offset 6, -8
  64              		.cfi_offset 14, -4
 172:Generated_Source\PSoC4/cyfitter_cfg.c **** 	/* Enable HALF_EN before trimming for the flash accelerator. */
 173:Generated_Source\PSoC4/cyfitter_cfg.c **** 	CY_SET_REG32((void CYXDATA *)(CYREG_CLK_SELECT), (CY_GET_REG32((void *)CYREG_CLK_SELECT) | 0x00040
  65              		.loc 1 173 0
  66 0002 1C4C     		ldr	r4, .L3
  67 0004 2368     		ldr	r3, [r4]
  68 0006 8022     		movs	r2, #128
  69 0008 D202     		lsls	r2, r2, #11
  70 000a 1343     		orrs	r3, r2
  71 000c 2360     		str	r3, [r4]
 174:Generated_Source\PSoC4/cyfitter_cfg.c **** 
 175:Generated_Source\PSoC4/cyfitter_cfg.c **** 	/* Setup and trim IMO based on desired frequency. */
 176:Generated_Source\PSoC4/cyfitter_cfg.c **** 	CySysClkWriteImoFreq(24u);
  72              		.loc 1 176 0
  73 000e 1820     		movs	r0, #24
  74 0010 FFF7FEFF 		bl	CySysClkWriteImoFreq
  75              	.LVL3:
 177:Generated_Source\PSoC4/cyfitter_cfg.c **** 
 178:Generated_Source\PSoC4/cyfitter_cfg.c **** 	/* Disable HALF_EN since it is not required at this IMO frequency. */
 179:Generated_Source\PSoC4/cyfitter_cfg.c **** 	CY_SET_REG32((void CYXDATA *)(CYREG_CLK_SELECT), (CY_GET_REG32((void *)CYREG_CLK_SELECT) & 0xFFFBF
  76              		.loc 1 179 0
  77 0014 2268     		ldr	r2, [r4]
  78 0016 184B     		ldr	r3, .L3+4
  79 0018 1340     		ands	r3, r2
  80 001a 2360     		str	r3, [r4]
 180:Generated_Source\PSoC4/cyfitter_cfg.c **** 	/* CYDEV_CLK_ILO_CONFIG Starting address: CYDEV_CLK_ILO_CONFIG */
 181:Generated_Source\PSoC4/cyfitter_cfg.c **** 	CY_SET_REG32((void *)(CYREG_CLK_ILO_CONFIG), 0x80000006u);
  81              		.loc 1 181 0
  82 001c 174A     		ldr	r2, .L3+8
  83 001e 184B     		ldr	r3, .L3+12
  84 0020 1A60     		str	r2, [r3]
 182:Generated_Source\PSoC4/cyfitter_cfg.c **** 
 183:Generated_Source\PSoC4/cyfitter_cfg.c **** 
 184:Generated_Source\PSoC4/cyfitter_cfg.c **** 	/* CYDEV_CLK_SELECT00 Starting address: CYDEV_CLK_SELECT00 */
 185:Generated_Source\PSoC4/cyfitter_cfg.c **** 	CY_SET_REG32((void *)(CYREG_CLK_SELECT02), 0x00000010u);
  85              		.loc 1 185 0
  86 0022 1022     		movs	r2, #16
  87 0024 174B     		ldr	r3, .L3+16
  88 0026 1A60     		str	r2, [r3]
 186:Generated_Source\PSoC4/cyfitter_cfg.c **** 	CY_SET_REG32((void *)(CYREG_CLK_SELECT03), 0x00000020u);
  89              		.loc 1 186 0
  90 0028 1032     		adds	r2, r2, #16
  91 002a 174B     		ldr	r3, .L3+20
  92 002c 1A60     		str	r2, [r3]
 187:Generated_Source\PSoC4/cyfitter_cfg.c **** 	CY_SET_REG32((void *)(CYREG_CLK_SELECT08), 0x00000030u);
  93              		.loc 1 187 0
  94 002e 3023     		movs	r3, #48
  95 0030 164A     		ldr	r2, .L3+24
  96 0032 1360     		str	r3, [r2]
 188:Generated_Source\PSoC4/cyfitter_cfg.c **** 	CY_SET_REG32((void *)(CYREG_CLK_SELECT09), 0x00000030u);
  97              		.loc 1 188 0
ARM GAS  C:\Users\jagumiel\AppData\Local\Temp\ccriSRRa.s 			page 6


  98 0034 164A     		ldr	r2, .L3+28
  99 0036 1360     		str	r3, [r2]
 189:Generated_Source\PSoC4/cyfitter_cfg.c **** 	CY_SET_REG32((void *)(CYREG_CLK_SELECT10), 0x00000030u);
 100              		.loc 1 189 0
 101 0038 164A     		ldr	r2, .L3+32
 102 003a 1360     		str	r3, [r2]
 190:Generated_Source\PSoC4/cyfitter_cfg.c **** 	CY_SET_REG32((void *)(CYREG_CLK_SELECT11), 0x00000030u);
 103              		.loc 1 190 0
 104 003c 164A     		ldr	r2, .L3+36
 105 003e 1360     		str	r3, [r2]
 191:Generated_Source\PSoC4/cyfitter_cfg.c **** 
 192:Generated_Source\PSoC4/cyfitter_cfg.c **** 	/* CYDEV_CLK_IMO_CONFIG Starting address: CYDEV_CLK_IMO_CONFIG */
 193:Generated_Source\PSoC4/cyfitter_cfg.c **** 	CY_SET_REG32((void *)(CYREG_CLK_IMO_CONFIG), 0x80000000u);
 106              		.loc 1 193 0
 107 0040 8022     		movs	r2, #128
 108 0042 1206     		lsls	r2, r2, #24
 109 0044 154B     		ldr	r3, .L3+40
 110 0046 1A60     		str	r2, [r3]
 194:Generated_Source\PSoC4/cyfitter_cfg.c **** 
 195:Generated_Source\PSoC4/cyfitter_cfg.c **** 	/* CYDEV_CLK_SELECT Starting address: CYDEV_CLK_SELECT */
 196:Generated_Source\PSoC4/cyfitter_cfg.c **** 	CY_SET_REG32((void *)(CYREG_CLK_SELECT), 0x00000000u);
 111              		.loc 1 196 0
 112 0048 0025     		movs	r5, #0
 113 004a 2560     		str	r5, [r4]
 197:Generated_Source\PSoC4/cyfitter_cfg.c **** 
 198:Generated_Source\PSoC4/cyfitter_cfg.c **** 	/* CYDEV_CLK_DIVIDER_A00 Starting address: CYDEV_CLK_DIVIDER_A00 */
 199:Generated_Source\PSoC4/cyfitter_cfg.c **** 	CY_SET_REG32((void *)(CYREG_CLK_DIVIDER_A00), 0x8000000Eu);
 114              		.loc 1 199 0
 115 004c 144A     		ldr	r2, .L3+44
 116 004e 154B     		ldr	r3, .L3+48
 117 0050 1A60     		str	r2, [r3]
 200:Generated_Source\PSoC4/cyfitter_cfg.c **** 
 201:Generated_Source\PSoC4/cyfitter_cfg.c **** 	/* CYDEV_CLK_DIVIDER_B00 Starting address: CYDEV_CLK_DIVIDER_B00 */
 202:Generated_Source\PSoC4/cyfitter_cfg.c **** 	CY_SET_REG32((void *)(CYREG_CLK_DIVIDER_B00), 0x80000010u);
 118              		.loc 1 202 0
 119 0052 154A     		ldr	r2, .L3+52
 120 0054 154B     		ldr	r3, .L3+56
 121 0056 1A60     		str	r2, [r3]
 203:Generated_Source\PSoC4/cyfitter_cfg.c **** 
 204:Generated_Source\PSoC4/cyfitter_cfg.c **** 	/* CYDEV_CLK_DIVIDER_C00 Starting address: CYDEV_CLK_DIVIDER_C00 */
 205:Generated_Source\PSoC4/cyfitter_cfg.c **** 	CY_SET_REG32((void *)(CYREG_CLK_DIVIDER_C00), 0x80005DBFu);
 122              		.loc 1 205 0
 123 0058 154A     		ldr	r2, .L3+60
 124 005a 164B     		ldr	r3, .L3+64
 125 005c 1A60     		str	r2, [r3]
 206:Generated_Source\PSoC4/cyfitter_cfg.c **** 
 207:Generated_Source\PSoC4/cyfitter_cfg.c **** 	(void)CyIntSetVector(9u, &CySysWdtIsr);
 126              		.loc 1 207 0
 127 005e 1649     		ldr	r1, .L3+68
 128 0060 0920     		movs	r0, #9
 129 0062 FFF7FEFF 		bl	CyIntSetVector
 130              	.LVL4:
 208:Generated_Source\PSoC4/cyfitter_cfg.c **** 	CyIntEnable(9u);
 131              		.loc 1 208 0
 132 0066 0920     		movs	r0, #9
 133 0068 FFF7FEFF 		bl	CyIntEnable
 134              	.LVL5:
ARM GAS  C:\Users\jagumiel\AppData\Local\Temp\ccriSRRa.s 			page 7


 209:Generated_Source\PSoC4/cyfitter_cfg.c **** 	CY_SET_REG32((void *)(CYREG_WDT_CONFIG), 0x00000000u);
 135              		.loc 1 209 0
 136 006c 134B     		ldr	r3, .L3+72
 137 006e 1D60     		str	r5, [r3]
 210:Generated_Source\PSoC4/cyfitter_cfg.c **** }
 138              		.loc 1 210 0
 139              		@ sp needed
 140 0070 70BD     		pop	{r4, r5, r6, pc}
 141              	.L4:
 142 0072 C046     		.align	2
 143              	.L3:
 144 0074 00010B40 		.word	1074462976
 145 0078 FFFFFBFF 		.word	-262145
 146 007c 06000080 		.word	-2147483642
 147 0080 04010B40 		.word	1074462980
 148 0084 08020240 		.word	1073873416
 149 0088 0C020240 		.word	1073873420
 150 008c 20020240 		.word	1073873440
 151 0090 24020240 		.word	1073873444
 152 0094 28020240 		.word	1073873448
 153 0098 2C020240 		.word	1073873452
 154 009c 08010B40 		.word	1074462984
 155 00a0 0E000080 		.word	-2147483634
 156 00a4 00000240 		.word	1073872896
 157 00a8 10000080 		.word	-2147483632
 158 00ac 40000240 		.word	1073872960
 159 00b0 BF5D0080 		.word	-2147459649
 160 00b4 80000240 		.word	1073873024
 161 00b8 00000000 		.word	CySysWdtIsr
 162 00bc 0C020B40 		.word	1074463244
 163              		.cfi_endproc
 164              	.LFE3:
 165              		.size	ClockSetup, .-ClockSetup
 166              		.align	2
 167              		.global	cyfitter_cfg
 168              		.code	16
 169              		.thumb_func
 170              		.type	cyfitter_cfg, %function
 171              	cyfitter_cfg:
 172              	.LFB5:
 211:Generated_Source\PSoC4/cyfitter_cfg.c **** 
 212:Generated_Source\PSoC4/cyfitter_cfg.c **** 
 213:Generated_Source\PSoC4/cyfitter_cfg.c **** /* Analog API Functions */
 214:Generated_Source\PSoC4/cyfitter_cfg.c **** 
 215:Generated_Source\PSoC4/cyfitter_cfg.c **** 
 216:Generated_Source\PSoC4/cyfitter_cfg.c **** /*******************************************************************************
 217:Generated_Source\PSoC4/cyfitter_cfg.c **** * Function Name: AnalogSetDefault
 218:Generated_Source\PSoC4/cyfitter_cfg.c **** ********************************************************************************
 219:Generated_Source\PSoC4/cyfitter_cfg.c **** *
 220:Generated_Source\PSoC4/cyfitter_cfg.c **** * Summary:
 221:Generated_Source\PSoC4/cyfitter_cfg.c **** *  Sets up the analog portions of the chip to default values based on chip
 222:Generated_Source\PSoC4/cyfitter_cfg.c **** *  configuration options from the project.
 223:Generated_Source\PSoC4/cyfitter_cfg.c **** *
 224:Generated_Source\PSoC4/cyfitter_cfg.c **** * Parameters:
 225:Generated_Source\PSoC4/cyfitter_cfg.c **** *  void
 226:Generated_Source\PSoC4/cyfitter_cfg.c **** *
 227:Generated_Source\PSoC4/cyfitter_cfg.c **** * Return:
ARM GAS  C:\Users\jagumiel\AppData\Local\Temp\ccriSRRa.s 			page 8


 228:Generated_Source\PSoC4/cyfitter_cfg.c **** *  void
 229:Generated_Source\PSoC4/cyfitter_cfg.c **** *
 230:Generated_Source\PSoC4/cyfitter_cfg.c **** *******************************************************************************/
 231:Generated_Source\PSoC4/cyfitter_cfg.c **** static void AnalogSetDefault(void);
 232:Generated_Source\PSoC4/cyfitter_cfg.c **** static void AnalogSetDefault(void)
 233:Generated_Source\PSoC4/cyfitter_cfg.c **** {
 234:Generated_Source\PSoC4/cyfitter_cfg.c **** }
 235:Generated_Source\PSoC4/cyfitter_cfg.c **** 
 236:Generated_Source\PSoC4/cyfitter_cfg.c **** 
 237:Generated_Source\PSoC4/cyfitter_cfg.c **** 
 238:Generated_Source\PSoC4/cyfitter_cfg.c **** 
 239:Generated_Source\PSoC4/cyfitter_cfg.c **** /*******************************************************************************
 240:Generated_Source\PSoC4/cyfitter_cfg.c **** * Function Name: cyfitter_cfg
 241:Generated_Source\PSoC4/cyfitter_cfg.c **** ********************************************************************************
 242:Generated_Source\PSoC4/cyfitter_cfg.c **** * Summary:
 243:Generated_Source\PSoC4/cyfitter_cfg.c **** *  This function is called by the start-up code for the selected device. It
 244:Generated_Source\PSoC4/cyfitter_cfg.c **** *  performs all of the necessary device configuration based on the design
 245:Generated_Source\PSoC4/cyfitter_cfg.c **** *  settings.  This includes settings from the Design Wide Resources (DWR) such
 246:Generated_Source\PSoC4/cyfitter_cfg.c **** *  as Clocks and Pins as well as any component configuration that is necessary.
 247:Generated_Source\PSoC4/cyfitter_cfg.c **** *
 248:Generated_Source\PSoC4/cyfitter_cfg.c **** * Parameters:
 249:Generated_Source\PSoC4/cyfitter_cfg.c **** *   void
 250:Generated_Source\PSoC4/cyfitter_cfg.c **** *
 251:Generated_Source\PSoC4/cyfitter_cfg.c **** * Return:
 252:Generated_Source\PSoC4/cyfitter_cfg.c **** *   void
 253:Generated_Source\PSoC4/cyfitter_cfg.c **** *
 254:Generated_Source\PSoC4/cyfitter_cfg.c **** *******************************************************************************/
 255:Generated_Source\PSoC4/cyfitter_cfg.c **** CY_CFG_SECTION
 256:Generated_Source\PSoC4/cyfitter_cfg.c **** void cyfitter_cfg(void)
 257:Generated_Source\PSoC4/cyfitter_cfg.c **** {
 173              		.loc 1 257 0
 174              		.cfi_startproc
 175              		@ args = 0, pretend = 0, frame = 0
 176              		@ frame_needed = 0, uses_anonymous_args = 0
 177 00c0 10B5     		push	{r4, lr}
 178              		.cfi_def_cfa_offset 8
 179              		.cfi_offset 4, -8
 180              		.cfi_offset 14, -4
 258:Generated_Source\PSoC4/cyfitter_cfg.c **** 	/* Disable interrupts by default. Let user enable if/when they want. */
 259:Generated_Source\PSoC4/cyfitter_cfg.c **** 	CyGlobalIntDisable;
 181              		.loc 1 259 0
 182              		.syntax divided
 183              	@ 259 "Generated_Source\PSoC4\cyfitter_cfg.c" 1
 184 00c2 72B6     		CPSID   i
 185              	@ 0 "" 2
 186              	.LVL6:
 187              		.thumb
 188              		.syntax unified
 189              	.LBB2:
 260:Generated_Source\PSoC4/cyfitter_cfg.c **** 
 261:Generated_Source\PSoC4/cyfitter_cfg.c **** 	{
 262:Generated_Source\PSoC4/cyfitter_cfg.c **** 
 263:Generated_Source\PSoC4/cyfitter_cfg.c **** 		CYPACKED typedef struct {
 264:Generated_Source\PSoC4/cyfitter_cfg.c **** 			void CYFAR *address;
 265:Generated_Source\PSoC4/cyfitter_cfg.c **** 			uint16 size;
 266:Generated_Source\PSoC4/cyfitter_cfg.c **** 		} CYPACKED_ATTR cfg_memset_t;
 267:Generated_Source\PSoC4/cyfitter_cfg.c **** 
ARM GAS  C:\Users\jagumiel\AppData\Local\Temp\ccriSRRa.s 			page 9


 268:Generated_Source\PSoC4/cyfitter_cfg.c **** 		static const cfg_memset_t CYCODE cfg_memset_list[] = {
 269:Generated_Source\PSoC4/cyfitter_cfg.c **** 			/* address, size */
 270:Generated_Source\PSoC4/cyfitter_cfg.c **** 			{(void CYFAR *)(CYDEV_UDB_P0_U0_BASE), 1024u},
 271:Generated_Source\PSoC4/cyfitter_cfg.c **** 			{(void CYFAR *)(CYDEV_UDB_DSI0_BASE), 1024u},
 272:Generated_Source\PSoC4/cyfitter_cfg.c **** 		};
 273:Generated_Source\PSoC4/cyfitter_cfg.c **** 
 274:Generated_Source\PSoC4/cyfitter_cfg.c **** 		uint8 CYDATA i;
 275:Generated_Source\PSoC4/cyfitter_cfg.c **** 
 276:Generated_Source\PSoC4/cyfitter_cfg.c **** 		/* Zero out critical memory blocks before beginning configuration */
 277:Generated_Source\PSoC4/cyfitter_cfg.c **** 		for (i = 0u; i < (sizeof(cfg_memset_list)/sizeof(cfg_memset_list[0])); i++)
 190              		.loc 1 277 0
 191 00c4 0024     		movs	r4, #0
 192 00c6 0FE0     		b	.L6
 193              	.LVL7:
 194              	.L7:
 195              	.LBB3:
 278:Generated_Source\PSoC4/cyfitter_cfg.c **** 		{
 279:Generated_Source\PSoC4/cyfitter_cfg.c **** 			const cfg_memset_t CYCODE * CYDATA ms = &cfg_memset_list[i];
 280:Generated_Source\PSoC4/cyfitter_cfg.c **** 			CYMEMZERO(ms->address, (size_t)(uint32)(ms->size));
 196              		.loc 1 280 0 discriminator 3
 197 00c8 2B48     		ldr	r0, .L8
 198 00ca 6200     		lsls	r2, r4, #1
 199 00cc 1319     		adds	r3, r2, r4
 200 00ce 5900     		lsls	r1, r3, #1
 201 00d0 0B00     		movs	r3, r1
 202 00d2 4118     		adds	r1, r0, r1
 203 00d4 8988     		ldrh	r1, [r1, #4]
 204 00d6 1A5A     		ldrh	r2, [r3, r0]
 205 00d8 C318     		adds	r3, r0, r3
 206 00da 5888     		ldrh	r0, [r3, #2]
 207 00dc 0004     		lsls	r0, r0, #16
 208 00de 1043     		orrs	r0, r2
 209 00e0 FFF7FEFF 		bl	CYMEMZERO
 210              	.LVL8:
 211              	.LBE3:
 277:Generated_Source\PSoC4/cyfitter_cfg.c **** 		{
 212              		.loc 1 277 0 discriminator 3
 213 00e4 0134     		adds	r4, r4, #1
 214              	.LVL9:
 215 00e6 E4B2     		uxtb	r4, r4
 216              	.LVL10:
 217              	.L6:
 277:Generated_Source\PSoC4/cyfitter_cfg.c **** 		{
 218              		.loc 1 277 0 is_stmt 0 discriminator 1
 219 00e8 012C     		cmp	r4, #1
 220 00ea EDD9     		bls	.L7
 281:Generated_Source\PSoC4/cyfitter_cfg.c **** 		}
 282:Generated_Source\PSoC4/cyfitter_cfg.c **** 
 283:Generated_Source\PSoC4/cyfitter_cfg.c **** 		/* HSIOM Starting address: CYDEV_HSIOM_BASE */
 284:Generated_Source\PSoC4/cyfitter_cfg.c **** 		CY_SET_REG32((void *)(CYDEV_HSIOM_BASE), 0x00990000u);
 221              		.loc 1 284 0 is_stmt 1
 222 00ec 9923     		movs	r3, #153
 223 00ee 1B04     		lsls	r3, r3, #16
 224 00f0 224A     		ldr	r2, .L8+4
 225 00f2 1360     		str	r3, [r2]
 285:Generated_Source\PSoC4/cyfitter_cfg.c **** 		CY_SET_REG32((void *)(CYREG_HSIOM_PORT_SEL1), 0x00000800u);
 226              		.loc 1 285 0
ARM GAS  C:\Users\jagumiel\AppData\Local\Temp\ccriSRRa.s 			page 10


 227 00f4 8021     		movs	r1, #128
 228 00f6 0901     		lsls	r1, r1, #4
 229 00f8 214A     		ldr	r2, .L8+8
 230 00fa 1160     		str	r1, [r2]
 286:Generated_Source\PSoC4/cyfitter_cfg.c **** 		CY_SET_REG32((void *)(CYREG_HSIOM_PORT_SEL2), 0x08080000u);
 231              		.loc 1 286 0
 232 00fc 2149     		ldr	r1, .L8+12
 233 00fe 224A     		ldr	r2, .L8+16
 234 0100 1160     		str	r1, [r2]
 287:Generated_Source\PSoC4/cyfitter_cfg.c **** 		CY_SET_REG32((void *)(CYREG_HSIOM_PORT_SEL3), 0x0000EE00u);
 235              		.loc 1 287 0
 236 0102 EE21     		movs	r1, #238
 237 0104 0902     		lsls	r1, r1, #8
 238 0106 214A     		ldr	r2, .L8+20
 239 0108 1160     		str	r1, [r2]
 288:Generated_Source\PSoC4/cyfitter_cfg.c **** 		CY_SET_REG32((void *)(CYREG_HSIOM_PORT_SEL4), 0x000000EEu);
 240              		.loc 1 288 0
 241 010a EE21     		movs	r1, #238
 242 010c 204A     		ldr	r2, .L8+24
 243 010e 1160     		str	r1, [r2]
 289:Generated_Source\PSoC4/cyfitter_cfg.c **** 
 290:Generated_Source\PSoC4/cyfitter_cfg.c **** 		/* UDB_PA_0 Starting address: CYDEV_UDB_PA0_BASE */
 291:Generated_Source\PSoC4/cyfitter_cfg.c **** 		CY_SET_REG32((void *)(CYDEV_UDB_PA0_BASE), 0x00990000u);
 244              		.loc 1 291 0
 245 0110 204A     		ldr	r2, .L8+28
 246 0112 1360     		str	r3, [r2]
 292:Generated_Source\PSoC4/cyfitter_cfg.c **** 
 293:Generated_Source\PSoC4/cyfitter_cfg.c **** 		/* UDB_PA_1 Starting address: CYDEV_UDB_PA1_BASE */
 294:Generated_Source\PSoC4/cyfitter_cfg.c **** 		CY_SET_REG32((void *)(CYDEV_UDB_PA1_BASE), 0x00990000u);
 247              		.loc 1 294 0
 248 0114 204A     		ldr	r2, .L8+32
 249 0116 1360     		str	r3, [r2]
 295:Generated_Source\PSoC4/cyfitter_cfg.c **** 
 296:Generated_Source\PSoC4/cyfitter_cfg.c **** 		/* UDB_PA_2 Starting address: CYDEV_UDB_PA2_BASE */
 297:Generated_Source\PSoC4/cyfitter_cfg.c **** 		CY_SET_REG32((void *)(CYDEV_UDB_PA2_BASE), 0x00990000u);
 250              		.loc 1 297 0
 251 0118 204A     		ldr	r2, .L8+36
 252 011a 1360     		str	r3, [r2]
 298:Generated_Source\PSoC4/cyfitter_cfg.c **** 
 299:Generated_Source\PSoC4/cyfitter_cfg.c **** 		/* UDB_PA_3 Starting address: CYDEV_UDB_PA3_BASE */
 300:Generated_Source\PSoC4/cyfitter_cfg.c **** 		CY_SET_REG32((void *)(CYDEV_UDB_PA3_BASE), 0x00990000u);
 253              		.loc 1 300 0
 254 011c 204A     		ldr	r2, .L8+40
 255 011e 1360     		str	r3, [r2]
 301:Generated_Source\PSoC4/cyfitter_cfg.c **** 
 302:Generated_Source\PSoC4/cyfitter_cfg.c **** 		/* Enable digital routing */
 303:Generated_Source\PSoC4/cyfitter_cfg.c **** 		CY_SET_XTND_REG8((void *)CYREG_UDB_UDBIF_BANK_CTL, (uint8)(CY_GET_XTND_REG8((void *)CYREG_UDB_UDB
 256              		.loc 1 303 0
 257 0120 204A     		ldr	r2, .L8+44
 258 0122 1178     		ldrb	r1, [r2]
 259 0124 0623     		movs	r3, #6
 260 0126 0B43     		orrs	r3, r1
 261 0128 DBB2     		uxtb	r3, r3
 262 012a 1370     		strb	r3, [r2]
 263              	.LBE2:
 304:Generated_Source\PSoC4/cyfitter_cfg.c **** 	}
 305:Generated_Source\PSoC4/cyfitter_cfg.c **** 
ARM GAS  C:\Users\jagumiel\AppData\Local\Temp\ccriSRRa.s 			page 11


 306:Generated_Source\PSoC4/cyfitter_cfg.c **** 	/* Perform second pass device configuration. These items must be configured in specific order afte
 307:Generated_Source\PSoC4/cyfitter_cfg.c **** 	/* IOPINS0_0 Starting address: CYDEV_PRT0_BASE */
 308:Generated_Source\PSoC4/cyfitter_cfg.c **** 	CY_SET_REG32((void *)(CYDEV_PRT0_BASE), 0x00000020u);
 264              		.loc 1 308 0
 265 012c 2023     		movs	r3, #32
 266 012e 1E4A     		ldr	r2, .L8+48
 267 0130 1360     		str	r3, [r2]
 309:Generated_Source\PSoC4/cyfitter_cfg.c **** 	CY_SET_REG32((void *)(CYREG_PRT0_PC), 0x00031000u);
 268              		.loc 1 309 0
 269 0132 C421     		movs	r1, #196
 270 0134 8902     		lsls	r1, r1, #10
 271 0136 1D4A     		ldr	r2, .L8+52
 272 0138 1160     		str	r1, [r2]
 310:Generated_Source\PSoC4/cyfitter_cfg.c **** 	CY_SET_REG32((void *)(CYREG_PRT0_PC2), 0x00000020u);
 273              		.loc 1 310 0
 274 013a 1D4A     		ldr	r2, .L8+56
 275 013c 1360     		str	r3, [r2]
 311:Generated_Source\PSoC4/cyfitter_cfg.c **** 
 312:Generated_Source\PSoC4/cyfitter_cfg.c **** 	/* IOPINS0_1 Starting address: CYDEV_PRT1_BASE */
 313:Generated_Source\PSoC4/cyfitter_cfg.c **** 	CY_SET_REG32((void *)(CYDEV_PRT1_BASE), 0x00000004u);
 276              		.loc 1 313 0
 277 013e 0422     		movs	r2, #4
 278 0140 1C4B     		ldr	r3, .L8+60
 279 0142 1A60     		str	r2, [r3]
 314:Generated_Source\PSoC4/cyfitter_cfg.c **** 	CY_SET_REG32((void *)(CYREG_PRT1_PC), 0x00000180u);
 280              		.loc 1 314 0
 281 0144 7D32     		adds	r2, r2, #125
 282 0146 FF32     		adds	r2, r2, #255
 283 0148 1B4B     		ldr	r3, .L8+64
 284 014a 1A60     		str	r2, [r3]
 315:Generated_Source\PSoC4/cyfitter_cfg.c **** 
 316:Generated_Source\PSoC4/cyfitter_cfg.c **** 	/* IOPINS0_2 Starting address: CYDEV_PRT2_BASE */
 317:Generated_Source\PSoC4/cyfitter_cfg.c **** 	CY_SET_REG32((void *)(CYDEV_PRT2_BASE), 0x00000050u);
 285              		.loc 1 317 0
 286 014c 313A     		subs	r2, r2, #49
 287 014e FF3A     		subs	r2, r2, #255
 288 0150 1A4B     		ldr	r3, .L8+68
 289 0152 1A60     		str	r2, [r3]
 318:Generated_Source\PSoC4/cyfitter_cfg.c **** 	CY_SET_REG32((void *)(CYREG_PRT2_PC), 0x00186000u);
 290              		.loc 1 318 0
 291 0154 C322     		movs	r2, #195
 292 0156 5203     		lsls	r2, r2, #13
 293 0158 194B     		ldr	r3, .L8+72
 294 015a 1A60     		str	r2, [r3]
 319:Generated_Source\PSoC4/cyfitter_cfg.c **** 
 320:Generated_Source\PSoC4/cyfitter_cfg.c **** 	/* IOPINS0_3 Starting address: CYDEV_PRT3_BASE */
 321:Generated_Source\PSoC4/cyfitter_cfg.c **** 	CY_SET_REG32((void *)(CYREG_PRT3_PC), 0x00000D80u);
 295              		.loc 1 321 0
 296 015c D822     		movs	r2, #216
 297 015e 1201     		lsls	r2, r2, #4
 298 0160 184B     		ldr	r3, .L8+76
 299 0162 1A60     		str	r2, [r3]
 322:Generated_Source\PSoC4/cyfitter_cfg.c **** 
 323:Generated_Source\PSoC4/cyfitter_cfg.c **** 	/* IOPINS0_4 Starting address: CYDEV_PRT4_BASE */
 324:Generated_Source\PSoC4/cyfitter_cfg.c **** 	CY_SET_REG32((void *)(CYDEV_PRT4_BASE), 0x00000003u);
 300              		.loc 1 324 0
 301 0164 0322     		movs	r2, #3
ARM GAS  C:\Users\jagumiel\AppData\Local\Temp\ccriSRRa.s 			page 12


 302 0166 184B     		ldr	r3, .L8+80
 303 0168 1A60     		str	r2, [r3]
 325:Generated_Source\PSoC4/cyfitter_cfg.c **** 	CY_SET_REG32((void *)(CYREG_PRT4_PC), 0x00000024u);
 304              		.loc 1 325 0
 305 016a 2132     		adds	r2, r2, #33
 306 016c 174B     		ldr	r3, .L8+84
 307 016e 1A60     		str	r2, [r3]
 326:Generated_Source\PSoC4/cyfitter_cfg.c **** 
 327:Generated_Source\PSoC4/cyfitter_cfg.c **** 
 328:Generated_Source\PSoC4/cyfitter_cfg.c **** 	/* Setup clocks based on selections from Clock DWR */
 329:Generated_Source\PSoC4/cyfitter_cfg.c **** 	ClockSetup();
 308              		.loc 1 329 0
 309 0170 FFF746FF 		bl	ClockSetup
 310              	.LVL11:
 330:Generated_Source\PSoC4/cyfitter_cfg.c **** 
 331:Generated_Source\PSoC4/cyfitter_cfg.c **** 	/* Perform basic analog initialization to defaults */
 332:Generated_Source\PSoC4/cyfitter_cfg.c **** 	AnalogSetDefault();
 333:Generated_Source\PSoC4/cyfitter_cfg.c **** 
 334:Generated_Source\PSoC4/cyfitter_cfg.c **** }
 311              		.loc 1 334 0
 312              		@ sp needed
 313              	.LVL12:
 314 0174 10BD     		pop	{r4, pc}
 315              	.L9:
 316 0176 C046     		.align	2
 317              	.L8:
 318 0178 00000000 		.word	.LANCHOR0
 319 017c 00000140 		.word	1073807360
 320 0180 04000140 		.word	1073807364
 321 0184 00000808 		.word	134742016
 322 0188 08000140 		.word	1073807368
 323 018c 0C000140 		.word	1073807372
 324 0190 10000140 		.word	1073807376
 325 0194 00500F40 		.word	1074745344
 326 0198 10500F40 		.word	1074745360
 327 019c 20500F40 		.word	1074745376
 328 01a0 30500F40 		.word	1074745392
 329 01a4 00700F40 		.word	1074753536
 330 01a8 00000440 		.word	1074003968
 331 01ac 08000440 		.word	1074003976
 332 01b0 18000440 		.word	1074003992
 333 01b4 00010440 		.word	1074004224
 334 01b8 08010440 		.word	1074004232
 335 01bc 00020440 		.word	1074004480
 336 01c0 08020440 		.word	1074004488
 337 01c4 08030440 		.word	1074004744
 338 01c8 00040440 		.word	1074004992
 339 01cc 08040440 		.word	1074005000
 340              		.cfi_endproc
 341              	.LFE5:
 342              		.size	cyfitter_cfg, .-cyfitter_cfg
 343              		.section	.rodata
 344              		.align	2
 345              		.set	.LANCHOR0,. + 0
 346              		.type	cfg_memset_list.4847, %object
 347              		.size	cfg_memset_list.4847, 12
 348              	cfg_memset_list.4847:
ARM GAS  C:\Users\jagumiel\AppData\Local\Temp\ccriSRRa.s 			page 13


 349 0000 00300F40 		.word	1074737152
 350 0004 0004     		.short	1024
 351 0006 00400F40 		.4byte	1074741248
 352 000a 0004     		.short	1024
 353              		.text
 354              	.Letext0:
 355              		.file 2 "c:\\program files (x86)\\cypress\\psoc creator\\4.2\\psoc creator\\import\\gnu\\arm\\5.4.
 356              		.file 3 "Generated_Source\\PSoC4\\cytypes.h"
 357              		.file 4 "Generated_Source\\PSoC4\\CyLib.h"
 358              		.section	.debug_info,"",%progbits
 359              	.Ldebug_info0:
 360 0000 7A020000 		.4byte	0x27a
 361 0004 0400     		.2byte	0x4
 362 0006 00000000 		.4byte	.Ldebug_abbrev0
 363 000a 04       		.byte	0x4
 364 000b 01       		.uleb128 0x1
 365 000c EB000000 		.4byte	.LASF29
 366 0010 0C       		.byte	0xc
 367 0011 2C020000 		.4byte	.LASF30
 368 0015 86010000 		.4byte	.LASF31
 369 0019 00000000 		.4byte	.Ldebug_ranges0+0
 370 001d 00000000 		.4byte	0
 371 0021 00000000 		.4byte	.Ldebug_line0
 372 0025 02       		.uleb128 0x2
 373 0026 04       		.byte	0x4
 374 0027 05       		.byte	0x5
 375 0028 696E7400 		.ascii	"int\000"
 376 002c 03       		.uleb128 0x3
 377 002d 06000000 		.4byte	.LASF12
 378 0031 02       		.byte	0x2
 379 0032 D8       		.byte	0xd8
 380 0033 37000000 		.4byte	0x37
 381 0037 04       		.uleb128 0x4
 382 0038 04       		.byte	0x4
 383 0039 07       		.byte	0x7
 384 003a B2000000 		.4byte	.LASF0
 385 003e 04       		.uleb128 0x4
 386 003f 08       		.byte	0x8
 387 0040 05       		.byte	0x5
 388 0041 D9010000 		.4byte	.LASF1
 389 0045 04       		.uleb128 0x4
 390 0046 08       		.byte	0x8
 391 0047 04       		.byte	0x4
 392 0048 14020000 		.4byte	.LASF2
 393 004c 04       		.uleb128 0x4
 394 004d 01       		.byte	0x1
 395 004e 06       		.byte	0x6
 396 004f 20020000 		.4byte	.LASF3
 397 0053 04       		.uleb128 0x4
 398 0054 01       		.byte	0x1
 399 0055 08       		.byte	0x8
 400 0056 7C000000 		.4byte	.LASF4
 401 005a 04       		.uleb128 0x4
 402 005b 02       		.byte	0x2
 403 005c 05       		.byte	0x5
 404 005d EC010000 		.4byte	.LASF5
 405 0061 04       		.uleb128 0x4
ARM GAS  C:\Users\jagumiel\AppData\Local\Temp\ccriSRRa.s 			page 14


 406 0062 02       		.byte	0x2
 407 0063 07       		.byte	0x7
 408 0064 37000000 		.4byte	.LASF6
 409 0068 04       		.uleb128 0x4
 410 0069 04       		.byte	0x4
 411 006a 05       		.byte	0x5
 412 006b 0B020000 		.4byte	.LASF7
 413 006f 04       		.uleb128 0x4
 414 0070 04       		.byte	0x4
 415 0071 07       		.byte	0x7
 416 0072 5A000000 		.4byte	.LASF8
 417 0076 04       		.uleb128 0x4
 418 0077 08       		.byte	0x8
 419 0078 07       		.byte	0x7
 420 0079 D4000000 		.4byte	.LASF9
 421 007d 04       		.uleb128 0x4
 422 007e 04       		.byte	0x4
 423 007f 07       		.byte	0x7
 424 0080 D0010000 		.4byte	.LASF10
 425 0084 05       		.uleb128 0x5
 426 0085 04       		.byte	0x4
 427 0086 04       		.uleb128 0x4
 428 0087 01       		.byte	0x1
 429 0088 08       		.byte	0x8
 430 0089 E7010000 		.4byte	.LASF11
 431 008d 06       		.uleb128 0x6
 432 008e 6C000000 		.4byte	.LASF13
 433 0092 03       		.byte	0x3
 434 0093 E401     		.2byte	0x1e4
 435 0095 53000000 		.4byte	0x53
 436 0099 06       		.uleb128 0x6
 437 009a A4000000 		.4byte	.LASF14
 438 009e 03       		.byte	0x3
 439 009f E501     		.2byte	0x1e5
 440 00a1 61000000 		.4byte	0x61
 441 00a5 06       		.uleb128 0x6
 442 00a6 AB000000 		.4byte	.LASF15
 443 00aa 03       		.byte	0x3
 444 00ab E601     		.2byte	0x1e6
 445 00ad 6F000000 		.4byte	0x6f
 446 00b1 04       		.uleb128 0x4
 447 00b2 04       		.byte	0x4
 448 00b3 04       		.byte	0x4
 449 00b4 4A000000 		.4byte	.LASF16
 450 00b8 04       		.uleb128 0x4
 451 00b9 08       		.byte	0x8
 452 00ba 04       		.byte	0x4
 453 00bb 91000000 		.4byte	.LASF17
 454 00bf 06       		.uleb128 0x6
 455 00c0 55000000 		.4byte	.LASF18
 456 00c4 03       		.byte	0x3
 457 00c5 8E02     		.2byte	0x28e
 458 00c7 CB000000 		.4byte	0xcb
 459 00cb 07       		.uleb128 0x7
 460 00cc 8D000000 		.4byte	0x8d
 461 00d0 06       		.uleb128 0x6
 462 00d1 00000000 		.4byte	.LASF19
ARM GAS  C:\Users\jagumiel\AppData\Local\Temp\ccriSRRa.s 			page 15


 463 00d5 03       		.byte	0x3
 464 00d6 9002     		.2byte	0x290
 465 00d8 DC000000 		.4byte	0xdc
 466 00dc 07       		.uleb128 0x7
 467 00dd A5000000 		.4byte	0xa5
 468 00e1 08       		.uleb128 0x8
 469 00e2 72000000 		.4byte	.LASF20
 470 00e6 01       		.byte	0x1
 471 00e7 4C       		.byte	0x4c
 472 00e8 00000000 		.4byte	.LFB0
 473 00ec 0C000000 		.4byte	.LFE0-.LFB0
 474 00f0 01       		.uleb128 0x1
 475 00f1 9C       		.byte	0x9c
 476 00f2 2E010000 		.4byte	0x12e
 477 00f6 09       		.uleb128 0x9
 478 00f7 7300     		.ascii	"s\000"
 479 00f9 01       		.byte	0x1
 480 00fa 4C       		.byte	0x4c
 481 00fb 84000000 		.4byte	0x84
 482 00ff 00000000 		.4byte	.LLST0
 483 0103 09       		.uleb128 0x9
 484 0104 6E00     		.ascii	"n\000"
 485 0106 01       		.byte	0x1
 486 0107 4C       		.byte	0x4c
 487 0108 2C000000 		.4byte	0x2c
 488 010c 21000000 		.4byte	.LLST1
 489 0110 0A       		.uleb128 0xa
 490 0111 0A000000 		.4byte	.LVL2
 491 0115 53020000 		.4byte	0x253
 492 0119 0B       		.uleb128 0xb
 493 011a 01       		.uleb128 0x1
 494 011b 50       		.byte	0x50
 495 011c 03       		.uleb128 0x3
 496 011d F3       		.byte	0xf3
 497 011e 01       		.uleb128 0x1
 498 011f 50       		.byte	0x50
 499 0120 0B       		.uleb128 0xb
 500 0121 01       		.uleb128 0x1
 501 0122 51       		.byte	0x51
 502 0123 01       		.uleb128 0x1
 503 0124 30       		.byte	0x30
 504 0125 0B       		.uleb128 0xb
 505 0126 01       		.uleb128 0x1
 506 0127 52       		.byte	0x52
 507 0128 03       		.uleb128 0x3
 508 0129 F3       		.byte	0xf3
 509 012a 01       		.uleb128 0x1
 510 012b 51       		.byte	0x51
 511 012c 00       		.byte	0
 512 012d 00       		.byte	0
 513 012e 08       		.uleb128 0x8
 514 012f 2C000000 		.4byte	.LASF21
 515 0133 01       		.byte	0x1
 516 0134 AA       		.byte	0xaa
 517 0135 00000000 		.4byte	.LFB3
 518 0139 C0000000 		.4byte	.LFE3-.LFB3
 519 013d 01       		.uleb128 0x1
ARM GAS  C:\Users\jagumiel\AppData\Local\Temp\ccriSRRa.s 			page 16


 520 013e 9C       		.byte	0x9c
 521 013f 79010000 		.4byte	0x179
 522 0143 0C       		.uleb128 0xc
 523 0144 14000000 		.4byte	.LVL3
 524 0148 5C020000 		.4byte	0x25c
 525 014c 56010000 		.4byte	0x156
 526 0150 0B       		.uleb128 0xb
 527 0151 01       		.uleb128 0x1
 528 0152 50       		.byte	0x50
 529 0153 01       		.uleb128 0x1
 530 0154 48       		.byte	0x48
 531 0155 00       		.byte	0
 532 0156 0C       		.uleb128 0xc
 533 0157 66000000 		.4byte	.LVL4
 534 015b 67020000 		.4byte	0x267
 535 015f 69010000 		.4byte	0x169
 536 0163 0B       		.uleb128 0xb
 537 0164 01       		.uleb128 0x1
 538 0165 50       		.byte	0x50
 539 0166 01       		.uleb128 0x1
 540 0167 39       		.byte	0x39
 541 0168 00       		.byte	0
 542 0169 0A       		.uleb128 0xa
 543 016a 6C000000 		.4byte	.LVL5
 544 016e 72020000 		.4byte	0x272
 545 0172 0B       		.uleb128 0xb
 546 0173 01       		.uleb128 0x1
 547 0174 50       		.byte	0x50
 548 0175 01       		.uleb128 0x1
 549 0176 39       		.byte	0x39
 550 0177 00       		.byte	0
 551 0178 00       		.byte	0
 552 0179 0D       		.uleb128 0xd
 553 017a BF000000 		.4byte	.LASF32
 554 017e 01       		.byte	0x1
 555 017f 0001     		.2byte	0x100
 556 0181 C0000000 		.4byte	.LFB5
 557 0185 10010000 		.4byte	.LFE5-.LFB5
 558 0189 01       		.uleb128 0x1
 559 018a 9C       		.byte	0x9c
 560 018b 53020000 		.4byte	0x253
 561 018f 0E       		.uleb128 0xe
 562 0190 C4000000 		.4byte	.LBB2
 563 0194 68000000 		.4byte	.LBE2-.LBB2
 564 0198 49020000 		.4byte	0x249
 565 019c 0F       		.uleb128 0xf
 566 019d 06       		.byte	0x6
 567 019e 01       		.byte	0x1
 568 019f 0701     		.2byte	0x107
 569 01a1 C0010000 		.4byte	0x1c0
 570 01a5 10       		.uleb128 0x10
 571 01a6 CC000000 		.4byte	.LASF22
 572 01aa 01       		.byte	0x1
 573 01ab 0801     		.2byte	0x108
 574 01ad 84000000 		.4byte	0x84
 575 01b1 00       		.byte	0
 576 01b2 10       		.uleb128 0x10
ARM GAS  C:\Users\jagumiel\AppData\Local\Temp\ccriSRRa.s 			page 17


 577 01b3 50000000 		.4byte	.LASF23
 578 01b7 01       		.byte	0x1
 579 01b8 0901     		.2byte	0x109
 580 01ba 99000000 		.4byte	0x99
 581 01be 04       		.byte	0x4
 582 01bf 00       		.byte	0
 583 01c0 06       		.uleb128 0x6
 584 01c1 79010000 		.4byte	.LASF24
 585 01c5 01       		.byte	0x1
 586 01c6 0A01     		.2byte	0x10a
 587 01c8 9C010000 		.4byte	0x19c
 588 01cc 11       		.uleb128 0x11
 589 01cd DC010000 		.4byte	0x1dc
 590 01d1 DC010000 		.4byte	0x1dc
 591 01d5 12       		.uleb128 0x12
 592 01d6 7D000000 		.4byte	0x7d
 593 01da 01       		.byte	0x1
 594 01db 00       		.byte	0
 595 01dc 13       		.uleb128 0x13
 596 01dd C0010000 		.4byte	0x1c0
 597 01e1 14       		.uleb128 0x14
 598 01e2 1C000000 		.4byte	.LASF25
 599 01e6 01       		.byte	0x1
 600 01e7 0C01     		.2byte	0x10c
 601 01e9 F3010000 		.4byte	0x1f3
 602 01ed 05       		.uleb128 0x5
 603 01ee 03       		.byte	0x3
 604 01ef 00000000 		.4byte	cfg_memset_list.4847
 605 01f3 13       		.uleb128 0x13
 606 01f4 CC010000 		.4byte	0x1cc
 607 01f8 15       		.uleb128 0x15
 608 01f9 6900     		.ascii	"i\000"
 609 01fb 01       		.byte	0x1
 610 01fc 1201     		.2byte	0x112
 611 01fe 8D000000 		.4byte	0x8d
 612 0202 4D000000 		.4byte	.LLST2
 613 0206 16       		.uleb128 0x16
 614 0207 C8000000 		.4byte	.LBB3
 615 020b 1C000000 		.4byte	.LBE3-.LBB3
 616 020f 15       		.uleb128 0x15
 617 0210 6D7300   		.ascii	"ms\000"
 618 0213 01       		.byte	0x1
 619 0214 1701     		.2byte	0x117
 620 0216 1E020000 		.4byte	0x21e
 621 021a 77000000 		.4byte	.LLST3
 622 021e 17       		.uleb128 0x17
 623 021f 04       		.byte	0x4
 624 0220 DC010000 		.4byte	0x1dc
 625 0224 0A       		.uleb128 0xa
 626 0225 E4000000 		.4byte	.LVL8
 627 0229 E1000000 		.4byte	0xe1
 628 022d 0B       		.uleb128 0xb
 629 022e 01       		.uleb128 0x1
 630 022f 51       		.byte	0x51
 631 0230 15       		.uleb128 0x15
 632 0231 74       		.byte	0x74
 633 0232 00       		.sleb128 0
ARM GAS  C:\Users\jagumiel\AppData\Local\Temp\ccriSRRa.s 			page 18


 634 0233 31       		.byte	0x31
 635 0234 24       		.byte	0x24
 636 0235 74       		.byte	0x74
 637 0236 00       		.sleb128 0
 638 0237 22       		.byte	0x22
 639 0238 31       		.byte	0x31
 640 0239 24       		.byte	0x24
 641 023a 03       		.byte	0x3
 642 023b 04000000 		.4byte	.LANCHOR0+4
 643 023f 22       		.byte	0x22
 644 0240 94       		.byte	0x94
 645 0241 02       		.byte	0x2
 646 0242 0A       		.byte	0xa
 647 0243 FFFF     		.2byte	0xffff
 648 0245 1A       		.byte	0x1a
 649 0246 00       		.byte	0
 650 0247 00       		.byte	0
 651 0248 00       		.byte	0
 652 0249 18       		.uleb128 0x18
 653 024a 74010000 		.4byte	.LVL11
 654 024e 2E010000 		.4byte	0x12e
 655 0252 00       		.byte	0
 656 0253 19       		.uleb128 0x19
 657 0254 8A000000 		.4byte	.LASF33
 658 0258 8A000000 		.4byte	.LASF33
 659 025c 1A       		.uleb128 0x1a
 660 025d F6010000 		.4byte	.LASF26
 661 0261 F6010000 		.4byte	.LASF26
 662 0265 04       		.byte	0x4
 663 0266 6C       		.byte	0x6c
 664 0267 1A       		.uleb128 0x1a
 665 0268 0D000000 		.4byte	.LASF27
 666 026c 0D000000 		.4byte	.LASF27
 667 0270 04       		.byte	0x4
 668 0271 BD       		.byte	0xbd
 669 0272 1A       		.uleb128 0x1a
 670 0273 98000000 		.4byte	.LASF28
 671 0277 98000000 		.4byte	.LASF28
 672 027b 04       		.byte	0x4
 673 027c C3       		.byte	0xc3
 674 027d 00       		.byte	0
 675              		.section	.debug_abbrev,"",%progbits
 676              	.Ldebug_abbrev0:
 677 0000 01       		.uleb128 0x1
 678 0001 11       		.uleb128 0x11
 679 0002 01       		.byte	0x1
 680 0003 25       		.uleb128 0x25
 681 0004 0E       		.uleb128 0xe
 682 0005 13       		.uleb128 0x13
 683 0006 0B       		.uleb128 0xb
 684 0007 03       		.uleb128 0x3
 685 0008 0E       		.uleb128 0xe
 686 0009 1B       		.uleb128 0x1b
 687 000a 0E       		.uleb128 0xe
 688 000b 55       		.uleb128 0x55
 689 000c 17       		.uleb128 0x17
 690 000d 11       		.uleb128 0x11
ARM GAS  C:\Users\jagumiel\AppData\Local\Temp\ccriSRRa.s 			page 19


 691 000e 01       		.uleb128 0x1
 692 000f 10       		.uleb128 0x10
 693 0010 17       		.uleb128 0x17
 694 0011 00       		.byte	0
 695 0012 00       		.byte	0
 696 0013 02       		.uleb128 0x2
 697 0014 24       		.uleb128 0x24
 698 0015 00       		.byte	0
 699 0016 0B       		.uleb128 0xb
 700 0017 0B       		.uleb128 0xb
 701 0018 3E       		.uleb128 0x3e
 702 0019 0B       		.uleb128 0xb
 703 001a 03       		.uleb128 0x3
 704 001b 08       		.uleb128 0x8
 705 001c 00       		.byte	0
 706 001d 00       		.byte	0
 707 001e 03       		.uleb128 0x3
 708 001f 16       		.uleb128 0x16
 709 0020 00       		.byte	0
 710 0021 03       		.uleb128 0x3
 711 0022 0E       		.uleb128 0xe
 712 0023 3A       		.uleb128 0x3a
 713 0024 0B       		.uleb128 0xb
 714 0025 3B       		.uleb128 0x3b
 715 0026 0B       		.uleb128 0xb
 716 0027 49       		.uleb128 0x49
 717 0028 13       		.uleb128 0x13
 718 0029 00       		.byte	0
 719 002a 00       		.byte	0
 720 002b 04       		.uleb128 0x4
 721 002c 24       		.uleb128 0x24
 722 002d 00       		.byte	0
 723 002e 0B       		.uleb128 0xb
 724 002f 0B       		.uleb128 0xb
 725 0030 3E       		.uleb128 0x3e
 726 0031 0B       		.uleb128 0xb
 727 0032 03       		.uleb128 0x3
 728 0033 0E       		.uleb128 0xe
 729 0034 00       		.byte	0
 730 0035 00       		.byte	0
 731 0036 05       		.uleb128 0x5
 732 0037 0F       		.uleb128 0xf
 733 0038 00       		.byte	0
 734 0039 0B       		.uleb128 0xb
 735 003a 0B       		.uleb128 0xb
 736 003b 00       		.byte	0
 737 003c 00       		.byte	0
 738 003d 06       		.uleb128 0x6
 739 003e 16       		.uleb128 0x16
 740 003f 00       		.byte	0
 741 0040 03       		.uleb128 0x3
 742 0041 0E       		.uleb128 0xe
 743 0042 3A       		.uleb128 0x3a
 744 0043 0B       		.uleb128 0xb
 745 0044 3B       		.uleb128 0x3b
 746 0045 05       		.uleb128 0x5
 747 0046 49       		.uleb128 0x49
ARM GAS  C:\Users\jagumiel\AppData\Local\Temp\ccriSRRa.s 			page 20


 748 0047 13       		.uleb128 0x13
 749 0048 00       		.byte	0
 750 0049 00       		.byte	0
 751 004a 07       		.uleb128 0x7
 752 004b 35       		.uleb128 0x35
 753 004c 00       		.byte	0
 754 004d 49       		.uleb128 0x49
 755 004e 13       		.uleb128 0x13
 756 004f 00       		.byte	0
 757 0050 00       		.byte	0
 758 0051 08       		.uleb128 0x8
 759 0052 2E       		.uleb128 0x2e
 760 0053 01       		.byte	0x1
 761 0054 03       		.uleb128 0x3
 762 0055 0E       		.uleb128 0xe
 763 0056 3A       		.uleb128 0x3a
 764 0057 0B       		.uleb128 0xb
 765 0058 3B       		.uleb128 0x3b
 766 0059 0B       		.uleb128 0xb
 767 005a 27       		.uleb128 0x27
 768 005b 19       		.uleb128 0x19
 769 005c 11       		.uleb128 0x11
 770 005d 01       		.uleb128 0x1
 771 005e 12       		.uleb128 0x12
 772 005f 06       		.uleb128 0x6
 773 0060 40       		.uleb128 0x40
 774 0061 18       		.uleb128 0x18
 775 0062 9742     		.uleb128 0x2117
 776 0064 19       		.uleb128 0x19
 777 0065 01       		.uleb128 0x1
 778 0066 13       		.uleb128 0x13
 779 0067 00       		.byte	0
 780 0068 00       		.byte	0
 781 0069 09       		.uleb128 0x9
 782 006a 05       		.uleb128 0x5
 783 006b 00       		.byte	0
 784 006c 03       		.uleb128 0x3
 785 006d 08       		.uleb128 0x8
 786 006e 3A       		.uleb128 0x3a
 787 006f 0B       		.uleb128 0xb
 788 0070 3B       		.uleb128 0x3b
 789 0071 0B       		.uleb128 0xb
 790 0072 49       		.uleb128 0x49
 791 0073 13       		.uleb128 0x13
 792 0074 02       		.uleb128 0x2
 793 0075 17       		.uleb128 0x17
 794 0076 00       		.byte	0
 795 0077 00       		.byte	0
 796 0078 0A       		.uleb128 0xa
 797 0079 898201   		.uleb128 0x4109
 798 007c 01       		.byte	0x1
 799 007d 11       		.uleb128 0x11
 800 007e 01       		.uleb128 0x1
 801 007f 31       		.uleb128 0x31
 802 0080 13       		.uleb128 0x13
 803 0081 00       		.byte	0
 804 0082 00       		.byte	0
ARM GAS  C:\Users\jagumiel\AppData\Local\Temp\ccriSRRa.s 			page 21


 805 0083 0B       		.uleb128 0xb
 806 0084 8A8201   		.uleb128 0x410a
 807 0087 00       		.byte	0
 808 0088 02       		.uleb128 0x2
 809 0089 18       		.uleb128 0x18
 810 008a 9142     		.uleb128 0x2111
 811 008c 18       		.uleb128 0x18
 812 008d 00       		.byte	0
 813 008e 00       		.byte	0
 814 008f 0C       		.uleb128 0xc
 815 0090 898201   		.uleb128 0x4109
 816 0093 01       		.byte	0x1
 817 0094 11       		.uleb128 0x11
 818 0095 01       		.uleb128 0x1
 819 0096 31       		.uleb128 0x31
 820 0097 13       		.uleb128 0x13
 821 0098 01       		.uleb128 0x1
 822 0099 13       		.uleb128 0x13
 823 009a 00       		.byte	0
 824 009b 00       		.byte	0
 825 009c 0D       		.uleb128 0xd
 826 009d 2E       		.uleb128 0x2e
 827 009e 01       		.byte	0x1
 828 009f 3F       		.uleb128 0x3f
 829 00a0 19       		.uleb128 0x19
 830 00a1 03       		.uleb128 0x3
 831 00a2 0E       		.uleb128 0xe
 832 00a3 3A       		.uleb128 0x3a
 833 00a4 0B       		.uleb128 0xb
 834 00a5 3B       		.uleb128 0x3b
 835 00a6 05       		.uleb128 0x5
 836 00a7 27       		.uleb128 0x27
 837 00a8 19       		.uleb128 0x19
 838 00a9 11       		.uleb128 0x11
 839 00aa 01       		.uleb128 0x1
 840 00ab 12       		.uleb128 0x12
 841 00ac 06       		.uleb128 0x6
 842 00ad 40       		.uleb128 0x40
 843 00ae 18       		.uleb128 0x18
 844 00af 9742     		.uleb128 0x2117
 845 00b1 19       		.uleb128 0x19
 846 00b2 01       		.uleb128 0x1
 847 00b3 13       		.uleb128 0x13
 848 00b4 00       		.byte	0
 849 00b5 00       		.byte	0
 850 00b6 0E       		.uleb128 0xe
 851 00b7 0B       		.uleb128 0xb
 852 00b8 01       		.byte	0x1
 853 00b9 11       		.uleb128 0x11
 854 00ba 01       		.uleb128 0x1
 855 00bb 12       		.uleb128 0x12
 856 00bc 06       		.uleb128 0x6
 857 00bd 01       		.uleb128 0x1
 858 00be 13       		.uleb128 0x13
 859 00bf 00       		.byte	0
 860 00c0 00       		.byte	0
 861 00c1 0F       		.uleb128 0xf
ARM GAS  C:\Users\jagumiel\AppData\Local\Temp\ccriSRRa.s 			page 22


 862 00c2 13       		.uleb128 0x13
 863 00c3 01       		.byte	0x1
 864 00c4 0B       		.uleb128 0xb
 865 00c5 0B       		.uleb128 0xb
 866 00c6 3A       		.uleb128 0x3a
 867 00c7 0B       		.uleb128 0xb
 868 00c8 3B       		.uleb128 0x3b
 869 00c9 05       		.uleb128 0x5
 870 00ca 01       		.uleb128 0x1
 871 00cb 13       		.uleb128 0x13
 872 00cc 00       		.byte	0
 873 00cd 00       		.byte	0
 874 00ce 10       		.uleb128 0x10
 875 00cf 0D       		.uleb128 0xd
 876 00d0 00       		.byte	0
 877 00d1 03       		.uleb128 0x3
 878 00d2 0E       		.uleb128 0xe
 879 00d3 3A       		.uleb128 0x3a
 880 00d4 0B       		.uleb128 0xb
 881 00d5 3B       		.uleb128 0x3b
 882 00d6 05       		.uleb128 0x5
 883 00d7 49       		.uleb128 0x49
 884 00d8 13       		.uleb128 0x13
 885 00d9 38       		.uleb128 0x38
 886 00da 0B       		.uleb128 0xb
 887 00db 00       		.byte	0
 888 00dc 00       		.byte	0
 889 00dd 11       		.uleb128 0x11
 890 00de 01       		.uleb128 0x1
 891 00df 01       		.byte	0x1
 892 00e0 49       		.uleb128 0x49
 893 00e1 13       		.uleb128 0x13
 894 00e2 01       		.uleb128 0x1
 895 00e3 13       		.uleb128 0x13
 896 00e4 00       		.byte	0
 897 00e5 00       		.byte	0
 898 00e6 12       		.uleb128 0x12
 899 00e7 21       		.uleb128 0x21
 900 00e8 00       		.byte	0
 901 00e9 49       		.uleb128 0x49
 902 00ea 13       		.uleb128 0x13
 903 00eb 2F       		.uleb128 0x2f
 904 00ec 0B       		.uleb128 0xb
 905 00ed 00       		.byte	0
 906 00ee 00       		.byte	0
 907 00ef 13       		.uleb128 0x13
 908 00f0 26       		.uleb128 0x26
 909 00f1 00       		.byte	0
 910 00f2 49       		.uleb128 0x49
 911 00f3 13       		.uleb128 0x13
 912 00f4 00       		.byte	0
 913 00f5 00       		.byte	0
 914 00f6 14       		.uleb128 0x14
 915 00f7 34       		.uleb128 0x34
 916 00f8 00       		.byte	0
 917 00f9 03       		.uleb128 0x3
 918 00fa 0E       		.uleb128 0xe
ARM GAS  C:\Users\jagumiel\AppData\Local\Temp\ccriSRRa.s 			page 23


 919 00fb 3A       		.uleb128 0x3a
 920 00fc 0B       		.uleb128 0xb
 921 00fd 3B       		.uleb128 0x3b
 922 00fe 05       		.uleb128 0x5
 923 00ff 49       		.uleb128 0x49
 924 0100 13       		.uleb128 0x13
 925 0101 02       		.uleb128 0x2
 926 0102 18       		.uleb128 0x18
 927 0103 00       		.byte	0
 928 0104 00       		.byte	0
 929 0105 15       		.uleb128 0x15
 930 0106 34       		.uleb128 0x34
 931 0107 00       		.byte	0
 932 0108 03       		.uleb128 0x3
 933 0109 08       		.uleb128 0x8
 934 010a 3A       		.uleb128 0x3a
 935 010b 0B       		.uleb128 0xb
 936 010c 3B       		.uleb128 0x3b
 937 010d 05       		.uleb128 0x5
 938 010e 49       		.uleb128 0x49
 939 010f 13       		.uleb128 0x13
 940 0110 02       		.uleb128 0x2
 941 0111 17       		.uleb128 0x17
 942 0112 00       		.byte	0
 943 0113 00       		.byte	0
 944 0114 16       		.uleb128 0x16
 945 0115 0B       		.uleb128 0xb
 946 0116 01       		.byte	0x1
 947 0117 11       		.uleb128 0x11
 948 0118 01       		.uleb128 0x1
 949 0119 12       		.uleb128 0x12
 950 011a 06       		.uleb128 0x6
 951 011b 00       		.byte	0
 952 011c 00       		.byte	0
 953 011d 17       		.uleb128 0x17
 954 011e 0F       		.uleb128 0xf
 955 011f 00       		.byte	0
 956 0120 0B       		.uleb128 0xb
 957 0121 0B       		.uleb128 0xb
 958 0122 49       		.uleb128 0x49
 959 0123 13       		.uleb128 0x13
 960 0124 00       		.byte	0
 961 0125 00       		.byte	0
 962 0126 18       		.uleb128 0x18
 963 0127 898201   		.uleb128 0x4109
 964 012a 00       		.byte	0
 965 012b 11       		.uleb128 0x11
 966 012c 01       		.uleb128 0x1
 967 012d 31       		.uleb128 0x31
 968 012e 13       		.uleb128 0x13
 969 012f 00       		.byte	0
 970 0130 00       		.byte	0
 971 0131 19       		.uleb128 0x19
 972 0132 2E       		.uleb128 0x2e
 973 0133 00       		.byte	0
 974 0134 3F       		.uleb128 0x3f
 975 0135 19       		.uleb128 0x19
ARM GAS  C:\Users\jagumiel\AppData\Local\Temp\ccriSRRa.s 			page 24


 976 0136 3C       		.uleb128 0x3c
 977 0137 19       		.uleb128 0x19
 978 0138 6E       		.uleb128 0x6e
 979 0139 0E       		.uleb128 0xe
 980 013a 03       		.uleb128 0x3
 981 013b 0E       		.uleb128 0xe
 982 013c 00       		.byte	0
 983 013d 00       		.byte	0
 984 013e 1A       		.uleb128 0x1a
 985 013f 2E       		.uleb128 0x2e
 986 0140 00       		.byte	0
 987 0141 3F       		.uleb128 0x3f
 988 0142 19       		.uleb128 0x19
 989 0143 3C       		.uleb128 0x3c
 990 0144 19       		.uleb128 0x19
 991 0145 6E       		.uleb128 0x6e
 992 0146 0E       		.uleb128 0xe
 993 0147 03       		.uleb128 0x3
 994 0148 0E       		.uleb128 0xe
 995 0149 3A       		.uleb128 0x3a
 996 014a 0B       		.uleb128 0xb
 997 014b 3B       		.uleb128 0x3b
 998 014c 0B       		.uleb128 0xb
 999 014d 00       		.byte	0
 1000 014e 00       		.byte	0
 1001 014f 00       		.byte	0
 1002              		.section	.debug_loc,"",%progbits
 1003              	.Ldebug_loc0:
 1004              	.LLST0:
 1005 0000 00000000 		.4byte	.LVL0
 1006 0004 09000000 		.4byte	.LVL2-1
 1007 0008 0100     		.2byte	0x1
 1008 000a 50       		.byte	0x50
 1009 000b 09000000 		.4byte	.LVL2-1
 1010 000f 0C000000 		.4byte	.LFE0
 1011 0013 0400     		.2byte	0x4
 1012 0015 F3       		.byte	0xf3
 1013 0016 01       		.uleb128 0x1
 1014 0017 50       		.byte	0x50
 1015 0018 9F       		.byte	0x9f
 1016 0019 00000000 		.4byte	0
 1017 001d 00000000 		.4byte	0
 1018              	.LLST1:
 1019 0021 00000000 		.4byte	.LVL0
 1020 0025 06000000 		.4byte	.LVL1
 1021 0029 0100     		.2byte	0x1
 1022 002b 51       		.byte	0x51
 1023 002c 06000000 		.4byte	.LVL1
 1024 0030 09000000 		.4byte	.LVL2-1
 1025 0034 0100     		.2byte	0x1
 1026 0036 52       		.byte	0x52
 1027 0037 09000000 		.4byte	.LVL2-1
 1028 003b 0C000000 		.4byte	.LFE0
 1029 003f 0400     		.2byte	0x4
 1030 0041 F3       		.byte	0xf3
 1031 0042 01       		.uleb128 0x1
 1032 0043 51       		.byte	0x51
ARM GAS  C:\Users\jagumiel\AppData\Local\Temp\ccriSRRa.s 			page 25


 1033 0044 9F       		.byte	0x9f
 1034 0045 00000000 		.4byte	0
 1035 0049 00000000 		.4byte	0
 1036              	.LLST2:
 1037 004d C4000000 		.4byte	.LVL6
 1038 0051 C8000000 		.4byte	.LVL7
 1039 0055 0200     		.2byte	0x2
 1040 0057 30       		.byte	0x30
 1041 0058 9F       		.byte	0x9f
 1042 0059 C8000000 		.4byte	.LVL7
 1043 005d E6000000 		.4byte	.LVL9
 1044 0061 0100     		.2byte	0x1
 1045 0063 54       		.byte	0x54
 1046 0064 E8000000 		.4byte	.LVL10
 1047 0068 74010000 		.4byte	.LVL12
 1048 006c 0100     		.2byte	0x1
 1049 006e 54       		.byte	0x54
 1050 006f 00000000 		.4byte	0
 1051 0073 00000000 		.4byte	0
 1052              	.LLST3:
 1053 0077 C8000000 		.4byte	.LVL7
 1054 007b E6000000 		.4byte	.LVL9
 1055 007f 0B00     		.2byte	0xb
 1056 0081 74       		.byte	0x74
 1057 0082 00       		.sleb128 0
 1058 0083 36       		.byte	0x36
 1059 0084 1E       		.byte	0x1e
 1060 0085 03       		.byte	0x3
 1061 0086 00000000 		.4byte	cfg_memset_list.4847
 1062 008a 22       		.byte	0x22
 1063 008b 9F       		.byte	0x9f
 1064 008c E6000000 		.4byte	.LVL9
 1065 0090 E8000000 		.4byte	.LVL10
 1066 0094 0B00     		.2byte	0xb
 1067 0096 74       		.byte	0x74
 1068 0097 7F       		.sleb128 -1
 1069 0098 36       		.byte	0x36
 1070 0099 1E       		.byte	0x1e
 1071 009a 03       		.byte	0x3
 1072 009b 00000000 		.4byte	cfg_memset_list.4847
 1073 009f 22       		.byte	0x22
 1074 00a0 9F       		.byte	0x9f
 1075 00a1 00000000 		.4byte	0
 1076 00a5 00000000 		.4byte	0
 1077              		.section	.debug_aranges,"",%progbits
 1078 0000 2C000000 		.4byte	0x2c
 1079 0004 0200     		.2byte	0x2
 1080 0006 00000000 		.4byte	.Ldebug_info0
 1081 000a 04       		.byte	0x4
 1082 000b 00       		.byte	0
 1083 000c 0000     		.2byte	0
 1084 000e 0000     		.2byte	0
 1085 0010 00000000 		.4byte	.LFB0
 1086 0014 0C000000 		.4byte	.LFE0-.LFB0
 1087 0018 00000000 		.4byte	.LFB3
 1088 001c C0000000 		.4byte	.LFE3-.LFB3
 1089 0020 C0000000 		.4byte	.LFB5
ARM GAS  C:\Users\jagumiel\AppData\Local\Temp\ccriSRRa.s 			page 26


 1090 0024 10010000 		.4byte	.LFE5-.LFB5
 1091 0028 00000000 		.4byte	0
 1092 002c 00000000 		.4byte	0
 1093              		.section	.debug_ranges,"",%progbits
 1094              	.Ldebug_ranges0:
 1095 0000 00000000 		.4byte	.LFB0
 1096 0004 0C000000 		.4byte	.LFE0
 1097 0008 00000000 		.4byte	.LFB3
 1098 000c C0000000 		.4byte	.LFE3
 1099 0010 C0000000 		.4byte	.LFB5
 1100 0014 D0010000 		.4byte	.LFE5
 1101 0018 00000000 		.4byte	0
 1102 001c 00000000 		.4byte	0
 1103              		.section	.debug_line,"",%progbits
 1104              	.Ldebug_line0:
 1105 0000 41010000 		.section	.debug_str,"MS",%progbits,1
 1105      0200D600 
 1105      00000201 
 1105      FB0E0D00 
 1105      01010101 
 1106              	.LASF19:
 1107 0000 72656733 		.ascii	"reg32\000"
 1107      3200
 1108              	.LASF12:
 1109 0006 73697A65 		.ascii	"size_t\000"
 1109      5F7400
 1110              	.LASF27:
 1111 000d 4379496E 		.ascii	"CyIntSetVector\000"
 1111      74536574 
 1111      56656374 
 1111      6F7200
 1112              	.LASF25:
 1113 001c 6366675F 		.ascii	"cfg_memset_list\000"
 1113      6D656D73 
 1113      65745F6C 
 1113      69737400 
 1114              	.LASF21:
 1115 002c 436C6F63 		.ascii	"ClockSetup\000"
 1115      6B536574 
 1115      757000
 1116              	.LASF6:
 1117 0037 73686F72 		.ascii	"short unsigned int\000"
 1117      7420756E 
 1117      7369676E 
 1117      65642069 
 1117      6E7400
 1118              	.LASF16:
 1119 004a 666C6F61 		.ascii	"float\000"
 1119      7400
 1120              	.LASF23:
 1121 0050 73697A65 		.ascii	"size\000"
 1121      00
 1122              	.LASF18:
 1123 0055 72656738 		.ascii	"reg8\000"
 1123      00
 1124              	.LASF8:
 1125 005a 6C6F6E67 		.ascii	"long unsigned int\000"
ARM GAS  C:\Users\jagumiel\AppData\Local\Temp\ccriSRRa.s 			page 27


 1125      20756E73 
 1125      69676E65 
 1125      6420696E 
 1125      7400
 1126              	.LASF13:
 1127 006c 75696E74 		.ascii	"uint8\000"
 1127      3800
 1128              	.LASF20:
 1129 0072 43594D45 		.ascii	"CYMEMZERO\000"
 1129      4D5A4552 
 1129      4F00
 1130              	.LASF4:
 1131 007c 756E7369 		.ascii	"unsigned char\000"
 1131      676E6564 
 1131      20636861 
 1131      7200
 1132              	.LASF33:
 1133 008a 6D656D73 		.ascii	"memset\000"
 1133      657400
 1134              	.LASF17:
 1135 0091 646F7562 		.ascii	"double\000"
 1135      6C6500
 1136              	.LASF28:
 1137 0098 4379496E 		.ascii	"CyIntEnable\000"
 1137      74456E61 
 1137      626C6500 
 1138              	.LASF14:
 1139 00a4 75696E74 		.ascii	"uint16\000"
 1139      313600
 1140              	.LASF15:
 1141 00ab 75696E74 		.ascii	"uint32\000"
 1141      333200
 1142              	.LASF0:
 1143 00b2 756E7369 		.ascii	"unsigned int\000"
 1143      676E6564 
 1143      20696E74 
 1143      00
 1144              	.LASF32:
 1145 00bf 63796669 		.ascii	"cyfitter_cfg\000"
 1145      74746572 
 1145      5F636667 
 1145      00
 1146              	.LASF22:
 1147 00cc 61646472 		.ascii	"address\000"
 1147      65737300 
 1148              	.LASF9:
 1149 00d4 6C6F6E67 		.ascii	"long long unsigned int\000"
 1149      206C6F6E 
 1149      6720756E 
 1149      7369676E 
 1149      65642069 
 1150              	.LASF29:
 1151 00eb 474E5520 		.ascii	"GNU C11 5.4.1 20160609 (release) [ARM/embedded-5-br"
 1151      43313120 
 1151      352E342E 
 1151      31203230 
 1151      31363036 
ARM GAS  C:\Users\jagumiel\AppData\Local\Temp\ccriSRRa.s 			page 28


 1152 011e 616E6368 		.ascii	"anch revision 237715] -mcpu=cortex-m0 -mthumb -g -O"
 1152      20726576 
 1152      6973696F 
 1152      6E203233 
 1152      37373135 
 1153 0151 67202D66 		.ascii	"g -ffunction-sections -ffat-lto-objects\000"
 1153      66756E63 
 1153      74696F6E 
 1153      2D736563 
 1153      74696F6E 
 1154              	.LASF24:
 1155 0179 6366675F 		.ascii	"cfg_memset_t\000"
 1155      6D656D73 
 1155      65745F74 
 1155      00
 1156              	.LASF31:
 1157 0186 443A5C55 		.ascii	"D:\\Users\\jagumiel\\Documents\\PSoC Creator\\PSoC-"
 1157      73657273 
 1157      5C6A6167 
 1157      756D6965 
 1157      6C5C446F 
 1158 01b4 3130315C 		.ascii	"101\\PSoC-101\\Lesson16.cydsn\000"
 1158      50536F43 
 1158      2D313031 
 1158      5C4C6573 
 1158      736F6E31 
 1159              	.LASF10:
 1160 01d0 73697A65 		.ascii	"sizetype\000"
 1160      74797065 
 1160      00
 1161              	.LASF1:
 1162 01d9 6C6F6E67 		.ascii	"long long int\000"
 1162      206C6F6E 
 1162      6720696E 
 1162      7400
 1163              	.LASF11:
 1164 01e7 63686172 		.ascii	"char\000"
 1164      00
 1165              	.LASF5:
 1166 01ec 73686F72 		.ascii	"short int\000"
 1166      7420696E 
 1166      7400
 1167              	.LASF26:
 1168 01f6 43795379 		.ascii	"CySysClkWriteImoFreq\000"
 1168      73436C6B 
 1168      57726974 
 1168      65496D6F 
 1168      46726571 
 1169              	.LASF7:
 1170 020b 6C6F6E67 		.ascii	"long int\000"
 1170      20696E74 
 1170      00
 1171              	.LASF2:
 1172 0214 6C6F6E67 		.ascii	"long double\000"
 1172      20646F75 
 1172      626C6500 
 1173              	.LASF3:
ARM GAS  C:\Users\jagumiel\AppData\Local\Temp\ccriSRRa.s 			page 29


 1174 0220 7369676E 		.ascii	"signed char\000"
 1174      65642063 
 1174      68617200 
 1175              	.LASF30:
 1176 022c 47656E65 		.ascii	"Generated_Source\\PSoC4\\cyfitter_cfg.c\000"
 1176      72617465 
 1176      645F536F 
 1176      75726365 
 1176      5C50536F 
 1177              		.ident	"GCC: (GNU Tools for ARM Embedded Processors) 5.4.1 20160609 (release) [ARM/embedded-5-bran
