ARM GAS  C:\Users\jagumiel\AppData\Local\Temp\cc1YUbaV.s 			page 1


   1              		.syntax unified
   2              		.cpu cortex-m0
   3              		.fpu softvfp
   4              		.eabi_attribute 20, 1
   5              		.eabi_attribute 21, 1
   6              		.eabi_attribute 23, 3
   7              		.eabi_attribute 24, 1
   8              		.eabi_attribute 25, 1
   9              		.eabi_attribute 26, 1
  10              		.eabi_attribute 30, 1
  11              		.eabi_attribute 34, 0
  12              		.eabi_attribute 18, 4
  13              		.thumb
  14              		.syntax unified
  15              		.file	"I2C_I2C.c"
  16              		.text
  17              	.Ltext0:
  18              		.cfi_sections	.debug_frame
  19              		.section	.text.I2C_I2CInit,"ax",%progbits
  20              		.align	2
  21              		.global	I2C_I2CInit
  22              		.code	16
  23              		.thumb_func
  24              		.type	I2C_I2CInit, %function
  25              	I2C_I2CInit:
  26              	.LFB0:
  27              		.file 1 "Generated_Source\\PSoC4\\I2C_I2C.c"
   1:Generated_Source\PSoC4/I2C_I2C.c **** /***************************************************************************//**
   2:Generated_Source\PSoC4/I2C_I2C.c **** * \file I2C_I2C.c
   3:Generated_Source\PSoC4/I2C_I2C.c **** * \version 4.0
   4:Generated_Source\PSoC4/I2C_I2C.c **** *
   5:Generated_Source\PSoC4/I2C_I2C.c **** * \brief
   6:Generated_Source\PSoC4/I2C_I2C.c **** *  This file provides the source code to the API for the SCB Component in
   7:Generated_Source\PSoC4/I2C_I2C.c **** *  I2C mode.
   8:Generated_Source\PSoC4/I2C_I2C.c **** *
   9:Generated_Source\PSoC4/I2C_I2C.c **** * Note:
  10:Generated_Source\PSoC4/I2C_I2C.c **** *
  11:Generated_Source\PSoC4/I2C_I2C.c **** *******************************************************************************
  12:Generated_Source\PSoC4/I2C_I2C.c **** * \copyright
  13:Generated_Source\PSoC4/I2C_I2C.c **** * Copyright 2013-2017, Cypress Semiconductor Corporation.  All rights reserved.
  14:Generated_Source\PSoC4/I2C_I2C.c **** * You may use this file only in accordance with the license, terms, conditions,
  15:Generated_Source\PSoC4/I2C_I2C.c **** * disclaimers, and limitations in the end user license agreement accompanying
  16:Generated_Source\PSoC4/I2C_I2C.c **** * the software package with which this file was provided.
  17:Generated_Source\PSoC4/I2C_I2C.c **** *******************************************************************************/
  18:Generated_Source\PSoC4/I2C_I2C.c **** 
  19:Generated_Source\PSoC4/I2C_I2C.c **** #include "I2C_PVT.h"
  20:Generated_Source\PSoC4/I2C_I2C.c **** #include "I2C_I2C_PVT.h"
  21:Generated_Source\PSoC4/I2C_I2C.c **** 
  22:Generated_Source\PSoC4/I2C_I2C.c **** 
  23:Generated_Source\PSoC4/I2C_I2C.c **** /***************************************
  24:Generated_Source\PSoC4/I2C_I2C.c **** *      I2C Private Vars
  25:Generated_Source\PSoC4/I2C_I2C.c **** ***************************************/
  26:Generated_Source\PSoC4/I2C_I2C.c **** 
  27:Generated_Source\PSoC4/I2C_I2C.c **** volatile uint8 I2C_state;  /* Current state of I2C FSM */
  28:Generated_Source\PSoC4/I2C_I2C.c **** 
  29:Generated_Source\PSoC4/I2C_I2C.c **** #if(I2C_SCB_MODE_UNCONFIG_CONST_CFG)
  30:Generated_Source\PSoC4/I2C_I2C.c **** 
ARM GAS  C:\Users\jagumiel\AppData\Local\Temp\cc1YUbaV.s 			page 2


  31:Generated_Source\PSoC4/I2C_I2C.c ****     /***************************************
  32:Generated_Source\PSoC4/I2C_I2C.c ****     *  Configuration Structure Initialization
  33:Generated_Source\PSoC4/I2C_I2C.c ****     ***************************************/
  34:Generated_Source\PSoC4/I2C_I2C.c **** 
  35:Generated_Source\PSoC4/I2C_I2C.c ****     /* Constant configuration of I2C */
  36:Generated_Source\PSoC4/I2C_I2C.c ****     const I2C_I2C_INIT_STRUCT I2C_configI2C =
  37:Generated_Source\PSoC4/I2C_I2C.c ****     {
  38:Generated_Source\PSoC4/I2C_I2C.c ****         I2C_I2C_MODE,
  39:Generated_Source\PSoC4/I2C_I2C.c ****         I2C_I2C_OVS_FACTOR_LOW,
  40:Generated_Source\PSoC4/I2C_I2C.c ****         I2C_I2C_OVS_FACTOR_HIGH,
  41:Generated_Source\PSoC4/I2C_I2C.c ****         I2C_I2C_MEDIAN_FILTER_ENABLE,
  42:Generated_Source\PSoC4/I2C_I2C.c ****         I2C_I2C_SLAVE_ADDRESS,
  43:Generated_Source\PSoC4/I2C_I2C.c ****         I2C_I2C_SLAVE_ADDRESS_MASK,
  44:Generated_Source\PSoC4/I2C_I2C.c ****         I2C_I2C_ACCEPT_ADDRESS,
  45:Generated_Source\PSoC4/I2C_I2C.c ****         I2C_I2C_WAKE_ENABLE,
  46:Generated_Source\PSoC4/I2C_I2C.c ****         I2C_I2C_BYTE_MODE_ENABLE,
  47:Generated_Source\PSoC4/I2C_I2C.c ****         I2C_I2C_DATA_RATE,
  48:Generated_Source\PSoC4/I2C_I2C.c ****         I2C_I2C_ACCEPT_GENERAL_CALL,
  49:Generated_Source\PSoC4/I2C_I2C.c ****     };
  50:Generated_Source\PSoC4/I2C_I2C.c **** 
  51:Generated_Source\PSoC4/I2C_I2C.c ****     /*******************************************************************************
  52:Generated_Source\PSoC4/I2C_I2C.c ****     * Function Name: I2C_I2CInit
  53:Generated_Source\PSoC4/I2C_I2C.c ****     ****************************************************************************//**
  54:Generated_Source\PSoC4/I2C_I2C.c ****     *
  55:Generated_Source\PSoC4/I2C_I2C.c ****     *
  56:Generated_Source\PSoC4/I2C_I2C.c ****     *  Configures the I2C for I2C operation.
  57:Generated_Source\PSoC4/I2C_I2C.c ****     *
  58:Generated_Source\PSoC4/I2C_I2C.c ****     *  This function is intended specifically to be used when the I2C 
  59:Generated_Source\PSoC4/I2C_I2C.c ****     *  configuration is set to “Unconfigured I2C” in the customizer. 
  60:Generated_Source\PSoC4/I2C_I2C.c ****     *  After initializing the I2C in I2C mode using this function, 
  61:Generated_Source\PSoC4/I2C_I2C.c ****     *  the component can be enabled using the I2C_Start() or 
  62:Generated_Source\PSoC4/I2C_I2C.c ****     * I2C_Enable() function.
  63:Generated_Source\PSoC4/I2C_I2C.c ****     *  This function uses a pointer to a structure that provides the configuration 
  64:Generated_Source\PSoC4/I2C_I2C.c ****     *  settings. This structure contains the same information that would otherwise 
  65:Generated_Source\PSoC4/I2C_I2C.c ****     *  be provided by the customizer settings.
  66:Generated_Source\PSoC4/I2C_I2C.c ****     *
  67:Generated_Source\PSoC4/I2C_I2C.c ****     *  \param config: pointer to a structure that contains the following list of 
  68:Generated_Source\PSoC4/I2C_I2C.c ****     *   fields. These fields match the selections available in the customizer. 
  69:Generated_Source\PSoC4/I2C_I2C.c ****     *   Refer to the customizer for further description of the settings.
  70:Generated_Source\PSoC4/I2C_I2C.c ****     *
  71:Generated_Source\PSoC4/I2C_I2C.c ****     *******************************************************************************/
  72:Generated_Source\PSoC4/I2C_I2C.c ****     void I2C_I2CInit(const I2C_I2C_INIT_STRUCT *config)
  73:Generated_Source\PSoC4/I2C_I2C.c ****     {
  74:Generated_Source\PSoC4/I2C_I2C.c ****         uint32 medianFilter;
  75:Generated_Source\PSoC4/I2C_I2C.c ****         uint32 locEnableWake;
  76:Generated_Source\PSoC4/I2C_I2C.c **** 
  77:Generated_Source\PSoC4/I2C_I2C.c ****         if(NULL == config)
  78:Generated_Source\PSoC4/I2C_I2C.c ****         {
  79:Generated_Source\PSoC4/I2C_I2C.c ****             CYASSERT(0u != 0u); /* Halt execution due to bad function parameter */
  80:Generated_Source\PSoC4/I2C_I2C.c ****         }
  81:Generated_Source\PSoC4/I2C_I2C.c ****         else
  82:Generated_Source\PSoC4/I2C_I2C.c ****         {
  83:Generated_Source\PSoC4/I2C_I2C.c ****             /* Configure pins */
  84:Generated_Source\PSoC4/I2C_I2C.c ****             I2C_SetPins(I2C_SCB_MODE_I2C, I2C_DUMMY_PARAM,
  85:Generated_Source\PSoC4/I2C_I2C.c ****                                      I2C_DUMMY_PARAM);
  86:Generated_Source\PSoC4/I2C_I2C.c **** 
  87:Generated_Source\PSoC4/I2C_I2C.c ****             /* Store internal configuration */
ARM GAS  C:\Users\jagumiel\AppData\Local\Temp\cc1YUbaV.s 			page 3


  88:Generated_Source\PSoC4/I2C_I2C.c ****             I2C_scbMode       = (uint8) I2C_SCB_MODE_I2C;
  89:Generated_Source\PSoC4/I2C_I2C.c ****             I2C_scbEnableWake = (uint8) config->enableWake;
  90:Generated_Source\PSoC4/I2C_I2C.c ****             I2C_scbEnableIntr = (uint8) I2C_SCB_IRQ_INTERNAL;
  91:Generated_Source\PSoC4/I2C_I2C.c **** 
  92:Generated_Source\PSoC4/I2C_I2C.c ****             I2C_mode          = (uint8) config->mode;
  93:Generated_Source\PSoC4/I2C_I2C.c ****             I2C_acceptAddr    = (uint8) config->acceptAddr;
  94:Generated_Source\PSoC4/I2C_I2C.c **** 
  95:Generated_Source\PSoC4/I2C_I2C.c ****         #if (I2C_CY_SCBIP_V0)
  96:Generated_Source\PSoC4/I2C_I2C.c ****             /* Adjust SDA filter settings. Ticket ID#150521 */
  97:Generated_Source\PSoC4/I2C_I2C.c ****             I2C_SET_I2C_CFG_SDA_FILT_TRIM(I2C_EC_AM_I2C_CFG_SDA_FILT_TRIM);
  98:Generated_Source\PSoC4/I2C_I2C.c ****         #endif /* (I2C_CY_SCBIP_V0) */
  99:Generated_Source\PSoC4/I2C_I2C.c **** 
 100:Generated_Source\PSoC4/I2C_I2C.c ****             /* Adjust AF and DF filter settings. Ticket ID#176179 */
 101:Generated_Source\PSoC4/I2C_I2C.c ****             if (((I2C_I2C_MODE_SLAVE != config->mode) &&
 102:Generated_Source\PSoC4/I2C_I2C.c ****                  (config->dataRate <= I2C_I2C_DATA_RATE_FS_MODE_MAX)) ||
 103:Generated_Source\PSoC4/I2C_I2C.c ****                  (I2C_I2C_MODE_SLAVE == config->mode))
 104:Generated_Source\PSoC4/I2C_I2C.c ****             {
 105:Generated_Source\PSoC4/I2C_I2C.c ****                 /* AF = 1, DF = 0 */
 106:Generated_Source\PSoC4/I2C_I2C.c ****                 I2C_I2C_CFG_ANALOG_FITER_ENABLE;
 107:Generated_Source\PSoC4/I2C_I2C.c ****                 medianFilter = I2C_DIGITAL_FILTER_DISABLE;
 108:Generated_Source\PSoC4/I2C_I2C.c ****             }
 109:Generated_Source\PSoC4/I2C_I2C.c ****             else
 110:Generated_Source\PSoC4/I2C_I2C.c ****             {
 111:Generated_Source\PSoC4/I2C_I2C.c ****                 /* AF = 0, DF = 1 */
 112:Generated_Source\PSoC4/I2C_I2C.c ****                 I2C_I2C_CFG_ANALOG_FITER_DISABLE;
 113:Generated_Source\PSoC4/I2C_I2C.c ****                 medianFilter = I2C_DIGITAL_FILTER_ENABLE;
 114:Generated_Source\PSoC4/I2C_I2C.c ****             }
 115:Generated_Source\PSoC4/I2C_I2C.c **** 
 116:Generated_Source\PSoC4/I2C_I2C.c ****         #if (!I2C_CY_SCBIP_V0)
 117:Generated_Source\PSoC4/I2C_I2C.c ****             locEnableWake = (I2C_I2C_MULTI_MASTER_SLAVE) ? (0u) : (config->enableWake);
 118:Generated_Source\PSoC4/I2C_I2C.c ****         #else
 119:Generated_Source\PSoC4/I2C_I2C.c ****             locEnableWake = config->enableWake;
 120:Generated_Source\PSoC4/I2C_I2C.c ****         #endif /* (!I2C_CY_SCBIP_V0) */
 121:Generated_Source\PSoC4/I2C_I2C.c **** 
 122:Generated_Source\PSoC4/I2C_I2C.c ****             /* Configure I2C interface */
 123:Generated_Source\PSoC4/I2C_I2C.c ****             I2C_CTRL_REG     = I2C_GET_CTRL_BYTE_MODE  (config->enableByteMode) |
 124:Generated_Source\PSoC4/I2C_I2C.c ****                                             I2C_GET_CTRL_ADDR_ACCEPT(config->acceptAddr)     |
 125:Generated_Source\PSoC4/I2C_I2C.c ****                                             I2C_GET_CTRL_EC_AM_MODE (locEnableWake);
 126:Generated_Source\PSoC4/I2C_I2C.c **** 
 127:Generated_Source\PSoC4/I2C_I2C.c ****             I2C_I2C_CTRL_REG = I2C_GET_I2C_CTRL_HIGH_PHASE_OVS(config->oversampleHigh) |
 128:Generated_Source\PSoC4/I2C_I2C.c ****                     I2C_GET_I2C_CTRL_LOW_PHASE_OVS (config->oversampleLow)                         
 129:Generated_Source\PSoC4/I2C_I2C.c ****                     I2C_GET_I2C_CTRL_S_GENERAL_IGNORE((uint32)(0u == config->acceptGeneralAddr))   
 130:Generated_Source\PSoC4/I2C_I2C.c ****                     I2C_GET_I2C_CTRL_SL_MSTR_MODE  (config->mode);
 131:Generated_Source\PSoC4/I2C_I2C.c **** 
 132:Generated_Source\PSoC4/I2C_I2C.c ****             /* Configure RX direction */
 133:Generated_Source\PSoC4/I2C_I2C.c ****             I2C_RX_CTRL_REG      = I2C_GET_RX_CTRL_MEDIAN(medianFilter) |
 134:Generated_Source\PSoC4/I2C_I2C.c ****                                                 I2C_I2C_RX_CTRL;
 135:Generated_Source\PSoC4/I2C_I2C.c ****             I2C_RX_FIFO_CTRL_REG = I2C_CLEAR_REG;
 136:Generated_Source\PSoC4/I2C_I2C.c **** 
 137:Generated_Source\PSoC4/I2C_I2C.c ****             /* Set default address and mask */
 138:Generated_Source\PSoC4/I2C_I2C.c ****             I2C_RX_MATCH_REG    = ((I2C_I2C_SLAVE) ?
 139:Generated_Source\PSoC4/I2C_I2C.c ****                                                 (I2C_GET_I2C_8BIT_ADDRESS(config->slaveAddr) |
 140:Generated_Source\PSoC4/I2C_I2C.c ****                                                  I2C_GET_RX_MATCH_MASK(config->slaveAddrMask)) :
 141:Generated_Source\PSoC4/I2C_I2C.c ****                                                 (I2C_CLEAR_REG));
 142:Generated_Source\PSoC4/I2C_I2C.c **** 
 143:Generated_Source\PSoC4/I2C_I2C.c **** 
 144:Generated_Source\PSoC4/I2C_I2C.c ****             /* Configure TX direction */
ARM GAS  C:\Users\jagumiel\AppData\Local\Temp\cc1YUbaV.s 			page 4


 145:Generated_Source\PSoC4/I2C_I2C.c ****             I2C_TX_CTRL_REG      = I2C_I2C_TX_CTRL;
 146:Generated_Source\PSoC4/I2C_I2C.c ****             I2C_TX_FIFO_CTRL_REG = I2C_CLEAR_REG;
 147:Generated_Source\PSoC4/I2C_I2C.c **** 
 148:Generated_Source\PSoC4/I2C_I2C.c ****             /* Configure interrupt with I2C handler but do not enable it */
 149:Generated_Source\PSoC4/I2C_I2C.c ****             CyIntDisable    (I2C_ISR_NUMBER);
 150:Generated_Source\PSoC4/I2C_I2C.c ****             CyIntSetPriority(I2C_ISR_NUMBER, I2C_ISR_PRIORITY);
 151:Generated_Source\PSoC4/I2C_I2C.c ****             (void) CyIntSetVector(I2C_ISR_NUMBER, &I2C_I2C_ISR);
 152:Generated_Source\PSoC4/I2C_I2C.c **** 
 153:Generated_Source\PSoC4/I2C_I2C.c ****             /* Configure interrupt sources */
 154:Generated_Source\PSoC4/I2C_I2C.c ****         #if(!I2C_CY_SCBIP_V1)
 155:Generated_Source\PSoC4/I2C_I2C.c ****             I2C_INTR_SPI_EC_MASK_REG = I2C_NO_INTR_SOURCES;
 156:Generated_Source\PSoC4/I2C_I2C.c ****         #endif /* (!I2C_CY_SCBIP_V1) */
 157:Generated_Source\PSoC4/I2C_I2C.c **** 
 158:Generated_Source\PSoC4/I2C_I2C.c ****             I2C_INTR_I2C_EC_MASK_REG = I2C_NO_INTR_SOURCES;
 159:Generated_Source\PSoC4/I2C_I2C.c ****             I2C_INTR_RX_MASK_REG     = I2C_NO_INTR_SOURCES;
 160:Generated_Source\PSoC4/I2C_I2C.c ****             I2C_INTR_TX_MASK_REG     = I2C_NO_INTR_SOURCES;
 161:Generated_Source\PSoC4/I2C_I2C.c **** 
 162:Generated_Source\PSoC4/I2C_I2C.c ****             I2C_INTR_SLAVE_MASK_REG  = ((I2C_I2C_SLAVE) ?
 163:Generated_Source\PSoC4/I2C_I2C.c ****                             (I2C_GET_INTR_SLAVE_I2C_GENERAL(config->acceptGeneralAddr) |
 164:Generated_Source\PSoC4/I2C_I2C.c ****                              I2C_I2C_INTR_SLAVE_MASK) : (I2C_CLEAR_REG));
 165:Generated_Source\PSoC4/I2C_I2C.c **** 
 166:Generated_Source\PSoC4/I2C_I2C.c ****             I2C_INTR_MASTER_MASK_REG = I2C_NO_INTR_SOURCES;
 167:Generated_Source\PSoC4/I2C_I2C.c **** 
 168:Generated_Source\PSoC4/I2C_I2C.c ****             /* Configure global variables */
 169:Generated_Source\PSoC4/I2C_I2C.c ****             I2C_state = I2C_I2C_FSM_IDLE;
 170:Generated_Source\PSoC4/I2C_I2C.c **** 
 171:Generated_Source\PSoC4/I2C_I2C.c ****             /* Internal slave variables */
 172:Generated_Source\PSoC4/I2C_I2C.c ****             I2C_slStatus        = 0u;
 173:Generated_Source\PSoC4/I2C_I2C.c ****             I2C_slRdBufIndex    = 0u;
 174:Generated_Source\PSoC4/I2C_I2C.c ****             I2C_slWrBufIndex    = 0u;
 175:Generated_Source\PSoC4/I2C_I2C.c ****             I2C_slOverFlowCount = 0u;
 176:Generated_Source\PSoC4/I2C_I2C.c **** 
 177:Generated_Source\PSoC4/I2C_I2C.c ****             /* Internal master variables */
 178:Generated_Source\PSoC4/I2C_I2C.c ****             I2C_mstrStatus     = 0u;
 179:Generated_Source\PSoC4/I2C_I2C.c ****             I2C_mstrRdBufIndex = 0u;
 180:Generated_Source\PSoC4/I2C_I2C.c ****             I2C_mstrWrBufIndex = 0u;
 181:Generated_Source\PSoC4/I2C_I2C.c ****         }
 182:Generated_Source\PSoC4/I2C_I2C.c ****     }
 183:Generated_Source\PSoC4/I2C_I2C.c **** 
 184:Generated_Source\PSoC4/I2C_I2C.c **** #else
 185:Generated_Source\PSoC4/I2C_I2C.c **** 
 186:Generated_Source\PSoC4/I2C_I2C.c ****     /*******************************************************************************
 187:Generated_Source\PSoC4/I2C_I2C.c ****     * Function Name: I2C_I2CInit
 188:Generated_Source\PSoC4/I2C_I2C.c ****     ****************************************************************************//**
 189:Generated_Source\PSoC4/I2C_I2C.c ****     *
 190:Generated_Source\PSoC4/I2C_I2C.c ****     *  Configures the SCB for the I2C operation.
 191:Generated_Source\PSoC4/I2C_I2C.c ****     *
 192:Generated_Source\PSoC4/I2C_I2C.c ****     *******************************************************************************/
 193:Generated_Source\PSoC4/I2C_I2C.c ****     void I2C_I2CInit(void)
 194:Generated_Source\PSoC4/I2C_I2C.c ****     {
  28              		.loc 1 194 0
  29              		.cfi_startproc
  30              		@ args = 0, pretend = 0, frame = 0
  31              		@ frame_needed = 0, uses_anonymous_args = 0
  32 0000 10B5     		push	{r4, lr}
  33              		.cfi_def_cfa_offset 8
  34              		.cfi_offset 4, -8
ARM GAS  C:\Users\jagumiel\AppData\Local\Temp\cc1YUbaV.s 			page 5


  35              		.cfi_offset 14, -4
 195:Generated_Source\PSoC4/I2C_I2C.c ****     #if(I2C_CY_SCBIP_V0)
 196:Generated_Source\PSoC4/I2C_I2C.c ****         /* Adjust SDA filter settings. Ticket ID#150521 */
 197:Generated_Source\PSoC4/I2C_I2C.c ****         I2C_SET_I2C_CFG_SDA_FILT_TRIM(I2C_EC_AM_I2C_CFG_SDA_FILT_TRIM);
  36              		.loc 1 197 0
  37 0002 1F4A     		ldr	r2, .L2
  38 0004 1168     		ldr	r1, [r2]
  39 0006 0C23     		movs	r3, #12
  40 0008 0B43     		orrs	r3, r1
  41 000a 1360     		str	r3, [r2]
 198:Generated_Source\PSoC4/I2C_I2C.c ****     #endif /* (I2C_CY_SCBIP_V0) */
 199:Generated_Source\PSoC4/I2C_I2C.c **** 
 200:Generated_Source\PSoC4/I2C_I2C.c ****         /* Adjust AF and DF filter settings. Ticket ID#176179 */
 201:Generated_Source\PSoC4/I2C_I2C.c ****         I2C_I2C_CFG_ANALOG_FITER_ENABLE_ADJ;
 202:Generated_Source\PSoC4/I2C_I2C.c **** 
 203:Generated_Source\PSoC4/I2C_I2C.c ****         /* Configure I2C interface */
 204:Generated_Source\PSoC4/I2C_I2C.c ****         I2C_CTRL_REG     = I2C_I2C_DEFAULT_CTRL;
  42              		.loc 1 204 0
  43 000c 8022     		movs	r2, #128
  44 000e 5200     		lsls	r2, r2, #1
  45 0010 1C4B     		ldr	r3, .L2+4
  46 0012 1A60     		str	r2, [r3]
 205:Generated_Source\PSoC4/I2C_I2C.c ****         I2C_I2C_CTRL_REG = I2C_I2C_DEFAULT_I2C_CTRL;
  47              		.loc 1 205 0
  48 0014 1C4A     		ldr	r2, .L2+8
  49 0016 1D4B     		ldr	r3, .L2+12
  50 0018 1A60     		str	r2, [r3]
 206:Generated_Source\PSoC4/I2C_I2C.c **** 
 207:Generated_Source\PSoC4/I2C_I2C.c ****         /* Configure RX direction */
 208:Generated_Source\PSoC4/I2C_I2C.c ****         I2C_RX_CTRL_REG      = I2C_I2C_DEFAULT_RX_CTRL;
  51              		.loc 1 208 0
  52 001a 1D4B     		ldr	r3, .L2+16
  53 001c 1D4A     		ldr	r2, .L2+20
  54 001e 1360     		str	r3, [r2]
 209:Generated_Source\PSoC4/I2C_I2C.c ****         I2C_RX_FIFO_CTRL_REG = I2C_I2C_DEFAULT_RX_FIFO_CTRL;
  55              		.loc 1 209 0
  56 0020 0024     		movs	r4, #0
  57 0022 1D4A     		ldr	r2, .L2+24
  58 0024 1460     		str	r4, [r2]
 210:Generated_Source\PSoC4/I2C_I2C.c **** 
 211:Generated_Source\PSoC4/I2C_I2C.c ****         /* Set default address and mask */
 212:Generated_Source\PSoC4/I2C_I2C.c ****         I2C_RX_MATCH_REG     = I2C_I2C_DEFAULT_RX_MATCH;
  59              		.loc 1 212 0
  60 0026 1D49     		ldr	r1, .L2+28
  61 0028 1D4A     		ldr	r2, .L2+32
  62 002a 1160     		str	r1, [r2]
 213:Generated_Source\PSoC4/I2C_I2C.c **** 
 214:Generated_Source\PSoC4/I2C_I2C.c ****         /* Configure TX direction */
 215:Generated_Source\PSoC4/I2C_I2C.c ****         I2C_TX_CTRL_REG      = I2C_I2C_DEFAULT_TX_CTRL;
  63              		.loc 1 215 0
  64 002c 1D4A     		ldr	r2, .L2+36
  65 002e 1360     		str	r3, [r2]
 216:Generated_Source\PSoC4/I2C_I2C.c ****         I2C_TX_FIFO_CTRL_REG = I2C_I2C_DEFAULT_TX_FIFO_CTRL;
  66              		.loc 1 216 0
  67 0030 1D4B     		ldr	r3, .L2+40
  68 0032 1C60     		str	r4, [r3]
 217:Generated_Source\PSoC4/I2C_I2C.c **** 
ARM GAS  C:\Users\jagumiel\AppData\Local\Temp\cc1YUbaV.s 			page 6


 218:Generated_Source\PSoC4/I2C_I2C.c ****         /* Configure interrupt with I2C handler but do not enable it */
 219:Generated_Source\PSoC4/I2C_I2C.c ****         CyIntDisable    (I2C_ISR_NUMBER);
  69              		.loc 1 219 0
  70 0034 0A20     		movs	r0, #10
  71 0036 FFF7FEFF 		bl	CyIntDisable
  72              	.LVL0:
 220:Generated_Source\PSoC4/I2C_I2C.c ****         CyIntSetPriority(I2C_ISR_NUMBER, I2C_ISR_PRIORITY);
  73              		.loc 1 220 0
  74 003a 0321     		movs	r1, #3
  75 003c 0A20     		movs	r0, #10
  76 003e FFF7FEFF 		bl	CyIntSetPriority
  77              	.LVL1:
 221:Generated_Source\PSoC4/I2C_I2C.c ****     #if(!I2C_I2C_EXTERN_INTR_HANDLER)
 222:Generated_Source\PSoC4/I2C_I2C.c ****         (void) CyIntSetVector(I2C_ISR_NUMBER, &I2C_I2C_ISR);
  78              		.loc 1 222 0
  79 0042 1A49     		ldr	r1, .L2+44
  80 0044 0A20     		movs	r0, #10
  81 0046 FFF7FEFF 		bl	CyIntSetVector
  82              	.LVL2:
 223:Generated_Source\PSoC4/I2C_I2C.c ****     #endif /* (I2C_I2C_EXTERN_INTR_HANDLER) */
 224:Generated_Source\PSoC4/I2C_I2C.c **** 
 225:Generated_Source\PSoC4/I2C_I2C.c ****         /* Configure interrupt sources */
 226:Generated_Source\PSoC4/I2C_I2C.c ****     #if(!I2C_CY_SCBIP_V1)
 227:Generated_Source\PSoC4/I2C_I2C.c ****         I2C_INTR_SPI_EC_MASK_REG = I2C_I2C_DEFAULT_INTR_SPI_EC_MASK;
  83              		.loc 1 227 0
  84 004a 194B     		ldr	r3, .L2+48
  85 004c 1C60     		str	r4, [r3]
 228:Generated_Source\PSoC4/I2C_I2C.c ****     #endif /* (!I2C_CY_SCBIP_V1) */
 229:Generated_Source\PSoC4/I2C_I2C.c **** 
 230:Generated_Source\PSoC4/I2C_I2C.c ****         I2C_INTR_I2C_EC_MASK_REG = I2C_I2C_DEFAULT_INTR_I2C_EC_MASK;
  86              		.loc 1 230 0
  87 004e 194B     		ldr	r3, .L2+52
  88 0050 1C60     		str	r4, [r3]
 231:Generated_Source\PSoC4/I2C_I2C.c ****         I2C_INTR_SLAVE_MASK_REG  = I2C_I2C_DEFAULT_INTR_SLAVE_MASK;
  89              		.loc 1 231 0
  90 0052 4C22     		movs	r2, #76
  91 0054 FF32     		adds	r2, r2, #255
  92 0056 184B     		ldr	r3, .L2+56
  93 0058 1A60     		str	r2, [r3]
 232:Generated_Source\PSoC4/I2C_I2C.c ****         I2C_INTR_MASTER_MASK_REG = I2C_I2C_DEFAULT_INTR_MASTER_MASK;
  94              		.loc 1 232 0
  95 005a 184B     		ldr	r3, .L2+60
  96 005c 1C60     		str	r4, [r3]
 233:Generated_Source\PSoC4/I2C_I2C.c ****         I2C_INTR_RX_MASK_REG     = I2C_I2C_DEFAULT_INTR_RX_MASK;
  97              		.loc 1 233 0
  98 005e 184B     		ldr	r3, .L2+64
  99 0060 1C60     		str	r4, [r3]
 234:Generated_Source\PSoC4/I2C_I2C.c ****         I2C_INTR_TX_MASK_REG     = I2C_I2C_DEFAULT_INTR_TX_MASK;
 100              		.loc 1 234 0
 101 0062 184B     		ldr	r3, .L2+68
 102 0064 1C60     		str	r4, [r3]
 235:Generated_Source\PSoC4/I2C_I2C.c **** 
 236:Generated_Source\PSoC4/I2C_I2C.c ****         /* Configure global variables */
 237:Generated_Source\PSoC4/I2C_I2C.c ****         I2C_state = I2C_I2C_FSM_IDLE;
 103              		.loc 1 237 0
 104 0066 3C3A     		subs	r2, r2, #60
 105 0068 FF3A     		subs	r2, r2, #255
ARM GAS  C:\Users\jagumiel\AppData\Local\Temp\cc1YUbaV.s 			page 7


 106 006a 174B     		ldr	r3, .L2+72
 107 006c 1A70     		strb	r2, [r3]
 238:Generated_Source\PSoC4/I2C_I2C.c **** 
 239:Generated_Source\PSoC4/I2C_I2C.c ****     #if(I2C_I2C_SLAVE)
 240:Generated_Source\PSoC4/I2C_I2C.c ****         /* Internal slave variable */
 241:Generated_Source\PSoC4/I2C_I2C.c ****         I2C_slStatus        = 0u;
 108              		.loc 1 241 0
 109 006e 174B     		ldr	r3, .L2+76
 110 0070 1C70     		strb	r4, [r3]
 242:Generated_Source\PSoC4/I2C_I2C.c ****         I2C_slRdBufIndex    = 0u;
 111              		.loc 1 242 0
 112 0072 174B     		ldr	r3, .L2+80
 113 0074 1C60     		str	r4, [r3]
 243:Generated_Source\PSoC4/I2C_I2C.c ****         I2C_slWrBufIndex    = 0u;
 114              		.loc 1 243 0
 115 0076 174B     		ldr	r3, .L2+84
 116 0078 1C60     		str	r4, [r3]
 244:Generated_Source\PSoC4/I2C_I2C.c ****         I2C_slOverFlowCount = 0u;
 117              		.loc 1 244 0
 118 007a 174B     		ldr	r3, .L2+88
 119 007c 1C70     		strb	r4, [r3]
 245:Generated_Source\PSoC4/I2C_I2C.c ****     #endif /* (I2C_I2C_SLAVE) */
 246:Generated_Source\PSoC4/I2C_I2C.c **** 
 247:Generated_Source\PSoC4/I2C_I2C.c ****     #if(I2C_I2C_MASTER)
 248:Generated_Source\PSoC4/I2C_I2C.c ****     /* Internal master variable */
 249:Generated_Source\PSoC4/I2C_I2C.c ****         I2C_mstrStatus     = 0u;
 250:Generated_Source\PSoC4/I2C_I2C.c ****         I2C_mstrRdBufIndex = 0u;
 251:Generated_Source\PSoC4/I2C_I2C.c ****         I2C_mstrWrBufIndex = 0u;
 252:Generated_Source\PSoC4/I2C_I2C.c ****     #endif /* (I2C_I2C_MASTER) */
 253:Generated_Source\PSoC4/I2C_I2C.c ****     }
 120              		.loc 1 253 0
 121              		@ sp needed
 122 007e 10BD     		pop	{r4, pc}
 123              	.L3:
 124              		.align	2
 125              	.L2:
 126 0080 70000640 		.word	1074135152
 127 0084 00000640 		.word	1074135040
 128 0088 77080040 		.word	1073743991
 129 008c 60000640 		.word	1074135136
 130 0090 07010080 		.word	-2147483385
 131 0094 00030640 		.word	1074135808
 132 0098 04030640 		.word	1074135812
 133 009c 1000FE00 		.word	16646160
 134 00a0 10030640 		.word	1074135824
 135 00a4 00020640 		.word	1074135552
 136 00a8 04020640 		.word	1074135556
 137 00ac 00000000 		.word	I2C_I2C_ISR
 138 00b0 C80E0640 		.word	1074138824
 139 00b4 880E0640 		.word	1074138760
 140 00b8 480F0640 		.word	1074138952
 141 00bc 080F0640 		.word	1074138888
 142 00c0 C80F0640 		.word	1074139080
 143 00c4 880F0640 		.word	1074139016
 144 00c8 00000000 		.word	I2C_state
 145 00cc 00000000 		.word	I2C_slStatus
 146 00d0 00000000 		.word	I2C_slRdBufIndex
ARM GAS  C:\Users\jagumiel\AppData\Local\Temp\cc1YUbaV.s 			page 8


 147 00d4 00000000 		.word	I2C_slWrBufIndex
 148 00d8 00000000 		.word	I2C_slOverFlowCount
 149              		.cfi_endproc
 150              	.LFE0:
 151              		.size	I2C_I2CInit, .-I2C_I2CInit
 152              		.section	.text.I2C_I2CStop,"ax",%progbits
 153              		.align	2
 154              		.global	I2C_I2CStop
 155              		.code	16
 156              		.thumb_func
 157              		.type	I2C_I2CStop, %function
 158              	I2C_I2CStop:
 159              	.LFB1:
 254:Generated_Source\PSoC4/I2C_I2C.c **** #endif /* (I2C_SCB_MODE_UNCONFIG_CONST_CFG) */
 255:Generated_Source\PSoC4/I2C_I2C.c **** 
 256:Generated_Source\PSoC4/I2C_I2C.c **** 
 257:Generated_Source\PSoC4/I2C_I2C.c **** /*******************************************************************************
 258:Generated_Source\PSoC4/I2C_I2C.c **** * Function Name: I2C_I2CStop
 259:Generated_Source\PSoC4/I2C_I2C.c **** ****************************************************************************//**
 260:Generated_Source\PSoC4/I2C_I2C.c **** *
 261:Generated_Source\PSoC4/I2C_I2C.c **** *  Resets the I2C FSM into the default state.
 262:Generated_Source\PSoC4/I2C_I2C.c **** *
 263:Generated_Source\PSoC4/I2C_I2C.c **** *******************************************************************************/
 264:Generated_Source\PSoC4/I2C_I2C.c **** void I2C_I2CStop(void)
 265:Generated_Source\PSoC4/I2C_I2C.c **** {
 160              		.loc 1 265 0
 161              		.cfi_startproc
 162              		@ args = 0, pretend = 0, frame = 0
 163              		@ frame_needed = 0, uses_anonymous_args = 0
 164              		@ link register save eliminated.
 266:Generated_Source\PSoC4/I2C_I2C.c ****     /* Clear command registers because they keep assigned value after IP block was disabled */
 267:Generated_Source\PSoC4/I2C_I2C.c ****     I2C_I2C_MASTER_CMD_REG = 0u;
 165              		.loc 1 267 0
 166 0000 0023     		movs	r3, #0
 167 0002 044A     		ldr	r2, .L5
 168 0004 1360     		str	r3, [r2]
 268:Generated_Source\PSoC4/I2C_I2C.c ****     I2C_I2C_SLAVE_CMD_REG  = 0u;
 169              		.loc 1 268 0
 170 0006 044A     		ldr	r2, .L5+4
 171 0008 1360     		str	r3, [r2]
 269:Generated_Source\PSoC4/I2C_I2C.c ****     
 270:Generated_Source\PSoC4/I2C_I2C.c ****     I2C_state = I2C_I2C_FSM_IDLE;
 172              		.loc 1 270 0
 173 000a 1022     		movs	r2, #16
 174 000c 034B     		ldr	r3, .L5+8
 175 000e 1A70     		strb	r2, [r3]
 271:Generated_Source\PSoC4/I2C_I2C.c **** }
 176              		.loc 1 271 0
 177              		@ sp needed
 178 0010 7047     		bx	lr
 179              	.L6:
 180 0012 C046     		.align	2
 181              	.L5:
 182 0014 68000640 		.word	1074135144
 183 0018 6C000640 		.word	1074135148
 184 001c 00000000 		.word	I2C_state
 185              		.cfi_endproc
ARM GAS  C:\Users\jagumiel\AppData\Local\Temp\cc1YUbaV.s 			page 9


 186              	.LFE1:
 187              		.size	I2C_I2CStop, .-I2C_I2CStop
 188              		.section	.text.I2C_I2CFwBlockReset,"ax",%progbits
 189              		.align	2
 190              		.global	I2C_I2CFwBlockReset
 191              		.code	16
 192              		.thumb_func
 193              		.type	I2C_I2CFwBlockReset, %function
 194              	I2C_I2CFwBlockReset:
 195              	.LFB2:
 272:Generated_Source\PSoC4/I2C_I2C.c **** 
 273:Generated_Source\PSoC4/I2C_I2C.c **** 
 274:Generated_Source\PSoC4/I2C_I2C.c **** /*******************************************************************************
 275:Generated_Source\PSoC4/I2C_I2C.c **** * Function Name: I2C_I2CFwBlockReset
 276:Generated_Source\PSoC4/I2C_I2C.c **** ****************************************************************************//**
 277:Generated_Source\PSoC4/I2C_I2C.c **** *
 278:Generated_Source\PSoC4/I2C_I2C.c **** * Resets the scb IP block and I2C into the known state.
 279:Generated_Source\PSoC4/I2C_I2C.c **** *
 280:Generated_Source\PSoC4/I2C_I2C.c **** *******************************************************************************/
 281:Generated_Source\PSoC4/I2C_I2C.c **** void I2C_I2CFwBlockReset(void)
 282:Generated_Source\PSoC4/I2C_I2C.c **** {
 196              		.loc 1 282 0
 197              		.cfi_startproc
 198              		@ args = 0, pretend = 0, frame = 0
 199              		@ frame_needed = 0, uses_anonymous_args = 0
 200 0000 10B5     		push	{r4, lr}
 201              		.cfi_def_cfa_offset 8
 202              		.cfi_offset 4, -8
 203              		.cfi_offset 14, -4
 283:Generated_Source\PSoC4/I2C_I2C.c ****     /* Disable scb IP: stop respond to I2C traffic */
 284:Generated_Source\PSoC4/I2C_I2C.c ****     I2C_CTRL_REG &= (uint32) ~I2C_CTRL_ENABLED;
 204              		.loc 1 284 0
 205 0002 144A     		ldr	r2, .L8
 206 0004 1368     		ldr	r3, [r2]
 207 0006 5B00     		lsls	r3, r3, #1
 208 0008 5B08     		lsrs	r3, r3, #1
 209 000a 1360     		str	r3, [r2]
 285:Generated_Source\PSoC4/I2C_I2C.c **** 
 286:Generated_Source\PSoC4/I2C_I2C.c ****     /* Clear command registers they are not cleared after scb IP is disabled */
 287:Generated_Source\PSoC4/I2C_I2C.c ****     I2C_I2C_MASTER_CMD_REG = 0u;
 210              		.loc 1 287 0
 211 000c 0023     		movs	r3, #0
 212 000e 1249     		ldr	r1, .L8+4
 213 0010 0B60     		str	r3, [r1]
 288:Generated_Source\PSoC4/I2C_I2C.c ****     I2C_I2C_SLAVE_CMD_REG  = 0u;
 214              		.loc 1 288 0
 215 0012 1249     		ldr	r1, .L8+8
 216 0014 0B60     		str	r3, [r1]
 289:Generated_Source\PSoC4/I2C_I2C.c **** 
 290:Generated_Source\PSoC4/I2C_I2C.c ****     I2C_DISABLE_AUTO_DATA;
 217              		.loc 1 290 0
 218 0016 1248     		ldr	r0, .L8+12
 219 0018 0468     		ldr	r4, [r0]
 220 001a 1249     		ldr	r1, .L8+16
 221 001c 2140     		ands	r1, r4
 222 001e 0160     		str	r1, [r0]
 291:Generated_Source\PSoC4/I2C_I2C.c **** 
ARM GAS  C:\Users\jagumiel\AppData\Local\Temp\cc1YUbaV.s 			page 10


 292:Generated_Source\PSoC4/I2C_I2C.c ****     I2C_SetTxInterruptMode(I2C_NO_INTR_SOURCES);
 223              		.loc 1 292 0
 224 0020 1149     		ldr	r1, .L8+20
 225 0022 0B60     		str	r3, [r1]
 293:Generated_Source\PSoC4/I2C_I2C.c ****     I2C_SetRxInterruptMode(I2C_NO_INTR_SOURCES);
 226              		.loc 1 293 0
 227 0024 1149     		ldr	r1, .L8+24
 228 0026 0B60     		str	r3, [r1]
 294:Generated_Source\PSoC4/I2C_I2C.c ****     
 295:Generated_Source\PSoC4/I2C_I2C.c **** #if(I2C_CY_SCBIP_V0)
 296:Generated_Source\PSoC4/I2C_I2C.c ****     /* Clear interrupt sources as they are not cleared after scb IP is disabled */
 297:Generated_Source\PSoC4/I2C_I2C.c ****     I2C_ClearTxInterruptSource    (I2C_INTR_TX_ALL);
 229              		.loc 1 297 0
 230 0028 1149     		ldr	r1, .L8+28
 231 002a 124B     		ldr	r3, .L8+32
 232 002c 1960     		str	r1, [r3]
 298:Generated_Source\PSoC4/I2C_I2C.c ****     I2C_ClearRxInterruptSource    (I2C_INTR_RX_ALL);
 233              		.loc 1 298 0
 234 002e 1249     		ldr	r1, .L8+36
 235 0030 124B     		ldr	r3, .L8+40
 236 0032 1960     		str	r1, [r3]
 299:Generated_Source\PSoC4/I2C_I2C.c ****     I2C_ClearSlaveInterruptSource (I2C_INTR_SLAVE_ALL);
 237              		.loc 1 299 0
 238 0034 1249     		ldr	r1, .L8+44
 239 0036 134B     		ldr	r3, .L8+48
 240 0038 1960     		str	r1, [r3]
 300:Generated_Source\PSoC4/I2C_I2C.c ****     I2C_ClearMasterInterruptSource(I2C_INTR_MASTER_ALL);
 241              		.loc 1 300 0
 242 003a 1349     		ldr	r1, .L8+52
 243 003c 134B     		ldr	r3, .L8+56
 244 003e 1960     		str	r1, [r3]
 301:Generated_Source\PSoC4/I2C_I2C.c **** #endif /* (I2C_CY_SCBIP_V0) */
 302:Generated_Source\PSoC4/I2C_I2C.c **** 
 303:Generated_Source\PSoC4/I2C_I2C.c ****     I2C_state = I2C_I2C_FSM_IDLE;
 245              		.loc 1 303 0
 246 0040 1021     		movs	r1, #16
 247 0042 134B     		ldr	r3, .L8+60
 248 0044 1970     		strb	r1, [r3]
 304:Generated_Source\PSoC4/I2C_I2C.c **** 
 305:Generated_Source\PSoC4/I2C_I2C.c ****     /* Enable scb IP: start respond to I2C traffic */
 306:Generated_Source\PSoC4/I2C_I2C.c ****     I2C_CTRL_REG |= (uint32) I2C_CTRL_ENABLED;
 249              		.loc 1 306 0
 250 0046 1368     		ldr	r3, [r2]
 251 0048 8021     		movs	r1, #128
 252 004a 0906     		lsls	r1, r1, #24
 253 004c 0B43     		orrs	r3, r1
 254 004e 1360     		str	r3, [r2]
 307:Generated_Source\PSoC4/I2C_I2C.c **** }
 255              		.loc 1 307 0
 256              		@ sp needed
 257 0050 10BD     		pop	{r4, pc}
 258              	.L9:
 259 0052 C046     		.align	2
 260              	.L8:
 261 0054 00000640 		.word	1074135040
 262 0058 68000640 		.word	1074135144
 263 005c 6C000640 		.word	1074135148
ARM GAS  C:\Users\jagumiel\AppData\Local\Temp\cc1YUbaV.s 			page 11


 264 0060 60000640 		.word	1074135136
 265 0064 FF5CFFFF 		.word	-41729
 266 0068 880F0640 		.word	1074139016
 267 006c C80F0640 		.word	1074139080
 268 0070 F3070000 		.word	2035
 269 0074 800F0640 		.word	1074139008
 270 0078 ED0F0000 		.word	4077
 271 007c C00F0640 		.word	1074139072
 272 0080 FF0F0000 		.word	4095
 273 0084 400F0640 		.word	1074138944
 274 0088 17030000 		.word	791
 275 008c 000F0640 		.word	1074138880
 276 0090 00000000 		.word	I2C_state
 277              		.cfi_endproc
 278              	.LFE2:
 279              		.size	I2C_I2CFwBlockReset, .-I2C_I2CFwBlockReset
 280              		.section	.text.I2C_I2CSaveConfig,"ax",%progbits
 281              		.align	2
 282              		.global	I2C_I2CSaveConfig
 283              		.code	16
 284              		.thumb_func
 285              		.type	I2C_I2CSaveConfig, %function
 286              	I2C_I2CSaveConfig:
 287              	.LFB3:
 308:Generated_Source\PSoC4/I2C_I2C.c **** 
 309:Generated_Source\PSoC4/I2C_I2C.c **** 
 310:Generated_Source\PSoC4/I2C_I2C.c **** #if(I2C_I2C_WAKE_ENABLE_CONST)
 311:Generated_Source\PSoC4/I2C_I2C.c ****     /*******************************************************************************
 312:Generated_Source\PSoC4/I2C_I2C.c ****     * Function Name: I2C_I2CSaveConfig
 313:Generated_Source\PSoC4/I2C_I2C.c ****     ****************************************************************************//**
 314:Generated_Source\PSoC4/I2C_I2C.c ****     *
 315:Generated_Source\PSoC4/I2C_I2C.c ****     *  Enables I2C_INTR_I2C_EC_WAKE_UP interrupt source. This interrupt
 316:Generated_Source\PSoC4/I2C_I2C.c ****     *  triggers on address match and wakes up device.
 317:Generated_Source\PSoC4/I2C_I2C.c ****     *
 318:Generated_Source\PSoC4/I2C_I2C.c ****     *******************************************************************************/
 319:Generated_Source\PSoC4/I2C_I2C.c ****     void I2C_I2CSaveConfig(void)
 320:Generated_Source\PSoC4/I2C_I2C.c ****     {
 288              		.loc 1 320 0
 289              		.cfi_startproc
 290              		@ args = 0, pretend = 0, frame = 0
 291              		@ frame_needed = 0, uses_anonymous_args = 0
 292              		@ link register save eliminated.
 321:Generated_Source\PSoC4/I2C_I2C.c ****     #if (!I2C_CY_SCBIP_V0)
 322:Generated_Source\PSoC4/I2C_I2C.c ****         #if (I2C_I2C_MULTI_MASTER_SLAVE_CONST && I2C_I2C_WAKE_ENABLE_CONST)
 323:Generated_Source\PSoC4/I2C_I2C.c ****             /* Enable externally clocked address match if it was not enabled before.
 324:Generated_Source\PSoC4/I2C_I2C.c ****             * This applicable only for Multi-Master-Slave. Ticket ID#192742 */
 325:Generated_Source\PSoC4/I2C_I2C.c ****             if (0u == (I2C_CTRL_REG & I2C_CTRL_EC_AM_MODE))
 326:Generated_Source\PSoC4/I2C_I2C.c ****             {
 327:Generated_Source\PSoC4/I2C_I2C.c ****                 /* Enable external address match logic */
 328:Generated_Source\PSoC4/I2C_I2C.c ****                 I2C_Stop();
 329:Generated_Source\PSoC4/I2C_I2C.c ****                 I2C_CTRL_REG |= I2C_CTRL_EC_AM_MODE;
 330:Generated_Source\PSoC4/I2C_I2C.c ****                 I2C_Enable();
 331:Generated_Source\PSoC4/I2C_I2C.c ****             }
 332:Generated_Source\PSoC4/I2C_I2C.c ****         #endif /* (I2C_I2C_MULTI_MASTER_SLAVE_CONST) */
 333:Generated_Source\PSoC4/I2C_I2C.c **** 
 334:Generated_Source\PSoC4/I2C_I2C.c ****         #if (I2C_SCB_CLK_INTERNAL)
 335:Generated_Source\PSoC4/I2C_I2C.c ****             /* Disable clock to internal address match logic. Ticket ID#187931 */
ARM GAS  C:\Users\jagumiel\AppData\Local\Temp\cc1YUbaV.s 			page 12


 336:Generated_Source\PSoC4/I2C_I2C.c ****             I2C_SCBCLK_Stop();
 337:Generated_Source\PSoC4/I2C_I2C.c ****         #endif /* (I2C_SCB_CLK_INTERNAL) */
 338:Generated_Source\PSoC4/I2C_I2C.c ****     #endif /* (!I2C_CY_SCBIP_V0) */
 339:Generated_Source\PSoC4/I2C_I2C.c **** 
 340:Generated_Source\PSoC4/I2C_I2C.c ****         I2C_SetI2CExtClkInterruptMode(I2C_INTR_I2C_EC_WAKE_UP);
 293              		.loc 1 340 0
 294 0000 0122     		movs	r2, #1
 295 0002 014B     		ldr	r3, .L11
 296 0004 1A60     		str	r2, [r3]
 341:Generated_Source\PSoC4/I2C_I2C.c ****     }
 297              		.loc 1 341 0
 298              		@ sp needed
 299 0006 7047     		bx	lr
 300              	.L12:
 301              		.align	2
 302              	.L11:
 303 0008 880E0640 		.word	1074138760
 304              		.cfi_endproc
 305              	.LFE3:
 306              		.size	I2C_I2CSaveConfig, .-I2C_I2CSaveConfig
 307              		.section	.text.I2C_I2CRestoreConfig,"ax",%progbits
 308              		.align	2
 309              		.global	I2C_I2CRestoreConfig
 310              		.code	16
 311              		.thumb_func
 312              		.type	I2C_I2CRestoreConfig, %function
 313              	I2C_I2CRestoreConfig:
 314              	.LFB4:
 342:Generated_Source\PSoC4/I2C_I2C.c **** 
 343:Generated_Source\PSoC4/I2C_I2C.c **** 
 344:Generated_Source\PSoC4/I2C_I2C.c ****     /*******************************************************************************
 345:Generated_Source\PSoC4/I2C_I2C.c ****     * Function Name: I2C_I2CRestoreConfig
 346:Generated_Source\PSoC4/I2C_I2C.c ****     ****************************************************************************//**
 347:Generated_Source\PSoC4/I2C_I2C.c ****     *
 348:Generated_Source\PSoC4/I2C_I2C.c ****     *  Disables I2C_INTR_I2C_EC_WAKE_UP interrupt source. This interrupt
 349:Generated_Source\PSoC4/I2C_I2C.c ****     *  triggers on address match and wakes up device.
 350:Generated_Source\PSoC4/I2C_I2C.c ****     *
 351:Generated_Source\PSoC4/I2C_I2C.c ****     *******************************************************************************/
 352:Generated_Source\PSoC4/I2C_I2C.c ****     void I2C_I2CRestoreConfig(void)
 353:Generated_Source\PSoC4/I2C_I2C.c ****     {
 315              		.loc 1 353 0
 316              		.cfi_startproc
 317              		@ args = 0, pretend = 0, frame = 0
 318              		@ frame_needed = 0, uses_anonymous_args = 0
 319              		@ link register save eliminated.
 354:Generated_Source\PSoC4/I2C_I2C.c ****         /* Disable wakeup interrupt on address match */
 355:Generated_Source\PSoC4/I2C_I2C.c ****         I2C_SetI2CExtClkInterruptMode(I2C_NO_INTR_SOURCES);
 320              		.loc 1 355 0
 321 0000 0022     		movs	r2, #0
 322 0002 014B     		ldr	r3, .L14
 323 0004 1A60     		str	r2, [r3]
 356:Generated_Source\PSoC4/I2C_I2C.c **** 
 357:Generated_Source\PSoC4/I2C_I2C.c ****     #if (!I2C_CY_SCBIP_V0)
 358:Generated_Source\PSoC4/I2C_I2C.c ****         #if (I2C_SCB_CLK_INTERNAL)
 359:Generated_Source\PSoC4/I2C_I2C.c ****             /* Enable clock to internal address match logic. Ticket ID#187931 */
 360:Generated_Source\PSoC4/I2C_I2C.c ****             I2C_SCBCLK_Start();
 361:Generated_Source\PSoC4/I2C_I2C.c ****         #endif /* (I2C_SCB_CLK_INTERNAL) */
ARM GAS  C:\Users\jagumiel\AppData\Local\Temp\cc1YUbaV.s 			page 13


 362:Generated_Source\PSoC4/I2C_I2C.c ****     #endif /* (!I2C_CY_SCBIP_V0) */
 363:Generated_Source\PSoC4/I2C_I2C.c ****     }
 324              		.loc 1 363 0
 325              		@ sp needed
 326 0006 7047     		bx	lr
 327              	.L15:
 328              		.align	2
 329              	.L14:
 330 0008 880E0640 		.word	1074138760
 331              		.cfi_endproc
 332              	.LFE4:
 333              		.size	I2C_I2CRestoreConfig, .-I2C_I2CRestoreConfig
 334              		.comm	I2C_state,1,1
 335              		.text
 336              	.Letext0:
 337              		.file 2 "Generated_Source\\PSoC4/cytypes.h"
 338              		.file 3 "Generated_Source\\PSoC4\\I2C_I2C_PVT.h"
 339              		.file 4 "Generated_Source\\PSoC4/CyLib.h"
 340              		.section	.debug_info,"",%progbits
 341              	.Ldebug_info0:
 342 0000 AF010000 		.4byte	0x1af
 343 0004 0400     		.2byte	0x4
 344 0006 00000000 		.4byte	.Ldebug_abbrev0
 345 000a 04       		.byte	0x4
 346 000b 01       		.uleb128 0x1
 347 000c 3B010000 		.4byte	.LASF29
 348 0010 0C       		.byte	0xc
 349 0011 9B000000 		.4byte	.LASF30
 350 0015 C9010000 		.4byte	.LASF31
 351 0019 00000000 		.4byte	.Ldebug_ranges0+0
 352 001d 00000000 		.4byte	0
 353 0021 00000000 		.4byte	.Ldebug_line0
 354 0025 02       		.uleb128 0x2
 355 0026 01       		.byte	0x1
 356 0027 06       		.byte	0x6
 357 0028 78020000 		.4byte	.LASF0
 358 002c 02       		.uleb128 0x2
 359 002d 01       		.byte	0x1
 360 002e 08       		.byte	0x8
 361 002f 63000000 		.4byte	.LASF1
 362 0033 02       		.uleb128 0x2
 363 0034 02       		.byte	0x2
 364 0035 05       		.byte	0x5
 365 0036 E0000000 		.4byte	.LASF2
 366 003a 02       		.uleb128 0x2
 367 003b 02       		.byte	0x2
 368 003c 07       		.byte	0x7
 369 003d 29000000 		.4byte	.LASF3
 370 0041 02       		.uleb128 0x2
 371 0042 04       		.byte	0x4
 372 0043 05       		.byte	0x5
 373 0044 63020000 		.4byte	.LASF4
 374 0048 02       		.uleb128 0x2
 375 0049 04       		.byte	0x4
 376 004a 07       		.byte	0x7
 377 004b 83000000 		.4byte	.LASF5
 378 004f 02       		.uleb128 0x2
ARM GAS  C:\Users\jagumiel\AppData\Local\Temp\cc1YUbaV.s 			page 14


 379 0050 08       		.byte	0x8
 380 0051 05       		.byte	0x5
 381 0052 1C020000 		.4byte	.LASF6
 382 0056 02       		.uleb128 0x2
 383 0057 08       		.byte	0x8
 384 0058 07       		.byte	0x7
 385 0059 13010000 		.4byte	.LASF7
 386 005d 03       		.uleb128 0x3
 387 005e 04       		.byte	0x4
 388 005f 05       		.byte	0x5
 389 0060 696E7400 		.ascii	"int\000"
 390 0064 02       		.uleb128 0x2
 391 0065 04       		.byte	0x4
 392 0066 07       		.byte	0x7
 393 0067 F1000000 		.4byte	.LASF8
 394 006b 04       		.uleb128 0x4
 395 006c 95000000 		.4byte	.LASF9
 396 0070 02       		.byte	0x2
 397 0071 E401     		.2byte	0x1e4
 398 0073 2C000000 		.4byte	0x2c
 399 0077 04       		.uleb128 0x4
 400 0078 EA000000 		.4byte	.LASF10
 401 007c 02       		.byte	0x2
 402 007d E601     		.2byte	0x1e6
 403 007f 48000000 		.4byte	0x48
 404 0083 02       		.uleb128 0x2
 405 0084 04       		.byte	0x4
 406 0085 04       		.byte	0x4
 407 0086 3C000000 		.4byte	.LASF11
 408 008a 02       		.uleb128 0x2
 409 008b 08       		.byte	0x8
 410 008c 04       		.byte	0x4
 411 008d BC000000 		.4byte	.LASF12
 412 0091 02       		.uleb128 0x2
 413 0092 01       		.byte	0x1
 414 0093 08       		.byte	0x8
 415 0094 2A020000 		.4byte	.LASF13
 416 0098 05       		.uleb128 0x5
 417 0099 6B000000 		.4byte	0x6b
 418 009d 04       		.uleb128 0x4
 419 009e 14000000 		.4byte	.LASF14
 420 00a2 02       		.byte	0x2
 421 00a3 9002     		.2byte	0x290
 422 00a5 A9000000 		.4byte	0xa9
 423 00a9 05       		.uleb128 0x5
 424 00aa 77000000 		.4byte	0x77
 425 00ae 02       		.uleb128 0x2
 426 00af 08       		.byte	0x8
 427 00b0 04       		.byte	0x4
 428 00b1 6C020000 		.4byte	.LASF15
 429 00b5 02       		.uleb128 0x2
 430 00b6 04       		.byte	0x4
 431 00b7 07       		.byte	0x7
 432 00b8 13020000 		.4byte	.LASF16
 433 00bc 06       		.uleb128 0x6
 434 00bd C3000000 		.4byte	.LASF32
 435 00c1 01       		.byte	0x1
ARM GAS  C:\Users\jagumiel\AppData\Local\Temp\cc1YUbaV.s 			page 15


 436 00c2 C1       		.byte	0xc1
 437 00c3 00000000 		.4byte	.LFB0
 438 00c7 DC000000 		.4byte	.LFE0-.LFB0
 439 00cb 01       		.uleb128 0x1
 440 00cc 9C       		.byte	0x9c
 441 00cd 0C010000 		.4byte	0x10c
 442 00d1 07       		.uleb128 0x7
 443 00d2 3A000000 		.4byte	.LVL0
 444 00d6 91010000 		.4byte	0x191
 445 00da E4000000 		.4byte	0xe4
 446 00de 08       		.uleb128 0x8
 447 00df 01       		.uleb128 0x1
 448 00e0 50       		.byte	0x50
 449 00e1 01       		.uleb128 0x1
 450 00e2 3A       		.byte	0x3a
 451 00e3 00       		.byte	0
 452 00e4 07       		.uleb128 0x7
 453 00e5 42000000 		.4byte	.LVL1
 454 00e9 9C010000 		.4byte	0x19c
 455 00ed FC000000 		.4byte	0xfc
 456 00f1 08       		.uleb128 0x8
 457 00f2 01       		.uleb128 0x1
 458 00f3 50       		.byte	0x50
 459 00f4 01       		.uleb128 0x1
 460 00f5 3A       		.byte	0x3a
 461 00f6 08       		.uleb128 0x8
 462 00f7 01       		.uleb128 0x1
 463 00f8 51       		.byte	0x51
 464 00f9 01       		.uleb128 0x1
 465 00fa 33       		.byte	0x33
 466 00fb 00       		.byte	0
 467 00fc 09       		.uleb128 0x9
 468 00fd 4A000000 		.4byte	.LVL2
 469 0101 A7010000 		.4byte	0x1a7
 470 0105 08       		.uleb128 0x8
 471 0106 01       		.uleb128 0x1
 472 0107 50       		.byte	0x50
 473 0108 01       		.uleb128 0x1
 474 0109 3A       		.byte	0x3a
 475 010a 00       		.byte	0
 476 010b 00       		.byte	0
 477 010c 0A       		.uleb128 0xa
 478 010d 3C020000 		.4byte	.LASF17
 479 0111 01       		.byte	0x1
 480 0112 0801     		.2byte	0x108
 481 0114 00000000 		.4byte	.LFB1
 482 0118 20000000 		.4byte	.LFE1-.LFB1
 483 011c 01       		.uleb128 0x1
 484 011d 9C       		.byte	0x9c
 485 011e 0A       		.uleb128 0xa
 486 011f 42000000 		.4byte	.LASF18
 487 0123 01       		.byte	0x1
 488 0124 1901     		.2byte	0x119
 489 0126 00000000 		.4byte	.LFB2
 490 012a 94000000 		.4byte	.LFE2-.LFB2
 491 012e 01       		.uleb128 0x1
 492 012f 9C       		.byte	0x9c
ARM GAS  C:\Users\jagumiel\AppData\Local\Temp\cc1YUbaV.s 			page 16


 493 0130 0A       		.uleb128 0xa
 494 0131 71000000 		.4byte	.LASF19
 495 0135 01       		.byte	0x1
 496 0136 3F01     		.2byte	0x13f
 497 0138 00000000 		.4byte	.LFB3
 498 013c 0C000000 		.4byte	.LFE3-.LFB3
 499 0140 01       		.uleb128 0x1
 500 0141 9C       		.byte	0x9c
 501 0142 0A       		.uleb128 0xa
 502 0143 FE000000 		.4byte	.LASF20
 503 0147 01       		.byte	0x1
 504 0148 6001     		.2byte	0x160
 505 014a 00000000 		.4byte	.LFB4
 506 014e 0C000000 		.4byte	.LFE4-.LFB4
 507 0152 01       		.uleb128 0x1
 508 0153 9C       		.byte	0x9c
 509 0154 0B       		.uleb128 0xb
 510 0155 59020000 		.4byte	.LASF21
 511 0159 01       		.byte	0x1
 512 015a 1B       		.byte	0x1b
 513 015b 98000000 		.4byte	0x98
 514 015f 05       		.uleb128 0x5
 515 0160 03       		.byte	0x3
 516 0161 00000000 		.4byte	I2C_state
 517 0165 0C       		.uleb128 0xc
 518 0166 56000000 		.4byte	.LASF22
 519 016a 03       		.byte	0x3
 520 016b 21       		.byte	0x21
 521 016c 98000000 		.4byte	0x98
 522 0170 0C       		.uleb128 0xc
 523 0171 CF000000 		.4byte	.LASF23
 524 0175 03       		.byte	0x3
 525 0176 26       		.byte	0x26
 526 0177 A9000000 		.4byte	0xa9
 527 017b 0C       		.uleb128 0xc
 528 017c 48020000 		.4byte	.LASF24
 529 0180 03       		.byte	0x3
 530 0181 2B       		.byte	0x2b
 531 0182 A9000000 		.4byte	0xa9
 532 0186 0C       		.uleb128 0xc
 533 0187 00000000 		.4byte	.LASF25
 534 018b 03       		.byte	0x3
 535 018c 2D       		.byte	0x2d
 536 018d 98000000 		.4byte	0x98
 537 0191 0D       		.uleb128 0xd
 538 0192 2F020000 		.4byte	.LASF26
 539 0196 2F020000 		.4byte	.LASF26
 540 019a 04       		.byte	0x4
 541 019b C5       		.byte	0xc5
 542 019c 0D       		.uleb128 0xd
 543 019d 2A010000 		.4byte	.LASF27
 544 01a1 2A010000 		.4byte	.LASF27
 545 01a5 04       		.byte	0x4
 546 01a6 C0       		.byte	0xc0
 547 01a7 0D       		.uleb128 0xd
 548 01a8 1A000000 		.4byte	.LASF28
 549 01ac 1A000000 		.4byte	.LASF28
ARM GAS  C:\Users\jagumiel\AppData\Local\Temp\cc1YUbaV.s 			page 17


 550 01b0 04       		.byte	0x4
 551 01b1 BD       		.byte	0xbd
 552 01b2 00       		.byte	0
 553              		.section	.debug_abbrev,"",%progbits
 554              	.Ldebug_abbrev0:
 555 0000 01       		.uleb128 0x1
 556 0001 11       		.uleb128 0x11
 557 0002 01       		.byte	0x1
 558 0003 25       		.uleb128 0x25
 559 0004 0E       		.uleb128 0xe
 560 0005 13       		.uleb128 0x13
 561 0006 0B       		.uleb128 0xb
 562 0007 03       		.uleb128 0x3
 563 0008 0E       		.uleb128 0xe
 564 0009 1B       		.uleb128 0x1b
 565 000a 0E       		.uleb128 0xe
 566 000b 55       		.uleb128 0x55
 567 000c 17       		.uleb128 0x17
 568 000d 11       		.uleb128 0x11
 569 000e 01       		.uleb128 0x1
 570 000f 10       		.uleb128 0x10
 571 0010 17       		.uleb128 0x17
 572 0011 00       		.byte	0
 573 0012 00       		.byte	0
 574 0013 02       		.uleb128 0x2
 575 0014 24       		.uleb128 0x24
 576 0015 00       		.byte	0
 577 0016 0B       		.uleb128 0xb
 578 0017 0B       		.uleb128 0xb
 579 0018 3E       		.uleb128 0x3e
 580 0019 0B       		.uleb128 0xb
 581 001a 03       		.uleb128 0x3
 582 001b 0E       		.uleb128 0xe
 583 001c 00       		.byte	0
 584 001d 00       		.byte	0
 585 001e 03       		.uleb128 0x3
 586 001f 24       		.uleb128 0x24
 587 0020 00       		.byte	0
 588 0021 0B       		.uleb128 0xb
 589 0022 0B       		.uleb128 0xb
 590 0023 3E       		.uleb128 0x3e
 591 0024 0B       		.uleb128 0xb
 592 0025 03       		.uleb128 0x3
 593 0026 08       		.uleb128 0x8
 594 0027 00       		.byte	0
 595 0028 00       		.byte	0
 596 0029 04       		.uleb128 0x4
 597 002a 16       		.uleb128 0x16
 598 002b 00       		.byte	0
 599 002c 03       		.uleb128 0x3
 600 002d 0E       		.uleb128 0xe
 601 002e 3A       		.uleb128 0x3a
 602 002f 0B       		.uleb128 0xb
 603 0030 3B       		.uleb128 0x3b
 604 0031 05       		.uleb128 0x5
 605 0032 49       		.uleb128 0x49
 606 0033 13       		.uleb128 0x13
ARM GAS  C:\Users\jagumiel\AppData\Local\Temp\cc1YUbaV.s 			page 18


 607 0034 00       		.byte	0
 608 0035 00       		.byte	0
 609 0036 05       		.uleb128 0x5
 610 0037 35       		.uleb128 0x35
 611 0038 00       		.byte	0
 612 0039 49       		.uleb128 0x49
 613 003a 13       		.uleb128 0x13
 614 003b 00       		.byte	0
 615 003c 00       		.byte	0
 616 003d 06       		.uleb128 0x6
 617 003e 2E       		.uleb128 0x2e
 618 003f 01       		.byte	0x1
 619 0040 3F       		.uleb128 0x3f
 620 0041 19       		.uleb128 0x19
 621 0042 03       		.uleb128 0x3
 622 0043 0E       		.uleb128 0xe
 623 0044 3A       		.uleb128 0x3a
 624 0045 0B       		.uleb128 0xb
 625 0046 3B       		.uleb128 0x3b
 626 0047 0B       		.uleb128 0xb
 627 0048 27       		.uleb128 0x27
 628 0049 19       		.uleb128 0x19
 629 004a 11       		.uleb128 0x11
 630 004b 01       		.uleb128 0x1
 631 004c 12       		.uleb128 0x12
 632 004d 06       		.uleb128 0x6
 633 004e 40       		.uleb128 0x40
 634 004f 18       		.uleb128 0x18
 635 0050 9742     		.uleb128 0x2117
 636 0052 19       		.uleb128 0x19
 637 0053 01       		.uleb128 0x1
 638 0054 13       		.uleb128 0x13
 639 0055 00       		.byte	0
 640 0056 00       		.byte	0
 641 0057 07       		.uleb128 0x7
 642 0058 898201   		.uleb128 0x4109
 643 005b 01       		.byte	0x1
 644 005c 11       		.uleb128 0x11
 645 005d 01       		.uleb128 0x1
 646 005e 31       		.uleb128 0x31
 647 005f 13       		.uleb128 0x13
 648 0060 01       		.uleb128 0x1
 649 0061 13       		.uleb128 0x13
 650 0062 00       		.byte	0
 651 0063 00       		.byte	0
 652 0064 08       		.uleb128 0x8
 653 0065 8A8201   		.uleb128 0x410a
 654 0068 00       		.byte	0
 655 0069 02       		.uleb128 0x2
 656 006a 18       		.uleb128 0x18
 657 006b 9142     		.uleb128 0x2111
 658 006d 18       		.uleb128 0x18
 659 006e 00       		.byte	0
 660 006f 00       		.byte	0
 661 0070 09       		.uleb128 0x9
 662 0071 898201   		.uleb128 0x4109
 663 0074 01       		.byte	0x1
ARM GAS  C:\Users\jagumiel\AppData\Local\Temp\cc1YUbaV.s 			page 19


 664 0075 11       		.uleb128 0x11
 665 0076 01       		.uleb128 0x1
 666 0077 31       		.uleb128 0x31
 667 0078 13       		.uleb128 0x13
 668 0079 00       		.byte	0
 669 007a 00       		.byte	0
 670 007b 0A       		.uleb128 0xa
 671 007c 2E       		.uleb128 0x2e
 672 007d 00       		.byte	0
 673 007e 3F       		.uleb128 0x3f
 674 007f 19       		.uleb128 0x19
 675 0080 03       		.uleb128 0x3
 676 0081 0E       		.uleb128 0xe
 677 0082 3A       		.uleb128 0x3a
 678 0083 0B       		.uleb128 0xb
 679 0084 3B       		.uleb128 0x3b
 680 0085 05       		.uleb128 0x5
 681 0086 27       		.uleb128 0x27
 682 0087 19       		.uleb128 0x19
 683 0088 11       		.uleb128 0x11
 684 0089 01       		.uleb128 0x1
 685 008a 12       		.uleb128 0x12
 686 008b 06       		.uleb128 0x6
 687 008c 40       		.uleb128 0x40
 688 008d 18       		.uleb128 0x18
 689 008e 9742     		.uleb128 0x2117
 690 0090 19       		.uleb128 0x19
 691 0091 00       		.byte	0
 692 0092 00       		.byte	0
 693 0093 0B       		.uleb128 0xb
 694 0094 34       		.uleb128 0x34
 695 0095 00       		.byte	0
 696 0096 03       		.uleb128 0x3
 697 0097 0E       		.uleb128 0xe
 698 0098 3A       		.uleb128 0x3a
 699 0099 0B       		.uleb128 0xb
 700 009a 3B       		.uleb128 0x3b
 701 009b 0B       		.uleb128 0xb
 702 009c 49       		.uleb128 0x49
 703 009d 13       		.uleb128 0x13
 704 009e 3F       		.uleb128 0x3f
 705 009f 19       		.uleb128 0x19
 706 00a0 02       		.uleb128 0x2
 707 00a1 18       		.uleb128 0x18
 708 00a2 00       		.byte	0
 709 00a3 00       		.byte	0
 710 00a4 0C       		.uleb128 0xc
 711 00a5 34       		.uleb128 0x34
 712 00a6 00       		.byte	0
 713 00a7 03       		.uleb128 0x3
 714 00a8 0E       		.uleb128 0xe
 715 00a9 3A       		.uleb128 0x3a
 716 00aa 0B       		.uleb128 0xb
 717 00ab 3B       		.uleb128 0x3b
 718 00ac 0B       		.uleb128 0xb
 719 00ad 49       		.uleb128 0x49
 720 00ae 13       		.uleb128 0x13
ARM GAS  C:\Users\jagumiel\AppData\Local\Temp\cc1YUbaV.s 			page 20


 721 00af 3F       		.uleb128 0x3f
 722 00b0 19       		.uleb128 0x19
 723 00b1 3C       		.uleb128 0x3c
 724 00b2 19       		.uleb128 0x19
 725 00b3 00       		.byte	0
 726 00b4 00       		.byte	0
 727 00b5 0D       		.uleb128 0xd
 728 00b6 2E       		.uleb128 0x2e
 729 00b7 00       		.byte	0
 730 00b8 3F       		.uleb128 0x3f
 731 00b9 19       		.uleb128 0x19
 732 00ba 3C       		.uleb128 0x3c
 733 00bb 19       		.uleb128 0x19
 734 00bc 6E       		.uleb128 0x6e
 735 00bd 0E       		.uleb128 0xe
 736 00be 03       		.uleb128 0x3
 737 00bf 0E       		.uleb128 0xe
 738 00c0 3A       		.uleb128 0x3a
 739 00c1 0B       		.uleb128 0xb
 740 00c2 3B       		.uleb128 0x3b
 741 00c3 0B       		.uleb128 0xb
 742 00c4 00       		.byte	0
 743 00c5 00       		.byte	0
 744 00c6 00       		.byte	0
 745              		.section	.debug_aranges,"",%progbits
 746 0000 3C000000 		.4byte	0x3c
 747 0004 0200     		.2byte	0x2
 748 0006 00000000 		.4byte	.Ldebug_info0
 749 000a 04       		.byte	0x4
 750 000b 00       		.byte	0
 751 000c 0000     		.2byte	0
 752 000e 0000     		.2byte	0
 753 0010 00000000 		.4byte	.LFB0
 754 0014 DC000000 		.4byte	.LFE0-.LFB0
 755 0018 00000000 		.4byte	.LFB1
 756 001c 20000000 		.4byte	.LFE1-.LFB1
 757 0020 00000000 		.4byte	.LFB2
 758 0024 94000000 		.4byte	.LFE2-.LFB2
 759 0028 00000000 		.4byte	.LFB3
 760 002c 0C000000 		.4byte	.LFE3-.LFB3
 761 0030 00000000 		.4byte	.LFB4
 762 0034 0C000000 		.4byte	.LFE4-.LFB4
 763 0038 00000000 		.4byte	0
 764 003c 00000000 		.4byte	0
 765              		.section	.debug_ranges,"",%progbits
 766              	.Ldebug_ranges0:
 767 0000 00000000 		.4byte	.LFB0
 768 0004 DC000000 		.4byte	.LFE0
 769 0008 00000000 		.4byte	.LFB1
 770 000c 20000000 		.4byte	.LFE1
 771 0010 00000000 		.4byte	.LFB2
 772 0014 94000000 		.4byte	.LFE2
 773 0018 00000000 		.4byte	.LFB3
 774 001c 0C000000 		.4byte	.LFE3
 775 0020 00000000 		.4byte	.LFB4
 776 0024 0C000000 		.4byte	.LFE4
 777 0028 00000000 		.4byte	0
ARM GAS  C:\Users\jagumiel\AppData\Local\Temp\cc1YUbaV.s 			page 21


 778 002c 00000000 		.4byte	0
 779              		.section	.debug_line,"",%progbits
 780              	.Ldebug_line0:
 781 0000 E6000000 		.section	.debug_str,"MS",%progbits,1
 781      02006000 
 781      00000201 
 781      FB0E0D00 
 781      01010101 
 782              	.LASF25:
 783 0000 4932435F 		.ascii	"I2C_slOverFlowCount\000"
 783      736C4F76 
 783      6572466C 
 783      6F77436F 
 783      756E7400 
 784              	.LASF14:
 785 0014 72656733 		.ascii	"reg32\000"
 785      3200
 786              	.LASF28:
 787 001a 4379496E 		.ascii	"CyIntSetVector\000"
 787      74536574 
 787      56656374 
 787      6F7200
 788              	.LASF3:
 789 0029 73686F72 		.ascii	"short unsigned int\000"
 789      7420756E 
 789      7369676E 
 789      65642069 
 789      6E7400
 790              	.LASF11:
 791 003c 666C6F61 		.ascii	"float\000"
 791      7400
 792              	.LASF18:
 793 0042 4932435F 		.ascii	"I2C_I2CFwBlockReset\000"
 793      49324346 
 793      77426C6F 
 793      636B5265 
 793      73657400 
 794              	.LASF22:
 795 0056 4932435F 		.ascii	"I2C_slStatus\000"
 795      736C5374 
 795      61747573 
 795      00
 796              	.LASF1:
 797 0063 756E7369 		.ascii	"unsigned char\000"
 797      676E6564 
 797      20636861 
 797      7200
 798              	.LASF19:
 799 0071 4932435F 		.ascii	"I2C_I2CSaveConfig\000"
 799      49324353 
 799      61766543 
 799      6F6E6669 
 799      6700
 800              	.LASF5:
 801 0083 6C6F6E67 		.ascii	"long unsigned int\000"
 801      20756E73 
 801      69676E65 
ARM GAS  C:\Users\jagumiel\AppData\Local\Temp\cc1YUbaV.s 			page 22


 801      6420696E 
 801      7400
 802              	.LASF9:
 803 0095 75696E74 		.ascii	"uint8\000"
 803      3800
 804              	.LASF30:
 805 009b 47656E65 		.ascii	"Generated_Source\\PSoC4\\I2C_I2C.c\000"
 805      72617465 
 805      645F536F 
 805      75726365 
 805      5C50536F 
 806              	.LASF12:
 807 00bc 646F7562 		.ascii	"double\000"
 807      6C6500
 808              	.LASF32:
 809 00c3 4932435F 		.ascii	"I2C_I2CInit\000"
 809      49324349 
 809      6E697400 
 810              	.LASF23:
 811 00cf 4932435F 		.ascii	"I2C_slWrBufIndex\000"
 811      736C5772 
 811      42756649 
 811      6E646578 
 811      00
 812              	.LASF2:
 813 00e0 73686F72 		.ascii	"short int\000"
 813      7420696E 
 813      7400
 814              	.LASF10:
 815 00ea 75696E74 		.ascii	"uint32\000"
 815      333200
 816              	.LASF8:
 817 00f1 756E7369 		.ascii	"unsigned int\000"
 817      676E6564 
 817      20696E74 
 817      00
 818              	.LASF20:
 819 00fe 4932435F 		.ascii	"I2C_I2CRestoreConfig\000"
 819      49324352 
 819      6573746F 
 819      7265436F 
 819      6E666967 
 820              	.LASF7:
 821 0113 6C6F6E67 		.ascii	"long long unsigned int\000"
 821      206C6F6E 
 821      6720756E 
 821      7369676E 
 821      65642069 
 822              	.LASF27:
 823 012a 4379496E 		.ascii	"CyIntSetPriority\000"
 823      74536574 
 823      5072696F 
 823      72697479 
 823      00
 824              	.LASF29:
 825 013b 474E5520 		.ascii	"GNU C11 5.4.1 20160609 (release) [ARM/embedded-5-br"
 825      43313120 
ARM GAS  C:\Users\jagumiel\AppData\Local\Temp\cc1YUbaV.s 			page 23


 825      352E342E 
 825      31203230 
 825      31363036 
 826 016e 616E6368 		.ascii	"anch revision 237715] -mcpu=cortex-m0 -mthumb -g -O"
 826      20726576 
 826      6973696F 
 826      6E203233 
 826      37373135 
 827 01a1 67202D66 		.ascii	"g -ffunction-sections -ffat-lto-objects\000"
 827      66756E63 
 827      74696F6E 
 827      2D736563 
 827      74696F6E 
 828              	.LASF31:
 829 01c9 443A5C55 		.ascii	"D:\\Users\\jagumiel\\Documents\\PSoC Creator\\PSoC-"
 829      73657273 
 829      5C6A6167 
 829      756D6965 
 829      6C5C446F 
 830 01f7 3130315C 		.ascii	"101\\PSoC-101\\Lesson16.cydsn\000"
 830      50536F43 
 830      2D313031 
 830      5C4C6573 
 830      736F6E31 
 831              	.LASF16:
 832 0213 73697A65 		.ascii	"sizetype\000"
 832      74797065 
 832      00
 833              	.LASF6:
 834 021c 6C6F6E67 		.ascii	"long long int\000"
 834      206C6F6E 
 834      6720696E 
 834      7400
 835              	.LASF13:
 836 022a 63686172 		.ascii	"char\000"
 836      00
 837              	.LASF26:
 838 022f 4379496E 		.ascii	"CyIntDisable\000"
 838      74446973 
 838      61626C65 
 838      00
 839              	.LASF17:
 840 023c 4932435F 		.ascii	"I2C_I2CStop\000"
 840      49324353 
 840      746F7000 
 841              	.LASF24:
 842 0248 4932435F 		.ascii	"I2C_slRdBufIndex\000"
 842      736C5264 
 842      42756649 
 842      6E646578 
 842      00
 843              	.LASF21:
 844 0259 4932435F 		.ascii	"I2C_state\000"
 844      73746174 
 844      6500
 845              	.LASF4:
 846 0263 6C6F6E67 		.ascii	"long int\000"
ARM GAS  C:\Users\jagumiel\AppData\Local\Temp\cc1YUbaV.s 			page 24


 846      20696E74 
 846      00
 847              	.LASF15:
 848 026c 6C6F6E67 		.ascii	"long double\000"
 848      20646F75 
 848      626C6500 
 849              	.LASF0:
 850 0278 7369676E 		.ascii	"signed char\000"
 850      65642063 
 850      68617200 
 851              		.ident	"GCC: (GNU Tools for ARM Embedded Processors) 5.4.1 20160609 (release) [ARM/embedded-5-bran
