ARM GAS  C:\Users\jagumiel\AppData\Local\Temp\ccBjJ3OK.s 			page 1


   1              		.syntax unified
   2              		.cpu cortex-m0
   3              		.fpu softvfp
   4              		.eabi_attribute 20, 1
   5              		.eabi_attribute 21, 1
   6              		.eabi_attribute 23, 3
   7              		.eabi_attribute 24, 1
   8              		.eabi_attribute 25, 1
   9              		.eabi_attribute 26, 1
  10              		.eabi_attribute 30, 1
  11              		.eabi_attribute 34, 0
  12              		.eabi_attribute 18, 4
  13              		.thumb
  14              		.syntax unified
  15              		.file	"main.c"
  16              		.text
  17              	.Ltext0:
  18              		.cfi_sections	.debug_frame
  19              		.section	.text.main,"ax",%progbits
  20              		.align	2
  21              		.global	main
  22              		.code	16
  23              		.thumb_func
  24              		.type	main, %function
  25              	main:
  26              	.LFB33:
  27              		.file 1 "main.c"
   1:main.c        **** /* ========================================
   2:main.c        ****  *
   3:main.c        ****  * Copyright YOUR COMPANY, THE YEAR
   4:main.c        ****  * All Rights Reserved
   5:main.c        ****  * UNPUBLISHED, LICENSED SOFTWARE.
   6:main.c        ****  *
   7:main.c        ****  * CONFIDENTIAL AND PROPRIETARY INFORMATION
   8:main.c        ****  * WHICH IS THE PROPERTY OF your company.
   9:main.c        ****  *
  10:main.c        ****  * ========================================
  11:main.c        **** */
  12:main.c        **** #include "project.h"
  13:main.c        **** #include <stdio.h>
  14:main.c        **** 
  15:main.c        **** int main(void)
  16:main.c        **** {
  28              		.loc 1 16 0
  29              		.cfi_startproc
  30              		@ args = 0, pretend = 0, frame = 56
  31              		@ frame_needed = 0, uses_anonymous_args = 0
  32 0000 10B5     		push	{r4, lr}
  33              		.cfi_def_cfa_offset 8
  34              		.cfi_offset 4, -8
  35              		.cfi_offset 14, -4
  36 0002 8EB0     		sub	sp, sp, #56
  37              		.cfi_def_cfa_offset 64
  17:main.c        ****     CyGlobalIntEnable; /* Enable global interrupts. */
  38              		.loc 1 17 0
  39              		.syntax divided
  40              	@ 17 "main.c" 1
ARM GAS  C:\Users\jagumiel\AppData\Local\Temp\ccBjJ3OK.s 			page 2


  41 0004 62B6     		CPSIE   i
  42              	@ 0 "" 2
  18:main.c        ****     int buttonsVal[5]={0,0,0,0,0};
  43              		.loc 1 18 0
  44              		.thumb
  45              		.syntax unified
  46 0006 1422     		movs	r2, #20
  47 0008 0021     		movs	r1, #0
  48 000a 09A8     		add	r0, sp, #36
  49 000c FFF7FEFF 		bl	memset
  50              	.LVL0:
  19:main.c        ****     int buttonsLastVal[5]={0,0,0,0,0};
  51              		.loc 1 19 0
  52 0010 1422     		movs	r2, #20
  53 0012 0021     		movs	r1, #0
  54 0014 04A8     		add	r0, sp, #16
  55 0016 FFF7FEFF 		bl	memset
  56              	.LVL1:
  20:main.c        ****     char msg[10];
  21:main.c        ****     
  22:main.c        ****     UART_Start();
  57              		.loc 1 22 0
  58 001a FFF7FEFF 		bl	UART_Start
  59              	.LVL2:
  23:main.c        ****     PWM_0_Start();
  60              		.loc 1 23 0
  61 001e FFF7FEFF 		bl	PWM_0_Start
  62              	.LVL3:
  24:main.c        ****     PWM_1_Start();
  63              		.loc 1 24 0
  64 0022 FFF7FEFF 		bl	PWM_1_Start
  65              	.LVL4:
  25:main.c        ****     PWM_2_Start();
  66              		.loc 1 25 0
  67 0026 FFF7FEFF 		bl	PWM_2_Start
  68              	.LVL5:
  26:main.c        ****     CapSense_Start();
  69              		.loc 1 26 0
  70 002a FFF7FEFF 		bl	CapSense_Start
  71              	.LVL6:
  27:main.c        ****     CapSense_InitializeAllBaselines();
  72              		.loc 1 27 0
  73 002e FFF7FEFF 		bl	CapSense_InitializeAllBaselines
  74              	.LVL7:
  28:main.c        ****     CapSense_ScanEnabledWidgets();
  75              		.loc 1 28 0
  76 0032 FFF7FEFF 		bl	CapSense_ScanEnabledWidgets
  77              	.LVL8:
  78              	.L2:
  29:main.c        **** 
  30:main.c        **** 
  31:main.c        ****     for(;;)
  32:main.c        ****     {
  33:main.c        ****         if(!CapSense_IsBusy()){
  79              		.loc 1 33 0
  80 0036 FFF7FEFF 		bl	CapSense_IsBusy
  81              	.LVL9:
ARM GAS  C:\Users\jagumiel\AppData\Local\Temp\ccBjJ3OK.s 			page 3


  82 003a 0028     		cmp	r0, #0
  83 003c FBD1     		bne	.L2
  34:main.c        ****             buttonsVal[0]=CapSense_CheckIsWidgetActive(CapSense_SENSOR_5_IS_ACTIVE);
  84              		.loc 1 34 0
  85 003e 0530     		adds	r0, r0, #5
  86 0040 FFF7FEFF 		bl	CapSense_CheckIsWidgetActive
  87              	.LVL10:
  88 0044 0990     		str	r0, [sp, #36]
  35:main.c        ****             buttonsVal[1]=CapSense_CheckIsWidgetActive(CapSense_SENSOR_1_IS_ACTIVE); 
  89              		.loc 1 35 0
  90 0046 0120     		movs	r0, #1
  91 0048 FFF7FEFF 		bl	CapSense_CheckIsWidgetActive
  92              	.LVL11:
  93 004c 0A90     		str	r0, [sp, #40]
  36:main.c        ****             buttonsVal[2]=CapSense_CheckIsWidgetActive(CapSense_SENSOR_2_IS_ACTIVE);
  94              		.loc 1 36 0
  95 004e 0220     		movs	r0, #2
  96 0050 FFF7FEFF 		bl	CapSense_CheckIsWidgetActive
  97              	.LVL12:
  98 0054 0B90     		str	r0, [sp, #44]
  37:main.c        ****             buttonsVal[3]=CapSense_CheckIsWidgetActive(CapSense_SENSOR_3_IS_ACTIVE);
  99              		.loc 1 37 0
 100 0056 0320     		movs	r0, #3
 101 0058 FFF7FEFF 		bl	CapSense_CheckIsWidgetActive
 102              	.LVL13:
 103 005c 0C90     		str	r0, [sp, #48]
  38:main.c        ****             buttonsVal[4]=CapSense_CheckIsWidgetActive(CapSense_SENSOR_4_IS_ACTIVE);
 104              		.loc 1 38 0
 105 005e 0420     		movs	r0, #4
 106 0060 FFF7FEFF 		bl	CapSense_CheckIsWidgetActive
 107              	.LVL14:
 108 0064 0D90     		str	r0, [sp, #52]
  39:main.c        ****             
  40:main.c        ****             if (memcmp(buttonsVal, buttonsLastVal, sizeof(buttonsVal))!=0){
 109              		.loc 1 40 0
 110 0066 1422     		movs	r2, #20
 111 0068 04A9     		add	r1, sp, #16
 112 006a 09A8     		add	r0, sp, #36
 113 006c FFF7FEFF 		bl	memcmp
 114              	.LVL15:
 115 0070 0028     		cmp	r0, #0
 116 0072 2AD1     		bne	.L12
 117 0074 34E0     		b	.L4
 118              	.LVL16:
 119              	.L10:
 120              	.LBB2:
  41:main.c        ****                 for(int i=0; i<5; i++){
  42:main.c        ****                     if(buttonsVal[i]==1){
 121              		.loc 1 42 0
 122 0076 A300     		lsls	r3, r4, #2
 123 0078 09AA     		add	r2, sp, #36
 124 007a 9B58     		ldr	r3, [r3, r2]
 125 007c 012B     		cmp	r3, #1
 126 007e 22D1     		bne	.L5
  43:main.c        ****                         sprintf(msg, "Button %d pressed.\r\n", i);
 127              		.loc 1 43 0
 128 0080 2200     		movs	r2, r4
ARM GAS  C:\Users\jagumiel\AppData\Local\Temp\ccBjJ3OK.s 			page 4


 129 0082 1A49     		ldr	r1, .L13
 130 0084 01A8     		add	r0, sp, #4
 131 0086 FFF7FEFF 		bl	sprintf
 132              	.LVL17:
  44:main.c        ****                         UART_UartPutString(msg);                        
 133              		.loc 1 44 0
 134 008a 01A8     		add	r0, sp, #4
 135 008c FFF7FEFF 		bl	UART_UartPutString
 136              	.LVL18:
  45:main.c        ****                         if(i==0){
 137              		.loc 1 45 0
 138 0090 002C     		cmp	r4, #0
 139 0092 03D1     		bne	.L6
  46:main.c        ****                             Control_Write(0b11);
 140              		.loc 1 46 0
 141 0094 0320     		movs	r0, #3
 142 0096 FFF7FEFF 		bl	Control_Write
 143              	.LVL19:
 144 009a 14E0     		b	.L5
 145              	.L6:
  47:main.c        ****                         }else if(i==1){
 146              		.loc 1 47 0
 147 009c 012C     		cmp	r4, #1
 148 009e 03D1     		bne	.L7
  48:main.c        ****                             Control_Write(0b10);  
 149              		.loc 1 48 0
 150 00a0 0220     		movs	r0, #2
 151 00a2 FFF7FEFF 		bl	Control_Write
 152              	.LVL20:
 153 00a6 0EE0     		b	.L5
 154              	.L7:
  49:main.c        ****                         }else if(i==2){
 155              		.loc 1 49 0
 156 00a8 022C     		cmp	r4, #2
 157 00aa 03D1     		bne	.L8
  50:main.c        ****                             Control_Write(0b01);
 158              		.loc 1 50 0
 159 00ac 0120     		movs	r0, #1
 160 00ae FFF7FEFF 		bl	Control_Write
 161              	.LVL21:
 162 00b2 08E0     		b	.L5
 163              	.L8:
  51:main.c        ****                         }else if(i==3){
 164              		.loc 1 51 0
 165 00b4 032C     		cmp	r4, #3
 166 00b6 03D1     		bne	.L9
  52:main.c        ****                             Control_Write(0b00);
 167              		.loc 1 52 0
 168 00b8 0020     		movs	r0, #0
 169 00ba FFF7FEFF 		bl	Control_Write
 170              	.LVL22:
 171 00be 02E0     		b	.L5
 172              	.L9:
  53:main.c        ****                         }else{
  54:main.c        ****                             Control_Write(0b11);
 173              		.loc 1 54 0
 174 00c0 0320     		movs	r0, #3
ARM GAS  C:\Users\jagumiel\AppData\Local\Temp\ccBjJ3OK.s 			page 5


 175 00c2 FFF7FEFF 		bl	Control_Write
 176              	.LVL23:
 177              	.L5:
  41:main.c        ****                     if(buttonsVal[i]==1){
 178              		.loc 1 41 0 discriminator 2
 179 00c6 0134     		adds	r4, r4, #1
 180              	.LVL24:
 181 00c8 00E0     		b	.L3
 182              	.LVL25:
 183              	.L12:
 184              	.LBE2:
 185 00ca 0024     		movs	r4, #0
 186              	.L3:
 187              	.LVL26:
 188              	.LBB3:
  41:main.c        ****                     if(buttonsVal[i]==1){
 189              		.loc 1 41 0 is_stmt 0 discriminator 1
 190 00cc 042C     		cmp	r4, #4
 191 00ce D2DD     		ble	.L10
 192              	.LBE3:
  55:main.c        ****                         }
  56:main.c        ****                     }
  57:main.c        ****                 }
  58:main.c        ****                 memcpy(buttonsLastVal, buttonsVal, sizeof(buttonsLastVal));
 193              		.loc 1 58 0 is_stmt 1
 194 00d0 04A9     		add	r1, sp, #16
 195 00d2 09A8     		add	r0, sp, #36
 196 00d4 0B00     		movs	r3, r1
 197 00d6 0200     		movs	r2, r0
 198 00d8 13CA     		ldmia	r2!, {r0, r1, r4}
 199 00da 13C3     		stmia	r3!, {r0, r1, r4}
 200              	.LVL27:
 201 00dc 03CA     		ldmia	r2!, {r0, r1}
 202 00de 03C3     		stmia	r3!, {r0, r1}
 203              	.L4:
  59:main.c        ****             }
  60:main.c        ****             CapSense_UpdateEnabledBaselines();
 204              		.loc 1 60 0
 205 00e0 FFF7FEFF 		bl	CapSense_UpdateEnabledBaselines
 206              	.LVL28:
  61:main.c        ****             CapSense_ScanEnabledWidgets();
 207              		.loc 1 61 0
 208 00e4 FFF7FEFF 		bl	CapSense_ScanEnabledWidgets
 209              	.LVL29:
 210 00e8 A5E7     		b	.L2
 211              	.L14:
 212 00ea C046     		.align	2
 213              	.L13:
 214 00ec 00000000 		.word	.LC0
 215              		.cfi_endproc
 216              	.LFE33:
 217              		.size	main, .-main
 218              		.section	.rodata.str1.4,"aMS",%progbits,1
 219              		.align	2
 220              	.LC0:
 221 0000 42757474 		.ascii	"Button %d pressed.\015\012\000"
 221      6F6E2025 
ARM GAS  C:\Users\jagumiel\AppData\Local\Temp\ccBjJ3OK.s 			page 6


 221      64207072 
 221      65737365 
 221      642E0D0A 
 222              		.text
 223              	.Letext0:
 224              		.file 2 "c:\\program files (x86)\\cypress\\psoc creator\\4.2\\psoc creator\\import\\gnu\\arm\\5.4.
 225              		.file 3 "Generated_Source\\PSoC4/UART_SPI_UART.h"
 226              		.file 4 "Generated_Source\\PSoC4/Control.h"
 227              		.file 5 "Generated_Source\\PSoC4/UART.h"
 228              		.file 6 "Generated_Source\\PSoC4/PWM_0.h"
 229              		.file 7 "Generated_Source\\PSoC4/PWM_1.h"
 230              		.file 8 "Generated_Source\\PSoC4/PWM_2.h"
 231              		.file 9 "Generated_Source\\PSoC4/CapSense.h"
 232              		.file 10 "Generated_Source\\PSoC4/CapSense_CSHL.h"
 233              		.file 11 "c:\\program files (x86)\\cypress\\psoc creator\\4.2\\psoc creator\\import\\gnu\\arm\\5.4
 234              		.section	.debug_info,"",%progbits
 235              	.Ldebug_info0:
 236 0000 46030000 		.4byte	0x346
 237 0004 0400     		.2byte	0x4
 238 0006 00000000 		.4byte	.Ldebug_abbrev0
 239 000a 04       		.byte	0x4
 240 000b 01       		.uleb128 0x1
 241 000c 5C010000 		.4byte	.LASF30
 242 0010 0C       		.byte	0xc
 243 0011 2F020000 		.4byte	.LASF31
 244 0015 E6000000 		.4byte	.LASF32
 245 0019 18000000 		.4byte	.Ldebug_ranges0+0x18
 246 001d 00000000 		.4byte	0
 247 0021 00000000 		.4byte	.Ldebug_line0
 248 0025 02       		.uleb128 0x2
 249 0026 01       		.byte	0x1
 250 0027 06       		.byte	0x6
 251 0028 79020000 		.4byte	.LASF0
 252 002c 02       		.uleb128 0x2
 253 002d 01       		.byte	0x1
 254 002e 08       		.byte	0x8
 255 002f 54000000 		.4byte	.LASF1
 256 0033 02       		.uleb128 0x2
 257 0034 02       		.byte	0x2
 258 0035 05       		.byte	0x5
 259 0036 3B020000 		.4byte	.LASF2
 260 003a 02       		.uleb128 0x2
 261 003b 02       		.byte	0x2
 262 003c 07       		.byte	0x7
 263 003d 10000000 		.4byte	.LASF3
 264 0041 02       		.uleb128 0x2
 265 0042 04       		.byte	0x4
 266 0043 05       		.byte	0x5
 267 0044 07000000 		.4byte	.LASF4
 268 0048 02       		.uleb128 0x2
 269 0049 04       		.byte	0x4
 270 004a 07       		.byte	0x7
 271 004b 72000000 		.4byte	.LASF5
 272 004f 02       		.uleb128 0x2
 273 0050 08       		.byte	0x8
 274 0051 05       		.byte	0x5
 275 0052 21020000 		.4byte	.LASF6
ARM GAS  C:\Users\jagumiel\AppData\Local\Temp\ccBjJ3OK.s 			page 7


 276 0056 02       		.uleb128 0x2
 277 0057 08       		.byte	0x8
 278 0058 07       		.byte	0x7
 279 0059 45010000 		.4byte	.LASF7
 280 005d 03       		.uleb128 0x3
 281 005e 04       		.byte	0x4
 282 005f 05       		.byte	0x5
 283 0060 696E7400 		.ascii	"int\000"
 284 0064 02       		.uleb128 0x2
 285 0065 04       		.byte	0x4
 286 0066 07       		.byte	0x7
 287 0067 D9000000 		.4byte	.LASF8
 288 006b 02       		.uleb128 0x2
 289 006c 04       		.byte	0x4
 290 006d 04       		.byte	0x4
 291 006e 42000000 		.4byte	.LASF9
 292 0072 02       		.uleb128 0x2
 293 0073 08       		.byte	0x8
 294 0074 04       		.byte	0x4
 295 0075 A2000000 		.4byte	.LASF10
 296 0079 02       		.uleb128 0x2
 297 007a 01       		.byte	0x1
 298 007b 08       		.byte	0x8
 299 007c 36020000 		.4byte	.LASF11
 300 0080 02       		.uleb128 0x2
 301 0081 08       		.byte	0x8
 302 0082 04       		.byte	0x4
 303 0083 50020000 		.4byte	.LASF12
 304 0087 02       		.uleb128 0x2
 305 0088 04       		.byte	0x4
 306 0089 07       		.byte	0x7
 307 008a F8010000 		.4byte	.LASF13
 308 008e 04       		.uleb128 0x4
 309 008f D4000000 		.4byte	.LASF33
 310 0093 01       		.byte	0x1
 311 0094 0F       		.byte	0xf
 312 0095 5D000000 		.4byte	0x5d
 313 0099 00000000 		.4byte	.LFB33
 314 009d F0000000 		.4byte	.LFE33-.LFB33
 315 00a1 01       		.uleb128 0x1
 316 00a2 9C       		.byte	0x9c
 317 00a3 85020000 		.4byte	0x285
 318 00a7 05       		.uleb128 0x5
 319 00a8 45020000 		.4byte	.LASF14
 320 00ac 01       		.byte	0x1
 321 00ad 12       		.byte	0x12
 322 00ae 85020000 		.4byte	0x285
 323 00b2 02       		.uleb128 0x2
 324 00b3 91       		.byte	0x91
 325 00b4 64       		.sleb128 -28
 326 00b5 05       		.uleb128 0x5
 327 00b6 C5000000 		.4byte	.LASF15
 328 00ba 01       		.byte	0x1
 329 00bb 13       		.byte	0x13
 330 00bc 85020000 		.4byte	0x285
 331 00c0 02       		.uleb128 0x2
 332 00c1 91       		.byte	0x91
ARM GAS  C:\Users\jagumiel\AppData\Local\Temp\ccBjJ3OK.s 			page 8


 333 00c2 50       		.sleb128 -48
 334 00c3 06       		.uleb128 0x6
 335 00c4 6D736700 		.ascii	"msg\000"
 336 00c8 01       		.byte	0x1
 337 00c9 14       		.byte	0x14
 338 00ca 95020000 		.4byte	0x295
 339 00ce 02       		.uleb128 0x2
 340 00cf 91       		.byte	0x91
 341 00d0 44       		.sleb128 -60
 342 00d1 07       		.uleb128 0x7
 343 00d2 00000000 		.4byte	.Ldebug_ranges0+0
 344 00d6 7A010000 		.4byte	0x17a
 345 00da 08       		.uleb128 0x8
 346 00db 6900     		.ascii	"i\000"
 347 00dd 01       		.byte	0x1
 348 00de 29       		.byte	0x29
 349 00df 5D000000 		.4byte	0x5d
 350 00e3 00000000 		.4byte	.LLST0
 351 00e7 09       		.uleb128 0x9
 352 00e8 8A000000 		.4byte	.LVL17
 353 00ec A5020000 		.4byte	0x2a5
 354 00f0 0A010000 		.4byte	0x10a
 355 00f4 0A       		.uleb128 0xa
 356 00f5 01       		.uleb128 0x1
 357 00f6 50       		.byte	0x50
 358 00f7 02       		.uleb128 0x2
 359 00f8 91       		.byte	0x91
 360 00f9 44       		.sleb128 -60
 361 00fa 0A       		.uleb128 0xa
 362 00fb 01       		.uleb128 0x1
 363 00fc 51       		.byte	0x51
 364 00fd 05       		.uleb128 0x5
 365 00fe 03       		.byte	0x3
 366 00ff 00000000 		.4byte	.LC0
 367 0103 0A       		.uleb128 0xa
 368 0104 01       		.uleb128 0x1
 369 0105 52       		.byte	0x52
 370 0106 02       		.uleb128 0x2
 371 0107 74       		.byte	0x74
 372 0108 00       		.sleb128 0
 373 0109 00       		.byte	0
 374 010a 09       		.uleb128 0x9
 375 010b 90000000 		.4byte	.LVL18
 376 010f B0020000 		.4byte	0x2b0
 377 0113 1E010000 		.4byte	0x11e
 378 0117 0A       		.uleb128 0xa
 379 0118 01       		.uleb128 0x1
 380 0119 50       		.byte	0x50
 381 011a 02       		.uleb128 0x2
 382 011b 91       		.byte	0x91
 383 011c 44       		.sleb128 -60
 384 011d 00       		.byte	0
 385 011e 09       		.uleb128 0x9
 386 011f 9A000000 		.4byte	.LVL19
 387 0123 BC020000 		.4byte	0x2bc
 388 0127 31010000 		.4byte	0x131
 389 012b 0A       		.uleb128 0xa
ARM GAS  C:\Users\jagumiel\AppData\Local\Temp\ccBjJ3OK.s 			page 9


 390 012c 01       		.uleb128 0x1
 391 012d 50       		.byte	0x50
 392 012e 01       		.uleb128 0x1
 393 012f 33       		.byte	0x33
 394 0130 00       		.byte	0
 395 0131 09       		.uleb128 0x9
 396 0132 A6000000 		.4byte	.LVL20
 397 0136 BC020000 		.4byte	0x2bc
 398 013a 44010000 		.4byte	0x144
 399 013e 0A       		.uleb128 0xa
 400 013f 01       		.uleb128 0x1
 401 0140 50       		.byte	0x50
 402 0141 01       		.uleb128 0x1
 403 0142 32       		.byte	0x32
 404 0143 00       		.byte	0
 405 0144 09       		.uleb128 0x9
 406 0145 B2000000 		.4byte	.LVL21
 407 0149 BC020000 		.4byte	0x2bc
 408 014d 57010000 		.4byte	0x157
 409 0151 0A       		.uleb128 0xa
 410 0152 01       		.uleb128 0x1
 411 0153 50       		.byte	0x50
 412 0154 01       		.uleb128 0x1
 413 0155 31       		.byte	0x31
 414 0156 00       		.byte	0
 415 0157 09       		.uleb128 0x9
 416 0158 BE000000 		.4byte	.LVL22
 417 015c BC020000 		.4byte	0x2bc
 418 0160 6A010000 		.4byte	0x16a
 419 0164 0A       		.uleb128 0xa
 420 0165 01       		.uleb128 0x1
 421 0166 50       		.byte	0x50
 422 0167 01       		.uleb128 0x1
 423 0168 30       		.byte	0x30
 424 0169 00       		.byte	0
 425 016a 0B       		.uleb128 0xb
 426 016b C6000000 		.4byte	.LVL23
 427 016f BC020000 		.4byte	0x2bc
 428 0173 0A       		.uleb128 0xa
 429 0174 01       		.uleb128 0x1
 430 0175 50       		.byte	0x50
 431 0176 01       		.uleb128 0x1
 432 0177 33       		.byte	0x33
 433 0178 00       		.byte	0
 434 0179 00       		.byte	0
 435 017a 09       		.uleb128 0x9
 436 017b 10000000 		.4byte	.LVL0
 437 017f C7020000 		.4byte	0x2c7
 438 0183 98010000 		.4byte	0x198
 439 0187 0A       		.uleb128 0xa
 440 0188 01       		.uleb128 0x1
 441 0189 50       		.byte	0x50
 442 018a 02       		.uleb128 0x2
 443 018b 91       		.byte	0x91
 444 018c 64       		.sleb128 -28
 445 018d 0A       		.uleb128 0xa
 446 018e 01       		.uleb128 0x1
ARM GAS  C:\Users\jagumiel\AppData\Local\Temp\ccBjJ3OK.s 			page 10


 447 018f 51       		.byte	0x51
 448 0190 01       		.uleb128 0x1
 449 0191 30       		.byte	0x30
 450 0192 0A       		.uleb128 0xa
 451 0193 01       		.uleb128 0x1
 452 0194 52       		.byte	0x52
 453 0195 01       		.uleb128 0x1
 454 0196 44       		.byte	0x44
 455 0197 00       		.byte	0
 456 0198 09       		.uleb128 0x9
 457 0199 1A000000 		.4byte	.LVL1
 458 019d C7020000 		.4byte	0x2c7
 459 01a1 B6010000 		.4byte	0x1b6
 460 01a5 0A       		.uleb128 0xa
 461 01a6 01       		.uleb128 0x1
 462 01a7 50       		.byte	0x50
 463 01a8 02       		.uleb128 0x2
 464 01a9 91       		.byte	0x91
 465 01aa 50       		.sleb128 -48
 466 01ab 0A       		.uleb128 0xa
 467 01ac 01       		.uleb128 0x1
 468 01ad 51       		.byte	0x51
 469 01ae 01       		.uleb128 0x1
 470 01af 30       		.byte	0x30
 471 01b0 0A       		.uleb128 0xa
 472 01b1 01       		.uleb128 0x1
 473 01b2 52       		.byte	0x52
 474 01b3 01       		.uleb128 0x1
 475 01b4 44       		.byte	0x44
 476 01b5 00       		.byte	0
 477 01b6 0C       		.uleb128 0xc
 478 01b7 1E000000 		.4byte	.LVL2
 479 01bb D0020000 		.4byte	0x2d0
 480 01bf 0C       		.uleb128 0xc
 481 01c0 22000000 		.4byte	.LVL3
 482 01c4 DB020000 		.4byte	0x2db
 483 01c8 0C       		.uleb128 0xc
 484 01c9 26000000 		.4byte	.LVL4
 485 01cd E6020000 		.4byte	0x2e6
 486 01d1 0C       		.uleb128 0xc
 487 01d2 2A000000 		.4byte	.LVL5
 488 01d6 F1020000 		.4byte	0x2f1
 489 01da 0C       		.uleb128 0xc
 490 01db 2E000000 		.4byte	.LVL6
 491 01df FC020000 		.4byte	0x2fc
 492 01e3 0C       		.uleb128 0xc
 493 01e4 32000000 		.4byte	.LVL7
 494 01e8 07030000 		.4byte	0x307
 495 01ec 0C       		.uleb128 0xc
 496 01ed 36000000 		.4byte	.LVL8
 497 01f1 12030000 		.4byte	0x312
 498 01f5 0C       		.uleb128 0xc
 499 01f6 3A000000 		.4byte	.LVL9
 500 01fa 1D030000 		.4byte	0x31d
 501 01fe 0C       		.uleb128 0xc
 502 01ff 44000000 		.4byte	.LVL10
 503 0203 28030000 		.4byte	0x328
ARM GAS  C:\Users\jagumiel\AppData\Local\Temp\ccBjJ3OK.s 			page 11


 504 0207 09       		.uleb128 0x9
 505 0208 4C000000 		.4byte	.LVL11
 506 020c 28030000 		.4byte	0x328
 507 0210 1A020000 		.4byte	0x21a
 508 0214 0A       		.uleb128 0xa
 509 0215 01       		.uleb128 0x1
 510 0216 50       		.byte	0x50
 511 0217 01       		.uleb128 0x1
 512 0218 31       		.byte	0x31
 513 0219 00       		.byte	0
 514 021a 09       		.uleb128 0x9
 515 021b 54000000 		.4byte	.LVL12
 516 021f 28030000 		.4byte	0x328
 517 0223 2D020000 		.4byte	0x22d
 518 0227 0A       		.uleb128 0xa
 519 0228 01       		.uleb128 0x1
 520 0229 50       		.byte	0x50
 521 022a 01       		.uleb128 0x1
 522 022b 32       		.byte	0x32
 523 022c 00       		.byte	0
 524 022d 09       		.uleb128 0x9
 525 022e 5C000000 		.4byte	.LVL13
 526 0232 28030000 		.4byte	0x328
 527 0236 40020000 		.4byte	0x240
 528 023a 0A       		.uleb128 0xa
 529 023b 01       		.uleb128 0x1
 530 023c 50       		.byte	0x50
 531 023d 01       		.uleb128 0x1
 532 023e 33       		.byte	0x33
 533 023f 00       		.byte	0
 534 0240 09       		.uleb128 0x9
 535 0241 64000000 		.4byte	.LVL14
 536 0245 28030000 		.4byte	0x328
 537 0249 53020000 		.4byte	0x253
 538 024d 0A       		.uleb128 0xa
 539 024e 01       		.uleb128 0x1
 540 024f 50       		.byte	0x50
 541 0250 01       		.uleb128 0x1
 542 0251 34       		.byte	0x34
 543 0252 00       		.byte	0
 544 0253 09       		.uleb128 0x9
 545 0254 70000000 		.4byte	.LVL15
 546 0258 33030000 		.4byte	0x333
 547 025c 72020000 		.4byte	0x272
 548 0260 0A       		.uleb128 0xa
 549 0261 01       		.uleb128 0x1
 550 0262 50       		.byte	0x50
 551 0263 02       		.uleb128 0x2
 552 0264 91       		.byte	0x91
 553 0265 64       		.sleb128 -28
 554 0266 0A       		.uleb128 0xa
 555 0267 01       		.uleb128 0x1
 556 0268 51       		.byte	0x51
 557 0269 02       		.uleb128 0x2
 558 026a 91       		.byte	0x91
 559 026b 50       		.sleb128 -48
 560 026c 0A       		.uleb128 0xa
ARM GAS  C:\Users\jagumiel\AppData\Local\Temp\ccBjJ3OK.s 			page 12


 561 026d 01       		.uleb128 0x1
 562 026e 52       		.byte	0x52
 563 026f 01       		.uleb128 0x1
 564 0270 44       		.byte	0x44
 565 0271 00       		.byte	0
 566 0272 0C       		.uleb128 0xc
 567 0273 E4000000 		.4byte	.LVL28
 568 0277 3E030000 		.4byte	0x33e
 569 027b 0C       		.uleb128 0xc
 570 027c E8000000 		.4byte	.LVL29
 571 0280 12030000 		.4byte	0x312
 572 0284 00       		.byte	0
 573 0285 0D       		.uleb128 0xd
 574 0286 5D000000 		.4byte	0x5d
 575 028a 95020000 		.4byte	0x295
 576 028e 0E       		.uleb128 0xe
 577 028f 87000000 		.4byte	0x87
 578 0293 04       		.byte	0x4
 579 0294 00       		.byte	0
 580 0295 0D       		.uleb128 0xd
 581 0296 79000000 		.4byte	0x79
 582 029a A5020000 		.4byte	0x2a5
 583 029e 0E       		.uleb128 0xe
 584 029f 87000000 		.4byte	0x87
 585 02a3 09       		.byte	0x9
 586 02a4 00       		.byte	0
 587 02a5 0F       		.uleb128 0xf
 588 02a6 A5020000 		.4byte	.LASF16
 589 02aa A5020000 		.4byte	.LASF16
 590 02ae 02       		.byte	0x2
 591 02af E7       		.byte	0xe7
 592 02b0 10       		.uleb128 0x10
 593 02b1 2F000000 		.4byte	.LASF17
 594 02b5 2F000000 		.4byte	.LASF17
 595 02b9 03       		.byte	0x3
 596 02ba 2A03     		.2byte	0x32a
 597 02bc 0F       		.uleb128 0xf
 598 02bd EA010000 		.4byte	.LASF18
 599 02c1 EA010000 		.4byte	.LASF18
 600 02c5 04       		.byte	0x4
 601 02c6 2F       		.byte	0x2f
 602 02c7 11       		.uleb128 0x11
 603 02c8 9B000000 		.4byte	.LASF34
 604 02cc 9B000000 		.4byte	.LASF34
 605 02d0 0F       		.uleb128 0xf
 606 02d1 90000000 		.4byte	.LASF19
 607 02d5 90000000 		.4byte	.LASF19
 608 02d9 05       		.byte	0x5
 609 02da 72       		.byte	0x72
 610 02db 0F       		.uleb128 0xf
 611 02dc 48000000 		.4byte	.LASF20
 612 02e0 48000000 		.4byte	.LASF20
 613 02e4 06       		.byte	0x6
 614 02e5 92       		.byte	0x92
 615 02e6 0F       		.uleb128 0xf
 616 02e7 84000000 		.4byte	.LASF21
 617 02eb 84000000 		.4byte	.LASF21
ARM GAS  C:\Users\jagumiel\AppData\Local\Temp\ccBjJ3OK.s 			page 13


 618 02ef 07       		.byte	0x7
 619 02f0 92       		.byte	0x92
 620 02f1 0F       		.uleb128 0xf
 621 02f2 23000000 		.4byte	.LASF22
 622 02f6 23000000 		.4byte	.LASF22
 623 02fa 08       		.byte	0x8
 624 02fb 92       		.byte	0x92
 625 02fc 0F       		.uleb128 0xf
 626 02fd AD020000 		.4byte	.LASF23
 627 0301 AD020000 		.4byte	.LASF23
 628 0305 09       		.byte	0x9
 629 0306 99       		.byte	0x99
 630 0307 0F       		.uleb128 0xf
 631 0308 85020000 		.4byte	.LASF24
 632 030c 85020000 		.4byte	.LASF24
 633 0310 0A       		.byte	0xa
 634 0311 B2       		.byte	0xb2
 635 0312 0F       		.uleb128 0xf
 636 0313 A9000000 		.4byte	.LASF25
 637 0317 A9000000 		.4byte	.LASF25
 638 031b 09       		.byte	0x9
 639 031c A2       		.byte	0xa2
 640 031d 0F       		.uleb128 0xf
 641 031e 62000000 		.4byte	.LASF26
 642 0322 62000000 		.4byte	.LASF26
 643 0326 09       		.byte	0x9
 644 0327 9F       		.byte	0x9f
 645 0328 0F       		.uleb128 0xf
 646 0329 5C020000 		.4byte	.LASF27
 647 032d 5C020000 		.4byte	.LASF27
 648 0331 0A       		.byte	0xa
 649 0332 DD       		.byte	0xdd
 650 0333 0F       		.uleb128 0xf
 651 0334 00000000 		.4byte	.LASF28
 652 0338 00000000 		.4byte	.LASF28
 653 033c 0B       		.byte	0xb
 654 033d 16       		.byte	0x16
 655 033e 0F       		.uleb128 0xf
 656 033f 01020000 		.4byte	.LASF29
 657 0343 01020000 		.4byte	.LASF29
 658 0347 0A       		.byte	0xa
 659 0348 B6       		.byte	0xb6
 660 0349 00       		.byte	0
 661              		.section	.debug_abbrev,"",%progbits
 662              	.Ldebug_abbrev0:
 663 0000 01       		.uleb128 0x1
 664 0001 11       		.uleb128 0x11
 665 0002 01       		.byte	0x1
 666 0003 25       		.uleb128 0x25
 667 0004 0E       		.uleb128 0xe
 668 0005 13       		.uleb128 0x13
 669 0006 0B       		.uleb128 0xb
 670 0007 03       		.uleb128 0x3
 671 0008 0E       		.uleb128 0xe
 672 0009 1B       		.uleb128 0x1b
 673 000a 0E       		.uleb128 0xe
 674 000b 55       		.uleb128 0x55
ARM GAS  C:\Users\jagumiel\AppData\Local\Temp\ccBjJ3OK.s 			page 14


 675 000c 17       		.uleb128 0x17
 676 000d 11       		.uleb128 0x11
 677 000e 01       		.uleb128 0x1
 678 000f 10       		.uleb128 0x10
 679 0010 17       		.uleb128 0x17
 680 0011 00       		.byte	0
 681 0012 00       		.byte	0
 682 0013 02       		.uleb128 0x2
 683 0014 24       		.uleb128 0x24
 684 0015 00       		.byte	0
 685 0016 0B       		.uleb128 0xb
 686 0017 0B       		.uleb128 0xb
 687 0018 3E       		.uleb128 0x3e
 688 0019 0B       		.uleb128 0xb
 689 001a 03       		.uleb128 0x3
 690 001b 0E       		.uleb128 0xe
 691 001c 00       		.byte	0
 692 001d 00       		.byte	0
 693 001e 03       		.uleb128 0x3
 694 001f 24       		.uleb128 0x24
 695 0020 00       		.byte	0
 696 0021 0B       		.uleb128 0xb
 697 0022 0B       		.uleb128 0xb
 698 0023 3E       		.uleb128 0x3e
 699 0024 0B       		.uleb128 0xb
 700 0025 03       		.uleb128 0x3
 701 0026 08       		.uleb128 0x8
 702 0027 00       		.byte	0
 703 0028 00       		.byte	0
 704 0029 04       		.uleb128 0x4
 705 002a 2E       		.uleb128 0x2e
 706 002b 01       		.byte	0x1
 707 002c 3F       		.uleb128 0x3f
 708 002d 19       		.uleb128 0x19
 709 002e 03       		.uleb128 0x3
 710 002f 0E       		.uleb128 0xe
 711 0030 3A       		.uleb128 0x3a
 712 0031 0B       		.uleb128 0xb
 713 0032 3B       		.uleb128 0x3b
 714 0033 0B       		.uleb128 0xb
 715 0034 27       		.uleb128 0x27
 716 0035 19       		.uleb128 0x19
 717 0036 49       		.uleb128 0x49
 718 0037 13       		.uleb128 0x13
 719 0038 8701     		.uleb128 0x87
 720 003a 19       		.uleb128 0x19
 721 003b 11       		.uleb128 0x11
 722 003c 01       		.uleb128 0x1
 723 003d 12       		.uleb128 0x12
 724 003e 06       		.uleb128 0x6
 725 003f 40       		.uleb128 0x40
 726 0040 18       		.uleb128 0x18
 727 0041 9742     		.uleb128 0x2117
 728 0043 19       		.uleb128 0x19
 729 0044 01       		.uleb128 0x1
 730 0045 13       		.uleb128 0x13
 731 0046 00       		.byte	0
ARM GAS  C:\Users\jagumiel\AppData\Local\Temp\ccBjJ3OK.s 			page 15


 732 0047 00       		.byte	0
 733 0048 05       		.uleb128 0x5
 734 0049 34       		.uleb128 0x34
 735 004a 00       		.byte	0
 736 004b 03       		.uleb128 0x3
 737 004c 0E       		.uleb128 0xe
 738 004d 3A       		.uleb128 0x3a
 739 004e 0B       		.uleb128 0xb
 740 004f 3B       		.uleb128 0x3b
 741 0050 0B       		.uleb128 0xb
 742 0051 49       		.uleb128 0x49
 743 0052 13       		.uleb128 0x13
 744 0053 02       		.uleb128 0x2
 745 0054 18       		.uleb128 0x18
 746 0055 00       		.byte	0
 747 0056 00       		.byte	0
 748 0057 06       		.uleb128 0x6
 749 0058 34       		.uleb128 0x34
 750 0059 00       		.byte	0
 751 005a 03       		.uleb128 0x3
 752 005b 08       		.uleb128 0x8
 753 005c 3A       		.uleb128 0x3a
 754 005d 0B       		.uleb128 0xb
 755 005e 3B       		.uleb128 0x3b
 756 005f 0B       		.uleb128 0xb
 757 0060 49       		.uleb128 0x49
 758 0061 13       		.uleb128 0x13
 759 0062 02       		.uleb128 0x2
 760 0063 18       		.uleb128 0x18
 761 0064 00       		.byte	0
 762 0065 00       		.byte	0
 763 0066 07       		.uleb128 0x7
 764 0067 0B       		.uleb128 0xb
 765 0068 01       		.byte	0x1
 766 0069 55       		.uleb128 0x55
 767 006a 17       		.uleb128 0x17
 768 006b 01       		.uleb128 0x1
 769 006c 13       		.uleb128 0x13
 770 006d 00       		.byte	0
 771 006e 00       		.byte	0
 772 006f 08       		.uleb128 0x8
 773 0070 34       		.uleb128 0x34
 774 0071 00       		.byte	0
 775 0072 03       		.uleb128 0x3
 776 0073 08       		.uleb128 0x8
 777 0074 3A       		.uleb128 0x3a
 778 0075 0B       		.uleb128 0xb
 779 0076 3B       		.uleb128 0x3b
 780 0077 0B       		.uleb128 0xb
 781 0078 49       		.uleb128 0x49
 782 0079 13       		.uleb128 0x13
 783 007a 02       		.uleb128 0x2
 784 007b 17       		.uleb128 0x17
 785 007c 00       		.byte	0
 786 007d 00       		.byte	0
 787 007e 09       		.uleb128 0x9
 788 007f 898201   		.uleb128 0x4109
ARM GAS  C:\Users\jagumiel\AppData\Local\Temp\ccBjJ3OK.s 			page 16


 789 0082 01       		.byte	0x1
 790 0083 11       		.uleb128 0x11
 791 0084 01       		.uleb128 0x1
 792 0085 31       		.uleb128 0x31
 793 0086 13       		.uleb128 0x13
 794 0087 01       		.uleb128 0x1
 795 0088 13       		.uleb128 0x13
 796 0089 00       		.byte	0
 797 008a 00       		.byte	0
 798 008b 0A       		.uleb128 0xa
 799 008c 8A8201   		.uleb128 0x410a
 800 008f 00       		.byte	0
 801 0090 02       		.uleb128 0x2
 802 0091 18       		.uleb128 0x18
 803 0092 9142     		.uleb128 0x2111
 804 0094 18       		.uleb128 0x18
 805 0095 00       		.byte	0
 806 0096 00       		.byte	0
 807 0097 0B       		.uleb128 0xb
 808 0098 898201   		.uleb128 0x4109
 809 009b 01       		.byte	0x1
 810 009c 11       		.uleb128 0x11
 811 009d 01       		.uleb128 0x1
 812 009e 31       		.uleb128 0x31
 813 009f 13       		.uleb128 0x13
 814 00a0 00       		.byte	0
 815 00a1 00       		.byte	0
 816 00a2 0C       		.uleb128 0xc
 817 00a3 898201   		.uleb128 0x4109
 818 00a6 00       		.byte	0
 819 00a7 11       		.uleb128 0x11
 820 00a8 01       		.uleb128 0x1
 821 00a9 31       		.uleb128 0x31
 822 00aa 13       		.uleb128 0x13
 823 00ab 00       		.byte	0
 824 00ac 00       		.byte	0
 825 00ad 0D       		.uleb128 0xd
 826 00ae 01       		.uleb128 0x1
 827 00af 01       		.byte	0x1
 828 00b0 49       		.uleb128 0x49
 829 00b1 13       		.uleb128 0x13
 830 00b2 01       		.uleb128 0x1
 831 00b3 13       		.uleb128 0x13
 832 00b4 00       		.byte	0
 833 00b5 00       		.byte	0
 834 00b6 0E       		.uleb128 0xe
 835 00b7 21       		.uleb128 0x21
 836 00b8 00       		.byte	0
 837 00b9 49       		.uleb128 0x49
 838 00ba 13       		.uleb128 0x13
 839 00bb 2F       		.uleb128 0x2f
 840 00bc 0B       		.uleb128 0xb
 841 00bd 00       		.byte	0
 842 00be 00       		.byte	0
 843 00bf 0F       		.uleb128 0xf
 844 00c0 2E       		.uleb128 0x2e
 845 00c1 00       		.byte	0
ARM GAS  C:\Users\jagumiel\AppData\Local\Temp\ccBjJ3OK.s 			page 17


 846 00c2 3F       		.uleb128 0x3f
 847 00c3 19       		.uleb128 0x19
 848 00c4 3C       		.uleb128 0x3c
 849 00c5 19       		.uleb128 0x19
 850 00c6 6E       		.uleb128 0x6e
 851 00c7 0E       		.uleb128 0xe
 852 00c8 03       		.uleb128 0x3
 853 00c9 0E       		.uleb128 0xe
 854 00ca 3A       		.uleb128 0x3a
 855 00cb 0B       		.uleb128 0xb
 856 00cc 3B       		.uleb128 0x3b
 857 00cd 0B       		.uleb128 0xb
 858 00ce 00       		.byte	0
 859 00cf 00       		.byte	0
 860 00d0 10       		.uleb128 0x10
 861 00d1 2E       		.uleb128 0x2e
 862 00d2 00       		.byte	0
 863 00d3 3F       		.uleb128 0x3f
 864 00d4 19       		.uleb128 0x19
 865 00d5 3C       		.uleb128 0x3c
 866 00d6 19       		.uleb128 0x19
 867 00d7 6E       		.uleb128 0x6e
 868 00d8 0E       		.uleb128 0xe
 869 00d9 03       		.uleb128 0x3
 870 00da 0E       		.uleb128 0xe
 871 00db 3A       		.uleb128 0x3a
 872 00dc 0B       		.uleb128 0xb
 873 00dd 3B       		.uleb128 0x3b
 874 00de 05       		.uleb128 0x5
 875 00df 00       		.byte	0
 876 00e0 00       		.byte	0
 877 00e1 11       		.uleb128 0x11
 878 00e2 2E       		.uleb128 0x2e
 879 00e3 00       		.byte	0
 880 00e4 3F       		.uleb128 0x3f
 881 00e5 19       		.uleb128 0x19
 882 00e6 3C       		.uleb128 0x3c
 883 00e7 19       		.uleb128 0x19
 884 00e8 6E       		.uleb128 0x6e
 885 00e9 0E       		.uleb128 0xe
 886 00ea 03       		.uleb128 0x3
 887 00eb 0E       		.uleb128 0xe
 888 00ec 00       		.byte	0
 889 00ed 00       		.byte	0
 890 00ee 00       		.byte	0
 891              		.section	.debug_loc,"",%progbits
 892              	.Ldebug_loc0:
 893              	.LLST0:
 894 0000 76000000 		.4byte	.LVL16
 895 0004 CA000000 		.4byte	.LVL25
 896 0008 0100     		.2byte	0x1
 897 000a 54       		.byte	0x54
 898 000b CC000000 		.4byte	.LVL26
 899 000f DC000000 		.4byte	.LVL27
 900 0013 0100     		.2byte	0x1
 901 0015 54       		.byte	0x54
 902 0016 00000000 		.4byte	0
ARM GAS  C:\Users\jagumiel\AppData\Local\Temp\ccBjJ3OK.s 			page 18


 903 001a 00000000 		.4byte	0
 904              		.section	.debug_aranges,"",%progbits
 905 0000 1C000000 		.4byte	0x1c
 906 0004 0200     		.2byte	0x2
 907 0006 00000000 		.4byte	.Ldebug_info0
 908 000a 04       		.byte	0x4
 909 000b 00       		.byte	0
 910 000c 0000     		.2byte	0
 911 000e 0000     		.2byte	0
 912 0010 00000000 		.4byte	.LFB33
 913 0014 F0000000 		.4byte	.LFE33-.LFB33
 914 0018 00000000 		.4byte	0
 915 001c 00000000 		.4byte	0
 916              		.section	.debug_ranges,"",%progbits
 917              	.Ldebug_ranges0:
 918 0000 76000000 		.4byte	.LBB2
 919 0004 CA000000 		.4byte	.LBE2
 920 0008 CC000000 		.4byte	.LBB3
 921 000c D0000000 		.4byte	.LBE3
 922 0010 00000000 		.4byte	0
 923 0014 00000000 		.4byte	0
 924 0018 00000000 		.4byte	.LFB33
 925 001c F0000000 		.4byte	.LFE33
 926 0020 00000000 		.4byte	0
 927 0024 00000000 		.4byte	0
 928              		.section	.debug_line,"",%progbits
 929              	.Ldebug_line0:
 930 0000 64010000 		.section	.debug_str,"MS",%progbits,1
 930      02001F01 
 930      00000201 
 930      FB0E0D00 
 930      01010101 
 931              	.LASF28:
 932 0000 6D656D63 		.ascii	"memcmp\000"
 932      6D7000
 933              	.LASF4:
 934 0007 6C6F6E67 		.ascii	"long int\000"
 934      20696E74 
 934      00
 935              	.LASF3:
 936 0010 73686F72 		.ascii	"short unsigned int\000"
 936      7420756E 
 936      7369676E 
 936      65642069 
 936      6E7400
 937              	.LASF22:
 938 0023 50574D5F 		.ascii	"PWM_2_Start\000"
 938      325F5374 
 938      61727400 
 939              	.LASF17:
 940 002f 55415254 		.ascii	"UART_UartPutString\000"
 940      5F556172 
 940      74507574 
 940      53747269 
 940      6E6700
 941              	.LASF9:
 942 0042 666C6F61 		.ascii	"float\000"
ARM GAS  C:\Users\jagumiel\AppData\Local\Temp\ccBjJ3OK.s 			page 19


 942      7400
 943              	.LASF20:
 944 0048 50574D5F 		.ascii	"PWM_0_Start\000"
 944      305F5374 
 944      61727400 
 945              	.LASF1:
 946 0054 756E7369 		.ascii	"unsigned char\000"
 946      676E6564 
 946      20636861 
 946      7200
 947              	.LASF26:
 948 0062 43617053 		.ascii	"CapSense_IsBusy\000"
 948      656E7365 
 948      5F497342 
 948      75737900 
 949              	.LASF5:
 950 0072 6C6F6E67 		.ascii	"long unsigned int\000"
 950      20756E73 
 950      69676E65 
 950      6420696E 
 950      7400
 951              	.LASF21:
 952 0084 50574D5F 		.ascii	"PWM_1_Start\000"
 952      315F5374 
 952      61727400 
 953              	.LASF19:
 954 0090 55415254 		.ascii	"UART_Start\000"
 954      5F537461 
 954      727400
 955              	.LASF34:
 956 009b 6D656D73 		.ascii	"memset\000"
 956      657400
 957              	.LASF10:
 958 00a2 646F7562 		.ascii	"double\000"
 958      6C6500
 959              	.LASF25:
 960 00a9 43617053 		.ascii	"CapSense_ScanEnabledWidgets\000"
 960      656E7365 
 960      5F536361 
 960      6E456E61 
 960      626C6564 
 961              	.LASF15:
 962 00c5 62757474 		.ascii	"buttonsLastVal\000"
 962      6F6E734C 
 962      61737456 
 962      616C00
 963              	.LASF33:
 964 00d4 6D61696E 		.ascii	"main\000"
 964      00
 965              	.LASF8:
 966 00d9 756E7369 		.ascii	"unsigned int\000"
 966      676E6564 
 966      20696E74 
 966      00
 967              	.LASF32:
 968 00e6 443A5C55 		.ascii	"D:\\Users\\jagumiel\\Documents\\PSoC Creator\\PSoC-"
 968      73657273 
ARM GAS  C:\Users\jagumiel\AppData\Local\Temp\ccBjJ3OK.s 			page 20


 968      5C6A6167 
 968      756D6965 
 968      6C5C446F 
 969 0114 3130315C 		.ascii	"101\\PSoC-101\\TrainingProjects\\Analog_Alarm.cydsn"
 969      50536F43 
 969      2D313031 
 969      5C547261 
 969      696E696E 
 970 0144 00       		.ascii	"\000"
 971              	.LASF7:
 972 0145 6C6F6E67 		.ascii	"long long unsigned int\000"
 972      206C6F6E 
 972      6720756E 
 972      7369676E 
 972      65642069 
 973              	.LASF30:
 974 015c 474E5520 		.ascii	"GNU C11 5.4.1 20160609 (release) [ARM/embedded-5-br"
 974      43313120 
 974      352E342E 
 974      31203230 
 974      31363036 
 975 018f 616E6368 		.ascii	"anch revision 237715] -mcpu=cortex-m0 -mthumb -g -O"
 975      20726576 
 975      6973696F 
 975      6E203233 
 975      37373135 
 976 01c2 67202D66 		.ascii	"g -ffunction-sections -ffat-lto-objects\000"
 976      66756E63 
 976      74696F6E 
 976      2D736563 
 976      74696F6E 
 977              	.LASF18:
 978 01ea 436F6E74 		.ascii	"Control_Write\000"
 978      726F6C5F 
 978      57726974 
 978      6500
 979              	.LASF13:
 980 01f8 73697A65 		.ascii	"sizetype\000"
 980      74797065 
 980      00
 981              	.LASF29:
 982 0201 43617053 		.ascii	"CapSense_UpdateEnabledBaselines\000"
 982      656E7365 
 982      5F557064 
 982      61746545 
 982      6E61626C 
 983              	.LASF6:
 984 0221 6C6F6E67 		.ascii	"long long int\000"
 984      206C6F6E 
 984      6720696E 
 984      7400
 985              	.LASF31:
 986 022f 6D61696E 		.ascii	"main.c\000"
 986      2E6300
 987              	.LASF11:
 988 0236 63686172 		.ascii	"char\000"
 988      00
ARM GAS  C:\Users\jagumiel\AppData\Local\Temp\ccBjJ3OK.s 			page 21


 989              	.LASF2:
 990 023b 73686F72 		.ascii	"short int\000"
 990      7420696E 
 990      7400
 991              	.LASF14:
 992 0245 62757474 		.ascii	"buttonsVal\000"
 992      6F6E7356 
 992      616C00
 993              	.LASF12:
 994 0250 6C6F6E67 		.ascii	"long double\000"
 994      20646F75 
 994      626C6500 
 995              	.LASF27:
 996 025c 43617053 		.ascii	"CapSense_CheckIsWidgetActive\000"
 996      656E7365 
 996      5F436865 
 996      636B4973 
 996      57696467 
 997              	.LASF0:
 998 0279 7369676E 		.ascii	"signed char\000"
 998      65642063 
 998      68617200 
 999              	.LASF24:
 1000 0285 43617053 		.ascii	"CapSense_InitializeAllBaselines\000"
 1000      656E7365 
 1000      5F496E69 
 1000      7469616C 
 1000      697A6541 
 1001              	.LASF16:
 1002 02a5 73707269 		.ascii	"sprintf\000"
 1002      6E746600 
 1003              	.LASF23:
 1004 02ad 43617053 		.ascii	"CapSense_Start\000"
 1004      656E7365 
 1004      5F537461 
 1004      727400
 1005              		.ident	"GCC: (GNU Tools for ARM Embedded Processors) 5.4.1 20160609 (release) [ARM/embedded-5-bran
