ARM GAS  C:\Users\jagumiel\AppData\Local\Temp\ccK3Eo54.s 			page 1


   1              		.syntax unified
   2              		.cpu cortex-m0
   3              		.fpu softvfp
   4              		.eabi_attribute 20, 1
   5              		.eabi_attribute 21, 1
   6              		.eabi_attribute 23, 3
   7              		.eabi_attribute 24, 1
   8              		.eabi_attribute 25, 1
   9              		.eabi_attribute 26, 1
  10              		.eabi_attribute 30, 1
  11              		.eabi_attribute 34, 0
  12              		.eabi_attribute 18, 4
  13              		.thumb
  14              		.syntax unified
  15              		.file	"main.c"
  16              		.text
  17              	.Ltext0:
  18              		.cfi_sections	.debug_frame
  19              		.section	.text.main,"ax",%progbits
  20              		.align	2
  21              		.global	main
  22              		.code	16
  23              		.thumb_func
  24              		.type	main, %function
  25              	main:
  26              	.LFB32:
  27              		.file 1 "main.c"
   1:main.c        **** /* ========================================
   2:main.c        ****  *
   3:main.c        ****  * The led dimmes depending on how long
   4:main.c        ****  * the switch it has been pressed.
   5:main.c        ****  * Faster means brighter.
   6:main.c        ****  *
   7:main.c        ****  * ========================================
   8:main.c        **** */
   9:main.c        **** #include "project.h"
  10:main.c        **** 
  11:main.c        **** 
  12:main.c        **** int main(void)
  13:main.c        **** {
  28              		.loc 1 13 0
  29              		.cfi_startproc
  30              		@ args = 0, pretend = 0, frame = 8
  31              		@ frame_needed = 0, uses_anonymous_args = 0
  32 0000 10B5     		push	{r4, lr}
  33              		.cfi_def_cfa_offset 8
  34              		.cfi_offset 4, -8
  35              		.cfi_offset 14, -4
  36 0002 82B0     		sub	sp, sp, #8
  37              		.cfi_def_cfa_offset 16
  38              	.LVL0:
  14:main.c        ****     uint8 compare=0;
  15:main.c        ****     uint8 i2cbuf[1];
  16:main.c        ****     i2cbuf[0]=0;
  39              		.loc 1 16 0
  40 0004 01AC     		add	r4, sp, #4
  41 0006 0023     		movs	r3, #0
ARM GAS  C:\Users\jagumiel\AppData\Local\Temp\ccK3Eo54.s 			page 2


  42 0008 2370     		strb	r3, [r4]
  17:main.c        ****     CyGlobalIntEnable; /* Enable global interrupts. */
  43              		.loc 1 17 0
  44              		.syntax divided
  45              	@ 17 "main.c" 1
  46 000a 62B6     		CPSIE   i
  47              	@ 0 "" 2
  18:main.c        ****     
  19:main.c        ****     PWM_Start();
  48              		.loc 1 19 0
  49              		.thumb
  50              		.syntax unified
  51 000c FFF7FEFF 		bl	PWM_Start
  52              	.LVL1:
  20:main.c        ****     I2C_Start();
  53              		.loc 1 20 0
  54 0010 FFF7FEFF 		bl	I2C_Start
  55              	.LVL2:
  21:main.c        ****     I2C_EzI2CSetBuffer(1,1, i2cbuf);
  56              		.loc 1 21 0
  57 0014 2200     		movs	r2, r4
  58 0016 0121     		movs	r1, #1
  59 0018 0120     		movs	r0, #1
  60 001a FFF7FEFF 		bl	I2C_EzI2CSetBuffer
  61              	.LVL3:
  14:main.c        ****     uint8 i2cbuf[1];
  62              		.loc 1 14 0
  63 001e 0022     		movs	r2, #0
  64              	.LVL4:
  65              	.L2:
  22:main.c        **** 
  23:main.c        ****     for(;;)
  24:main.c        ****     {
  25:main.c        ****         if(compare != i2cbuf[0]){
  66              		.loc 1 25 0
  67 0020 01AB     		add	r3, sp, #4
  68 0022 1C78     		ldrb	r4, [r3]
  69 0024 A242     		cmp	r2, r4
  70 0026 FBD0     		beq	.L2
  71              	.LVL5:
  26:main.c        ****             compare=i2cbuf[0];
  27:main.c        ****             PWM_WriteCompare(compare);
  72              		.loc 1 27 0
  73 0028 2000     		movs	r0, r4
  74 002a FFF7FEFF 		bl	PWM_WriteCompare
  75              	.LVL6:
  26:main.c        ****             compare=i2cbuf[0];
  76              		.loc 1 26 0
  77 002e 2200     		movs	r2, r4
  78 0030 F6E7     		b	.L2
  79              		.cfi_endproc
  80              	.LFE32:
  81              		.size	main, .-main
  82 0032 C046     		.text
  83              	.Letext0:
  84              		.file 2 "Generated_Source\\PSoC4/PWM.h"
  85              		.file 3 "Generated_Source\\PSoC4/I2C.h"
ARM GAS  C:\Users\jagumiel\AppData\Local\Temp\ccK3Eo54.s 			page 3


  86              		.file 4 "Generated_Source\\PSoC4/cytypes.h"
  87              		.section	.debug_info,"",%progbits
  88              	.Ldebug_info0:
  89 0000 5D010000 		.4byte	0x15d
  90 0004 0400     		.2byte	0x4
  91 0006 00000000 		.4byte	.Ldebug_abbrev0
  92 000a 04       		.byte	0x4
  93 000b 01       		.uleb128 0x1
  94 000c FF000000 		.4byte	.LASF20
  95 0010 0C       		.byte	0xc
  96 0011 25000000 		.4byte	.LASF21
  97 0015 79000000 		.4byte	.LASF22
  98 0019 00000000 		.4byte	.Ldebug_ranges0+0
  99 001d 00000000 		.4byte	0
 100 0021 00000000 		.4byte	.Ldebug_line0
 101 0025 02       		.uleb128 0x2
 102 0026 01       		.byte	0x1
 103 0027 06       		.byte	0x6
 104 0028 A0010000 		.4byte	.LASF0
 105 002c 02       		.uleb128 0x2
 106 002d 01       		.byte	0x1
 107 002e 08       		.byte	0x8
 108 002f CD000000 		.4byte	.LASF1
 109 0033 02       		.uleb128 0x2
 110 0034 02       		.byte	0x2
 111 0035 05       		.byte	0x5
 112 0036 B8010000 		.4byte	.LASF2
 113 003a 02       		.uleb128 0x2
 114 003b 02       		.byte	0x2
 115 003c 07       		.byte	0x7
 116 003d 8D010000 		.4byte	.LASF3
 117 0041 02       		.uleb128 0x2
 118 0042 04       		.byte	0x4
 119 0043 05       		.byte	0x5
 120 0044 E0000000 		.4byte	.LASF4
 121 0048 02       		.uleb128 0x2
 122 0049 04       		.byte	0x4
 123 004a 07       		.byte	0x7
 124 004b 37000000 		.4byte	.LASF5
 125 004f 02       		.uleb128 0x2
 126 0050 08       		.byte	0x8
 127 0051 05       		.byte	0x5
 128 0052 00000000 		.4byte	.LASF6
 129 0056 02       		.uleb128 0x2
 130 0057 08       		.byte	0x8
 131 0058 07       		.byte	0x7
 132 0059 49000000 		.4byte	.LASF7
 133 005d 03       		.uleb128 0x3
 134 005e 04       		.byte	0x4
 135 005f 05       		.byte	0x5
 136 0060 696E7400 		.ascii	"int\000"
 137 0064 02       		.uleb128 0x2
 138 0065 04       		.byte	0x4
 139 0066 07       		.byte	0x7
 140 0067 18000000 		.4byte	.LASF8
 141 006b 04       		.uleb128 0x4
 142 006c 31000000 		.4byte	.LASF23
ARM GAS  C:\Users\jagumiel\AppData\Local\Temp\ccK3Eo54.s 			page 4


 143 0070 04       		.byte	0x4
 144 0071 E401     		.2byte	0x1e4
 145 0073 2C000000 		.4byte	0x2c
 146 0077 02       		.uleb128 0x2
 147 0078 04       		.byte	0x4
 148 0079 04       		.byte	0x4
 149 007a 73000000 		.4byte	.LASF9
 150 007e 02       		.uleb128 0x2
 151 007f 08       		.byte	0x8
 152 0080 04       		.byte	0x4
 153 0081 E9000000 		.4byte	.LASF10
 154 0085 02       		.uleb128 0x2
 155 0086 01       		.byte	0x1
 156 0087 08       		.byte	0x8
 157 0088 DB000000 		.4byte	.LASF11
 158 008c 02       		.uleb128 0x2
 159 008d 08       		.byte	0x8
 160 008e 04       		.byte	0x4
 161 008f AC010000 		.4byte	.LASF12
 162 0093 02       		.uleb128 0x2
 163 0094 04       		.byte	0x4
 164 0095 07       		.byte	0x7
 165 0096 D3010000 		.4byte	.LASF13
 166 009a 05       		.uleb128 0x5
 167 009b 2C000000 		.4byte	.LASF24
 168 009f 01       		.byte	0x1
 169 00a0 0C       		.byte	0xc
 170 00a1 5D000000 		.4byte	0x5d
 171 00a5 00000000 		.4byte	.LFB32
 172 00a9 32000000 		.4byte	.LFE32-.LFB32
 173 00ad 01       		.uleb128 0x1
 174 00ae 9C       		.byte	0x9c
 175 00af 22010000 		.4byte	0x122
 176 00b3 06       		.uleb128 0x6
 177 00b4 F0000000 		.4byte	.LASF14
 178 00b8 01       		.byte	0x1
 179 00b9 0E       		.byte	0xe
 180 00ba 6B000000 		.4byte	0x6b
 181 00be 00000000 		.4byte	.LLST0
 182 00c2 07       		.uleb128 0x7
 183 00c3 F8000000 		.4byte	.LASF15
 184 00c7 01       		.byte	0x1
 185 00c8 0F       		.byte	0xf
 186 00c9 22010000 		.4byte	0x122
 187 00cd 02       		.uleb128 0x2
 188 00ce 91       		.byte	0x91
 189 00cf 74       		.sleb128 -12
 190 00d0 08       		.uleb128 0x8
 191 00d1 60000000 		.4byte	.LASF18
 192 00d5 01       		.byte	0x1
 193 00d6 15       		.byte	0x15
 194 00d7 5D000000 		.4byte	0x5d
 195 00db E1000000 		.4byte	0xe1
 196 00df 09       		.uleb128 0x9
 197 00e0 00       		.byte	0
 198 00e1 0A       		.uleb128 0xa
 199 00e2 10000000 		.4byte	.LVL1
ARM GAS  C:\Users\jagumiel\AppData\Local\Temp\ccK3Eo54.s 			page 5


 200 00e6 32010000 		.4byte	0x132
 201 00ea 0A       		.uleb128 0xa
 202 00eb 14000000 		.4byte	.LVL2
 203 00ef 3E010000 		.4byte	0x13e
 204 00f3 0B       		.uleb128 0xb
 205 00f4 1E000000 		.4byte	.LVL3
 206 00f8 49010000 		.4byte	0x149
 207 00fc 11010000 		.4byte	0x111
 208 0100 0C       		.uleb128 0xc
 209 0101 01       		.uleb128 0x1
 210 0102 50       		.byte	0x50
 211 0103 01       		.uleb128 0x1
 212 0104 31       		.byte	0x31
 213 0105 0C       		.uleb128 0xc
 214 0106 01       		.uleb128 0x1
 215 0107 51       		.byte	0x51
 216 0108 01       		.uleb128 0x1
 217 0109 31       		.byte	0x31
 218 010a 0C       		.uleb128 0xc
 219 010b 01       		.uleb128 0x1
 220 010c 52       		.byte	0x52
 221 010d 02       		.uleb128 0x2
 222 010e 74       		.byte	0x74
 223 010f 00       		.sleb128 0
 224 0110 00       		.byte	0
 225 0111 0D       		.uleb128 0xd
 226 0112 2E000000 		.4byte	.LVL6
 227 0116 54010000 		.4byte	0x154
 228 011a 0C       		.uleb128 0xc
 229 011b 01       		.uleb128 0x1
 230 011c 50       		.byte	0x50
 231 011d 02       		.uleb128 0x2
 232 011e 74       		.byte	0x74
 233 011f 00       		.sleb128 0
 234 0120 00       		.byte	0
 235 0121 00       		.byte	0
 236 0122 0E       		.uleb128 0xe
 237 0123 6B000000 		.4byte	0x6b
 238 0127 32010000 		.4byte	0x132
 239 012b 0F       		.uleb128 0xf
 240 012c 93000000 		.4byte	0x93
 241 0130 00       		.byte	0
 242 0131 00       		.byte	0
 243 0132 10       		.uleb128 0x10
 244 0133 C3000000 		.4byte	.LASF16
 245 0137 C3000000 		.4byte	.LASF16
 246 013b 02       		.byte	0x2
 247 013c 3201     		.2byte	0x132
 248 013e 11       		.uleb128 0x11
 249 013f 0E000000 		.4byte	.LASF17
 250 0143 0E000000 		.4byte	.LASF17
 251 0147 03       		.byte	0x3
 252 0148 72       		.byte	0x72
 253 0149 11       		.uleb128 0x11
 254 014a 60000000 		.4byte	.LASF18
 255 014e 60000000 		.4byte	.LASF18
 256 0152 01       		.byte	0x1
ARM GAS  C:\Users\jagumiel\AppData\Local\Temp\ccK3Eo54.s 			page 6


 257 0153 15       		.byte	0x15
 258 0154 10       		.uleb128 0x10
 259 0155 C2010000 		.4byte	.LASF19
 260 0159 C2010000 		.4byte	.LASF19
 261 015d 02       		.byte	0x2
 262 015e 5501     		.2byte	0x155
 263 0160 00       		.byte	0
 264              		.section	.debug_abbrev,"",%progbits
 265              	.Ldebug_abbrev0:
 266 0000 01       		.uleb128 0x1
 267 0001 11       		.uleb128 0x11
 268 0002 01       		.byte	0x1
 269 0003 25       		.uleb128 0x25
 270 0004 0E       		.uleb128 0xe
 271 0005 13       		.uleb128 0x13
 272 0006 0B       		.uleb128 0xb
 273 0007 03       		.uleb128 0x3
 274 0008 0E       		.uleb128 0xe
 275 0009 1B       		.uleb128 0x1b
 276 000a 0E       		.uleb128 0xe
 277 000b 55       		.uleb128 0x55
 278 000c 17       		.uleb128 0x17
 279 000d 11       		.uleb128 0x11
 280 000e 01       		.uleb128 0x1
 281 000f 10       		.uleb128 0x10
 282 0010 17       		.uleb128 0x17
 283 0011 00       		.byte	0
 284 0012 00       		.byte	0
 285 0013 02       		.uleb128 0x2
 286 0014 24       		.uleb128 0x24
 287 0015 00       		.byte	0
 288 0016 0B       		.uleb128 0xb
 289 0017 0B       		.uleb128 0xb
 290 0018 3E       		.uleb128 0x3e
 291 0019 0B       		.uleb128 0xb
 292 001a 03       		.uleb128 0x3
 293 001b 0E       		.uleb128 0xe
 294 001c 00       		.byte	0
 295 001d 00       		.byte	0
 296 001e 03       		.uleb128 0x3
 297 001f 24       		.uleb128 0x24
 298 0020 00       		.byte	0
 299 0021 0B       		.uleb128 0xb
 300 0022 0B       		.uleb128 0xb
 301 0023 3E       		.uleb128 0x3e
 302 0024 0B       		.uleb128 0xb
 303 0025 03       		.uleb128 0x3
 304 0026 08       		.uleb128 0x8
 305 0027 00       		.byte	0
 306 0028 00       		.byte	0
 307 0029 04       		.uleb128 0x4
 308 002a 16       		.uleb128 0x16
 309 002b 00       		.byte	0
 310 002c 03       		.uleb128 0x3
 311 002d 0E       		.uleb128 0xe
 312 002e 3A       		.uleb128 0x3a
 313 002f 0B       		.uleb128 0xb
ARM GAS  C:\Users\jagumiel\AppData\Local\Temp\ccK3Eo54.s 			page 7


 314 0030 3B       		.uleb128 0x3b
 315 0031 05       		.uleb128 0x5
 316 0032 49       		.uleb128 0x49
 317 0033 13       		.uleb128 0x13
 318 0034 00       		.byte	0
 319 0035 00       		.byte	0
 320 0036 05       		.uleb128 0x5
 321 0037 2E       		.uleb128 0x2e
 322 0038 01       		.byte	0x1
 323 0039 3F       		.uleb128 0x3f
 324 003a 19       		.uleb128 0x19
 325 003b 03       		.uleb128 0x3
 326 003c 0E       		.uleb128 0xe
 327 003d 3A       		.uleb128 0x3a
 328 003e 0B       		.uleb128 0xb
 329 003f 3B       		.uleb128 0x3b
 330 0040 0B       		.uleb128 0xb
 331 0041 27       		.uleb128 0x27
 332 0042 19       		.uleb128 0x19
 333 0043 49       		.uleb128 0x49
 334 0044 13       		.uleb128 0x13
 335 0045 8701     		.uleb128 0x87
 336 0047 19       		.uleb128 0x19
 337 0048 11       		.uleb128 0x11
 338 0049 01       		.uleb128 0x1
 339 004a 12       		.uleb128 0x12
 340 004b 06       		.uleb128 0x6
 341 004c 40       		.uleb128 0x40
 342 004d 18       		.uleb128 0x18
 343 004e 9742     		.uleb128 0x2117
 344 0050 19       		.uleb128 0x19
 345 0051 01       		.uleb128 0x1
 346 0052 13       		.uleb128 0x13
 347 0053 00       		.byte	0
 348 0054 00       		.byte	0
 349 0055 06       		.uleb128 0x6
 350 0056 34       		.uleb128 0x34
 351 0057 00       		.byte	0
 352 0058 03       		.uleb128 0x3
 353 0059 0E       		.uleb128 0xe
 354 005a 3A       		.uleb128 0x3a
 355 005b 0B       		.uleb128 0xb
 356 005c 3B       		.uleb128 0x3b
 357 005d 0B       		.uleb128 0xb
 358 005e 49       		.uleb128 0x49
 359 005f 13       		.uleb128 0x13
 360 0060 02       		.uleb128 0x2
 361 0061 17       		.uleb128 0x17
 362 0062 00       		.byte	0
 363 0063 00       		.byte	0
 364 0064 07       		.uleb128 0x7
 365 0065 34       		.uleb128 0x34
 366 0066 00       		.byte	0
 367 0067 03       		.uleb128 0x3
 368 0068 0E       		.uleb128 0xe
 369 0069 3A       		.uleb128 0x3a
 370 006a 0B       		.uleb128 0xb
ARM GAS  C:\Users\jagumiel\AppData\Local\Temp\ccK3Eo54.s 			page 8


 371 006b 3B       		.uleb128 0x3b
 372 006c 0B       		.uleb128 0xb
 373 006d 49       		.uleb128 0x49
 374 006e 13       		.uleb128 0x13
 375 006f 02       		.uleb128 0x2
 376 0070 18       		.uleb128 0x18
 377 0071 00       		.byte	0
 378 0072 00       		.byte	0
 379 0073 08       		.uleb128 0x8
 380 0074 2E       		.uleb128 0x2e
 381 0075 01       		.byte	0x1
 382 0076 3F       		.uleb128 0x3f
 383 0077 19       		.uleb128 0x19
 384 0078 03       		.uleb128 0x3
 385 0079 0E       		.uleb128 0xe
 386 007a 3A       		.uleb128 0x3a
 387 007b 0B       		.uleb128 0xb
 388 007c 3B       		.uleb128 0x3b
 389 007d 0B       		.uleb128 0xb
 390 007e 49       		.uleb128 0x49
 391 007f 13       		.uleb128 0x13
 392 0080 3C       		.uleb128 0x3c
 393 0081 19       		.uleb128 0x19
 394 0082 01       		.uleb128 0x1
 395 0083 13       		.uleb128 0x13
 396 0084 00       		.byte	0
 397 0085 00       		.byte	0
 398 0086 09       		.uleb128 0x9
 399 0087 18       		.uleb128 0x18
 400 0088 00       		.byte	0
 401 0089 00       		.byte	0
 402 008a 00       		.byte	0
 403 008b 0A       		.uleb128 0xa
 404 008c 898201   		.uleb128 0x4109
 405 008f 00       		.byte	0
 406 0090 11       		.uleb128 0x11
 407 0091 01       		.uleb128 0x1
 408 0092 31       		.uleb128 0x31
 409 0093 13       		.uleb128 0x13
 410 0094 00       		.byte	0
 411 0095 00       		.byte	0
 412 0096 0B       		.uleb128 0xb
 413 0097 898201   		.uleb128 0x4109
 414 009a 01       		.byte	0x1
 415 009b 11       		.uleb128 0x11
 416 009c 01       		.uleb128 0x1
 417 009d 31       		.uleb128 0x31
 418 009e 13       		.uleb128 0x13
 419 009f 01       		.uleb128 0x1
 420 00a0 13       		.uleb128 0x13
 421 00a1 00       		.byte	0
 422 00a2 00       		.byte	0
 423 00a3 0C       		.uleb128 0xc
 424 00a4 8A8201   		.uleb128 0x410a
 425 00a7 00       		.byte	0
 426 00a8 02       		.uleb128 0x2
 427 00a9 18       		.uleb128 0x18
ARM GAS  C:\Users\jagumiel\AppData\Local\Temp\ccK3Eo54.s 			page 9


 428 00aa 9142     		.uleb128 0x2111
 429 00ac 18       		.uleb128 0x18
 430 00ad 00       		.byte	0
 431 00ae 00       		.byte	0
 432 00af 0D       		.uleb128 0xd
 433 00b0 898201   		.uleb128 0x4109
 434 00b3 01       		.byte	0x1
 435 00b4 11       		.uleb128 0x11
 436 00b5 01       		.uleb128 0x1
 437 00b6 31       		.uleb128 0x31
 438 00b7 13       		.uleb128 0x13
 439 00b8 00       		.byte	0
 440 00b9 00       		.byte	0
 441 00ba 0E       		.uleb128 0xe
 442 00bb 01       		.uleb128 0x1
 443 00bc 01       		.byte	0x1
 444 00bd 49       		.uleb128 0x49
 445 00be 13       		.uleb128 0x13
 446 00bf 01       		.uleb128 0x1
 447 00c0 13       		.uleb128 0x13
 448 00c1 00       		.byte	0
 449 00c2 00       		.byte	0
 450 00c3 0F       		.uleb128 0xf
 451 00c4 21       		.uleb128 0x21
 452 00c5 00       		.byte	0
 453 00c6 49       		.uleb128 0x49
 454 00c7 13       		.uleb128 0x13
 455 00c8 2F       		.uleb128 0x2f
 456 00c9 0B       		.uleb128 0xb
 457 00ca 00       		.byte	0
 458 00cb 00       		.byte	0
 459 00cc 10       		.uleb128 0x10
 460 00cd 2E       		.uleb128 0x2e
 461 00ce 00       		.byte	0
 462 00cf 3F       		.uleb128 0x3f
 463 00d0 19       		.uleb128 0x19
 464 00d1 3C       		.uleb128 0x3c
 465 00d2 19       		.uleb128 0x19
 466 00d3 6E       		.uleb128 0x6e
 467 00d4 0E       		.uleb128 0xe
 468 00d5 03       		.uleb128 0x3
 469 00d6 0E       		.uleb128 0xe
 470 00d7 3A       		.uleb128 0x3a
 471 00d8 0B       		.uleb128 0xb
 472 00d9 3B       		.uleb128 0x3b
 473 00da 05       		.uleb128 0x5
 474 00db 00       		.byte	0
 475 00dc 00       		.byte	0
 476 00dd 11       		.uleb128 0x11
 477 00de 2E       		.uleb128 0x2e
 478 00df 00       		.byte	0
 479 00e0 3F       		.uleb128 0x3f
 480 00e1 19       		.uleb128 0x19
 481 00e2 3C       		.uleb128 0x3c
 482 00e3 19       		.uleb128 0x19
 483 00e4 6E       		.uleb128 0x6e
 484 00e5 0E       		.uleb128 0xe
ARM GAS  C:\Users\jagumiel\AppData\Local\Temp\ccK3Eo54.s 			page 10


 485 00e6 03       		.uleb128 0x3
 486 00e7 0E       		.uleb128 0xe
 487 00e8 3A       		.uleb128 0x3a
 488 00e9 0B       		.uleb128 0xb
 489 00ea 3B       		.uleb128 0x3b
 490 00eb 0B       		.uleb128 0xb
 491 00ec 00       		.byte	0
 492 00ed 00       		.byte	0
 493 00ee 00       		.byte	0
 494              		.section	.debug_loc,"",%progbits
 495              	.Ldebug_loc0:
 496              	.LLST0:
 497 0000 04000000 		.4byte	.LVL0
 498 0004 20000000 		.4byte	.LVL4
 499 0008 0200     		.2byte	0x2
 500 000a 30       		.byte	0x30
 501 000b 9F       		.byte	0x9f
 502 000c 20000000 		.4byte	.LVL4
 503 0010 28000000 		.4byte	.LVL5
 504 0014 0100     		.2byte	0x1
 505 0016 52       		.byte	0x52
 506 0017 28000000 		.4byte	.LVL5
 507 001b 32000000 		.4byte	.LFE32
 508 001f 0100     		.2byte	0x1
 509 0021 54       		.byte	0x54
 510 0022 00000000 		.4byte	0
 511 0026 00000000 		.4byte	0
 512              		.section	.debug_aranges,"",%progbits
 513 0000 1C000000 		.4byte	0x1c
 514 0004 0200     		.2byte	0x2
 515 0006 00000000 		.4byte	.Ldebug_info0
 516 000a 04       		.byte	0x4
 517 000b 00       		.byte	0
 518 000c 0000     		.2byte	0
 519 000e 0000     		.2byte	0
 520 0010 00000000 		.4byte	.LFB32
 521 0014 32000000 		.4byte	.LFE32-.LFB32
 522 0018 00000000 		.4byte	0
 523 001c 00000000 		.4byte	0
 524              		.section	.debug_ranges,"",%progbits
 525              	.Ldebug_ranges0:
 526 0000 00000000 		.4byte	.LFB32
 527 0004 32000000 		.4byte	.LFE32
 528 0008 00000000 		.4byte	0
 529 000c 00000000 		.4byte	0
 530              		.section	.debug_line,"",%progbits
 531              	.Ldebug_line0:
 532 0000 75000000 		.section	.debug_str,"MS",%progbits,1
 532      02005300 
 532      00000201 
 532      FB0E0D00 
 532      01010101 
 533              	.LASF6:
 534 0000 6C6F6E67 		.ascii	"long long int\000"
 534      206C6F6E 
 534      6720696E 
 534      7400
ARM GAS  C:\Users\jagumiel\AppData\Local\Temp\ccK3Eo54.s 			page 11


 535              	.LASF17:
 536 000e 4932435F 		.ascii	"I2C_Start\000"
 536      53746172 
 536      7400
 537              	.LASF8:
 538 0018 756E7369 		.ascii	"unsigned int\000"
 538      676E6564 
 538      20696E74 
 538      00
 539              	.LASF21:
 540 0025 6D61696E 		.ascii	"main.c\000"
 540      2E6300
 541              	.LASF24:
 542 002c 6D61696E 		.ascii	"main\000"
 542      00
 543              	.LASF23:
 544 0031 75696E74 		.ascii	"uint8\000"
 544      3800
 545              	.LASF5:
 546 0037 6C6F6E67 		.ascii	"long unsigned int\000"
 546      20756E73 
 546      69676E65 
 546      6420696E 
 546      7400
 547              	.LASF7:
 548 0049 6C6F6E67 		.ascii	"long long unsigned int\000"
 548      206C6F6E 
 548      6720756E 
 548      7369676E 
 548      65642069 
 549              	.LASF18:
 550 0060 4932435F 		.ascii	"I2C_EzI2CSetBuffer\000"
 550      457A4932 
 550      43536574 
 550      42756666 
 550      657200
 551              	.LASF9:
 552 0073 666C6F61 		.ascii	"float\000"
 552      7400
 553              	.LASF22:
 554 0079 443A5C55 		.ascii	"D:\\Users\\jagumiel\\Documents\\PSoC Creator\\PSoC-"
 554      73657273 
 554      5C6A6167 
 554      756D6965 
 554      6C5C446F 
 555 00a7 3130315C 		.ascii	"101\\PSoC-101\\Lesson10.cydsn\000"
 555      50536F43 
 555      2D313031 
 555      5C4C6573 
 555      736F6E31 
 556              	.LASF16:
 557 00c3 50574D5F 		.ascii	"PWM_Start\000"
 557      53746172 
 557      7400
 558              	.LASF1:
 559 00cd 756E7369 		.ascii	"unsigned char\000"
 559      676E6564 
ARM GAS  C:\Users\jagumiel\AppData\Local\Temp\ccK3Eo54.s 			page 12


 559      20636861 
 559      7200
 560              	.LASF11:
 561 00db 63686172 		.ascii	"char\000"
 561      00
 562              	.LASF4:
 563 00e0 6C6F6E67 		.ascii	"long int\000"
 563      20696E74 
 563      00
 564              	.LASF10:
 565 00e9 646F7562 		.ascii	"double\000"
 565      6C6500
 566              	.LASF14:
 567 00f0 636F6D70 		.ascii	"compare\000"
 567      61726500 
 568              	.LASF15:
 569 00f8 69326362 		.ascii	"i2cbuf\000"
 569      756600
 570              	.LASF20:
 571 00ff 474E5520 		.ascii	"GNU C11 5.4.1 20160609 (release) [ARM/embedded-5-br"
 571      43313120 
 571      352E342E 
 571      31203230 
 571      31363036 
 572 0132 616E6368 		.ascii	"anch revision 237715] -mcpu=cortex-m0 -mthumb -g -O"
 572      20726576 
 572      6973696F 
 572      6E203233 
 572      37373135 
 573 0165 67202D66 		.ascii	"g -ffunction-sections -ffat-lto-objects\000"
 573      66756E63 
 573      74696F6E 
 573      2D736563 
 573      74696F6E 
 574              	.LASF3:
 575 018d 73686F72 		.ascii	"short unsigned int\000"
 575      7420756E 
 575      7369676E 
 575      65642069 
 575      6E7400
 576              	.LASF0:
 577 01a0 7369676E 		.ascii	"signed char\000"
 577      65642063 
 577      68617200 
 578              	.LASF12:
 579 01ac 6C6F6E67 		.ascii	"long double\000"
 579      20646F75 
 579      626C6500 
 580              	.LASF2:
 581 01b8 73686F72 		.ascii	"short int\000"
 581      7420696E 
 581      7400
 582              	.LASF19:
 583 01c2 50574D5F 		.ascii	"PWM_WriteCompare\000"
 583      57726974 
 583      65436F6D 
 583      70617265 
ARM GAS  C:\Users\jagumiel\AppData\Local\Temp\ccK3Eo54.s 			page 13


 583      00
 584              	.LASF13:
 585 01d3 73697A65 		.ascii	"sizetype\000"
 585      74797065 
 585      00
 586              		.ident	"GCC: (GNU Tools for ARM Embedded Processors) 5.4.1 20160609 (release) [ARM/embedded-5-bran
