ARM GAS  C:\Users\jagumiel\AppData\Local\Temp\ccOfRpw8.s 			page 1


   1              		.syntax unified
   2              		.cpu cortex-m0
   3              		.fpu softvfp
   4              		.eabi_attribute 20, 1
   5              		.eabi_attribute 21, 1
   6              		.eabi_attribute 23, 3
   7              		.eabi_attribute 24, 1
   8              		.eabi_attribute 25, 1
   9              		.eabi_attribute 26, 1
  10              		.eabi_attribute 30, 1
  11              		.eabi_attribute 34, 0
  12              		.eabi_attribute 18, 4
  13              		.thumb
  14              		.syntax unified
  15              		.file	"main.c"
  16              		.text
  17              	.Ltext0:
  18              		.cfi_sections	.debug_frame
  19              		.section	.text.main,"ax",%progbits
  20              		.align	2
  21              		.global	main
  22              		.code	16
  23              		.thumb_func
  24              		.type	main, %function
  25              	main:
  26              	.LFB33:
  27              		.file 1 "main.c"
   1:main.c        **** /* ========================================
   2:main.c        ****  *
   3:main.c        ****  * Copyright YOUR COMPANY, THE YEAR
   4:main.c        ****  * All Rights Reserved
   5:main.c        ****  * UNPUBLISHED, LICENSED SOFTWARE.
   6:main.c        ****  *
   7:main.c        ****  * CONFIDENTIAL AND PROPRIETARY INFORMATION
   8:main.c        ****  * WHICH IS THE PROPERTY OF your company.
   9:main.c        ****  *
  10:main.c        ****  * ========================================
  11:main.c        **** */
  12:main.c        **** #include "project.h"
  13:main.c        **** #include <stdio.h>
  14:main.c        **** 
  15:main.c        **** int main(void)
  16:main.c        **** {
  28              		.loc 1 16 0
  29              		.cfi_startproc
  30              		@ args = 0, pretend = 0, frame = 56
  31              		@ frame_needed = 0, uses_anonymous_args = 0
  32 0000 10B5     		push	{r4, lr}
  33              		.cfi_def_cfa_offset 8
  34              		.cfi_offset 4, -8
  35              		.cfi_offset 14, -4
  36 0002 8EB0     		sub	sp, sp, #56
  37              		.cfi_def_cfa_offset 64
  17:main.c        ****     CyGlobalIntEnable; /* Enable global interrupts. */
  38              		.loc 1 17 0
  39              		.syntax divided
  40              	@ 17 "main.c" 1
ARM GAS  C:\Users\jagumiel\AppData\Local\Temp\ccOfRpw8.s 			page 2


  41 0004 62B6     		CPSIE   i
  42              	@ 0 "" 2
  18:main.c        ****     int buttonsVal[5]={0,0,0,0,0};
  43              		.loc 1 18 0
  44              		.thumb
  45              		.syntax unified
  46 0006 1422     		movs	r2, #20
  47 0008 0021     		movs	r1, #0
  48 000a 09A8     		add	r0, sp, #36
  49 000c FFF7FEFF 		bl	memset
  50              	.LVL0:
  19:main.c        ****     int buttonsLastVal[5]={0,0,0,0,0};
  51              		.loc 1 19 0
  52 0010 1422     		movs	r2, #20
  53 0012 0021     		movs	r1, #0
  54 0014 04A8     		add	r0, sp, #16
  55 0016 FFF7FEFF 		bl	memset
  56              	.LVL1:
  20:main.c        ****     char msg[10];
  21:main.c        ****     
  22:main.c        ****     UART_Start();
  57              		.loc 1 22 0
  58 001a FFF7FEFF 		bl	UART_Start
  59              	.LVL2:
  23:main.c        ****     CapSense_Start();
  60              		.loc 1 23 0
  61 001e FFF7FEFF 		bl	CapSense_Start
  62              	.LVL3:
  24:main.c        ****     CapSense_InitializeAllBaselines();
  63              		.loc 1 24 0
  64 0022 FFF7FEFF 		bl	CapSense_InitializeAllBaselines
  65              	.LVL4:
  25:main.c        ****     CapSense_ScanEnabledWidgets();
  66              		.loc 1 25 0
  67 0026 FFF7FEFF 		bl	CapSense_ScanEnabledWidgets
  68              	.LVL5:
  69              	.L2:
  26:main.c        **** 
  27:main.c        **** 
  28:main.c        ****     for(;;)
  29:main.c        ****     {
  30:main.c        ****         if(!CapSense_IsBusy()){
  70              		.loc 1 30 0
  71 002a FFF7FEFF 		bl	CapSense_IsBusy
  72              	.LVL6:
  73 002e 0028     		cmp	r0, #0
  74 0030 FBD1     		bne	.L2
  31:main.c        ****             buttonsVal[0]=CapSense_CheckIsWidgetActive(CapSense_SENSOR_5_IS_ACTIVE);
  75              		.loc 1 31 0
  76 0032 0530     		adds	r0, r0, #5
  77 0034 FFF7FEFF 		bl	CapSense_CheckIsWidgetActive
  78              	.LVL7:
  79 0038 0990     		str	r0, [sp, #36]
  32:main.c        ****             buttonsVal[1]=CapSense_CheckIsWidgetActive(CapSense_SENSOR_1_IS_ACTIVE); 
  80              		.loc 1 32 0
  81 003a 0120     		movs	r0, #1
  82 003c FFF7FEFF 		bl	CapSense_CheckIsWidgetActive
ARM GAS  C:\Users\jagumiel\AppData\Local\Temp\ccOfRpw8.s 			page 3


  83              	.LVL8:
  84 0040 0A90     		str	r0, [sp, #40]
  33:main.c        ****             buttonsVal[2]=CapSense_CheckIsWidgetActive(CapSense_SENSOR_2_IS_ACTIVE);
  85              		.loc 1 33 0
  86 0042 0220     		movs	r0, #2
  87 0044 FFF7FEFF 		bl	CapSense_CheckIsWidgetActive
  88              	.LVL9:
  89 0048 0B90     		str	r0, [sp, #44]
  34:main.c        ****             buttonsVal[3]=CapSense_CheckIsWidgetActive(CapSense_SENSOR_3_IS_ACTIVE);
  90              		.loc 1 34 0
  91 004a 0320     		movs	r0, #3
  92 004c FFF7FEFF 		bl	CapSense_CheckIsWidgetActive
  93              	.LVL10:
  94 0050 0C90     		str	r0, [sp, #48]
  35:main.c        ****             buttonsVal[4]=CapSense_CheckIsWidgetActive(CapSense_SENSOR_4_IS_ACTIVE);
  95              		.loc 1 35 0
  96 0052 0420     		movs	r0, #4
  97 0054 FFF7FEFF 		bl	CapSense_CheckIsWidgetActive
  98              	.LVL11:
  99 0058 0D90     		str	r0, [sp, #52]
  36:main.c        ****             
  37:main.c        ****             if (memcmp(buttonsVal, buttonsLastVal, sizeof(buttonsVal))!=0){
 100              		.loc 1 37 0
 101 005a 1422     		movs	r2, #20
 102 005c 04A9     		add	r1, sp, #16
 103 005e 09A8     		add	r0, sp, #36
 104 0060 FFF7FEFF 		bl	memcmp
 105              	.LVL12:
 106 0064 0028     		cmp	r0, #0
 107 0066 0FD1     		bne	.L8
 108 0068 19E0     		b	.L4
 109              	.LVL13:
 110              	.L6:
 111              	.LBB2:
  38:main.c        ****                 for(int i=0; i<5; i++){
  39:main.c        ****                     if(buttonsVal[i]==1){
 112              		.loc 1 39 0
 113 006a A300     		lsls	r3, r4, #2
 114 006c 09AA     		add	r2, sp, #36
 115 006e 9B58     		ldr	r3, [r3, r2]
 116 0070 012B     		cmp	r3, #1
 117 0072 07D1     		bne	.L5
  40:main.c        ****                         sprintf(msg, "Button %d pressed.\r\n", i);
 118              		.loc 1 40 0
 119 0074 2200     		movs	r2, r4
 120 0076 0C49     		ldr	r1, .L9
 121 0078 01A8     		add	r0, sp, #4
 122 007a FFF7FEFF 		bl	sprintf
 123              	.LVL14:
  41:main.c        ****                         UART_UartPutString(msg);
 124              		.loc 1 41 0
 125 007e 01A8     		add	r0, sp, #4
 126 0080 FFF7FEFF 		bl	UART_UartPutString
 127              	.LVL15:
 128              	.L5:
  38:main.c        ****                 for(int i=0; i<5; i++){
 129              		.loc 1 38 0 discriminator 2
ARM GAS  C:\Users\jagumiel\AppData\Local\Temp\ccOfRpw8.s 			page 4


 130 0084 0134     		adds	r4, r4, #1
 131              	.LVL16:
 132 0086 00E0     		b	.L3
 133              	.LVL17:
 134              	.L8:
 135              	.LBE2:
 136 0088 0024     		movs	r4, #0
 137              	.L3:
 138              	.LVL18:
 139              	.LBB3:
  38:main.c        ****                 for(int i=0; i<5; i++){
 140              		.loc 1 38 0 is_stmt 0 discriminator 1
 141 008a 042C     		cmp	r4, #4
 142 008c EDDD     		ble	.L6
 143              	.LBE3:
  42:main.c        ****                     }
  43:main.c        ****                 }
  44:main.c        ****                 memcpy(buttonsLastVal, buttonsVal, sizeof(buttonsLastVal));
 144              		.loc 1 44 0 is_stmt 1
 145 008e 04A9     		add	r1, sp, #16
 146 0090 09A8     		add	r0, sp, #36
 147 0092 0B00     		movs	r3, r1
 148 0094 0200     		movs	r2, r0
 149 0096 13CA     		ldmia	r2!, {r0, r1, r4}
 150 0098 13C3     		stmia	r3!, {r0, r1, r4}
 151              	.LVL19:
 152 009a 03CA     		ldmia	r2!, {r0, r1}
 153 009c 03C3     		stmia	r3!, {r0, r1}
 154              	.L4:
  45:main.c        ****             }
  46:main.c        ****             CapSense_UpdateEnabledBaselines();
 155              		.loc 1 46 0
 156 009e FFF7FEFF 		bl	CapSense_UpdateEnabledBaselines
 157              	.LVL20:
  47:main.c        ****             CapSense_ScanEnabledWidgets();
 158              		.loc 1 47 0
 159 00a2 FFF7FEFF 		bl	CapSense_ScanEnabledWidgets
 160              	.LVL21:
 161 00a6 C0E7     		b	.L2
 162              	.L10:
 163              		.align	2
 164              	.L9:
 165 00a8 00000000 		.word	.LC0
 166              		.cfi_endproc
 167              	.LFE33:
 168              		.size	main, .-main
 169              		.section	.rodata.str1.4,"aMS",%progbits,1
 170              		.align	2
 171              	.LC0:
 172 0000 42757474 		.ascii	"Button %d pressed.\015\012\000"
 172      6F6E2025 
 172      64207072 
 172      65737365 
 172      642E0D0A 
 173              		.text
 174              	.Letext0:
 175              		.file 2 "c:\\program files (x86)\\cypress\\psoc creator\\4.2\\psoc creator\\import\\gnu\\arm\\5.4.
ARM GAS  C:\Users\jagumiel\AppData\Local\Temp\ccOfRpw8.s 			page 5


 176              		.file 3 "Generated_Source\\PSoC4/UART_SPI_UART.h"
 177              		.file 4 "Generated_Source\\PSoC4/UART.h"
 178              		.file 5 "Generated_Source\\PSoC4/CapSense.h"
 179              		.file 6 "Generated_Source\\PSoC4/CapSense_CSHL.h"
 180              		.file 7 "c:\\program files (x86)\\cypress\\psoc creator\\4.2\\psoc creator\\import\\gnu\\arm\\5.4.
 181              		.section	.debug_info,"",%progbits
 182              	.Ldebug_info0:
 183 0000 A0020000 		.4byte	0x2a0
 184 0004 0400     		.2byte	0x4
 185 0006 00000000 		.4byte	.Ldebug_abbrev0
 186 000a 04       		.byte	0x4
 187 000b 01       		.uleb128 0x1
 188 000c 27010000 		.4byte	.LASF26
 189 0010 0C       		.byte	0xc
 190 0011 EC010000 		.4byte	.LASF27
 191 0015 AC000000 		.4byte	.LASF28
 192 0019 18000000 		.4byte	.Ldebug_ranges0+0x18
 193 001d 00000000 		.4byte	0
 194 0021 00000000 		.4byte	.Ldebug_line0
 195 0025 02       		.uleb128 0x2
 196 0026 01       		.byte	0x1
 197 0027 06       		.byte	0x6
 198 0028 34020000 		.4byte	.LASF0
 199 002c 02       		.uleb128 0x2
 200 002d 01       		.byte	0x1
 201 002e 08       		.byte	0x8
 202 002f 20000000 		.4byte	.LASF1
 203 0033 02       		.uleb128 0x2
 204 0034 02       		.byte	0x2
 205 0035 05       		.byte	0x5
 206 0036 F8010000 		.4byte	.LASF2
 207 003a 02       		.uleb128 0x2
 208 003b 02       		.byte	0x2
 209 003c 07       		.byte	0x7
 210 003d 50000000 		.4byte	.LASF3
 211 0041 02       		.uleb128 0x2
 212 0042 04       		.byte	0x4
 213 0043 05       		.byte	0x5
 214 0044 02020000 		.4byte	.LASF4
 215 0048 02       		.uleb128 0x2
 216 0049 04       		.byte	0x4
 217 004a 07       		.byte	0x7
 218 004b 3E000000 		.4byte	.LASF5
 219 004f 02       		.uleb128 0x2
 220 0050 08       		.byte	0x8
 221 0051 05       		.byte	0x5
 222 0052 DE010000 		.4byte	.LASF6
 223 0056 02       		.uleb128 0x2
 224 0057 08       		.byte	0x8
 225 0058 07       		.byte	0x7
 226 0059 10010000 		.4byte	.LASF7
 227 005d 03       		.uleb128 0x3
 228 005e 04       		.byte	0x4
 229 005f 05       		.byte	0x5
 230 0060 696E7400 		.ascii	"int\000"
 231 0064 02       		.uleb128 0x2
 232 0065 04       		.byte	0x4
ARM GAS  C:\Users\jagumiel\AppData\Local\Temp\ccOfRpw8.s 			page 6


 233 0066 07       		.byte	0x7
 234 0067 F8000000 		.4byte	.LASF8
 235 006b 02       		.uleb128 0x2
 236 006c 04       		.byte	0x4
 237 006d 04       		.byte	0x4
 238 006e 1A000000 		.4byte	.LASF9
 239 0072 02       		.uleb128 0x2
 240 0073 08       		.byte	0x8
 241 0074 04       		.byte	0x4
 242 0075 75000000 		.4byte	.LASF10
 243 0079 02       		.uleb128 0x2
 244 007a 01       		.byte	0x1
 245 007b 08       		.byte	0x8
 246 007c F3010000 		.4byte	.LASF11
 247 0080 02       		.uleb128 0x2
 248 0081 08       		.byte	0x8
 249 0082 04       		.byte	0x4
 250 0083 0B020000 		.4byte	.LASF12
 251 0087 02       		.uleb128 0x2
 252 0088 04       		.byte	0x4
 253 0089 07       		.byte	0x7
 254 008a B5010000 		.4byte	.LASF13
 255 008e 04       		.uleb128 0x4
 256 008f A7000000 		.4byte	.LASF29
 257 0093 01       		.byte	0x1
 258 0094 0F       		.byte	0xf
 259 0095 5D000000 		.4byte	0x5d
 260 0099 00000000 		.4byte	.LFB33
 261 009d AC000000 		.4byte	.LFE33-.LFB33
 262 00a1 01       		.uleb128 0x1
 263 00a2 9C       		.byte	0x9c
 264 00a3 0B020000 		.4byte	0x20b
 265 00a7 05       		.uleb128 0x5
 266 00a8 05010000 		.4byte	.LASF14
 267 00ac 01       		.byte	0x1
 268 00ad 12       		.byte	0x12
 269 00ae 0B020000 		.4byte	0x20b
 270 00b2 02       		.uleb128 0x2
 271 00b3 91       		.byte	0x91
 272 00b4 64       		.sleb128 -28
 273 00b5 05       		.uleb128 0x5
 274 00b6 98000000 		.4byte	.LASF15
 275 00ba 01       		.byte	0x1
 276 00bb 13       		.byte	0x13
 277 00bc 0B020000 		.4byte	0x20b
 278 00c0 02       		.uleb128 0x2
 279 00c1 91       		.byte	0x91
 280 00c2 50       		.sleb128 -48
 281 00c3 06       		.uleb128 0x6
 282 00c4 6D736700 		.ascii	"msg\000"
 283 00c8 01       		.byte	0x1
 284 00c9 14       		.byte	0x14
 285 00ca 1B020000 		.4byte	0x21b
 286 00ce 02       		.uleb128 0x2
 287 00cf 91       		.byte	0x91
 288 00d0 44       		.sleb128 -60
 289 00d1 07       		.uleb128 0x7
ARM GAS  C:\Users\jagumiel\AppData\Local\Temp\ccOfRpw8.s 			page 7


 290 00d2 00000000 		.4byte	.Ldebug_ranges0+0
 291 00d6 1B010000 		.4byte	0x11b
 292 00da 08       		.uleb128 0x8
 293 00db 6900     		.ascii	"i\000"
 294 00dd 01       		.byte	0x1
 295 00de 26       		.byte	0x26
 296 00df 5D000000 		.4byte	0x5d
 297 00e3 00000000 		.4byte	.LLST0
 298 00e7 09       		.uleb128 0x9
 299 00e8 7E000000 		.4byte	.LVL14
 300 00ec 2B020000 		.4byte	0x22b
 301 00f0 0A010000 		.4byte	0x10a
 302 00f4 0A       		.uleb128 0xa
 303 00f5 01       		.uleb128 0x1
 304 00f6 50       		.byte	0x50
 305 00f7 02       		.uleb128 0x2
 306 00f8 91       		.byte	0x91
 307 00f9 44       		.sleb128 -60
 308 00fa 0A       		.uleb128 0xa
 309 00fb 01       		.uleb128 0x1
 310 00fc 51       		.byte	0x51
 311 00fd 05       		.uleb128 0x5
 312 00fe 03       		.byte	0x3
 313 00ff 00000000 		.4byte	.LC0
 314 0103 0A       		.uleb128 0xa
 315 0104 01       		.uleb128 0x1
 316 0105 52       		.byte	0x52
 317 0106 02       		.uleb128 0x2
 318 0107 74       		.byte	0x74
 319 0108 00       		.sleb128 0
 320 0109 00       		.byte	0
 321 010a 0B       		.uleb128 0xb
 322 010b 84000000 		.4byte	.LVL15
 323 010f 36020000 		.4byte	0x236
 324 0113 0A       		.uleb128 0xa
 325 0114 01       		.uleb128 0x1
 326 0115 50       		.byte	0x50
 327 0116 02       		.uleb128 0x2
 328 0117 91       		.byte	0x91
 329 0118 44       		.sleb128 -60
 330 0119 00       		.byte	0
 331 011a 00       		.byte	0
 332 011b 09       		.uleb128 0x9
 333 011c 10000000 		.4byte	.LVL0
 334 0120 42020000 		.4byte	0x242
 335 0124 39010000 		.4byte	0x139
 336 0128 0A       		.uleb128 0xa
 337 0129 01       		.uleb128 0x1
 338 012a 50       		.byte	0x50
 339 012b 02       		.uleb128 0x2
 340 012c 91       		.byte	0x91
 341 012d 64       		.sleb128 -28
 342 012e 0A       		.uleb128 0xa
 343 012f 01       		.uleb128 0x1
 344 0130 51       		.byte	0x51
 345 0131 01       		.uleb128 0x1
 346 0132 30       		.byte	0x30
ARM GAS  C:\Users\jagumiel\AppData\Local\Temp\ccOfRpw8.s 			page 8


 347 0133 0A       		.uleb128 0xa
 348 0134 01       		.uleb128 0x1
 349 0135 52       		.byte	0x52
 350 0136 01       		.uleb128 0x1
 351 0137 44       		.byte	0x44
 352 0138 00       		.byte	0
 353 0139 09       		.uleb128 0x9
 354 013a 1A000000 		.4byte	.LVL1
 355 013e 42020000 		.4byte	0x242
 356 0142 57010000 		.4byte	0x157
 357 0146 0A       		.uleb128 0xa
 358 0147 01       		.uleb128 0x1
 359 0148 50       		.byte	0x50
 360 0149 02       		.uleb128 0x2
 361 014a 91       		.byte	0x91
 362 014b 50       		.sleb128 -48
 363 014c 0A       		.uleb128 0xa
 364 014d 01       		.uleb128 0x1
 365 014e 51       		.byte	0x51
 366 014f 01       		.uleb128 0x1
 367 0150 30       		.byte	0x30
 368 0151 0A       		.uleb128 0xa
 369 0152 01       		.uleb128 0x1
 370 0153 52       		.byte	0x52
 371 0154 01       		.uleb128 0x1
 372 0155 44       		.byte	0x44
 373 0156 00       		.byte	0
 374 0157 0C       		.uleb128 0xc
 375 0158 1E000000 		.4byte	.LVL2
 376 015c 4B020000 		.4byte	0x24b
 377 0160 0C       		.uleb128 0xc
 378 0161 22000000 		.4byte	.LVL3
 379 0165 56020000 		.4byte	0x256
 380 0169 0C       		.uleb128 0xc
 381 016a 26000000 		.4byte	.LVL4
 382 016e 61020000 		.4byte	0x261
 383 0172 0C       		.uleb128 0xc
 384 0173 2A000000 		.4byte	.LVL5
 385 0177 6C020000 		.4byte	0x26c
 386 017b 0C       		.uleb128 0xc
 387 017c 2E000000 		.4byte	.LVL6
 388 0180 77020000 		.4byte	0x277
 389 0184 0C       		.uleb128 0xc
 390 0185 38000000 		.4byte	.LVL7
 391 0189 82020000 		.4byte	0x282
 392 018d 09       		.uleb128 0x9
 393 018e 40000000 		.4byte	.LVL8
 394 0192 82020000 		.4byte	0x282
 395 0196 A0010000 		.4byte	0x1a0
 396 019a 0A       		.uleb128 0xa
 397 019b 01       		.uleb128 0x1
 398 019c 50       		.byte	0x50
 399 019d 01       		.uleb128 0x1
 400 019e 31       		.byte	0x31
 401 019f 00       		.byte	0
 402 01a0 09       		.uleb128 0x9
 403 01a1 48000000 		.4byte	.LVL9
ARM GAS  C:\Users\jagumiel\AppData\Local\Temp\ccOfRpw8.s 			page 9


 404 01a5 82020000 		.4byte	0x282
 405 01a9 B3010000 		.4byte	0x1b3
 406 01ad 0A       		.uleb128 0xa
 407 01ae 01       		.uleb128 0x1
 408 01af 50       		.byte	0x50
 409 01b0 01       		.uleb128 0x1
 410 01b1 32       		.byte	0x32
 411 01b2 00       		.byte	0
 412 01b3 09       		.uleb128 0x9
 413 01b4 50000000 		.4byte	.LVL10
 414 01b8 82020000 		.4byte	0x282
 415 01bc C6010000 		.4byte	0x1c6
 416 01c0 0A       		.uleb128 0xa
 417 01c1 01       		.uleb128 0x1
 418 01c2 50       		.byte	0x50
 419 01c3 01       		.uleb128 0x1
 420 01c4 33       		.byte	0x33
 421 01c5 00       		.byte	0
 422 01c6 09       		.uleb128 0x9
 423 01c7 58000000 		.4byte	.LVL11
 424 01cb 82020000 		.4byte	0x282
 425 01cf D9010000 		.4byte	0x1d9
 426 01d3 0A       		.uleb128 0xa
 427 01d4 01       		.uleb128 0x1
 428 01d5 50       		.byte	0x50
 429 01d6 01       		.uleb128 0x1
 430 01d7 34       		.byte	0x34
 431 01d8 00       		.byte	0
 432 01d9 09       		.uleb128 0x9
 433 01da 64000000 		.4byte	.LVL12
 434 01de 8D020000 		.4byte	0x28d
 435 01e2 F8010000 		.4byte	0x1f8
 436 01e6 0A       		.uleb128 0xa
 437 01e7 01       		.uleb128 0x1
 438 01e8 50       		.byte	0x50
 439 01e9 02       		.uleb128 0x2
 440 01ea 91       		.byte	0x91
 441 01eb 64       		.sleb128 -28
 442 01ec 0A       		.uleb128 0xa
 443 01ed 01       		.uleb128 0x1
 444 01ee 51       		.byte	0x51
 445 01ef 02       		.uleb128 0x2
 446 01f0 91       		.byte	0x91
 447 01f1 50       		.sleb128 -48
 448 01f2 0A       		.uleb128 0xa
 449 01f3 01       		.uleb128 0x1
 450 01f4 52       		.byte	0x52
 451 01f5 01       		.uleb128 0x1
 452 01f6 44       		.byte	0x44
 453 01f7 00       		.byte	0
 454 01f8 0C       		.uleb128 0xc
 455 01f9 A2000000 		.4byte	.LVL20
 456 01fd 98020000 		.4byte	0x298
 457 0201 0C       		.uleb128 0xc
 458 0202 A6000000 		.4byte	.LVL21
 459 0206 6C020000 		.4byte	0x26c
 460 020a 00       		.byte	0
ARM GAS  C:\Users\jagumiel\AppData\Local\Temp\ccOfRpw8.s 			page 10


 461 020b 0D       		.uleb128 0xd
 462 020c 5D000000 		.4byte	0x5d
 463 0210 1B020000 		.4byte	0x21b
 464 0214 0E       		.uleb128 0xe
 465 0215 87000000 		.4byte	0x87
 466 0219 04       		.byte	0x4
 467 021a 00       		.byte	0
 468 021b 0D       		.uleb128 0xd
 469 021c 79000000 		.4byte	0x79
 470 0220 2B020000 		.4byte	0x22b
 471 0224 0E       		.uleb128 0xe
 472 0225 87000000 		.4byte	0x87
 473 0229 09       		.byte	0x9
 474 022a 00       		.byte	0
 475 022b 0F       		.uleb128 0xf
 476 022c 60020000 		.4byte	.LASF16
 477 0230 60020000 		.4byte	.LASF16
 478 0234 02       		.byte	0x2
 479 0235 E7       		.byte	0xe7
 480 0236 10       		.uleb128 0x10
 481 0237 07000000 		.4byte	.LASF17
 482 023b 07000000 		.4byte	.LASF17
 483 023f 03       		.byte	0x3
 484 0240 2A03     		.2byte	0x32a
 485 0242 11       		.uleb128 0x11
 486 0243 6E000000 		.4byte	.LASF30
 487 0247 6E000000 		.4byte	.LASF30
 488 024b 0F       		.uleb128 0xf
 489 024c 63000000 		.4byte	.LASF18
 490 0250 63000000 		.4byte	.LASF18
 491 0254 04       		.byte	0x4
 492 0255 72       		.byte	0x72
 493 0256 0F       		.uleb128 0xf
 494 0257 68020000 		.4byte	.LASF19
 495 025b 68020000 		.4byte	.LASF19
 496 025f 05       		.byte	0x5
 497 0260 99       		.byte	0x99
 498 0261 0F       		.uleb128 0xf
 499 0262 40020000 		.4byte	.LASF20
 500 0266 40020000 		.4byte	.LASF20
 501 026a 06       		.byte	0x6
 502 026b B2       		.byte	0xb2
 503 026c 0F       		.uleb128 0xf
 504 026d 7C000000 		.4byte	.LASF21
 505 0271 7C000000 		.4byte	.LASF21
 506 0275 05       		.byte	0x5
 507 0276 A2       		.byte	0xa2
 508 0277 0F       		.uleb128 0xf
 509 0278 2E000000 		.4byte	.LASF22
 510 027c 2E000000 		.4byte	.LASF22
 511 0280 05       		.byte	0x5
 512 0281 9F       		.byte	0x9f
 513 0282 0F       		.uleb128 0xf
 514 0283 17020000 		.4byte	.LASF23
 515 0287 17020000 		.4byte	.LASF23
 516 028b 06       		.byte	0x6
 517 028c DD       		.byte	0xdd
ARM GAS  C:\Users\jagumiel\AppData\Local\Temp\ccOfRpw8.s 			page 11


 518 028d 0F       		.uleb128 0xf
 519 028e 00000000 		.4byte	.LASF24
 520 0292 00000000 		.4byte	.LASF24
 521 0296 07       		.byte	0x7
 522 0297 16       		.byte	0x16
 523 0298 0F       		.uleb128 0xf
 524 0299 BE010000 		.4byte	.LASF25
 525 029d BE010000 		.4byte	.LASF25
 526 02a1 06       		.byte	0x6
 527 02a2 B6       		.byte	0xb6
 528 02a3 00       		.byte	0
 529              		.section	.debug_abbrev,"",%progbits
 530              	.Ldebug_abbrev0:
 531 0000 01       		.uleb128 0x1
 532 0001 11       		.uleb128 0x11
 533 0002 01       		.byte	0x1
 534 0003 25       		.uleb128 0x25
 535 0004 0E       		.uleb128 0xe
 536 0005 13       		.uleb128 0x13
 537 0006 0B       		.uleb128 0xb
 538 0007 03       		.uleb128 0x3
 539 0008 0E       		.uleb128 0xe
 540 0009 1B       		.uleb128 0x1b
 541 000a 0E       		.uleb128 0xe
 542 000b 55       		.uleb128 0x55
 543 000c 17       		.uleb128 0x17
 544 000d 11       		.uleb128 0x11
 545 000e 01       		.uleb128 0x1
 546 000f 10       		.uleb128 0x10
 547 0010 17       		.uleb128 0x17
 548 0011 00       		.byte	0
 549 0012 00       		.byte	0
 550 0013 02       		.uleb128 0x2
 551 0014 24       		.uleb128 0x24
 552 0015 00       		.byte	0
 553 0016 0B       		.uleb128 0xb
 554 0017 0B       		.uleb128 0xb
 555 0018 3E       		.uleb128 0x3e
 556 0019 0B       		.uleb128 0xb
 557 001a 03       		.uleb128 0x3
 558 001b 0E       		.uleb128 0xe
 559 001c 00       		.byte	0
 560 001d 00       		.byte	0
 561 001e 03       		.uleb128 0x3
 562 001f 24       		.uleb128 0x24
 563 0020 00       		.byte	0
 564 0021 0B       		.uleb128 0xb
 565 0022 0B       		.uleb128 0xb
 566 0023 3E       		.uleb128 0x3e
 567 0024 0B       		.uleb128 0xb
 568 0025 03       		.uleb128 0x3
 569 0026 08       		.uleb128 0x8
 570 0027 00       		.byte	0
 571 0028 00       		.byte	0
 572 0029 04       		.uleb128 0x4
 573 002a 2E       		.uleb128 0x2e
 574 002b 01       		.byte	0x1
ARM GAS  C:\Users\jagumiel\AppData\Local\Temp\ccOfRpw8.s 			page 12


 575 002c 3F       		.uleb128 0x3f
 576 002d 19       		.uleb128 0x19
 577 002e 03       		.uleb128 0x3
 578 002f 0E       		.uleb128 0xe
 579 0030 3A       		.uleb128 0x3a
 580 0031 0B       		.uleb128 0xb
 581 0032 3B       		.uleb128 0x3b
 582 0033 0B       		.uleb128 0xb
 583 0034 27       		.uleb128 0x27
 584 0035 19       		.uleb128 0x19
 585 0036 49       		.uleb128 0x49
 586 0037 13       		.uleb128 0x13
 587 0038 8701     		.uleb128 0x87
 588 003a 19       		.uleb128 0x19
 589 003b 11       		.uleb128 0x11
 590 003c 01       		.uleb128 0x1
 591 003d 12       		.uleb128 0x12
 592 003e 06       		.uleb128 0x6
 593 003f 40       		.uleb128 0x40
 594 0040 18       		.uleb128 0x18
 595 0041 9742     		.uleb128 0x2117
 596 0043 19       		.uleb128 0x19
 597 0044 01       		.uleb128 0x1
 598 0045 13       		.uleb128 0x13
 599 0046 00       		.byte	0
 600 0047 00       		.byte	0
 601 0048 05       		.uleb128 0x5
 602 0049 34       		.uleb128 0x34
 603 004a 00       		.byte	0
 604 004b 03       		.uleb128 0x3
 605 004c 0E       		.uleb128 0xe
 606 004d 3A       		.uleb128 0x3a
 607 004e 0B       		.uleb128 0xb
 608 004f 3B       		.uleb128 0x3b
 609 0050 0B       		.uleb128 0xb
 610 0051 49       		.uleb128 0x49
 611 0052 13       		.uleb128 0x13
 612 0053 02       		.uleb128 0x2
 613 0054 18       		.uleb128 0x18
 614 0055 00       		.byte	0
 615 0056 00       		.byte	0
 616 0057 06       		.uleb128 0x6
 617 0058 34       		.uleb128 0x34
 618 0059 00       		.byte	0
 619 005a 03       		.uleb128 0x3
 620 005b 08       		.uleb128 0x8
 621 005c 3A       		.uleb128 0x3a
 622 005d 0B       		.uleb128 0xb
 623 005e 3B       		.uleb128 0x3b
 624 005f 0B       		.uleb128 0xb
 625 0060 49       		.uleb128 0x49
 626 0061 13       		.uleb128 0x13
 627 0062 02       		.uleb128 0x2
 628 0063 18       		.uleb128 0x18
 629 0064 00       		.byte	0
 630 0065 00       		.byte	0
 631 0066 07       		.uleb128 0x7
ARM GAS  C:\Users\jagumiel\AppData\Local\Temp\ccOfRpw8.s 			page 13


 632 0067 0B       		.uleb128 0xb
 633 0068 01       		.byte	0x1
 634 0069 55       		.uleb128 0x55
 635 006a 17       		.uleb128 0x17
 636 006b 01       		.uleb128 0x1
 637 006c 13       		.uleb128 0x13
 638 006d 00       		.byte	0
 639 006e 00       		.byte	0
 640 006f 08       		.uleb128 0x8
 641 0070 34       		.uleb128 0x34
 642 0071 00       		.byte	0
 643 0072 03       		.uleb128 0x3
 644 0073 08       		.uleb128 0x8
 645 0074 3A       		.uleb128 0x3a
 646 0075 0B       		.uleb128 0xb
 647 0076 3B       		.uleb128 0x3b
 648 0077 0B       		.uleb128 0xb
 649 0078 49       		.uleb128 0x49
 650 0079 13       		.uleb128 0x13
 651 007a 02       		.uleb128 0x2
 652 007b 17       		.uleb128 0x17
 653 007c 00       		.byte	0
 654 007d 00       		.byte	0
 655 007e 09       		.uleb128 0x9
 656 007f 898201   		.uleb128 0x4109
 657 0082 01       		.byte	0x1
 658 0083 11       		.uleb128 0x11
 659 0084 01       		.uleb128 0x1
 660 0085 31       		.uleb128 0x31
 661 0086 13       		.uleb128 0x13
 662 0087 01       		.uleb128 0x1
 663 0088 13       		.uleb128 0x13
 664 0089 00       		.byte	0
 665 008a 00       		.byte	0
 666 008b 0A       		.uleb128 0xa
 667 008c 8A8201   		.uleb128 0x410a
 668 008f 00       		.byte	0
 669 0090 02       		.uleb128 0x2
 670 0091 18       		.uleb128 0x18
 671 0092 9142     		.uleb128 0x2111
 672 0094 18       		.uleb128 0x18
 673 0095 00       		.byte	0
 674 0096 00       		.byte	0
 675 0097 0B       		.uleb128 0xb
 676 0098 898201   		.uleb128 0x4109
 677 009b 01       		.byte	0x1
 678 009c 11       		.uleb128 0x11
 679 009d 01       		.uleb128 0x1
 680 009e 31       		.uleb128 0x31
 681 009f 13       		.uleb128 0x13
 682 00a0 00       		.byte	0
 683 00a1 00       		.byte	0
 684 00a2 0C       		.uleb128 0xc
 685 00a3 898201   		.uleb128 0x4109
 686 00a6 00       		.byte	0
 687 00a7 11       		.uleb128 0x11
 688 00a8 01       		.uleb128 0x1
ARM GAS  C:\Users\jagumiel\AppData\Local\Temp\ccOfRpw8.s 			page 14


 689 00a9 31       		.uleb128 0x31
 690 00aa 13       		.uleb128 0x13
 691 00ab 00       		.byte	0
 692 00ac 00       		.byte	0
 693 00ad 0D       		.uleb128 0xd
 694 00ae 01       		.uleb128 0x1
 695 00af 01       		.byte	0x1
 696 00b0 49       		.uleb128 0x49
 697 00b1 13       		.uleb128 0x13
 698 00b2 01       		.uleb128 0x1
 699 00b3 13       		.uleb128 0x13
 700 00b4 00       		.byte	0
 701 00b5 00       		.byte	0
 702 00b6 0E       		.uleb128 0xe
 703 00b7 21       		.uleb128 0x21
 704 00b8 00       		.byte	0
 705 00b9 49       		.uleb128 0x49
 706 00ba 13       		.uleb128 0x13
 707 00bb 2F       		.uleb128 0x2f
 708 00bc 0B       		.uleb128 0xb
 709 00bd 00       		.byte	0
 710 00be 00       		.byte	0
 711 00bf 0F       		.uleb128 0xf
 712 00c0 2E       		.uleb128 0x2e
 713 00c1 00       		.byte	0
 714 00c2 3F       		.uleb128 0x3f
 715 00c3 19       		.uleb128 0x19
 716 00c4 3C       		.uleb128 0x3c
 717 00c5 19       		.uleb128 0x19
 718 00c6 6E       		.uleb128 0x6e
 719 00c7 0E       		.uleb128 0xe
 720 00c8 03       		.uleb128 0x3
 721 00c9 0E       		.uleb128 0xe
 722 00ca 3A       		.uleb128 0x3a
 723 00cb 0B       		.uleb128 0xb
 724 00cc 3B       		.uleb128 0x3b
 725 00cd 0B       		.uleb128 0xb
 726 00ce 00       		.byte	0
 727 00cf 00       		.byte	0
 728 00d0 10       		.uleb128 0x10
 729 00d1 2E       		.uleb128 0x2e
 730 00d2 00       		.byte	0
 731 00d3 3F       		.uleb128 0x3f
 732 00d4 19       		.uleb128 0x19
 733 00d5 3C       		.uleb128 0x3c
 734 00d6 19       		.uleb128 0x19
 735 00d7 6E       		.uleb128 0x6e
 736 00d8 0E       		.uleb128 0xe
 737 00d9 03       		.uleb128 0x3
 738 00da 0E       		.uleb128 0xe
 739 00db 3A       		.uleb128 0x3a
 740 00dc 0B       		.uleb128 0xb
 741 00dd 3B       		.uleb128 0x3b
 742 00de 05       		.uleb128 0x5
 743 00df 00       		.byte	0
 744 00e0 00       		.byte	0
 745 00e1 11       		.uleb128 0x11
ARM GAS  C:\Users\jagumiel\AppData\Local\Temp\ccOfRpw8.s 			page 15


 746 00e2 2E       		.uleb128 0x2e
 747 00e3 00       		.byte	0
 748 00e4 3F       		.uleb128 0x3f
 749 00e5 19       		.uleb128 0x19
 750 00e6 3C       		.uleb128 0x3c
 751 00e7 19       		.uleb128 0x19
 752 00e8 6E       		.uleb128 0x6e
 753 00e9 0E       		.uleb128 0xe
 754 00ea 03       		.uleb128 0x3
 755 00eb 0E       		.uleb128 0xe
 756 00ec 00       		.byte	0
 757 00ed 00       		.byte	0
 758 00ee 00       		.byte	0
 759              		.section	.debug_loc,"",%progbits
 760              	.Ldebug_loc0:
 761              	.LLST0:
 762 0000 6A000000 		.4byte	.LVL13
 763 0004 88000000 		.4byte	.LVL17
 764 0008 0100     		.2byte	0x1
 765 000a 54       		.byte	0x54
 766 000b 8A000000 		.4byte	.LVL18
 767 000f 9A000000 		.4byte	.LVL19
 768 0013 0100     		.2byte	0x1
 769 0015 54       		.byte	0x54
 770 0016 00000000 		.4byte	0
 771 001a 00000000 		.4byte	0
 772              		.section	.debug_aranges,"",%progbits
 773 0000 1C000000 		.4byte	0x1c
 774 0004 0200     		.2byte	0x2
 775 0006 00000000 		.4byte	.Ldebug_info0
 776 000a 04       		.byte	0x4
 777 000b 00       		.byte	0
 778 000c 0000     		.2byte	0
 779 000e 0000     		.2byte	0
 780 0010 00000000 		.4byte	.LFB33
 781 0014 AC000000 		.4byte	.LFE33-.LFB33
 782 0018 00000000 		.4byte	0
 783 001c 00000000 		.4byte	0
 784              		.section	.debug_ranges,"",%progbits
 785              	.Ldebug_ranges0:
 786 0000 6A000000 		.4byte	.LBB2
 787 0004 88000000 		.4byte	.LBE2
 788 0008 8A000000 		.4byte	.LBB3
 789 000c 8E000000 		.4byte	.LBE3
 790 0010 00000000 		.4byte	0
 791 0014 00000000 		.4byte	0
 792 0018 00000000 		.4byte	.LFB33
 793 001c AC000000 		.4byte	.LFE33
 794 0020 00000000 		.4byte	0
 795 0024 00000000 		.4byte	0
 796              		.section	.debug_line,"",%progbits
 797              	.Ldebug_line0:
 798 0000 26010000 		.section	.debug_str,"MS",%progbits,1
 798      0200F100 
 798      00000201 
 798      FB0E0D00 
 798      01010101 
ARM GAS  C:\Users\jagumiel\AppData\Local\Temp\ccOfRpw8.s 			page 16


 799              	.LASF24:
 800 0000 6D656D63 		.ascii	"memcmp\000"
 800      6D7000
 801              	.LASF17:
 802 0007 55415254 		.ascii	"UART_UartPutString\000"
 802      5F556172 
 802      74507574 
 802      53747269 
 802      6E6700
 803              	.LASF9:
 804 001a 666C6F61 		.ascii	"float\000"
 804      7400
 805              	.LASF1:
 806 0020 756E7369 		.ascii	"unsigned char\000"
 806      676E6564 
 806      20636861 
 806      7200
 807              	.LASF22:
 808 002e 43617053 		.ascii	"CapSense_IsBusy\000"
 808      656E7365 
 808      5F497342 
 808      75737900 
 809              	.LASF5:
 810 003e 6C6F6E67 		.ascii	"long unsigned int\000"
 810      20756E73 
 810      69676E65 
 810      6420696E 
 810      7400
 811              	.LASF3:
 812 0050 73686F72 		.ascii	"short unsigned int\000"
 812      7420756E 
 812      7369676E 
 812      65642069 
 812      6E7400
 813              	.LASF18:
 814 0063 55415254 		.ascii	"UART_Start\000"
 814      5F537461 
 814      727400
 815              	.LASF30:
 816 006e 6D656D73 		.ascii	"memset\000"
 816      657400
 817              	.LASF10:
 818 0075 646F7562 		.ascii	"double\000"
 818      6C6500
 819              	.LASF21:
 820 007c 43617053 		.ascii	"CapSense_ScanEnabledWidgets\000"
 820      656E7365 
 820      5F536361 
 820      6E456E61 
 820      626C6564 
 821              	.LASF15:
 822 0098 62757474 		.ascii	"buttonsLastVal\000"
 822      6F6E734C 
 822      61737456 
 822      616C00
 823              	.LASF29:
 824 00a7 6D61696E 		.ascii	"main\000"
ARM GAS  C:\Users\jagumiel\AppData\Local\Temp\ccOfRpw8.s 			page 17


 824      00
 825              	.LASF28:
 826 00ac 443A5C55 		.ascii	"D:\\Users\\jagumiel\\Documents\\PSoC Creator\\PSoC-"
 826      73657273 
 826      5C6A6167 
 826      756D6965 
 826      6C5C446F 
 827 00da 3130315C 		.ascii	"101\\PSoC-101\\Lesson13-b.cydsn\000"
 827      50536F43 
 827      2D313031 
 827      5C4C6573 
 827      736F6E31 
 828              	.LASF8:
 829 00f8 756E7369 		.ascii	"unsigned int\000"
 829      676E6564 
 829      20696E74 
 829      00
 830              	.LASF14:
 831 0105 62757474 		.ascii	"buttonsVal\000"
 831      6F6E7356 
 831      616C00
 832              	.LASF7:
 833 0110 6C6F6E67 		.ascii	"long long unsigned int\000"
 833      206C6F6E 
 833      6720756E 
 833      7369676E 
 833      65642069 
 834              	.LASF26:
 835 0127 474E5520 		.ascii	"GNU C11 5.4.1 20160609 (release) [ARM/embedded-5-br"
 835      43313120 
 835      352E342E 
 835      31203230 
 835      31363036 
 836 015a 616E6368 		.ascii	"anch revision 237715] -mcpu=cortex-m0 -mthumb -g -O"
 836      20726576 
 836      6973696F 
 836      6E203233 
 836      37373135 
 837 018d 67202D66 		.ascii	"g -ffunction-sections -ffat-lto-objects\000"
 837      66756E63 
 837      74696F6E 
 837      2D736563 
 837      74696F6E 
 838              	.LASF13:
 839 01b5 73697A65 		.ascii	"sizetype\000"
 839      74797065 
 839      00
 840              	.LASF25:
 841 01be 43617053 		.ascii	"CapSense_UpdateEnabledBaselines\000"
 841      656E7365 
 841      5F557064 
 841      61746545 
 841      6E61626C 
 842              	.LASF6:
 843 01de 6C6F6E67 		.ascii	"long long int\000"
 843      206C6F6E 
 843      6720696E 
ARM GAS  C:\Users\jagumiel\AppData\Local\Temp\ccOfRpw8.s 			page 18


 843      7400
 844              	.LASF27:
 845 01ec 6D61696E 		.ascii	"main.c\000"
 845      2E6300
 846              	.LASF11:
 847 01f3 63686172 		.ascii	"char\000"
 847      00
 848              	.LASF2:
 849 01f8 73686F72 		.ascii	"short int\000"
 849      7420696E 
 849      7400
 850              	.LASF4:
 851 0202 6C6F6E67 		.ascii	"long int\000"
 851      20696E74 
 851      00
 852              	.LASF12:
 853 020b 6C6F6E67 		.ascii	"long double\000"
 853      20646F75 
 853      626C6500 
 854              	.LASF23:
 855 0217 43617053 		.ascii	"CapSense_CheckIsWidgetActive\000"
 855      656E7365 
 855      5F436865 
 855      636B4973 
 855      57696467 
 856              	.LASF0:
 857 0234 7369676E 		.ascii	"signed char\000"
 857      65642063 
 857      68617200 
 858              	.LASF20:
 859 0240 43617053 		.ascii	"CapSense_InitializeAllBaselines\000"
 859      656E7365 
 859      5F496E69 
 859      7469616C 
 859      697A6541 
 860              	.LASF16:
 861 0260 73707269 		.ascii	"sprintf\000"
 861      6E746600 
 862              	.LASF19:
 863 0268 43617053 		.ascii	"CapSense_Start\000"
 863      656E7365 
 863      5F537461 
 863      727400
 864              		.ident	"GCC: (GNU Tools for ARM Embedded Processors) 5.4.1 20160609 (release) [ARM/embedded-5-bran
