ARM GAS  C:\Users\jagumiel\AppData\Local\Temp\cchOiEJ4.s 			page 1


   1              		.syntax unified
   2              		.cpu cortex-m0
   3              		.fpu softvfp
   4              		.eabi_attribute 20, 1
   5              		.eabi_attribute 21, 1
   6              		.eabi_attribute 23, 3
   7              		.eabi_attribute 24, 1
   8              		.eabi_attribute 25, 1
   9              		.eabi_attribute 26, 1
  10              		.eabi_attribute 30, 1
  11              		.eabi_attribute 34, 0
  12              		.eabi_attribute 18, 4
  13              		.thumb
  14              		.syntax unified
  15              		.file	"main.c"
  16              		.text
  17              	.Ltext0:
  18              		.cfi_sections	.debug_frame
  19              		.section	.text.main,"ax",%progbits
  20              		.align	2
  21              		.global	main
  22              		.code	16
  23              		.thumb_func
  24              		.type	main, %function
  25              	main:
  26              	.LFB32:
  27              		.file 1 "main.c"
   1:main.c        **** /* ========================================
   2:main.c        ****  *
   3:main.c        ****  * Copyright YOUR COMPANY, THE YEAR
   4:main.c        ****  * All Rights Reserved
   5:main.c        ****  * UNPUBLISHED, LICENSED SOFTWARE.
   6:main.c        ****  *
   7:main.c        ****  * CONFIDENTIAL AND PROPRIETARY INFORMATION
   8:main.c        ****  * WHICH IS THE PROPERTY OF your company.
   9:main.c        ****  *
  10:main.c        ****  * ========================================
  11:main.c        **** */
  12:main.c        **** #include "project.h"
  13:main.c        **** 
  14:main.c        **** int main(void)
  15:main.c        **** {
  28              		.loc 1 15 0
  29              		.cfi_startproc
  30              		@ Volatile: function does not return.
  31              		@ args = 0, pretend = 0, frame = 0
  32              		@ frame_needed = 0, uses_anonymous_args = 0
  33 0000 10B5     		push	{r4, lr}
  34              		.cfi_def_cfa_offset 8
  35              		.cfi_offset 4, -8
  36              		.cfi_offset 14, -4
  16:main.c        ****     CyGlobalIntEnable; /* Enable global interrupts. */
  37              		.loc 1 16 0
  38              		.syntax divided
  39              	@ 16 "main.c" 1
  40 0002 62B6     		CPSIE   i
  41              	@ 0 "" 2
ARM GAS  C:\Users\jagumiel\AppData\Local\Temp\cchOiEJ4.s 			page 2


  42              		.thumb
  43              		.syntax unified
  44              	.L2:
  17:main.c        **** 
  18:main.c        ****     /* Place your initialization/startup code here (e.g. MyInst_Start()) */
  19:main.c        **** 
  20:main.c        ****     for(;;)
  21:main.c        ****     {
  22:main.c        ****         /* Place your application code here. */
  23:main.c        ****         Led_A_Write(1);
  45              		.loc 1 23 0 discriminator 1
  46 0004 0120     		movs	r0, #1
  47 0006 FFF7FEFF 		bl	Led_A_Write
  48              	.LVL0:
  24:main.c        ****         CyDelay(100);
  49              		.loc 1 24 0 discriminator 1
  50 000a 6420     		movs	r0, #100
  51 000c FFF7FEFF 		bl	CyDelay
  52              	.LVL1:
  25:main.c        ****         Led_A_Write(0);
  53              		.loc 1 25 0 discriminator 1
  54 0010 0020     		movs	r0, #0
  55 0012 FFF7FEFF 		bl	Led_A_Write
  56              	.LVL2:
  26:main.c        ****         Led_B_Write(1);
  57              		.loc 1 26 0 discriminator 1
  58 0016 0120     		movs	r0, #1
  59 0018 FFF7FEFF 		bl	Led_B_Write
  60              	.LVL3:
  27:main.c        ****         CyDelay(100);
  61              		.loc 1 27 0 discriminator 1
  62 001c 6420     		movs	r0, #100
  63 001e FFF7FEFF 		bl	CyDelay
  64              	.LVL4:
  28:main.c        ****         Led_B_Write(0);
  65              		.loc 1 28 0 discriminator 1
  66 0022 0020     		movs	r0, #0
  67 0024 FFF7FEFF 		bl	Led_B_Write
  68              	.LVL5:
  29:main.c        ****         Led_C_Write(1);
  69              		.loc 1 29 0 discriminator 1
  70 0028 0120     		movs	r0, #1
  71 002a FFF7FEFF 		bl	Led_C_Write
  72              	.LVL6:
  30:main.c        ****         CyDelay(100);
  73              		.loc 1 30 0 discriminator 1
  74 002e 6420     		movs	r0, #100
  75 0030 FFF7FEFF 		bl	CyDelay
  76              	.LVL7:
  31:main.c        ****         Led_C_Write(0);
  77              		.loc 1 31 0 discriminator 1
  78 0034 0020     		movs	r0, #0
  79 0036 FFF7FEFF 		bl	Led_C_Write
  80              	.LVL8:
  32:main.c        ****         Led_D_Write(1);
  81              		.loc 1 32 0 discriminator 1
  82 003a 0120     		movs	r0, #1
ARM GAS  C:\Users\jagumiel\AppData\Local\Temp\cchOiEJ4.s 			page 3


  83 003c FFF7FEFF 		bl	Led_D_Write
  84              	.LVL9:
  33:main.c        ****         CyDelay(100);
  85              		.loc 1 33 0 discriminator 1
  86 0040 6420     		movs	r0, #100
  87 0042 FFF7FEFF 		bl	CyDelay
  88              	.LVL10:
  34:main.c        ****         Led_D_Write(0);
  89              		.loc 1 34 0 discriminator 1
  90 0046 0020     		movs	r0, #0
  91 0048 FFF7FEFF 		bl	Led_D_Write
  92              	.LVL11:
  35:main.c        ****         CyDelay(500);
  93              		.loc 1 35 0 discriminator 1
  94 004c FA20     		movs	r0, #250
  95 004e 4000     		lsls	r0, r0, #1
  96 0050 FFF7FEFF 		bl	CyDelay
  97              	.LVL12:
  98 0054 D6E7     		b	.L2
  99              		.cfi_endproc
 100              	.LFE32:
 101              		.size	main, .-main
 102 0056 C046     		.text
 103              	.Letext0:
 104              		.file 2 "Generated_Source\\PSoC4/Led_A.h"
 105              		.file 3 "Generated_Source\\PSoC4/CyLib.h"
 106              		.file 4 "Generated_Source\\PSoC4/Led_B.h"
 107              		.file 5 "Generated_Source\\PSoC4/Led_C.h"
 108              		.file 6 "Generated_Source\\PSoC4/Led_D.h"
 109              		.section	.debug_info,"",%progbits
 110              	.Ldebug_info0:
 111 0000 D5010000 		.4byte	0x1d5
 112 0004 0400     		.2byte	0x4
 113 0006 00000000 		.4byte	.Ldebug_abbrev0
 114 000a 04       		.byte	0x4
 115 000b 01       		.uleb128 0x1
 116 000c 99000000 		.4byte	.LASF19
 117 0010 0C       		.byte	0xc
 118 0011 1B000000 		.4byte	.LASF20
 119 0015 5E010000 		.4byte	.LASF21
 120 0019 00000000 		.4byte	.Ldebug_ranges0+0
 121 001d 00000000 		.4byte	0
 122 0021 00000000 		.4byte	.Ldebug_line0
 123 0025 02       		.uleb128 0x2
 124 0026 01       		.byte	0x1
 125 0027 06       		.byte	0x6
 126 0028 3A010000 		.4byte	.LASF0
 127 002c 02       		.uleb128 0x2
 128 002d 01       		.byte	0x1
 129 002e 08       		.byte	0x8
 130 002f 6A000000 		.4byte	.LASF1
 131 0033 02       		.uleb128 0x2
 132 0034 02       		.byte	0x2
 133 0035 05       		.byte	0x5
 134 0036 B5010000 		.4byte	.LASF2
 135 003a 02       		.uleb128 0x2
 136 003b 02       		.byte	0x2
ARM GAS  C:\Users\jagumiel\AppData\Local\Temp\cchOiEJ4.s 			page 4


 137 003c 07       		.byte	0x7
 138 003d 27010000 		.4byte	.LASF3
 139 0041 02       		.uleb128 0x2
 140 0042 04       		.byte	0x4
 141 0043 05       		.byte	0x5
 142 0044 89000000 		.4byte	.LASF4
 143 0048 02       		.uleb128 0x2
 144 0049 04       		.byte	0x4
 145 004a 07       		.byte	0x7
 146 004b 3B000000 		.4byte	.LASF5
 147 004f 02       		.uleb128 0x2
 148 0050 08       		.byte	0x8
 149 0051 05       		.byte	0x5
 150 0052 00000000 		.4byte	.LASF6
 151 0056 02       		.uleb128 0x2
 152 0057 08       		.byte	0x8
 153 0058 07       		.byte	0x7
 154 0059 4D000000 		.4byte	.LASF7
 155 005d 03       		.uleb128 0x3
 156 005e 04       		.byte	0x4
 157 005f 05       		.byte	0x5
 158 0060 696E7400 		.ascii	"int\000"
 159 0064 02       		.uleb128 0x2
 160 0065 04       		.byte	0x4
 161 0066 07       		.byte	0x7
 162 0067 0E000000 		.4byte	.LASF8
 163 006b 02       		.uleb128 0x2
 164 006c 04       		.byte	0x4
 165 006d 04       		.byte	0x4
 166 006e 64000000 		.4byte	.LASF9
 167 0072 02       		.uleb128 0x2
 168 0073 08       		.byte	0x8
 169 0074 04       		.byte	0x4
 170 0075 92000000 		.4byte	.LASF10
 171 0079 02       		.uleb128 0x2
 172 007a 01       		.byte	0x1
 173 007b 08       		.byte	0x8
 174 007c 78000000 		.4byte	.LASF11
 175 0080 02       		.uleb128 0x2
 176 0081 08       		.byte	0x8
 177 0082 04       		.byte	0x4
 178 0083 52010000 		.4byte	.LASF12
 179 0087 02       		.uleb128 0x2
 180 0088 04       		.byte	0x4
 181 0089 07       		.byte	0x7
 182 008a BF010000 		.4byte	.LASF13
 183 008e 04       		.uleb128 0x4
 184 008f 22000000 		.4byte	.LASF22
 185 0093 01       		.byte	0x1
 186 0094 0E       		.byte	0xe
 187 0095 5D000000 		.4byte	0x5d
 188 0099 00000000 		.4byte	.LFB32
 189 009d 56000000 		.4byte	.LFE32-.LFB32
 190 00a1 01       		.uleb128 0x1
 191 00a2 9C       		.byte	0x9c
 192 00a3 A1010000 		.4byte	0x1a1
 193 00a7 05       		.uleb128 0x5
ARM GAS  C:\Users\jagumiel\AppData\Local\Temp\cchOiEJ4.s 			page 5


 194 00a8 0A000000 		.4byte	.LVL0
 195 00ac A1010000 		.4byte	0x1a1
 196 00b0 BA000000 		.4byte	0xba
 197 00b4 06       		.uleb128 0x6
 198 00b5 01       		.uleb128 0x1
 199 00b6 50       		.byte	0x50
 200 00b7 01       		.uleb128 0x1
 201 00b8 31       		.byte	0x31
 202 00b9 00       		.byte	0
 203 00ba 05       		.uleb128 0x5
 204 00bb 10000000 		.4byte	.LVL1
 205 00bf AC010000 		.4byte	0x1ac
 206 00c3 CE000000 		.4byte	0xce
 207 00c7 06       		.uleb128 0x6
 208 00c8 01       		.uleb128 0x1
 209 00c9 50       		.byte	0x50
 210 00ca 02       		.uleb128 0x2
 211 00cb 08       		.byte	0x8
 212 00cc 64       		.byte	0x64
 213 00cd 00       		.byte	0
 214 00ce 05       		.uleb128 0x5
 215 00cf 16000000 		.4byte	.LVL2
 216 00d3 A1010000 		.4byte	0x1a1
 217 00d7 E1000000 		.4byte	0xe1
 218 00db 06       		.uleb128 0x6
 219 00dc 01       		.uleb128 0x1
 220 00dd 50       		.byte	0x50
 221 00de 01       		.uleb128 0x1
 222 00df 30       		.byte	0x30
 223 00e0 00       		.byte	0
 224 00e1 05       		.uleb128 0x5
 225 00e2 1C000000 		.4byte	.LVL3
 226 00e6 B7010000 		.4byte	0x1b7
 227 00ea F4000000 		.4byte	0xf4
 228 00ee 06       		.uleb128 0x6
 229 00ef 01       		.uleb128 0x1
 230 00f0 50       		.byte	0x50
 231 00f1 01       		.uleb128 0x1
 232 00f2 31       		.byte	0x31
 233 00f3 00       		.byte	0
 234 00f4 05       		.uleb128 0x5
 235 00f5 22000000 		.4byte	.LVL4
 236 00f9 AC010000 		.4byte	0x1ac
 237 00fd 08010000 		.4byte	0x108
 238 0101 06       		.uleb128 0x6
 239 0102 01       		.uleb128 0x1
 240 0103 50       		.byte	0x50
 241 0104 02       		.uleb128 0x2
 242 0105 08       		.byte	0x8
 243 0106 64       		.byte	0x64
 244 0107 00       		.byte	0
 245 0108 05       		.uleb128 0x5
 246 0109 28000000 		.4byte	.LVL5
 247 010d B7010000 		.4byte	0x1b7
 248 0111 1B010000 		.4byte	0x11b
 249 0115 06       		.uleb128 0x6
 250 0116 01       		.uleb128 0x1
ARM GAS  C:\Users\jagumiel\AppData\Local\Temp\cchOiEJ4.s 			page 6


 251 0117 50       		.byte	0x50
 252 0118 01       		.uleb128 0x1
 253 0119 30       		.byte	0x30
 254 011a 00       		.byte	0
 255 011b 05       		.uleb128 0x5
 256 011c 2E000000 		.4byte	.LVL6
 257 0120 C2010000 		.4byte	0x1c2
 258 0124 2E010000 		.4byte	0x12e
 259 0128 06       		.uleb128 0x6
 260 0129 01       		.uleb128 0x1
 261 012a 50       		.byte	0x50
 262 012b 01       		.uleb128 0x1
 263 012c 31       		.byte	0x31
 264 012d 00       		.byte	0
 265 012e 05       		.uleb128 0x5
 266 012f 34000000 		.4byte	.LVL7
 267 0133 AC010000 		.4byte	0x1ac
 268 0137 42010000 		.4byte	0x142
 269 013b 06       		.uleb128 0x6
 270 013c 01       		.uleb128 0x1
 271 013d 50       		.byte	0x50
 272 013e 02       		.uleb128 0x2
 273 013f 08       		.byte	0x8
 274 0140 64       		.byte	0x64
 275 0141 00       		.byte	0
 276 0142 05       		.uleb128 0x5
 277 0143 3A000000 		.4byte	.LVL8
 278 0147 C2010000 		.4byte	0x1c2
 279 014b 55010000 		.4byte	0x155
 280 014f 06       		.uleb128 0x6
 281 0150 01       		.uleb128 0x1
 282 0151 50       		.byte	0x50
 283 0152 01       		.uleb128 0x1
 284 0153 30       		.byte	0x30
 285 0154 00       		.byte	0
 286 0155 05       		.uleb128 0x5
 287 0156 40000000 		.4byte	.LVL9
 288 015a CD010000 		.4byte	0x1cd
 289 015e 68010000 		.4byte	0x168
 290 0162 06       		.uleb128 0x6
 291 0163 01       		.uleb128 0x1
 292 0164 50       		.byte	0x50
 293 0165 01       		.uleb128 0x1
 294 0166 31       		.byte	0x31
 295 0167 00       		.byte	0
 296 0168 05       		.uleb128 0x5
 297 0169 46000000 		.4byte	.LVL10
 298 016d AC010000 		.4byte	0x1ac
 299 0171 7C010000 		.4byte	0x17c
 300 0175 06       		.uleb128 0x6
 301 0176 01       		.uleb128 0x1
 302 0177 50       		.byte	0x50
 303 0178 02       		.uleb128 0x2
 304 0179 08       		.byte	0x8
 305 017a 64       		.byte	0x64
 306 017b 00       		.byte	0
 307 017c 05       		.uleb128 0x5
ARM GAS  C:\Users\jagumiel\AppData\Local\Temp\cchOiEJ4.s 			page 7


 308 017d 4C000000 		.4byte	.LVL11
 309 0181 CD010000 		.4byte	0x1cd
 310 0185 8F010000 		.4byte	0x18f
 311 0189 06       		.uleb128 0x6
 312 018a 01       		.uleb128 0x1
 313 018b 50       		.byte	0x50
 314 018c 01       		.uleb128 0x1
 315 018d 30       		.byte	0x30
 316 018e 00       		.byte	0
 317 018f 07       		.uleb128 0x7
 318 0190 54000000 		.4byte	.LVL12
 319 0194 AC010000 		.4byte	0x1ac
 320 0198 06       		.uleb128 0x6
 321 0199 01       		.uleb128 0x1
 322 019a 50       		.byte	0x50
 323 019b 03       		.uleb128 0x3
 324 019c 0A       		.byte	0xa
 325 019d F401     		.2byte	0x1f4
 326 019f 00       		.byte	0
 327 01a0 00       		.byte	0
 328 01a1 08       		.uleb128 0x8
 329 01a2 7D000000 		.4byte	.LASF14
 330 01a6 7D000000 		.4byte	.LASF14
 331 01aa 02       		.byte	0x2
 332 01ab 33       		.byte	0x33
 333 01ac 08       		.uleb128 0x8
 334 01ad 33000000 		.4byte	.LASF15
 335 01b1 33000000 		.4byte	.LASF15
 336 01b5 03       		.byte	0x3
 337 01b6 D9       		.byte	0xd9
 338 01b7 08       		.uleb128 0x8
 339 01b8 46010000 		.4byte	.LASF16
 340 01bc 46010000 		.4byte	.LASF16
 341 01c0 04       		.byte	0x4
 342 01c1 33       		.byte	0x33
 343 01c2 08       		.uleb128 0x8
 344 01c3 C8010000 		.4byte	.LASF17
 345 01c7 C8010000 		.4byte	.LASF17
 346 01cb 05       		.byte	0x5
 347 01cc 33       		.byte	0x33
 348 01cd 08       		.uleb128 0x8
 349 01ce 27000000 		.4byte	.LASF18
 350 01d2 27000000 		.4byte	.LASF18
 351 01d6 06       		.byte	0x6
 352 01d7 33       		.byte	0x33
 353 01d8 00       		.byte	0
 354              		.section	.debug_abbrev,"",%progbits
 355              	.Ldebug_abbrev0:
 356 0000 01       		.uleb128 0x1
 357 0001 11       		.uleb128 0x11
 358 0002 01       		.byte	0x1
 359 0003 25       		.uleb128 0x25
 360 0004 0E       		.uleb128 0xe
 361 0005 13       		.uleb128 0x13
 362 0006 0B       		.uleb128 0xb
 363 0007 03       		.uleb128 0x3
 364 0008 0E       		.uleb128 0xe
ARM GAS  C:\Users\jagumiel\AppData\Local\Temp\cchOiEJ4.s 			page 8


 365 0009 1B       		.uleb128 0x1b
 366 000a 0E       		.uleb128 0xe
 367 000b 55       		.uleb128 0x55
 368 000c 17       		.uleb128 0x17
 369 000d 11       		.uleb128 0x11
 370 000e 01       		.uleb128 0x1
 371 000f 10       		.uleb128 0x10
 372 0010 17       		.uleb128 0x17
 373 0011 00       		.byte	0
 374 0012 00       		.byte	0
 375 0013 02       		.uleb128 0x2
 376 0014 24       		.uleb128 0x24
 377 0015 00       		.byte	0
 378 0016 0B       		.uleb128 0xb
 379 0017 0B       		.uleb128 0xb
 380 0018 3E       		.uleb128 0x3e
 381 0019 0B       		.uleb128 0xb
 382 001a 03       		.uleb128 0x3
 383 001b 0E       		.uleb128 0xe
 384 001c 00       		.byte	0
 385 001d 00       		.byte	0
 386 001e 03       		.uleb128 0x3
 387 001f 24       		.uleb128 0x24
 388 0020 00       		.byte	0
 389 0021 0B       		.uleb128 0xb
 390 0022 0B       		.uleb128 0xb
 391 0023 3E       		.uleb128 0x3e
 392 0024 0B       		.uleb128 0xb
 393 0025 03       		.uleb128 0x3
 394 0026 08       		.uleb128 0x8
 395 0027 00       		.byte	0
 396 0028 00       		.byte	0
 397 0029 04       		.uleb128 0x4
 398 002a 2E       		.uleb128 0x2e
 399 002b 01       		.byte	0x1
 400 002c 3F       		.uleb128 0x3f
 401 002d 19       		.uleb128 0x19
 402 002e 03       		.uleb128 0x3
 403 002f 0E       		.uleb128 0xe
 404 0030 3A       		.uleb128 0x3a
 405 0031 0B       		.uleb128 0xb
 406 0032 3B       		.uleb128 0x3b
 407 0033 0B       		.uleb128 0xb
 408 0034 27       		.uleb128 0x27
 409 0035 19       		.uleb128 0x19
 410 0036 49       		.uleb128 0x49
 411 0037 13       		.uleb128 0x13
 412 0038 8701     		.uleb128 0x87
 413 003a 19       		.uleb128 0x19
 414 003b 11       		.uleb128 0x11
 415 003c 01       		.uleb128 0x1
 416 003d 12       		.uleb128 0x12
 417 003e 06       		.uleb128 0x6
 418 003f 40       		.uleb128 0x40
 419 0040 18       		.uleb128 0x18
 420 0041 9742     		.uleb128 0x2117
 421 0043 19       		.uleb128 0x19
ARM GAS  C:\Users\jagumiel\AppData\Local\Temp\cchOiEJ4.s 			page 9


 422 0044 01       		.uleb128 0x1
 423 0045 13       		.uleb128 0x13
 424 0046 00       		.byte	0
 425 0047 00       		.byte	0
 426 0048 05       		.uleb128 0x5
 427 0049 898201   		.uleb128 0x4109
 428 004c 01       		.byte	0x1
 429 004d 11       		.uleb128 0x11
 430 004e 01       		.uleb128 0x1
 431 004f 31       		.uleb128 0x31
 432 0050 13       		.uleb128 0x13
 433 0051 01       		.uleb128 0x1
 434 0052 13       		.uleb128 0x13
 435 0053 00       		.byte	0
 436 0054 00       		.byte	0
 437 0055 06       		.uleb128 0x6
 438 0056 8A8201   		.uleb128 0x410a
 439 0059 00       		.byte	0
 440 005a 02       		.uleb128 0x2
 441 005b 18       		.uleb128 0x18
 442 005c 9142     		.uleb128 0x2111
 443 005e 18       		.uleb128 0x18
 444 005f 00       		.byte	0
 445 0060 00       		.byte	0
 446 0061 07       		.uleb128 0x7
 447 0062 898201   		.uleb128 0x4109
 448 0065 01       		.byte	0x1
 449 0066 11       		.uleb128 0x11
 450 0067 01       		.uleb128 0x1
 451 0068 31       		.uleb128 0x31
 452 0069 13       		.uleb128 0x13
 453 006a 00       		.byte	0
 454 006b 00       		.byte	0
 455 006c 08       		.uleb128 0x8
 456 006d 2E       		.uleb128 0x2e
 457 006e 00       		.byte	0
 458 006f 3F       		.uleb128 0x3f
 459 0070 19       		.uleb128 0x19
 460 0071 3C       		.uleb128 0x3c
 461 0072 19       		.uleb128 0x19
 462 0073 6E       		.uleb128 0x6e
 463 0074 0E       		.uleb128 0xe
 464 0075 03       		.uleb128 0x3
 465 0076 0E       		.uleb128 0xe
 466 0077 3A       		.uleb128 0x3a
 467 0078 0B       		.uleb128 0xb
 468 0079 3B       		.uleb128 0x3b
 469 007a 0B       		.uleb128 0xb
 470 007b 00       		.byte	0
 471 007c 00       		.byte	0
 472 007d 00       		.byte	0
 473              		.section	.debug_aranges,"",%progbits
 474 0000 1C000000 		.4byte	0x1c
 475 0004 0200     		.2byte	0x2
 476 0006 00000000 		.4byte	.Ldebug_info0
 477 000a 04       		.byte	0x4
 478 000b 00       		.byte	0
ARM GAS  C:\Users\jagumiel\AppData\Local\Temp\cchOiEJ4.s 			page 10


 479 000c 0000     		.2byte	0
 480 000e 0000     		.2byte	0
 481 0010 00000000 		.4byte	.LFB32
 482 0014 56000000 		.4byte	.LFE32-.LFB32
 483 0018 00000000 		.4byte	0
 484 001c 00000000 		.4byte	0
 485              		.section	.debug_ranges,"",%progbits
 486              	.Ldebug_ranges0:
 487 0000 00000000 		.4byte	.LFB32
 488 0004 56000000 		.4byte	.LFE32
 489 0008 00000000 		.4byte	0
 490 000c 00000000 		.4byte	0
 491              		.section	.debug_line,"",%progbits
 492              	.Ldebug_line0:
 493 0000 C2000000 		.section	.debug_str,"MS",%progbits,1
 493      02006B00 
 493      00000201 
 493      FB0E0D00 
 493      01010101 
 494              	.LASF6:
 495 0000 6C6F6E67 		.ascii	"long long int\000"
 495      206C6F6E 
 495      6720696E 
 495      7400
 496              	.LASF8:
 497 000e 756E7369 		.ascii	"unsigned int\000"
 497      676E6564 
 497      20696E74 
 497      00
 498              	.LASF20:
 499 001b 6D61696E 		.ascii	"main.c\000"
 499      2E6300
 500              	.LASF22:
 501 0022 6D61696E 		.ascii	"main\000"
 501      00
 502              	.LASF18:
 503 0027 4C65645F 		.ascii	"Led_D_Write\000"
 503      445F5772 
 503      69746500 
 504              	.LASF15:
 505 0033 43794465 		.ascii	"CyDelay\000"
 505      6C617900 
 506              	.LASF5:
 507 003b 6C6F6E67 		.ascii	"long unsigned int\000"
 507      20756E73 
 507      69676E65 
 507      6420696E 
 507      7400
 508              	.LASF7:
 509 004d 6C6F6E67 		.ascii	"long long unsigned int\000"
 509      206C6F6E 
 509      6720756E 
 509      7369676E 
 509      65642069 
 510              	.LASF9:
 511 0064 666C6F61 		.ascii	"float\000"
 511      7400
ARM GAS  C:\Users\jagumiel\AppData\Local\Temp\cchOiEJ4.s 			page 11


 512              	.LASF1:
 513 006a 756E7369 		.ascii	"unsigned char\000"
 513      676E6564 
 513      20636861 
 513      7200
 514              	.LASF11:
 515 0078 63686172 		.ascii	"char\000"
 515      00
 516              	.LASF14:
 517 007d 4C65645F 		.ascii	"Led_A_Write\000"
 517      415F5772 
 517      69746500 
 518              	.LASF4:
 519 0089 6C6F6E67 		.ascii	"long int\000"
 519      20696E74 
 519      00
 520              	.LASF10:
 521 0092 646F7562 		.ascii	"double\000"
 521      6C6500
 522              	.LASF19:
 523 0099 474E5520 		.ascii	"GNU C11 5.4.1 20160609 (release) [ARM/embedded-5-br"
 523      43313120 
 523      352E342E 
 523      31203230 
 523      31363036 
 524 00cc 616E6368 		.ascii	"anch revision 237715] -mcpu=cortex-m0 -mthumb -g -O"
 524      20726576 
 524      6973696F 
 524      6E203233 
 524      37373135 
 525 00ff 67202D66 		.ascii	"g -ffunction-sections -ffat-lto-objects\000"
 525      66756E63 
 525      74696F6E 
 525      2D736563 
 525      74696F6E 
 526              	.LASF3:
 527 0127 73686F72 		.ascii	"short unsigned int\000"
 527      7420756E 
 527      7369676E 
 527      65642069 
 527      6E7400
 528              	.LASF0:
 529 013a 7369676E 		.ascii	"signed char\000"
 529      65642063 
 529      68617200 
 530              	.LASF16:
 531 0146 4C65645F 		.ascii	"Led_B_Write\000"
 531      425F5772 
 531      69746500 
 532              	.LASF12:
 533 0152 6C6F6E67 		.ascii	"long double\000"
 533      20646F75 
 533      626C6500 
 534              	.LASF21:
 535 015e 443A5C55 		.ascii	"D:\\Users\\jagumiel\\Documents\\PSoC Creator\\PSoC-"
 535      73657273 
 535      5C6A6167 
ARM GAS  C:\Users\jagumiel\AppData\Local\Temp\cchOiEJ4.s 			page 12


 535      756D6965 
 535      6C5C446F 
 536 018c 3130315C 		.ascii	"101\\PSoC-101\\TrainingProjects\\KITT.cydsn\000"
 536      50536F43 
 536      2D313031 
 536      5C547261 
 536      696E696E 
 537              	.LASF2:
 538 01b5 73686F72 		.ascii	"short int\000"
 538      7420696E 
 538      7400
 539              	.LASF13:
 540 01bf 73697A65 		.ascii	"sizetype\000"
 540      74797065 
 540      00
 541              	.LASF17:
 542 01c8 4C65645F 		.ascii	"Led_C_Write\000"
 542      435F5772 
 542      69746500 
 543              		.ident	"GCC: (GNU Tools for ARM Embedded Processors) 5.4.1 20160609 (release) [ARM/embedded-5-bran
