--------------- Build Started: 07/17/2020 12:22:48 Project: ADC-PWM-UART, Configuration: ARM GCC 5.4-2016-q2-update Debug ---------------
cydsfit.exe -.appdatapath "C:\Users\jagumiel\AppData\Local\Cypress Semiconductor\PSoC Creator\4.2" -.fdsnotice -.fdswarpdepfile=warp_dependencies.txt -.fdselabdepfile=elab_dependencies.txt -.fdsbldfile=generated_files.txt -.fdsreffile=referenced_files.txt -p "D:\Users\jagumiel\Documents\PSoC Creator\PSoC-101\PSoC-101\TrainingProjects\ADC-PWM-UART.cydsn\ADC-PWM-UART.cyprj" -d CY8C4245AXI-483 -s "D:\Users\jagumiel\Documents\PSoC Creator\PSoC-101\PSoC-101\TrainingProjects\ADC-PWM-UART.cydsn\Generated_Source\PSoC4" -- -yv2 -q10 -ygs -o2 -v3 -.fftcfgtype=LE
Elaborating Design...
HDL Generation...
Synthesis...
Tech Mapping...
Info: mpr.M0053: Information from the design wide resources Pin Editor has overridden the control file entry for "\UART:tx(0)\". (App=cydsfit)
ADD: pft.M0040: information: The following 1 pin(s) will be assigned a location by the fitter: Input_1(0)
Analog Placement...
Analog Routing...
Analog Code Generation...
Digital Placement...
Digital Routing...
Bitstream Generation...
Bitstream Verification...
Static timing analysis...
API Generation...
Dependency Generation...
Cleanup...
arm-none-eabi-gcc.exe -mcpu=cortex-m0 -mthumb -I. -IGenerated_Source\PSoC4 -Wa,-alh=.\ARM_GCC_541\Debug/cyfitter_cfg.lst -g -Wall -ffunction-sections -ffat-lto-objects -O0 -c Generated_Source\PSoC4\cyfitter_cfg.c -o .\ARM_GCC_541\Debug\cyfitter_cfg.o
arm-none-eabi-ar.exe -rs .\ARM_GCC_541\Debug\ADC-PWM-UART.a .\ARM_GCC_541\Debug\LED.o .\ARM_GCC_541\Debug\LED_PM.o .\ARM_GCC_541\Debug\UART.o .\ARM_GCC_541\Debug\UART_SPI_UART.o .\ARM_GCC_541\Debug\UART_SPI_UART_INT.o .\ARM_GCC_541\Debug\UART_PM.o .\ARM_GCC_541\Debug\UART_UART.o .\ARM_GCC_541\Debug\UART_BOOT.o .\ARM_GCC_541\Debug\UART_UART_BOOT.o .\ARM_GCC_541\Debug\Input_1.o .\ARM_GCC_541\Debug\Input_1_PM.o .\ARM_GCC_541\Debug\ADC.o .\ARM_GCC_541\Debug\ADC_PM.o .\ARM_GCC_541\Debug\ADC_INT.o .\ARM_GCC_541\Debug\UART_SCBCLK.o .\ARM_GCC_541\Debug\UART_tx.o .\ARM_GCC_541\Debug\UART_tx_PM.o .\ARM_GCC_541\Debug\ADC_IRQ.o .\ARM_GCC_541\Debug\ADC_intClock.o .\ARM_GCC_541\Debug\cy_em_eeprom.o .\ARM_GCC_541\Debug\CyFlash.o .\ARM_GCC_541\Debug\CyLib.o .\ARM_GCC_541\Debug\cyPm.o .\ARM_GCC_541\Debug\cyutils.o .\ARM_GCC_541\Debug\CyLFClk.o .\ARM_GCC_541\Debug\PWM.o .\ARM_GCC_541\Debug\PWM_PM.o .\ARM_GCC_541\Debug\Clock_1MHz_1.o .\ARM_GCC_541\Debug\CyBootAsmGnu.o
arm-none-eabi-ar.exe: creating .\ARM_GCC_541\Debug\ADC-PWM-UART.a
arm-none-eabi-gcc.exe -Wl,--start-group -o "D:\Users\jagumiel\Documents\PSoC Creator\PSoC-101\PSoC-101\TrainingProjects\ADC-PWM-UART.cydsn\ARM_GCC_541\Debug\ADC-PWM-UART.elf" .\ARM_GCC_541\Debug\main.o .\ARM_GCC_541\Debug\cyfitter_cfg.o .\ARM_GCC_541\Debug\cymetadata.o .\ARM_GCC_541\Debug\Cm0Start.o .\ARM_GCC_541\Debug\ADC-PWM-UART.a -mcpu=cortex-m0 -mthumb -L Generated_Source\PSoC4 -Wl,-Map,.\ARM_GCC_541\Debug/ADC-PWM-UART.map -T Generated_Source\PSoC4\cm0gcc.ld -specs=nano.specs -Wl,--gc-sections -g -ffunction-sections -O0 -ffat-lto-objects -Wl,--end-group
cyelftool.exe -C "D:\Users\jagumiel\Documents\PSoC Creator\PSoC-101\PSoC-101\TrainingProjects\ADC-PWM-UART.cydsn\ARM_GCC_541\Debug\ADC-PWM-UART.elf" --flash_row_size 128 --flash_size 32768 --flash_offset 0x00000000
No ELF section .cychecksum found, creating one
Application checksum calculated and stored in ELF section .cychecksum
Checksum calculated and stored in ELF section .cymeta
cyelftool.exe -S "D:\Users\jagumiel\Documents\PSoC Creator\PSoC-101\PSoC-101\TrainingProjects\ADC-PWM-UART.cydsn\ARM_GCC_541\Debug\ADC-PWM-UART.elf"
Flash used: 5736 of 32768 bytes (17,5 %).
SRAM used: 1652 of 4096 bytes (40,3 %). Stack: 1024 bytes. Heap: 256 bytes.
--------------- Build Succeeded: 07/17/2020 12:23:03 ---------------
