Loading plugins phase: Elapsed time ==> 0s.183ms
<CYPRESSTAG name="CyDsfit arguments...">
cydsfit arguments: -.fdsnotice -.fdswarpdepfile=warp_dependencies.txt -.fdselabdepfile=elab_dependencies.txt -.fdsbldfile=generated_files.txt -.fdsreffile=referenced_files.txt -p D:\Users\jagumiel\Documents\PSoC Creator\PSoC-101\PSoC-101\Lesson14.cydsn\Lesson14.cyprj -d CY8C4245AXI-483 -s D:\Users\jagumiel\Documents\PSoC Creator\PSoC-101\PSoC-101\Lesson14.cydsn\Generated_Source\PSoC4 -- -yv2 -q10 -ygs -o2 -v3 -.fftcfgtype=LE
</CYPRESSTAG>
<CYPRESSTAG name="Design elaboration results...">
</CYPRESSTAG>
Elaboration phase: Elapsed time ==> 1s.095ms
<CYPRESSTAG name="HDL generation results...">
</CYPRESSTAG>
HDL generation phase: Elapsed time ==> 0s.042ms
<CYPRESSTAG name="Synthesis results...">

     | | | | | | |
   _________________
  -|               |-
  -|               |-
  -|               |-
  -|    CYPRESS    |-
  -|               |-
  -|               |-   Warp Verilog Synthesis Compiler: Version 6.3 IR 41
  -|               |-   Copyright (C) 1991-2001 Cypress Semiconductor
   |_______________|
     | | | | | | |

======================================================================
Compiling:  Lesson14.v
Program  :   C:\Program Files (x86)\Cypress\PSoC Creator\4.2\PSoC Creator\warp\bin\warp.exe
Options  :    -yv2 -q10 -ygs -o2 -v3 -.fftcfgtype=LE -ya -.fftprj=D:\Users\jagumiel\Documents\PSoC Creator\PSoC-101\PSoC-101\Lesson14.cydsn\Lesson14.cyprj -dcpsoc3 Lesson14.v -verilog
======================================================================

======================================================================
Compiling:  Lesson14.v
Program  :   C:\Program Files (x86)\Cypress\PSoC Creator\4.2\PSoC Creator\warp\bin\warp.exe
Options  :    -yv2 -q10 -ygs -o2 -v3 -.fftcfgtype=LE -ya -.fftprj=D:\Users\jagumiel\Documents\PSoC Creator\PSoC-101\PSoC-101\Lesson14.cydsn\Lesson14.cyprj -dcpsoc3 Lesson14.v -verilog
======================================================================

======================================================================
Compiling:  Lesson14.v
Program  :   vlogfe
Options  :    -yv2 -q10 -ygs -o2 -v3 -.fftcfgtype=LE -ya -.fftprj=D:\Users\jagumiel\Documents\PSoC Creator\PSoC-101\PSoC-101\Lesson14.cydsn\Lesson14.cyprj -dcpsoc3 -verilog Lesson14.v
======================================================================

vlogfe V6.3 IR 41:  Verilog parser
Mon Jul 06 13:24:27 2020


======================================================================
Compiling:  Lesson14.v
Program  :   vpp
Options  :    -yv2 -q10 Lesson14.v
======================================================================

vpp V6.3 IR 41:  Verilog Pre-Processor
Mon Jul 06 13:24:27 2020

Flattening file 'C:\Program Files (x86)\Cypress\PSoC Creator\4.2\PSoC Creator\psoc\content\CyPrimitives\cyprimitives.cylib\not_v1_0\not_v1_0.v'
Flattening file 'C:\Program Files (x86)\Cypress\PSoC Creator\4.2\PSoC Creator\psoc\content\CyPrimitives\cyprimitives.cylib\cy_tff_v1_0\cy_tff_v1_0.v'
Flattening file 'C:\Program Files (x86)\Cypress\PSoC Creator\4.2\PSoC Creator\psoc\content\CyPrimitives\cyprimitives.cylib\cy_constant_v1_0\cy_constant_v1_0.v'
Flattening file 'C:\Program Files (x86)\Cypress\PSoC Creator\4.2\PSoC Creator\psoc\content\CyPrimitives\cyprimitives.cylib\cy_virtualmux_v1_0\cy_virtualmux_v1_0.v'
Flattening file 'C:\Program Files (x86)\Cypress\PSoC Creator\4.2\PSoC Creator\psoc\content\CyPrimitives\cyprimitives.cylib\ZeroTerminal\ZeroTerminal.v'
Flattening file 'C:\Program Files (x86)\Cypress\PSoC Creator\4.2\PSoC Creator\psoc\content\CyPrimitives\cyprimitives.cylib\or_v1_0\or_v1_0.v'
Flattening file 'C:\Program Files (x86)\Cypress\PSoC Creator\4.2\PSoC Creator\psoc\content\CyPrimitives\cyprimitives.cylib\CyStatusReg_v1_90\CyStatusReg_v1_90.v'
Flattening file 'C:\Program Files (x86)\Cypress\PSoC Creator\4.2\PSoC Creator\warp\lib\common\cypress.v'
Flattening file 'C:\Program Files (x86)\Cypress\PSoC Creator\4.2\PSoC Creator\warp\lib\common\cy_psoc3_inc.v'

vpp:  No errors.

Library 'work' => directory 'lcpsoc3'
General_symbol_table
General_symbol_table
Linking 'C:\Program Files (x86)\Cypress\PSoC Creator\4.2\PSoC Creator\warp\lib\common\std.vhd'.
Linking 'C:\Program Files (x86)\Cypress\PSoC Creator\4.2\PSoC Creator\warp\lib\common\cypress.vhd'.
Linking 'C:\Program Files (x86)\Cypress\PSoC Creator\4.2\PSoC Creator\warp\lib\common\work\cypress.vif'.
Linking 'C:\Program Files (x86)\Cypress\PSoC Creator\4.2\PSoC Creator\warp\lib\ieee\work\stdlogic.vif'.
Linking 'C:\Program Files (x86)\Cypress\PSoC Creator\4.2\PSoC Creator\warp\lib\common\stdlogic\lpmpkg.vif'.
Linking 'C:\Program Files (x86)\Cypress\PSoC Creator\4.2\PSoC Creator\warp\lib\common\stdlogic\rtlpkg.vif'.
Linking 'C:\Program Files (x86)\Cypress\PSoC Creator\4.2\PSoC Creator\warp\lib\common\stdlogic\mod_cnst.vif'.
Linking 'C:\Program Files (x86)\Cypress\PSoC Creator\4.2\PSoC Creator\warp\lib\common\stdlogic\mod_mthv.vif'.
Linking 'C:\Program Files (x86)\Cypress\PSoC Creator\4.2\PSoC Creator\warp\lib\common\stdlogic\mod_genv.vif'.
Using control file 'Lesson14.ctl'.

vlogfe:  No errors.


======================================================================
Compiling:  Lesson14.v
Program  :   tovif
Options  :    -yv2 -q10 -ygs -o2 -v3 -.fftcfgtype=LE -ya -.fftprj=D:\Users\jagumiel\Documents\PSoC Creator\PSoC-101\PSoC-101\Lesson14.cydsn\Lesson14.cyprj -dcpsoc3 -verilog Lesson14.v
======================================================================

tovif V6.3 IR 41:  High-level synthesis
Mon Jul 06 13:24:28 2020

Linking 'C:\Program Files (x86)\Cypress\PSoC Creator\4.2\PSoC Creator\warp\lib\common\std.vhd'.
Linking 'C:\Program Files (x86)\Cypress\PSoC Creator\4.2\PSoC Creator\warp\lib\common\cypress.vhd'.
Linking 'C:\Program Files (x86)\Cypress\PSoC Creator\4.2\PSoC Creator\warp\lib\common\work\cypress.vif'.
Linking 'C:\Program Files (x86)\Cypress\PSoC Creator\4.2\PSoC Creator\warp\lib\ieee\work\stdlogic.vif'.
Linking 'C:\Program Files (x86)\Cypress\PSoC Creator\4.2\PSoC Creator\warp\lib\common\stdlogic\lpmpkg.vif'.
Linking 'C:\Program Files (x86)\Cypress\PSoC Creator\4.2\PSoC Creator\warp\lib\common\stdlogic\rtlpkg.vif'.
Linking 'C:\Program Files (x86)\Cypress\PSoC Creator\4.2\PSoC Creator\warp\lib\common\stdlogic\mod_cnst.vif'.
Linking 'C:\Program Files (x86)\Cypress\PSoC Creator\4.2\PSoC Creator\warp\lib\common\stdlogic\mod_mthv.vif'.
Linking 'C:\Program Files (x86)\Cypress\PSoC Creator\4.2\PSoC Creator\warp\lib\common\stdlogic\mod_genv.vif'.
Linking 'D:\Users\jagumiel\Documents\PSoC Creator\PSoC-101\PSoC-101\Lesson14.cydsn\codegentemp\Lesson14.ctl'.
Linking 'C:\Program Files (x86)\Cypress\PSoC Creator\4.2\PSoC Creator\psoc\content\CyPrimitives\cyprimitives.cylib\not_v1_0\not_v1_0.v'.
Linking 'D:\Users\jagumiel\Documents\PSoC Creator\PSoC-101\PSoC-101\Lesson14.cydsn\codegentemp\Lesson14.v'.
Linking 'C:\Program Files (x86)\Cypress\PSoC Creator\4.2\PSoC Creator\psoc\content\CyPrimitives\cyprimitives.cylib\cy_tff_v1_0\cy_tff_v1_0.v'.
Linking 'C:\Program Files (x86)\Cypress\PSoC Creator\4.2\PSoC Creator\psoc\content\CyPrimitives\cyprimitives.cylib\cy_constant_v1_0\cy_constant_v1_0.v'.
Linking 'C:\Program Files (x86)\Cypress\PSoC Creator\4.2\PSoC Creator\psoc\content\CyPrimitives\cyprimitives.cylib\cy_virtualmux_v1_0\cy_virtualmux_v1_0.v'.
Linking 'C:\Program Files (x86)\Cypress\PSoC Creator\4.2\PSoC Creator\psoc\content\CyPrimitives\cyprimitives.cylib\ZeroTerminal\ZeroTerminal.v'.
Linking 'C:\Program Files (x86)\Cypress\PSoC Creator\4.2\PSoC Creator\psoc\content\CyPrimitives\cyprimitives.cylib\or_v1_0\or_v1_0.v'.
Linking 'C:\Program Files (x86)\Cypress\PSoC Creator\4.2\PSoC Creator\psoc\content\CyPrimitives\cyprimitives.cylib\CyStatusReg_v1_90\CyStatusReg_v1_90.v'.
Linking 'C:\Program Files (x86)\Cypress\PSoC Creator\4.2\PSoC Creator\warp\lib\common\cypress.v'.
Linking 'C:\Program Files (x86)\Cypress\PSoC Creator\4.2\PSoC Creator\warp\lib\common\cy_psoc3_inc.v'.

tovif:  No errors.


======================================================================
Compiling:  Lesson14.v
Program  :   topld
Options  :    -yv2 -q10 -ygs -o2 -v3 -.fftcfgtype=LE -ya -.fftprj=D:\Users\jagumiel\Documents\PSoC Creator\PSoC-101\PSoC-101\Lesson14.cydsn\Lesson14.cyprj -dcpsoc3 -verilog Lesson14.v
======================================================================

topld V6.3 IR 41:  Synthesis and optimization
Mon Jul 06 13:24:28 2020

Linking 'C:\Program Files (x86)\Cypress\PSoC Creator\4.2\PSoC Creator\warp\lib\common\std.vhd'.
Linking 'C:\Program Files (x86)\Cypress\PSoC Creator\4.2\PSoC Creator\warp\lib\common\cypress.vhd'.
Linking 'C:\Program Files (x86)\Cypress\PSoC Creator\4.2\PSoC Creator\warp\lib\common\work\cypress.vif'.
Linking 'C:\Program Files (x86)\Cypress\PSoC Creator\4.2\PSoC Creator\warp\lib\ieee\work\stdlogic.vif'.
Linking 'C:\Program Files (x86)\Cypress\PSoC Creator\4.2\PSoC Creator\warp\lib\common\stdlogic\lpmpkg.vif'.
Linking 'C:\Program Files (x86)\Cypress\PSoC Creator\4.2\PSoC Creator\warp\lib\common\stdlogic\rtlpkg.vif'.
Linking 'C:\Program Files (x86)\Cypress\PSoC Creator\4.2\PSoC Creator\warp\lib\common\stdlogic\mod_cnst.vif'.
Linking 'C:\Program Files (x86)\Cypress\PSoC Creator\4.2\PSoC Creator\warp\lib\common\stdlogic\mod_mthv.vif'.
Linking 'C:\Program Files (x86)\Cypress\PSoC Creator\4.2\PSoC Creator\warp\lib\common\stdlogic\mod_genv.vif'.
Linking 'D:\Users\jagumiel\Documents\PSoC Creator\PSoC-101\PSoC-101\Lesson14.cydsn\codegentemp\Lesson14.ctl'.
Linking 'C:\Program Files (x86)\Cypress\PSoC Creator\4.2\PSoC Creator\psoc\content\CyPrimitives\cyprimitives.cylib\not_v1_0\not_v1_0.v'.
Linking 'D:\Users\jagumiel\Documents\PSoC Creator\PSoC-101\PSoC-101\Lesson14.cydsn\codegentemp\Lesson14.v'.
Linking 'C:\Program Files (x86)\Cypress\PSoC Creator\4.2\PSoC Creator\psoc\content\CyPrimitives\cyprimitives.cylib\cy_tff_v1_0\cy_tff_v1_0.v'.
Linking 'C:\Program Files (x86)\Cypress\PSoC Creator\4.2\PSoC Creator\psoc\content\CyPrimitives\cyprimitives.cylib\cy_constant_v1_0\cy_constant_v1_0.v'.
Linking 'C:\Program Files (x86)\Cypress\PSoC Creator\4.2\PSoC Creator\psoc\content\CyPrimitives\cyprimitives.cylib\cy_virtualmux_v1_0\cy_virtualmux_v1_0.v'.
Linking 'C:\Program Files (x86)\Cypress\PSoC Creator\4.2\PSoC Creator\psoc\content\CyPrimitives\cyprimitives.cylib\ZeroTerminal\ZeroTerminal.v'.
Linking 'C:\Program Files (x86)\Cypress\PSoC Creator\4.2\PSoC Creator\psoc\content\CyPrimitives\cyprimitives.cylib\or_v1_0\or_v1_0.v'.
Linking 'C:\Program Files (x86)\Cypress\PSoC Creator\4.2\PSoC Creator\psoc\content\CyPrimitives\cyprimitives.cylib\CyStatusReg_v1_90\CyStatusReg_v1_90.v'.
Linking 'C:\Program Files (x86)\Cypress\PSoC Creator\4.2\PSoC Creator\warp\lib\common\cypress.v'.
Linking 'C:\Program Files (x86)\Cypress\PSoC Creator\4.2\PSoC Creator\warp\lib\common\cy_psoc3_inc.v'.
Linking 'C:\Program Files (x86)\Cypress\PSoC Creator\4.2\PSoC Creator\warp\lib\lcpsoc3\stdlogic\cpsoc3.vif'.

----------------------------------------------------------
Detecting unused logic.
----------------------------------------------------------
    User names
	\UART:Net_1257\
	\UART:uncfg_rx_irq\
	\UART:Net_1099\
	\UART:Net_1258\
	Net_80
	Net_89
	Net_90
	Net_91
	Net_92
	Net_93
	Net_94
	Net_95
	Net_97
	Net_100


Deleted 14 User equations/components.
Deleted 0 Synthesized equations/components.

------------------------------------------------------
Alias Detection
------------------------------------------------------
Aliasing one to tmpOE__Pin_Green_net_0
Aliasing tmpOE__Pin_Red_net_0 to tmpOE__Pin_Green_net_0
Aliasing tmpOE__Pin_Blue_net_0 to tmpOE__Pin_Green_net_0
Aliasing tmpOE__Pin_SW2_net_0 to tmpOE__Pin_Green_net_0
Aliasing Net_39 to tmpOE__Pin_Green_net_0
Aliasing Net_36 to tmpOE__Pin_Green_net_0
Aliasing \UART:select_s_wire\ to zero
Aliasing \UART:sclk_s_wire\ to zero
Aliasing \UART:mosi_s_wire\ to zero
Aliasing \UART:miso_m_wire\ to zero
Aliasing \UART:tmpOE__tx_net_0\ to tmpOE__Pin_Green_net_0
Aliasing \UART:tmpOE__rx_net_0\ to tmpOE__Pin_Green_net_0
Aliasing \UART:cts_wire\ to zero
Aliasing Net_71 to tmpOE__Pin_Green_net_0
Aliasing \Status:status_3\ to zero
Aliasing \Status:status_4\ to zero
Aliasing \Status:status_5\ to zero
Aliasing \Status:status_6\ to zero
Aliasing \Status:status_7\ to zero
Aliasing Net_101 to tmpOE__Pin_Green_net_0
Removing Rhs of wire Net_59[2] = cy_tff_3[117]
Removing Lhs of wire one[8] = tmpOE__Pin_Green_net_0[1]
Removing Lhs of wire tmpOE__Pin_Red_net_0[11] = tmpOE__Pin_Green_net_0[1]
Removing Rhs of wire Net_46[12] = cy_tff_1[52]
Removing Lhs of wire tmpOE__Pin_Blue_net_0[19] = tmpOE__Pin_Green_net_0[1]
Removing Rhs of wire Net_78[20] = cy_tff_2[54]
Removing Lhs of wire tmpOE__Pin_SW2_net_0[42] = tmpOE__Pin_Green_net_0[1]
Removing Lhs of wire Net_39[53] = tmpOE__Pin_Green_net_0[1]
Removing Lhs of wire Net_36[55] = tmpOE__Pin_Green_net_0[1]
Removing Lhs of wire \UART:select_s_wire\[58] = zero[7]
Removing Rhs of wire \UART:rx_wire\[59] = \UART:Net_1268\[60]
Removing Lhs of wire \UART:Net_1170\[63] = \UART:Net_847\[57]
Removing Lhs of wire \UART:sclk_s_wire\[64] = zero[7]
Removing Lhs of wire \UART:mosi_s_wire\[65] = zero[7]
Removing Lhs of wire \UART:miso_m_wire\[66] = zero[7]
Removing Lhs of wire \UART:tmpOE__tx_net_0\[68] = tmpOE__Pin_Green_net_0[1]
Removing Lhs of wire \UART:tmpOE__rx_net_0\[77] = tmpOE__Pin_Green_net_0[1]
Removing Lhs of wire \UART:cts_wire\[81] = zero[7]
Removing Lhs of wire Net_71[107] = tmpOE__Pin_Green_net_0[1]
Removing Lhs of wire \Status:status_0\[108] = Net_46[12]
Removing Lhs of wire \Status:status_1\[109] = Net_78[20]
Removing Lhs of wire \Status:status_2\[110] = Net_59[2]
Removing Lhs of wire \Status:status_3\[111] = zero[7]
Removing Lhs of wire \Status:status_4\[112] = zero[7]
Removing Lhs of wire \Status:status_5\[113] = zero[7]
Removing Lhs of wire \Status:status_6\[114] = zero[7]
Removing Lhs of wire \Status:status_7\[115] = zero[7]
Removing Lhs of wire Net_101[118] = tmpOE__Pin_Green_net_0[1]

------------------------------------------------------
Aliased 0 equations, 28 wires.
------------------------------------------------------

----------------------------------------------------------
Circuit simplification
----------------------------------------------------------

Substituting virtuals - pass 1:

Note:  Expanding virtual equation for 'tmpOE__Pin_Green_net_0' (cost = 0):
tmpOE__Pin_Green_net_0 <=  ('1') ;


Substituting virtuals - pass 2:


----------------------------------------------------------
Circuit simplification results:

	Expanded 1 signals.
	Turned 0 signals into soft nodes.
	Maximum default expansion cost was set at 3.
----------------------------------------------------------

------------------------------------------------------
Alias Detection
------------------------------------------------------

------------------------------------------------------
Aliased 0 equations, 0 wires.
------------------------------------------------------

Last attempt to remove unused logic - pass 1:


Last attempt to remove unused logic - pass 2:


topld:  No errors.

CYPRESS_DIR    : C:\Program Files (x86)\Cypress\PSoC Creator\4.2\PSoC Creator\warp
Warp Program   : C:\Program Files (x86)\Cypress\PSoC Creator\4.2\PSoC Creator\warp\bin\warp.exe
Warp Arguments : -yv2 -q10 -ygs -o2 -v3 -.fftcfgtype=LE -ya "-.fftprj=D:\Users\jagumiel\Documents\PSoC Creator\PSoC-101\PSoC-101\Lesson14.cydsn\Lesson14.cyprj" -dcpsoc3 Lesson14.v -verilog
</CYPRESSTAG>
Warp synthesis phase: Elapsed time ==> 1s.823ms
<CYPRESSTAG name="Fitter results...">
<CYPRESSTAG name="Fitter startup details...">
cyp3fit: V4.2.0.641, Family: PSoC3, Started at: Monday, 06 July 2020 13:24:28
Options: -yv2 -q10 -ygs -o2 -v3 -.fftcfgtype=LE -ya -.fftprj=D:\Users\jagumiel\Documents\PSoC Creator\PSoC-101\PSoC-101\Lesson14.cydsn\Lesson14.cyprj -d CY8C4245AXI-483 Lesson14.v -verilog
</CYPRESSTAG>
<CYPRESSTAG name="Design parsing">
Design parsing phase: Elapsed time ==> 0s.007ms
</CYPRESSTAG>
<CYPRESSTAG name="Tech Mapping">
<CYPRESSTAG name="Initial Mapping" icon="FILE_RPT_TECHM">

Removing unused cells resulting from optimization
Done removing unused cells.
<CYPRESSTAG name="Global Clock Selection" icon="FILE_RPT_TECHM">
    Fixed Function Clock 2: Automatic-assigning  clock 'UART_SCBCLK'. Signal=\UART:Net_847_ff2\
<CYPRESSTAG name="UDB Clock/Enable Remapping Results">
</CYPRESSTAG>
<CYPRESSTAG name="UDB Routed Clock Assignment">
    Routed Clock: Pin_SW2(0):iocell.fb
        Effective Clock: HFClk
        Enable Signal: Pin_SW2(0):iocell.fb
    Routed Clock: Net_46:macrocell.q
        Effective Clock: HFClk
        Enable Signal: Net_46:macrocell.q
    Routed Clock: Net_78:macrocell.q
        Effective Clock: HFClk
        Enable Signal: Net_78:macrocell.q
</CYPRESSTAG>
</CYPRESSTAG>

Removing unused cells resulting from optimization
Done removing unused cells.
<CYPRESSTAG name="Duplicate Macrocell detection">
</CYPRESSTAG>
</CYPRESSTAG>
<CYPRESSTAG name="Duplicate Macrocell detection">
</CYPRESSTAG>
<CYPRESSTAG name="Design Equations" icon="FILE_RPT_EQUATION">

------------------------------------------------------------
Design Equations
------------------------------------------------------------
    <CYPRESSTAG name="Pin listing">

    ------------------------------------------------------------
    Pin listing
    ------------------------------------------------------------

    Pin : Name = Pin_Green(0)
        Attributes:
            In Group/Port: True
            In Sync Option: AUTO
            Out Sync Option: NOSYNC
            Interrupt generated: False
            Interrupt mode: NONE
            Drive mode: CMOS_OUT
            VTrip: EITHER
            Slew: FAST
            Input Sync needed: False
            Output Sync needed: False
            SC shield enabled: False
            POR State: ANY
            LCD Mode: COMMON
            Register Mode: RegComb
            CaSense Mode: NEITHER
            Treat as pin: True
            Is OE Registered: False
            Uses Analog: False
            Can contain Digital: True
            Is SIO: False
            SIO Output Buf: NONREGULATED
            SIO Input Buf: SINGLE_ENDED
            SIO HiFreq: LOW
            SIO Hyst: DISABLED
            SIO Vtrip: MULTIPLIER_0_5
            SIO Multiplier Index: 0
            SIO RefSel: VCC_IO
            Required Capabilities: DIGITAL, ROUTABLE
            Initial Value: 1
            IO Voltage: 0
        PORT MAP (
            pa_out => Pin_Green(0)__PA ,
            pin_input => Net_59 ,
            annotation => Net_8 ,
            pad => Pin_Green(0)_PAD );
        Properties:
        {
        }

    Pin : Name = Pin_Red(0)
        Attributes:
            In Group/Port: True
            In Sync Option: AUTO
            Out Sync Option: NOSYNC
            Interrupt generated: False
            Interrupt mode: NONE
            Drive mode: CMOS_OUT
            VTrip: EITHER
            Slew: FAST
            Input Sync needed: False
            Output Sync needed: False
            SC shield enabled: False
            POR State: ANY
            LCD Mode: COMMON
            Register Mode: RegComb
            CaSense Mode: NEITHER
            Treat as pin: True
            Is OE Registered: False
            Uses Analog: False
            Can contain Digital: True
            Is SIO: False
            SIO Output Buf: NONREGULATED
            SIO Input Buf: SINGLE_ENDED
            SIO HiFreq: LOW
            SIO Hyst: DISABLED
            SIO Vtrip: MULTIPLIER_0_5
            SIO Multiplier Index: 0
            SIO RefSel: VCC_IO
            Required Capabilities: DIGITAL, ROUTABLE
            Initial Value: 1
            IO Voltage: 0
        PORT MAP (
            pa_out => Pin_Red(0)__PA ,
            pin_input => Net_46 ,
            annotation => Net_3 ,
            pad => Pin_Red(0)_PAD );
        Properties:
        {
        }

    Pin : Name = Pin_Blue(0)
        Attributes:
            In Group/Port: True
            In Sync Option: AUTO
            Out Sync Option: NOSYNC
            Interrupt generated: False
            Interrupt mode: NONE
            Drive mode: CMOS_OUT
            VTrip: EITHER
            Slew: FAST
            Input Sync needed: False
            Output Sync needed: False
            SC shield enabled: False
            POR State: ANY
            LCD Mode: COMMON
            Register Mode: RegComb
            CaSense Mode: NEITHER
            Treat as pin: True
            Is OE Registered: False
            Uses Analog: False
            Can contain Digital: True
            Is SIO: False
            SIO Output Buf: NONREGULATED
            SIO Input Buf: SINGLE_ENDED
            SIO HiFreq: LOW
            SIO Hyst: DISABLED
            SIO Vtrip: MULTIPLIER_0_5
            SIO Multiplier Index: 0
            SIO RefSel: VCC_IO
            Required Capabilities: DIGITAL, ROUTABLE
            Initial Value: 1
            IO Voltage: 0
        PORT MAP (
            pa_out => Pin_Blue(0)__PA ,
            pin_input => Net_78 ,
            annotation => Net_9 ,
            pad => Pin_Blue(0)_PAD );
        Properties:
        {
        }

    Pin : Name = Pin_SW2(0)
        Attributes:
            In Group/Port: True
            In Sync Option: SYNC
            Out Sync Option: AUTO
            Interrupt generated: False
            Interrupt mode: NONE
            Drive mode: RES_PULL_UP
            VTrip: CMOS
            Slew: FAST
            Input Sync needed: True
            Output Sync needed: False
            SC shield enabled: False
            POR State: ANY
            LCD Mode: COMMON
            Register Mode: RegComb
            CaSense Mode: NEITHER
            Treat as pin: True
            Is OE Registered: False
            Uses Analog: False
            Can contain Digital: True
            Is SIO: False
            SIO Output Buf: NONREGULATED
            SIO Input Buf: SINGLE_ENDED
            SIO HiFreq: LOW
            SIO Hyst: DISABLED
            SIO Vtrip: MULTIPLIER_0_5
            SIO Multiplier Index: 0
            SIO RefSel: VCC_IO
            Required Capabilities: DIGITAL, ROUTABLE
            Initial Value: 1
            IO Voltage: 0
        PORT MAP (
            pa_out => Pin_SW2(0)__PA ,
            fb => Net_31 ,
            annotation => Net_26 ,
            pad => Pin_SW2(0)_PAD );
        Properties:
        {
        }

    Pin : Name = \UART:tx(0)\
        Attributes:
            In Group/Port: True
            In Sync Option: NOSYNC
            Out Sync Option: NOSYNC
            Interrupt generated: False
            Interrupt mode: NONE
            Drive mode: CMOS_OUT
            VTrip: CMOS
            Slew: FAST
            Input Sync needed: False
            Output Sync needed: False
            SC shield enabled: False
            POR State: ANY
            LCD Mode: COMMON
            Register Mode: RegComb
            CaSense Mode: NEITHER
            Treat as pin: True
            Is OE Registered: False
            Uses Analog: False
            Can contain Digital: True
            Is SIO: False
            SIO Output Buf: NONREGULATED
            SIO Input Buf: SINGLE_ENDED
            SIO HiFreq: LOW
            SIO Hyst: DISABLED
            SIO Vtrip: MULTIPLIER_0_5
            SIO Multiplier Index: 0
            SIO RefSel: VCC_IO
            Required Capabilities: DIGITAL
            Initial Value: 1
            IO Voltage: 0
        PORT MAP (
            pa_out => \UART:tx(0)\__PA ,
            pin_input => \UART:tx_wire\ ,
            pad => \UART:tx(0)_PAD\ );
        Properties:
        {
        }

    Pin : Name = \UART:rx(0)\
        Attributes:
            In Group/Port: True
            In Sync Option: NOSYNC
            Out Sync Option: AUTO
            Interrupt generated: False
            Interrupt mode: NONE
            Drive mode: HI_Z_DIGITAL
            VTrip: CMOS
            Slew: FAST
            Input Sync needed: False
            Output Sync needed: False
            SC shield enabled: False
            POR State: ANY
            LCD Mode: COMMON
            Register Mode: RegComb
            CaSense Mode: NEITHER
            Treat as pin: True
            Is OE Registered: False
            Uses Analog: False
            Can contain Digital: True
            Is SIO: False
            SIO Output Buf: NONREGULATED
            SIO Input Buf: SINGLE_ENDED
            SIO HiFreq: LOW
            SIO Hyst: DISABLED
            SIO Vtrip: MULTIPLIER_0_5
            SIO Multiplier Index: 0
            SIO RefSel: VCC_IO
            Required Capabilities: DIGITAL
            Initial Value: 0
            IO Voltage: 0
        PORT MAP (
            pa_out => \UART:rx(0)\__PA ,
            fb => \UART:rx_wire\ ,
            pad => \UART:rx(0)_PAD\ );
        Properties:
        {
        }
    </CYPRESSTAG>
    <CYPRESSTAG name="Macrocell listing" icon="FILE_RPT_EQUATION">

    ------------------------------------------------------------
    Macrocell listing
    ------------------------------------------------------------

    MacroCell: Name=Net_46, Mode=(T-Register)
        Total # of inputs        : 0
        Total # of product terms : 0
        List of special equations: 
            Clock  = (ClockBlock_HFClk) => Global
            Clock Enable: NegEdge(Net_31)
        Main Equation            : 0 pterms
        !(
            0
        );
        Output = Net_46 (fanout=3)

    MacroCell: Name=Net_78, Mode=(T-Register)
        Total # of inputs        : 0
        Total # of product terms : 0
        List of special equations: 
            Clock  = (ClockBlock_HFClk) => Global
            Clock Enable: PosEdge(Net_46)
        Main Equation            : 0 pterms
        !(
            0
        );
        Output = Net_78 (fanout=3)

    MacroCell: Name=Net_59, Mode=(T-Register)
        Total # of inputs        : 0
        Total # of product terms : 0
        List of special equations: 
            Clock  = (ClockBlock_HFClk) => Global
            Clock Enable: PosEdge(Net_78)
        Main Equation            : 0 pterms
        !(
            0
        );
        Output = Net_59 (fanout=2)
    </CYPRESSTAG>
    <CYPRESSTAG name="Datapath listing">
    </CYPRESSTAG>
    <CYPRESSTAG name="Status register listing">

    ------------------------------------------------------------
    Status register listing
    ------------------------------------------------------------

    statuscell: Name =\Status:sts:sts_reg\
        PORT MAP (
            status_2 => Net_59 ,
            status_1 => Net_78 ,
            status_0 => Net_46 );
        Properties:
        {
            cy_force_order = 1
            cy_md_select = "00000000"
        }
        Clock Enable: True
    </CYPRESSTAG>
    <CYPRESSTAG name="StatusI register listing">
    </CYPRESSTAG>
    <CYPRESSTAG name="Sync listing">
    </CYPRESSTAG>
    <CYPRESSTAG name="Control register listing">
    </CYPRESSTAG>
    <CYPRESSTAG name="Count7 listing">
    </CYPRESSTAG>
    <CYPRESSTAG name="DRQ listing">
    </CYPRESSTAG>
    <CYPRESSTAG name="Interrupt listing">
    </CYPRESSTAG>
</CYPRESSTAG>
<CYPRESSTAG name="Technology mapping summary" expanded>

------------------------------------------------------------
Technology mapping summary
------------------------------------------------------------

Resource Type                 : Used : Free :  Max :  % Used
============================================================
Digital Clocks                :    0 :    4 :    4 :  0.00 %
Interrupts                    :    0 :   32 :   32 :  0.00 %
IO                            :    8 :   28 :   36 : 22.22 %
Segment LCD                   :    0 :    1 :    1 :  0.00 %
CapSense                      :    0 :    1 :    1 :  0.00 %
Die Temp                      :    0 :    1 :    1 :  0.00 %
Serial Communication (SCB)    :    1 :    1 :    2 : 50.00 %
Timer/Counter/PWM             :    0 :    4 :    4 :  0.00 %
UDB                           :      :      :      :        
  Macrocells                  :    3 :   29 :   32 :  9.38 %
  Unique P-terms              :    0 :   64 :   64 :  0.00 %
  Total P-terms               :    0 :      :      :        
  Datapath Cells              :    0 :    4 :    4 :  0.00 %
  Status Cells                :    1 :    3 :    4 : 25.00 %
    Status Registers          :    1 :      :      :        
  Control Cells               :    0 :    4 :    4 :  0.00 %
Comparator/Opamp              :    0 :    2 :    2 :  0.00 %
LP Comparator                 :    0 :    2 :    2 :  0.00 %
SAR ADC                       :    0 :    1 :    1 :  0.00 %
DAC                           :      :      :      :        
  7-bit IDAC                  :    0 :    1 :    1 :  0.00 %
  8-bit IDAC                  :    0 :    1 :    1 :  0.00 %
</CYPRESSTAG>
Technology Mapping: Elapsed time ==> 0s.015ms
Tech Mapping phase: Elapsed time ==> 0s.036ms
</CYPRESSTAG>
<CYPRESSTAG name="Analog Placement">
<CYPRESSTAG name="FFB & IO Pre Placement">
<CYPRESSTAG name="Placement" icon="FILE_RPT_PLACEMENT">

Cell                                : Block                              
=========================================================================
Pin_Green(0)                        : [IOP=(0)][IoId=(2)]                
Pin_Red(0)                          : [IOP=(1)][IoId=(6)]                
Pin_Blue(0)                         : [IOP=(0)][IoId=(3)]                
Pin_SW2(0)                          : [IOP=(0)][IoId=(7)]                
\UART:tx(0)\                        : [IOP=(0)][IoId=(5)]                
\UART:rx(0)\                        : [IOP=(0)][IoId=(4)]                
ClockGenBlock                       : CLK_GEN_[FFB(CLK_GEN,0)]           
\UART:SCB\                          : SCB_[FFB(SCB,1)]                   

</CYPRESSTAG>
</CYPRESSTAG>
<CYPRESSTAG name="Real Analog Placement">
Elapsed time ==> 0.1135793s
</CYPRESSTAG>
Analog Placement phase: Elapsed time ==> 0s.286ms
</CYPRESSTAG>
<CYPRESSTAG name="Analog Routing">
<CYPRESSTAG name="Analog Routing">
Route success=True, Iterations=1 Elapsed=0.0006594 secs
</CYPRESSTAG>
Analog Routing phase: Elapsed time ==> 0s.001ms
</CYPRESSTAG>
<CYPRESSTAG name="Analog Code Generation">
============ Analog Final Answer Routes ============
Dump of CyAnalogRoutingResultsDB
Map of net to items {
}
Map of item to net {
}
Mux Info {
}
Analog Code Generation phase: Elapsed time ==> 0s.015ms
</CYPRESSTAG>
<CYPRESSTAG name="Digital Placement">
<CYPRESSTAG name="Detailed placement messages">
I2076: Total run-time: 0.2 sec.

</CYPRESSTAG>
<CYPRESSTAG name="PLD Packing">
<CYPRESSTAG name="PLD Packing Summary" expanded>

------------------------------------------------------------
PLD Packing Summary
------------------------------------------------------------
            Resource Type : Used : Free :  Max :  % Used
    ====================================================
                     PLDs :    3 :    5 :    8 :  37.50%

<CYPRESSTAG name="PLD Statistics">

        PLD Resource Type :     Average/LAB
    =======================================
                   Inputs :            0.00
                   Pterms :            0.00
               Macrocells :            1.00
</CYPRESSTAG>
<CYPRESSTAG name="Packed PLD Contents">
Packed PLD Contents not displayed at this verbose level.</CYPRESSTAG>
</CYPRESSTAG>
PLD Packing: Elapsed time ==> 0s.000ms
</CYPRESSTAG>
<CYPRESSTAG name="Partitioning">
<CYPRESSTAG name="Initial Partitioning Summary">
Initial Partitioning Summary not displayed at this verbose level.</CYPRESSTAG>
<CYPRESSTAG name="Final Partitioning Summary">
Final Partitioning Summary not displayed at this verbose level.</CYPRESSTAG>
Partitioning: Elapsed time ==> 0s.009ms
</CYPRESSTAG>
<CYPRESSTAG name="Final Placement Summary">

------------------------------------------------------------
Final Placement Summary
------------------------------------------------------------

       Resource Type :      Count : Avg Inputs : Avg Outputs
    ========================================================
                 UDB :          2 :       0.00 :       1.50
<CYPRESSTAG name="Final Placement Details">
<CYPRESSTAG name="Component Details">

------------------------------------------------------------
Component Placement Details
------------------------------------------------------------
UDB [UDB=(0,0)] contents:
LAB@[UDB=(0,0)][LB=0] #macrocells=1, #inputs=0, #pterms=0
{
    [McSlotId=0]:     MacroCell: Name=Net_78, Mode=(T-Register) @ [UDB=(0,0)][LB=0][MC=0]
        Total # of inputs        : 0
        Total # of product terms : 0
        List of special equations: 
            Clock  = (ClockBlock_HFClk) => Global
            Clock Enable: PosEdge(Net_46)
        Main Equation            : 0 pterms
        !(
            0
        );
        Output = Net_78 (fanout=3)
        Properties               : 
        {
        }

    [McSlotId=1]: (empty)
    [McSlotId=2]: (empty)
    [McSlotId=3]: (empty)
}

UDB [UDB=(0,1)] is empty.
UDB [UDB=(1,0)] contents:
LAB@[UDB=(1,0)][LB=0] #macrocells=1, #inputs=0, #pterms=0
{
    [McSlotId=0]:     MacroCell: Name=Net_46, Mode=(T-Register) @ [UDB=(1,0)][LB=0][MC=0]
        Total # of inputs        : 0
        Total # of product terms : 0
        List of special equations: 
            Clock  = (ClockBlock_HFClk) => Global
            Clock Enable: NegEdge(Net_31)
        Main Equation            : 0 pterms
        !(
            0
        );
        Output = Net_46 (fanout=3)
        Properties               : 
        {
        }

    [McSlotId=1]: (empty)
    [McSlotId=2]: (empty)
    [McSlotId=3]: (empty)
}

LAB@[UDB=(1,0)][LB=1] #macrocells=1, #inputs=0, #pterms=0
{
    [McSlotId=0]:     MacroCell: Name=Net_59, Mode=(T-Register) @ [UDB=(1,0)][LB=1][MC=0]
        Total # of inputs        : 0
        Total # of product terms : 0
        List of special equations: 
            Clock  = (ClockBlock_HFClk) => Global
            Clock Enable: PosEdge(Net_78)
        Main Equation            : 0 pterms
        !(
            0
        );
        Output = Net_59 (fanout=2)
        Properties               : 
        {
        }

    [McSlotId=1]: (empty)
    [McSlotId=2]: (empty)
    [McSlotId=3]: (empty)
}

statuscell: Name =\Status:sts:sts_reg\
    PORT MAP (
        status_2 => Net_59 ,
        status_1 => Net_78 ,
        status_0 => Net_46 );
    Properties:
    {
        cy_force_order = 1
        cy_md_select = "00000000"
    }
    Clock Enable: True

UDB [UDB=(1,1)] is empty.
Intr container @ [IntrContainer=(0)]: empty
Port 0 contains the following IO cells:
[IoId=2]: 
Pin : Name = Pin_Green(0)
    Attributes:
        In Group/Port: True
        In Sync Option: AUTO
        Out Sync Option: NOSYNC
        Interrupt generated: False
        Interrupt mode: NONE
        Drive mode: CMOS_OUT
        VTrip: EITHER
        Slew: FAST
        Input Sync needed: False
        Output Sync needed: False
        SC shield enabled: False
        POR State: ANY
        LCD Mode: COMMON
        Register Mode: RegComb
        CaSense Mode: NEITHER
        Treat as pin: True
        Is OE Registered: False
        Uses Analog: False
        Can contain Digital: True
        Is SIO: False
        SIO Output Buf: NONREGULATED
        SIO Input Buf: SINGLE_ENDED
        SIO HiFreq: LOW
        SIO Hyst: DISABLED
        SIO Vtrip: MULTIPLIER_0_5
        SIO Multiplier Index: 0
        SIO RefSel: VCC_IO
        Required Capabilities: DIGITAL, ROUTABLE
        Initial Value: 1
        IO Voltage: 0
    PORT MAP (
        pa_out => Pin_Green(0)__PA ,
        pin_input => Net_59 ,
        annotation => Net_8 ,
        pad => Pin_Green(0)_PAD );
    Properties:
    {
    }

[IoId=3]: 
Pin : Name = Pin_Blue(0)
    Attributes:
        In Group/Port: True
        In Sync Option: AUTO
        Out Sync Option: NOSYNC
        Interrupt generated: False
        Interrupt mode: NONE
        Drive mode: CMOS_OUT
        VTrip: EITHER
        Slew: FAST
        Input Sync needed: False
        Output Sync needed: False
        SC shield enabled: False
        POR State: ANY
        LCD Mode: COMMON
        Register Mode: RegComb
        CaSense Mode: NEITHER
        Treat as pin: True
        Is OE Registered: False
        Uses Analog: False
        Can contain Digital: True
        Is SIO: False
        SIO Output Buf: NONREGULATED
        SIO Input Buf: SINGLE_ENDED
        SIO HiFreq: LOW
        SIO Hyst: DISABLED
        SIO Vtrip: MULTIPLIER_0_5
        SIO Multiplier Index: 0
        SIO RefSel: VCC_IO
        Required Capabilities: DIGITAL, ROUTABLE
        Initial Value: 1
        IO Voltage: 0
    PORT MAP (
        pa_out => Pin_Blue(0)__PA ,
        pin_input => Net_78 ,
        annotation => Net_9 ,
        pad => Pin_Blue(0)_PAD );
    Properties:
    {
    }

[IoId=4]: 
Pin : Name = \UART:rx(0)\
    Attributes:
        In Group/Port: True
        In Sync Option: NOSYNC
        Out Sync Option: AUTO
        Interrupt generated: False
        Interrupt mode: NONE
        Drive mode: HI_Z_DIGITAL
        VTrip: CMOS
        Slew: FAST
        Input Sync needed: False
        Output Sync needed: False
        SC shield enabled: False
        POR State: ANY
        LCD Mode: COMMON
        Register Mode: RegComb
        CaSense Mode: NEITHER
        Treat as pin: True
        Is OE Registered: False
        Uses Analog: False
        Can contain Digital: True
        Is SIO: False
        SIO Output Buf: NONREGULATED
        SIO Input Buf: SINGLE_ENDED
        SIO HiFreq: LOW
        SIO Hyst: DISABLED
        SIO Vtrip: MULTIPLIER_0_5
        SIO Multiplier Index: 0
        SIO RefSel: VCC_IO
        Required Capabilities: DIGITAL
        Initial Value: 0
        IO Voltage: 0
    PORT MAP (
        pa_out => \UART:rx(0)\__PA ,
        fb => \UART:rx_wire\ ,
        pad => \UART:rx(0)_PAD\ );
    Properties:
    {
    }

[IoId=5]: 
Pin : Name = \UART:tx(0)\
    Attributes:
        In Group/Port: True
        In Sync Option: NOSYNC
        Out Sync Option: NOSYNC
        Interrupt generated: False
        Interrupt mode: NONE
        Drive mode: CMOS_OUT
        VTrip: CMOS
        Slew: FAST
        Input Sync needed: False
        Output Sync needed: False
        SC shield enabled: False
        POR State: ANY
        LCD Mode: COMMON
        Register Mode: RegComb
        CaSense Mode: NEITHER
        Treat as pin: True
        Is OE Registered: False
        Uses Analog: False
        Can contain Digital: True
        Is SIO: False
        SIO Output Buf: NONREGULATED
        SIO Input Buf: SINGLE_ENDED
        SIO HiFreq: LOW
        SIO Hyst: DISABLED
        SIO Vtrip: MULTIPLIER_0_5
        SIO Multiplier Index: 0
        SIO RefSel: VCC_IO
        Required Capabilities: DIGITAL
        Initial Value: 1
        IO Voltage: 0
    PORT MAP (
        pa_out => \UART:tx(0)\__PA ,
        pin_input => \UART:tx_wire\ ,
        pad => \UART:tx(0)_PAD\ );
    Properties:
    {
    }

[IoId=7]: 
Pin : Name = Pin_SW2(0)
    Attributes:
        In Group/Port: True
        In Sync Option: SYNC
        Out Sync Option: AUTO
        Interrupt generated: False
        Interrupt mode: NONE
        Drive mode: RES_PULL_UP
        VTrip: CMOS
        Slew: FAST
        Input Sync needed: True
        Output Sync needed: False
        SC shield enabled: False
        POR State: ANY
        LCD Mode: COMMON
        Register Mode: RegComb
        CaSense Mode: NEITHER
        Treat as pin: True
        Is OE Registered: False
        Uses Analog: False
        Can contain Digital: True
        Is SIO: False
        SIO Output Buf: NONREGULATED
        SIO Input Buf: SINGLE_ENDED
        SIO HiFreq: LOW
        SIO Hyst: DISABLED
        SIO Vtrip: MULTIPLIER_0_5
        SIO Multiplier Index: 0
        SIO RefSel: VCC_IO
        Required Capabilities: DIGITAL, ROUTABLE
        Initial Value: 1
        IO Voltage: 0
    PORT MAP (
        pa_out => Pin_SW2(0)__PA ,
        fb => Net_31 ,
        annotation => Net_26 ,
        pad => Pin_SW2(0)_PAD );
    Properties:
    {
    }

Port 1 contains the following IO cells:
[IoId=6]: 
Pin : Name = Pin_Red(0)
    Attributes:
        In Group/Port: True
        In Sync Option: AUTO
        Out Sync Option: NOSYNC
        Interrupt generated: False
        Interrupt mode: NONE
        Drive mode: CMOS_OUT
        VTrip: EITHER
        Slew: FAST
        Input Sync needed: False
        Output Sync needed: False
        SC shield enabled: False
        POR State: ANY
        LCD Mode: COMMON
        Register Mode: RegComb
        CaSense Mode: NEITHER
        Treat as pin: True
        Is OE Registered: False
        Uses Analog: False
        Can contain Digital: True
        Is SIO: False
        SIO Output Buf: NONREGULATED
        SIO Input Buf: SINGLE_ENDED
        SIO HiFreq: LOW
        SIO Hyst: DISABLED
        SIO Vtrip: MULTIPLIER_0_5
        SIO Multiplier Index: 0
        SIO RefSel: VCC_IO
        Required Capabilities: DIGITAL, ROUTABLE
        Initial Value: 1
        IO Voltage: 0
    PORT MAP (
        pa_out => Pin_Red(0)__PA ,
        pin_input => Net_46 ,
        annotation => Net_3 ,
        pad => Pin_Red(0)_PAD );
    Properties:
    {
    }

Port 2 contains the following IO cells:
Port 3 contains the following IO cells:
Port 4 contains the following IO cells:
ARM group 0: empty
Clock group 0: 
    Clock Block @ F(Clock,0): 
    m0s8clockblockcell: Name =ClockBlock
        PORT MAP (
            hfclk => ClockBlock_HFClk ,
            imo => ClockBlock_IMO ,
            ext => ClockBlock_ExtClk ,
            sysclk => ClockBlock_SysClk ,
            ilo => ClockBlock_ILO ,
            lfclk => ClockBlock_LFClk ,
            dsi_in_0 => ClockBlock_Routed1 ,
            ff_div_2 => \UART:Net_847_ff2\ );
        Properties:
        {
        }
LCD group 0: empty
PICU group 0: empty
LPCOMP group 0: empty
SCB group 0: 
    SCB Block @ F(SCB,1): 
    m0s8scbcell: Name =\UART:SCB\
        PORT MAP (
            clock => \UART:Net_847_ff2\ ,
            interrupt => Net_81 ,
            uart_rx => \UART:rx_wire\ ,
            uart_tx => \UART:tx_wire\ ,
            uart_rts => \UART:rts_wire\ ,
            mosi_m => \UART:mosi_m_wire\ ,
            select_m_3 => \UART:select_m_wire_3\ ,
            select_m_2 => \UART:select_m_wire_2\ ,
            select_m_1 => \UART:select_m_wire_1\ ,
            select_m_0 => \UART:select_m_wire_0\ ,
            sclk_m => \UART:sclk_m_wire\ ,
            miso_s => \UART:miso_s_wire\ ,
            tr_tx_req => Net_84 ,
            tr_rx_req => Net_83 );
        Properties:
        {
            cy_registers = ""
            scb_mode = 2
        }
CSD group 0: empty
CSIDAC8 group 0: empty
CSIDAC7 group 0: empty
TCPWM group 0: empty
OA group 0: empty
TEMP group 0: empty
SARADC group 0: empty
CLK_GEN group 0: 
    M0S8 Clock Gen Block @ F(CLK_GEN,0): 
    m0s8clockgenblockcell: Name =ClockGenBlock
        PORT MAP (
             );
        Properties:
        {
        }
LPCOMPBLOCK group 0: empty
PASSBLOCK group 0: empty
WCO group 0: empty
SRSS group 0: empty
CPUSS group 0: empty
EXCO group 0: empty
</CYPRESSTAG>
<CYPRESSTAG name="Port Configuration Details">

------------------------------------------------------------
Port Configuration report
------------------------------------------------------------
     |     |       | Interrupt |                  |              | 
Port | Pin | Fixed |      Type |       Drive Mode |         Name | Connections
-----+-----+-------+-----------+------------------+--------------+-------------------
   0 |   2 |     * |      NONE |         CMOS_OUT | Pin_Green(0) | In(Net_59)
     |   3 |     * |      NONE |         CMOS_OUT |  Pin_Blue(0) | In(Net_78)
     |   4 |     * |      NONE |     HI_Z_DIGITAL | \UART:rx(0)\ | FB(\UART:rx_wire\)
     |   5 |     * |      NONE |         CMOS_OUT | \UART:tx(0)\ | In(\UART:tx_wire\)
     |   7 |     * |      NONE |      RES_PULL_UP |   Pin_SW2(0) | FB(Net_31)
-----+-----+-------+-----------+------------------+--------------+-------------------
   1 |   6 |     * |      NONE |         CMOS_OUT |   Pin_Red(0) | In(Net_46)
-------------------------------------------------------------------------------------
</CYPRESSTAG>
</CYPRESSTAG>
</CYPRESSTAG>
Digital component placer commit/Report: Elapsed time ==> 0s.007ms
Digital Placement phase: Elapsed time ==> 1s.563ms
</CYPRESSTAG>
<CYPRESSTAG name="Digital Routing">
"C:\Program Files (x86)\Cypress\PSoC Creator\4.2\PSoC Creator\bin/sjrouter.exe" --xml-path "C:\Program Files (x86)\Cypress\PSoC Creator\4.2\PSoC Creator\dev\psoc4/psoc4a/route_arch-rrg.cydata" --vh2-path "Lesson14_r.vh2" --pcf-path "Lesson14.pco" --des-name "Lesson14" --dsf-path "Lesson14.dsf" --sdc-path "Lesson14.sdc" --lib-path "Lesson14_r.lib"
Routing successful.
Digital Routing phase: Elapsed time ==> 1s.430ms
</CYPRESSTAG>
<CYPRESSTAG name="Bitstream Generation">
Bitstream Generation phase: Elapsed time ==> 0s.154ms
</CYPRESSTAG>
<CYPRESSTAG name="Bitstream Verification">
Bitstream Verification phase: Elapsed time ==> 0s.022ms
</CYPRESSTAG>
<CYPRESSTAG name="Static timing analysis">
Timing report is in Lesson14_timing.html.
Static timing analysis phase: Elapsed time ==> 1s.580ms
</CYPRESSTAG>
<CYPRESSTAG name="Data reporting">
Data reporting phase: Elapsed time ==> 0s.000ms
</CYPRESSTAG>
<CYPRESSTAG name="Database update...">
Design database save phase: Elapsed time ==> 0s.145ms
</CYPRESSTAG>
cydsfit: Elapsed time ==> 5s.291ms
</CYPRESSTAG>
Fitter phase: Elapsed time ==> 5s.292ms
API generation phase: Elapsed time ==> 1s.263ms
Dependency generation phase: Elapsed time ==> 0s.022ms
Cleanup phase: Elapsed time ==> 0s.004ms
