ARM GAS  C:\Users\jagumiel\AppData\Local\Temp\cc5B4tQn.s 			page 1


   1              		.syntax unified
   2              		.cpu cortex-m0
   3              		.fpu softvfp
   4              		.eabi_attribute 20, 1
   5              		.eabi_attribute 21, 1
   6              		.eabi_attribute 23, 3
   7              		.eabi_attribute 24, 1
   8              		.eabi_attribute 25, 1
   9              		.eabi_attribute 26, 1
  10              		.eabi_attribute 30, 1
  11              		.eabi_attribute 34, 0
  12              		.eabi_attribute 18, 4
  13              		.thumb
  14              		.syntax unified
  15              		.file	"cyfitter_cfg.c"
  16              		.text
  17              	.Ltext0:
  18              		.cfi_sections	.debug_frame
  19              		.section	.text.AnalogSetDefault,"ax",%progbits
  20              		.align	2
  21              		.code	16
  22              		.thumb_func
  23              		.type	AnalogSetDefault, %function
  24              	AnalogSetDefault:
  25              	.LFB6:
  26              		.file 1 "Generated_Source\\PSoC4\\cyfitter_cfg.c"
   1:Generated_Source\PSoC4/cyfitter_cfg.c **** 
   2:Generated_Source\PSoC4/cyfitter_cfg.c **** /*******************************************************************************
   3:Generated_Source\PSoC4/cyfitter_cfg.c **** * File Name: cyfitter_cfg.c
   4:Generated_Source\PSoC4/cyfitter_cfg.c **** * 
   5:Generated_Source\PSoC4/cyfitter_cfg.c **** * PSoC Creator  4.2
   6:Generated_Source\PSoC4/cyfitter_cfg.c **** *
   7:Generated_Source\PSoC4/cyfitter_cfg.c **** * Description:
   8:Generated_Source\PSoC4/cyfitter_cfg.c **** * This file contains device initialization code.
   9:Generated_Source\PSoC4/cyfitter_cfg.c **** * Except for the user defined sections in CyClockStartupError(), this file should not be modified.
  10:Generated_Source\PSoC4/cyfitter_cfg.c **** * This file is automatically generated by PSoC Creator.
  11:Generated_Source\PSoC4/cyfitter_cfg.c **** *
  12:Generated_Source\PSoC4/cyfitter_cfg.c **** ********************************************************************************
  13:Generated_Source\PSoC4/cyfitter_cfg.c **** * Copyright (c) 2007-2018 Cypress Semiconductor.  All rights reserved.
  14:Generated_Source\PSoC4/cyfitter_cfg.c **** * You may use this file only in accordance with the license, terms, conditions, 
  15:Generated_Source\PSoC4/cyfitter_cfg.c **** * disclaimers, and limitations in the end user license agreement accompanying 
  16:Generated_Source\PSoC4/cyfitter_cfg.c **** * the software package with which this file was provided.
  17:Generated_Source\PSoC4/cyfitter_cfg.c **** ********************************************************************************/
  18:Generated_Source\PSoC4/cyfitter_cfg.c **** 
  19:Generated_Source\PSoC4/cyfitter_cfg.c **** #include <string.h>
  20:Generated_Source\PSoC4/cyfitter_cfg.c **** #include "cytypes.h"
  21:Generated_Source\PSoC4/cyfitter_cfg.c **** #include "cydevice_trm.h"
  22:Generated_Source\PSoC4/cyfitter_cfg.c **** #include "cyfitter.h"
  23:Generated_Source\PSoC4/cyfitter_cfg.c **** #include "CyLib.h"
  24:Generated_Source\PSoC4/cyfitter_cfg.c **** #include "CyLFClk.h"
  25:Generated_Source\PSoC4/cyfitter_cfg.c **** #include "cyfitter_cfg.h"
  26:Generated_Source\PSoC4/cyfitter_cfg.c **** #include "cyapicallbacks.h"
  27:Generated_Source\PSoC4/cyfitter_cfg.c **** 
  28:Generated_Source\PSoC4/cyfitter_cfg.c **** 
  29:Generated_Source\PSoC4/cyfitter_cfg.c **** #if defined(__GNUC__) || defined(__ARMCC_VERSION)
  30:Generated_Source\PSoC4/cyfitter_cfg.c ****     #define CYPACKED 
  31:Generated_Source\PSoC4/cyfitter_cfg.c ****     #define CYPACKED_ATTR __attribute__ ((packed))
ARM GAS  C:\Users\jagumiel\AppData\Local\Temp\cc5B4tQn.s 			page 2


  32:Generated_Source\PSoC4/cyfitter_cfg.c ****     #define CYALIGNED __attribute__ ((aligned))
  33:Generated_Source\PSoC4/cyfitter_cfg.c ****     #define CY_CFG_UNUSED __attribute__ ((unused))
  34:Generated_Source\PSoC4/cyfitter_cfg.c ****     #ifndef CY_CFG_SECTION
  35:Generated_Source\PSoC4/cyfitter_cfg.c ****         #define CY_CFG_SECTION __attribute__ ((section(".psocinit")))
  36:Generated_Source\PSoC4/cyfitter_cfg.c ****     #endif
  37:Generated_Source\PSoC4/cyfitter_cfg.c ****     
  38:Generated_Source\PSoC4/cyfitter_cfg.c ****     #if defined(__ARMCC_VERSION)
  39:Generated_Source\PSoC4/cyfitter_cfg.c ****         #define CY_CFG_MEMORY_BARRIER() __memory_changed()
  40:Generated_Source\PSoC4/cyfitter_cfg.c ****     #else
  41:Generated_Source\PSoC4/cyfitter_cfg.c ****         #define CY_CFG_MEMORY_BARRIER() __sync_synchronize()
  42:Generated_Source\PSoC4/cyfitter_cfg.c ****     #endif
  43:Generated_Source\PSoC4/cyfitter_cfg.c ****     
  44:Generated_Source\PSoC4/cyfitter_cfg.c **** #elif defined(__ICCARM__)
  45:Generated_Source\PSoC4/cyfitter_cfg.c ****     #include <intrinsics.h>
  46:Generated_Source\PSoC4/cyfitter_cfg.c **** 
  47:Generated_Source\PSoC4/cyfitter_cfg.c ****     #define CYPACKED __packed
  48:Generated_Source\PSoC4/cyfitter_cfg.c ****     #define CYPACKED_ATTR 
  49:Generated_Source\PSoC4/cyfitter_cfg.c ****     #define CYALIGNED _Pragma("data_alignment=4")
  50:Generated_Source\PSoC4/cyfitter_cfg.c ****     #define CY_CFG_UNUSED _Pragma("diag_suppress=Pe177")
  51:Generated_Source\PSoC4/cyfitter_cfg.c ****     #define CY_CFG_SECTION _Pragma("location=\".psocinit\"")
  52:Generated_Source\PSoC4/cyfitter_cfg.c ****     
  53:Generated_Source\PSoC4/cyfitter_cfg.c ****     #define CY_CFG_MEMORY_BARRIER() __DMB()
  54:Generated_Source\PSoC4/cyfitter_cfg.c ****     
  55:Generated_Source\PSoC4/cyfitter_cfg.c **** #else
  56:Generated_Source\PSoC4/cyfitter_cfg.c ****     #error Unsupported toolchain
  57:Generated_Source\PSoC4/cyfitter_cfg.c **** #endif
  58:Generated_Source\PSoC4/cyfitter_cfg.c **** 
  59:Generated_Source\PSoC4/cyfitter_cfg.c **** #ifndef CYCODE
  60:Generated_Source\PSoC4/cyfitter_cfg.c ****     #define CYCODE
  61:Generated_Source\PSoC4/cyfitter_cfg.c **** #endif
  62:Generated_Source\PSoC4/cyfitter_cfg.c **** #ifndef CYDATA
  63:Generated_Source\PSoC4/cyfitter_cfg.c ****     #define CYDATA
  64:Generated_Source\PSoC4/cyfitter_cfg.c **** #endif
  65:Generated_Source\PSoC4/cyfitter_cfg.c **** #ifndef CYFAR
  66:Generated_Source\PSoC4/cyfitter_cfg.c ****     #define CYFAR
  67:Generated_Source\PSoC4/cyfitter_cfg.c **** #endif
  68:Generated_Source\PSoC4/cyfitter_cfg.c **** #ifndef CYXDATA
  69:Generated_Source\PSoC4/cyfitter_cfg.c ****     #define CYXDATA
  70:Generated_Source\PSoC4/cyfitter_cfg.c **** #endif
  71:Generated_Source\PSoC4/cyfitter_cfg.c **** 
  72:Generated_Source\PSoC4/cyfitter_cfg.c **** 
  73:Generated_Source\PSoC4/cyfitter_cfg.c **** CY_CFG_UNUSED
  74:Generated_Source\PSoC4/cyfitter_cfg.c **** static void CYMEMZERO(void *s, size_t n);
  75:Generated_Source\PSoC4/cyfitter_cfg.c **** CY_CFG_UNUSED
  76:Generated_Source\PSoC4/cyfitter_cfg.c **** static void CYMEMZERO(void *s, size_t n)
  77:Generated_Source\PSoC4/cyfitter_cfg.c **** {
  78:Generated_Source\PSoC4/cyfitter_cfg.c **** 	(void)memset(s, 0, n);
  79:Generated_Source\PSoC4/cyfitter_cfg.c **** }
  80:Generated_Source\PSoC4/cyfitter_cfg.c **** CY_CFG_UNUSED
  81:Generated_Source\PSoC4/cyfitter_cfg.c **** static void CYCONFIGCPY(void *dest, const void *src, size_t n);
  82:Generated_Source\PSoC4/cyfitter_cfg.c **** CY_CFG_UNUSED
  83:Generated_Source\PSoC4/cyfitter_cfg.c **** static void CYCONFIGCPY(void *dest, const void *src, size_t n)
  84:Generated_Source\PSoC4/cyfitter_cfg.c **** {
  85:Generated_Source\PSoC4/cyfitter_cfg.c **** 	(void)memcpy(dest, src, n);
  86:Generated_Source\PSoC4/cyfitter_cfg.c **** }
  87:Generated_Source\PSoC4/cyfitter_cfg.c **** CY_CFG_UNUSED
  88:Generated_Source\PSoC4/cyfitter_cfg.c **** static void CYCONFIGCPYCODE(void *dest, const void *src, size_t n);
ARM GAS  C:\Users\jagumiel\AppData\Local\Temp\cc5B4tQn.s 			page 3


  89:Generated_Source\PSoC4/cyfitter_cfg.c **** CY_CFG_UNUSED
  90:Generated_Source\PSoC4/cyfitter_cfg.c **** static void CYCONFIGCPYCODE(void *dest, const void *src, size_t n)
  91:Generated_Source\PSoC4/cyfitter_cfg.c **** {
  92:Generated_Source\PSoC4/cyfitter_cfg.c **** 	(void)memcpy(dest, src, n);
  93:Generated_Source\PSoC4/cyfitter_cfg.c **** }
  94:Generated_Source\PSoC4/cyfitter_cfg.c **** 
  95:Generated_Source\PSoC4/cyfitter_cfg.c **** 
  96:Generated_Source\PSoC4/cyfitter_cfg.c **** 
  97:Generated_Source\PSoC4/cyfitter_cfg.c **** 
  98:Generated_Source\PSoC4/cyfitter_cfg.c **** /* Clock startup error codes                                                   */
  99:Generated_Source\PSoC4/cyfitter_cfg.c **** #define CYCLOCKSTART_NO_ERROR    0u
 100:Generated_Source\PSoC4/cyfitter_cfg.c **** #define CYCLOCKSTART_XTAL_ERROR  1u
 101:Generated_Source\PSoC4/cyfitter_cfg.c **** #define CYCLOCKSTART_32KHZ_ERROR 2u
 102:Generated_Source\PSoC4/cyfitter_cfg.c **** #define CYCLOCKSTART_PLL_ERROR   3u
 103:Generated_Source\PSoC4/cyfitter_cfg.c **** #define CYCLOCKSTART_FLL_ERROR   4u
 104:Generated_Source\PSoC4/cyfitter_cfg.c **** #define CYCLOCKSTART_WCO_ERROR   5u
 105:Generated_Source\PSoC4/cyfitter_cfg.c **** 
 106:Generated_Source\PSoC4/cyfitter_cfg.c **** 
 107:Generated_Source\PSoC4/cyfitter_cfg.c **** #ifdef CY_NEED_CYCLOCKSTARTUPERROR
 108:Generated_Source\PSoC4/cyfitter_cfg.c **** /*******************************************************************************
 109:Generated_Source\PSoC4/cyfitter_cfg.c **** * Function Name: CyClockStartupError
 110:Generated_Source\PSoC4/cyfitter_cfg.c **** ********************************************************************************
 111:Generated_Source\PSoC4/cyfitter_cfg.c **** * Summary:
 112:Generated_Source\PSoC4/cyfitter_cfg.c **** *  If an error is encountered during clock configuration (crystal startup error,
 113:Generated_Source\PSoC4/cyfitter_cfg.c **** *  PLL lock error, etc.), the system will end up here.  Unless reimplemented by
 114:Generated_Source\PSoC4/cyfitter_cfg.c **** *  the customer, this function will stop in an infinite loop.
 115:Generated_Source\PSoC4/cyfitter_cfg.c **** *
 116:Generated_Source\PSoC4/cyfitter_cfg.c **** * Parameters:
 117:Generated_Source\PSoC4/cyfitter_cfg.c **** *   void
 118:Generated_Source\PSoC4/cyfitter_cfg.c **** *
 119:Generated_Source\PSoC4/cyfitter_cfg.c **** * Return:
 120:Generated_Source\PSoC4/cyfitter_cfg.c **** *   void
 121:Generated_Source\PSoC4/cyfitter_cfg.c **** *
 122:Generated_Source\PSoC4/cyfitter_cfg.c **** *******************************************************************************/
 123:Generated_Source\PSoC4/cyfitter_cfg.c **** CY_CFG_UNUSED
 124:Generated_Source\PSoC4/cyfitter_cfg.c **** static void CyClockStartupError(uint8 errorCode);
 125:Generated_Source\PSoC4/cyfitter_cfg.c **** CY_CFG_UNUSED
 126:Generated_Source\PSoC4/cyfitter_cfg.c **** static void CyClockStartupError(uint8 errorCode)
 127:Generated_Source\PSoC4/cyfitter_cfg.c **** {
 128:Generated_Source\PSoC4/cyfitter_cfg.c ****     /* To remove the compiler warning if errorCode not used.                */
 129:Generated_Source\PSoC4/cyfitter_cfg.c ****     errorCode = errorCode;
 130:Generated_Source\PSoC4/cyfitter_cfg.c **** 
 131:Generated_Source\PSoC4/cyfitter_cfg.c ****     /* If we have a clock startup error (bad MHz crystal, PLL lock, etc.),  */
 132:Generated_Source\PSoC4/cyfitter_cfg.c ****     /* we will end up here to allow the customer to implement something to  */
 133:Generated_Source\PSoC4/cyfitter_cfg.c ****     /* deal with the clock condition.                                       */
 134:Generated_Source\PSoC4/cyfitter_cfg.c **** 
 135:Generated_Source\PSoC4/cyfitter_cfg.c **** #ifdef CY_CFG_CLOCK_STARTUP_ERROR_CALLBACK
 136:Generated_Source\PSoC4/cyfitter_cfg.c ****     CY_CFG_Clock_Startup_ErrorCallback();
 137:Generated_Source\PSoC4/cyfitter_cfg.c **** #else
 138:Generated_Source\PSoC4/cyfitter_cfg.c ****     /*  If not using CY_CFG_CLOCK_STARTUP_ERROR_CALLBACK, place your clock startup code here. */
 139:Generated_Source\PSoC4/cyfitter_cfg.c ****     /* `#START CyClockStartupError` */
 140:Generated_Source\PSoC4/cyfitter_cfg.c **** 
 141:Generated_Source\PSoC4/cyfitter_cfg.c **** 
 142:Generated_Source\PSoC4/cyfitter_cfg.c **** 
 143:Generated_Source\PSoC4/cyfitter_cfg.c ****     /* `#END` */
 144:Generated_Source\PSoC4/cyfitter_cfg.c **** 
 145:Generated_Source\PSoC4/cyfitter_cfg.c ****     while(1) {}
ARM GAS  C:\Users\jagumiel\AppData\Local\Temp\cc5B4tQn.s 			page 4


 146:Generated_Source\PSoC4/cyfitter_cfg.c **** #endif /* CY_CFG_CLOCK_STARTUP_ERROR_CALLBACK */
 147:Generated_Source\PSoC4/cyfitter_cfg.c **** }
 148:Generated_Source\PSoC4/cyfitter_cfg.c **** #endif
 149:Generated_Source\PSoC4/cyfitter_cfg.c **** 
 150:Generated_Source\PSoC4/cyfitter_cfg.c **** 
 151:Generated_Source\PSoC4/cyfitter_cfg.c **** 
 152:Generated_Source\PSoC4/cyfitter_cfg.c **** /*******************************************************************************
 153:Generated_Source\PSoC4/cyfitter_cfg.c **** * Function Name: ClockSetup
 154:Generated_Source\PSoC4/cyfitter_cfg.c **** ********************************************************************************
 155:Generated_Source\PSoC4/cyfitter_cfg.c **** *
 156:Generated_Source\PSoC4/cyfitter_cfg.c **** * Summary:
 157:Generated_Source\PSoC4/cyfitter_cfg.c **** *   Performs the initialization of all of the clocks in the device based on the
 158:Generated_Source\PSoC4/cyfitter_cfg.c **** *   settings in the Clock tab of the DWR.  This includes enabling the requested
 159:Generated_Source\PSoC4/cyfitter_cfg.c **** *   clocks and setting the necessary dividers to produce the desired frequency. 
 160:Generated_Source\PSoC4/cyfitter_cfg.c **** *
 161:Generated_Source\PSoC4/cyfitter_cfg.c **** * Parameters:
 162:Generated_Source\PSoC4/cyfitter_cfg.c **** *   void
 163:Generated_Source\PSoC4/cyfitter_cfg.c **** *
 164:Generated_Source\PSoC4/cyfitter_cfg.c **** * Return:
 165:Generated_Source\PSoC4/cyfitter_cfg.c **** *   void
 166:Generated_Source\PSoC4/cyfitter_cfg.c **** *
 167:Generated_Source\PSoC4/cyfitter_cfg.c **** *******************************************************************************/
 168:Generated_Source\PSoC4/cyfitter_cfg.c **** static void ClockSetup(void);
 169:Generated_Source\PSoC4/cyfitter_cfg.c **** CY_CFG_SECTION
 170:Generated_Source\PSoC4/cyfitter_cfg.c **** static void ClockSetup(void)
 171:Generated_Source\PSoC4/cyfitter_cfg.c **** {
 172:Generated_Source\PSoC4/cyfitter_cfg.c **** 
 173:Generated_Source\PSoC4/cyfitter_cfg.c **** 	/* Set Flash Cycles based on max possible frequency in case a glitch occurs during ClockSetup(). *
 174:Generated_Source\PSoC4/cyfitter_cfg.c **** 	CY_SET_REG32((void CYXDATA *)(CYREG_CPUSS_FLASH_CTL), (0x0012u));
 175:Generated_Source\PSoC4/cyfitter_cfg.c **** 
 176:Generated_Source\PSoC4/cyfitter_cfg.c **** 	/* Start the WCO */
 177:Generated_Source\PSoC4/cyfitter_cfg.c **** 	CySysClkWcoStart();
 178:Generated_Source\PSoC4/cyfitter_cfg.c **** 	CyDelayCycles(12000000u); /* WCO may take up to 500ms to start */
 179:Generated_Source\PSoC4/cyfitter_cfg.c **** 	(void)CySysClkWcoSetPowerMode(CY_SYS_CLK_WCO_LPM);    /* Switch to the low power mode */
 180:Generated_Source\PSoC4/cyfitter_cfg.c **** 
 181:Generated_Source\PSoC4/cyfitter_cfg.c **** 	/* Setup and trim IMO based on desired frequency. */
 182:Generated_Source\PSoC4/cyfitter_cfg.c **** 	CySysClkWriteImoFreq(48u);
 183:Generated_Source\PSoC4/cyfitter_cfg.c **** 	/* CYDEV_CLK_ILO_CONFIG Starting address: CYDEV_CLK_ILO_CONFIG */
 184:Generated_Source\PSoC4/cyfitter_cfg.c **** 	CY_SET_REG32((void *)(CYREG_CLK_ILO_CONFIG), 0x80000006u);
 185:Generated_Source\PSoC4/cyfitter_cfg.c **** 
 186:Generated_Source\PSoC4/cyfitter_cfg.c **** 	/* CYDEV_WDT_CONFIG Starting address: CYDEV_WDT_CONFIG */
 187:Generated_Source\PSoC4/cyfitter_cfg.c **** 	CY_SET_REG32((void *)(CYREG_WDT_CONFIG), 0x40000000u);
 188:Generated_Source\PSoC4/cyfitter_cfg.c **** 
 189:Generated_Source\PSoC4/cyfitter_cfg.c **** 
 190:Generated_Source\PSoC4/cyfitter_cfg.c **** 	/* Enable fast start mode for XO */
 191:Generated_Source\PSoC4/cyfitter_cfg.c **** 	CY_SET_REG32((void*)CYREG_BLE_BLERD_BB_XO, CY_GET_REG32((void*)CYREG_BLE_BLERD_BB_XO) | (uint32)0x
 192:Generated_Source\PSoC4/cyfitter_cfg.c **** 	CY_SET_REG32((void *)(CYREG_BLE_BLERD_BB_XO_CAPTRIM), 0x00003E2Du);
 193:Generated_Source\PSoC4/cyfitter_cfg.c **** 	/*Set XTAL(ECO) divider*/
 194:Generated_Source\PSoC4/cyfitter_cfg.c **** 	CY_SET_REG32((void *)(CYREG_BLE_BLESS_XTAL_CLK_DIV_CONFIG), 0x00000000u);
 195:Generated_Source\PSoC4/cyfitter_cfg.c **** 	/* Disable Crystal Stable Interrupt before enabling ECO */
 196:Generated_Source\PSoC4/cyfitter_cfg.c **** 	CY_SET_REG32((void*)CYREG_BLE_BLESS_LL_DSM_CTRL, CY_GET_REG32((void*)CYREG_BLE_BLESS_LL_DSM_CTRL) 
 197:Generated_Source\PSoC4/cyfitter_cfg.c **** 	/* Start the ECO and do not check status since it is not needed for HFCLK */
 198:Generated_Source\PSoC4/cyfitter_cfg.c **** 	(void)CySysClkEcoStart(2000u);
 199:Generated_Source\PSoC4/cyfitter_cfg.c **** 	CyDelayUs(1500u); /* Wait to stabilize */
 200:Generated_Source\PSoC4/cyfitter_cfg.c **** 
 201:Generated_Source\PSoC4/cyfitter_cfg.c **** 	/* Setup phase aligned clocks */
 202:Generated_Source\PSoC4/cyfitter_cfg.c **** 	CY_SET_REG32((void *)CYREG_PERI_DIV_16_CTL1, 0x00BB7F00u);
ARM GAS  C:\Users\jagumiel\AppData\Local\Temp\cc5B4tQn.s 			page 5


 203:Generated_Source\PSoC4/cyfitter_cfg.c **** 	CY_SET_REG32((void *)CYREG_PERI_DIV_CMD, 0x8000FF41u);
 204:Generated_Source\PSoC4/cyfitter_cfg.c **** 	CY_SET_REG32((void *)CYREG_PERI_DIV_16_CTL0, 0x00002200u);
 205:Generated_Source\PSoC4/cyfitter_cfg.c **** 	CY_SET_REG32((void *)CYREG_PERI_DIV_CMD, 0x8000FF40u);
 206:Generated_Source\PSoC4/cyfitter_cfg.c **** 
 207:Generated_Source\PSoC4/cyfitter_cfg.c **** 	/* CYDEV_CLK_IMO_CONFIG Starting address: CYDEV_CLK_IMO_CONFIG */
 208:Generated_Source\PSoC4/cyfitter_cfg.c **** 	CY_SET_REG32((void *)(CYREG_CLK_IMO_CONFIG), 0x80000000u);
 209:Generated_Source\PSoC4/cyfitter_cfg.c **** 
 210:Generated_Source\PSoC4/cyfitter_cfg.c **** 	/* CYDEV_CLK_SELECT Starting address: CYDEV_CLK_SELECT */
 211:Generated_Source\PSoC4/cyfitter_cfg.c **** 	CY_SET_REG32((void *)(CYREG_CLK_SELECT), 0x00040000u);
 212:Generated_Source\PSoC4/cyfitter_cfg.c **** 
 213:Generated_Source\PSoC4/cyfitter_cfg.c **** 	/* CYDEV_PERI_PCLK_CTL7 Starting address: CYDEV_PERI_PCLK_CTL7 */
 214:Generated_Source\PSoC4/cyfitter_cfg.c **** 	CY_SET_REG32((void *)(CYREG_PERI_PCLK_CTL7), 0x00000041u);
 215:Generated_Source\PSoC4/cyfitter_cfg.c **** 
 216:Generated_Source\PSoC4/cyfitter_cfg.c **** 	/* CYDEV_PERI_PCLK_CTL2 Starting address: CYDEV_PERI_PCLK_CTL2 */
 217:Generated_Source\PSoC4/cyfitter_cfg.c **** 	CY_SET_REG32((void *)(CYREG_PERI_PCLK_CTL2), 0x00000040u);
 218:Generated_Source\PSoC4/cyfitter_cfg.c **** 
 219:Generated_Source\PSoC4/cyfitter_cfg.c **** 	(void)CyIntSetVector(8u, &CySysWdtIsr);
 220:Generated_Source\PSoC4/cyfitter_cfg.c **** 	CyIntEnable(8u);
 221:Generated_Source\PSoC4/cyfitter_cfg.c **** 	CY_SET_REG32((void *)(CYREG_WDT_CONFIG), 0x40000000u);
 222:Generated_Source\PSoC4/cyfitter_cfg.c **** }
 223:Generated_Source\PSoC4/cyfitter_cfg.c **** 
 224:Generated_Source\PSoC4/cyfitter_cfg.c **** 
 225:Generated_Source\PSoC4/cyfitter_cfg.c **** /* Analog API Functions */
 226:Generated_Source\PSoC4/cyfitter_cfg.c **** 
 227:Generated_Source\PSoC4/cyfitter_cfg.c **** 
 228:Generated_Source\PSoC4/cyfitter_cfg.c **** /*******************************************************************************
 229:Generated_Source\PSoC4/cyfitter_cfg.c **** * Function Name: AnalogSetDefault
 230:Generated_Source\PSoC4/cyfitter_cfg.c **** ********************************************************************************
 231:Generated_Source\PSoC4/cyfitter_cfg.c **** *
 232:Generated_Source\PSoC4/cyfitter_cfg.c **** * Summary:
 233:Generated_Source\PSoC4/cyfitter_cfg.c **** *  Sets up the analog portions of the chip to default values based on chip
 234:Generated_Source\PSoC4/cyfitter_cfg.c **** *  configuration options from the project.
 235:Generated_Source\PSoC4/cyfitter_cfg.c **** *
 236:Generated_Source\PSoC4/cyfitter_cfg.c **** * Parameters:
 237:Generated_Source\PSoC4/cyfitter_cfg.c **** *  void
 238:Generated_Source\PSoC4/cyfitter_cfg.c **** *
 239:Generated_Source\PSoC4/cyfitter_cfg.c **** * Return:
 240:Generated_Source\PSoC4/cyfitter_cfg.c **** *  void
 241:Generated_Source\PSoC4/cyfitter_cfg.c **** *
 242:Generated_Source\PSoC4/cyfitter_cfg.c **** *******************************************************************************/
 243:Generated_Source\PSoC4/cyfitter_cfg.c **** static void AnalogSetDefault(void);
 244:Generated_Source\PSoC4/cyfitter_cfg.c **** static void AnalogSetDefault(void)
 245:Generated_Source\PSoC4/cyfitter_cfg.c **** {
  27              		.loc 1 245 0
  28              		.cfi_startproc
  29              		@ args = 0, pretend = 0, frame = 0
  30              		@ frame_needed = 0, uses_anonymous_args = 0
  31              		@ link register save eliminated.
 246:Generated_Source\PSoC4/cyfitter_cfg.c **** 	CY_SET_XTND_REG32((void CYFAR *)CYREG_CTBM0_DFT_CTRL, 0x00000003u);
  32              		.loc 1 246 0
  33 0000 0323     		movs	r3, #3
  34 0002 044A     		ldr	r2, .L2
  35 0004 1360     		str	r3, [r2]
 247:Generated_Source\PSoC4/cyfitter_cfg.c **** 	CY_SET_XTND_REG32((void CYFAR *)CYREG_CTBM1_DFT_CTRL, 0x00000003u);
  36              		.loc 1 247 0
  37 0006 044A     		ldr	r2, .L2+4
  38 0008 1360     		str	r3, [r2]
ARM GAS  C:\Users\jagumiel\AppData\Local\Temp\cc5B4tQn.s 			page 6


 248:Generated_Source\PSoC4/cyfitter_cfg.c **** 	CY_SET_XTND_REG32((void CYFAR *)CYREG_PASS_DSAB_DSAB_CTRL, 0x00000000u);
  39              		.loc 1 248 0
  40 000a 0022     		movs	r2, #0
  41 000c 034B     		ldr	r3, .L2+8
  42 000e 1A60     		str	r2, [r3]
 249:Generated_Source\PSoC4/cyfitter_cfg.c **** }
  43              		.loc 1 249 0
  44              		@ sp needed
  45 0010 7047     		bx	lr
  46              	.L3:
  47 0012 C046     		.align	2
  48              	.L2:
  49 0014 30003040 		.word	1076887600
  50 0018 30003140 		.word	1076953136
  51 001c 000E3F40 		.word	1077874176
  52              		.cfi_endproc
  53              	.LFE6:
  54              		.size	AnalogSetDefault, .-AnalogSetDefault
  55              		.section	.text.CYMEMZERO,"ax",%progbits
  56              		.align	2
  57              		.code	16
  58              		.thumb_func
  59              		.type	CYMEMZERO, %function
  60              	CYMEMZERO:
  61              	.LFB2:
  77:Generated_Source\PSoC4/cyfitter_cfg.c **** 	(void)memset(s, 0, n);
  62              		.loc 1 77 0
  63              		.cfi_startproc
  64              		@ args = 0, pretend = 0, frame = 0
  65              		@ frame_needed = 0, uses_anonymous_args = 0
  66              	.LVL0:
  67 0000 10B5     		push	{r4, lr}
  68              		.cfi_def_cfa_offset 8
  69              		.cfi_offset 4, -8
  70              		.cfi_offset 14, -4
  71 0002 0A00     		movs	r2, r1
  78:Generated_Source\PSoC4/cyfitter_cfg.c **** }
  72              		.loc 1 78 0
  73 0004 0021     		movs	r1, #0
  74              	.LVL1:
  75 0006 FFF7FEFF 		bl	memset
  76              	.LVL2:
  79:Generated_Source\PSoC4/cyfitter_cfg.c **** CY_CFG_UNUSED
  77              		.loc 1 79 0
  78              		@ sp needed
  79 000a 10BD     		pop	{r4, pc}
  80              		.cfi_endproc
  81              	.LFE2:
  82              		.size	CYMEMZERO, .-CYMEMZERO
  83              		.section	.psocinit,"ax",%progbits
  84              		.align	2
  85              		.code	16
  86              		.thumb_func
  87              		.type	ClockSetup, %function
  88              	ClockSetup:
  89              	.LFB5:
 171:Generated_Source\PSoC4/cyfitter_cfg.c **** 
ARM GAS  C:\Users\jagumiel\AppData\Local\Temp\cc5B4tQn.s 			page 7


  90              		.loc 1 171 0
  91              		.cfi_startproc
  92              		@ args = 0, pretend = 0, frame = 0
  93              		@ frame_needed = 0, uses_anonymous_args = 0
  94 0000 70B5     		push	{r4, r5, r6, lr}
  95              		.cfi_def_cfa_offset 16
  96              		.cfi_offset 4, -16
  97              		.cfi_offset 5, -12
  98              		.cfi_offset 6, -8
  99              		.cfi_offset 14, -4
 174:Generated_Source\PSoC4/cyfitter_cfg.c **** 
 100              		.loc 1 174 0
 101 0002 1222     		movs	r2, #18
 102 0004 264B     		ldr	r3, .L6
 103 0006 1A60     		str	r2, [r3]
 177:Generated_Source\PSoC4/cyfitter_cfg.c **** 	CyDelayCycles(12000000u); /* WCO may take up to 500ms to start */
 104              		.loc 1 177 0
 105 0008 FFF7FEFF 		bl	CySysClkWcoStart
 106              	.LVL3:
 178:Generated_Source\PSoC4/cyfitter_cfg.c **** 	(void)CySysClkWcoSetPowerMode(CY_SYS_CLK_WCO_LPM);    /* Switch to the low power mode */
 107              		.loc 1 178 0
 108 000c 2548     		ldr	r0, .L6+4
 109 000e FFF7FEFF 		bl	CyDelayCycles
 110              	.LVL4:
 179:Generated_Source\PSoC4/cyfitter_cfg.c **** 
 111              		.loc 1 179 0
 112 0012 0120     		movs	r0, #1
 113 0014 FFF7FEFF 		bl	CySysClkWcoSetPowerMode
 114              	.LVL5:
 182:Generated_Source\PSoC4/cyfitter_cfg.c **** 	/* CYDEV_CLK_ILO_CONFIG Starting address: CYDEV_CLK_ILO_CONFIG */
 115              		.loc 1 182 0
 116 0018 3020     		movs	r0, #48
 117 001a FFF7FEFF 		bl	CySysClkWriteImoFreq
 118              	.LVL6:
 184:Generated_Source\PSoC4/cyfitter_cfg.c **** 
 119              		.loc 1 184 0
 120 001e 224A     		ldr	r2, .L6+8
 121 0020 224B     		ldr	r3, .L6+12
 122 0022 1A60     		str	r2, [r3]
 187:Generated_Source\PSoC4/cyfitter_cfg.c **** 
 123              		.loc 1 187 0
 124 0024 224C     		ldr	r4, .L6+16
 125 0026 8025     		movs	r5, #128
 126 0028 ED05     		lsls	r5, r5, #23
 127 002a 2560     		str	r5, [r4]
 191:Generated_Source\PSoC4/cyfitter_cfg.c **** 	CY_SET_REG32((void *)(CYREG_BLE_BLERD_BB_XO_CAPTRIM), 0x00003E2Du);
 128              		.loc 1 191 0
 129 002c 214A     		ldr	r2, .L6+20
 130 002e 1168     		ldr	r1, [r2]
 131 0030 0223     		movs	r3, #2
 132 0032 0B43     		orrs	r3, r1
 133 0034 1360     		str	r3, [r2]
 192:Generated_Source\PSoC4/cyfitter_cfg.c **** 	/*Set XTAL(ECO) divider*/
 134              		.loc 1 192 0
 135 0036 204A     		ldr	r2, .L6+24
 136 0038 204B     		ldr	r3, .L6+28
 137 003a 1A60     		str	r2, [r3]
ARM GAS  C:\Users\jagumiel\AppData\Local\Temp\cc5B4tQn.s 			page 8


 194:Generated_Source\PSoC4/cyfitter_cfg.c **** 	/* Disable Crystal Stable Interrupt before enabling ECO */
 138              		.loc 1 194 0
 139 003c 0022     		movs	r2, #0
 140 003e 204B     		ldr	r3, .L6+32
 141 0040 1A60     		str	r2, [r3]
 196:Generated_Source\PSoC4/cyfitter_cfg.c **** 	/* Start the ECO and do not check status since it is not needed for HFCLK */
 142              		.loc 1 196 0
 143 0042 204A     		ldr	r2, .L6+36
 144 0044 1368     		ldr	r3, [r2]
 145 0046 0821     		movs	r1, #8
 146 0048 8B43     		bics	r3, r1
 147 004a 1360     		str	r3, [r2]
 198:Generated_Source\PSoC4/cyfitter_cfg.c **** 	CyDelayUs(1500u); /* Wait to stabilize */
 148              		.loc 1 198 0
 149 004c FA20     		movs	r0, #250
 150 004e C000     		lsls	r0, r0, #3
 151 0050 FFF7FEFF 		bl	CySysClkEcoStart
 152              	.LVL7:
 199:Generated_Source\PSoC4/cyfitter_cfg.c **** 
 153              		.loc 1 199 0
 154 0054 1C48     		ldr	r0, .L6+40
 155 0056 FFF7FEFF 		bl	CyDelayUs
 156              	.LVL8:
 202:Generated_Source\PSoC4/cyfitter_cfg.c **** 	CY_SET_REG32((void *)CYREG_PERI_DIV_CMD, 0x8000FF41u);
 157              		.loc 1 202 0
 158 005a 1C4A     		ldr	r2, .L6+44
 159 005c 1C4B     		ldr	r3, .L6+48
 160 005e 1A60     		str	r2, [r3]
 203:Generated_Source\PSoC4/cyfitter_cfg.c **** 	CY_SET_REG32((void *)CYREG_PERI_DIV_16_CTL0, 0x00002200u);
 161              		.loc 1 203 0
 162 0060 1C4B     		ldr	r3, .L6+52
 163 0062 1D4A     		ldr	r2, .L6+56
 164 0064 1A60     		str	r2, [r3]
 204:Generated_Source\PSoC4/cyfitter_cfg.c **** 	CY_SET_REG32((void *)CYREG_PERI_DIV_CMD, 0x8000FF40u);
 165              		.loc 1 204 0
 166 0066 8821     		movs	r1, #136
 167 0068 8901     		lsls	r1, r1, #6
 168 006a 1C4A     		ldr	r2, .L6+60
 169 006c 1160     		str	r1, [r2]
 205:Generated_Source\PSoC4/cyfitter_cfg.c **** 
 170              		.loc 1 205 0
 171 006e 1C4A     		ldr	r2, .L6+64
 172 0070 1A60     		str	r2, [r3]
 208:Generated_Source\PSoC4/cyfitter_cfg.c **** 
 173              		.loc 1 208 0
 174 0072 8022     		movs	r2, #128
 175 0074 1206     		lsls	r2, r2, #24
 176 0076 1B4B     		ldr	r3, .L6+68
 177 0078 1A60     		str	r2, [r3]
 211:Generated_Source\PSoC4/cyfitter_cfg.c **** 
 178              		.loc 1 211 0
 179 007a 8022     		movs	r2, #128
 180 007c D202     		lsls	r2, r2, #11
 181 007e 1A4B     		ldr	r3, .L6+72
 182 0080 1A60     		str	r2, [r3]
 214:Generated_Source\PSoC4/cyfitter_cfg.c **** 
 183              		.loc 1 214 0
ARM GAS  C:\Users\jagumiel\AppData\Local\Temp\cc5B4tQn.s 			page 9


 184 0082 4122     		movs	r2, #65
 185 0084 194B     		ldr	r3, .L6+76
 186 0086 1A60     		str	r2, [r3]
 217:Generated_Source\PSoC4/cyfitter_cfg.c **** 
 187              		.loc 1 217 0
 188 0088 013A     		subs	r2, r2, #1
 189 008a 194B     		ldr	r3, .L6+80
 190 008c 1A60     		str	r2, [r3]
 219:Generated_Source\PSoC4/cyfitter_cfg.c **** 	CyIntEnable(8u);
 191              		.loc 1 219 0
 192 008e 1949     		ldr	r1, .L6+84
 193 0090 0820     		movs	r0, #8
 194 0092 FFF7FEFF 		bl	CyIntSetVector
 195              	.LVL9:
 220:Generated_Source\PSoC4/cyfitter_cfg.c **** 	CY_SET_REG32((void *)(CYREG_WDT_CONFIG), 0x40000000u);
 196              		.loc 1 220 0
 197 0096 0820     		movs	r0, #8
 198 0098 FFF7FEFF 		bl	CyIntEnable
 199              	.LVL10:
 221:Generated_Source\PSoC4/cyfitter_cfg.c **** }
 200              		.loc 1 221 0
 201 009c 2560     		str	r5, [r4]
 222:Generated_Source\PSoC4/cyfitter_cfg.c **** 
 202              		.loc 1 222 0
 203              		@ sp needed
 204 009e 70BD     		pop	{r4, r5, r6, pc}
 205              	.L7:
 206              		.align	2
 207              	.L6:
 208 00a0 30001040 		.word	1074790448
 209 00a4 001BB700 		.word	12000000
 210 00a8 06000080 		.word	-2147483642
 211 00ac 04010B40 		.word	1074462980
 212 00b0 0C020B40 		.word	1074463244
 213 00b4 78002E40 		.word	1076756600
 214 00b8 2D3E0000 		.word	15917
 215 00bc 7C002E40 		.word	1076756604
 216 00c0 64F02E40 		.word	1076818020
 217 00c4 6CF02E40 		.word	1076818028
 218 00c8 DC050000 		.word	1500
 219 00cc 007FBB00 		.word	12287744
 220 00d0 04030140 		.word	1073808132
 221 00d4 00000140 		.word	1073807360
 222 00d8 41FF0080 		.word	-2147418303
 223 00dc 00030140 		.word	1073808128
 224 00e0 40FF0080 		.word	-2147418304
 225 00e4 08010B40 		.word	1074462984
 226 00e8 00010B40 		.word	1074462976
 227 00ec 1C010140 		.word	1073807644
 228 00f0 08010140 		.word	1073807624
 229 00f4 00000000 		.word	CySysWdtIsr
 230              		.cfi_endproc
 231              	.LFE5:
 232              		.size	ClockSetup, .-ClockSetup
 233              		.align	2
 234              		.global	cyfitter_cfg
 235              		.code	16
ARM GAS  C:\Users\jagumiel\AppData\Local\Temp\cc5B4tQn.s 			page 10


 236              		.thumb_func
 237              		.type	cyfitter_cfg, %function
 238              	cyfitter_cfg:
 239              	.LFB7:
 250:Generated_Source\PSoC4/cyfitter_cfg.c **** 
 251:Generated_Source\PSoC4/cyfitter_cfg.c **** 
 252:Generated_Source\PSoC4/cyfitter_cfg.c **** 
 253:Generated_Source\PSoC4/cyfitter_cfg.c **** 
 254:Generated_Source\PSoC4/cyfitter_cfg.c **** /*******************************************************************************
 255:Generated_Source\PSoC4/cyfitter_cfg.c **** * Function Name: cyfitter_cfg
 256:Generated_Source\PSoC4/cyfitter_cfg.c **** ********************************************************************************
 257:Generated_Source\PSoC4/cyfitter_cfg.c **** * Summary:
 258:Generated_Source\PSoC4/cyfitter_cfg.c **** *  This function is called by the start-up code for the selected device. It
 259:Generated_Source\PSoC4/cyfitter_cfg.c **** *  performs all of the necessary device configuration based on the design
 260:Generated_Source\PSoC4/cyfitter_cfg.c **** *  settings.  This includes settings from the Design Wide Resources (DWR) such
 261:Generated_Source\PSoC4/cyfitter_cfg.c **** *  as Clocks and Pins as well as any component configuration that is necessary.
 262:Generated_Source\PSoC4/cyfitter_cfg.c **** *
 263:Generated_Source\PSoC4/cyfitter_cfg.c **** * Parameters:
 264:Generated_Source\PSoC4/cyfitter_cfg.c **** *   void
 265:Generated_Source\PSoC4/cyfitter_cfg.c **** *
 266:Generated_Source\PSoC4/cyfitter_cfg.c **** * Return:
 267:Generated_Source\PSoC4/cyfitter_cfg.c **** *   void
 268:Generated_Source\PSoC4/cyfitter_cfg.c **** *
 269:Generated_Source\PSoC4/cyfitter_cfg.c **** *******************************************************************************/
 270:Generated_Source\PSoC4/cyfitter_cfg.c **** CY_CFG_SECTION
 271:Generated_Source\PSoC4/cyfitter_cfg.c **** void cyfitter_cfg(void)
 272:Generated_Source\PSoC4/cyfitter_cfg.c **** {
 240              		.loc 1 272 0
 241              		.cfi_startproc
 242              		@ args = 0, pretend = 0, frame = 0
 243              		@ frame_needed = 0, uses_anonymous_args = 0
 244 00f8 10B5     		push	{r4, lr}
 245              		.cfi_def_cfa_offset 8
 246              		.cfi_offset 4, -8
 247              		.cfi_offset 14, -4
 273:Generated_Source\PSoC4/cyfitter_cfg.c **** 	/* Disable interrupts by default. Let user enable if/when they want. */
 274:Generated_Source\PSoC4/cyfitter_cfg.c **** 	CyGlobalIntDisable;
 248              		.loc 1 274 0
 249              		.syntax divided
 250              	@ 274 "Generated_Source\PSoC4\cyfitter_cfg.c" 1
 251 00fa 72B6     		CPSID   i
 252              	@ 0 "" 2
 275:Generated_Source\PSoC4/cyfitter_cfg.c **** 
 276:Generated_Source\PSoC4/cyfitter_cfg.c **** 	CY_SET_REG32((void *)(CYREG_BLE_BLESS_LL_DSM_CTRL), 0x00000000u);
 253              		.loc 1 276 0
 254              		.thumb
 255              		.syntax unified
 256 00fc 0022     		movs	r2, #0
 257 00fe 1F4B     		ldr	r3, .L11
 258 0100 1A60     		str	r2, [r3]
 259              	.LVL11:
 260              	.LBB2:
 277:Generated_Source\PSoC4/cyfitter_cfg.c **** 
 278:Generated_Source\PSoC4/cyfitter_cfg.c **** 	{
 279:Generated_Source\PSoC4/cyfitter_cfg.c **** 
 280:Generated_Source\PSoC4/cyfitter_cfg.c **** 		CYPACKED typedef struct {
 281:Generated_Source\PSoC4/cyfitter_cfg.c **** 			void CYFAR *address;
ARM GAS  C:\Users\jagumiel\AppData\Local\Temp\cc5B4tQn.s 			page 11


 282:Generated_Source\PSoC4/cyfitter_cfg.c **** 			uint16 size;
 283:Generated_Source\PSoC4/cyfitter_cfg.c **** 		} CYPACKED_ATTR cfg_memset_t;
 284:Generated_Source\PSoC4/cyfitter_cfg.c **** 
 285:Generated_Source\PSoC4/cyfitter_cfg.c **** 		static const cfg_memset_t CYCODE cfg_memset_list[] = {
 286:Generated_Source\PSoC4/cyfitter_cfg.c **** 			/* address, size */
 287:Generated_Source\PSoC4/cyfitter_cfg.c **** 			{(void CYFAR *)(CYDEV_UDB_P0_U0_BASE), 1024u},
 288:Generated_Source\PSoC4/cyfitter_cfg.c **** 			{(void CYFAR *)(CYDEV_UDB_DSI0_BASE), 1024u},
 289:Generated_Source\PSoC4/cyfitter_cfg.c **** 		};
 290:Generated_Source\PSoC4/cyfitter_cfg.c **** 
 291:Generated_Source\PSoC4/cyfitter_cfg.c **** 		uint8 CYDATA i;
 292:Generated_Source\PSoC4/cyfitter_cfg.c **** 
 293:Generated_Source\PSoC4/cyfitter_cfg.c **** 		/* Zero out critical memory blocks before beginning configuration */
 294:Generated_Source\PSoC4/cyfitter_cfg.c **** 		for (i = 0u; i < (sizeof(cfg_memset_list)/sizeof(cfg_memset_list[0])); i++)
 261              		.loc 1 294 0
 262 0102 0024     		movs	r4, #0
 263 0104 0FE0     		b	.L9
 264              	.LVL12:
 265              	.L10:
 266              	.LBB3:
 295:Generated_Source\PSoC4/cyfitter_cfg.c **** 		{
 296:Generated_Source\PSoC4/cyfitter_cfg.c **** 			const cfg_memset_t CYCODE * CYDATA ms = &cfg_memset_list[i];
 297:Generated_Source\PSoC4/cyfitter_cfg.c **** 			CYMEMZERO(ms->address, (size_t)(uint32)(ms->size));
 267              		.loc 1 297 0 discriminator 3
 268 0106 1E48     		ldr	r0, .L11+4
 269 0108 6200     		lsls	r2, r4, #1
 270 010a 1319     		adds	r3, r2, r4
 271 010c 5900     		lsls	r1, r3, #1
 272 010e 0B00     		movs	r3, r1
 273 0110 4118     		adds	r1, r0, r1
 274 0112 8988     		ldrh	r1, [r1, #4]
 275 0114 1A5A     		ldrh	r2, [r3, r0]
 276 0116 C318     		adds	r3, r0, r3
 277 0118 5888     		ldrh	r0, [r3, #2]
 278 011a 0004     		lsls	r0, r0, #16
 279 011c 1043     		orrs	r0, r2
 280 011e FFF7FEFF 		bl	CYMEMZERO
 281              	.LVL13:
 282              	.LBE3:
 294:Generated_Source\PSoC4/cyfitter_cfg.c **** 		{
 283              		.loc 1 294 0 discriminator 3
 284 0122 0134     		adds	r4, r4, #1
 285              	.LVL14:
 286 0124 E4B2     		uxtb	r4, r4
 287              	.LVL15:
 288              	.L9:
 294:Generated_Source\PSoC4/cyfitter_cfg.c **** 		{
 289              		.loc 1 294 0 is_stmt 0 discriminator 1
 290 0126 012C     		cmp	r4, #1
 291 0128 EDD9     		bls	.L10
 298:Generated_Source\PSoC4/cyfitter_cfg.c **** 		}
 299:Generated_Source\PSoC4/cyfitter_cfg.c **** 
 300:Generated_Source\PSoC4/cyfitter_cfg.c **** 		/* HSIOM Starting address: CYDEV_HSIOM_BASE */
 301:Generated_Source\PSoC4/cyfitter_cfg.c **** 		CY_SET_REG32((void *)(CYDEV_HSIOM_BASE), 0xEE000000u);
 292              		.loc 1 301 0 is_stmt 1
 293 012a EE22     		movs	r2, #238
 294 012c 1206     		lsls	r2, r2, #24
 295 012e 154B     		ldr	r3, .L11+8
ARM GAS  C:\Users\jagumiel\AppData\Local\Temp\cc5B4tQn.s 			page 12


 296 0130 1A60     		str	r2, [r3]
 302:Generated_Source\PSoC4/cyfitter_cfg.c **** 		CY_SET_REG32((void *)(CYREG_HSIOM_PORT_SEL3), 0x00990000u);
 297              		.loc 1 302 0
 298 0132 9923     		movs	r3, #153
 299 0134 1B04     		lsls	r3, r3, #16
 300 0136 144A     		ldr	r2, .L11+12
 301 0138 1360     		str	r3, [r2]
 303:Generated_Source\PSoC4/cyfitter_cfg.c **** 
 304:Generated_Source\PSoC4/cyfitter_cfg.c **** 		/* UDB_PA_0 Starting address: CYDEV_UDB_PA0_BASE */
 305:Generated_Source\PSoC4/cyfitter_cfg.c **** 		CY_SET_REG32((void *)(CYDEV_UDB_PA0_BASE), 0x00990000u);
 302              		.loc 1 305 0
 303 013a 144A     		ldr	r2, .L11+16
 304 013c 1360     		str	r3, [r2]
 306:Generated_Source\PSoC4/cyfitter_cfg.c **** 
 307:Generated_Source\PSoC4/cyfitter_cfg.c **** 		/* UDB_PA_1 Starting address: CYDEV_UDB_PA1_BASE */
 308:Generated_Source\PSoC4/cyfitter_cfg.c **** 		CY_SET_REG32((void *)(CYDEV_UDB_PA1_BASE), 0x00990000u);
 305              		.loc 1 308 0
 306 013e 144A     		ldr	r2, .L11+20
 307 0140 1360     		str	r3, [r2]
 309:Generated_Source\PSoC4/cyfitter_cfg.c **** 
 310:Generated_Source\PSoC4/cyfitter_cfg.c **** 		/* UDB_PA_3 Starting address: CYDEV_UDB_PA3_BASE */
 311:Generated_Source\PSoC4/cyfitter_cfg.c **** 		CY_SET_REG32((void *)(CYDEV_UDB_PA3_BASE), 0x00990000u);
 308              		.loc 1 311 0
 309 0142 144A     		ldr	r2, .L11+24
 310 0144 1360     		str	r3, [r2]
 312:Generated_Source\PSoC4/cyfitter_cfg.c **** 
 313:Generated_Source\PSoC4/cyfitter_cfg.c **** 		/* Enable digital routing */
 314:Generated_Source\PSoC4/cyfitter_cfg.c **** 		CY_SET_XTND_REG8((void *)CYREG_UDB_UDBIF_BANK_CTL, (uint8)(CY_GET_XTND_REG8((void *)CYREG_UDB_UDB
 311              		.loc 1 314 0
 312 0146 144A     		ldr	r2, .L11+28
 313 0148 1178     		ldrb	r1, [r2]
 314 014a 0623     		movs	r3, #6
 315 014c 0B43     		orrs	r3, r1
 316 014e DBB2     		uxtb	r3, r3
 317 0150 1370     		strb	r3, [r2]
 318              	.LBE2:
 315:Generated_Source\PSoC4/cyfitter_cfg.c **** 	}
 316:Generated_Source\PSoC4/cyfitter_cfg.c **** 
 317:Generated_Source\PSoC4/cyfitter_cfg.c **** 	/* Perform second pass device configuration. These items must be configured in specific order afte
 318:Generated_Source\PSoC4/cyfitter_cfg.c **** 	/* IOPINS0_0 Starting address: CYDEV_GPIO_PRT0_BASE */
 319:Generated_Source\PSoC4/cyfitter_cfg.c **** 	CY_SET_REG32((void *)(CYREG_GPIO_PRT0_PC), 0x00D80000u);
 319              		.loc 1 319 0
 320 0152 D822     		movs	r2, #216
 321 0154 1204     		lsls	r2, r2, #16
 322 0156 114B     		ldr	r3, .L11+32
 323 0158 1A60     		str	r2, [r3]
 320:Generated_Source\PSoC4/cyfitter_cfg.c **** 
 321:Generated_Source\PSoC4/cyfitter_cfg.c **** 	/* IOPINS0_1 Starting address: CYDEV_GPIO_PRT1_BASE */
 322:Generated_Source\PSoC4/cyfitter_cfg.c **** 	CY_SET_REG32((void *)(CYREG_GPIO_PRT1_PC), 0x00000DB6u);
 324              		.loc 1 322 0
 325 015a 114A     		ldr	r2, .L11+36
 326 015c 114B     		ldr	r3, .L11+40
 327 015e 1A60     		str	r2, [r3]
 323:Generated_Source\PSoC4/cyfitter_cfg.c **** 
 324:Generated_Source\PSoC4/cyfitter_cfg.c **** 	/* IOPINS0_3 Starting address: CYDEV_GPIO_PRT3_BASE */
 325:Generated_Source\PSoC4/cyfitter_cfg.c **** 	CY_SET_REG32((void *)(CYDEV_GPIO_PRT3_BASE), 0x00000020u);
 328              		.loc 1 325 0
ARM GAS  C:\Users\jagumiel\AppData\Local\Temp\cc5B4tQn.s 			page 13


 329 0160 2023     		movs	r3, #32
 330 0162 114A     		ldr	r2, .L11+44
 331 0164 1360     		str	r3, [r2]
 326:Generated_Source\PSoC4/cyfitter_cfg.c **** 	CY_SET_REG32((void *)(CYREG_GPIO_PRT3_PC), 0x00031000u);
 332              		.loc 1 326 0
 333 0166 C421     		movs	r1, #196
 334 0168 8902     		lsls	r1, r1, #10
 335 016a 104A     		ldr	r2, .L11+48
 336 016c 1160     		str	r1, [r2]
 327:Generated_Source\PSoC4/cyfitter_cfg.c **** 	CY_SET_REG32((void *)(CYREG_GPIO_PRT3_PC2), 0x00000020u);
 337              		.loc 1 327 0
 338 016e 104A     		ldr	r2, .L11+52
 339 0170 1360     		str	r3, [r2]
 328:Generated_Source\PSoC4/cyfitter_cfg.c **** 
 329:Generated_Source\PSoC4/cyfitter_cfg.c **** 
 330:Generated_Source\PSoC4/cyfitter_cfg.c **** 	/* Setup clocks based on selections from Clock DWR */
 331:Generated_Source\PSoC4/cyfitter_cfg.c **** 	ClockSetup();
 340              		.loc 1 331 0
 341 0172 FFF745FF 		bl	ClockSetup
 342              	.LVL16:
 332:Generated_Source\PSoC4/cyfitter_cfg.c **** 
 333:Generated_Source\PSoC4/cyfitter_cfg.c **** 	/* Perform basic analog initialization to defaults */
 334:Generated_Source\PSoC4/cyfitter_cfg.c **** 	AnalogSetDefault();
 343              		.loc 1 334 0
 344 0176 FFF7FEFF 		bl	AnalogSetDefault
 345              	.LVL17:
 335:Generated_Source\PSoC4/cyfitter_cfg.c **** 
 336:Generated_Source\PSoC4/cyfitter_cfg.c **** }
 346              		.loc 1 336 0
 347              		@ sp needed
 348              	.LVL18:
 349 017a 10BD     		pop	{r4, pc}
 350              	.L12:
 351              		.align	2
 352              	.L11:
 353 017c 6CF02E40 		.word	1076818028
 354 0180 00000000 		.word	.LANCHOR0
 355 0184 00000240 		.word	1073872896
 356 0188 00030240 		.word	1073873664
 357 018c 00500F40 		.word	1074745344
 358 0190 10500F40 		.word	1074745360
 359 0194 30500F40 		.word	1074745392
 360 0198 00700F40 		.word	1074753536
 361 019c 08000440 		.word	1074003976
 362 01a0 B60D0000 		.word	3510
 363 01a4 08010440 		.word	1074004232
 364 01a8 00030440 		.word	1074004736
 365 01ac 08030440 		.word	1074004744
 366 01b0 18030440 		.word	1074004760
 367              		.cfi_endproc
 368              	.LFE7:
 369              		.size	cyfitter_cfg, .-cyfitter_cfg
 370              		.section	.rodata
 371              		.align	2
 372              		.set	.LANCHOR0,. + 0
 373              		.type	cfg_memset_list.4884, %object
 374              		.size	cfg_memset_list.4884, 12
ARM GAS  C:\Users\jagumiel\AppData\Local\Temp\cc5B4tQn.s 			page 14


 375              	cfg_memset_list.4884:
 376 0000 00300F40 		.word	1074737152
 377 0004 0004     		.short	1024
 378 0006 00400F40 		.4byte	1074741248
 379 000a 0004     		.short	1024
 380              		.text
 381              	.Letext0:
 382              		.file 2 "c:\\program files (x86)\\cypress\\psoc creator\\4.2\\psoc creator\\import\\gnu\\arm\\5.4.
 383              		.file 3 "Generated_Source\\PSoC4\\cytypes.h"
 384              		.file 4 "Generated_Source\\PSoC4\\CyLFClk.h"
 385              		.file 5 "Generated_Source\\PSoC4\\CyLib.h"
 386              		.section	.debug_info,"",%progbits
 387              	.Ldebug_info0:
 388 0000 29030000 		.4byte	0x329
 389 0004 0400     		.2byte	0x4
 390 0006 00000000 		.4byte	.Ldebug_abbrev0
 391 000a 04       		.byte	0x4
 392 000b 01       		.uleb128 0x1
 393 000c A3010000 		.4byte	.LASF34
 394 0010 0C       		.byte	0xc
 395 0011 B5020000 		.4byte	.LASF35
 396 0015 2C000000 		.4byte	.LASF36
 397 0019 00000000 		.4byte	.Ldebug_ranges0+0
 398 001d 00000000 		.4byte	0
 399 0021 00000000 		.4byte	.Ldebug_line0
 400 0025 02       		.uleb128 0x2
 401 0026 04       		.byte	0x4
 402 0027 05       		.byte	0x5
 403 0028 696E7400 		.ascii	"int\000"
 404 002c 03       		.uleb128 0x3
 405 002d 14000000 		.4byte	.LASF12
 406 0031 02       		.byte	0x2
 407 0032 D8       		.byte	0xd8
 408 0033 37000000 		.4byte	0x37
 409 0037 04       		.uleb128 0x4
 410 0038 04       		.byte	0x4
 411 0039 07       		.byte	0x7
 412 003a 6A010000 		.4byte	.LASF0
 413 003e 04       		.uleb128 0x4
 414 003f 08       		.byte	0x8
 415 0040 05       		.byte	0x5
 416 0041 47020000 		.4byte	.LASF1
 417 0045 04       		.uleb128 0x4
 418 0046 08       		.byte	0x8
 419 0047 04       		.byte	0x4
 420 0048 9D020000 		.4byte	.LASF2
 421 004c 04       		.uleb128 0x4
 422 004d 01       		.byte	0x1
 423 004e 06       		.byte	0x6
 424 004f A9020000 		.4byte	.LASF3
 425 0053 04       		.uleb128 0x4
 426 0054 01       		.byte	0x1
 427 0055 08       		.byte	0x8
 428 0056 34010000 		.4byte	.LASF4
 429 005a 04       		.uleb128 0x4
 430 005b 02       		.byte	0x2
 431 005c 05       		.byte	0x5
ARM GAS  C:\Users\jagumiel\AppData\Local\Temp\cc5B4tQn.s 			page 15


 432 005d 75020000 		.4byte	.LASF5
 433 0061 04       		.uleb128 0x4
 434 0062 02       		.byte	0x2
 435 0063 07       		.byte	0x7
 436 0064 C6000000 		.4byte	.LASF6
 437 0068 04       		.uleb128 0x4
 438 0069 04       		.byte	0x4
 439 006a 05       		.byte	0x5
 440 006b 94020000 		.4byte	.LASF7
 441 006f 04       		.uleb128 0x4
 442 0070 04       		.byte	0x4
 443 0071 07       		.byte	0x7
 444 0072 01010000 		.4byte	.LASF8
 445 0076 04       		.uleb128 0x4
 446 0077 08       		.byte	0x8
 447 0078 07       		.byte	0x7
 448 0079 8C010000 		.4byte	.LASF9
 449 007d 04       		.uleb128 0x4
 450 007e 04       		.byte	0x4
 451 007f 07       		.byte	0x7
 452 0080 3E020000 		.4byte	.LASF10
 453 0084 05       		.uleb128 0x5
 454 0085 04       		.byte	0x4
 455 0086 04       		.uleb128 0x4
 456 0087 01       		.byte	0x1
 457 0088 08       		.byte	0x8
 458 0089 5F020000 		.4byte	.LASF11
 459 008d 06       		.uleb128 0x6
 460 008e 13010000 		.4byte	.LASF13
 461 0092 03       		.byte	0x3
 462 0093 E401     		.2byte	0x1e4
 463 0095 53000000 		.4byte	0x53
 464 0099 06       		.uleb128 0x6
 465 009a 5C010000 		.4byte	.LASF14
 466 009e 03       		.byte	0x3
 467 009f E501     		.2byte	0x1e5
 468 00a1 61000000 		.4byte	0x61
 469 00a5 06       		.uleb128 0x6
 470 00a6 63010000 		.4byte	.LASF15
 471 00aa 03       		.byte	0x3
 472 00ab E601     		.2byte	0x1e6
 473 00ad 6F000000 		.4byte	0x6f
 474 00b1 04       		.uleb128 0x4
 475 00b2 04       		.byte	0x4
 476 00b3 04       		.byte	0x4
 477 00b4 D9000000 		.4byte	.LASF16
 478 00b8 04       		.uleb128 0x4
 479 00b9 08       		.byte	0x8
 480 00ba 04       		.byte	0x4
 481 00bb 49010000 		.4byte	.LASF17
 482 00bf 06       		.uleb128 0x6
 483 00c0 FC000000 		.4byte	.LASF18
 484 00c4 03       		.byte	0x3
 485 00c5 8E02     		.2byte	0x28e
 486 00c7 CB000000 		.4byte	0xcb
 487 00cb 07       		.uleb128 0x7
 488 00cc 8D000000 		.4byte	0x8d
ARM GAS  C:\Users\jagumiel\AppData\Local\Temp\cc5B4tQn.s 			page 16


 489 00d0 06       		.uleb128 0x6
 490 00d1 0E000000 		.4byte	.LASF19
 491 00d5 03       		.byte	0x3
 492 00d6 9002     		.2byte	0x290
 493 00d8 DC000000 		.4byte	0xdc
 494 00dc 07       		.uleb128 0x7
 495 00dd A5000000 		.4byte	0xa5
 496 00e1 08       		.uleb128 0x8
 497 00e2 1B000000 		.4byte	.LASF37
 498 00e6 01       		.byte	0x1
 499 00e7 F4       		.byte	0xf4
 500 00e8 00000000 		.4byte	.LFB6
 501 00ec 20000000 		.4byte	.LFE6-.LFB6
 502 00f0 01       		.uleb128 0x1
 503 00f1 9C       		.byte	0x9c
 504 00f2 09       		.uleb128 0x9
 505 00f3 2A010000 		.4byte	.LASF20
 506 00f7 01       		.byte	0x1
 507 00f8 4C       		.byte	0x4c
 508 00f9 00000000 		.4byte	.LFB2
 509 00fd 0C000000 		.4byte	.LFE2-.LFB2
 510 0101 01       		.uleb128 0x1
 511 0102 9C       		.byte	0x9c
 512 0103 3F010000 		.4byte	0x13f
 513 0107 0A       		.uleb128 0xa
 514 0108 7300     		.ascii	"s\000"
 515 010a 01       		.byte	0x1
 516 010b 4C       		.byte	0x4c
 517 010c 84000000 		.4byte	0x84
 518 0110 00000000 		.4byte	.LLST0
 519 0114 0A       		.uleb128 0xa
 520 0115 6E00     		.ascii	"n\000"
 521 0117 01       		.byte	0x1
 522 0118 4C       		.byte	0x4c
 523 0119 2C000000 		.4byte	0x2c
 524 011d 21000000 		.4byte	.LLST1
 525 0121 0B       		.uleb128 0xb
 526 0122 0A000000 		.4byte	.LVL2
 527 0126 CB020000 		.4byte	0x2cb
 528 012a 0C       		.uleb128 0xc
 529 012b 01       		.uleb128 0x1
 530 012c 50       		.byte	0x50
 531 012d 03       		.uleb128 0x3
 532 012e F3       		.byte	0xf3
 533 012f 01       		.uleb128 0x1
 534 0130 50       		.byte	0x50
 535 0131 0C       		.uleb128 0xc
 536 0132 01       		.uleb128 0x1
 537 0133 51       		.byte	0x51
 538 0134 01       		.uleb128 0x1
 539 0135 30       		.byte	0x30
 540 0136 0C       		.uleb128 0xc
 541 0137 01       		.uleb128 0x1
 542 0138 52       		.byte	0x52
 543 0139 03       		.uleb128 0x3
 544 013a F3       		.byte	0xf3
 545 013b 01       		.uleb128 0x1
ARM GAS  C:\Users\jagumiel\AppData\Local\Temp\cc5B4tQn.s 			page 17


 546 013c 51       		.byte	0x51
 547 013d 00       		.byte	0
 548 013e 00       		.byte	0
 549 013f 09       		.uleb128 0x9
 550 0140 BB000000 		.4byte	.LASF21
 551 0144 01       		.byte	0x1
 552 0145 AA       		.byte	0xaa
 553 0146 00000000 		.4byte	.LFB5
 554 014a F8000000 		.4byte	.LFE5-.LFB5
 555 014e 01       		.uleb128 0x1
 556 014f 9C       		.byte	0x9c
 557 0150 E8010000 		.4byte	0x1e8
 558 0154 0D       		.uleb128 0xd
 559 0155 0C000000 		.4byte	.LVL3
 560 0159 D4020000 		.4byte	0x2d4
 561 015d 0E       		.uleb128 0xe
 562 015e 12000000 		.4byte	.LVL4
 563 0162 DF020000 		.4byte	0x2df
 564 0166 74010000 		.4byte	0x174
 565 016a 0C       		.uleb128 0xc
 566 016b 01       		.uleb128 0x1
 567 016c 50       		.byte	0x50
 568 016d 05       		.uleb128 0x5
 569 016e 0C       		.byte	0xc
 570 016f 001BB700 		.4byte	0xb71b00
 571 0173 00       		.byte	0
 572 0174 0E       		.uleb128 0xe
 573 0175 18000000 		.4byte	.LVL5
 574 0179 EA020000 		.4byte	0x2ea
 575 017d 87010000 		.4byte	0x187
 576 0181 0C       		.uleb128 0xc
 577 0182 01       		.uleb128 0x1
 578 0183 50       		.byte	0x50
 579 0184 01       		.uleb128 0x1
 580 0185 31       		.byte	0x31
 581 0186 00       		.byte	0
 582 0187 0E       		.uleb128 0xe
 583 0188 1E000000 		.4byte	.LVL6
 584 018c F5020000 		.4byte	0x2f5
 585 0190 9B010000 		.4byte	0x19b
 586 0194 0C       		.uleb128 0xc
 587 0195 01       		.uleb128 0x1
 588 0196 50       		.byte	0x50
 589 0197 02       		.uleb128 0x2
 590 0198 08       		.byte	0x8
 591 0199 30       		.byte	0x30
 592 019a 00       		.byte	0
 593 019b 0E       		.uleb128 0xe
 594 019c 54000000 		.4byte	.LVL7
 595 01a0 00030000 		.4byte	0x300
 596 01a4 B0010000 		.4byte	0x1b0
 597 01a8 0C       		.uleb128 0xc
 598 01a9 01       		.uleb128 0x1
 599 01aa 50       		.byte	0x50
 600 01ab 03       		.uleb128 0x3
 601 01ac 0A       		.byte	0xa
 602 01ad D007     		.2byte	0x7d0
ARM GAS  C:\Users\jagumiel\AppData\Local\Temp\cc5B4tQn.s 			page 18


 603 01af 00       		.byte	0
 604 01b0 0E       		.uleb128 0xe
 605 01b1 5A000000 		.4byte	.LVL8
 606 01b5 0B030000 		.4byte	0x30b
 607 01b9 C5010000 		.4byte	0x1c5
 608 01bd 0C       		.uleb128 0xc
 609 01be 01       		.uleb128 0x1
 610 01bf 50       		.byte	0x50
 611 01c0 03       		.uleb128 0x3
 612 01c1 0A       		.byte	0xa
 613 01c2 DC05     		.2byte	0x5dc
 614 01c4 00       		.byte	0
 615 01c5 0E       		.uleb128 0xe
 616 01c6 96000000 		.4byte	.LVL9
 617 01ca 16030000 		.4byte	0x316
 618 01ce D8010000 		.4byte	0x1d8
 619 01d2 0C       		.uleb128 0xc
 620 01d3 01       		.uleb128 0x1
 621 01d4 50       		.byte	0x50
 622 01d5 01       		.uleb128 0x1
 623 01d6 38       		.byte	0x38
 624 01d7 00       		.byte	0
 625 01d8 0B       		.uleb128 0xb
 626 01d9 9C000000 		.4byte	.LVL10
 627 01dd 21030000 		.4byte	0x321
 628 01e1 0C       		.uleb128 0xc
 629 01e2 01       		.uleb128 0x1
 630 01e3 50       		.byte	0x50
 631 01e4 01       		.uleb128 0x1
 632 01e5 38       		.byte	0x38
 633 01e6 00       		.byte	0
 634 01e7 00       		.byte	0
 635 01e8 0F       		.uleb128 0xf
 636 01e9 77010000 		.4byte	.LASF38
 637 01ed 01       		.byte	0x1
 638 01ee 0F01     		.2byte	0x10f
 639 01f0 F8000000 		.4byte	.LFB7
 640 01f4 BC000000 		.4byte	.LFE7-.LFB7
 641 01f8 01       		.uleb128 0x1
 642 01f9 9C       		.byte	0x9c
 643 01fa CB020000 		.4byte	0x2cb
 644 01fe 10       		.uleb128 0x10
 645 01ff 02010000 		.4byte	.LBB2
 646 0203 50000000 		.4byte	.LBE2-.LBB2
 647 0207 B8020000 		.4byte	0x2b8
 648 020b 11       		.uleb128 0x11
 649 020c 06       		.byte	0x6
 650 020d 01       		.byte	0x1
 651 020e 1801     		.2byte	0x118
 652 0210 2F020000 		.4byte	0x22f
 653 0214 12       		.uleb128 0x12
 654 0215 84010000 		.4byte	.LASF22
 655 0219 01       		.byte	0x1
 656 021a 1901     		.2byte	0x119
 657 021c 84000000 		.4byte	0x84
 658 0220 00       		.byte	0
 659 0221 12       		.uleb128 0x12
ARM GAS  C:\Users\jagumiel\AppData\Local\Temp\cc5B4tQn.s 			page 19


 660 0222 DF000000 		.4byte	.LASF23
 661 0226 01       		.byte	0x1
 662 0227 1A01     		.2byte	0x11a
 663 0229 99000000 		.4byte	0x99
 664 022d 04       		.byte	0x4
 665 022e 00       		.byte	0
 666 022f 06       		.uleb128 0x6
 667 0230 31020000 		.4byte	.LASF24
 668 0234 01       		.byte	0x1
 669 0235 1B01     		.2byte	0x11b
 670 0237 0B020000 		.4byte	0x20b
 671 023b 13       		.uleb128 0x13
 672 023c 4B020000 		.4byte	0x24b
 673 0240 4B020000 		.4byte	0x24b
 674 0244 14       		.uleb128 0x14
 675 0245 7D000000 		.4byte	0x7d
 676 0249 01       		.byte	0x1
 677 024a 00       		.byte	0
 678 024b 15       		.uleb128 0x15
 679 024c 2F020000 		.4byte	0x22f
 680 0250 16       		.uleb128 0x16
 681 0251 AB000000 		.4byte	.LASF25
 682 0255 01       		.byte	0x1
 683 0256 1D01     		.2byte	0x11d
 684 0258 62020000 		.4byte	0x262
 685 025c 05       		.uleb128 0x5
 686 025d 03       		.byte	0x3
 687 025e 00000000 		.4byte	cfg_memset_list.4884
 688 0262 15       		.uleb128 0x15
 689 0263 3B020000 		.4byte	0x23b
 690 0267 17       		.uleb128 0x17
 691 0268 6900     		.ascii	"i\000"
 692 026a 01       		.byte	0x1
 693 026b 2301     		.2byte	0x123
 694 026d 8D000000 		.4byte	0x8d
 695 0271 4D000000 		.4byte	.LLST2
 696 0275 18       		.uleb128 0x18
 697 0276 06010000 		.4byte	.LBB3
 698 027a 1C000000 		.4byte	.LBE3-.LBB3
 699 027e 17       		.uleb128 0x17
 700 027f 6D7300   		.ascii	"ms\000"
 701 0282 01       		.byte	0x1
 702 0283 2801     		.2byte	0x128
 703 0285 8D020000 		.4byte	0x28d
 704 0289 77000000 		.4byte	.LLST3
 705 028d 19       		.uleb128 0x19
 706 028e 04       		.byte	0x4
 707 028f 4B020000 		.4byte	0x24b
 708 0293 0B       		.uleb128 0xb
 709 0294 22010000 		.4byte	.LVL13
 710 0298 F2000000 		.4byte	0xf2
 711 029c 0C       		.uleb128 0xc
 712 029d 01       		.uleb128 0x1
 713 029e 51       		.byte	0x51
 714 029f 15       		.uleb128 0x15
 715 02a0 74       		.byte	0x74
 716 02a1 00       		.sleb128 0
ARM GAS  C:\Users\jagumiel\AppData\Local\Temp\cc5B4tQn.s 			page 20


 717 02a2 31       		.byte	0x31
 718 02a3 24       		.byte	0x24
 719 02a4 74       		.byte	0x74
 720 02a5 00       		.sleb128 0
 721 02a6 22       		.byte	0x22
 722 02a7 31       		.byte	0x31
 723 02a8 24       		.byte	0x24
 724 02a9 03       		.byte	0x3
 725 02aa 04000000 		.4byte	.LANCHOR0+4
 726 02ae 22       		.byte	0x22
 727 02af 94       		.byte	0x94
 728 02b0 02       		.byte	0x2
 729 02b1 0A       		.byte	0xa
 730 02b2 FFFF     		.2byte	0xffff
 731 02b4 1A       		.byte	0x1a
 732 02b5 00       		.byte	0
 733 02b6 00       		.byte	0
 734 02b7 00       		.byte	0
 735 02b8 0D       		.uleb128 0xd
 736 02b9 76010000 		.4byte	.LVL16
 737 02bd 3F010000 		.4byte	0x13f
 738 02c1 0D       		.uleb128 0xd
 739 02c2 7A010000 		.4byte	.LVL17
 740 02c6 E1000000 		.4byte	0xe1
 741 02ca 00       		.byte	0
 742 02cb 1A       		.uleb128 0x1a
 743 02cc 42010000 		.4byte	.LASF39
 744 02d0 42010000 		.4byte	.LASF39
 745 02d4 1B       		.uleb128 0x1b
 746 02d5 19010000 		.4byte	.LASF26
 747 02d9 19010000 		.4byte	.LASF26
 748 02dd 04       		.byte	0x4
 749 02de 4E       		.byte	0x4e
 750 02df 1B       		.uleb128 0x1b
 751 02e0 00000000 		.4byte	.LASF27
 752 02e4 00000000 		.4byte	.LASF27
 753 02e8 05       		.byte	0x5
 754 02e9 DC       		.byte	0xdc
 755 02ea 1B       		.uleb128 0x1b
 756 02eb E4000000 		.4byte	.LASF28
 757 02ef E4000000 		.4byte	.LASF28
 758 02f3 04       		.byte	0x4
 759 02f4 50       		.byte	0x50
 760 02f5 1B       		.uleb128 0x1b
 761 02f6 7F020000 		.4byte	.LASF29
 762 02fa 7F020000 		.4byte	.LASF29
 763 02fe 05       		.byte	0x5
 764 02ff 6C       		.byte	0x6c
 765 0300 1B       		.uleb128 0x1b
 766 0301 64020000 		.4byte	.LASF30
 767 0305 64020000 		.4byte	.LASF30
 768 0309 05       		.byte	0x5
 769 030a 84       		.byte	0x84
 770 030b 1B       		.uleb128 0x1b
 771 030c 55020000 		.4byte	.LASF31
 772 0310 55020000 		.4byte	.LASF31
 773 0314 05       		.byte	0x5
ARM GAS  C:\Users\jagumiel\AppData\Local\Temp\cc5B4tQn.s 			page 21


 774 0315 DA       		.byte	0xda
 775 0316 1B       		.uleb128 0x1b
 776 0317 9C000000 		.4byte	.LASF32
 777 031b 9C000000 		.4byte	.LASF32
 778 031f 05       		.byte	0x5
 779 0320 BD       		.byte	0xbd
 780 0321 1B       		.uleb128 0x1b
 781 0322 50010000 		.4byte	.LASF33
 782 0326 50010000 		.4byte	.LASF33
 783 032a 05       		.byte	0x5
 784 032b C3       		.byte	0xc3
 785 032c 00       		.byte	0
 786              		.section	.debug_abbrev,"",%progbits
 787              	.Ldebug_abbrev0:
 788 0000 01       		.uleb128 0x1
 789 0001 11       		.uleb128 0x11
 790 0002 01       		.byte	0x1
 791 0003 25       		.uleb128 0x25
 792 0004 0E       		.uleb128 0xe
 793 0005 13       		.uleb128 0x13
 794 0006 0B       		.uleb128 0xb
 795 0007 03       		.uleb128 0x3
 796 0008 0E       		.uleb128 0xe
 797 0009 1B       		.uleb128 0x1b
 798 000a 0E       		.uleb128 0xe
 799 000b 55       		.uleb128 0x55
 800 000c 17       		.uleb128 0x17
 801 000d 11       		.uleb128 0x11
 802 000e 01       		.uleb128 0x1
 803 000f 10       		.uleb128 0x10
 804 0010 17       		.uleb128 0x17
 805 0011 00       		.byte	0
 806 0012 00       		.byte	0
 807 0013 02       		.uleb128 0x2
 808 0014 24       		.uleb128 0x24
 809 0015 00       		.byte	0
 810 0016 0B       		.uleb128 0xb
 811 0017 0B       		.uleb128 0xb
 812 0018 3E       		.uleb128 0x3e
 813 0019 0B       		.uleb128 0xb
 814 001a 03       		.uleb128 0x3
 815 001b 08       		.uleb128 0x8
 816 001c 00       		.byte	0
 817 001d 00       		.byte	0
 818 001e 03       		.uleb128 0x3
 819 001f 16       		.uleb128 0x16
 820 0020 00       		.byte	0
 821 0021 03       		.uleb128 0x3
 822 0022 0E       		.uleb128 0xe
 823 0023 3A       		.uleb128 0x3a
 824 0024 0B       		.uleb128 0xb
 825 0025 3B       		.uleb128 0x3b
 826 0026 0B       		.uleb128 0xb
 827 0027 49       		.uleb128 0x49
 828 0028 13       		.uleb128 0x13
 829 0029 00       		.byte	0
 830 002a 00       		.byte	0
ARM GAS  C:\Users\jagumiel\AppData\Local\Temp\cc5B4tQn.s 			page 22


 831 002b 04       		.uleb128 0x4
 832 002c 24       		.uleb128 0x24
 833 002d 00       		.byte	0
 834 002e 0B       		.uleb128 0xb
 835 002f 0B       		.uleb128 0xb
 836 0030 3E       		.uleb128 0x3e
 837 0031 0B       		.uleb128 0xb
 838 0032 03       		.uleb128 0x3
 839 0033 0E       		.uleb128 0xe
 840 0034 00       		.byte	0
 841 0035 00       		.byte	0
 842 0036 05       		.uleb128 0x5
 843 0037 0F       		.uleb128 0xf
 844 0038 00       		.byte	0
 845 0039 0B       		.uleb128 0xb
 846 003a 0B       		.uleb128 0xb
 847 003b 00       		.byte	0
 848 003c 00       		.byte	0
 849 003d 06       		.uleb128 0x6
 850 003e 16       		.uleb128 0x16
 851 003f 00       		.byte	0
 852 0040 03       		.uleb128 0x3
 853 0041 0E       		.uleb128 0xe
 854 0042 3A       		.uleb128 0x3a
 855 0043 0B       		.uleb128 0xb
 856 0044 3B       		.uleb128 0x3b
 857 0045 05       		.uleb128 0x5
 858 0046 49       		.uleb128 0x49
 859 0047 13       		.uleb128 0x13
 860 0048 00       		.byte	0
 861 0049 00       		.byte	0
 862 004a 07       		.uleb128 0x7
 863 004b 35       		.uleb128 0x35
 864 004c 00       		.byte	0
 865 004d 49       		.uleb128 0x49
 866 004e 13       		.uleb128 0x13
 867 004f 00       		.byte	0
 868 0050 00       		.byte	0
 869 0051 08       		.uleb128 0x8
 870 0052 2E       		.uleb128 0x2e
 871 0053 00       		.byte	0
 872 0054 03       		.uleb128 0x3
 873 0055 0E       		.uleb128 0xe
 874 0056 3A       		.uleb128 0x3a
 875 0057 0B       		.uleb128 0xb
 876 0058 3B       		.uleb128 0x3b
 877 0059 0B       		.uleb128 0xb
 878 005a 27       		.uleb128 0x27
 879 005b 19       		.uleb128 0x19
 880 005c 11       		.uleb128 0x11
 881 005d 01       		.uleb128 0x1
 882 005e 12       		.uleb128 0x12
 883 005f 06       		.uleb128 0x6
 884 0060 40       		.uleb128 0x40
 885 0061 18       		.uleb128 0x18
 886 0062 9742     		.uleb128 0x2117
 887 0064 19       		.uleb128 0x19
ARM GAS  C:\Users\jagumiel\AppData\Local\Temp\cc5B4tQn.s 			page 23


 888 0065 00       		.byte	0
 889 0066 00       		.byte	0
 890 0067 09       		.uleb128 0x9
 891 0068 2E       		.uleb128 0x2e
 892 0069 01       		.byte	0x1
 893 006a 03       		.uleb128 0x3
 894 006b 0E       		.uleb128 0xe
 895 006c 3A       		.uleb128 0x3a
 896 006d 0B       		.uleb128 0xb
 897 006e 3B       		.uleb128 0x3b
 898 006f 0B       		.uleb128 0xb
 899 0070 27       		.uleb128 0x27
 900 0071 19       		.uleb128 0x19
 901 0072 11       		.uleb128 0x11
 902 0073 01       		.uleb128 0x1
 903 0074 12       		.uleb128 0x12
 904 0075 06       		.uleb128 0x6
 905 0076 40       		.uleb128 0x40
 906 0077 18       		.uleb128 0x18
 907 0078 9742     		.uleb128 0x2117
 908 007a 19       		.uleb128 0x19
 909 007b 01       		.uleb128 0x1
 910 007c 13       		.uleb128 0x13
 911 007d 00       		.byte	0
 912 007e 00       		.byte	0
 913 007f 0A       		.uleb128 0xa
 914 0080 05       		.uleb128 0x5
 915 0081 00       		.byte	0
 916 0082 03       		.uleb128 0x3
 917 0083 08       		.uleb128 0x8
 918 0084 3A       		.uleb128 0x3a
 919 0085 0B       		.uleb128 0xb
 920 0086 3B       		.uleb128 0x3b
 921 0087 0B       		.uleb128 0xb
 922 0088 49       		.uleb128 0x49
 923 0089 13       		.uleb128 0x13
 924 008a 02       		.uleb128 0x2
 925 008b 17       		.uleb128 0x17
 926 008c 00       		.byte	0
 927 008d 00       		.byte	0
 928 008e 0B       		.uleb128 0xb
 929 008f 898201   		.uleb128 0x4109
 930 0092 01       		.byte	0x1
 931 0093 11       		.uleb128 0x11
 932 0094 01       		.uleb128 0x1
 933 0095 31       		.uleb128 0x31
 934 0096 13       		.uleb128 0x13
 935 0097 00       		.byte	0
 936 0098 00       		.byte	0
 937 0099 0C       		.uleb128 0xc
 938 009a 8A8201   		.uleb128 0x410a
 939 009d 00       		.byte	0
 940 009e 02       		.uleb128 0x2
 941 009f 18       		.uleb128 0x18
 942 00a0 9142     		.uleb128 0x2111
 943 00a2 18       		.uleb128 0x18
 944 00a3 00       		.byte	0
ARM GAS  C:\Users\jagumiel\AppData\Local\Temp\cc5B4tQn.s 			page 24


 945 00a4 00       		.byte	0
 946 00a5 0D       		.uleb128 0xd
 947 00a6 898201   		.uleb128 0x4109
 948 00a9 00       		.byte	0
 949 00aa 11       		.uleb128 0x11
 950 00ab 01       		.uleb128 0x1
 951 00ac 31       		.uleb128 0x31
 952 00ad 13       		.uleb128 0x13
 953 00ae 00       		.byte	0
 954 00af 00       		.byte	0
 955 00b0 0E       		.uleb128 0xe
 956 00b1 898201   		.uleb128 0x4109
 957 00b4 01       		.byte	0x1
 958 00b5 11       		.uleb128 0x11
 959 00b6 01       		.uleb128 0x1
 960 00b7 31       		.uleb128 0x31
 961 00b8 13       		.uleb128 0x13
 962 00b9 01       		.uleb128 0x1
 963 00ba 13       		.uleb128 0x13
 964 00bb 00       		.byte	0
 965 00bc 00       		.byte	0
 966 00bd 0F       		.uleb128 0xf
 967 00be 2E       		.uleb128 0x2e
 968 00bf 01       		.byte	0x1
 969 00c0 3F       		.uleb128 0x3f
 970 00c1 19       		.uleb128 0x19
 971 00c2 03       		.uleb128 0x3
 972 00c3 0E       		.uleb128 0xe
 973 00c4 3A       		.uleb128 0x3a
 974 00c5 0B       		.uleb128 0xb
 975 00c6 3B       		.uleb128 0x3b
 976 00c7 05       		.uleb128 0x5
 977 00c8 27       		.uleb128 0x27
 978 00c9 19       		.uleb128 0x19
 979 00ca 11       		.uleb128 0x11
 980 00cb 01       		.uleb128 0x1
 981 00cc 12       		.uleb128 0x12
 982 00cd 06       		.uleb128 0x6
 983 00ce 40       		.uleb128 0x40
 984 00cf 18       		.uleb128 0x18
 985 00d0 9742     		.uleb128 0x2117
 986 00d2 19       		.uleb128 0x19
 987 00d3 01       		.uleb128 0x1
 988 00d4 13       		.uleb128 0x13
 989 00d5 00       		.byte	0
 990 00d6 00       		.byte	0
 991 00d7 10       		.uleb128 0x10
 992 00d8 0B       		.uleb128 0xb
 993 00d9 01       		.byte	0x1
 994 00da 11       		.uleb128 0x11
 995 00db 01       		.uleb128 0x1
 996 00dc 12       		.uleb128 0x12
 997 00dd 06       		.uleb128 0x6
 998 00de 01       		.uleb128 0x1
 999 00df 13       		.uleb128 0x13
 1000 00e0 00       		.byte	0
 1001 00e1 00       		.byte	0
ARM GAS  C:\Users\jagumiel\AppData\Local\Temp\cc5B4tQn.s 			page 25


 1002 00e2 11       		.uleb128 0x11
 1003 00e3 13       		.uleb128 0x13
 1004 00e4 01       		.byte	0x1
 1005 00e5 0B       		.uleb128 0xb
 1006 00e6 0B       		.uleb128 0xb
 1007 00e7 3A       		.uleb128 0x3a
 1008 00e8 0B       		.uleb128 0xb
 1009 00e9 3B       		.uleb128 0x3b
 1010 00ea 05       		.uleb128 0x5
 1011 00eb 01       		.uleb128 0x1
 1012 00ec 13       		.uleb128 0x13
 1013 00ed 00       		.byte	0
 1014 00ee 00       		.byte	0
 1015 00ef 12       		.uleb128 0x12
 1016 00f0 0D       		.uleb128 0xd
 1017 00f1 00       		.byte	0
 1018 00f2 03       		.uleb128 0x3
 1019 00f3 0E       		.uleb128 0xe
 1020 00f4 3A       		.uleb128 0x3a
 1021 00f5 0B       		.uleb128 0xb
 1022 00f6 3B       		.uleb128 0x3b
 1023 00f7 05       		.uleb128 0x5
 1024 00f8 49       		.uleb128 0x49
 1025 00f9 13       		.uleb128 0x13
 1026 00fa 38       		.uleb128 0x38
 1027 00fb 0B       		.uleb128 0xb
 1028 00fc 00       		.byte	0
 1029 00fd 00       		.byte	0
 1030 00fe 13       		.uleb128 0x13
 1031 00ff 01       		.uleb128 0x1
 1032 0100 01       		.byte	0x1
 1033 0101 49       		.uleb128 0x49
 1034 0102 13       		.uleb128 0x13
 1035 0103 01       		.uleb128 0x1
 1036 0104 13       		.uleb128 0x13
 1037 0105 00       		.byte	0
 1038 0106 00       		.byte	0
 1039 0107 14       		.uleb128 0x14
 1040 0108 21       		.uleb128 0x21
 1041 0109 00       		.byte	0
 1042 010a 49       		.uleb128 0x49
 1043 010b 13       		.uleb128 0x13
 1044 010c 2F       		.uleb128 0x2f
 1045 010d 0B       		.uleb128 0xb
 1046 010e 00       		.byte	0
 1047 010f 00       		.byte	0
 1048 0110 15       		.uleb128 0x15
 1049 0111 26       		.uleb128 0x26
 1050 0112 00       		.byte	0
 1051 0113 49       		.uleb128 0x49
 1052 0114 13       		.uleb128 0x13
 1053 0115 00       		.byte	0
 1054 0116 00       		.byte	0
 1055 0117 16       		.uleb128 0x16
 1056 0118 34       		.uleb128 0x34
 1057 0119 00       		.byte	0
 1058 011a 03       		.uleb128 0x3
ARM GAS  C:\Users\jagumiel\AppData\Local\Temp\cc5B4tQn.s 			page 26


 1059 011b 0E       		.uleb128 0xe
 1060 011c 3A       		.uleb128 0x3a
 1061 011d 0B       		.uleb128 0xb
 1062 011e 3B       		.uleb128 0x3b
 1063 011f 05       		.uleb128 0x5
 1064 0120 49       		.uleb128 0x49
 1065 0121 13       		.uleb128 0x13
 1066 0122 02       		.uleb128 0x2
 1067 0123 18       		.uleb128 0x18
 1068 0124 00       		.byte	0
 1069 0125 00       		.byte	0
 1070 0126 17       		.uleb128 0x17
 1071 0127 34       		.uleb128 0x34
 1072 0128 00       		.byte	0
 1073 0129 03       		.uleb128 0x3
 1074 012a 08       		.uleb128 0x8
 1075 012b 3A       		.uleb128 0x3a
 1076 012c 0B       		.uleb128 0xb
 1077 012d 3B       		.uleb128 0x3b
 1078 012e 05       		.uleb128 0x5
 1079 012f 49       		.uleb128 0x49
 1080 0130 13       		.uleb128 0x13
 1081 0131 02       		.uleb128 0x2
 1082 0132 17       		.uleb128 0x17
 1083 0133 00       		.byte	0
 1084 0134 00       		.byte	0
 1085 0135 18       		.uleb128 0x18
 1086 0136 0B       		.uleb128 0xb
 1087 0137 01       		.byte	0x1
 1088 0138 11       		.uleb128 0x11
 1089 0139 01       		.uleb128 0x1
 1090 013a 12       		.uleb128 0x12
 1091 013b 06       		.uleb128 0x6
 1092 013c 00       		.byte	0
 1093 013d 00       		.byte	0
 1094 013e 19       		.uleb128 0x19
 1095 013f 0F       		.uleb128 0xf
 1096 0140 00       		.byte	0
 1097 0141 0B       		.uleb128 0xb
 1098 0142 0B       		.uleb128 0xb
 1099 0143 49       		.uleb128 0x49
 1100 0144 13       		.uleb128 0x13
 1101 0145 00       		.byte	0
 1102 0146 00       		.byte	0
 1103 0147 1A       		.uleb128 0x1a
 1104 0148 2E       		.uleb128 0x2e
 1105 0149 00       		.byte	0
 1106 014a 3F       		.uleb128 0x3f
 1107 014b 19       		.uleb128 0x19
 1108 014c 3C       		.uleb128 0x3c
 1109 014d 19       		.uleb128 0x19
 1110 014e 6E       		.uleb128 0x6e
 1111 014f 0E       		.uleb128 0xe
 1112 0150 03       		.uleb128 0x3
 1113 0151 0E       		.uleb128 0xe
 1114 0152 00       		.byte	0
 1115 0153 00       		.byte	0
ARM GAS  C:\Users\jagumiel\AppData\Local\Temp\cc5B4tQn.s 			page 27


 1116 0154 1B       		.uleb128 0x1b
 1117 0155 2E       		.uleb128 0x2e
 1118 0156 00       		.byte	0
 1119 0157 3F       		.uleb128 0x3f
 1120 0158 19       		.uleb128 0x19
 1121 0159 3C       		.uleb128 0x3c
 1122 015a 19       		.uleb128 0x19
 1123 015b 6E       		.uleb128 0x6e
 1124 015c 0E       		.uleb128 0xe
 1125 015d 03       		.uleb128 0x3
 1126 015e 0E       		.uleb128 0xe
 1127 015f 3A       		.uleb128 0x3a
 1128 0160 0B       		.uleb128 0xb
 1129 0161 3B       		.uleb128 0x3b
 1130 0162 0B       		.uleb128 0xb
 1131 0163 00       		.byte	0
 1132 0164 00       		.byte	0
 1133 0165 00       		.byte	0
 1134              		.section	.debug_loc,"",%progbits
 1135              	.Ldebug_loc0:
 1136              	.LLST0:
 1137 0000 00000000 		.4byte	.LVL0
 1138 0004 09000000 		.4byte	.LVL2-1
 1139 0008 0100     		.2byte	0x1
 1140 000a 50       		.byte	0x50
 1141 000b 09000000 		.4byte	.LVL2-1
 1142 000f 0C000000 		.4byte	.LFE2
 1143 0013 0400     		.2byte	0x4
 1144 0015 F3       		.byte	0xf3
 1145 0016 01       		.uleb128 0x1
 1146 0017 50       		.byte	0x50
 1147 0018 9F       		.byte	0x9f
 1148 0019 00000000 		.4byte	0
 1149 001d 00000000 		.4byte	0
 1150              	.LLST1:
 1151 0021 00000000 		.4byte	.LVL0
 1152 0025 06000000 		.4byte	.LVL1
 1153 0029 0100     		.2byte	0x1
 1154 002b 51       		.byte	0x51
 1155 002c 06000000 		.4byte	.LVL1
 1156 0030 09000000 		.4byte	.LVL2-1
 1157 0034 0100     		.2byte	0x1
 1158 0036 52       		.byte	0x52
 1159 0037 09000000 		.4byte	.LVL2-1
 1160 003b 0C000000 		.4byte	.LFE2
 1161 003f 0400     		.2byte	0x4
 1162 0041 F3       		.byte	0xf3
 1163 0042 01       		.uleb128 0x1
 1164 0043 51       		.byte	0x51
 1165 0044 9F       		.byte	0x9f
 1166 0045 00000000 		.4byte	0
 1167 0049 00000000 		.4byte	0
 1168              	.LLST2:
 1169 004d 02010000 		.4byte	.LVL11
 1170 0051 06010000 		.4byte	.LVL12
 1171 0055 0200     		.2byte	0x2
 1172 0057 30       		.byte	0x30
ARM GAS  C:\Users\jagumiel\AppData\Local\Temp\cc5B4tQn.s 			page 28


 1173 0058 9F       		.byte	0x9f
 1174 0059 06010000 		.4byte	.LVL12
 1175 005d 24010000 		.4byte	.LVL14
 1176 0061 0100     		.2byte	0x1
 1177 0063 54       		.byte	0x54
 1178 0064 26010000 		.4byte	.LVL15
 1179 0068 7A010000 		.4byte	.LVL18
 1180 006c 0100     		.2byte	0x1
 1181 006e 54       		.byte	0x54
 1182 006f 00000000 		.4byte	0
 1183 0073 00000000 		.4byte	0
 1184              	.LLST3:
 1185 0077 06010000 		.4byte	.LVL12
 1186 007b 24010000 		.4byte	.LVL14
 1187 007f 0B00     		.2byte	0xb
 1188 0081 74       		.byte	0x74
 1189 0082 00       		.sleb128 0
 1190 0083 36       		.byte	0x36
 1191 0084 1E       		.byte	0x1e
 1192 0085 03       		.byte	0x3
 1193 0086 00000000 		.4byte	cfg_memset_list.4884
 1194 008a 22       		.byte	0x22
 1195 008b 9F       		.byte	0x9f
 1196 008c 24010000 		.4byte	.LVL14
 1197 0090 26010000 		.4byte	.LVL15
 1198 0094 0B00     		.2byte	0xb
 1199 0096 74       		.byte	0x74
 1200 0097 7F       		.sleb128 -1
 1201 0098 36       		.byte	0x36
 1202 0099 1E       		.byte	0x1e
 1203 009a 03       		.byte	0x3
 1204 009b 00000000 		.4byte	cfg_memset_list.4884
 1205 009f 22       		.byte	0x22
 1206 00a0 9F       		.byte	0x9f
 1207 00a1 00000000 		.4byte	0
 1208 00a5 00000000 		.4byte	0
 1209              		.section	.debug_aranges,"",%progbits
 1210 0000 34000000 		.4byte	0x34
 1211 0004 0200     		.2byte	0x2
 1212 0006 00000000 		.4byte	.Ldebug_info0
 1213 000a 04       		.byte	0x4
 1214 000b 00       		.byte	0
 1215 000c 0000     		.2byte	0
 1216 000e 0000     		.2byte	0
 1217 0010 00000000 		.4byte	.LFB6
 1218 0014 20000000 		.4byte	.LFE6-.LFB6
 1219 0018 00000000 		.4byte	.LFB2
 1220 001c 0C000000 		.4byte	.LFE2-.LFB2
 1221 0020 00000000 		.4byte	.LFB5
 1222 0024 F8000000 		.4byte	.LFE5-.LFB5
 1223 0028 F8000000 		.4byte	.LFB7
 1224 002c BC000000 		.4byte	.LFE7-.LFB7
 1225 0030 00000000 		.4byte	0
 1226 0034 00000000 		.4byte	0
 1227              		.section	.debug_ranges,"",%progbits
 1228              	.Ldebug_ranges0:
 1229 0000 00000000 		.4byte	.LFB6
ARM GAS  C:\Users\jagumiel\AppData\Local\Temp\cc5B4tQn.s 			page 29


 1230 0004 20000000 		.4byte	.LFE6
 1231 0008 00000000 		.4byte	.LFB2
 1232 000c 0C000000 		.4byte	.LFE2
 1233 0010 00000000 		.4byte	.LFB5
 1234 0014 F8000000 		.4byte	.LFE5
 1235 0018 F8000000 		.4byte	.LFB7
 1236 001c B4010000 		.4byte	.LFE7
 1237 0020 00000000 		.4byte	0
 1238 0024 00000000 		.4byte	0
 1239              		.section	.debug_line,"",%progbits
 1240              	.Ldebug_line0:
 1241 0000 61010000 		.section	.debug_str,"MS",%progbits,1
 1241      0200E300 
 1241      00000201 
 1241      FB0E0D00 
 1241      01010101 
 1242              	.LASF27:
 1243 0000 43794465 		.ascii	"CyDelayCycles\000"
 1243      6C617943 
 1243      79636C65 
 1243      7300
 1244              	.LASF19:
 1245 000e 72656733 		.ascii	"reg32\000"
 1245      3200
 1246              	.LASF12:
 1247 0014 73697A65 		.ascii	"size_t\000"
 1247      5F7400
 1248              	.LASF37:
 1249 001b 416E616C 		.ascii	"AnalogSetDefault\000"
 1249      6F675365 
 1249      74446566 
 1249      61756C74 
 1249      00
 1250              	.LASF36:
 1251 002c 443A5C55 		.ascii	"D:\\Users\\jagumiel\\Documents\\PSoC Creator\\PSoC-"
 1251      73657273 
 1251      5C6A6167 
 1251      756D6965 
 1251      6C5C446F 
 1252 005a 3130315C 		.ascii	"101\\PSoC-101\\TrainingProjects\\StepperMotorContro"
 1252      50536F43 
 1252      2D313031 
 1252      5C547261 
 1252      696E696E 
 1253 008a 6C2D496E 		.ascii	"l-Interrupt.cydsn\000"
 1253      74657272 
 1253      7570742E 
 1253      63796473 
 1253      6E00
 1254              	.LASF32:
 1255 009c 4379496E 		.ascii	"CyIntSetVector\000"
 1255      74536574 
 1255      56656374 
 1255      6F7200
 1256              	.LASF25:
 1257 00ab 6366675F 		.ascii	"cfg_memset_list\000"
 1257      6D656D73 
ARM GAS  C:\Users\jagumiel\AppData\Local\Temp\cc5B4tQn.s 			page 30


 1257      65745F6C 
 1257      69737400 
 1258              	.LASF21:
 1259 00bb 436C6F63 		.ascii	"ClockSetup\000"
 1259      6B536574 
 1259      757000
 1260              	.LASF6:
 1261 00c6 73686F72 		.ascii	"short unsigned int\000"
 1261      7420756E 
 1261      7369676E 
 1261      65642069 
 1261      6E7400
 1262              	.LASF16:
 1263 00d9 666C6F61 		.ascii	"float\000"
 1263      7400
 1264              	.LASF23:
 1265 00df 73697A65 		.ascii	"size\000"
 1265      00
 1266              	.LASF28:
 1267 00e4 43795379 		.ascii	"CySysClkWcoSetPowerMode\000"
 1267      73436C6B 
 1267      57636F53 
 1267      6574506F 
 1267      7765724D 
 1268              	.LASF18:
 1269 00fc 72656738 		.ascii	"reg8\000"
 1269      00
 1270              	.LASF8:
 1271 0101 6C6F6E67 		.ascii	"long unsigned int\000"
 1271      20756E73 
 1271      69676E65 
 1271      6420696E 
 1271      7400
 1272              	.LASF13:
 1273 0113 75696E74 		.ascii	"uint8\000"
 1273      3800
 1274              	.LASF26:
 1275 0119 43795379 		.ascii	"CySysClkWcoStart\000"
 1275      73436C6B 
 1275      57636F53 
 1275      74617274 
 1275      00
 1276              	.LASF20:
 1277 012a 43594D45 		.ascii	"CYMEMZERO\000"
 1277      4D5A4552 
 1277      4F00
 1278              	.LASF4:
 1279 0134 756E7369 		.ascii	"unsigned char\000"
 1279      676E6564 
 1279      20636861 
 1279      7200
 1280              	.LASF39:
 1281 0142 6D656D73 		.ascii	"memset\000"
 1281      657400
 1282              	.LASF17:
 1283 0149 646F7562 		.ascii	"double\000"
 1283      6C6500
ARM GAS  C:\Users\jagumiel\AppData\Local\Temp\cc5B4tQn.s 			page 31


 1284              	.LASF33:
 1285 0150 4379496E 		.ascii	"CyIntEnable\000"
 1285      74456E61 
 1285      626C6500 
 1286              	.LASF14:
 1287 015c 75696E74 		.ascii	"uint16\000"
 1287      313600
 1288              	.LASF15:
 1289 0163 75696E74 		.ascii	"uint32\000"
 1289      333200
 1290              	.LASF0:
 1291 016a 756E7369 		.ascii	"unsigned int\000"
 1291      676E6564 
 1291      20696E74 
 1291      00
 1292              	.LASF38:
 1293 0177 63796669 		.ascii	"cyfitter_cfg\000"
 1293      74746572 
 1293      5F636667 
 1293      00
 1294              	.LASF22:
 1295 0184 61646472 		.ascii	"address\000"
 1295      65737300 
 1296              	.LASF9:
 1297 018c 6C6F6E67 		.ascii	"long long unsigned int\000"
 1297      206C6F6E 
 1297      6720756E 
 1297      7369676E 
 1297      65642069 
 1298              	.LASF34:
 1299 01a3 474E5520 		.ascii	"GNU C11 5.4.1 20160609 (release) [ARM/embedded-5-br"
 1299      43313120 
 1299      352E342E 
 1299      31203230 
 1299      31363036 
 1300 01d6 616E6368 		.ascii	"anch revision 237715] -mcpu=cortex-m0 -mthumb -g -O"
 1300      20726576 
 1300      6973696F 
 1300      6E203233 
 1300      37373135 
 1301 0209 67202D66 		.ascii	"g -ffunction-sections -ffat-lto-objects\000"
 1301      66756E63 
 1301      74696F6E 
 1301      2D736563 
 1301      74696F6E 
 1302              	.LASF24:
 1303 0231 6366675F 		.ascii	"cfg_memset_t\000"
 1303      6D656D73 
 1303      65745F74 
 1303      00
 1304              	.LASF10:
 1305 023e 73697A65 		.ascii	"sizetype\000"
 1305      74797065 
 1305      00
 1306              	.LASF1:
 1307 0247 6C6F6E67 		.ascii	"long long int\000"
 1307      206C6F6E 
ARM GAS  C:\Users\jagumiel\AppData\Local\Temp\cc5B4tQn.s 			page 32


 1307      6720696E 
 1307      7400
 1308              	.LASF31:
 1309 0255 43794465 		.ascii	"CyDelayUs\000"
 1309      6C617955 
 1309      7300
 1310              	.LASF11:
 1311 025f 63686172 		.ascii	"char\000"
 1311      00
 1312              	.LASF30:
 1313 0264 43795379 		.ascii	"CySysClkEcoStart\000"
 1313      73436C6B 
 1313      45636F53 
 1313      74617274 
 1313      00
 1314              	.LASF5:
 1315 0275 73686F72 		.ascii	"short int\000"
 1315      7420696E 
 1315      7400
 1316              	.LASF29:
 1317 027f 43795379 		.ascii	"CySysClkWriteImoFreq\000"
 1317      73436C6B 
 1317      57726974 
 1317      65496D6F 
 1317      46726571 
 1318              	.LASF7:
 1319 0294 6C6F6E67 		.ascii	"long int\000"
 1319      20696E74 
 1319      00
 1320              	.LASF2:
 1321 029d 6C6F6E67 		.ascii	"long double\000"
 1321      20646F75 
 1321      626C6500 
 1322              	.LASF3:
 1323 02a9 7369676E 		.ascii	"signed char\000"
 1323      65642063 
 1323      68617200 
 1324              	.LASF35:
 1325 02b5 47656E65 		.ascii	"Generated_Source\\PSoC4\\cyfitter_cfg.c\000"
 1325      72617465 
 1325      645F536F 
 1325      75726365 
 1325      5C50536F 
 1326              		.ident	"GCC: (GNU Tools for ARM Embedded Processors) 5.4.1 20160609 (release) [ARM/embedded-5-bran
